[0.110s] Invoking command in '/home/team/SoftwareDevelopment/ROS2/skinny/build/power_distribution_panel': AMENT_PREFIX_PATH=/home/team/SoftwareDevelopment/ROS2/skinny/install/messages:${AMENT_PREFIX_PATH} CMAKE_PREFIX_PATH=/home/team/SoftwareDevelopment/ROS2/skinny/install/messages:${CMAKE_PREFIX_PATH} LD_LIBRARY_PATH=/home/team/SoftwareDevelopment/ROS2/skinny/install/messages/lib:${LD_LIBRARY_PATH} PYTHONPATH=/home/team/SoftwareDevelopment/ROS2/skinny/install/messages/lib/python3.8/site-packages:${PYTHONPATH} /usr/bin/cmake --build /home/team/SoftwareDevelopment/ROS2/skinny/build/power_distribution_panel -- -j4 -l4
[0.365s] [100%] Built target power_distribution_panel_node
[0.411s] Invoked command in '/home/team/SoftwareDevelopment/ROS2/skinny/build/power_distribution_panel' returned '0': AMENT_PREFIX_PATH=/home/team/SoftwareDevelopment/ROS2/skinny/install/messages:${AMENT_PREFIX_PATH} CMAKE_PREFIX_PATH=/home/team/SoftwareDevelopment/ROS2/skinny/install/messages:${CMAKE_PREFIX_PATH} LD_LIBRARY_PATH=/home/team/SoftwareDevelopment/ROS2/skinny/install/messages/lib:${LD_LIBRARY_PATH} PYTHONPATH=/home/team/SoftwareDevelopment/ROS2/skinny/install/messages/lib/python3.8/site-packages:${PYTHONPATH} /usr/bin/cmake --build /home/team/SoftwareDevelopment/ROS2/skinny/build/power_distribution_panel -- -j4 -l4
[0.560s] Invoking command in '/home/team/SoftwareDevelopment/ROS2/skinny/build/power_distribution_panel': AMENT_PREFIX_PATH=/home/team/SoftwareDevelopment/ROS2/skinny/install/messages:${AMENT_PREFIX_PATH} CMAKE_PREFIX_PATH=/home/team/SoftwareDevelopment/ROS2/skinny/install/messages:${CMAKE_PREFIX_PATH} LD_LIBRARY_PATH=/home/team/SoftwareDevelopment/ROS2/skinny/install/messages/lib:${LD_LIBRARY_PATH} PYTHONPATH=/home/team/SoftwareDevelopment/ROS2/skinny/install/messages/lib/python3.8/site-packages:${PYTHONPATH} /usr/bin/cmake --install /home/team/SoftwareDevelopment/ROS2/skinny/build/power_distribution_panel
[0.594s] -- Install configuration: ""
[0.597s] -- Up-to-date: /home/team/SoftwareDevelopment/ROS2/skinny/install/power_distribution_panel/share/ament_index/resource_index/package_run_dependencies/power_distribution_panel
[0.597s] -- Up-to-date: /home/team/SoftwareDevelopment/ROS2/skinny/install/power_distribution_panel/share/ament_index/resource_index/parent_prefix_path/power_distribution_panel
[0.598s] -- Up-to-date: /home/team/SoftwareDevelopment/ROS2/skinny/install/power_distribution_panel/share/power_distribution_panel/environment/ament_prefix_path.sh
[0.599s] -- Up-to-date: /home/team/SoftwareDevelopment/ROS2/skinny/install/power_distribution_panel/share/power_distribution_panel/environment/ament_prefix_path.dsv
[0.601s] -- Up-to-date: /home/team/SoftwareDevelopment/ROS2/skinny/install/power_distribution_panel/share/power_distribution_panel/environment/path.sh
[0.601s] -- Up-to-date: /home/team/SoftwareDevelopment/ROS2/skinny/install/power_distribution_panel/share/power_distribution_panel/environment/path.dsv
[0.602s] -- Up-to-date: /home/team/SoftwareDevelopment/ROS2/skinny/install/power_distribution_panel/share/power_distribution_panel/local_setup.bash
[0.603s] -- Up-to-date: /home/team/SoftwareDevelopment/ROS2/skinny/install/power_distribution_panel/share/power_distribution_panel/local_setup.sh
[0.604s] -- Up-to-date: /home/team/SoftwareDevelopment/ROS2/skinny/install/power_distribution_panel/share/power_distribution_panel/local_setup.zsh
[0.605s] -- Up-to-date: /home/team/SoftwareDevelopment/ROS2/skinny/install/power_distribution_panel/share/power_distribution_panel/local_setup.dsv
[0.606s] -- Installing: /home/team/SoftwareDevelopment/ROS2/skinny/install/power_distribution_panel/share/power_distribution_panel/package.dsv
[0.610s] -- Up-to-date: /home/team/SoftwareDevelopment/ROS2/skinny/install/power_distribution_panel/share/ament_index/resource_index/packages/power_distribution_panel
[0.612s] -- Up-to-date: /home/team/SoftwareDevelopment/ROS2/skinny/install/power_distribution_panel/share/power_distribution_panel/cmake/power_distribution_panelConfig.cmake
[0.613s] -- Up-to-date: /home/team/SoftwareDevelopment/ROS2/skinny/install/power_distribution_panel/share/power_distribution_panel/cmake/power_distribution_panelConfig-version.cmake
[0.613s] -- Up-to-date: /home/team/SoftwareDevelopment/ROS2/skinny/install/power_distribution_panel/share/power_distribution_panel/package.xml
[0.682s] Invoked command in '/home/team/SoftwareDevelopment/ROS2/skinny/build/power_distribution_panel' returned '0': AMENT_PREFIX_PATH=/home/team/SoftwareDevelopment/ROS2/skinny/install/messages:${AMENT_PREFIX_PATH} CMAKE_PREFIX_PATH=/home/team/SoftwareDevelopment/ROS2/skinny/install/messages:${CMAKE_PREFIX_PATH} LD_LIBRARY_PATH=/home/team/SoftwareDevelopment/ROS2/skinny/install/messages/lib:${LD_LIBRARY_PATH} PYTHONPATH=/home/team/SoftwareDevelopment/ROS2/skinny/install/messages/lib/python3.8/site-packages:${PYTHONPATH} /usr/bin/cmake --install /home/team/SoftwareDevelopment/ROS2/skinny/build/power_distribution_panel
