[0.093s] Invoking command in '/home/team/SoftwareDevelopment/ROS2/skinny/build/messages': CMAKE_PREFIX_PATH=${CMAKE_PREFIX_PATH}:/opt/ros/eloquent /usr/bin/cmake --build /home/team/SoftwareDevelopment/ROS2/skinny/build/messages -- -j4 -l4
[0.358s] [  1%] Built target messages__cpp
[0.374s] [ 12%] Built target messages__rosidl_generator_c
[0.501s] [ 24%] Built target messages__rosidl_typesupport_introspection_cpp
[0.502s] [ 36%] Built target messages__rosidl_typesupport_introspection_c
[0.532s] [ 48%] Built target messages__rosidl_typesupport_fastrtps_cpp
[0.670s] [ 60%] Built target messages__rosidl_typesupport_cpp
[0.676s] [ 72%] Built target messages__rosidl_typesupport_fastrtps_c
[0.808s] [ 83%] Built target messages__rosidl_typesupport_c
[0.899s] [ 83%] Built target messages
[0.989s] [ 84%] Built target messages__py
[1.139s] [ 95%] Built target messages__python
[1.272s] [100%] Built target messages__rosidl_typesupport_c__pyext
[1.273s] [100%] Built target messages__rosidl_typesupport_fastrtps_c__pyext
[1.320s] Invoked command in '/home/team/SoftwareDevelopment/ROS2/skinny/build/messages' returned '0': CMAKE_PREFIX_PATH=${CMAKE_PREFIX_PATH}:/opt/ros/eloquent /usr/bin/cmake --build /home/team/SoftwareDevelopment/ROS2/skinny/build/messages -- -j4 -l4
[2.182s] Invoking command in '/home/team/SoftwareDevelopment/ROS2/skinny/build/messages': CMAKE_PREFIX_PATH=${CMAKE_PREFIX_PATH}:/opt/ros/eloquent /usr/bin/cmake --build /home/team/SoftwareDevelopment/ROS2/skinny/build/messages --target install -- -j4 -l4
[2.416s] [  1%] Built target messages__cpp
[2.430s] [ 12%] Built target messages__rosidl_generator_c
[2.530s] [ 24%] Built target messages__rosidl_typesupport_introspection_cpp
[2.557s] [ 36%] Built target messages__rosidl_typesupport_fastrtps_cpp
[2.559s] [ 48%] Built target messages__rosidl_typesupport_introspection_c
[2.688s] [ 72%] Built target messages__rosidl_typesupport_fastrtps_c
[2.689s] [ 72%] Built target messages__rosidl_typesupport_cpp
[2.819s] [ 83%] Built target messages__rosidl_typesupport_c
[2.903s] [ 83%] Built target messages
[2.994s] [ 84%] Built target messages__py
[3.138s] [ 95%] Built target messages__python
[3.262s] [100%] Built target messages__rosidl_typesupport_fastrtps_c__pyext
[3.263s] [100%] Built target messages__rosidl_typesupport_c__pyext
[3.343s] [36mInstall the project...[0m
[3.381s] -- Install configuration: ""
[3.382s] -- Up-to-date: /home/team/SoftwareDevelopment/ROS2/skinny/install/messages/share/ament_index/resource_index/rosidl_interfaces/messages
[3.383s] -- Up-to-date: /home/team/SoftwareDevelopment/ROS2/skinny/install/messages/include/messages
[3.383s] -- Up-to-date: /home/team/SoftwareDevelopment/ROS2/skinny/install/messages/include/messages/msg
[3.385s] -- Up-to-date: /home/team/SoftwareDevelopment/ROS2/skinny/install/messages/include/messages/msg/victor_out__traits.hpp
[3.386s] -- Up-to-date: /home/team/SoftwareDevelopment/ROS2/skinny/install/messages/include/messages/msg/power__traits.hpp
[3.387s] -- Up-to-date: /home/team/SoftwareDevelopment/ROS2/skinny/install/messages/include/messages/msg/hat_state__struct.hpp
[3.388s] -- Up-to-date: /home/team/SoftwareDevelopment/ROS2/skinny/install/messages/include/messages/msg/power.hpp
[3.389s] -- Up-to-date: /home/team/SoftwareDevelopment/ROS2/skinny/install/messages/include/messages/msg/key_state.hpp
[3.389s] -- Up-to-date: /home/team/SoftwareDevelopment/ROS2/skinny/install/messages/include/messages/msg/talon_out.hpp
[3.390s] -- Up-to-date: /home/team/SoftwareDevelopment/ROS2/skinny/install/messages/include/messages/msg/key_state__traits.hpp
[3.391s] -- Up-to-date: /home/team/SoftwareDevelopment/ROS2/skinny/install/messages/include/messages/msg/camera.hpp
[3.392s] -- Up-to-date: /home/team/SoftwareDevelopment/ROS2/skinny/install/messages/include/messages/msg/camera__struct.hpp
[3.393s] -- Up-to-date: /home/team/SoftwareDevelopment/ROS2/skinny/install/messages/include/messages/msg/button_state__traits.hpp
[3.393s] -- Up-to-date: /home/team/SoftwareDevelopment/ROS2/skinny/install/messages/include/messages/msg/victor_out.hpp
[3.394s] -- Up-to-date: /home/team/SoftwareDevelopment/ROS2/skinny/install/messages/include/messages/msg/talon_out__struct.hpp
[3.395s] -- Up-to-date: /home/team/SoftwareDevelopment/ROS2/skinny/install/messages/include/messages/msg/power__struct.hpp
[3.395s] -- Up-to-date: /home/team/SoftwareDevelopment/ROS2/skinny/install/messages/include/messages/msg/hat_state__traits.hpp
[3.396s] -- Up-to-date: /home/team/SoftwareDevelopment/ROS2/skinny/install/messages/include/messages/msg/camera__traits.hpp
[3.397s] -- Up-to-date: /home/team/SoftwareDevelopment/ROS2/skinny/install/messages/include/messages/msg/talon_out__traits.hpp
[3.397s] -- Up-to-date: /home/team/SoftwareDevelopment/ROS2/skinny/install/messages/include/messages/msg/hat_state.hpp
[3.398s] -- Up-to-date: /home/team/SoftwareDevelopment/ROS2/skinny/install/messages/include/messages/msg/axis_state.hpp
[3.399s] -- Up-to-date: /home/team/SoftwareDevelopment/ROS2/skinny/install/messages/include/messages/msg/axis_state__traits.hpp
[3.400s] -- Up-to-date: /home/team/SoftwareDevelopment/ROS2/skinny/install/messages/include/messages/msg/axis_state__struct.hpp
[3.401s] -- Up-to-date: /home/team/SoftwareDevelopment/ROS2/skinny/install/messages/include/messages/msg/joystick_command__traits.hpp
[3.402s] -- Up-to-date: /home/team/SoftwareDevelopment/ROS2/skinny/install/messages/include/messages/msg/button_state__struct.hpp
[3.402s] -- Up-to-date: /home/team/SoftwareDevelopment/ROS2/skinny/install/messages/include/messages/msg/joystick_command.hpp
[3.403s] -- Up-to-date: /home/team/SoftwareDevelopment/ROS2/skinny/install/messages/include/messages/msg/joystick_command__struct.hpp
[3.404s] -- Up-to-date: /home/team/SoftwareDevelopment/ROS2/skinny/install/messages/include/messages/msg/button_state.hpp
[3.405s] -- Up-to-date: /home/team/SoftwareDevelopment/ROS2/skinny/install/messages/include/messages/msg/key_state__struct.hpp
[3.406s] -- Up-to-date: /home/team/SoftwareDevelopment/ROS2/skinny/install/messages/include/messages/msg/victor_out__struct.hpp
[3.407s] -- Up-to-date: /home/team/SoftwareDevelopment/ROS2/skinny/install/messages/include/messages
[3.407s] -- Up-to-date: /home/team/SoftwareDevelopment/ROS2/skinny/install/messages/include/messages/msg
[3.408s] -- Up-to-date: /home/team/SoftwareDevelopment/ROS2/skinny/install/messages/include/messages/msg/camera.h
[3.409s] -- Up-to-date: /home/team/SoftwareDevelopment/ROS2/skinny/install/messages/include/messages/msg/talon_out.h
[3.410s] -- Up-to-date: /home/team/SoftwareDevelopment/ROS2/skinny/install/messages/include/messages/msg/key_state__struct.h
[3.410s] -- Up-to-date: /home/team/SoftwareDevelopment/ROS2/skinny/install/messages/include/messages/msg/joystick_command.h
[3.411s] -- Up-to-date: /home/team/SoftwareDevelopment/ROS2/skinny/install/messages/include/messages/msg/hat_state__struct.h
[3.412s] -- Up-to-date: /home/team/SoftwareDevelopment/ROS2/skinny/install/messages/include/messages/msg/hat_state.h
[3.413s] -- Up-to-date: /home/team/SoftwareDevelopment/ROS2/skinny/install/messages/include/messages/msg/key_state.h
[3.413s] -- Up-to-date: /home/team/SoftwareDevelopment/ROS2/skinny/install/messages/include/messages/msg/button_state__type_support.h
[3.414s] -- Up-to-date: /home/team/SoftwareDevelopment/ROS2/skinny/install/messages/include/messages/msg/victor_out.h
[3.415s] -- Up-to-date: /home/team/SoftwareDevelopment/ROS2/skinny/install/messages/include/messages/msg/key_state__type_support.h
[3.416s] -- Up-to-date: /home/team/SoftwareDevelopment/ROS2/skinny/install/messages/include/messages/msg/talon_out__type_support.h
[3.416s] -- Up-to-date: /home/team/SoftwareDevelopment/ROS2/skinny/install/messages/include/messages/msg/power__struct.h
[3.417s] -- Up-to-date: /home/team/SoftwareDevelopment/ROS2/skinny/install/messages/include/messages/msg/rosidl_generator_c__visibility_control.h
[3.417s] -- Up-to-date: /home/team/SoftwareDevelopment/ROS2/skinny/install/messages/include/messages/msg/talon_out__struct.h
[3.418s] -- Up-to-date: /home/team/SoftwareDevelopment/ROS2/skinny/install/messages/include/messages/msg/talon_out__functions.c
[3.419s] -- Up-to-date: /home/team/SoftwareDevelopment/ROS2/skinny/install/messages/include/messages/msg/power__type_support.h
[3.419s] -- Up-to-date: /home/team/SoftwareDevelopment/ROS2/skinny/install/messages/include/messages/msg/hat_state__functions.h
[3.420s] -- Up-to-date: /home/team/SoftwareDevelopment/ROS2/skinny/install/messages/include/messages/msg/power__functions.c
[3.421s] -- Up-to-date: /home/team/SoftwareDevelopment/ROS2/skinny/install/messages/include/messages/msg/key_state__functions.c
[3.421s] -- Up-to-date: /home/team/SoftwareDevelopment/ROS2/skinny/install/messages/include/messages/msg/button_state__struct.h
[3.422s] -- Up-to-date: /home/team/SoftwareDevelopment/ROS2/skinny/install/messages/include/messages/msg/camera__functions.h
[3.423s] -- Up-to-date: /home/team/SoftwareDevelopment/ROS2/skinny/install/messages/include/messages/msg/victor_out__functions.h
[3.423s] -- Up-to-date: /home/team/SoftwareDevelopment/ROS2/skinny/install/messages/include/messages/msg/power__functions.h
[3.424s] -- Up-to-date: /home/team/SoftwareDevelopment/ROS2/skinny/install/messages/include/messages/msg/key_state__functions.h
[3.424s] -- Up-to-date: /home/team/SoftwareDevelopment/ROS2/skinny/install/messages/include/messages/msg/camera__struct.h
[3.425s] -- Up-to-date: /home/team/SoftwareDevelopment/ROS2/skinny/install/messages/include/messages/msg/camera__type_support.h
[3.426s] -- Up-to-date: /home/team/SoftwareDevelopment/ROS2/skinny/install/messages/include/messages/msg/axis_state__struct.h
[3.427s] -- Up-to-date: /home/team/SoftwareDevelopment/ROS2/skinny/install/messages/include/messages/msg/camera__functions.c
[3.427s] -- Up-to-date: /home/team/SoftwareDevelopment/ROS2/skinny/install/messages/include/messages/msg/victor_out__functions.c
[3.428s] -- Up-to-date: /home/team/SoftwareDevelopment/ROS2/skinny/install/messages/include/messages/msg/joystick_command__functions.c
[3.428s] -- Up-to-date: /home/team/SoftwareDevelopment/ROS2/skinny/install/messages/include/messages/msg/axis_state__functions.h
[3.429s] -- Up-to-date: /home/team/SoftwareDevelopment/ROS2/skinny/install/messages/include/messages/msg/hat_state__type_support.h
[3.430s] -- Up-to-date: /home/team/SoftwareDevelopment/ROS2/skinny/install/messages/include/messages/msg/victor_out__type_support.h
[3.430s] -- Up-to-date: /home/team/SoftwareDevelopment/ROS2/skinny/install/messages/include/messages/msg/talon_out__functions.h
[3.431s] -- Up-to-date: /home/team/SoftwareDevelopment/ROS2/skinny/install/messages/include/messages/msg/button_state.h
[3.431s] -- Up-to-date: /home/team/SoftwareDevelopment/ROS2/skinny/install/messages/include/messages/msg/axis_state__type_support.h
[3.432s] -- Up-to-date: /home/team/SoftwareDevelopment/ROS2/skinny/install/messages/include/messages/msg/hat_state__functions.c
[3.433s] -- Up-to-date: /home/team/SoftwareDevelopment/ROS2/skinny/install/messages/include/messages/msg/victor_out__struct.h
[3.433s] -- Up-to-date: /home/team/SoftwareDevelopment/ROS2/skinny/install/messages/include/messages/msg/joystick_command__struct.h
[3.434s] -- Up-to-date: /home/team/SoftwareDevelopment/ROS2/skinny/install/messages/include/messages/msg/button_state__functions.h
[3.435s] -- Up-to-date: /home/team/SoftwareDevelopment/ROS2/skinny/install/messages/include/messages/msg/joystick_command__type_support.h
[3.435s] -- Up-to-date: /home/team/SoftwareDevelopment/ROS2/skinny/install/messages/include/messages/msg/button_state__functions.c
[3.436s] -- Up-to-date: /home/team/SoftwareDevelopment/ROS2/skinny/install/messages/include/messages/msg/axis_state__functions.c
[3.436s] -- Up-to-date: /home/team/SoftwareDevelopment/ROS2/skinny/install/messages/include/messages/msg/axis_state.h
[3.437s] -- Up-to-date: /home/team/SoftwareDevelopment/ROS2/skinny/install/messages/include/messages/msg/joystick_command__functions.h
[3.438s] -- Up-to-date: /home/team/SoftwareDevelopment/ROS2/skinny/install/messages/include/messages/msg/power.h
[3.438s] -- Up-to-date: /home/team/SoftwareDevelopment/ROS2/skinny/install/messages/share/messages/environment/library_path.sh
[3.439s] -- Up-to-date: /home/team/SoftwareDevelopment/ROS2/skinny/install/messages/share/messages/environment/library_path.dsv
[3.439s] -- Up-to-date: /home/team/SoftwareDevelopment/ROS2/skinny/install/messages/lib/libmessages__rosidl_generator_c.so
[3.440s] -- Up-to-date: /home/team/SoftwareDevelopment/ROS2/skinny/install/messages/lib/libmessages__rosidl_typesupport_c.so
[3.440s] -- Up-to-date: /home/team/SoftwareDevelopment/ROS2/skinny/install/messages/lib/libmessages__rosidl_typesupport_cpp.so
[3.441s] -- Up-to-date: /home/team/SoftwareDevelopment/ROS2/skinny/install/messages/include/messages
[3.442s] -- Up-to-date: /home/team/SoftwareDevelopment/ROS2/skinny/install/messages/include/messages/msg
[3.442s] -- Up-to-date: /home/team/SoftwareDevelopment/ROS2/skinny/install/messages/include/messages/msg/key_state__type_support.c
[3.443s] -- Up-to-date: /home/team/SoftwareDevelopment/ROS2/skinny/install/messages/include/messages/msg/victor_out__rosidl_typesupport_introspection_c.h
[3.444s] -- Up-to-date: /home/team/SoftwareDevelopment/ROS2/skinny/install/messages/include/messages/msg/power__type_support.c
[3.444s] -- Up-to-date: /home/team/SoftwareDevelopment/ROS2/skinny/install/messages/include/messages/msg/power__rosidl_typesupport_introspection_c.h
[3.445s] -- Up-to-date: /home/team/SoftwareDevelopment/ROS2/skinny/install/messages/include/messages/msg/axis_state__type_support.c
[3.445s] -- Up-to-date: /home/team/SoftwareDevelopment/ROS2/skinny/install/messages/include/messages/msg/button_state__rosidl_typesupport_introspection_c.h
[3.446s] -- Up-to-date: /home/team/SoftwareDevelopment/ROS2/skinny/install/messages/include/messages/msg/talon_out__type_support.c
[3.447s] -- Up-to-date: /home/team/SoftwareDevelopment/ROS2/skinny/install/messages/include/messages/msg/button_state__type_support.c
[3.447s] -- Up-to-date: /home/team/SoftwareDevelopment/ROS2/skinny/install/messages/include/messages/msg/victor_out__type_support.c
[3.448s] -- Up-to-date: /home/team/SoftwareDevelopment/ROS2/skinny/install/messages/include/messages/msg/camera__rosidl_typesupport_introspection_c.h
[3.448s] -- Up-to-date: /home/team/SoftwareDevelopment/ROS2/skinny/install/messages/include/messages/msg/talon_out__rosidl_typesupport_introspection_c.h
[3.449s] -- Up-to-date: /home/team/SoftwareDevelopment/ROS2/skinny/install/messages/include/messages/msg/hat_state__rosidl_typesupport_introspection_c.h
[3.449s] -- Up-to-date: /home/team/SoftwareDevelopment/ROS2/skinny/install/messages/include/messages/msg/camera__type_support.c
[3.450s] -- Up-to-date: /home/team/SoftwareDevelopment/ROS2/skinny/install/messages/include/messages/msg/rosidl_typesupport_introspection_c__visibility_control.h
[3.451s] -- Up-to-date: /home/team/SoftwareDevelopment/ROS2/skinny/install/messages/include/messages/msg/key_state__rosidl_typesupport_introspection_c.h
[3.451s] -- Up-to-date: /home/team/SoftwareDevelopment/ROS2/skinny/install/messages/include/messages/msg/joystick_command__rosidl_typesupport_introspection_c.h
[3.452s] -- Up-to-date: /home/team/SoftwareDevelopment/ROS2/skinny/install/messages/include/messages/msg/joystick_command__type_support.c
[3.452s] -- Up-to-date: /home/team/SoftwareDevelopment/ROS2/skinny/install/messages/include/messages/msg/axis_state__rosidl_typesupport_introspection_c.h
[3.453s] -- Up-to-date: /home/team/SoftwareDevelopment/ROS2/skinny/install/messages/include/messages/msg/hat_state__type_support.c
[3.453s] -- Up-to-date: /home/team/SoftwareDevelopment/ROS2/skinny/install/messages/lib/libmessages__rosidl_typesupport_introspection_c.so
[3.454s] -- Up-to-date: /home/team/SoftwareDevelopment/ROS2/skinny/install/messages/include/messages
[3.454s] -- Up-to-date: /home/team/SoftwareDevelopment/ROS2/skinny/install/messages/include/messages/msg
[3.455s] -- Up-to-date: /home/team/SoftwareDevelopment/ROS2/skinny/install/messages/include/messages/msg/talon_out__type_support.cpp
[3.455s] -- Up-to-date: /home/team/SoftwareDevelopment/ROS2/skinny/install/messages/include/messages/msg/joystick_command__type_support.cpp
[3.456s] -- Up-to-date: /home/team/SoftwareDevelopment/ROS2/skinny/install/messages/include/messages/msg/power__rosidl_typesupport_introspection_cpp.hpp
[3.456s] -- Up-to-date: /home/team/SoftwareDevelopment/ROS2/skinny/install/messages/include/messages/msg/victor_out__rosidl_typesupport_introspection_cpp.hpp
[3.457s] -- Up-to-date: /home/team/SoftwareDevelopment/ROS2/skinny/install/messages/include/messages/msg/axis_state__rosidl_typesupport_introspection_cpp.hpp
[3.457s] -- Up-to-date: /home/team/SoftwareDevelopment/ROS2/skinny/install/messages/include/messages/msg/camera__type_support.cpp
[3.458s] -- Up-to-date: /home/team/SoftwareDevelopment/ROS2/skinny/install/messages/include/messages/msg/hat_state__rosidl_typesupport_introspection_cpp.hpp
[3.458s] -- Up-to-date: /home/team/SoftwareDevelopment/ROS2/skinny/install/messages/include/messages/msg/button_state__rosidl_typesupport_introspection_cpp.hpp
[3.459s] -- Up-to-date: /home/team/SoftwareDevelopment/ROS2/skinny/install/messages/include/messages/msg/button_state__type_support.cpp
[3.459s] -- Up-to-date: /home/team/SoftwareDevelopment/ROS2/skinny/install/messages/include/messages/msg/axis_state__type_support.cpp
[3.460s] -- Up-to-date: /home/team/SoftwareDevelopment/ROS2/skinny/install/messages/include/messages/msg/victor_out__type_support.cpp
[3.460s] -- Up-to-date: /home/team/SoftwareDevelopment/ROS2/skinny/install/messages/include/messages/msg/talon_out__rosidl_typesupport_introspection_cpp.hpp
[3.461s] -- Up-to-date: /home/team/SoftwareDevelopment/ROS2/skinny/install/messages/include/messages/msg/key_state__type_support.cpp
[3.461s] -- Up-to-date: /home/team/SoftwareDevelopment/ROS2/skinny/install/messages/include/messages/msg/hat_state__type_support.cpp
[3.462s] -- Up-to-date: /home/team/SoftwareDevelopment/ROS2/skinny/install/messages/include/messages/msg/power__type_support.cpp
[3.462s] -- Up-to-date: /home/team/SoftwareDevelopment/ROS2/skinny/install/messages/include/messages/msg/key_state__rosidl_typesupport_introspection_cpp.hpp
[3.463s] -- Up-to-date: /home/team/SoftwareDevelopment/ROS2/skinny/install/messages/include/messages/msg/joystick_command__rosidl_typesupport_introspection_cpp.hpp
[3.463s] -- Up-to-date: /home/team/SoftwareDevelopment/ROS2/skinny/install/messages/include/messages/msg/camera__rosidl_typesupport_introspection_cpp.hpp
[3.464s] -- Up-to-date: /home/team/SoftwareDevelopment/ROS2/skinny/install/messages/lib/libmessages__rosidl_typesupport_introspection_cpp.so
[3.464s] -- Up-to-date: /home/team/SoftwareDevelopment/ROS2/skinny/install/messages/include/messages
[3.464s] -- Up-to-date: /home/team/SoftwareDevelopment/ROS2/skinny/install/messages/include/messages/msg
[3.465s] -- Up-to-date: /home/team/SoftwareDevelopment/ROS2/skinny/install/messages/include/messages/msg/talon_out__rosidl_typesupport_fastrtps_c.h
[3.465s] -- Up-to-date: /home/team/SoftwareDevelopment/ROS2/skinny/install/messages/include/messages/msg/hat_state__rosidl_typesupport_fastrtps_c.h
[3.466s] -- Up-to-date: /home/team/SoftwareDevelopment/ROS2/skinny/install/messages/include/messages/msg/joystick_command__rosidl_typesupport_fastrtps_c.h
[3.467s] -- Up-to-date: /home/team/SoftwareDevelopment/ROS2/skinny/install/messages/include/messages/msg/camera__rosidl_typesupport_fastrtps_c.h
[3.467s] -- Up-to-date: /home/team/SoftwareDevelopment/ROS2/skinny/install/messages/include/messages/msg/button_state__rosidl_typesupport_fastrtps_c.h
[3.468s] -- Up-to-date: /home/team/SoftwareDevelopment/ROS2/skinny/install/messages/include/messages/msg/rosidl_typesupport_fastrtps_c__visibility_control.h
[3.468s] -- Up-to-date: /home/team/SoftwareDevelopment/ROS2/skinny/install/messages/include/messages/msg/victor_out__rosidl_typesupport_fastrtps_c.h
[3.469s] -- Up-to-date: /home/team/SoftwareDevelopment/ROS2/skinny/install/messages/include/messages/msg/power__rosidl_typesupport_fastrtps_c.h
[3.469s] -- Up-to-date: /home/team/SoftwareDevelopment/ROS2/skinny/install/messages/include/messages/msg/axis_state__rosidl_typesupport_fastrtps_c.h
[3.470s] -- Up-to-date: /home/team/SoftwareDevelopment/ROS2/skinny/install/messages/include/messages/msg/key_state__rosidl_typesupport_fastrtps_c.h
[3.470s] -- Up-to-date: /home/team/SoftwareDevelopment/ROS2/skinny/install/messages/lib/libmessages__rosidl_typesupport_fastrtps_c.so
[3.471s] -- Up-to-date: /home/team/SoftwareDevelopment/ROS2/skinny/install/messages/include/messages
[3.471s] -- Up-to-date: /home/team/SoftwareDevelopment/ROS2/skinny/install/messages/include/messages/msg
[3.472s] -- Up-to-date: /home/team/SoftwareDevelopment/ROS2/skinny/install/messages/include/messages/msg/power__rosidl_typesupport_fastrtps_cpp.hpp
[3.472s] -- Up-to-date: /home/team/SoftwareDevelopment/ROS2/skinny/install/messages/include/messages/msg/hat_state__rosidl_typesupport_fastrtps_cpp.hpp
[3.473s] -- Up-to-date: /home/team/SoftwareDevelopment/ROS2/skinny/install/messages/include/messages/msg/button_state__rosidl_typesupport_fastrtps_cpp.hpp
[3.473s] -- Up-to-date: /home/team/SoftwareDevelopment/ROS2/skinny/install/messages/include/messages/msg/axis_state__rosidl_typesupport_fastrtps_cpp.hpp
[3.474s] -- Up-to-date: /home/team/SoftwareDevelopment/ROS2/skinny/install/messages/include/messages/msg/camera__rosidl_typesupport_fastrtps_cpp.hpp
[3.474s] -- Up-to-date: /home/team/SoftwareDevelopment/ROS2/skinny/install/messages/include/messages/msg/talon_out__rosidl_typesupport_fastrtps_cpp.hpp
[3.475s] -- Up-to-date: /home/team/SoftwareDevelopment/ROS2/skinny/install/messages/include/messages/msg/rosidl_typesupport_fastrtps_cpp__visibility_control.h
[3.475s] -- Up-to-date: /home/team/SoftwareDevelopment/ROS2/skinny/install/messages/include/messages/msg/joystick_command__rosidl_typesupport_fastrtps_cpp.hpp
[3.476s] -- Up-to-date: /home/team/SoftwareDevelopment/ROS2/skinny/install/messages/include/messages/msg/dds_fastrtps
[3.476s] -- Up-to-date: /home/team/SoftwareDevelopment/ROS2/skinny/install/messages/include/messages/msg/key_state__rosidl_typesupport_fastrtps_cpp.hpp
[3.477s] -- Up-to-date: /home/team/SoftwareDevelopment/ROS2/skinny/install/messages/include/messages/msg/victor_out__rosidl_typesupport_fastrtps_cpp.hpp
[3.477s] -- Up-to-date: /home/team/SoftwareDevelopment/ROS2/skinny/install/messages/lib/libmessages__rosidl_typesupport_fastrtps_cpp.so
[3.478s] -- Up-to-date: /home/team/SoftwareDevelopment/ROS2/skinny/install/messages/share/messages/environment/pythonpath.sh
[3.478s] -- Up-to-date: /home/team/SoftwareDevelopment/ROS2/skinny/install/messages/share/messages/environment/pythonpath.dsv
[3.479s] -- Up-to-date: /home/team/SoftwareDevelopment/ROS2/skinny/install/messages/lib/python3.6/site-packages/messages/__init__.py
[3.607s] -- Up-to-date: /home/team/SoftwareDevelopment/ROS2/skinny/install/messages/lib/python3.6/site-packages/messages/msg
[3.608s] -- Up-to-date: /home/team/SoftwareDevelopment/ROS2/skinny/install/messages/lib/python3.6/site-packages/messages/msg/_hat_state.py
[3.609s] -- Up-to-date: /home/team/SoftwareDevelopment/ROS2/skinny/install/messages/lib/python3.6/site-packages/messages/msg/_power_s.c
[3.609s] -- Up-to-date: /home/team/SoftwareDevelopment/ROS2/skinny/install/messages/lib/python3.6/site-packages/messages/msg/_camera_s.c
[3.610s] -- Up-to-date: /home/team/SoftwareDevelopment/ROS2/skinny/install/messages/lib/python3.6/site-packages/messages/msg/__init__.py
[3.611s] -- Up-to-date: /home/team/SoftwareDevelopment/ROS2/skinny/install/messages/lib/python3.6/site-packages/messages/msg/_camera.py
[3.611s] -- Up-to-date: /home/team/SoftwareDevelopment/ROS2/skinny/install/messages/lib/python3.6/site-packages/messages/msg/_power.py
[3.611s] -- Up-to-date: /home/team/SoftwareDevelopment/ROS2/skinny/install/messages/lib/python3.6/site-packages/messages/msg/_hat_state_s.c
[3.612s] -- Up-to-date: /home/team/SoftwareDevelopment/ROS2/skinny/install/messages/lib/python3.6/site-packages/messages/msg/_talon_out.py
[3.612s] -- Up-to-date: /home/team/SoftwareDevelopment/ROS2/skinny/install/messages/lib/python3.6/site-packages/messages/msg/_victor_out_s.c
[3.613s] -- Up-to-date: /home/team/SoftwareDevelopment/ROS2/skinny/install/messages/lib/python3.6/site-packages/messages/msg/_joystick_command_s.c
[3.613s] -- Up-to-date: /home/team/SoftwareDevelopment/ROS2/skinny/install/messages/lib/python3.6/site-packages/messages/msg/_axis_state.py
[3.614s] -- Up-to-date: /home/team/SoftwareDevelopment/ROS2/skinny/install/messages/lib/python3.6/site-packages/messages/msg/_axis_state_s.c
[3.616s] -- Up-to-date: /home/team/SoftwareDevelopment/ROS2/skinny/install/messages/lib/python3.6/site-packages/messages/msg/_button_state.py
[3.617s] -- Up-to-date: /home/team/SoftwareDevelopment/ROS2/skinny/install/messages/lib/python3.6/site-packages/messages/msg/_victor_out.py
[3.618s] -- Up-to-date: /home/team/SoftwareDevelopment/ROS2/skinny/install/messages/lib/python3.6/site-packages/messages/msg/_key_state_s.c
[3.619s] -- Up-to-date: /home/team/SoftwareDevelopment/ROS2/skinny/install/messages/lib/python3.6/site-packages/messages/msg/_key_state.py
[3.620s] -- Up-to-date: /home/team/SoftwareDevelopment/ROS2/skinny/install/messages/lib/python3.6/site-packages/messages/msg/_talon_out_s.c
[3.621s] -- Up-to-date: /home/team/SoftwareDevelopment/ROS2/skinny/install/messages/lib/python3.6/site-packages/messages/msg/_button_state_s.c
[3.621s] -- Up-to-date: /home/team/SoftwareDevelopment/ROS2/skinny/install/messages/lib/python3.6/site-packages/messages/msg/_joystick_command.py
[3.622s] -- Up-to-date: /home/team/SoftwareDevelopment/ROS2/skinny/install/messages/lib/python3.6/site-packages/messages/messages_s__rosidl_typesupport_c.cpython-36m-aarch64-linux-gnu.so
[3.623s] -- Up-to-date: /home/team/SoftwareDevelopment/ROS2/skinny/install/messages/lib/python3.6/site-packages/messages/messages_s__rosidl_typesupport_fastrtps_c.cpython-36m-aarch64-linux-gnu.so
[3.624s] -- Up-to-date: /home/team/SoftwareDevelopment/ROS2/skinny/install/messages/lib/libmessages__python.so
[3.624s] -- Up-to-date: /home/team/SoftwareDevelopment/ROS2/skinny/install/messages/share/messages/msg/AxisState.idl
[3.625s] -- Up-to-date: /home/team/SoftwareDevelopment/ROS2/skinny/install/messages/share/messages/msg/Camera.idl
[3.626s] -- Up-to-date: /home/team/SoftwareDevelopment/ROS2/skinny/install/messages/share/messages/msg/JoystickCommand.idl
[3.627s] -- Up-to-date: /home/team/SoftwareDevelopment/ROS2/skinny/install/messages/share/messages/msg/Power.idl
[3.628s] -- Up-to-date: /home/team/SoftwareDevelopment/ROS2/skinny/install/messages/share/messages/msg/VictorOut.idl
[3.628s] -- Up-to-date: /home/team/SoftwareDevelopment/ROS2/skinny/install/messages/share/messages/msg/ButtonState.idl
[3.629s] -- Up-to-date: /home/team/SoftwareDevelopment/ROS2/skinny/install/messages/share/messages/msg/HatState.idl
[3.629s] -- Up-to-date: /home/team/SoftwareDevelopment/ROS2/skinny/install/messages/share/messages/msg/KeyState.idl
[3.630s] -- Up-to-date: /home/team/SoftwareDevelopment/ROS2/skinny/install/messages/share/messages/msg/TalonOut.idl
[3.631s] -- Up-to-date: /home/team/SoftwareDevelopment/ROS2/skinny/install/messages/share/messages/msg/AxisState.msg
[3.631s] -- Up-to-date: /home/team/SoftwareDevelopment/ROS2/skinny/install/messages/share/messages/msg/Camera.msg
[3.632s] -- Up-to-date: /home/team/SoftwareDevelopment/ROS2/skinny/install/messages/share/messages/msg/JoystickCommand.msg
[3.632s] -- Up-to-date: /home/team/SoftwareDevelopment/ROS2/skinny/install/messages/share/messages/msg/Power.msg
[3.633s] -- Up-to-date: /home/team/SoftwareDevelopment/ROS2/skinny/install/messages/share/messages/msg/VictorOut.msg
[3.634s] -- Up-to-date: /home/team/SoftwareDevelopment/ROS2/skinny/install/messages/share/messages/msg/ButtonState.msg
[3.634s] -- Up-to-date: /home/team/SoftwareDevelopment/ROS2/skinny/install/messages/share/messages/msg/HatState.msg
[3.635s] -- Up-to-date: /home/team/SoftwareDevelopment/ROS2/skinny/install/messages/share/messages/msg/KeyState.msg
[3.635s] -- Up-to-date: /home/team/SoftwareDevelopment/ROS2/skinny/install/messages/share/messages/msg/TalonOut.msg
[3.636s] -- Up-to-date: /home/team/SoftwareDevelopment/ROS2/skinny/install/messages/share/ament_index/resource_index/package_run_dependencies/messages
[3.636s] -- Up-to-date: /home/team/SoftwareDevelopment/ROS2/skinny/install/messages/share/ament_index/resource_index/parent_prefix_path/messages
[3.637s] -- Up-to-date: /home/team/SoftwareDevelopment/ROS2/skinny/install/messages/share/messages/environment/ament_prefix_path.sh
[3.638s] -- Up-to-date: /home/team/SoftwareDevelopment/ROS2/skinny/install/messages/share/messages/environment/ament_prefix_path.dsv
[3.638s] -- Up-to-date: /home/team/SoftwareDevelopment/ROS2/skinny/install/messages/share/messages/environment/path.sh
[3.639s] -- Up-to-date: /home/team/SoftwareDevelopment/ROS2/skinny/install/messages/share/messages/environment/path.dsv
[3.640s] -- Up-to-date: /home/team/SoftwareDevelopment/ROS2/skinny/install/messages/share/messages/local_setup.bash
[3.641s] -- Up-to-date: /home/team/SoftwareDevelopment/ROS2/skinny/install/messages/share/messages/local_setup.sh
[3.642s] -- Up-to-date: /home/team/SoftwareDevelopment/ROS2/skinny/install/messages/share/messages/local_setup.zsh
[3.648s] -- Up-to-date: /home/team/SoftwareDevelopment/ROS2/skinny/install/messages/share/messages/local_setup.dsv
[3.649s] -- Installing: /home/team/SoftwareDevelopment/ROS2/skinny/install/messages/share/messages/package.dsv
[3.650s] -- Up-to-date: /home/team/SoftwareDevelopment/ROS2/skinny/install/messages/share/ament_index/resource_index/packages/messages
[3.651s] -- Up-to-date: /home/team/SoftwareDevelopment/ROS2/skinny/install/messages/share/messages/cmake/rosidl_cmake-extras.cmake
[3.651s] -- Up-to-date: /home/team/SoftwareDevelopment/ROS2/skinny/install/messages/share/messages/cmake/ament_cmake_export_dependencies-extras.cmake
[3.652s] -- Up-to-date: /home/team/SoftwareDevelopment/ROS2/skinny/install/messages/share/messages/cmake/ament_cmake_export_include_directories-extras.cmake
[3.653s] -- Up-to-date: /home/team/SoftwareDevelopment/ROS2/skinny/install/messages/share/messages/cmake/ament_cmake_export_libraries-extras.cmake
[3.654s] -- Up-to-date: /home/team/SoftwareDevelopment/ROS2/skinny/install/messages/share/messages/cmake/messagesConfig.cmake
[3.654s] -- Up-to-date: /home/team/SoftwareDevelopment/ROS2/skinny/install/messages/share/messages/cmake/messagesConfig-version.cmake
[3.655s] -- Up-to-date: /home/team/SoftwareDevelopment/ROS2/skinny/install/messages/share/messages/package.xml
[3.656s] Invoked command in '/home/team/SoftwareDevelopment/ROS2/skinny/build/messages' returned '0': CMAKE_PREFIX_PATH=${CMAKE_PREFIX_PATH}:/opt/ros/eloquent /usr/bin/cmake --build /home/team/SoftwareDevelopment/ROS2/skinny/build/messages --target install -- -j4 -l4
