[0.117s] Invoking command in '/home/team/SoftwareDevelopment/ROS2/skinny/build/autonomy': AMENT_PREFIX_PATH=/home/team/SoftwareDevelopment/ROS2/skinny/install/messages:${AMENT_PREFIX_PATH} CMAKE_PREFIX_PATH=/home/team/SoftwareDevelopment/ROS2/skinny/install/messages:/opt/ros/eloquent LD_LIBRARY_PATH=/home/team/SoftwareDevelopment/ROS2/skinny/install/messages/lib:${LD_LIBRARY_PATH} PYTHONPATH=/home/team/SoftwareDevelopment/ROS2/skinny/install/messages/lib/python3.6/site-packages:${PYTHONPATH} /usr/bin/cmake --build /home/team/SoftwareDevelopment/ROS2/skinny/build/autonomy -- -j4 -l4
[0.359s] [100%] Built target autonomy_node
[0.411s] Invoked command in '/home/team/SoftwareDevelopment/ROS2/skinny/build/autonomy' returned '0': AMENT_PREFIX_PATH=/home/team/SoftwareDevelopment/ROS2/skinny/install/messages:${AMENT_PREFIX_PATH} CMAKE_PREFIX_PATH=/home/team/SoftwareDevelopment/ROS2/skinny/install/messages:/opt/ros/eloquent LD_LIBRARY_PATH=/home/team/SoftwareDevelopment/ROS2/skinny/install/messages/lib:${LD_LIBRARY_PATH} PYTHONPATH=/home/team/SoftwareDevelopment/ROS2/skinny/install/messages/lib/python3.6/site-packages:${PYTHONPATH} /usr/bin/cmake --build /home/team/SoftwareDevelopment/ROS2/skinny/build/autonomy -- -j4 -l4
[0.569s] Invoking command in '/home/team/SoftwareDevelopment/ROS2/skinny/build/autonomy': AMENT_PREFIX_PATH=/home/team/SoftwareDevelopment/ROS2/skinny/install/messages:${AMENT_PREFIX_PATH} CMAKE_PREFIX_PATH=/home/team/SoftwareDevelopment/ROS2/skinny/install/messages:/opt/ros/eloquent LD_LIBRARY_PATH=/home/team/SoftwareDevelopment/ROS2/skinny/install/messages/lib:${LD_LIBRARY_PATH} PYTHONPATH=/home/team/SoftwareDevelopment/ROS2/skinny/install/messages/lib/python3.6/site-packages:${PYTHONPATH} /usr/bin/cmake --build /home/team/SoftwareDevelopment/ROS2/skinny/build/autonomy --target install -- -j4 -l4
[0.855s] [100%] Built target autonomy_node
[0.933s] [36mInstall the project...[0m
[0.974s] -- Install configuration: ""
[0.975s] -- Up-to-date: /home/team/SoftwareDevelopment/ROS2/skinny/install/autonomy/lib/autonomy/autonomy_node
[0.977s] -- Up-to-date: /home/team/SoftwareDevelopment/ROS2/skinny/install/autonomy/share/ament_index/resource_index/package_run_dependencies/autonomy
[0.978s] -- Up-to-date: /home/team/SoftwareDevelopment/ROS2/skinny/install/autonomy/share/ament_index/resource_index/parent_prefix_path/autonomy
[0.984s] -- Up-to-date: /home/team/SoftwareDevelopment/ROS2/skinny/install/autonomy/share/autonomy/environment/ament_prefix_path.sh
[0.986s] -- Up-to-date: /home/team/SoftwareDevelopment/ROS2/skinny/install/autonomy/share/autonomy/environment/ament_prefix_path.dsv
[0.987s] -- Up-to-date: /home/team/SoftwareDevelopment/ROS2/skinny/install/autonomy/share/autonomy/environment/path.sh
[0.988s] -- Up-to-date: /home/team/SoftwareDevelopment/ROS2/skinny/install/autonomy/share/autonomy/environment/path.dsv
[0.989s] -- Up-to-date: /home/team/SoftwareDevelopment/ROS2/skinny/install/autonomy/share/autonomy/local_setup.bash
[0.990s] -- Up-to-date: /home/team/SoftwareDevelopment/ROS2/skinny/install/autonomy/share/autonomy/local_setup.sh
[0.992s] -- Up-to-date: /home/team/SoftwareDevelopment/ROS2/skinny/install/autonomy/share/autonomy/local_setup.zsh
[0.993s] -- Up-to-date: /home/team/SoftwareDevelopment/ROS2/skinny/install/autonomy/share/autonomy/local_setup.dsv
[0.994s] -- Up-to-date: /home/team/SoftwareDevelopment/ROS2/skinny/install/autonomy/share/autonomy/package.dsv
[0.996s] -- Up-to-date: /home/team/SoftwareDevelopment/ROS2/skinny/install/autonomy/share/ament_index/resource_index/packages/autonomy
[0.996s] -- Up-to-date: /home/team/SoftwareDevelopment/ROS2/skinny/install/autonomy/share/autonomy/cmake/autonomyConfig.cmake
[0.999s] -- Up-to-date: /home/team/SoftwareDevelopment/ROS2/skinny/install/autonomy/share/autonomy/cmake/autonomyConfig-version.cmake
[1.001s] -- Up-to-date: /home/team/SoftwareDevelopment/ROS2/skinny/install/autonomy/share/autonomy/package.xml
[1.052s] Invoked command in '/home/team/SoftwareDevelopment/ROS2/skinny/build/autonomy' returned '0': AMENT_PREFIX_PATH=/home/team/SoftwareDevelopment/ROS2/skinny/install/messages:${AMENT_PREFIX_PATH} CMAKE_PREFIX_PATH=/home/team/SoftwareDevelopment/ROS2/skinny/install/messages:/opt/ros/eloquent LD_LIBRARY_PATH=/home/team/SoftwareDevelopment/ROS2/skinny/install/messages/lib:${LD_LIBRARY_PATH} PYTHONPATH=/home/team/SoftwareDevelopment/ROS2/skinny/install/messages/lib/python3.6/site-packages:${PYTHONPATH} /usr/bin/cmake --build /home/team/SoftwareDevelopment/ROS2/skinny/build/autonomy --target install -- -j4 -l4
