Determining if the pthread_create exist failed with the following output:
Change Dir: /home/team/SoftwareDevelopment/C++/positionalTracking/cpp/build/CMakeFiles/CMakeTmp

Run Build Command:"/usr/bin/make" "cmTC_2105c/fast"
/usr/bin/make -f CMakeFiles/cmTC_2105c.dir/build.make CMakeFiles/cmTC_2105c.dir/build
make[1]: Entering directory '/home/team/SoftwareDevelopment/C++/positionalTracking/cpp/build/CMakeFiles/CMakeTmp'
Building C object CMakeFiles/cmTC_2105c.dir/CheckSymbolExists.c.o
/usr/bin/cc    -o CMakeFiles/cmTC_2105c.dir/CheckSymbolExists.c.o   -c /home/team/SoftwareDevelopment/C++/positionalTracking/cpp/build/CMakeFiles/CMakeTmp/CheckSymbolExists.c
Linking C executable cmTC_2105c
/usr/bin/cmake -E cmake_link_script CMakeFiles/cmTC_2105c.dir/link.txt --verbose=1
/usr/bin/cc      -rdynamic CMakeFiles/cmTC_2105c.dir/CheckSymbolExists.c.o  -o cmTC_2105c 
CMakeFiles/cmTC_2105c.dir/CheckSymbolExists.c.o: In function `main':
CheckSymbolExists.c:(.text+0x14): undefined reference to `pthread_create'
CheckSymbolExists.c:(.text+0x18): undefined reference to `pthread_create'
collect2: error: ld returned 1 exit status
CMakeFiles/cmTC_2105c.dir/build.make:97: recipe for target 'cmTC_2105c' failed
make[1]: *** [cmTC_2105c] Error 1
make[1]: Leaving directory '/home/team/SoftwareDevelopment/C++/positionalTracking/cpp/build/CMakeFiles/CMakeTmp'
Makefile:126: recipe for target 'cmTC_2105c/fast' failed
make: *** [cmTC_2105c/fast] Error 2

File /home/team/SoftwareDevelopment/C++/positionalTracking/cpp/build/CMakeFiles/CMakeTmp/CheckSymbolExists.c:
/* */
#include <pthread.h>

int main(int argc, char** argv)
{
  (void)argv;
#ifndef pthread_create
  return ((int*)(&pthread_create))[argc];
#else
  (void)argc;
  return 0;
#endif
}

Determining if the function pthread_create exists in the pthreads failed with the following output:
Change Dir: /home/team/SoftwareDevelopment/C++/positionalTracking/cpp/build/CMakeFiles/CMakeTmp

Run Build Command:"/usr/bin/make" "cmTC_dca44/fast"
/usr/bin/make -f CMakeFiles/cmTC_dca44.dir/build.make CMakeFiles/cmTC_dca44.dir/build
make[1]: Entering directory '/home/team/SoftwareDevelopment/C++/positionalTracking/cpp/build/CMakeFiles/CMakeTmp'
Building C object CMakeFiles/cmTC_dca44.dir/CheckFunctionExists.c.o
/usr/bin/cc   -DCHECK_FUNCTION_EXISTS=pthread_create   -o CMakeFiles/cmTC_dca44.dir/CheckFunctionExists.c.o   -c /usr/share/cmake-3.10/Modules/CheckFunctionExists.c
Linking C executable cmTC_dca44
/usr/bin/cmake -E cmake_link_script CMakeFiles/cmTC_dca44.dir/link.txt --verbose=1
/usr/bin/cc  -DCHECK_FUNCTION_EXISTS=pthread_create    -rdynamic CMakeFiles/cmTC_dca44.dir/CheckFunctionExists.c.o  -o cmTC_dca44 -lpthreads 
/usr/bin/ld: cannot find -lpthreads
collect2: error: ld returned 1 exit status
CMakeFiles/cmTC_dca44.dir/build.make:97: recipe for target 'cmTC_dca44' failed
make[1]: *** [cmTC_dca44] Error 1
make[1]: Leaving directory '/home/team/SoftwareDevelopment/C++/positionalTracking/cpp/build/CMakeFiles/CMakeTmp'
Makefile:126: recipe for target 'cmTC_dca44/fast' failed
make: *** [cmTC_dca44/fast] Error 2


