[0.118s] Invoking command in '/home/team/SoftwareDevelopment/ROS2/skinny/src/build/logic': CMAKE_PREFIX_PATH=/home/team/SoftwareDevelopment/ROS2/skinny/src/install/messages:/home/team/SoftwareDevelopment/ROS2/skinny/src/install/zed_tracking:/home/team/SoftwareDevelopment/ROS2/skinny/src/install/talon:/home/team/SoftwareDevelopment/ROS2/skinny/src/install/power_distribution_panel:/home/team/SoftwareDevelopment/ROS2/skinny/src/install/logic:/home/team/SoftwareDevelopment/ROS2/skinny/src/install/communication:/home/team/SoftwareDevelopment/ROS2/skinny/src/install/autonomy:/home/team/SoftwareDevelopment/ROS2/skinny/src/install/excavation:/opt/ros/eloquent /usr/bin/cmake --build /home/team/SoftwareDevelopment/ROS2/skinny/src/build/logic -- -j4 -l4
[0.304s] [35m[1mScanning dependencies of target logic_node[0m
[0.434s] [ 50%] [32mBuilding CXX object CMakeFiles/logic_node.dir/src/logic_node.cpp.o[0m
[25.603s] [100%] [32m[1mLinking CXX executable logic_node[0m
[27.101s] [100%] Built target logic_node
[27.155s] Invoked command in '/home/team/SoftwareDevelopment/ROS2/skinny/src/build/logic' returned '0': CMAKE_PREFIX_PATH=/home/team/SoftwareDevelopment/ROS2/skinny/src/install/messages:/home/team/SoftwareDevelopment/ROS2/skinny/src/install/zed_tracking:/home/team/SoftwareDevelopment/ROS2/skinny/src/install/talon:/home/team/SoftwareDevelopment/ROS2/skinny/src/install/power_distribution_panel:/home/team/SoftwareDevelopment/ROS2/skinny/src/install/logic:/home/team/SoftwareDevelopment/ROS2/skinny/src/install/communication:/home/team/SoftwareDevelopment/ROS2/skinny/src/install/autonomy:/home/team/SoftwareDevelopment/ROS2/skinny/src/install/excavation:/opt/ros/eloquent /usr/bin/cmake --build /home/team/SoftwareDevelopment/ROS2/skinny/src/build/logic -- -j4 -l4
[27.287s] Invoking command in '/home/team/SoftwareDevelopment/ROS2/skinny/src/build/logic': CMAKE_PREFIX_PATH=/home/team/SoftwareDevelopment/ROS2/skinny/src/install/messages:/home/team/SoftwareDevelopment/ROS2/skinny/src/install/zed_tracking:/home/team/SoftwareDevelopment/ROS2/skinny/src/install/talon:/home/team/SoftwareDevelopment/ROS2/skinny/src/install/power_distribution_panel:/home/team/SoftwareDevelopment/ROS2/skinny/src/install/logic:/home/team/SoftwareDevelopment/ROS2/skinny/src/install/communication:/home/team/SoftwareDevelopment/ROS2/skinny/src/install/autonomy:/home/team/SoftwareDevelopment/ROS2/skinny/src/install/excavation:/opt/ros/eloquent /usr/bin/cmake --build /home/team/SoftwareDevelopment/ROS2/skinny/src/build/logic --target install -- -j4 -l4
[27.567s] [100%] Built target logic_node
[27.651s] [36mInstall the project...[0m
[27.692s] -- Install configuration: ""
[27.697s] -- Installing: /home/team/SoftwareDevelopment/ROS2/skinny/src/install/logic/lib/logic/logic_node
[27.709s] -- Set runtime path of "/home/team/SoftwareDevelopment/ROS2/skinny/src/install/logic/lib/logic/logic_node" to ""
[27.711s] -- Up-to-date: /home/team/SoftwareDevelopment/ROS2/skinny/src/install/logic/share/ament_index/resource_index/package_run_dependencies/logic
[27.713s] -- Up-to-date: /home/team/SoftwareDevelopment/ROS2/skinny/src/install/logic/share/ament_index/resource_index/parent_prefix_path/logic
[27.715s] -- Up-to-date: /home/team/SoftwareDevelopment/ROS2/skinny/src/install/logic/share/logic/environment/ament_prefix_path.sh
[27.716s] -- Up-to-date: /home/team/SoftwareDevelopment/ROS2/skinny/src/install/logic/share/logic/environment/ament_prefix_path.dsv
[27.718s] -- Up-to-date: /home/team/SoftwareDevelopment/ROS2/skinny/src/install/logic/share/logic/environment/path.sh
[27.720s] -- Up-to-date: /home/team/SoftwareDevelopment/ROS2/skinny/src/install/logic/share/logic/environment/path.dsv
[27.721s] -- Up-to-date: /home/team/SoftwareDevelopment/ROS2/skinny/src/install/logic/share/logic/local_setup.bash
[27.723s] -- Up-to-date: /home/team/SoftwareDevelopment/ROS2/skinny/src/install/logic/share/logic/local_setup.sh
[27.725s] -- Up-to-date: /home/team/SoftwareDevelopment/ROS2/skinny/src/install/logic/share/logic/local_setup.zsh
[27.726s] -- Up-to-date: /home/team/SoftwareDevelopment/ROS2/skinny/src/install/logic/share/logic/local_setup.dsv
[27.728s] -- Installing: /home/team/SoftwareDevelopment/ROS2/skinny/src/install/logic/share/logic/package.dsv
[27.731s] -- Up-to-date: /home/team/SoftwareDevelopment/ROS2/skinny/src/install/logic/share/ament_index/resource_index/packages/logic
[27.733s] -- Up-to-date: /home/team/SoftwareDevelopment/ROS2/skinny/src/install/logic/share/logic/cmake/logicConfig.cmake
[27.734s] -- Up-to-date: /home/team/SoftwareDevelopment/ROS2/skinny/src/install/logic/share/logic/cmake/logicConfig-version.cmake
[27.736s] -- Up-to-date: /home/team/SoftwareDevelopment/ROS2/skinny/src/install/logic/share/logic/package.xml
[27.759s] Invoked command in '/home/team/SoftwareDevelopment/ROS2/skinny/src/build/logic' returned '0': CMAKE_PREFIX_PATH=/home/team/SoftwareDevelopment/ROS2/skinny/src/install/messages:/home/team/SoftwareDevelopment/ROS2/skinny/src/install/zed_tracking:/home/team/SoftwareDevelopment/ROS2/skinny/src/install/talon:/home/team/SoftwareDevelopment/ROS2/skinny/src/install/power_distribution_panel:/home/team/SoftwareDevelopment/ROS2/skinny/src/install/logic:/home/team/SoftwareDevelopment/ROS2/skinny/src/install/communication:/home/team/SoftwareDevelopment/ROS2/skinny/src/install/autonomy:/home/team/SoftwareDevelopment/ROS2/skinny/src/install/excavation:/opt/ros/eloquent /usr/bin/cmake --build /home/team/SoftwareDevelopment/ROS2/skinny/src/build/logic --target install -- -j4 -l4
