[01m[K/home/team/SoftwareDevelopment/ROS2/skinny/src/logic/src/logic_node.cpp:32:6:[m[K [01;31m[Kerror: [m[K‘[01m[Kshared_prt[m[K’ in namespace ‘[01m[Kstd[m[K’ does not name a template type
 std::[01;31m[Kshared_prt[m[K<rclcpp::Publisher<std_msgs::msg::Float32_<std::allocator<void> >, std::allocator<void> > > excavationElevationPublisher;
      [01;31m[K^~~~~~~~~~[m[K
[01m[K/home/team/SoftwareDevelopment/ROS2/skinny/src/logic/src/logic_node.cpp:[m[K In function ‘[01m[Kvoid joystickButtonCallback(messages::msg::ButtonState_<std::allocator<void> >::SharedPtr)[m[K’:
[01m[K/home/team/SoftwareDevelopment/ROS2/skinny/src/logic/src/logic_node.cpp:119:13:[m[K [01;31m[Kerror: [m[K‘[01m[KexcavationElevationPublisher[m[K’ was not declared in this scope
             [01;31m[KexcavationElevationPublisher[m[K->publish(excavationElevation);
             [01;31m[K^~~~~~~~~~~~~~~~~~~~~~~~~~~~[m[K
[01m[K/home/team/SoftwareDevelopment/ROS2/skinny/src/logic/src/logic_node.cpp:119:13:[m[K [01;36m[Knote: [m[Ksuggested alternative: ‘[01m[KexcavationElevation[m[K’
             [01;36m[KexcavationElevationPublisher[m[K->publish(excavationElevation);
             [01;36m[K^~~~~~~~~~~~~~~~~~~~~~~~~~~~[m[K
             [32m[KexcavationElevation[m[K
[01m[K/home/team/SoftwareDevelopment/ROS2/skinny/src/logic/src/logic_node.cpp:[m[K In function ‘[01m[Kint main(int, char**)[m[K’:
[01m[K/home/team/SoftwareDevelopment/ROS2/skinny/src/logic/src/logic_node.cpp:274:5:[m[K [01;31m[Kerror: [m[K‘[01m[KexcavationElevationPublisher[m[K’ was not declared in this scope
     [01;31m[KexcavationElevationPublisher[m[K = nodeHandle->create_publisher<std_msgs::msg::Float32>("excavationElevation",1);
     [01;31m[K^~~~~~~~~~~~~~~~~~~~~~~~~~~~[m[K
[01m[K/home/team/SoftwareDevelopment/ROS2/skinny/src/logic/src/logic_node.cpp:274:5:[m[K [01;36m[Knote: [m[Ksuggested alternative: ‘[01m[KexcavationElevation[m[K’
     [01;36m[KexcavationElevationPublisher[m[K = nodeHandle->create_publisher<std_msgs::msg::Float32>("excavationElevation",1);
     [01;36m[K^~~~~~~~~~~~~~~~~~~~~~~~~~~~[m[K
     [32m[KexcavationElevation[m[K
make[2]: *** [CMakeFiles/logic_node.dir/src/logic_node.cpp.o] Error 1
make[1]: *** [CMakeFiles/logic_node.dir/all] Error 2
make: *** [all] Error 2
