[0.160s] Invoking command in '/home/team/SoftwareDevelopment/ROS2/skinny/build/logic': AMENT_PREFIX_PATH=/home/team/SoftwareDevelopment/ROS2/skinny/install/messages:${AMENT_PREFIX_PATH} CMAKE_PREFIX_PATH=/home/team/SoftwareDevelopment/ROS2/skinny/install/messages:${CMAKE_PREFIX_PATH} LD_LIBRARY_PATH=/home/team/SoftwareDevelopment/ROS2/skinny/install/messages/lib:${LD_LIBRARY_PATH} PYTHONPATH=/home/team/SoftwareDevelopment/ROS2/skinny/install/messages/lib/python3.8/site-packages:${PYTHONPATH} /usr/bin/cmake --build /home/team/SoftwareDevelopment/ROS2/skinny/build/logic -- -j4 -l4
[0.458s] [100%] Built target logic_node
[0.512s] Invoked command in '/home/team/SoftwareDevelopment/ROS2/skinny/build/logic' returned '0': AMENT_PREFIX_PATH=/home/team/SoftwareDevelopment/ROS2/skinny/install/messages:${AMENT_PREFIX_PATH} CMAKE_PREFIX_PATH=/home/team/SoftwareDevelopment/ROS2/skinny/install/messages:${CMAKE_PREFIX_PATH} LD_LIBRARY_PATH=/home/team/SoftwareDevelopment/ROS2/skinny/install/messages/lib:${LD_LIBRARY_PATH} PYTHONPATH=/home/team/SoftwareDevelopment/ROS2/skinny/install/messages/lib/python3.8/site-packages:${PYTHONPATH} /usr/bin/cmake --build /home/team/SoftwareDevelopment/ROS2/skinny/build/logic -- -j4 -l4
[0.630s] Invoking command in '/home/team/SoftwareDevelopment/ROS2/skinny/build/logic': AMENT_PREFIX_PATH=/home/team/SoftwareDevelopment/ROS2/skinny/install/messages:${AMENT_PREFIX_PATH} CMAKE_PREFIX_PATH=/home/team/SoftwareDevelopment/ROS2/skinny/install/messages:${CMAKE_PREFIX_PATH} LD_LIBRARY_PATH=/home/team/SoftwareDevelopment/ROS2/skinny/install/messages/lib:${LD_LIBRARY_PATH} PYTHONPATH=/home/team/SoftwareDevelopment/ROS2/skinny/install/messages/lib/python3.8/site-packages:${PYTHONPATH} /usr/bin/cmake --install /home/team/SoftwareDevelopment/ROS2/skinny/build/logic
[0.680s] -- Install configuration: ""
[0.681s] -- Up-to-date: /home/team/SoftwareDevelopment/ROS2/skinny/install/logic/lib/logic/logic_node
[0.681s] -- Up-to-date: /home/team/SoftwareDevelopment/ROS2/skinny/install/logic/share/ament_index/resource_index/package_run_dependencies/logic
[0.682s] -- Up-to-date: /home/team/SoftwareDevelopment/ROS2/skinny/install/logic/share/ament_index/resource_index/parent_prefix_path/logic
[0.683s] -- Up-to-date: /home/team/SoftwareDevelopment/ROS2/skinny/install/logic/share/logic/environment/ament_prefix_path.sh
[0.684s] -- Up-to-date: /home/team/SoftwareDevelopment/ROS2/skinny/install/logic/share/logic/environment/ament_prefix_path.dsv
[0.684s] -- Up-to-date: /home/team/SoftwareDevelopment/ROS2/skinny/install/logic/share/logic/environment/path.sh
[0.685s] -- Up-to-date: /home/team/SoftwareDevelopment/ROS2/skinny/install/logic/share/logic/environment/path.dsv
[0.686s] -- Up-to-date: /home/team/SoftwareDevelopment/ROS2/skinny/install/logic/share/logic/local_setup.bash
[0.686s] -- Up-to-date: /home/team/SoftwareDevelopment/ROS2/skinny/install/logic/share/logic/local_setup.sh
[0.687s] -- Up-to-date: /home/team/SoftwareDevelopment/ROS2/skinny/install/logic/share/logic/local_setup.zsh
[0.688s] -- Up-to-date: /home/team/SoftwareDevelopment/ROS2/skinny/install/logic/share/logic/local_setup.dsv
[0.689s] -- Installing: /home/team/SoftwareDevelopment/ROS2/skinny/install/logic/share/logic/package.dsv
[0.689s] -- Up-to-date: /home/team/SoftwareDevelopment/ROS2/skinny/install/logic/share/ament_index/resource_index/packages/logic
[0.690s] -- Up-to-date: /home/team/SoftwareDevelopment/ROS2/skinny/install/logic/share/logic/cmake/logicConfig.cmake
[0.690s] -- Up-to-date: /home/team/SoftwareDevelopment/ROS2/skinny/install/logic/share/logic/cmake/logicConfig-version.cmake
[0.691s] -- Up-to-date: /home/team/SoftwareDevelopment/ROS2/skinny/install/logic/share/logic/package.xml
[0.741s] Invoked command in '/home/team/SoftwareDevelopment/ROS2/skinny/build/logic' returned '0': AMENT_PREFIX_PATH=/home/team/SoftwareDevelopment/ROS2/skinny/install/messages:${AMENT_PREFIX_PATH} CMAKE_PREFIX_PATH=/home/team/SoftwareDevelopment/ROS2/skinny/install/messages:${CMAKE_PREFIX_PATH} LD_LIBRARY_PATH=/home/team/SoftwareDevelopment/ROS2/skinny/install/messages/lib:${LD_LIBRARY_PATH} PYTHONPATH=/home/team/SoftwareDevelopment/ROS2/skinny/install/messages/lib/python3.8/site-packages:${PYTHONPATH} /usr/bin/cmake --install /home/team/SoftwareDevelopment/ROS2/skinny/build/logic
