[0.099s] Invoking command in '/home/team/SoftwareDevelopment/ROS2/skinny/src/build/talon': AMENT_PREFIX_PATH=/home/team/SoftwareDevelopment/ROS2/skinny/src/install/messages:${AMENT_PREFIX_PATH} CMAKE_PREFIX_PATH=/home/team/SoftwareDevelopment/ROS2/skinny/src/install/messages:/opt/ros/eloquent LD_LIBRARY_PATH=/home/team/SoftwareDevelopment/ROS2/skinny/src/install/messages/lib:${LD_LIBRARY_PATH} PYTHONPATH=/home/team/SoftwareDevelopment/ROS2/skinny/src/install/messages/lib/python3.6/site-packages:${PYTHONPATH} /usr/bin/cmake /home/team/SoftwareDevelopment/ROS2/skinny/src/talon -DCMAKE_INSTALL_PREFIX=/home/team/SoftwareDevelopment/ROS2/skinny/src/install/talon
[0.341s] -- The C compiler identification is GNU 7.5.0
[0.550s] -- The CXX compiler identification is GNU 7.5.0
[0.567s] -- Check for working C compiler: /usr/bin/cc
[0.856s] -- Check for working C compiler: /usr/bin/cc -- works
[0.858s] -- Detecting C compiler ABI info
[1.196s] -- Detecting C compiler ABI info - done
[1.217s] -- Detecting C compile features
[2.171s] -- Detecting C compile features - done
[2.180s] -- Check for working CXX compiler: /usr/bin/c++
[2.515s] -- Check for working CXX compiler: /usr/bin/c++ -- works
[2.519s] -- Detecting CXX compiler ABI info
[2.888s] -- Detecting CXX compiler ABI info - done
[2.909s] -- Detecting CXX compile features
[4.399s] -- Detecting CXX compile features - done
[4.414s] -- Found ament_cmake: 0.8.3 (/opt/ros/eloquent/share/ament_cmake/cmake)
[4.571s] -- Found PythonInterp: /usr/bin/python3 (found suitable version "3.6.9", minimum required is "3") 
[4.572s] -- Using PYTHON_EXECUTABLE: /usr/bin/python3
[5.897s] -- Found rclcpp: 0.8.5 (/opt/ros/eloquent/share/rclcpp/cmake)
[5.996s] -- Found rosidl_adapter: 0.8.3 (/opt/ros/eloquent/share/rosidl_adapter/cmake)
[6.209s] -- Found rmw_implementation_cmake: 0.8.1 (/opt/ros/eloquent/share/rmw_implementation_cmake/cmake)
[6.216s] -- Using RMW implementation 'rmw_fastrtps_cpp' as default
[6.221s] -- Looking for pthread.h
[6.533s] -- Looking for pthread.h - found
[6.536s] -- Looking for pthread_create
[6.838s] -- Looking for pthread_create - not found
[6.839s] -- Looking for pthread_create in pthreads
[7.114s] -- Looking for pthread_create in pthreads - not found
[7.115s] -- Looking for pthread_create in pthread
[7.422s] -- Looking for pthread_create in pthread - found
[7.426s] -- Found Threads: TRUE  
[7.614s] -- Found std_msgs: 0.8.1 (/opt/ros/eloquent/share/std_msgs/cmake)
[7.637s] -- Found messages: 0.0.0 (/home/team/SoftwareDevelopment/ROS2/skinny/src/install/messages/share/messages/cmake)
[8.093s] -- Configuring done
[8.138s] -- Generating done
[8.145s] -- Build files have been written to: /home/team/SoftwareDevelopment/ROS2/skinny/src/build/talon
[8.168s] Invoked command in '/home/team/SoftwareDevelopment/ROS2/skinny/src/build/talon' returned '0': AMENT_PREFIX_PATH=/home/team/SoftwareDevelopment/ROS2/skinny/src/install/messages:${AMENT_PREFIX_PATH} CMAKE_PREFIX_PATH=/home/team/SoftwareDevelopment/ROS2/skinny/src/install/messages:/opt/ros/eloquent LD_LIBRARY_PATH=/home/team/SoftwareDevelopment/ROS2/skinny/src/install/messages/lib:${LD_LIBRARY_PATH} PYTHONPATH=/home/team/SoftwareDevelopment/ROS2/skinny/src/install/messages/lib/python3.6/site-packages:${PYTHONPATH} /usr/bin/cmake /home/team/SoftwareDevelopment/ROS2/skinny/src/talon -DCMAKE_INSTALL_PREFIX=/home/team/SoftwareDevelopment/ROS2/skinny/src/install/talon
[8.171s] Invoking command in '/home/team/SoftwareDevelopment/ROS2/skinny/src/build/talon': AMENT_PREFIX_PATH=/home/team/SoftwareDevelopment/ROS2/skinny/src/install/messages:${AMENT_PREFIX_PATH} CMAKE_PREFIX_PATH=/home/team/SoftwareDevelopment/ROS2/skinny/src/install/messages:/opt/ros/eloquent LD_LIBRARY_PATH=/home/team/SoftwareDevelopment/ROS2/skinny/src/install/messages/lib:${LD_LIBRARY_PATH} PYTHONPATH=/home/team/SoftwareDevelopment/ROS2/skinny/src/install/messages/lib/python3.6/site-packages:${PYTHONPATH} /usr/bin/cmake --build /home/team/SoftwareDevelopment/ROS2/skinny/src/build/talon -- -j4 -l4
[8.358s] [35m[1mScanning dependencies of target talon_node[0m
[8.576s] [ 50%] [32mBuilding CXX object CMakeFiles/talon_node.dir/src/talon_node.cpp.o[0m
[13.435s] [01m[K/home/team/SoftwareDevelopment/ROS2/skinny/src/talon/src/talon_node.cpp:[m[K In function ‘[01m[Kvoid stopCallback(std_msgs::msg::Empty_<std::allocator<void> >::SharedPtr)[m[K’:
[13.436s] [01m[K/home/team/SoftwareDevelopment/ROS2/skinny/src/talon/src/talon_node.cpp:45:51:[m[K [01;35m[Kwarning: [m[Kunused parameter ‘[01m[Kempty[m[K’ [[01;35m[K-Wunused-parameter[m[K]
[13.437s]  void stopCallback(std_msgs::msg::Empty::SharedPtr [01;35m[Kempty[m[K){
[13.438s]                                                    [01;35m[K^~~~~[m[K
[13.441s] [01m[K/home/team/SoftwareDevelopment/ROS2/skinny/src/talon/src/talon_node.cpp:[m[K In function ‘[01m[Kvoid goCallback(std_msgs::msg::Empty_<std::allocator<void> >::SharedPtr)[m[K’:
[13.442s] [01m[K/home/team/SoftwareDevelopment/ROS2/skinny/src/talon/src/talon_node.cpp:49:49:[m[K [01;35m[Kwarning: [m[Kunused parameter ‘[01m[Kempty[m[K’ [[01;35m[K-Wunused-parameter[m[K]
[13.443s]  void goCallback(std_msgs::msg::Empty::SharedPtr [01;35m[Kempty[m[K){
[13.444s]                                                  [01;35m[K^~~~~[m[K
[13.759s] [01m[K/home/team/SoftwareDevelopment/ROS2/skinny/src/talon/src/talon_node.cpp:[m[K In function ‘[01m[Kint main(int, char**)[m[K’:
[13.760s] [01m[K/home/team/SoftwareDevelopment/ROS2/skinny/src/talon/src/talon_node.cpp:220:9:[m[K [01;35m[Kwarning: [m[Kunused variable ‘[01m[KisInverted[m[K’ [[01;35m[K-Wunused-variable[m[K]
[13.761s]     bool [01;35m[KisInverted[m[K=talonSRX->GetInverted();
[13.762s]          [01;35m[K^~~~~~~~~~[m[K
[28.852s] [100%] [32m[1mLinking CXX executable talon_node[0m
[30.379s] [100%] Built target talon_node
[30.436s] Invoked command in '/home/team/SoftwareDevelopment/ROS2/skinny/src/build/talon' returned '0': AMENT_PREFIX_PATH=/home/team/SoftwareDevelopment/ROS2/skinny/src/install/messages:${AMENT_PREFIX_PATH} CMAKE_PREFIX_PATH=/home/team/SoftwareDevelopment/ROS2/skinny/src/install/messages:/opt/ros/eloquent LD_LIBRARY_PATH=/home/team/SoftwareDevelopment/ROS2/skinny/src/install/messages/lib:${LD_LIBRARY_PATH} PYTHONPATH=/home/team/SoftwareDevelopment/ROS2/skinny/src/install/messages/lib/python3.6/site-packages:${PYTHONPATH} /usr/bin/cmake --build /home/team/SoftwareDevelopment/ROS2/skinny/src/build/talon -- -j4 -l4
[30.561s] Invoking command in '/home/team/SoftwareDevelopment/ROS2/skinny/src/build/talon': AMENT_PREFIX_PATH=/home/team/SoftwareDevelopment/ROS2/skinny/src/install/messages:${AMENT_PREFIX_PATH} CMAKE_PREFIX_PATH=/home/team/SoftwareDevelopment/ROS2/skinny/src/install/messages:/opt/ros/eloquent LD_LIBRARY_PATH=/home/team/SoftwareDevelopment/ROS2/skinny/src/install/messages/lib:${LD_LIBRARY_PATH} PYTHONPATH=/home/team/SoftwareDevelopment/ROS2/skinny/src/install/messages/lib/python3.6/site-packages:${PYTHONPATH} /usr/bin/cmake --build /home/team/SoftwareDevelopment/ROS2/skinny/src/build/talon --target install -- -j4 -l4
[31.136s] [100%] Built target talon_node
[31.337s] [36mInstall the project...[0m
[31.432s] -- Install configuration: ""
[31.433s] -- Installing: /home/team/SoftwareDevelopment/ROS2/skinny/src/install/talon/lib/talon/talon_node
[31.451s] -- Set runtime path of "/home/team/SoftwareDevelopment/ROS2/skinny/src/install/talon/lib/talon/talon_node" to ""
[31.451s] -- Installing: /home/team/SoftwareDevelopment/ROS2/skinny/src/install/talon/share/ament_index/resource_index/package_run_dependencies/talon
[31.466s] -- Installing: /home/team/SoftwareDevelopment/ROS2/skinny/src/install/talon/share/ament_index/resource_index/parent_prefix_path/talon
[31.467s] -- Installing: /home/team/SoftwareDevelopment/ROS2/skinny/src/install/talon/share/talon/environment/ament_prefix_path.sh
[31.467s] -- Installing: /home/team/SoftwareDevelopment/ROS2/skinny/src/install/talon/share/talon/environment/ament_prefix_path.dsv
[31.468s] -- Installing: /home/team/SoftwareDevelopment/ROS2/skinny/src/install/talon/share/talon/environment/path.sh
[31.469s] -- Installing: /home/team/SoftwareDevelopment/ROS2/skinny/src/install/talon/share/talon/environment/path.dsv
[31.470s] -- Installing: /home/team/SoftwareDevelopment/ROS2/skinny/src/install/talon/share/talon/local_setup.bash
[31.471s] -- Installing: /home/team/SoftwareDevelopment/ROS2/skinny/src/install/talon/share/talon/local_setup.sh
[31.472s] -- Installing: /home/team/SoftwareDevelopment/ROS2/skinny/src/install/talon/share/talon/local_setup.zsh
[31.473s] -- Installing: /home/team/SoftwareDevelopment/ROS2/skinny/src/install/talon/share/talon/local_setup.dsv
[31.474s] -- Installing: /home/team/SoftwareDevelopment/ROS2/skinny/src/install/talon/share/talon/package.dsv
[31.474s] -- Installing: /home/team/SoftwareDevelopment/ROS2/skinny/src/install/talon/share/ament_index/resource_index/packages/talon
[31.475s] -- Installing: /home/team/SoftwareDevelopment/ROS2/skinny/src/install/talon/share/talon/cmake/talonConfig.cmake
[31.476s] -- Installing: /home/team/SoftwareDevelopment/ROS2/skinny/src/install/talon/share/talon/cmake/talonConfig-version.cmake
[31.476s] -- Installing: /home/team/SoftwareDevelopment/ROS2/skinny/src/install/talon/share/talon/package.xml
[31.499s] Invoked command in '/home/team/SoftwareDevelopment/ROS2/skinny/src/build/talon' returned '0': AMENT_PREFIX_PATH=/home/team/SoftwareDevelopment/ROS2/skinny/src/install/messages:${AMENT_PREFIX_PATH} CMAKE_PREFIX_PATH=/home/team/SoftwareDevelopment/ROS2/skinny/src/install/messages:/opt/ros/eloquent LD_LIBRARY_PATH=/home/team/SoftwareDevelopment/ROS2/skinny/src/install/messages/lib:${LD_LIBRARY_PATH} PYTHONPATH=/home/team/SoftwareDevelopment/ROS2/skinny/src/install/messages/lib/python3.6/site-packages:${PYTHONPATH} /usr/bin/cmake --build /home/team/SoftwareDevelopment/ROS2/skinny/src/build/talon --target install -- -j4 -l4
