[0.058s] Invoking command in '/home/team/SoftwareDevelopment/ROS2/skinny/build/zed_tracking': AMENT_PREFIX_PATH=/home/team/SoftwareDevelopment/ROS2/skinny/install/messages:${AMENT_PREFIX_PATH} CMAKE_PREFIX_PATH=/home/team/SoftwareDevelopment/ROS2/skinny/install/messages:/opt/ros/eloquent LD_LIBRARY_PATH=/home/team/SoftwareDevelopment/ROS2/skinny/install/messages/lib:${LD_LIBRARY_PATH} PYTHONPATH=/home/team/SoftwareDevelopment/ROS2/skinny/install/messages/lib/python3.6/site-packages:${PYTHONPATH} /usr/bin/cmake --build /home/team/SoftwareDevelopment/ROS2/skinny/build/zed_tracking -- -j4 -l4
[0.338s] [100%] Built target zed_tracking_node
[0.385s] Invoked command in '/home/team/SoftwareDevelopment/ROS2/skinny/build/zed_tracking' returned '0': AMENT_PREFIX_PATH=/home/team/SoftwareDevelopment/ROS2/skinny/install/messages:${AMENT_PREFIX_PATH} CMAKE_PREFIX_PATH=/home/team/SoftwareDevelopment/ROS2/skinny/install/messages:/opt/ros/eloquent LD_LIBRARY_PATH=/home/team/SoftwareDevelopment/ROS2/skinny/install/messages/lib:${LD_LIBRARY_PATH} PYTHONPATH=/home/team/SoftwareDevelopment/ROS2/skinny/install/messages/lib/python3.6/site-packages:${PYTHONPATH} /usr/bin/cmake --build /home/team/SoftwareDevelopment/ROS2/skinny/build/zed_tracking -- -j4 -l4
[0.498s] Invoking command in '/home/team/SoftwareDevelopment/ROS2/skinny/build/zed_tracking': AMENT_PREFIX_PATH=/home/team/SoftwareDevelopment/ROS2/skinny/install/messages:${AMENT_PREFIX_PATH} CMAKE_PREFIX_PATH=/home/team/SoftwareDevelopment/ROS2/skinny/install/messages:/opt/ros/eloquent LD_LIBRARY_PATH=/home/team/SoftwareDevelopment/ROS2/skinny/install/messages/lib:${LD_LIBRARY_PATH} PYTHONPATH=/home/team/SoftwareDevelopment/ROS2/skinny/install/messages/lib/python3.6/site-packages:${PYTHONPATH} /usr/bin/cmake --build /home/team/SoftwareDevelopment/ROS2/skinny/build/zed_tracking --target install -- -j4 -l4
[0.769s] [100%] Built target zed_tracking_node
[0.853s] [36mInstall the project...[0m
[0.889s] -- Install configuration: ""
[0.890s] -- Up-to-date: /home/team/SoftwareDevelopment/ROS2/skinny/install/zed_tracking/lib/zed_tracking/zed_tracking_node
[0.892s] -- Up-to-date: /home/team/SoftwareDevelopment/ROS2/skinny/install/zed_tracking/share/ament_index/resource_index/package_run_dependencies/zed_tracking
[0.894s] -- Up-to-date: /home/team/SoftwareDevelopment/ROS2/skinny/install/zed_tracking/share/ament_index/resource_index/parent_prefix_path/zed_tracking
[0.896s] -- Up-to-date: /home/team/SoftwareDevelopment/ROS2/skinny/install/zed_tracking/share/zed_tracking/environment/ament_prefix_path.sh
[0.897s] -- Up-to-date: /home/team/SoftwareDevelopment/ROS2/skinny/install/zed_tracking/share/zed_tracking/environment/ament_prefix_path.dsv
[0.898s] -- Up-to-date: /home/team/SoftwareDevelopment/ROS2/skinny/install/zed_tracking/share/zed_tracking/environment/path.sh
[0.901s] -- Up-to-date: /home/team/SoftwareDevelopment/ROS2/skinny/install/zed_tracking/share/zed_tracking/environment/path.dsv
[0.903s] -- Up-to-date: /home/team/SoftwareDevelopment/ROS2/skinny/install/zed_tracking/share/zed_tracking/local_setup.bash
[0.903s] -- Up-to-date: /home/team/SoftwareDevelopment/ROS2/skinny/install/zed_tracking/share/zed_tracking/local_setup.sh
[0.905s] -- Up-to-date: /home/team/SoftwareDevelopment/ROS2/skinny/install/zed_tracking/share/zed_tracking/local_setup.zsh
[0.906s] -- Up-to-date: /home/team/SoftwareDevelopment/ROS2/skinny/install/zed_tracking/share/zed_tracking/local_setup.dsv
[0.906s] -- Installing: /home/team/SoftwareDevelopment/ROS2/skinny/install/zed_tracking/share/zed_tracking/package.dsv
[0.907s] -- Up-to-date: /home/team/SoftwareDevelopment/ROS2/skinny/install/zed_tracking/share/ament_index/resource_index/packages/zed_tracking
[0.908s] -- Up-to-date: /home/team/SoftwareDevelopment/ROS2/skinny/install/zed_tracking/share/zed_tracking/cmake/zed_trackingConfig.cmake
[0.911s] -- Up-to-date: /home/team/SoftwareDevelopment/ROS2/skinny/install/zed_tracking/share/zed_tracking/cmake/zed_trackingConfig-version.cmake
[0.921s] -- Up-to-date: /home/team/SoftwareDevelopment/ROS2/skinny/install/zed_tracking/share/zed_tracking/package.xml
[0.925s] Invoked command in '/home/team/SoftwareDevelopment/ROS2/skinny/build/zed_tracking' returned '0': AMENT_PREFIX_PATH=/home/team/SoftwareDevelopment/ROS2/skinny/install/messages:${AMENT_PREFIX_PATH} CMAKE_PREFIX_PATH=/home/team/SoftwareDevelopment/ROS2/skinny/install/messages:/opt/ros/eloquent LD_LIBRARY_PATH=/home/team/SoftwareDevelopment/ROS2/skinny/install/messages/lib:${LD_LIBRARY_PATH} PYTHONPATH=/home/team/SoftwareDevelopment/ROS2/skinny/install/messages/lib/python3.6/site-packages:${PYTHONPATH} /usr/bin/cmake --build /home/team/SoftwareDevelopment/ROS2/skinny/build/zed_tracking --target install -- -j4 -l4
