[0.132s] Invoking command in '/home/team/SoftwareDevelopment/ROS2/skinny/build/communication': AMENT_PREFIX_PATH=/home/team/SoftwareDevelopment/ROS2/skinny/install/messages:${AMENT_PREFIX_PATH} CMAKE_PREFIX_PATH=/home/team/SoftwareDevelopment/ROS2/skinny/install/messages:/opt/ros/eloquent LD_LIBRARY_PATH=/home/team/SoftwareDevelopment/ROS2/skinny/install/messages/lib:${LD_LIBRARY_PATH} PYTHONPATH=/home/team/SoftwareDevelopment/ROS2/skinny/install/messages/lib/python3.6/site-packages:${PYTHONPATH} /usr/bin/cmake --build /home/team/SoftwareDevelopment/ROS2/skinny/build/communication -- -j4 -l4
[0.406s] [100%] Built target communication_node
[0.459s] Invoked command in '/home/team/SoftwareDevelopment/ROS2/skinny/build/communication' returned '0': AMENT_PREFIX_PATH=/home/team/SoftwareDevelopment/ROS2/skinny/install/messages:${AMENT_PREFIX_PATH} CMAKE_PREFIX_PATH=/home/team/SoftwareDevelopment/ROS2/skinny/install/messages:/opt/ros/eloquent LD_LIBRARY_PATH=/home/team/SoftwareDevelopment/ROS2/skinny/install/messages/lib:${LD_LIBRARY_PATH} PYTHONPATH=/home/team/SoftwareDevelopment/ROS2/skinny/install/messages/lib/python3.6/site-packages:${PYTHONPATH} /usr/bin/cmake --build /home/team/SoftwareDevelopment/ROS2/skinny/build/communication -- -j4 -l4
[0.619s] Invoking command in '/home/team/SoftwareDevelopment/ROS2/skinny/build/communication': AMENT_PREFIX_PATH=/home/team/SoftwareDevelopment/ROS2/skinny/install/messages:${AMENT_PREFIX_PATH} CMAKE_PREFIX_PATH=/home/team/SoftwareDevelopment/ROS2/skinny/install/messages:/opt/ros/eloquent LD_LIBRARY_PATH=/home/team/SoftwareDevelopment/ROS2/skinny/install/messages/lib:${LD_LIBRARY_PATH} PYTHONPATH=/home/team/SoftwareDevelopment/ROS2/skinny/install/messages/lib/python3.6/site-packages:${PYTHONPATH} /usr/bin/cmake --build /home/team/SoftwareDevelopment/ROS2/skinny/build/communication --target install -- -j4 -l4
[0.922s] [100%] Built target communication_node
[1.006s] [36mInstall the project...[0m
[1.047s] -- Install configuration: ""
[1.052s] -- Up-to-date: /home/team/SoftwareDevelopment/ROS2/skinny/install/communication/lib/communication/communication_node
[1.053s] -- Up-to-date: /home/team/SoftwareDevelopment/ROS2/skinny/install/communication/share/ament_index/resource_index/package_run_dependencies/communication
[1.054s] -- Up-to-date: /home/team/SoftwareDevelopment/ROS2/skinny/install/communication/share/ament_index/resource_index/parent_prefix_path/communication
[1.055s] -- Up-to-date: /home/team/SoftwareDevelopment/ROS2/skinny/install/communication/share/communication/environment/ament_prefix_path.sh
[1.055s] -- Up-to-date: /home/team/SoftwareDevelopment/ROS2/skinny/install/communication/share/communication/environment/ament_prefix_path.dsv
[1.057s] -- Up-to-date: /home/team/SoftwareDevelopment/ROS2/skinny/install/communication/share/communication/environment/path.sh
[1.058s] -- Up-to-date: /home/team/SoftwareDevelopment/ROS2/skinny/install/communication/share/communication/environment/path.dsv
[1.059s] -- Up-to-date: /home/team/SoftwareDevelopment/ROS2/skinny/install/communication/share/communication/local_setup.bash
[1.060s] -- Up-to-date: /home/team/SoftwareDevelopment/ROS2/skinny/install/communication/share/communication/local_setup.sh
[1.061s] -- Up-to-date: /home/team/SoftwareDevelopment/ROS2/skinny/install/communication/share/communication/local_setup.zsh
[1.061s] -- Up-to-date: /home/team/SoftwareDevelopment/ROS2/skinny/install/communication/share/communication/local_setup.dsv
[1.062s] -- Installing: /home/team/SoftwareDevelopment/ROS2/skinny/install/communication/share/communication/package.dsv
[1.063s] -- Up-to-date: /home/team/SoftwareDevelopment/ROS2/skinny/install/communication/share/ament_index/resource_index/packages/communication
[1.063s] -- Up-to-date: /home/team/SoftwareDevelopment/ROS2/skinny/install/communication/share/communication/cmake/communicationConfig.cmake
[1.064s] -- Up-to-date: /home/team/SoftwareDevelopment/ROS2/skinny/install/communication/share/communication/cmake/communicationConfig-version.cmake
[1.065s] -- Up-to-date: /home/team/SoftwareDevelopment/ROS2/skinny/install/communication/share/communication/package.xml
[1.082s] Invoked command in '/home/team/SoftwareDevelopment/ROS2/skinny/build/communication' returned '0': AMENT_PREFIX_PATH=/home/team/SoftwareDevelopment/ROS2/skinny/install/messages:${AMENT_PREFIX_PATH} CMAKE_PREFIX_PATH=/home/team/SoftwareDevelopment/ROS2/skinny/install/messages:/opt/ros/eloquent LD_LIBRARY_PATH=/home/team/SoftwareDevelopment/ROS2/skinny/install/messages/lib:${LD_LIBRARY_PATH} PYTHONPATH=/home/team/SoftwareDevelopment/ROS2/skinny/install/messages/lib/python3.6/site-packages:${PYTHONPATH} /usr/bin/cmake --build /home/team/SoftwareDevelopment/ROS2/skinny/build/communication --target install -- -j4 -l4
