[0.114s] Invoking command in '/home/team/SoftwareDevelopment/ROS2/skinny/build/zed_tracking': AMENT_PREFIX_PATH=/home/team/SoftwareDevelopment/ROS2/skinny/install/messages:${AMENT_PREFIX_PATH} CMAKE_PREFIX_PATH=/home/team/SoftwareDevelopment/ROS2/skinny/install/messages:/opt/ros/eloquent LD_LIBRARY_PATH=/home/team/SoftwareDevelopment/ROS2/skinny/install/messages/lib:${LD_LIBRARY_PATH} PYTHONPATH=/home/team/SoftwareDevelopment/ROS2/skinny/install/messages/lib/python3.6/site-packages:${PYTHONPATH} /usr/bin/cmake --build /home/team/SoftwareDevelopment/ROS2/skinny/build/zed_tracking -- -j4 -l4
[0.391s] [100%] Built target zed_tracking_node
[0.436s] Invoked command in '/home/team/SoftwareDevelopment/ROS2/skinny/build/zed_tracking' returned '0': AMENT_PREFIX_PATH=/home/team/SoftwareDevelopment/ROS2/skinny/install/messages:${AMENT_PREFIX_PATH} CMAKE_PREFIX_PATH=/home/team/SoftwareDevelopment/ROS2/skinny/install/messages:/opt/ros/eloquent LD_LIBRARY_PATH=/home/team/SoftwareDevelopment/ROS2/skinny/install/messages/lib:${LD_LIBRARY_PATH} PYTHONPATH=/home/team/SoftwareDevelopment/ROS2/skinny/install/messages/lib/python3.6/site-packages:${PYTHONPATH} /usr/bin/cmake --build /home/team/SoftwareDevelopment/ROS2/skinny/build/zed_tracking -- -j4 -l4
[0.552s] Invoking command in '/home/team/SoftwareDevelopment/ROS2/skinny/build/zed_tracking': AMENT_PREFIX_PATH=/home/team/SoftwareDevelopment/ROS2/skinny/install/messages:${AMENT_PREFIX_PATH} CMAKE_PREFIX_PATH=/home/team/SoftwareDevelopment/ROS2/skinny/install/messages:/opt/ros/eloquent LD_LIBRARY_PATH=/home/team/SoftwareDevelopment/ROS2/skinny/install/messages/lib:${LD_LIBRARY_PATH} PYTHONPATH=/home/team/SoftwareDevelopment/ROS2/skinny/install/messages/lib/python3.6/site-packages:${PYTHONPATH} /usr/bin/cmake --build /home/team/SoftwareDevelopment/ROS2/skinny/build/zed_tracking --target install -- -j4 -l4
[0.829s] [100%] Built target zed_tracking_node
[0.908s] [36mInstall the project...[0m
[0.946s] -- Install configuration: ""
[0.948s] -- Up-to-date: /home/team/SoftwareDevelopment/ROS2/skinny/install/zed_tracking/lib/zed_tracking/zed_tracking_node
[0.950s] -- Up-to-date: /home/team/SoftwareDevelopment/ROS2/skinny/install/zed_tracking/share/ament_index/resource_index/package_run_dependencies/zed_tracking
[0.952s] -- Up-to-date: /home/team/SoftwareDevelopment/ROS2/skinny/install/zed_tracking/share/ament_index/resource_index/parent_prefix_path/zed_tracking
[0.953s] -- Up-to-date: /home/team/SoftwareDevelopment/ROS2/skinny/install/zed_tracking/share/zed_tracking/environment/ament_prefix_path.sh
[0.953s] -- Up-to-date: /home/team/SoftwareDevelopment/ROS2/skinny/install/zed_tracking/share/zed_tracking/environment/ament_prefix_path.dsv
[0.954s] -- Up-to-date: /home/team/SoftwareDevelopment/ROS2/skinny/install/zed_tracking/share/zed_tracking/environment/path.sh
[0.957s] -- Up-to-date: /home/team/SoftwareDevelopment/ROS2/skinny/install/zed_tracking/share/zed_tracking/environment/path.dsv
[0.958s] -- Up-to-date: /home/team/SoftwareDevelopment/ROS2/skinny/install/zed_tracking/share/zed_tracking/local_setup.bash
[0.961s] -- Up-to-date: /home/team/SoftwareDevelopment/ROS2/skinny/install/zed_tracking/share/zed_tracking/local_setup.sh
[0.962s] -- Up-to-date: /home/team/SoftwareDevelopment/ROS2/skinny/install/zed_tracking/share/zed_tracking/local_setup.zsh
[0.963s] -- Up-to-date: /home/team/SoftwareDevelopment/ROS2/skinny/install/zed_tracking/share/zed_tracking/local_setup.dsv
[0.967s] -- Installing: /home/team/SoftwareDevelopment/ROS2/skinny/install/zed_tracking/share/zed_tracking/package.dsv
[0.968s] -- Up-to-date: /home/team/SoftwareDevelopment/ROS2/skinny/install/zed_tracking/share/ament_index/resource_index/packages/zed_tracking
[0.980s] -- Up-to-date: /home/team/SoftwareDevelopment/ROS2/skinny/install/zed_tracking/share/zed_tracking/cmake/zed_trackingConfig.cmake
[0.981s] -- Up-to-date: /home/team/SoftwareDevelopment/ROS2/skinny/install/zed_tracking/share/zed_tracking/cmake/zed_trackingConfig-version.cmake
[0.982s] -- Up-to-date: /home/team/SoftwareDevelopment/ROS2/skinny/install/zed_tracking/share/zed_tracking/package.xml
[0.983s] Invoked command in '/home/team/SoftwareDevelopment/ROS2/skinny/build/zed_tracking' returned '0': AMENT_PREFIX_PATH=/home/team/SoftwareDevelopment/ROS2/skinny/install/messages:${AMENT_PREFIX_PATH} CMAKE_PREFIX_PATH=/home/team/SoftwareDevelopment/ROS2/skinny/install/messages:/opt/ros/eloquent LD_LIBRARY_PATH=/home/team/SoftwareDevelopment/ROS2/skinny/install/messages/lib:${LD_LIBRARY_PATH} PYTHONPATH=/home/team/SoftwareDevelopment/ROS2/skinny/install/messages/lib/python3.6/site-packages:${PYTHONPATH} /usr/bin/cmake --build /home/team/SoftwareDevelopment/ROS2/skinny/build/zed_tracking --target install -- -j4 -l4
