[0.165s] Invoking command in '/home/team/SoftwareDevelopment/ROS2/skinny/build/talon': CMAKE_PREFIX_PATH=/home/team/SoftwareDevelopment/ROS2/skinny/install/messages:/home/team/SoftwareDevelopment/ROS2/skinny/install/zed_tracking:/home/team/SoftwareDevelopment/ROS2/skinny/install/talon:/home/team/SoftwareDevelopment/ROS2/skinny/install/power_distribution_panel:/home/team/SoftwareDevelopment/ROS2/skinny/install/logic:/home/team/SoftwareDevelopment/ROS2/skinny/install/communication:/home/team/SoftwareDevelopment/ROS2/skinny/install/autonomy:/home/team/SoftwareDevelopment/ROS2/skinny/install/excavation:/opt/ros/eloquent /usr/bin/cmake --build /home/team/SoftwareDevelopment/ROS2/skinny/build/talon -- -j4 -l4
[0.385s] [100%] Built target talon_node
[0.427s] Invoked command in '/home/team/SoftwareDevelopment/ROS2/skinny/build/talon' returned '0': CMAKE_PREFIX_PATH=/home/team/SoftwareDevelopment/ROS2/skinny/install/messages:/home/team/SoftwareDevelopment/ROS2/skinny/install/zed_tracking:/home/team/SoftwareDevelopment/ROS2/skinny/install/talon:/home/team/SoftwareDevelopment/ROS2/skinny/install/power_distribution_panel:/home/team/SoftwareDevelopment/ROS2/skinny/install/logic:/home/team/SoftwareDevelopment/ROS2/skinny/install/communication:/home/team/SoftwareDevelopment/ROS2/skinny/install/autonomy:/home/team/SoftwareDevelopment/ROS2/skinny/install/excavation:/opt/ros/eloquent /usr/bin/cmake --build /home/team/SoftwareDevelopment/ROS2/skinny/build/talon -- -j4 -l4
[0.529s] Invoking command in '/home/team/SoftwareDevelopment/ROS2/skinny/build/talon': CMAKE_PREFIX_PATH=/home/team/SoftwareDevelopment/ROS2/skinny/install/messages:/home/team/SoftwareDevelopment/ROS2/skinny/install/zed_tracking:/home/team/SoftwareDevelopment/ROS2/skinny/install/talon:/home/team/SoftwareDevelopment/ROS2/skinny/install/power_distribution_panel:/home/team/SoftwareDevelopment/ROS2/skinny/install/logic:/home/team/SoftwareDevelopment/ROS2/skinny/install/communication:/home/team/SoftwareDevelopment/ROS2/skinny/install/autonomy:/home/team/SoftwareDevelopment/ROS2/skinny/install/excavation:/opt/ros/eloquent /usr/bin/cmake --build /home/team/SoftwareDevelopment/ROS2/skinny/build/talon --target install -- -j4 -l4
[0.751s] [100%] Built target talon_node
[0.823s] [36mInstall the project...[0m
[0.859s] -- Install configuration: ""
[0.860s] -- Up-to-date: /home/team/SoftwareDevelopment/ROS2/skinny/install/talon/lib/talon/talon_node
[0.861s] -- Up-to-date: /home/team/SoftwareDevelopment/ROS2/skinny/install/talon/share/ament_index/resource_index/package_run_dependencies/talon
[0.862s] -- Up-to-date: /home/team/SoftwareDevelopment/ROS2/skinny/install/talon/share/ament_index/resource_index/parent_prefix_path/talon
[0.863s] -- Up-to-date: /home/team/SoftwareDevelopment/ROS2/skinny/install/talon/share/talon/environment/ament_prefix_path.sh
[0.864s] -- Up-to-date: /home/team/SoftwareDevelopment/ROS2/skinny/install/talon/share/talon/environment/ament_prefix_path.dsv
[0.865s] -- Up-to-date: /home/team/SoftwareDevelopment/ROS2/skinny/install/talon/share/talon/environment/path.sh
[0.865s] -- Up-to-date: /home/team/SoftwareDevelopment/ROS2/skinny/install/talon/share/talon/environment/path.dsv
[0.867s] -- Up-to-date: /home/team/SoftwareDevelopment/ROS2/skinny/install/talon/share/talon/local_setup.bash
[0.868s] -- Up-to-date: /home/team/SoftwareDevelopment/ROS2/skinny/install/talon/share/talon/local_setup.sh
[0.869s] -- Up-to-date: /home/team/SoftwareDevelopment/ROS2/skinny/install/talon/share/talon/local_setup.zsh
[0.869s] -- Up-to-date: /home/team/SoftwareDevelopment/ROS2/skinny/install/talon/share/talon/local_setup.dsv
[0.870s] -- Installing: /home/team/SoftwareDevelopment/ROS2/skinny/install/talon/share/talon/package.dsv
[0.870s] -- Up-to-date: /home/team/SoftwareDevelopment/ROS2/skinny/install/talon/share/ament_index/resource_index/packages/talon
[0.871s] -- Up-to-date: /home/team/SoftwareDevelopment/ROS2/skinny/install/talon/share/talon/cmake/talonConfig.cmake
[0.872s] -- Up-to-date: /home/team/SoftwareDevelopment/ROS2/skinny/install/talon/share/talon/cmake/talonConfig-version.cmake
[0.872s] -- Up-to-date: /home/team/SoftwareDevelopment/ROS2/skinny/install/talon/share/talon/package.xml
[0.884s] Invoked command in '/home/team/SoftwareDevelopment/ROS2/skinny/build/talon' returned '0': CMAKE_PREFIX_PATH=/home/team/SoftwareDevelopment/ROS2/skinny/install/messages:/home/team/SoftwareDevelopment/ROS2/skinny/install/zed_tracking:/home/team/SoftwareDevelopment/ROS2/skinny/install/talon:/home/team/SoftwareDevelopment/ROS2/skinny/install/power_distribution_panel:/home/team/SoftwareDevelopment/ROS2/skinny/install/logic:/home/team/SoftwareDevelopment/ROS2/skinny/install/communication:/home/team/SoftwareDevelopment/ROS2/skinny/install/autonomy:/home/team/SoftwareDevelopment/ROS2/skinny/install/excavation:/opt/ros/eloquent /usr/bin/cmake --build /home/team/SoftwareDevelopment/ROS2/skinny/build/talon --target install -- -j4 -l4
