[0.118s] Invoking command in '/home/team/SoftwareDevelopment/ROS2/skinny/build/messages': CMAKE_PREFIX_PATH=${CMAKE_PREFIX_PATH}:/home/team/SoftwareDevelopment/ROS2/skinny/install/excavation:/home/team/SoftwareDevelopment/ROS2/skinny/src/install/excavation:/opt/ros/eloquent /usr/bin/cmake --build /home/team/SoftwareDevelopment/ROS2/skinny/build/messages -- -j4 -l4
[0.350s] [  0%] Built target messages__cpp
[0.363s] [ 12%] Built target messages__rosidl_generator_c
[0.467s] [ 24%] Built target messages__rosidl_typesupport_introspection_cpp
[0.485s] [ 36%] Built target messages__rosidl_typesupport_introspection_c
[0.488s] [ 48%] Built target messages__rosidl_typesupport_fastrtps_cpp
[0.613s] [ 60%] Built target messages__rosidl_typesupport_cpp
[0.616s] [ 72%] Built target messages__rosidl_typesupport_fastrtps_c
[0.736s] [ 84%] Built target messages__rosidl_typesupport_c
[0.816s] [ 84%] Built target messages
[0.899s] [ 85%] Built target messages__py
[1.040s] [ 96%] Built target messages__python
[1.158s] [100%] Built target messages__rosidl_typesupport_c__pyext
[1.158s] [100%] Built target messages__rosidl_typesupport_fastrtps_c__pyext
[1.683s] Invoked command in '/home/team/SoftwareDevelopment/ROS2/skinny/build/messages' returned '0': CMAKE_PREFIX_PATH=${CMAKE_PREFIX_PATH}:/home/team/SoftwareDevelopment/ROS2/skinny/install/excavation:/home/team/SoftwareDevelopment/ROS2/skinny/src/install/excavation:/opt/ros/eloquent /usr/bin/cmake --build /home/team/SoftwareDevelopment/ROS2/skinny/build/messages -- -j4 -l4
[2.467s] Invoking command in '/home/team/SoftwareDevelopment/ROS2/skinny/build/messages': CMAKE_PREFIX_PATH=${CMAKE_PREFIX_PATH}:/home/team/SoftwareDevelopment/ROS2/skinny/install/excavation:/home/team/SoftwareDevelopment/ROS2/skinny/src/install/excavation:/opt/ros/eloquent /usr/bin/cmake --build /home/team/SoftwareDevelopment/ROS2/skinny/build/messages --target install -- -j4 -l4
[2.684s] [  0%] Built target messages__cpp
[2.698s] [ 12%] Built target messages__rosidl_generator_c
[2.795s] [ 24%] Built target messages__rosidl_typesupport_introspection_cpp
[2.809s] [ 36%] Built target messages__rosidl_typesupport_introspection_c
[2.830s] [ 48%] Built target messages__rosidl_typesupport_fastrtps_cpp
[2.958s] [ 71%] Built target messages__rosidl_typesupport_cpp
[2.959s] [ 72%] Built target messages__rosidl_typesupport_fastrtps_c
[3.077s] [ 84%] Built target messages__rosidl_typesupport_c
[3.158s] [ 84%] Built target messages
[3.243s] [ 85%] Built target messages__py
[3.384s] [ 96%] Built target messages__python
[3.507s] [100%] Built target messages__rosidl_typesupport_fastrtps_c__pyext
[3.508s] [100%] Built target messages__rosidl_typesupport_c__pyext
[3.592s] [36mInstall the project...[0m
[3.630s] -- Install configuration: ""
[3.631s] -- Up-to-date: /home/team/SoftwareDevelopment/ROS2/skinny/install/messages/share/ament_index/resource_index/rosidl_interfaces/messages
[3.633s] -- Up-to-date: /home/team/SoftwareDevelopment/ROS2/skinny/install/messages/include/messages
[3.634s] -- Up-to-date: /home/team/SoftwareDevelopment/ROS2/skinny/install/messages/include/messages/msg
[3.635s] -- Up-to-date: /home/team/SoftwareDevelopment/ROS2/skinny/install/messages/include/messages/msg/zed_position.hpp
[3.636s] -- Up-to-date: /home/team/SoftwareDevelopment/ROS2/skinny/install/messages/include/messages/msg/victor_out__traits.hpp
[3.637s] -- Up-to-date: /home/team/SoftwareDevelopment/ROS2/skinny/install/messages/include/messages/msg/power__traits.hpp
[3.638s] -- Up-to-date: /home/team/SoftwareDevelopment/ROS2/skinny/install/messages/include/messages/msg/hat_state__struct.hpp
[3.639s] -- Up-to-date: /home/team/SoftwareDevelopment/ROS2/skinny/install/messages/include/messages/msg/power.hpp
[3.640s] -- Up-to-date: /home/team/SoftwareDevelopment/ROS2/skinny/install/messages/include/messages/msg/key_state.hpp
[3.641s] -- Up-to-date: /home/team/SoftwareDevelopment/ROS2/skinny/install/messages/include/messages/msg/talon_out.hpp
[3.642s] -- Up-to-date: /home/team/SoftwareDevelopment/ROS2/skinny/install/messages/include/messages/msg/key_state__traits.hpp
[3.643s] -- Up-to-date: /home/team/SoftwareDevelopment/ROS2/skinny/install/messages/include/messages/msg/camera.hpp
[3.645s] -- Up-to-date: /home/team/SoftwareDevelopment/ROS2/skinny/install/messages/include/messages/msg/camera__struct.hpp
[3.649s] -- Up-to-date: /home/team/SoftwareDevelopment/ROS2/skinny/install/messages/include/messages/msg/button_state__traits.hpp
[3.650s] -- Up-to-date: /home/team/SoftwareDevelopment/ROS2/skinny/install/messages/include/messages/msg/victor_out.hpp
[3.651s] -- Up-to-date: /home/team/SoftwareDevelopment/ROS2/skinny/install/messages/include/messages/msg/talon_out__struct.hpp
[3.652s] -- Up-to-date: /home/team/SoftwareDevelopment/ROS2/skinny/install/messages/include/messages/msg/power__struct.hpp
[3.653s] -- Up-to-date: /home/team/SoftwareDevelopment/ROS2/skinny/install/messages/include/messages/msg/hat_state__traits.hpp
[3.654s] -- Up-to-date: /home/team/SoftwareDevelopment/ROS2/skinny/install/messages/include/messages/msg/camera__traits.hpp
[3.655s] -- Up-to-date: /home/team/SoftwareDevelopment/ROS2/skinny/install/messages/include/messages/msg/talon_out__traits.hpp
[3.656s] -- Up-to-date: /home/team/SoftwareDevelopment/ROS2/skinny/install/messages/include/messages/msg/hat_state.hpp
[3.656s] -- Up-to-date: /home/team/SoftwareDevelopment/ROS2/skinny/install/messages/include/messages/msg/axis_state.hpp
[3.657s] -- Up-to-date: /home/team/SoftwareDevelopment/ROS2/skinny/install/messages/include/messages/msg/axis_state__traits.hpp
[3.659s] -- Up-to-date: /home/team/SoftwareDevelopment/ROS2/skinny/install/messages/include/messages/msg/axis_state__struct.hpp
[3.659s] -- Up-to-date: /home/team/SoftwareDevelopment/ROS2/skinny/install/messages/include/messages/msg/zed_position__struct.hpp
[3.660s] -- Up-to-date: /home/team/SoftwareDevelopment/ROS2/skinny/install/messages/include/messages/msg/joystick_command__traits.hpp
[3.662s] -- Up-to-date: /home/team/SoftwareDevelopment/ROS2/skinny/install/messages/include/messages/msg/button_state__struct.hpp
[3.663s] -- Up-to-date: /home/team/SoftwareDevelopment/ROS2/skinny/install/messages/include/messages/msg/joystick_command.hpp
[3.664s] -- Up-to-date: /home/team/SoftwareDevelopment/ROS2/skinny/install/messages/include/messages/msg/joystick_command__struct.hpp
[3.665s] -- Up-to-date: /home/team/SoftwareDevelopment/ROS2/skinny/install/messages/include/messages/msg/button_state.hpp
[3.666s] -- Up-to-date: /home/team/SoftwareDevelopment/ROS2/skinny/install/messages/include/messages/msg/zed_position__traits.hpp
[3.667s] -- Up-to-date: /home/team/SoftwareDevelopment/ROS2/skinny/install/messages/include/messages/msg/key_state__struct.hpp
[3.668s] -- Up-to-date: /home/team/SoftwareDevelopment/ROS2/skinny/install/messages/include/messages/msg/victor_out__struct.hpp
[3.669s] -- Up-to-date: /home/team/SoftwareDevelopment/ROS2/skinny/install/messages/include/messages
[3.669s] -- Up-to-date: /home/team/SoftwareDevelopment/ROS2/skinny/install/messages/include/messages/msg
[3.670s] -- Up-to-date: /home/team/SoftwareDevelopment/ROS2/skinny/install/messages/include/messages/msg/camera.h
[3.672s] -- Up-to-date: /home/team/SoftwareDevelopment/ROS2/skinny/install/messages/include/messages/msg/talon_out.h
[3.672s] -- Up-to-date: /home/team/SoftwareDevelopment/ROS2/skinny/install/messages/include/messages/msg/key_state__struct.h
[3.673s] -- Up-to-date: /home/team/SoftwareDevelopment/ROS2/skinny/install/messages/include/messages/msg/joystick_command.h
[3.675s] -- Up-to-date: /home/team/SoftwareDevelopment/ROS2/skinny/install/messages/include/messages/msg/hat_state__struct.h
[3.679s] -- Up-to-date: /home/team/SoftwareDevelopment/ROS2/skinny/install/messages/include/messages/msg/hat_state.h
[3.679s] -- Up-to-date: /home/team/SoftwareDevelopment/ROS2/skinny/install/messages/include/messages/msg/key_state.h
[3.681s] -- Up-to-date: /home/team/SoftwareDevelopment/ROS2/skinny/install/messages/include/messages/msg/button_state__type_support.h
[3.682s] -- Up-to-date: /home/team/SoftwareDevelopment/ROS2/skinny/install/messages/include/messages/msg/victor_out.h
[3.682s] -- Up-to-date: /home/team/SoftwareDevelopment/ROS2/skinny/install/messages/include/messages/msg/key_state__type_support.h
[3.685s] -- Up-to-date: /home/team/SoftwareDevelopment/ROS2/skinny/install/messages/include/messages/msg/talon_out__type_support.h
[3.686s] -- Up-to-date: /home/team/SoftwareDevelopment/ROS2/skinny/install/messages/include/messages/msg/power__struct.h
[3.691s] -- Up-to-date: /home/team/SoftwareDevelopment/ROS2/skinny/install/messages/include/messages/msg/rosidl_generator_c__visibility_control.h
[3.691s] -- Up-to-date: /home/team/SoftwareDevelopment/ROS2/skinny/install/messages/include/messages/msg/talon_out__struct.h
[3.692s] -- Up-to-date: /home/team/SoftwareDevelopment/ROS2/skinny/install/messages/include/messages/msg/talon_out__functions.c
[3.693s] -- Up-to-date: /home/team/SoftwareDevelopment/ROS2/skinny/install/messages/include/messages/msg/power__type_support.h
[3.693s] -- Up-to-date: /home/team/SoftwareDevelopment/ROS2/skinny/install/messages/include/messages/msg/hat_state__functions.h
[3.694s] -- Up-to-date: /home/team/SoftwareDevelopment/ROS2/skinny/install/messages/include/messages/msg/zed_position__type_support.h
[3.695s] -- Up-to-date: /home/team/SoftwareDevelopment/ROS2/skinny/install/messages/include/messages/msg/zed_position.h
[3.695s] -- Up-to-date: /home/team/SoftwareDevelopment/ROS2/skinny/install/messages/include/messages/msg/power__functions.c
[3.696s] -- Up-to-date: /home/team/SoftwareDevelopment/ROS2/skinny/install/messages/include/messages/msg/key_state__functions.c
[3.697s] -- Up-to-date: /home/team/SoftwareDevelopment/ROS2/skinny/install/messages/include/messages/msg/button_state__struct.h
[3.698s] -- Up-to-date: /home/team/SoftwareDevelopment/ROS2/skinny/install/messages/include/messages/msg/camera__functions.h
[3.698s] -- Up-to-date: /home/team/SoftwareDevelopment/ROS2/skinny/install/messages/include/messages/msg/victor_out__functions.h
[3.699s] -- Up-to-date: /home/team/SoftwareDevelopment/ROS2/skinny/install/messages/include/messages/msg/power__functions.h
[3.700s] -- Up-to-date: /home/team/SoftwareDevelopment/ROS2/skinny/install/messages/include/messages/msg/key_state__functions.h
[3.700s] -- Up-to-date: /home/team/SoftwareDevelopment/ROS2/skinny/install/messages/include/messages/msg/camera__struct.h
[3.701s] -- Up-to-date: /home/team/SoftwareDevelopment/ROS2/skinny/install/messages/include/messages/msg/camera__type_support.h
[3.701s] -- Up-to-date: /home/team/SoftwareDevelopment/ROS2/skinny/install/messages/include/messages/msg/axis_state__struct.h
[3.702s] -- Up-to-date: /home/team/SoftwareDevelopment/ROS2/skinny/install/messages/include/messages/msg/camera__functions.c
[3.703s] -- Up-to-date: /home/team/SoftwareDevelopment/ROS2/skinny/install/messages/include/messages/msg/victor_out__functions.c
[3.703s] -- Up-to-date: /home/team/SoftwareDevelopment/ROS2/skinny/install/messages/include/messages/msg/joystick_command__functions.c
[3.704s] -- Up-to-date: /home/team/SoftwareDevelopment/ROS2/skinny/install/messages/include/messages/msg/axis_state__functions.h
[3.704s] -- Up-to-date: /home/team/SoftwareDevelopment/ROS2/skinny/install/messages/include/messages/msg/hat_state__type_support.h
[3.705s] -- Up-to-date: /home/team/SoftwareDevelopment/ROS2/skinny/install/messages/include/messages/msg/victor_out__type_support.h
[3.706s] -- Up-to-date: /home/team/SoftwareDevelopment/ROS2/skinny/install/messages/include/messages/msg/talon_out__functions.h
[3.706s] -- Up-to-date: /home/team/SoftwareDevelopment/ROS2/skinny/install/messages/include/messages/msg/button_state.h
[3.707s] -- Up-to-date: /home/team/SoftwareDevelopment/ROS2/skinny/install/messages/include/messages/msg/zed_position__struct.h
[3.710s] -- Up-to-date: /home/team/SoftwareDevelopment/ROS2/skinny/install/messages/include/messages/msg/axis_state__type_support.h
[3.712s] -- Up-to-date: /home/team/SoftwareDevelopment/ROS2/skinny/install/messages/include/messages/msg/hat_state__functions.c
[3.712s] -- Up-to-date: /home/team/SoftwareDevelopment/ROS2/skinny/install/messages/include/messages/msg/zed_position__functions.c
[3.714s] -- Up-to-date: /home/team/SoftwareDevelopment/ROS2/skinny/install/messages/include/messages/msg/victor_out__struct.h
[3.719s] -- Up-to-date: /home/team/SoftwareDevelopment/ROS2/skinny/install/messages/include/messages/msg/joystick_command__struct.h
[3.720s] -- Up-to-date: /home/team/SoftwareDevelopment/ROS2/skinny/install/messages/include/messages/msg/button_state__functions.h
[3.721s] -- Up-to-date: /home/team/SoftwareDevelopment/ROS2/skinny/install/messages/include/messages/msg/zed_position__functions.h
[3.722s] -- Up-to-date: /home/team/SoftwareDevelopment/ROS2/skinny/install/messages/include/messages/msg/joystick_command__type_support.h
[3.724s] -- Up-to-date: /home/team/SoftwareDevelopment/ROS2/skinny/install/messages/include/messages/msg/button_state__functions.c
[3.724s] -- Up-to-date: /home/team/SoftwareDevelopment/ROS2/skinny/install/messages/include/messages/msg/axis_state__functions.c
[3.725s] -- Up-to-date: /home/team/SoftwareDevelopment/ROS2/skinny/install/messages/include/messages/msg/axis_state.h
[3.727s] -- Up-to-date: /home/team/SoftwareDevelopment/ROS2/skinny/install/messages/include/messages/msg/joystick_command__functions.h
[3.728s] -- Up-to-date: /home/team/SoftwareDevelopment/ROS2/skinny/install/messages/include/messages/msg/power.h
[3.734s] -- Up-to-date: /home/team/SoftwareDevelopment/ROS2/skinny/install/messages/share/messages/environment/library_path.sh
[3.739s] -- Up-to-date: /home/team/SoftwareDevelopment/ROS2/skinny/install/messages/share/messages/environment/library_path.dsv
[3.739s] -- Up-to-date: /home/team/SoftwareDevelopment/ROS2/skinny/install/messages/lib/libmessages__rosidl_generator_c.so
[3.743s] -- Up-to-date: /home/team/SoftwareDevelopment/ROS2/skinny/install/messages/lib/libmessages__rosidl_typesupport_c.so
[3.745s] -- Up-to-date: /home/team/SoftwareDevelopment/ROS2/skinny/install/messages/lib/libmessages__rosidl_typesupport_cpp.so
[3.746s] -- Up-to-date: /home/team/SoftwareDevelopment/ROS2/skinny/install/messages/include/messages
[3.747s] -- Up-to-date: /home/team/SoftwareDevelopment/ROS2/skinny/install/messages/include/messages/msg
[3.752s] -- Up-to-date: /home/team/SoftwareDevelopment/ROS2/skinny/install/messages/include/messages/msg/key_state__type_support.c
[3.753s] -- Up-to-date: /home/team/SoftwareDevelopment/ROS2/skinny/install/messages/include/messages/msg/victor_out__rosidl_typesupport_introspection_c.h
[3.754s] -- Up-to-date: /home/team/SoftwareDevelopment/ROS2/skinny/install/messages/include/messages/msg/power__type_support.c
[3.758s] -- Up-to-date: /home/team/SoftwareDevelopment/ROS2/skinny/install/messages/include/messages/msg/power__rosidl_typesupport_introspection_c.h
[3.759s] -- Up-to-date: /home/team/SoftwareDevelopment/ROS2/skinny/install/messages/include/messages/msg/axis_state__type_support.c
[3.761s] -- Up-to-date: /home/team/SoftwareDevelopment/ROS2/skinny/install/messages/include/messages/msg/button_state__rosidl_typesupport_introspection_c.h
[3.764s] -- Up-to-date: /home/team/SoftwareDevelopment/ROS2/skinny/install/messages/include/messages/msg/talon_out__type_support.c
[3.765s] -- Up-to-date: /home/team/SoftwareDevelopment/ROS2/skinny/install/messages/include/messages/msg/button_state__type_support.c
[3.765s] -- Up-to-date: /home/team/SoftwareDevelopment/ROS2/skinny/install/messages/include/messages/msg/victor_out__type_support.c
[3.766s] -- Up-to-date: /home/team/SoftwareDevelopment/ROS2/skinny/install/messages/include/messages/msg/camera__rosidl_typesupport_introspection_c.h
[3.766s] -- Up-to-date: /home/team/SoftwareDevelopment/ROS2/skinny/install/messages/include/messages/msg/zed_position__rosidl_typesupport_introspection_c.h
[3.768s] -- Up-to-date: /home/team/SoftwareDevelopment/ROS2/skinny/install/messages/include/messages/msg/talon_out__rosidl_typesupport_introspection_c.h
[3.769s] -- Up-to-date: /home/team/SoftwareDevelopment/ROS2/skinny/install/messages/include/messages/msg/zed_position__type_support.c
[3.770s] -- Up-to-date: /home/team/SoftwareDevelopment/ROS2/skinny/install/messages/include/messages/msg/hat_state__rosidl_typesupport_introspection_c.h
[3.770s] -- Up-to-date: /home/team/SoftwareDevelopment/ROS2/skinny/install/messages/include/messages/msg/camera__type_support.c
[3.771s] -- Up-to-date: /home/team/SoftwareDevelopment/ROS2/skinny/install/messages/include/messages/msg/rosidl_typesupport_introspection_c__visibility_control.h
[3.771s] -- Up-to-date: /home/team/SoftwareDevelopment/ROS2/skinny/install/messages/include/messages/msg/key_state__rosidl_typesupport_introspection_c.h
[3.772s] -- Up-to-date: /home/team/SoftwareDevelopment/ROS2/skinny/install/messages/include/messages/msg/joystick_command__rosidl_typesupport_introspection_c.h
[3.772s] -- Up-to-date: /home/team/SoftwareDevelopment/ROS2/skinny/install/messages/include/messages/msg/joystick_command__type_support.c
[3.773s] -- Up-to-date: /home/team/SoftwareDevelopment/ROS2/skinny/install/messages/include/messages/msg/axis_state__rosidl_typesupport_introspection_c.h
[3.773s] -- Up-to-date: /home/team/SoftwareDevelopment/ROS2/skinny/install/messages/include/messages/msg/hat_state__type_support.c
[3.774s] -- Up-to-date: /home/team/SoftwareDevelopment/ROS2/skinny/install/messages/lib/libmessages__rosidl_typesupport_introspection_c.so
[3.774s] -- Up-to-date: /home/team/SoftwareDevelopment/ROS2/skinny/install/messages/include/messages
[3.775s] -- Up-to-date: /home/team/SoftwareDevelopment/ROS2/skinny/install/messages/include/messages/msg
[3.775s] -- Up-to-date: /home/team/SoftwareDevelopment/ROS2/skinny/install/messages/include/messages/msg/talon_out__type_support.cpp
[3.776s] -- Up-to-date: /home/team/SoftwareDevelopment/ROS2/skinny/install/messages/include/messages/msg/joystick_command__type_support.cpp
[3.776s] -- Up-to-date: /home/team/SoftwareDevelopment/ROS2/skinny/install/messages/include/messages/msg/power__rosidl_typesupport_introspection_cpp.hpp
[3.776s] -- Up-to-date: /home/team/SoftwareDevelopment/ROS2/skinny/install/messages/include/messages/msg/victor_out__rosidl_typesupport_introspection_cpp.hpp
[3.777s] -- Up-to-date: /home/team/SoftwareDevelopment/ROS2/skinny/install/messages/include/messages/msg/axis_state__rosidl_typesupport_introspection_cpp.hpp
[3.777s] -- Up-to-date: /home/team/SoftwareDevelopment/ROS2/skinny/install/messages/include/messages/msg/camera__type_support.cpp
[3.778s] -- Up-to-date: /home/team/SoftwareDevelopment/ROS2/skinny/install/messages/include/messages/msg/hat_state__rosidl_typesupport_introspection_cpp.hpp
[3.778s] -- Up-to-date: /home/team/SoftwareDevelopment/ROS2/skinny/install/messages/include/messages/msg/zed_position__rosidl_typesupport_introspection_cpp.hpp
[3.779s] -- Up-to-date: /home/team/SoftwareDevelopment/ROS2/skinny/install/messages/include/messages/msg/button_state__rosidl_typesupport_introspection_cpp.hpp
[3.779s] -- Up-to-date: /home/team/SoftwareDevelopment/ROS2/skinny/install/messages/include/messages/msg/button_state__type_support.cpp
[3.780s] -- Up-to-date: /home/team/SoftwareDevelopment/ROS2/skinny/install/messages/include/messages/msg/axis_state__type_support.cpp
[3.781s] -- Up-to-date: /home/team/SoftwareDevelopment/ROS2/skinny/install/messages/include/messages/msg/victor_out__type_support.cpp
[3.781s] -- Up-to-date: /home/team/SoftwareDevelopment/ROS2/skinny/install/messages/include/messages/msg/zed_position__type_support.cpp
[3.782s] -- Up-to-date: /home/team/SoftwareDevelopment/ROS2/skinny/install/messages/include/messages/msg/talon_out__rosidl_typesupport_introspection_cpp.hpp
[3.782s] -- Up-to-date: /home/team/SoftwareDevelopment/ROS2/skinny/install/messages/include/messages/msg/key_state__type_support.cpp
[3.783s] -- Up-to-date: /home/team/SoftwareDevelopment/ROS2/skinny/install/messages/include/messages/msg/hat_state__type_support.cpp
[3.783s] -- Up-to-date: /home/team/SoftwareDevelopment/ROS2/skinny/install/messages/include/messages/msg/power__type_support.cpp
[3.783s] -- Up-to-date: /home/team/SoftwareDevelopment/ROS2/skinny/install/messages/include/messages/msg/key_state__rosidl_typesupport_introspection_cpp.hpp
[3.784s] -- Up-to-date: /home/team/SoftwareDevelopment/ROS2/skinny/install/messages/include/messages/msg/joystick_command__rosidl_typesupport_introspection_cpp.hpp
[3.784s] -- Up-to-date: /home/team/SoftwareDevelopment/ROS2/skinny/install/messages/include/messages/msg/camera__rosidl_typesupport_introspection_cpp.hpp
[3.785s] -- Up-to-date: /home/team/SoftwareDevelopment/ROS2/skinny/install/messages/lib/libmessages__rosidl_typesupport_introspection_cpp.so
[3.785s] -- Up-to-date: /home/team/SoftwareDevelopment/ROS2/skinny/install/messages/include/messages
[3.786s] -- Up-to-date: /home/team/SoftwareDevelopment/ROS2/skinny/install/messages/include/messages/msg
[3.786s] -- Up-to-date: /home/team/SoftwareDevelopment/ROS2/skinny/install/messages/include/messages/msg/talon_out__rosidl_typesupport_fastrtps_c.h
[3.787s] -- Up-to-date: /home/team/SoftwareDevelopment/ROS2/skinny/install/messages/include/messages/msg/hat_state__rosidl_typesupport_fastrtps_c.h
[3.787s] -- Up-to-date: /home/team/SoftwareDevelopment/ROS2/skinny/install/messages/include/messages/msg/zed_position__rosidl_typesupport_fastrtps_c.h
[3.788s] -- Up-to-date: /home/team/SoftwareDevelopment/ROS2/skinny/install/messages/include/messages/msg/joystick_command__rosidl_typesupport_fastrtps_c.h
[3.788s] -- Up-to-date: /home/team/SoftwareDevelopment/ROS2/skinny/install/messages/include/messages/msg/camera__rosidl_typesupport_fastrtps_c.h
[3.789s] -- Up-to-date: /home/team/SoftwareDevelopment/ROS2/skinny/install/messages/include/messages/msg/button_state__rosidl_typesupport_fastrtps_c.h
[3.789s] -- Up-to-date: /home/team/SoftwareDevelopment/ROS2/skinny/install/messages/include/messages/msg/rosidl_typesupport_fastrtps_c__visibility_control.h
[3.790s] -- Up-to-date: /home/team/SoftwareDevelopment/ROS2/skinny/install/messages/include/messages/msg/victor_out__rosidl_typesupport_fastrtps_c.h
[3.790s] -- Up-to-date: /home/team/SoftwareDevelopment/ROS2/skinny/install/messages/include/messages/msg/power__rosidl_typesupport_fastrtps_c.h
[3.790s] -- Up-to-date: /home/team/SoftwareDevelopment/ROS2/skinny/install/messages/include/messages/msg/axis_state__rosidl_typesupport_fastrtps_c.h
[3.791s] -- Up-to-date: /home/team/SoftwareDevelopment/ROS2/skinny/install/messages/include/messages/msg/key_state__rosidl_typesupport_fastrtps_c.h
[3.791s] -- Up-to-date: /home/team/SoftwareDevelopment/ROS2/skinny/install/messages/lib/libmessages__rosidl_typesupport_fastrtps_c.so
[3.792s] -- Up-to-date: /home/team/SoftwareDevelopment/ROS2/skinny/install/messages/include/messages
[3.792s] -- Up-to-date: /home/team/SoftwareDevelopment/ROS2/skinny/install/messages/include/messages/msg
[3.793s] -- Up-to-date: /home/team/SoftwareDevelopment/ROS2/skinny/install/messages/include/messages/msg/power__rosidl_typesupport_fastrtps_cpp.hpp
[3.793s] -- Up-to-date: /home/team/SoftwareDevelopment/ROS2/skinny/install/messages/include/messages/msg/hat_state__rosidl_typesupport_fastrtps_cpp.hpp
[3.794s] -- Up-to-date: /home/team/SoftwareDevelopment/ROS2/skinny/install/messages/include/messages/msg/button_state__rosidl_typesupport_fastrtps_cpp.hpp
[3.794s] -- Up-to-date: /home/team/SoftwareDevelopment/ROS2/skinny/install/messages/include/messages/msg/axis_state__rosidl_typesupport_fastrtps_cpp.hpp
[3.795s] -- Up-to-date: /home/team/SoftwareDevelopment/ROS2/skinny/install/messages/include/messages/msg/camera__rosidl_typesupport_fastrtps_cpp.hpp
[3.795s] -- Up-to-date: /home/team/SoftwareDevelopment/ROS2/skinny/install/messages/include/messages/msg/talon_out__rosidl_typesupport_fastrtps_cpp.hpp
[3.796s] -- Up-to-date: /home/team/SoftwareDevelopment/ROS2/skinny/install/messages/include/messages/msg/rosidl_typesupport_fastrtps_cpp__visibility_control.h
[3.796s] -- Up-to-date: /home/team/SoftwareDevelopment/ROS2/skinny/install/messages/include/messages/msg/joystick_command__rosidl_typesupport_fastrtps_cpp.hpp
[3.796s] -- Up-to-date: /home/team/SoftwareDevelopment/ROS2/skinny/install/messages/include/messages/msg/dds_fastrtps
[3.797s] -- Up-to-date: /home/team/SoftwareDevelopment/ROS2/skinny/install/messages/include/messages/msg/key_state__rosidl_typesupport_fastrtps_cpp.hpp
[3.797s] -- Up-to-date: /home/team/SoftwareDevelopment/ROS2/skinny/install/messages/include/messages/msg/victor_out__rosidl_typesupport_fastrtps_cpp.hpp
[3.798s] -- Up-to-date: /home/team/SoftwareDevelopment/ROS2/skinny/install/messages/include/messages/msg/zed_position__rosidl_typesupport_fastrtps_cpp.hpp
[3.798s] -- Up-to-date: /home/team/SoftwareDevelopment/ROS2/skinny/install/messages/lib/libmessages__rosidl_typesupport_fastrtps_cpp.so
[3.799s] -- Up-to-date: /home/team/SoftwareDevelopment/ROS2/skinny/install/messages/share/messages/environment/pythonpath.sh
[3.799s] -- Up-to-date: /home/team/SoftwareDevelopment/ROS2/skinny/install/messages/share/messages/environment/pythonpath.dsv
[3.800s] -- Up-to-date: /home/team/SoftwareDevelopment/ROS2/skinny/install/messages/lib/python3.6/site-packages/messages/__init__.py
[3.849s] -- Up-to-date: /home/team/SoftwareDevelopment/ROS2/skinny/install/messages/lib/python3.6/site-packages/messages/msg
[3.850s] -- Up-to-date: /home/team/SoftwareDevelopment/ROS2/skinny/install/messages/lib/python3.6/site-packages/messages/msg/_hat_state.py
[3.851s] -- Up-to-date: /home/team/SoftwareDevelopment/ROS2/skinny/install/messages/lib/python3.6/site-packages/messages/msg/_power_s.c
[3.851s] -- Up-to-date: /home/team/SoftwareDevelopment/ROS2/skinny/install/messages/lib/python3.6/site-packages/messages/msg/_camera_s.c
[3.852s] -- Up-to-date: /home/team/SoftwareDevelopment/ROS2/skinny/install/messages/lib/python3.6/site-packages/messages/msg/__init__.py
[3.852s] -- Up-to-date: /home/team/SoftwareDevelopment/ROS2/skinny/install/messages/lib/python3.6/site-packages/messages/msg/_camera.py
[3.853s] -- Up-to-date: /home/team/SoftwareDevelopment/ROS2/skinny/install/messages/lib/python3.6/site-packages/messages/msg/_power.py
[3.853s] -- Up-to-date: /home/team/SoftwareDevelopment/ROS2/skinny/install/messages/lib/python3.6/site-packages/messages/msg/_hat_state_s.c
[3.854s] -- Up-to-date: /home/team/SoftwareDevelopment/ROS2/skinny/install/messages/lib/python3.6/site-packages/messages/msg/_talon_out.py
[3.854s] -- Up-to-date: /home/team/SoftwareDevelopment/ROS2/skinny/install/messages/lib/python3.6/site-packages/messages/msg/_zed_position.py
[3.855s] -- Up-to-date: /home/team/SoftwareDevelopment/ROS2/skinny/install/messages/lib/python3.6/site-packages/messages/msg/_victor_out_s.c
[3.855s] -- Up-to-date: /home/team/SoftwareDevelopment/ROS2/skinny/install/messages/lib/python3.6/site-packages/messages/msg/_joystick_command_s.c
[3.856s] -- Up-to-date: /home/team/SoftwareDevelopment/ROS2/skinny/install/messages/lib/python3.6/site-packages/messages/msg/_zed_position_s.c
[3.856s] -- Up-to-date: /home/team/SoftwareDevelopment/ROS2/skinny/install/messages/lib/python3.6/site-packages/messages/msg/_axis_state.py
[3.857s] -- Up-to-date: /home/team/SoftwareDevelopment/ROS2/skinny/install/messages/lib/python3.6/site-packages/messages/msg/_axis_state_s.c
[3.857s] -- Up-to-date: /home/team/SoftwareDevelopment/ROS2/skinny/install/messages/lib/python3.6/site-packages/messages/msg/_button_state.py
[3.858s] -- Up-to-date: /home/team/SoftwareDevelopment/ROS2/skinny/install/messages/lib/python3.6/site-packages/messages/msg/_victor_out.py
[3.858s] -- Up-to-date: /home/team/SoftwareDevelopment/ROS2/skinny/install/messages/lib/python3.6/site-packages/messages/msg/_key_state_s.c
[3.859s] -- Up-to-date: /home/team/SoftwareDevelopment/ROS2/skinny/install/messages/lib/python3.6/site-packages/messages/msg/_key_state.py
[3.860s] -- Up-to-date: /home/team/SoftwareDevelopment/ROS2/skinny/install/messages/lib/python3.6/site-packages/messages/msg/_talon_out_s.c
[3.860s] -- Up-to-date: /home/team/SoftwareDevelopment/ROS2/skinny/install/messages/lib/python3.6/site-packages/messages/msg/_button_state_s.c
[3.861s] -- Up-to-date: /home/team/SoftwareDevelopment/ROS2/skinny/install/messages/lib/python3.6/site-packages/messages/msg/_joystick_command.py
[3.861s] -- Up-to-date: /home/team/SoftwareDevelopment/ROS2/skinny/install/messages/lib/python3.6/site-packages/messages/messages_s__rosidl_typesupport_c.cpython-36m-aarch64-linux-gnu.so
[3.862s] -- Up-to-date: /home/team/SoftwareDevelopment/ROS2/skinny/install/messages/lib/python3.6/site-packages/messages/messages_s__rosidl_typesupport_fastrtps_c.cpython-36m-aarch64-linux-gnu.so
[3.862s] -- Up-to-date: /home/team/SoftwareDevelopment/ROS2/skinny/install/messages/lib/libmessages__python.so
[3.863s] -- Up-to-date: /home/team/SoftwareDevelopment/ROS2/skinny/install/messages/share/messages/msg/AxisState.idl
[3.864s] -- Up-to-date: /home/team/SoftwareDevelopment/ROS2/skinny/install/messages/share/messages/msg/Camera.idl
[3.864s] -- Up-to-date: /home/team/SoftwareDevelopment/ROS2/skinny/install/messages/share/messages/msg/JoystickCommand.idl
[3.865s] -- Up-to-date: /home/team/SoftwareDevelopment/ROS2/skinny/install/messages/share/messages/msg/Power.idl
[3.865s] -- Up-to-date: /home/team/SoftwareDevelopment/ROS2/skinny/install/messages/share/messages/msg/VictorOut.idl
[3.866s] -- Up-to-date: /home/team/SoftwareDevelopment/ROS2/skinny/install/messages/share/messages/msg/ButtonState.idl
[3.867s] -- Up-to-date: /home/team/SoftwareDevelopment/ROS2/skinny/install/messages/share/messages/msg/HatState.idl
[3.867s] -- Up-to-date: /home/team/SoftwareDevelopment/ROS2/skinny/install/messages/share/messages/msg/KeyState.idl
[3.868s] -- Up-to-date: /home/team/SoftwareDevelopment/ROS2/skinny/install/messages/share/messages/msg/TalonOut.idl
[3.868s] -- Up-to-date: /home/team/SoftwareDevelopment/ROS2/skinny/install/messages/share/messages/msg/ZedPosition.idl
[3.869s] -- Up-to-date: /home/team/SoftwareDevelopment/ROS2/skinny/install/messages/share/messages/msg/AxisState.msg
[3.869s] -- Up-to-date: /home/team/SoftwareDevelopment/ROS2/skinny/install/messages/share/messages/msg/Camera.msg
[3.870s] -- Up-to-date: /home/team/SoftwareDevelopment/ROS2/skinny/install/messages/share/messages/msg/JoystickCommand.msg
[3.870s] -- Up-to-date: /home/team/SoftwareDevelopment/ROS2/skinny/install/messages/share/messages/msg/Power.msg
[3.871s] -- Up-to-date: /home/team/SoftwareDevelopment/ROS2/skinny/install/messages/share/messages/msg/VictorOut.msg
[3.871s] -- Up-to-date: /home/team/SoftwareDevelopment/ROS2/skinny/install/messages/share/messages/msg/ButtonState.msg
[3.872s] -- Up-to-date: /home/team/SoftwareDevelopment/ROS2/skinny/install/messages/share/messages/msg/HatState.msg
[3.872s] -- Up-to-date: /home/team/SoftwareDevelopment/ROS2/skinny/install/messages/share/messages/msg/KeyState.msg
[3.873s] -- Up-to-date: /home/team/SoftwareDevelopment/ROS2/skinny/install/messages/share/messages/msg/TalonOut.msg
[3.873s] -- Up-to-date: /home/team/SoftwareDevelopment/ROS2/skinny/install/messages/share/messages/msg/ZedPosition.msg
[3.874s] -- Up-to-date: /home/team/SoftwareDevelopment/ROS2/skinny/install/messages/share/ament_index/resource_index/package_run_dependencies/messages
[3.874s] -- Up-to-date: /home/team/SoftwareDevelopment/ROS2/skinny/install/messages/share/ament_index/resource_index/parent_prefix_path/messages
[3.875s] -- Up-to-date: /home/team/SoftwareDevelopment/ROS2/skinny/install/messages/share/messages/environment/ament_prefix_path.sh
[3.876s] -- Up-to-date: /home/team/SoftwareDevelopment/ROS2/skinny/install/messages/share/messages/environment/ament_prefix_path.dsv
[3.876s] -- Up-to-date: /home/team/SoftwareDevelopment/ROS2/skinny/install/messages/share/messages/environment/path.sh
[3.877s] -- Up-to-date: /home/team/SoftwareDevelopment/ROS2/skinny/install/messages/share/messages/environment/path.dsv
[3.885s] -- Up-to-date: /home/team/SoftwareDevelopment/ROS2/skinny/install/messages/share/messages/local_setup.bash
[3.887s] -- Up-to-date: /home/team/SoftwareDevelopment/ROS2/skinny/install/messages/share/messages/local_setup.sh
[3.888s] -- Up-to-date: /home/team/SoftwareDevelopment/ROS2/skinny/install/messages/share/messages/local_setup.zsh
[3.889s] -- Up-to-date: /home/team/SoftwareDevelopment/ROS2/skinny/install/messages/share/messages/local_setup.dsv
[3.889s] -- Installing: /home/team/SoftwareDevelopment/ROS2/skinny/install/messages/share/messages/package.dsv
[3.890s] -- Up-to-date: /home/team/SoftwareDevelopment/ROS2/skinny/install/messages/share/ament_index/resource_index/packages/messages
[3.891s] -- Up-to-date: /home/team/SoftwareDevelopment/ROS2/skinny/install/messages/share/messages/cmake/rosidl_cmake-extras.cmake
[3.891s] -- Up-to-date: /home/team/SoftwareDevelopment/ROS2/skinny/install/messages/share/messages/cmake/ament_cmake_export_dependencies-extras.cmake
[3.892s] -- Up-to-date: /home/team/SoftwareDevelopment/ROS2/skinny/install/messages/share/messages/cmake/ament_cmake_export_include_directories-extras.cmake
[3.892s] -- Up-to-date: /home/team/SoftwareDevelopment/ROS2/skinny/install/messages/share/messages/cmake/ament_cmake_export_libraries-extras.cmake
[3.893s] -- Up-to-date: /home/team/SoftwareDevelopment/ROS2/skinny/install/messages/share/messages/cmake/messagesConfig.cmake
[3.894s] -- Up-to-date: /home/team/SoftwareDevelopment/ROS2/skinny/install/messages/share/messages/cmake/messagesConfig-version.cmake
[3.894s] -- Up-to-date: /home/team/SoftwareDevelopment/ROS2/skinny/install/messages/share/messages/package.xml
[3.895s] Invoked command in '/home/team/SoftwareDevelopment/ROS2/skinny/build/messages' returned '0': CMAKE_PREFIX_PATH=${CMAKE_PREFIX_PATH}:/home/team/SoftwareDevelopment/ROS2/skinny/install/excavation:/home/team/SoftwareDevelopment/ROS2/skinny/src/install/excavation:/opt/ros/eloquent /usr/bin/cmake --build /home/team/SoftwareDevelopment/ROS2/skinny/build/messages --target install -- -j4 -l4
