[0.154s] Invoking command in '/home/team/SoftwareDevelopment/ROS2/skinny/build/talon': AMENT_PREFIX_PATH=/home/team/SoftwareDevelopment/ROS2/skinny/install/messages:${AMENT_PREFIX_PATH} CMAKE_PREFIX_PATH=/home/team/SoftwareDevelopment/ROS2/skinny/install/messages:/opt/ros/eloquent LD_LIBRARY_PATH=/home/team/SoftwareDevelopment/ROS2/skinny/install/messages/lib:${LD_LIBRARY_PATH} PYTHONPATH=/home/team/SoftwareDevelopment/ROS2/skinny/install/messages/lib/python3.6/site-packages:${PYTHONPATH} /usr/bin/cmake --build /home/team/SoftwareDevelopment/ROS2/skinny/build/talon -- -j4 -l4
[0.387s] [100%] Built target talon_node
[0.432s] Invoked command in '/home/team/SoftwareDevelopment/ROS2/skinny/build/talon' returned '0': AMENT_PREFIX_PATH=/home/team/SoftwareDevelopment/ROS2/skinny/install/messages:${AMENT_PREFIX_PATH} CMAKE_PREFIX_PATH=/home/team/SoftwareDevelopment/ROS2/skinny/install/messages:/opt/ros/eloquent LD_LIBRARY_PATH=/home/team/SoftwareDevelopment/ROS2/skinny/install/messages/lib:${LD_LIBRARY_PATH} PYTHONPATH=/home/team/SoftwareDevelopment/ROS2/skinny/install/messages/lib/python3.6/site-packages:${PYTHONPATH} /usr/bin/cmake --build /home/team/SoftwareDevelopment/ROS2/skinny/build/talon -- -j4 -l4
[0.534s] Invoking command in '/home/team/SoftwareDevelopment/ROS2/skinny/build/talon': AMENT_PREFIX_PATH=/home/team/SoftwareDevelopment/ROS2/skinny/install/messages:${AMENT_PREFIX_PATH} CMAKE_PREFIX_PATH=/home/team/SoftwareDevelopment/ROS2/skinny/install/messages:/opt/ros/eloquent LD_LIBRARY_PATH=/home/team/SoftwareDevelopment/ROS2/skinny/install/messages/lib:${LD_LIBRARY_PATH} PYTHONPATH=/home/team/SoftwareDevelopment/ROS2/skinny/install/messages/lib/python3.6/site-packages:${PYTHONPATH} /usr/bin/cmake --build /home/team/SoftwareDevelopment/ROS2/skinny/build/talon --target install -- -j4 -l4
[0.767s] [100%] Built target talon_node
[0.844s] [36mInstall the project...[0m
[0.881s] -- Install configuration: ""
[0.882s] -- Up-to-date: /home/team/SoftwareDevelopment/ROS2/skinny/install/talon/lib/talon/talon_node
[0.883s] -- Up-to-date: /home/team/SoftwareDevelopment/ROS2/skinny/install/talon/share/ament_index/resource_index/package_run_dependencies/talon
[0.884s] -- Up-to-date: /home/team/SoftwareDevelopment/ROS2/skinny/install/talon/share/ament_index/resource_index/parent_prefix_path/talon
[0.886s] -- Up-to-date: /home/team/SoftwareDevelopment/ROS2/skinny/install/talon/share/talon/environment/ament_prefix_path.sh
[0.887s] -- Up-to-date: /home/team/SoftwareDevelopment/ROS2/skinny/install/talon/share/talon/environment/ament_prefix_path.dsv
[0.889s] -- Up-to-date: /home/team/SoftwareDevelopment/ROS2/skinny/install/talon/share/talon/environment/path.sh
[0.890s] -- Up-to-date: /home/team/SoftwareDevelopment/ROS2/skinny/install/talon/share/talon/environment/path.dsv
[0.891s] -- Up-to-date: /home/team/SoftwareDevelopment/ROS2/skinny/install/talon/share/talon/local_setup.bash
[0.891s] -- Up-to-date: /home/team/SoftwareDevelopment/ROS2/skinny/install/talon/share/talon/local_setup.sh
[0.896s] -- Up-to-date: /home/team/SoftwareDevelopment/ROS2/skinny/install/talon/share/talon/local_setup.zsh
[0.896s] -- Up-to-date: /home/team/SoftwareDevelopment/ROS2/skinny/install/talon/share/talon/local_setup.dsv
[0.897s] -- Installing: /home/team/SoftwareDevelopment/ROS2/skinny/install/talon/share/talon/package.dsv
[0.899s] -- Up-to-date: /home/team/SoftwareDevelopment/ROS2/skinny/install/talon/share/ament_index/resource_index/packages/talon
[0.910s] -- Up-to-date: /home/team/SoftwareDevelopment/ROS2/skinny/install/talon/share/talon/cmake/talonConfig.cmake
[0.911s] -- Up-to-date: /home/team/SoftwareDevelopment/ROS2/skinny/install/talon/share/talon/cmake/talonConfig-version.cmake
[0.912s] -- Up-to-date: /home/team/SoftwareDevelopment/ROS2/skinny/install/talon/share/talon/package.xml
[0.915s] Invoked command in '/home/team/SoftwareDevelopment/ROS2/skinny/build/talon' returned '0': AMENT_PREFIX_PATH=/home/team/SoftwareDevelopment/ROS2/skinny/install/messages:${AMENT_PREFIX_PATH} CMAKE_PREFIX_PATH=/home/team/SoftwareDevelopment/ROS2/skinny/install/messages:/opt/ros/eloquent LD_LIBRARY_PATH=/home/team/SoftwareDevelopment/ROS2/skinny/install/messages/lib:${LD_LIBRARY_PATH} PYTHONPATH=/home/team/SoftwareDevelopment/ROS2/skinny/install/messages/lib/python3.6/site-packages:${PYTHONPATH} /usr/bin/cmake --build /home/team/SoftwareDevelopment/ROS2/skinny/build/talon --target install -- -j4 -l4
