[0.973s] DEBUG:colcon:Command line arguments: ['/usr/bin/colcon', 'build']
[0.973s] DEBUG:colcon:Parsed command line arguments: Namespace(ament_cmake_args=None, base_paths=['.'], build_base='build', catkin_cmake_args=None, catkin_skip_building_tests=False, cmake_args=None, cmake_clean_cache=False, cmake_clean_first=False, cmake_force_configure=False, cmake_target=None, cmake_target_skip_unavailable=False, continue_on_error=False, event_handlers=None, executor='parallel', ignore_user_meta=False, install_base='install', log_base=None, log_level=None, main=<bound method BuildVerb.main of <colcon_core.verb.build.BuildVerb object at 0x7fa188d7f0>>, merge_install=False, metas=['./colcon.meta'], packages_above=None, packages_above_and_dependencies=None, packages_above_depth=None, packages_end=None, packages_ignore=None, packages_ignore_regex=None, packages_select=None, packages_select_build_failed=False, packages_select_by_dep=None, packages_select_regex=None, packages_select_test_failures=False, packages_skip=None, packages_skip_build_finished=False, packages_skip_by_dep=None, packages_skip_regex=None, packages_skip_test_passed=False, packages_skip_up_to=None, packages_start=None, packages_up_to=None, packages_up_to_regex=None, parallel_workers=4, paths=None, symlink_install=False, test_result_base=None, verb_extension=<colcon_core.verb.build.BuildVerb object at 0x7fa188d7f0>, verb_name='build', verb_parser=<colcon_defaults.argument_parser.defaults.DefaultArgumentsDecorator object at 0x7fa188db38>)
[1.003s] Level 1:colcon.colcon_core.package_discovery:discover_packages(colcon_meta) check parameters
[1.005s] Level 1:colcon.colcon_core.package_discovery:discover_packages(recursive) check parameters
[1.008s] Level 1:colcon.colcon_core.package_discovery:discover_packages(ignore) check parameters
[1.008s] Level 1:colcon.colcon_core.package_discovery:discover_packages(path) check parameters
[1.008s] Level 1:colcon.colcon_core.package_discovery:discover_packages(colcon_meta) discover
[1.009s] Level 1:colcon.colcon_core.package_discovery:discover_packages(recursive) discover
[1.010s] INFO:colcon.colcon_core.package_discovery:Crawling recursively for packages in '/home/team/SoftwareDevelopment/ROS2/skinny/src'
[1.010s] Level 1:colcon.colcon_core.package_identification:_identify(.) by extensions ['ignore', 'ignore_ament_install']
[1.011s] Level 1:colcon.colcon_core.package_identification:_identify(.) by extension 'ignore'
[1.011s] Level 1:colcon.colcon_core.package_identification:_identify(.) by extension 'ignore_ament_install'
[1.012s] Level 1:colcon.colcon_core.package_identification:_identify(.) by extensions ['colcon_pkg']
[1.012s] Level 1:colcon.colcon_core.package_identification:_identify(.) by extension 'colcon_pkg'
[1.012s] Level 1:colcon.colcon_core.package_identification:_identify(.) by extensions ['colcon_meta']
[1.012s] Level 1:colcon.colcon_core.package_identification:_identify(.) by extension 'colcon_meta'
[1.013s] Level 1:colcon.colcon_core.package_identification:_identify(.) by extensions ['ros']
[1.013s] Level 1:colcon.colcon_core.package_identification:_identify(.) by extension 'ros'
[1.077s] Level 1:colcon.colcon_core.package_identification:_identify(.) by extensions ['cmake', 'python']
[1.078s] Level 1:colcon.colcon_core.package_identification:_identify(.) by extension 'cmake'
[1.078s] Level 1:colcon.colcon_core.package_identification:_identify(.) by extension 'python'
[1.078s] Level 1:colcon.colcon_core.package_identification:_identify(.) by extensions ['python_setup_py']
[1.078s] Level 1:colcon.colcon_core.package_identification:_identify(.) by extension 'python_setup_py'
[1.079s] Level 1:colcon.colcon_core.package_identification:_identify(autonomy) by extensions ['ignore', 'ignore_ament_install']
[1.080s] Level 1:colcon.colcon_core.package_identification:_identify(autonomy) by extension 'ignore'
[1.080s] Level 1:colcon.colcon_core.package_identification:_identify(autonomy) by extension 'ignore_ament_install'
[1.080s] Level 1:colcon.colcon_core.package_identification:_identify(autonomy) by extensions ['colcon_pkg']
[1.080s] Level 1:colcon.colcon_core.package_identification:_identify(autonomy) by extension 'colcon_pkg'
[1.081s] Level 1:colcon.colcon_core.package_identification:_identify(autonomy) by extensions ['colcon_meta']
[1.081s] Level 1:colcon.colcon_core.package_identification:_identify(autonomy) by extension 'colcon_meta'
[1.081s] Level 1:colcon.colcon_core.package_identification:_identify(autonomy) by extensions ['ros']
[1.081s] Level 1:colcon.colcon_core.package_identification:_identify(autonomy) by extension 'ros'
[1.092s] DEBUG:colcon.colcon_core.package_identification:Package 'autonomy' with type 'ros.ament_cmake' and name 'autonomy'
[1.093s] Level 1:colcon.colcon_core.package_identification:_identify(build) by extensions ['ignore', 'ignore_ament_install']
[1.093s] Level 1:colcon.colcon_core.package_identification:_identify(build) by extension 'ignore'
[1.094s] Level 1:colcon.colcon_core.package_identification:_identify(build) ignored
[1.095s] Level 1:colcon.colcon_core.package_identification:_identify(communication) by extensions ['ignore', 'ignore_ament_install']
[1.096s] Level 1:colcon.colcon_core.package_identification:_identify(communication) by extension 'ignore'
[1.096s] Level 1:colcon.colcon_core.package_identification:_identify(communication) by extension 'ignore_ament_install'
[1.096s] Level 1:colcon.colcon_core.package_identification:_identify(communication) by extensions ['colcon_pkg']
[1.097s] Level 1:colcon.colcon_core.package_identification:_identify(communication) by extension 'colcon_pkg'
[1.097s] Level 1:colcon.colcon_core.package_identification:_identify(communication) by extensions ['colcon_meta']
[1.097s] Level 1:colcon.colcon_core.package_identification:_identify(communication) by extension 'colcon_meta'
[1.097s] Level 1:colcon.colcon_core.package_identification:_identify(communication) by extensions ['ros']
[1.098s] Level 1:colcon.colcon_core.package_identification:_identify(communication) by extension 'ros'
[1.101s] DEBUG:colcon.colcon_core.package_identification:Package 'communication' with type 'ros.ament_cmake' and name 'communication'
[1.101s] Level 1:colcon.colcon_core.package_identification:_identify(excavation) by extensions ['ignore', 'ignore_ament_install']
[1.102s] Level 1:colcon.colcon_core.package_identification:_identify(excavation) by extension 'ignore'
[1.102s] Level 1:colcon.colcon_core.package_identification:_identify(excavation) by extension 'ignore_ament_install'
[1.102s] Level 1:colcon.colcon_core.package_identification:_identify(excavation) by extensions ['colcon_pkg']
[1.102s] Level 1:colcon.colcon_core.package_identification:_identify(excavation) by extension 'colcon_pkg'
[1.103s] Level 1:colcon.colcon_core.package_identification:_identify(excavation) by extensions ['colcon_meta']
[1.103s] Level 1:colcon.colcon_core.package_identification:_identify(excavation) by extension 'colcon_meta'
[1.103s] Level 1:colcon.colcon_core.package_identification:_identify(excavation) by extensions ['ros']
[1.103s] Level 1:colcon.colcon_core.package_identification:_identify(excavation) by extension 'ros'
[1.106s] DEBUG:colcon.colcon_core.package_identification:Package 'excavation' with type 'ros.ament_python' and name 'excavation'
[1.107s] Level 1:colcon.colcon_core.package_identification:_identify(install) by extensions ['ignore', 'ignore_ament_install']
[1.107s] Level 1:colcon.colcon_core.package_identification:_identify(install) by extension 'ignore'
[1.107s] Level 1:colcon.colcon_core.package_identification:_identify(install) ignored
[1.108s] Level 1:colcon.colcon_core.package_identification:_identify(log) by extensions ['ignore', 'ignore_ament_install']
[1.108s] Level 1:colcon.colcon_core.package_identification:_identify(log) by extension 'ignore'
[1.108s] Level 1:colcon.colcon_core.package_identification:_identify(log) ignored
[1.109s] Level 1:colcon.colcon_core.package_identification:_identify(logic) by extensions ['ignore', 'ignore_ament_install']
[1.109s] Level 1:colcon.colcon_core.package_identification:_identify(logic) by extension 'ignore'
[1.109s] Level 1:colcon.colcon_core.package_identification:_identify(logic) by extension 'ignore_ament_install'
[1.110s] Level 1:colcon.colcon_core.package_identification:_identify(logic) by extensions ['colcon_pkg']
[1.110s] Level 1:colcon.colcon_core.package_identification:_identify(logic) by extension 'colcon_pkg'
[1.110s] Level 1:colcon.colcon_core.package_identification:_identify(logic) by extensions ['colcon_meta']
[1.110s] Level 1:colcon.colcon_core.package_identification:_identify(logic) by extension 'colcon_meta'
[1.111s] Level 1:colcon.colcon_core.package_identification:_identify(logic) by extensions ['ros']
[1.111s] Level 1:colcon.colcon_core.package_identification:_identify(logic) by extension 'ros'
[1.114s] DEBUG:colcon.colcon_core.package_identification:Package 'logic' with type 'ros.ament_cmake' and name 'logic'
[1.115s] Level 1:colcon.colcon_core.package_identification:_identify(messages) by extensions ['ignore', 'ignore_ament_install']
[1.115s] Level 1:colcon.colcon_core.package_identification:_identify(messages) by extension 'ignore'
[1.116s] Level 1:colcon.colcon_core.package_identification:_identify(messages) by extension 'ignore_ament_install'
[1.116s] Level 1:colcon.colcon_core.package_identification:_identify(messages) by extensions ['colcon_pkg']
[1.116s] Level 1:colcon.colcon_core.package_identification:_identify(messages) by extension 'colcon_pkg'
[1.116s] Level 1:colcon.colcon_core.package_identification:_identify(messages) by extensions ['colcon_meta']
[1.117s] Level 1:colcon.colcon_core.package_identification:_identify(messages) by extension 'colcon_meta'
[1.117s] Level 1:colcon.colcon_core.package_identification:_identify(messages) by extensions ['ros']
[1.117s] Level 1:colcon.colcon_core.package_identification:_identify(messages) by extension 'ros'
[1.121s] DEBUG:colcon.colcon_core.package_identification:Package 'messages' with type 'ros.ament_cmake' and name 'messages'
[1.122s] Level 1:colcon.colcon_core.package_identification:_identify(power_distribution_panel) by extensions ['ignore', 'ignore_ament_install']
[1.122s] Level 1:colcon.colcon_core.package_identification:_identify(power_distribution_panel) by extension 'ignore'
[1.122s] Level 1:colcon.colcon_core.package_identification:_identify(power_distribution_panel) by extension 'ignore_ament_install'
[1.123s] Level 1:colcon.colcon_core.package_identification:_identify(power_distribution_panel) by extensions ['colcon_pkg']
[1.123s] Level 1:colcon.colcon_core.package_identification:_identify(power_distribution_panel) by extension 'colcon_pkg'
[1.123s] Level 1:colcon.colcon_core.package_identification:_identify(power_distribution_panel) by extensions ['colcon_meta']
[1.123s] Level 1:colcon.colcon_core.package_identification:_identify(power_distribution_panel) by extension 'colcon_meta'
[1.124s] Level 1:colcon.colcon_core.package_identification:_identify(power_distribution_panel) by extensions ['ros']
[1.124s] Level 1:colcon.colcon_core.package_identification:_identify(power_distribution_panel) by extension 'ros'
[1.127s] DEBUG:colcon.colcon_core.package_identification:Package 'power_distribution_panel' with type 'ros.ament_cmake' and name 'power_distribution_panel'
[1.128s] Level 1:colcon.colcon_core.package_identification:_identify(talon) by extensions ['ignore', 'ignore_ament_install']
[1.128s] Level 1:colcon.colcon_core.package_identification:_identify(talon) by extension 'ignore'
[1.128s] Level 1:colcon.colcon_core.package_identification:_identify(talon) by extension 'ignore_ament_install'
[1.129s] Level 1:colcon.colcon_core.package_identification:_identify(talon) by extensions ['colcon_pkg']
[1.129s] Level 1:colcon.colcon_core.package_identification:_identify(talon) by extension 'colcon_pkg'
[1.129s] Level 1:colcon.colcon_core.package_identification:_identify(talon) by extensions ['colcon_meta']
[1.129s] Level 1:colcon.colcon_core.package_identification:_identify(talon) by extension 'colcon_meta'
[1.130s] Level 1:colcon.colcon_core.package_identification:_identify(talon) by extensions ['ros']
[1.130s] Level 1:colcon.colcon_core.package_identification:_identify(talon) by extension 'ros'
[1.133s] DEBUG:colcon.colcon_core.package_identification:Package 'talon' with type 'ros.ament_cmake' and name 'talon'
[1.133s] Level 1:colcon.colcon_core.package_identification:_identify(zed_tracking) by extensions ['ignore', 'ignore_ament_install']
[1.134s] Level 1:colcon.colcon_core.package_identification:_identify(zed_tracking) by extension 'ignore'
[1.134s] Level 1:colcon.colcon_core.package_identification:_identify(zed_tracking) by extension 'ignore_ament_install'
[1.134s] Level 1:colcon.colcon_core.package_identification:_identify(zed_tracking) by extensions ['colcon_pkg']
[1.134s] Level 1:colcon.colcon_core.package_identification:_identify(zed_tracking) by extension 'colcon_pkg'
[1.135s] Level 1:colcon.colcon_core.package_identification:_identify(zed_tracking) by extensions ['colcon_meta']
[1.135s] Level 1:colcon.colcon_core.package_identification:_identify(zed_tracking) by extension 'colcon_meta'
[1.135s] Level 1:colcon.colcon_core.package_identification:_identify(zed_tracking) by extensions ['ros']
[1.135s] Level 1:colcon.colcon_core.package_identification:_identify(zed_tracking) by extension 'ros'
[1.138s] DEBUG:colcon.colcon_core.package_identification:Package 'zed_tracking' with type 'ros.ament_cmake' and name 'zed_tracking'
[1.139s] Level 1:colcon.colcon_core.package_discovery:discover_packages(recursive) using defaults
[1.140s] Level 1:colcon.colcon_core.package_discovery:discover_packages(ignore) discover
[1.140s] Level 1:colcon.colcon_core.package_discovery:discover_packages(ignore) using defaults
[1.140s] Level 1:colcon.colcon_core.package_discovery:discover_packages(path) discover
[1.140s] Level 1:colcon.colcon_core.package_discovery:discover_packages(path) using defaults
[1.274s] Level 5:colcon.colcon_core.verb:set package 'autonomy' build argument 'cmake_args' from command line to 'None'
[1.275s] Level 5:colcon.colcon_core.verb:set package 'autonomy' build argument 'cmake_target' from command line to 'None'
[1.275s] Level 5:colcon.colcon_core.verb:set package 'autonomy' build argument 'cmake_target_skip_unavailable' from command line to 'False'
[1.275s] Level 5:colcon.colcon_core.verb:set package 'autonomy' build argument 'cmake_clean_cache' from command line to 'False'
[1.275s] Level 5:colcon.colcon_core.verb:set package 'autonomy' build argument 'cmake_clean_first' from command line to 'False'
[1.275s] Level 5:colcon.colcon_core.verb:set package 'autonomy' build argument 'cmake_force_configure' from command line to 'False'
[1.276s] Level 5:colcon.colcon_core.verb:set package 'autonomy' build argument 'ament_cmake_args' from command line to 'None'
[1.276s] Level 5:colcon.colcon_core.verb:set package 'autonomy' build argument 'catkin_cmake_args' from command line to 'None'
[1.276s] Level 5:colcon.colcon_core.verb:set package 'autonomy' build argument 'catkin_skip_building_tests' from command line to 'False'
[1.276s] DEBUG:colcon.colcon_core.verb:Building package 'autonomy' with the following arguments: {'ament_cmake_args': None, 'build_base': '/home/team/SoftwareDevelopment/ROS2/skinny/src/build/autonomy', 'catkin_cmake_args': None, 'catkin_skip_building_tests': False, 'cmake_args': None, 'cmake_clean_cache': False, 'cmake_clean_first': False, 'cmake_force_configure': False, 'cmake_target': None, 'cmake_target_skip_unavailable': False, 'install_base': '/home/team/SoftwareDevelopment/ROS2/skinny/src/install/autonomy', 'merge_install': False, 'path': '/home/team/SoftwareDevelopment/ROS2/skinny/src/autonomy', 'symlink_install': False, 'test_result_base': None}
[1.302s] Level 5:colcon.colcon_core.verb:set package 'excavation' build argument 'cmake_args' from command line to 'None'
[1.302s] Level 5:colcon.colcon_core.verb:set package 'excavation' build argument 'cmake_target' from command line to 'None'
[1.302s] Level 5:colcon.colcon_core.verb:set package 'excavation' build argument 'cmake_target_skip_unavailable' from command line to 'False'
[1.302s] Level 5:colcon.colcon_core.verb:set package 'excavation' build argument 'cmake_clean_cache' from command line to 'False'
[1.302s] Level 5:colcon.colcon_core.verb:set package 'excavation' build argument 'cmake_clean_first' from command line to 'False'
[1.303s] Level 5:colcon.colcon_core.verb:set package 'excavation' build argument 'cmake_force_configure' from command line to 'False'
[1.303s] Level 5:colcon.colcon_core.verb:set package 'excavation' build argument 'ament_cmake_args' from command line to 'None'
[1.303s] Level 5:colcon.colcon_core.verb:set package 'excavation' build argument 'catkin_cmake_args' from command line to 'None'
[1.303s] Level 5:colcon.colcon_core.verb:set package 'excavation' build argument 'catkin_skip_building_tests' from command line to 'False'
[1.303s] DEBUG:colcon.colcon_core.verb:Building package 'excavation' with the following arguments: {'ament_cmake_args': None, 'build_base': '/home/team/SoftwareDevelopment/ROS2/skinny/src/build/excavation', 'catkin_cmake_args': None, 'catkin_skip_building_tests': False, 'cmake_args': None, 'cmake_clean_cache': False, 'cmake_clean_first': False, 'cmake_force_configure': False, 'cmake_target': None, 'cmake_target_skip_unavailable': False, 'install_base': '/home/team/SoftwareDevelopment/ROS2/skinny/src/install/excavation', 'merge_install': False, 'path': '/home/team/SoftwareDevelopment/ROS2/skinny/src/excavation', 'symlink_install': False, 'test_result_base': None}
[1.325s] Level 5:colcon.colcon_core.verb:set package 'messages' build argument 'cmake_args' from command line to 'None'
[1.326s] Level 5:colcon.colcon_core.verb:set package 'messages' build argument 'cmake_target' from command line to 'None'
[1.326s] Level 5:colcon.colcon_core.verb:set package 'messages' build argument 'cmake_target_skip_unavailable' from command line to 'False'
[1.326s] Level 5:colcon.colcon_core.verb:set package 'messages' build argument 'cmake_clean_cache' from command line to 'False'
[1.326s] Level 5:colcon.colcon_core.verb:set package 'messages' build argument 'cmake_clean_first' from command line to 'False'
[1.326s] Level 5:colcon.colcon_core.verb:set package 'messages' build argument 'cmake_force_configure' from command line to 'False'
[1.327s] Level 5:colcon.colcon_core.verb:set package 'messages' build argument 'ament_cmake_args' from command line to 'None'
[1.327s] Level 5:colcon.colcon_core.verb:set package 'messages' build argument 'catkin_cmake_args' from command line to 'None'
[1.327s] Level 5:colcon.colcon_core.verb:set package 'messages' build argument 'catkin_skip_building_tests' from command line to 'False'
[1.327s] DEBUG:colcon.colcon_core.verb:Building package 'messages' with the following arguments: {'ament_cmake_args': None, 'build_base': '/home/team/SoftwareDevelopment/ROS2/skinny/src/build/messages', 'catkin_cmake_args': None, 'catkin_skip_building_tests': False, 'cmake_args': None, 'cmake_clean_cache': False, 'cmake_clean_first': False, 'cmake_force_configure': False, 'cmake_target': None, 'cmake_target_skip_unavailable': False, 'install_base': '/home/team/SoftwareDevelopment/ROS2/skinny/src/install/messages', 'merge_install': False, 'path': '/home/team/SoftwareDevelopment/ROS2/skinny/src/messages', 'symlink_install': False, 'test_result_base': None}
[1.349s] Level 5:colcon.colcon_core.verb:set package 'communication' build argument 'cmake_args' from command line to 'None'
[1.349s] Level 5:colcon.colcon_core.verb:set package 'communication' build argument 'cmake_target' from command line to 'None'
[1.349s] Level 5:colcon.colcon_core.verb:set package 'communication' build argument 'cmake_target_skip_unavailable' from command line to 'False'
[1.349s] Level 5:colcon.colcon_core.verb:set package 'communication' build argument 'cmake_clean_cache' from command line to 'False'
[1.350s] Level 5:colcon.colcon_core.verb:set package 'communication' build argument 'cmake_clean_first' from command line to 'False'
[1.350s] Level 5:colcon.colcon_core.verb:set package 'communication' build argument 'cmake_force_configure' from command line to 'False'
[1.350s] Level 5:colcon.colcon_core.verb:set package 'communication' build argument 'ament_cmake_args' from command line to 'None'
[1.350s] Level 5:colcon.colcon_core.verb:set package 'communication' build argument 'catkin_cmake_args' from command line to 'None'
[1.350s] Level 5:colcon.colcon_core.verb:set package 'communication' build argument 'catkin_skip_building_tests' from command line to 'False'
[1.351s] DEBUG:colcon.colcon_core.verb:Building package 'communication' with the following arguments: {'ament_cmake_args': None, 'build_base': '/home/team/SoftwareDevelopment/ROS2/skinny/src/build/communication', 'catkin_cmake_args': None, 'catkin_skip_building_tests': False, 'cmake_args': None, 'cmake_clean_cache': False, 'cmake_clean_first': False, 'cmake_force_configure': False, 'cmake_target': None, 'cmake_target_skip_unavailable': False, 'install_base': '/home/team/SoftwareDevelopment/ROS2/skinny/src/install/communication', 'merge_install': False, 'path': '/home/team/SoftwareDevelopment/ROS2/skinny/src/communication', 'symlink_install': False, 'test_result_base': None}
[1.372s] Level 5:colcon.colcon_core.verb:set package 'logic' build argument 'cmake_args' from command line to 'None'
[1.372s] Level 5:colcon.colcon_core.verb:set package 'logic' build argument 'cmake_target' from command line to 'None'
[1.373s] Level 5:colcon.colcon_core.verb:set package 'logic' build argument 'cmake_target_skip_unavailable' from command line to 'False'
[1.373s] Level 5:colcon.colcon_core.verb:set package 'logic' build argument 'cmake_clean_cache' from command line to 'False'
[1.373s] Level 5:colcon.colcon_core.verb:set package 'logic' build argument 'cmake_clean_first' from command line to 'False'
[1.373s] Level 5:colcon.colcon_core.verb:set package 'logic' build argument 'cmake_force_configure' from command line to 'False'
[1.373s] Level 5:colcon.colcon_core.verb:set package 'logic' build argument 'ament_cmake_args' from command line to 'None'
[1.374s] Level 5:colcon.colcon_core.verb:set package 'logic' build argument 'catkin_cmake_args' from command line to 'None'
[1.374s] Level 5:colcon.colcon_core.verb:set package 'logic' build argument 'catkin_skip_building_tests' from command line to 'False'
[1.374s] DEBUG:colcon.colcon_core.verb:Building package 'logic' with the following arguments: {'ament_cmake_args': None, 'build_base': '/home/team/SoftwareDevelopment/ROS2/skinny/src/build/logic', 'catkin_cmake_args': None, 'catkin_skip_building_tests': False, 'cmake_args': None, 'cmake_clean_cache': False, 'cmake_clean_first': False, 'cmake_force_configure': False, 'cmake_target': None, 'cmake_target_skip_unavailable': False, 'install_base': '/home/team/SoftwareDevelopment/ROS2/skinny/src/install/logic', 'merge_install': False, 'path': '/home/team/SoftwareDevelopment/ROS2/skinny/src/logic', 'symlink_install': False, 'test_result_base': None}
[1.396s] Level 5:colcon.colcon_core.verb:set package 'power_distribution_panel' build argument 'cmake_args' from command line to 'None'
[1.396s] Level 5:colcon.colcon_core.verb:set package 'power_distribution_panel' build argument 'cmake_target' from command line to 'None'
[1.396s] Level 5:colcon.colcon_core.verb:set package 'power_distribution_panel' build argument 'cmake_target_skip_unavailable' from command line to 'False'
[1.396s] Level 5:colcon.colcon_core.verb:set package 'power_distribution_panel' build argument 'cmake_clean_cache' from command line to 'False'
[1.396s] Level 5:colcon.colcon_core.verb:set package 'power_distribution_panel' build argument 'cmake_clean_first' from command line to 'False'
[1.397s] Level 5:colcon.colcon_core.verb:set package 'power_distribution_panel' build argument 'cmake_force_configure' from command line to 'False'
[1.397s] Level 5:colcon.colcon_core.verb:set package 'power_distribution_panel' build argument 'ament_cmake_args' from command line to 'None'
[1.397s] Level 5:colcon.colcon_core.verb:set package 'power_distribution_panel' build argument 'catkin_cmake_args' from command line to 'None'
[1.397s] Level 5:colcon.colcon_core.verb:set package 'power_distribution_panel' build argument 'catkin_skip_building_tests' from command line to 'False'
[1.397s] DEBUG:colcon.colcon_core.verb:Building package 'power_distribution_panel' with the following arguments: {'ament_cmake_args': None, 'build_base': '/home/team/SoftwareDevelopment/ROS2/skinny/src/build/power_distribution_panel', 'catkin_cmake_args': None, 'catkin_skip_building_tests': False, 'cmake_args': None, 'cmake_clean_cache': False, 'cmake_clean_first': False, 'cmake_force_configure': False, 'cmake_target': None, 'cmake_target_skip_unavailable': False, 'install_base': '/home/team/SoftwareDevelopment/ROS2/skinny/src/install/power_distribution_panel', 'merge_install': False, 'path': '/home/team/SoftwareDevelopment/ROS2/skinny/src/power_distribution_panel', 'symlink_install': False, 'test_result_base': None}
[1.419s] Level 5:colcon.colcon_core.verb:set package 'talon' build argument 'cmake_args' from command line to 'None'
[1.419s] Level 5:colcon.colcon_core.verb:set package 'talon' build argument 'cmake_target' from command line to 'None'
[1.419s] Level 5:colcon.colcon_core.verb:set package 'talon' build argument 'cmake_target_skip_unavailable' from command line to 'False'
[1.420s] Level 5:colcon.colcon_core.verb:set package 'talon' build argument 'cmake_clean_cache' from command line to 'False'
[1.420s] Level 5:colcon.colcon_core.verb:set package 'talon' build argument 'cmake_clean_first' from command line to 'False'
[1.420s] Level 5:colcon.colcon_core.verb:set package 'talon' build argument 'cmake_force_configure' from command line to 'False'
[1.420s] Level 5:colcon.colcon_core.verb:set package 'talon' build argument 'ament_cmake_args' from command line to 'None'
[1.420s] Level 5:colcon.colcon_core.verb:set package 'talon' build argument 'catkin_cmake_args' from command line to 'None'
[1.420s] Level 5:colcon.colcon_core.verb:set package 'talon' build argument 'catkin_skip_building_tests' from command line to 'False'
[1.421s] DEBUG:colcon.colcon_core.verb:Building package 'talon' with the following arguments: {'ament_cmake_args': None, 'build_base': '/home/team/SoftwareDevelopment/ROS2/skinny/src/build/talon', 'catkin_cmake_args': None, 'catkin_skip_building_tests': False, 'cmake_args': None, 'cmake_clean_cache': False, 'cmake_clean_first': False, 'cmake_force_configure': False, 'cmake_target': None, 'cmake_target_skip_unavailable': False, 'install_base': '/home/team/SoftwareDevelopment/ROS2/skinny/src/install/talon', 'merge_install': False, 'path': '/home/team/SoftwareDevelopment/ROS2/skinny/src/talon', 'symlink_install': False, 'test_result_base': None}
[1.442s] Level 5:colcon.colcon_core.verb:set package 'zed_tracking' build argument 'cmake_args' from command line to 'None'
[1.442s] Level 5:colcon.colcon_core.verb:set package 'zed_tracking' build argument 'cmake_target' from command line to 'None'
[1.443s] Level 5:colcon.colcon_core.verb:set package 'zed_tracking' build argument 'cmake_target_skip_unavailable' from command line to 'False'
[1.443s] Level 5:colcon.colcon_core.verb:set package 'zed_tracking' build argument 'cmake_clean_cache' from command line to 'False'
[1.443s] Level 5:colcon.colcon_core.verb:set package 'zed_tracking' build argument 'cmake_clean_first' from command line to 'False'
[1.443s] Level 5:colcon.colcon_core.verb:set package 'zed_tracking' build argument 'cmake_force_configure' from command line to 'False'
[1.443s] Level 5:colcon.colcon_core.verb:set package 'zed_tracking' build argument 'ament_cmake_args' from command line to 'None'
[1.443s] Level 5:colcon.colcon_core.verb:set package 'zed_tracking' build argument 'catkin_cmake_args' from command line to 'None'
[1.444s] Level 5:colcon.colcon_core.verb:set package 'zed_tracking' build argument 'catkin_skip_building_tests' from command line to 'False'
[1.444s] DEBUG:colcon.colcon_core.verb:Building package 'zed_tracking' with the following arguments: {'ament_cmake_args': None, 'build_base': '/home/team/SoftwareDevelopment/ROS2/skinny/src/build/zed_tracking', 'catkin_cmake_args': None, 'catkin_skip_building_tests': False, 'cmake_args': None, 'cmake_clean_cache': False, 'cmake_clean_first': False, 'cmake_force_configure': False, 'cmake_target': None, 'cmake_target_skip_unavailable': False, 'install_base': '/home/team/SoftwareDevelopment/ROS2/skinny/src/install/zed_tracking', 'merge_install': False, 'path': '/home/team/SoftwareDevelopment/ROS2/skinny/src/zed_tracking', 'symlink_install': False, 'test_result_base': None}
[1.446s] INFO:colcon.colcon_core.executor:Executing jobs using 'parallel' executor
[1.457s] DEBUG:colcon.colcon_parallel_executor.executor.parallel:run_until_complete
[1.458s] INFO:colcon.colcon_ros.task.ament_cmake.build:Building ROS package in '/home/team/SoftwareDevelopment/ROS2/skinny/src/messages' with build type 'ament_cmake'
[1.498s] INFO:colcon.colcon_cmake.task.cmake.build:Building CMake package in '/home/team/SoftwareDevelopment/ROS2/skinny/src/messages'
[1.518s] INFO:colcon.colcon_core.plugin_system:Skipping extension 'colcon_core.shell.bat': Not used on non-Windows systems
[1.519s] INFO:colcon.colcon_core.shell:Skip shell extension 'powershell' for command environment: Not usable outside of PowerShell
[1.519s] DEBUG:colcon.colcon_core.shell:Skip shell extension 'dsv' for command environment
[1.538s] DEBUG:colcon.colcon_core.shell:Ignoring prefix path '/opt/ros/eloquent'
[1.548s] INFO:colcon.colcon_ros.task.ament_cmake.build:Building ROS package in '/home/team/SoftwareDevelopment/ROS2/skinny/src/autonomy' with build type 'ament_cmake'
[1.549s] INFO:colcon.colcon_cmake.task.cmake.build:Building CMake package in '/home/team/SoftwareDevelopment/ROS2/skinny/src/autonomy'
[1.553s] INFO:colcon.colcon_core.shell:Skip shell extension 'powershell' for command environment: Not usable outside of PowerShell
[1.554s] DEBUG:colcon.colcon_core.shell:Skip shell extension 'dsv' for command environment
[1.574s] DEBUG:colcon.colcon_core.shell:Ignoring prefix path '/opt/ros/eloquent'
[1.582s] INFO:colcon.colcon_ros.task.ament_python.build:Building ROS package in '/home/team/SoftwareDevelopment/ROS2/skinny/src/excavation' with build type 'ament_python'
[1.583s] Level 1:colcon.colcon_core.shell:create_environment_hook('excavation', 'ament_prefix_path')
[1.587s] INFO:colcon.colcon_core.shell:Creating environment hook '/home/team/SoftwareDevelopment/ROS2/skinny/src/install/excavation/share/excavation/hook/ament_prefix_path.ps1'
[1.592s] INFO:colcon.colcon_core.shell:Creating environment descriptor '/home/team/SoftwareDevelopment/ROS2/skinny/src/install/excavation/share/excavation/hook/ament_prefix_path.dsv'
[1.594s] INFO:colcon.colcon_core.shell:Creating environment hook '/home/team/SoftwareDevelopment/ROS2/skinny/src/install/excavation/share/excavation/hook/ament_prefix_path.sh'
[1.601s] INFO:colcon.colcon_core.shell:Skip shell extension 'powershell' for command environment: Not usable outside of PowerShell
[1.601s] DEBUG:colcon.colcon_core.shell:Skip shell extension 'dsv' for command environment
[1.617s] DEBUG:colcon.colcon_core.shell:Ignoring prefix path '/opt/ros/eloquent'
[1.647s] DEBUG:colcon.colcon_core.event_handler.log_command:Invoking command in '/home/team/SoftwareDevelopment/ROS2/skinny/src/build/messages': CMAKE_PREFIX_PATH=${CMAKE_PREFIX_PATH}:/home/team/SoftwareDevelopment/ROS2/skinny/src/install/excavation:/opt/ros/eloquent /usr/bin/cmake --build /home/team/SoftwareDevelopment/ROS2/skinny/src/build/messages -- -j4 -l4
[1.672s] DEBUG:colcon.colcon_core.event_handler.log_command:Invoking command in '/home/team/SoftwareDevelopment/ROS2/skinny/src/build/autonomy': CMAKE_PREFIX_PATH=${CMAKE_PREFIX_PATH}:/home/team/SoftwareDevelopment/ROS2/skinny/src/install/excavation:/opt/ros/eloquent /usr/bin/cmake --build /home/team/SoftwareDevelopment/ROS2/skinny/src/build/autonomy -- -j4 -l4
[3.174s] INFO:colcon.colcon_core.task.python.build:Building Python package in '/home/team/SoftwareDevelopment/ROS2/skinny/src/excavation'
[3.179s] INFO:colcon.colcon_core.shell:Skip shell extension 'powershell' for command environment: Not usable outside of PowerShell
[3.179s] DEBUG:colcon.colcon_core.shell:Skip shell extension 'dsv' for command environment
[3.196s] DEBUG:colcon.colcon_core.shell:Ignoring prefix path '/opt/ros/eloquent'
[3.230s] DEBUG:colcon.colcon_core.event_handler.log_command:Invoked command in '/home/team/SoftwareDevelopment/ROS2/skinny/src/build/messages' returned '0': CMAKE_PREFIX_PATH=${CMAKE_PREFIX_PATH}:/home/team/SoftwareDevelopment/ROS2/skinny/src/install/excavation:/opt/ros/eloquent /usr/bin/cmake --build /home/team/SoftwareDevelopment/ROS2/skinny/src/build/messages -- -j4 -l4
[3.233s] DEBUG:colcon.colcon_core.event_handler.log_command:Invoked command in '/home/team/SoftwareDevelopment/ROS2/skinny/src/build/autonomy' returned '0': CMAKE_PREFIX_PATH=${CMAKE_PREFIX_PATH}:/home/team/SoftwareDevelopment/ROS2/skinny/src/install/excavation:/opt/ros/eloquent /usr/bin/cmake --build /home/team/SoftwareDevelopment/ROS2/skinny/src/build/autonomy -- -j4 -l4
[3.255s] DEBUG:colcon.colcon_core.event_handler.log_command:Invoking command in '/home/team/SoftwareDevelopment/ROS2/skinny/src/excavation': PYTHONPATH=/home/team/SoftwareDevelopment/ROS2/skinny/src/install/excavation/lib/python3.6/site-packages:${PYTHONPATH} /usr/bin/python3 setup.py egg_info --egg-base ../build/excavation build --build-base /home/team/SoftwareDevelopment/ROS2/skinny/src/build/excavation/build install --prefix /home/team/SoftwareDevelopment/ROS2/skinny/src/install/excavation --record /home/team/SoftwareDevelopment/ROS2/skinny/src/build/excavation/install.log --single-version-externally-managed
[3.376s] DEBUG:colcon.colcon_core.event_handler.log_command:Invoking command in '/home/team/SoftwareDevelopment/ROS2/skinny/src/build/autonomy': CMAKE_PREFIX_PATH=${CMAKE_PREFIX_PATH}:/home/team/SoftwareDevelopment/ROS2/skinny/src/install/excavation:/opt/ros/eloquent /usr/bin/cmake --build /home/team/SoftwareDevelopment/ROS2/skinny/src/build/autonomy --target install -- -j4 -l4
[3.706s] Level 1:colcon.colcon_core.environment:create_environment_scripts_only(autonomy)
[3.711s] DEBUG:colcon.colcon_core.event_handler.log_command:Invoked command in '/home/team/SoftwareDevelopment/ROS2/skinny/src/build/autonomy' returned '0': CMAKE_PREFIX_PATH=${CMAKE_PREFIX_PATH}:/home/team/SoftwareDevelopment/ROS2/skinny/src/install/excavation:/opt/ros/eloquent /usr/bin/cmake --build /home/team/SoftwareDevelopment/ROS2/skinny/src/build/autonomy --target install -- -j4 -l4
[3.728s] Level 1:colcon.colcon_core.environment:checking '/home/team/SoftwareDevelopment/ROS2/skinny/src/install/autonomy' for CMake module files
[3.732s] Level 1:colcon.colcon_core.environment:checking '/home/team/SoftwareDevelopment/ROS2/skinny/src/install/autonomy' for CMake config files
[3.734s] Level 1:colcon.colcon_core.shell:create_environment_hook('autonomy', 'cmake_prefix_path')
[3.738s] INFO:colcon.colcon_core.shell:Creating environment hook '/home/team/SoftwareDevelopment/ROS2/skinny/src/install/autonomy/share/autonomy/hook/cmake_prefix_path.ps1'
[3.741s] INFO:colcon.colcon_core.shell:Creating environment descriptor '/home/team/SoftwareDevelopment/ROS2/skinny/src/install/autonomy/share/autonomy/hook/cmake_prefix_path.dsv'
[3.742s] INFO:colcon.colcon_core.shell:Creating environment hook '/home/team/SoftwareDevelopment/ROS2/skinny/src/install/autonomy/share/autonomy/hook/cmake_prefix_path.sh'
[3.747s] Level 1:colcon.colcon_core.environment:checking '/home/team/SoftwareDevelopment/ROS2/skinny/src/install/autonomy/lib'
[3.748s] Level 1:colcon.colcon_core.environment:checking '/home/team/SoftwareDevelopment/ROS2/skinny/src/install/autonomy/bin'
[3.749s] Level 1:colcon.colcon_core.environment:checking '/home/team/SoftwareDevelopment/ROS2/skinny/src/install/autonomy/lib/pkgconfig/autonomy.pc'
[3.749s] Level 1:colcon.colcon_core.environment:checking '/home/team/SoftwareDevelopment/ROS2/skinny/src/install/autonomy/lib/python3.6/site-packages'
[3.754s] INFO:colcon.colcon_core.shell:Creating package script '/home/team/SoftwareDevelopment/ROS2/skinny/src/install/autonomy/share/autonomy/package.ps1'
[3.759s] INFO:colcon.colcon_core.shell:Creating package descriptor '/home/team/SoftwareDevelopment/ROS2/skinny/src/install/autonomy/share/autonomy/package.dsv'
[3.762s] INFO:colcon.colcon_core.shell:Creating package script '/home/team/SoftwareDevelopment/ROS2/skinny/src/install/autonomy/share/autonomy/package.sh'
[3.767s] INFO:colcon.colcon_core.shell:Creating package script '/home/team/SoftwareDevelopment/ROS2/skinny/src/install/autonomy/share/autonomy/package.bash'
[3.772s] INFO:colcon.colcon_core.shell:Creating package script '/home/team/SoftwareDevelopment/ROS2/skinny/src/install/autonomy/share/autonomy/package.zsh'
[3.777s] Level 1:colcon.colcon_core.environment:create_file_with_runtime_dependencies(/home/team/SoftwareDevelopment/ROS2/skinny/src/install/autonomy/share/colcon-core/packages/autonomy)
[3.872s] Level 1:colcon.colcon_core.environment:create_environment_scripts_only(autonomy)
[3.878s] Level 1:colcon.colcon_core.environment:checking '/home/team/SoftwareDevelopment/ROS2/skinny/src/install/autonomy' for CMake module files
[3.882s] Level 1:colcon.colcon_core.environment:checking '/home/team/SoftwareDevelopment/ROS2/skinny/src/install/autonomy' for CMake config files
[3.884s] Level 1:colcon.colcon_core.shell:create_environment_hook('autonomy', 'cmake_prefix_path')
[3.888s] INFO:colcon.colcon_core.shell:Creating environment hook '/home/team/SoftwareDevelopment/ROS2/skinny/src/install/autonomy/share/autonomy/hook/cmake_prefix_path.ps1'
[3.890s] INFO:colcon.colcon_core.shell:Creating environment descriptor '/home/team/SoftwareDevelopment/ROS2/skinny/src/install/autonomy/share/autonomy/hook/cmake_prefix_path.dsv'
[3.892s] INFO:colcon.colcon_core.shell:Creating environment hook '/home/team/SoftwareDevelopment/ROS2/skinny/src/install/autonomy/share/autonomy/hook/cmake_prefix_path.sh'
[3.896s] Level 1:colcon.colcon_core.environment:checking '/home/team/SoftwareDevelopment/ROS2/skinny/src/install/autonomy/lib'
[3.897s] Level 1:colcon.colcon_core.environment:checking '/home/team/SoftwareDevelopment/ROS2/skinny/src/install/autonomy/bin'
[3.898s] Level 1:colcon.colcon_core.environment:checking '/home/team/SoftwareDevelopment/ROS2/skinny/src/install/autonomy/lib/pkgconfig/autonomy.pc'
[3.898s] Level 1:colcon.colcon_core.environment:checking '/home/team/SoftwareDevelopment/ROS2/skinny/src/install/autonomy/lib/python3.6/site-packages'
[3.903s] INFO:colcon.colcon_core.shell:Creating package script '/home/team/SoftwareDevelopment/ROS2/skinny/src/install/autonomy/share/autonomy/package.ps1'
[3.906s] INFO:colcon.colcon_core.shell:Creating package descriptor '/home/team/SoftwareDevelopment/ROS2/skinny/src/install/autonomy/share/autonomy/package.dsv'
[3.909s] INFO:colcon.colcon_core.shell:Creating package script '/home/team/SoftwareDevelopment/ROS2/skinny/src/install/autonomy/share/autonomy/package.sh'
[3.912s] INFO:colcon.colcon_core.shell:Creating package script '/home/team/SoftwareDevelopment/ROS2/skinny/src/install/autonomy/share/autonomy/package.bash'
[3.915s] INFO:colcon.colcon_core.shell:Creating package script '/home/team/SoftwareDevelopment/ROS2/skinny/src/install/autonomy/share/autonomy/package.zsh'
[3.917s] Level 1:colcon.colcon_core.environment:create_file_with_runtime_dependencies(/home/team/SoftwareDevelopment/ROS2/skinny/src/install/autonomy/share/colcon-core/packages/autonomy)
[3.970s] DEBUG:colcon.colcon_core.event_handler.log_command:Invoking command in '/home/team/SoftwareDevelopment/ROS2/skinny/src/build/messages': CMAKE_PREFIX_PATH=${CMAKE_PREFIX_PATH}:/home/team/SoftwareDevelopment/ROS2/skinny/src/install/excavation:/opt/ros/eloquent /usr/bin/cmake --build /home/team/SoftwareDevelopment/ROS2/skinny/src/build/messages --target install -- -j4 -l4
[5.230s] Level 1:colcon.colcon_core.environment:checking '/home/team/SoftwareDevelopment/ROS2/skinny/src/install/excavation' for CMake module files
[5.233s] DEBUG:colcon.colcon_core.event_handler.log_command:Invoked command in '/home/team/SoftwareDevelopment/ROS2/skinny/src/excavation' returned '0': PYTHONPATH=/home/team/SoftwareDevelopment/ROS2/skinny/src/install/excavation/lib/python3.6/site-packages:${PYTHONPATH} /usr/bin/python3 setup.py egg_info --egg-base ../build/excavation build --build-base /home/team/SoftwareDevelopment/ROS2/skinny/src/build/excavation/build install --prefix /home/team/SoftwareDevelopment/ROS2/skinny/src/install/excavation --record /home/team/SoftwareDevelopment/ROS2/skinny/src/build/excavation/install.log --single-version-externally-managed
[5.235s] Level 1:colcon.colcon_core.environment:checking '/home/team/SoftwareDevelopment/ROS2/skinny/src/install/excavation' for CMake config files
[5.239s] Level 1:colcon.colcon_core.environment:checking '/home/team/SoftwareDevelopment/ROS2/skinny/src/install/excavation/lib'
[5.239s] Level 1:colcon.colcon_core.environment:checking '/home/team/SoftwareDevelopment/ROS2/skinny/src/install/excavation/bin'
[5.240s] Level 1:colcon.colcon_core.environment:checking '/home/team/SoftwareDevelopment/ROS2/skinny/src/install/excavation/lib/pkgconfig/excavation.pc'
[5.240s] Level 1:colcon.colcon_core.environment:checking '/home/team/SoftwareDevelopment/ROS2/skinny/src/install/excavation/lib/python3.6/site-packages'
[5.241s] Level 1:colcon.colcon_core.shell:create_environment_hook('excavation', 'pythonpath')
[5.244s] INFO:colcon.colcon_core.shell:Creating environment hook '/home/team/SoftwareDevelopment/ROS2/skinny/src/install/excavation/share/excavation/hook/pythonpath.ps1'
[5.246s] INFO:colcon.colcon_core.shell:Creating environment descriptor '/home/team/SoftwareDevelopment/ROS2/skinny/src/install/excavation/share/excavation/hook/pythonpath.dsv'
[5.248s] INFO:colcon.colcon_core.shell:Creating environment hook '/home/team/SoftwareDevelopment/ROS2/skinny/src/install/excavation/share/excavation/hook/pythonpath.sh'
[5.250s] Level 1:colcon.colcon_core.environment:create_environment_scripts_only(excavation)
[5.254s] INFO:colcon.colcon_core.shell:Creating package script '/home/team/SoftwareDevelopment/ROS2/skinny/src/install/excavation/share/excavation/package.ps1'
[5.257s] INFO:colcon.colcon_core.shell:Creating package descriptor '/home/team/SoftwareDevelopment/ROS2/skinny/src/install/excavation/share/excavation/package.dsv'
[5.259s] INFO:colcon.colcon_core.shell:Creating package script '/home/team/SoftwareDevelopment/ROS2/skinny/src/install/excavation/share/excavation/package.sh'
[5.261s] INFO:colcon.colcon_core.shell:Creating package script '/home/team/SoftwareDevelopment/ROS2/skinny/src/install/excavation/share/excavation/package.bash'
[5.263s] INFO:colcon.colcon_core.shell:Creating package script '/home/team/SoftwareDevelopment/ROS2/skinny/src/install/excavation/share/excavation/package.zsh'
[5.264s] Level 1:colcon.colcon_core.environment:create_file_with_runtime_dependencies(/home/team/SoftwareDevelopment/ROS2/skinny/src/install/excavation/share/colcon-core/packages/excavation)
[5.360s] Level 1:colcon.colcon_core.environment:create_environment_scripts_only(messages)
[5.367s] Level 1:colcon.colcon_core.environment:checking '/home/team/SoftwareDevelopment/ROS2/skinny/src/install/messages' for CMake module files
[5.377s] DEBUG:colcon.colcon_core.event_handler.log_command:Invoked command in '/home/team/SoftwareDevelopment/ROS2/skinny/src/build/messages' returned '0': CMAKE_PREFIX_PATH=${CMAKE_PREFIX_PATH}:/home/team/SoftwareDevelopment/ROS2/skinny/src/install/excavation:/opt/ros/eloquent /usr/bin/cmake --build /home/team/SoftwareDevelopment/ROS2/skinny/src/build/messages --target install -- -j4 -l4
[5.377s] Level 1:colcon.colcon_core.environment:checking '/home/team/SoftwareDevelopment/ROS2/skinny/src/install/messages' for CMake config files
[5.381s] Level 1:colcon.colcon_core.shell:create_environment_hook('messages', 'cmake_prefix_path')
[5.384s] INFO:colcon.colcon_core.shell:Creating environment hook '/home/team/SoftwareDevelopment/ROS2/skinny/src/install/messages/share/messages/hook/cmake_prefix_path.ps1'
[5.386s] INFO:colcon.colcon_core.shell:Creating environment descriptor '/home/team/SoftwareDevelopment/ROS2/skinny/src/install/messages/share/messages/hook/cmake_prefix_path.dsv'
[5.388s] INFO:colcon.colcon_core.shell:Creating environment hook '/home/team/SoftwareDevelopment/ROS2/skinny/src/install/messages/share/messages/hook/cmake_prefix_path.sh'
[5.391s] Level 1:colcon.colcon_core.environment:checking '/home/team/SoftwareDevelopment/ROS2/skinny/src/install/messages/lib'
[5.391s] Level 1:colcon.colcon_core.shell:create_environment_hook('messages', 'ld_library_path_lib')
[5.395s] INFO:colcon.colcon_core.shell:Creating environment hook '/home/team/SoftwareDevelopment/ROS2/skinny/src/install/messages/share/messages/hook/ld_library_path_lib.ps1'
[5.397s] INFO:colcon.colcon_core.shell:Creating environment descriptor '/home/team/SoftwareDevelopment/ROS2/skinny/src/install/messages/share/messages/hook/ld_library_path_lib.dsv'
[5.398s] INFO:colcon.colcon_core.shell:Creating environment hook '/home/team/SoftwareDevelopment/ROS2/skinny/src/install/messages/share/messages/hook/ld_library_path_lib.sh'
[5.399s] Level 1:colcon.colcon_core.environment:checking '/home/team/SoftwareDevelopment/ROS2/skinny/src/install/messages/bin'
[5.400s] Level 1:colcon.colcon_core.environment:checking '/home/team/SoftwareDevelopment/ROS2/skinny/src/install/messages/lib/pkgconfig/messages.pc'
[5.400s] Level 1:colcon.colcon_core.environment:checking '/home/team/SoftwareDevelopment/ROS2/skinny/src/install/messages/lib/python3.6/site-packages'
[5.400s] Level 1:colcon.colcon_core.shell:create_environment_hook('messages', 'pythonpath')
[5.404s] INFO:colcon.colcon_core.shell:Creating environment hook '/home/team/SoftwareDevelopment/ROS2/skinny/src/install/messages/share/messages/hook/pythonpath.ps1'
[5.406s] INFO:colcon.colcon_core.shell:Creating environment descriptor '/home/team/SoftwareDevelopment/ROS2/skinny/src/install/messages/share/messages/hook/pythonpath.dsv'
[5.408s] INFO:colcon.colcon_core.shell:Creating environment hook '/home/team/SoftwareDevelopment/ROS2/skinny/src/install/messages/share/messages/hook/pythonpath.sh'
[5.413s] INFO:colcon.colcon_core.shell:Creating package script '/home/team/SoftwareDevelopment/ROS2/skinny/src/install/messages/share/messages/package.ps1'
[5.416s] INFO:colcon.colcon_core.shell:Creating package descriptor '/home/team/SoftwareDevelopment/ROS2/skinny/src/install/messages/share/messages/package.dsv'
[5.418s] INFO:colcon.colcon_core.shell:Creating package script '/home/team/SoftwareDevelopment/ROS2/skinny/src/install/messages/share/messages/package.sh'
[5.420s] INFO:colcon.colcon_core.shell:Creating package script '/home/team/SoftwareDevelopment/ROS2/skinny/src/install/messages/share/messages/package.bash'
[5.421s] INFO:colcon.colcon_core.shell:Creating package script '/home/team/SoftwareDevelopment/ROS2/skinny/src/install/messages/share/messages/package.zsh'
[5.423s] Level 1:colcon.colcon_core.environment:create_file_with_runtime_dependencies(/home/team/SoftwareDevelopment/ROS2/skinny/src/install/messages/share/colcon-core/packages/messages)
[6.190s] Level 1:colcon.colcon_core.environment:create_environment_scripts_only(messages)
[6.196s] Level 1:colcon.colcon_core.environment:checking '/home/team/SoftwareDevelopment/ROS2/skinny/src/install/messages' for CMake module files
[6.199s] Level 1:colcon.colcon_core.environment:checking '/home/team/SoftwareDevelopment/ROS2/skinny/src/install/messages' for CMake config files
[6.202s] Level 1:colcon.colcon_core.shell:create_environment_hook('messages', 'cmake_prefix_path')
[6.207s] INFO:colcon.colcon_core.shell:Creating environment hook '/home/team/SoftwareDevelopment/ROS2/skinny/src/install/messages/share/messages/hook/cmake_prefix_path.ps1'
[6.209s] INFO:colcon.colcon_core.shell:Creating environment descriptor '/home/team/SoftwareDevelopment/ROS2/skinny/src/install/messages/share/messages/hook/cmake_prefix_path.dsv'
[6.210s] INFO:colcon.colcon_core.shell:Creating environment hook '/home/team/SoftwareDevelopment/ROS2/skinny/src/install/messages/share/messages/hook/cmake_prefix_path.sh'
[6.214s] Level 1:colcon.colcon_core.environment:checking '/home/team/SoftwareDevelopment/ROS2/skinny/src/install/messages/lib'
[6.215s] Level 1:colcon.colcon_core.shell:create_environment_hook('messages', 'ld_library_path_lib')
[6.219s] INFO:colcon.colcon_core.shell:Creating environment hook '/home/team/SoftwareDevelopment/ROS2/skinny/src/install/messages/share/messages/hook/ld_library_path_lib.ps1'
[6.220s] INFO:colcon.colcon_core.shell:Creating environment descriptor '/home/team/SoftwareDevelopment/ROS2/skinny/src/install/messages/share/messages/hook/ld_library_path_lib.dsv'
[6.222s] INFO:colcon.colcon_core.shell:Creating environment hook '/home/team/SoftwareDevelopment/ROS2/skinny/src/install/messages/share/messages/hook/ld_library_path_lib.sh'
[6.223s] Level 1:colcon.colcon_core.environment:checking '/home/team/SoftwareDevelopment/ROS2/skinny/src/install/messages/bin'
[6.223s] Level 1:colcon.colcon_core.environment:checking '/home/team/SoftwareDevelopment/ROS2/skinny/src/install/messages/lib/pkgconfig/messages.pc'
[6.224s] Level 1:colcon.colcon_core.environment:checking '/home/team/SoftwareDevelopment/ROS2/skinny/src/install/messages/lib/python3.6/site-packages'
[6.224s] Level 1:colcon.colcon_core.shell:create_environment_hook('messages', 'pythonpath')
[6.228s] INFO:colcon.colcon_core.shell:Creating environment hook '/home/team/SoftwareDevelopment/ROS2/skinny/src/install/messages/share/messages/hook/pythonpath.ps1'
[6.229s] INFO:colcon.colcon_core.shell:Creating environment descriptor '/home/team/SoftwareDevelopment/ROS2/skinny/src/install/messages/share/messages/hook/pythonpath.dsv'
[6.231s] INFO:colcon.colcon_core.shell:Creating environment hook '/home/team/SoftwareDevelopment/ROS2/skinny/src/install/messages/share/messages/hook/pythonpath.sh'
[6.236s] INFO:colcon.colcon_core.shell:Creating package script '/home/team/SoftwareDevelopment/ROS2/skinny/src/install/messages/share/messages/package.ps1'
[6.239s] INFO:colcon.colcon_core.shell:Creating package descriptor '/home/team/SoftwareDevelopment/ROS2/skinny/src/install/messages/share/messages/package.dsv'
[6.242s] INFO:colcon.colcon_core.shell:Creating package script '/home/team/SoftwareDevelopment/ROS2/skinny/src/install/messages/share/messages/package.sh'
[6.244s] INFO:colcon.colcon_core.shell:Creating package script '/home/team/SoftwareDevelopment/ROS2/skinny/src/install/messages/share/messages/package.bash'
[6.246s] INFO:colcon.colcon_core.shell:Creating package script '/home/team/SoftwareDevelopment/ROS2/skinny/src/install/messages/share/messages/package.zsh'
[6.247s] Level 1:colcon.colcon_core.environment:create_file_with_runtime_dependencies(/home/team/SoftwareDevelopment/ROS2/skinny/src/install/messages/share/colcon-core/packages/messages)
[6.249s] INFO:colcon.colcon_ros.task.ament_cmake.build:Building ROS package in '/home/team/SoftwareDevelopment/ROS2/skinny/src/communication' with build type 'ament_cmake'
[6.249s] INFO:colcon.colcon_cmake.task.cmake.build:Building CMake package in '/home/team/SoftwareDevelopment/ROS2/skinny/src/communication'
[6.253s] INFO:colcon.colcon_core.shell:Skip shell extension 'powershell' for command environment: Not usable outside of PowerShell
[6.253s] DEBUG:colcon.colcon_core.shell:Skip shell extension 'dsv' for command environment
[6.272s] DEBUG:colcon.colcon_core.shell:Ignoring prefix path '/opt/ros/eloquent'
[6.282s] INFO:colcon.colcon_ros.task.ament_cmake.build:Building ROS package in '/home/team/SoftwareDevelopment/ROS2/skinny/src/logic' with build type 'ament_cmake'
[6.283s] INFO:colcon.colcon_cmake.task.cmake.build:Building CMake package in '/home/team/SoftwareDevelopment/ROS2/skinny/src/logic'
[6.288s] INFO:colcon.colcon_core.shell:Skip shell extension 'powershell' for command environment: Not usable outside of PowerShell
[6.288s] DEBUG:colcon.colcon_core.shell:Skip shell extension 'dsv' for command environment
[6.305s] DEBUG:colcon.colcon_core.shell:Ignoring prefix path '/opt/ros/eloquent'
[6.316s] INFO:colcon.colcon_ros.task.ament_cmake.build:Building ROS package in '/home/team/SoftwareDevelopment/ROS2/skinny/src/power_distribution_panel' with build type 'ament_cmake'
[6.318s] INFO:colcon.colcon_cmake.task.cmake.build:Building CMake package in '/home/team/SoftwareDevelopment/ROS2/skinny/src/power_distribution_panel'
[6.322s] INFO:colcon.colcon_core.shell:Skip shell extension 'powershell' for command environment: Not usable outside of PowerShell
[6.323s] DEBUG:colcon.colcon_core.shell:Skip shell extension 'dsv' for command environment
[6.340s] DEBUG:colcon.colcon_core.shell:Ignoring prefix path '/opt/ros/eloquent'
[6.351s] INFO:colcon.colcon_ros.task.ament_cmake.build:Building ROS package in '/home/team/SoftwareDevelopment/ROS2/skinny/src/talon' with build type 'ament_cmake'
[6.352s] INFO:colcon.colcon_cmake.task.cmake.build:Building CMake package in '/home/team/SoftwareDevelopment/ROS2/skinny/src/talon'
[6.356s] INFO:colcon.colcon_core.shell:Skip shell extension 'powershell' for command environment: Not usable outside of PowerShell
[6.357s] DEBUG:colcon.colcon_core.shell:Skip shell extension 'dsv' for command environment
[6.374s] DEBUG:colcon.colcon_core.shell:Ignoring prefix path '/opt/ros/eloquent'
[6.408s] DEBUG:colcon.colcon_core.event_handler.log_command:Invoking command in '/home/team/SoftwareDevelopment/ROS2/skinny/src/build/communication': CMAKE_PREFIX_PATH=/home/team/SoftwareDevelopment/ROS2/skinny/src/install/messages:/home/team/SoftwareDevelopment/ROS2/skinny/src/install/zed_tracking:/home/team/SoftwareDevelopment/ROS2/skinny/src/install/talon:/home/team/SoftwareDevelopment/ROS2/skinny/src/install/power_distribution_panel:/home/team/SoftwareDevelopment/ROS2/skinny/src/install/logic:/home/team/SoftwareDevelopment/ROS2/skinny/src/install/communication:/home/team/SoftwareDevelopment/ROS2/skinny/src/install/autonomy:/home/team/SoftwareDevelopment/ROS2/skinny/src/install/excavation:/opt/ros/eloquent /usr/bin/cmake --build /home/team/SoftwareDevelopment/ROS2/skinny/src/build/communication -- -j4 -l4
[6.426s] DEBUG:colcon.colcon_core.event_handler.log_command:Invoking command in '/home/team/SoftwareDevelopment/ROS2/skinny/src/build/logic': CMAKE_PREFIX_PATH=/home/team/SoftwareDevelopment/ROS2/skinny/src/install/messages:/home/team/SoftwareDevelopment/ROS2/skinny/src/install/zed_tracking:/home/team/SoftwareDevelopment/ROS2/skinny/src/install/talon:/home/team/SoftwareDevelopment/ROS2/skinny/src/install/power_distribution_panel:/home/team/SoftwareDevelopment/ROS2/skinny/src/install/logic:/home/team/SoftwareDevelopment/ROS2/skinny/src/install/communication:/home/team/SoftwareDevelopment/ROS2/skinny/src/install/autonomy:/home/team/SoftwareDevelopment/ROS2/skinny/src/install/excavation:/opt/ros/eloquent /usr/bin/cmake --build /home/team/SoftwareDevelopment/ROS2/skinny/src/build/logic -- -j4 -l4
[6.444s] DEBUG:colcon.colcon_core.event_handler.log_command:Invoking command in '/home/team/SoftwareDevelopment/ROS2/skinny/src/build/power_distribution_panel': CMAKE_PREFIX_PATH=/home/team/SoftwareDevelopment/ROS2/skinny/src/install/messages:/home/team/SoftwareDevelopment/ROS2/skinny/src/install/zed_tracking:/home/team/SoftwareDevelopment/ROS2/skinny/src/install/talon:/home/team/SoftwareDevelopment/ROS2/skinny/src/install/power_distribution_panel:/home/team/SoftwareDevelopment/ROS2/skinny/src/install/logic:/home/team/SoftwareDevelopment/ROS2/skinny/src/install/communication:/home/team/SoftwareDevelopment/ROS2/skinny/src/install/autonomy:/home/team/SoftwareDevelopment/ROS2/skinny/src/install/excavation:/opt/ros/eloquent /usr/bin/cmake --build /home/team/SoftwareDevelopment/ROS2/skinny/src/build/power_distribution_panel -- -j4 -l4
[6.482s] DEBUG:colcon.colcon_core.event_handler.log_command:Invoking command in '/home/team/SoftwareDevelopment/ROS2/skinny/src/build/talon': CMAKE_PREFIX_PATH=/home/team/SoftwareDevelopment/ROS2/skinny/src/install/messages:/home/team/SoftwareDevelopment/ROS2/skinny/src/install/zed_tracking:/home/team/SoftwareDevelopment/ROS2/skinny/src/install/talon:/home/team/SoftwareDevelopment/ROS2/skinny/src/install/power_distribution_panel:/home/team/SoftwareDevelopment/ROS2/skinny/src/install/logic:/home/team/SoftwareDevelopment/ROS2/skinny/src/install/communication:/home/team/SoftwareDevelopment/ROS2/skinny/src/install/autonomy:/home/team/SoftwareDevelopment/ROS2/skinny/src/install/excavation:/opt/ros/eloquent /usr/bin/cmake --build /home/team/SoftwareDevelopment/ROS2/skinny/src/build/talon -- -j4 -l4
[6.700s] DEBUG:colcon.colcon_core.event_handler.log_command:Invoked command in '/home/team/SoftwareDevelopment/ROS2/skinny/src/build/communication' returned '0': CMAKE_PREFIX_PATH=/home/team/SoftwareDevelopment/ROS2/skinny/src/install/messages:/home/team/SoftwareDevelopment/ROS2/skinny/src/install/zed_tracking:/home/team/SoftwareDevelopment/ROS2/skinny/src/install/talon:/home/team/SoftwareDevelopment/ROS2/skinny/src/install/power_distribution_panel:/home/team/SoftwareDevelopment/ROS2/skinny/src/install/logic:/home/team/SoftwareDevelopment/ROS2/skinny/src/install/communication:/home/team/SoftwareDevelopment/ROS2/skinny/src/install/autonomy:/home/team/SoftwareDevelopment/ROS2/skinny/src/install/excavation:/opt/ros/eloquent /usr/bin/cmake --build /home/team/SoftwareDevelopment/ROS2/skinny/src/build/communication -- -j4 -l4
[6.778s] DEBUG:colcon.colcon_core.event_handler.log_command:Invoked command in '/home/team/SoftwareDevelopment/ROS2/skinny/src/build/talon' returned '0': CMAKE_PREFIX_PATH=/home/team/SoftwareDevelopment/ROS2/skinny/src/install/messages:/home/team/SoftwareDevelopment/ROS2/skinny/src/install/zed_tracking:/home/team/SoftwareDevelopment/ROS2/skinny/src/install/talon:/home/team/SoftwareDevelopment/ROS2/skinny/src/install/power_distribution_panel:/home/team/SoftwareDevelopment/ROS2/skinny/src/install/logic:/home/team/SoftwareDevelopment/ROS2/skinny/src/install/communication:/home/team/SoftwareDevelopment/ROS2/skinny/src/install/autonomy:/home/team/SoftwareDevelopment/ROS2/skinny/src/install/excavation:/opt/ros/eloquent /usr/bin/cmake --build /home/team/SoftwareDevelopment/ROS2/skinny/src/build/talon -- -j4 -l4
[6.792s] DEBUG:colcon.colcon_core.event_handler.log_command:Invoked command in '/home/team/SoftwareDevelopment/ROS2/skinny/src/build/logic' returned '0': CMAKE_PREFIX_PATH=/home/team/SoftwareDevelopment/ROS2/skinny/src/install/messages:/home/team/SoftwareDevelopment/ROS2/skinny/src/install/zed_tracking:/home/team/SoftwareDevelopment/ROS2/skinny/src/install/talon:/home/team/SoftwareDevelopment/ROS2/skinny/src/install/power_distribution_panel:/home/team/SoftwareDevelopment/ROS2/skinny/src/install/logic:/home/team/SoftwareDevelopment/ROS2/skinny/src/install/communication:/home/team/SoftwareDevelopment/ROS2/skinny/src/install/autonomy:/home/team/SoftwareDevelopment/ROS2/skinny/src/install/excavation:/opt/ros/eloquent /usr/bin/cmake --build /home/team/SoftwareDevelopment/ROS2/skinny/src/build/logic -- -j4 -l4
[6.809s] DEBUG:colcon.colcon_core.event_handler.log_command:Invoked command in '/home/team/SoftwareDevelopment/ROS2/skinny/src/build/power_distribution_panel' returned '0': CMAKE_PREFIX_PATH=/home/team/SoftwareDevelopment/ROS2/skinny/src/install/messages:/home/team/SoftwareDevelopment/ROS2/skinny/src/install/zed_tracking:/home/team/SoftwareDevelopment/ROS2/skinny/src/install/talon:/home/team/SoftwareDevelopment/ROS2/skinny/src/install/power_distribution_panel:/home/team/SoftwareDevelopment/ROS2/skinny/src/install/logic:/home/team/SoftwareDevelopment/ROS2/skinny/src/install/communication:/home/team/SoftwareDevelopment/ROS2/skinny/src/install/autonomy:/home/team/SoftwareDevelopment/ROS2/skinny/src/install/excavation:/opt/ros/eloquent /usr/bin/cmake --build /home/team/SoftwareDevelopment/ROS2/skinny/src/build/power_distribution_panel -- -j4 -l4
[6.851s] DEBUG:colcon.colcon_core.event_handler.log_command:Invoking command in '/home/team/SoftwareDevelopment/ROS2/skinny/src/build/communication': CMAKE_PREFIX_PATH=/home/team/SoftwareDevelopment/ROS2/skinny/src/install/messages:/home/team/SoftwareDevelopment/ROS2/skinny/src/install/zed_tracking:/home/team/SoftwareDevelopment/ROS2/skinny/src/install/talon:/home/team/SoftwareDevelopment/ROS2/skinny/src/install/power_distribution_panel:/home/team/SoftwareDevelopment/ROS2/skinny/src/install/logic:/home/team/SoftwareDevelopment/ROS2/skinny/src/install/communication:/home/team/SoftwareDevelopment/ROS2/skinny/src/install/autonomy:/home/team/SoftwareDevelopment/ROS2/skinny/src/install/excavation:/opt/ros/eloquent /usr/bin/cmake --build /home/team/SoftwareDevelopment/ROS2/skinny/src/build/communication --target install -- -j4 -l4
[6.890s] DEBUG:colcon.colcon_core.event_handler.log_command:Invoking command in '/home/team/SoftwareDevelopment/ROS2/skinny/src/build/talon': CMAKE_PREFIX_PATH=/home/team/SoftwareDevelopment/ROS2/skinny/src/install/messages:/home/team/SoftwareDevelopment/ROS2/skinny/src/install/zed_tracking:/home/team/SoftwareDevelopment/ROS2/skinny/src/install/talon:/home/team/SoftwareDevelopment/ROS2/skinny/src/install/power_distribution_panel:/home/team/SoftwareDevelopment/ROS2/skinny/src/install/logic:/home/team/SoftwareDevelopment/ROS2/skinny/src/install/communication:/home/team/SoftwareDevelopment/ROS2/skinny/src/install/autonomy:/home/team/SoftwareDevelopment/ROS2/skinny/src/install/excavation:/opt/ros/eloquent /usr/bin/cmake --build /home/team/SoftwareDevelopment/ROS2/skinny/src/build/talon --target install -- -j4 -l4
[6.920s] DEBUG:colcon.colcon_core.event_handler.log_command:Invoking command in '/home/team/SoftwareDevelopment/ROS2/skinny/src/build/logic': CMAKE_PREFIX_PATH=/home/team/SoftwareDevelopment/ROS2/skinny/src/install/messages:/home/team/SoftwareDevelopment/ROS2/skinny/src/install/zed_tracking:/home/team/SoftwareDevelopment/ROS2/skinny/src/install/talon:/home/team/SoftwareDevelopment/ROS2/skinny/src/install/power_distribution_panel:/home/team/SoftwareDevelopment/ROS2/skinny/src/install/logic:/home/team/SoftwareDevelopment/ROS2/skinny/src/install/communication:/home/team/SoftwareDevelopment/ROS2/skinny/src/install/autonomy:/home/team/SoftwareDevelopment/ROS2/skinny/src/install/excavation:/opt/ros/eloquent /usr/bin/cmake --build /home/team/SoftwareDevelopment/ROS2/skinny/src/build/logic --target install -- -j4 -l4
[6.986s] DEBUG:colcon.colcon_core.event_handler.log_command:Invoking command in '/home/team/SoftwareDevelopment/ROS2/skinny/src/build/power_distribution_panel': CMAKE_PREFIX_PATH=/home/team/SoftwareDevelopment/ROS2/skinny/src/install/messages:/home/team/SoftwareDevelopment/ROS2/skinny/src/install/zed_tracking:/home/team/SoftwareDevelopment/ROS2/skinny/src/install/talon:/home/team/SoftwareDevelopment/ROS2/skinny/src/install/power_distribution_panel:/home/team/SoftwareDevelopment/ROS2/skinny/src/install/logic:/home/team/SoftwareDevelopment/ROS2/skinny/src/install/communication:/home/team/SoftwareDevelopment/ROS2/skinny/src/install/autonomy:/home/team/SoftwareDevelopment/ROS2/skinny/src/install/excavation:/opt/ros/eloquent /usr/bin/cmake --build /home/team/SoftwareDevelopment/ROS2/skinny/src/build/power_distribution_panel --target install -- -j4 -l4
[7.268s] Level 1:colcon.colcon_core.environment:create_environment_scripts_only(communication)
[7.276s] Level 1:colcon.colcon_core.environment:checking '/home/team/SoftwareDevelopment/ROS2/skinny/src/install/communication' for CMake module files
[7.280s] Level 1:colcon.colcon_core.environment:checking '/home/team/SoftwareDevelopment/ROS2/skinny/src/install/communication' for CMake config files
[7.287s] Level 1:colcon.colcon_core.shell:create_environment_hook('communication', 'cmake_prefix_path')
[7.291s] INFO:colcon.colcon_core.shell:Creating environment hook '/home/team/SoftwareDevelopment/ROS2/skinny/src/install/communication/share/communication/hook/cmake_prefix_path.ps1'
[7.296s] INFO:colcon.colcon_core.shell:Creating environment descriptor '/home/team/SoftwareDevelopment/ROS2/skinny/src/install/communication/share/communication/hook/cmake_prefix_path.dsv'
[7.298s] INFO:colcon.colcon_core.shell:Creating environment hook '/home/team/SoftwareDevelopment/ROS2/skinny/src/install/communication/share/communication/hook/cmake_prefix_path.sh'
[7.303s] Level 1:colcon.colcon_core.environment:checking '/home/team/SoftwareDevelopment/ROS2/skinny/src/install/communication/lib'
[7.303s] Level 1:colcon.colcon_core.environment:checking '/home/team/SoftwareDevelopment/ROS2/skinny/src/install/communication/bin'
[7.304s] Level 1:colcon.colcon_core.environment:checking '/home/team/SoftwareDevelopment/ROS2/skinny/src/install/communication/lib/pkgconfig/communication.pc'
[7.304s] Level 1:colcon.colcon_core.environment:checking '/home/team/SoftwareDevelopment/ROS2/skinny/src/install/communication/lib/python3.6/site-packages'
[7.309s] INFO:colcon.colcon_core.shell:Creating package script '/home/team/SoftwareDevelopment/ROS2/skinny/src/install/communication/share/communication/package.ps1'
[7.311s] DEBUG:colcon.colcon_core.event_handler.log_command:Invoked command in '/home/team/SoftwareDevelopment/ROS2/skinny/src/build/communication' returned '0': CMAKE_PREFIX_PATH=/home/team/SoftwareDevelopment/ROS2/skinny/src/install/messages:/home/team/SoftwareDevelopment/ROS2/skinny/src/install/zed_tracking:/home/team/SoftwareDevelopment/ROS2/skinny/src/install/talon:/home/team/SoftwareDevelopment/ROS2/skinny/src/install/power_distribution_panel:/home/team/SoftwareDevelopment/ROS2/skinny/src/install/logic:/home/team/SoftwareDevelopment/ROS2/skinny/src/install/communication:/home/team/SoftwareDevelopment/ROS2/skinny/src/install/autonomy:/home/team/SoftwareDevelopment/ROS2/skinny/src/install/excavation:/opt/ros/eloquent /usr/bin/cmake --build /home/team/SoftwareDevelopment/ROS2/skinny/src/build/communication --target install -- -j4 -l4
[7.315s] INFO:colcon.colcon_core.shell:Creating package descriptor '/home/team/SoftwareDevelopment/ROS2/skinny/src/install/communication/share/communication/package.dsv'
[7.320s] INFO:colcon.colcon_core.shell:Creating package script '/home/team/SoftwareDevelopment/ROS2/skinny/src/install/communication/share/communication/package.sh'
[7.324s] INFO:colcon.colcon_core.shell:Creating package script '/home/team/SoftwareDevelopment/ROS2/skinny/src/install/communication/share/communication/package.bash'
[7.328s] INFO:colcon.colcon_core.shell:Creating package script '/home/team/SoftwareDevelopment/ROS2/skinny/src/install/communication/share/communication/package.zsh'
[7.331s] Level 1:colcon.colcon_core.environment:create_file_with_runtime_dependencies(/home/team/SoftwareDevelopment/ROS2/skinny/src/install/communication/share/colcon-core/packages/communication)
[7.351s] Level 1:colcon.colcon_core.environment:create_environment_scripts_only(talon)
[7.359s] Level 1:colcon.colcon_core.environment:checking '/home/team/SoftwareDevelopment/ROS2/skinny/src/install/talon' for CMake module files
[7.362s] DEBUG:colcon.colcon_core.event_handler.log_command:Invoked command in '/home/team/SoftwareDevelopment/ROS2/skinny/src/build/talon' returned '0': CMAKE_PREFIX_PATH=/home/team/SoftwareDevelopment/ROS2/skinny/src/install/messages:/home/team/SoftwareDevelopment/ROS2/skinny/src/install/zed_tracking:/home/team/SoftwareDevelopment/ROS2/skinny/src/install/talon:/home/team/SoftwareDevelopment/ROS2/skinny/src/install/power_distribution_panel:/home/team/SoftwareDevelopment/ROS2/skinny/src/install/logic:/home/team/SoftwareDevelopment/ROS2/skinny/src/install/communication:/home/team/SoftwareDevelopment/ROS2/skinny/src/install/autonomy:/home/team/SoftwareDevelopment/ROS2/skinny/src/install/excavation:/opt/ros/eloquent /usr/bin/cmake --build /home/team/SoftwareDevelopment/ROS2/skinny/src/build/talon --target install -- -j4 -l4
[7.364s] Level 1:colcon.colcon_core.environment:checking '/home/team/SoftwareDevelopment/ROS2/skinny/src/install/talon' for CMake config files
[7.366s] Level 1:colcon.colcon_core.shell:create_environment_hook('talon', 'cmake_prefix_path')
[7.370s] INFO:colcon.colcon_core.shell:Creating environment hook '/home/team/SoftwareDevelopment/ROS2/skinny/src/install/talon/share/talon/hook/cmake_prefix_path.ps1'
[7.376s] INFO:colcon.colcon_core.shell:Creating environment descriptor '/home/team/SoftwareDevelopment/ROS2/skinny/src/install/talon/share/talon/hook/cmake_prefix_path.dsv'
[7.382s] INFO:colcon.colcon_core.shell:Creating environment hook '/home/team/SoftwareDevelopment/ROS2/skinny/src/install/talon/share/talon/hook/cmake_prefix_path.sh'
[7.389s] Level 1:colcon.colcon_core.environment:checking '/home/team/SoftwareDevelopment/ROS2/skinny/src/install/talon/lib'
[7.390s] Level 1:colcon.colcon_core.environment:checking '/home/team/SoftwareDevelopment/ROS2/skinny/src/install/talon/bin'
[7.391s] Level 1:colcon.colcon_core.environment:checking '/home/team/SoftwareDevelopment/ROS2/skinny/src/install/talon/lib/pkgconfig/talon.pc'
[7.392s] Level 1:colcon.colcon_core.environment:checking '/home/team/SoftwareDevelopment/ROS2/skinny/src/install/talon/lib/python3.6/site-packages'
[7.397s] INFO:colcon.colcon_core.shell:Creating package script '/home/team/SoftwareDevelopment/ROS2/skinny/src/install/talon/share/talon/package.ps1'
[7.400s] INFO:colcon.colcon_core.shell:Creating package descriptor '/home/team/SoftwareDevelopment/ROS2/skinny/src/install/talon/share/talon/package.dsv'
[7.403s] INFO:colcon.colcon_core.shell:Creating package script '/home/team/SoftwareDevelopment/ROS2/skinny/src/install/talon/share/talon/package.sh'
[7.405s] INFO:colcon.colcon_core.shell:Creating package script '/home/team/SoftwareDevelopment/ROS2/skinny/src/install/talon/share/talon/package.bash'
[7.407s] INFO:colcon.colcon_core.shell:Creating package script '/home/team/SoftwareDevelopment/ROS2/skinny/src/install/talon/share/talon/package.zsh'
[7.409s] Level 1:colcon.colcon_core.environment:create_file_with_runtime_dependencies(/home/team/SoftwareDevelopment/ROS2/skinny/src/install/talon/share/colcon-core/packages/talon)
[7.421s] Level 1:colcon.colcon_core.environment:create_environment_scripts_only(logic)
[7.429s] Level 1:colcon.colcon_core.environment:checking '/home/team/SoftwareDevelopment/ROS2/skinny/src/install/logic' for CMake module files
[7.432s] DEBUG:colcon.colcon_core.event_handler.log_command:Invoked command in '/home/team/SoftwareDevelopment/ROS2/skinny/src/build/logic' returned '0': CMAKE_PREFIX_PATH=/home/team/SoftwareDevelopment/ROS2/skinny/src/install/messages:/home/team/SoftwareDevelopment/ROS2/skinny/src/install/zed_tracking:/home/team/SoftwareDevelopment/ROS2/skinny/src/install/talon:/home/team/SoftwareDevelopment/ROS2/skinny/src/install/power_distribution_panel:/home/team/SoftwareDevelopment/ROS2/skinny/src/install/logic:/home/team/SoftwareDevelopment/ROS2/skinny/src/install/communication:/home/team/SoftwareDevelopment/ROS2/skinny/src/install/autonomy:/home/team/SoftwareDevelopment/ROS2/skinny/src/install/excavation:/opt/ros/eloquent /usr/bin/cmake --build /home/team/SoftwareDevelopment/ROS2/skinny/src/build/logic --target install -- -j4 -l4
[7.435s] Level 1:colcon.colcon_core.environment:checking '/home/team/SoftwareDevelopment/ROS2/skinny/src/install/logic' for CMake config files
[7.437s] Level 1:colcon.colcon_core.shell:create_environment_hook('logic', 'cmake_prefix_path')
[7.442s] INFO:colcon.colcon_core.shell:Creating environment hook '/home/team/SoftwareDevelopment/ROS2/skinny/src/install/logic/share/logic/hook/cmake_prefix_path.ps1'
[7.444s] INFO:colcon.colcon_core.shell:Creating environment descriptor '/home/team/SoftwareDevelopment/ROS2/skinny/src/install/logic/share/logic/hook/cmake_prefix_path.dsv'
[7.446s] INFO:colcon.colcon_core.shell:Creating environment hook '/home/team/SoftwareDevelopment/ROS2/skinny/src/install/logic/share/logic/hook/cmake_prefix_path.sh'
[7.450s] Level 1:colcon.colcon_core.environment:checking '/home/team/SoftwareDevelopment/ROS2/skinny/src/install/logic/lib'
[7.451s] Level 1:colcon.colcon_core.environment:checking '/home/team/SoftwareDevelopment/ROS2/skinny/src/install/logic/bin'
[7.451s] Level 1:colcon.colcon_core.environment:checking '/home/team/SoftwareDevelopment/ROS2/skinny/src/install/logic/lib/pkgconfig/logic.pc'
[7.451s] Level 1:colcon.colcon_core.environment:checking '/home/team/SoftwareDevelopment/ROS2/skinny/src/install/logic/lib/python3.6/site-packages'
[7.456s] INFO:colcon.colcon_core.shell:Creating package script '/home/team/SoftwareDevelopment/ROS2/skinny/src/install/logic/share/logic/package.ps1'
[7.458s] INFO:colcon.colcon_core.shell:Creating package descriptor '/home/team/SoftwareDevelopment/ROS2/skinny/src/install/logic/share/logic/package.dsv'
[7.460s] INFO:colcon.colcon_core.shell:Creating package script '/home/team/SoftwareDevelopment/ROS2/skinny/src/install/logic/share/logic/package.sh'
[7.462s] INFO:colcon.colcon_core.shell:Creating package script '/home/team/SoftwareDevelopment/ROS2/skinny/src/install/logic/share/logic/package.bash'
[7.464s] INFO:colcon.colcon_core.shell:Creating package script '/home/team/SoftwareDevelopment/ROS2/skinny/src/install/logic/share/logic/package.zsh'
[7.466s] Level 1:colcon.colcon_core.environment:create_file_with_runtime_dependencies(/home/team/SoftwareDevelopment/ROS2/skinny/src/install/logic/share/colcon-core/packages/logic)
[7.490s] Level 1:colcon.colcon_core.environment:create_environment_scripts_only(communication)
[7.497s] Level 1:colcon.colcon_core.environment:checking '/home/team/SoftwareDevelopment/ROS2/skinny/src/install/communication' for CMake module files
[7.501s] Level 1:colcon.colcon_core.environment:checking '/home/team/SoftwareDevelopment/ROS2/skinny/src/install/communication' for CMake config files
[7.502s] Level 1:colcon.colcon_core.shell:create_environment_hook('communication', 'cmake_prefix_path')
[7.506s] INFO:colcon.colcon_core.shell:Creating environment hook '/home/team/SoftwareDevelopment/ROS2/skinny/src/install/communication/share/communication/hook/cmake_prefix_path.ps1'
[7.508s] INFO:colcon.colcon_core.shell:Creating environment descriptor '/home/team/SoftwareDevelopment/ROS2/skinny/src/install/communication/share/communication/hook/cmake_prefix_path.dsv'
[7.510s] INFO:colcon.colcon_core.shell:Creating environment hook '/home/team/SoftwareDevelopment/ROS2/skinny/src/install/communication/share/communication/hook/cmake_prefix_path.sh'
[7.514s] Level 1:colcon.colcon_core.environment:checking '/home/team/SoftwareDevelopment/ROS2/skinny/src/install/communication/lib'
[7.515s] Level 1:colcon.colcon_core.environment:checking '/home/team/SoftwareDevelopment/ROS2/skinny/src/install/communication/bin'
[7.515s] Level 1:colcon.colcon_core.environment:checking '/home/team/SoftwareDevelopment/ROS2/skinny/src/install/communication/lib/pkgconfig/communication.pc'
[7.516s] Level 1:colcon.colcon_core.environment:checking '/home/team/SoftwareDevelopment/ROS2/skinny/src/install/communication/lib/python3.6/site-packages'
[7.520s] INFO:colcon.colcon_core.shell:Creating package script '/home/team/SoftwareDevelopment/ROS2/skinny/src/install/communication/share/communication/package.ps1'
[7.523s] INFO:colcon.colcon_core.shell:Creating package descriptor '/home/team/SoftwareDevelopment/ROS2/skinny/src/install/communication/share/communication/package.dsv'
[7.525s] INFO:colcon.colcon_core.shell:Creating package script '/home/team/SoftwareDevelopment/ROS2/skinny/src/install/communication/share/communication/package.sh'
[7.527s] INFO:colcon.colcon_core.shell:Creating package script '/home/team/SoftwareDevelopment/ROS2/skinny/src/install/communication/share/communication/package.bash'
[7.529s] INFO:colcon.colcon_core.shell:Creating package script '/home/team/SoftwareDevelopment/ROS2/skinny/src/install/communication/share/communication/package.zsh'
[7.531s] Level 1:colcon.colcon_core.environment:create_file_with_runtime_dependencies(/home/team/SoftwareDevelopment/ROS2/skinny/src/install/communication/share/colcon-core/packages/communication)
[7.534s] Level 1:colcon.colcon_core.environment:create_environment_scripts_only(power_distribution_panel)
[7.540s] Level 1:colcon.colcon_core.environment:checking '/home/team/SoftwareDevelopment/ROS2/skinny/src/install/power_distribution_panel' for CMake module files
[7.546s] DEBUG:colcon.colcon_core.event_handler.log_command:Invoked command in '/home/team/SoftwareDevelopment/ROS2/skinny/src/build/power_distribution_panel' returned '0': CMAKE_PREFIX_PATH=/home/team/SoftwareDevelopment/ROS2/skinny/src/install/messages:/home/team/SoftwareDevelopment/ROS2/skinny/src/install/zed_tracking:/home/team/SoftwareDevelopment/ROS2/skinny/src/install/talon:/home/team/SoftwareDevelopment/ROS2/skinny/src/install/power_distribution_panel:/home/team/SoftwareDevelopment/ROS2/skinny/src/install/logic:/home/team/SoftwareDevelopment/ROS2/skinny/src/install/communication:/home/team/SoftwareDevelopment/ROS2/skinny/src/install/autonomy:/home/team/SoftwareDevelopment/ROS2/skinny/src/install/excavation:/opt/ros/eloquent /usr/bin/cmake --build /home/team/SoftwareDevelopment/ROS2/skinny/src/build/power_distribution_panel --target install -- -j4 -l4
[7.548s] Level 1:colcon.colcon_core.environment:checking '/home/team/SoftwareDevelopment/ROS2/skinny/src/install/power_distribution_panel' for CMake config files
[7.549s] Level 1:colcon.colcon_core.shell:create_environment_hook('power_distribution_panel', 'cmake_prefix_path')
[7.553s] INFO:colcon.colcon_core.shell:Creating environment hook '/home/team/SoftwareDevelopment/ROS2/skinny/src/install/power_distribution_panel/share/power_distribution_panel/hook/cmake_prefix_path.ps1'
[7.555s] INFO:colcon.colcon_core.shell:Creating environment descriptor '/home/team/SoftwareDevelopment/ROS2/skinny/src/install/power_distribution_panel/share/power_distribution_panel/hook/cmake_prefix_path.dsv'
[7.557s] INFO:colcon.colcon_core.shell:Creating environment hook '/home/team/SoftwareDevelopment/ROS2/skinny/src/install/power_distribution_panel/share/power_distribution_panel/hook/cmake_prefix_path.sh'
[7.560s] Level 1:colcon.colcon_core.environment:checking '/home/team/SoftwareDevelopment/ROS2/skinny/src/install/power_distribution_panel/lib'
[7.560s] Level 1:colcon.colcon_core.environment:checking '/home/team/SoftwareDevelopment/ROS2/skinny/src/install/power_distribution_panel/bin'
[7.561s] Level 1:colcon.colcon_core.environment:checking '/home/team/SoftwareDevelopment/ROS2/skinny/src/install/power_distribution_panel/lib/pkgconfig/power_distribution_panel.pc'
[7.561s] Level 1:colcon.colcon_core.environment:checking '/home/team/SoftwareDevelopment/ROS2/skinny/src/install/power_distribution_panel/lib/python3.6/site-packages'
[7.565s] INFO:colcon.colcon_core.shell:Creating package script '/home/team/SoftwareDevelopment/ROS2/skinny/src/install/power_distribution_panel/share/power_distribution_panel/package.ps1'
[7.567s] INFO:colcon.colcon_core.shell:Creating package descriptor '/home/team/SoftwareDevelopment/ROS2/skinny/src/install/power_distribution_panel/share/power_distribution_panel/package.dsv'
[7.569s] INFO:colcon.colcon_core.shell:Creating package script '/home/team/SoftwareDevelopment/ROS2/skinny/src/install/power_distribution_panel/share/power_distribution_panel/package.sh'
[7.571s] INFO:colcon.colcon_core.shell:Creating package script '/home/team/SoftwareDevelopment/ROS2/skinny/src/install/power_distribution_panel/share/power_distribution_panel/package.bash'
[7.572s] INFO:colcon.colcon_core.shell:Creating package script '/home/team/SoftwareDevelopment/ROS2/skinny/src/install/power_distribution_panel/share/power_distribution_panel/package.zsh'
[7.573s] Level 1:colcon.colcon_core.environment:create_file_with_runtime_dependencies(/home/team/SoftwareDevelopment/ROS2/skinny/src/install/power_distribution_panel/share/colcon-core/packages/power_distribution_panel)
[7.587s] INFO:colcon.colcon_ros.task.ament_cmake.build:Building ROS package in '/home/team/SoftwareDevelopment/ROS2/skinny/src/zed_tracking' with build type 'ament_cmake'
[7.588s] INFO:colcon.colcon_cmake.task.cmake.build:Building CMake package in '/home/team/SoftwareDevelopment/ROS2/skinny/src/zed_tracking'
[7.593s] INFO:colcon.colcon_core.shell:Skip shell extension 'powershell' for command environment: Not usable outside of PowerShell
[7.594s] DEBUG:colcon.colcon_core.shell:Skip shell extension 'dsv' for command environment
[7.611s] DEBUG:colcon.colcon_core.shell:Ignoring prefix path '/opt/ros/eloquent'
[7.633s] Level 1:colcon.colcon_core.environment:create_environment_scripts_only(talon)
[7.639s] Level 1:colcon.colcon_core.environment:checking '/home/team/SoftwareDevelopment/ROS2/skinny/src/install/talon' for CMake module files
[7.643s] Level 1:colcon.colcon_core.environment:checking '/home/team/SoftwareDevelopment/ROS2/skinny/src/install/talon' for CMake config files
[7.645s] Level 1:colcon.colcon_core.shell:create_environment_hook('talon', 'cmake_prefix_path')
[7.649s] INFO:colcon.colcon_core.shell:Creating environment hook '/home/team/SoftwareDevelopment/ROS2/skinny/src/install/talon/share/talon/hook/cmake_prefix_path.ps1'
[7.652s] INFO:colcon.colcon_core.shell:Creating environment descriptor '/home/team/SoftwareDevelopment/ROS2/skinny/src/install/talon/share/talon/hook/cmake_prefix_path.dsv'
[7.654s] INFO:colcon.colcon_core.shell:Creating environment hook '/home/team/SoftwareDevelopment/ROS2/skinny/src/install/talon/share/talon/hook/cmake_prefix_path.sh'
[7.658s] Level 1:colcon.colcon_core.environment:checking '/home/team/SoftwareDevelopment/ROS2/skinny/src/install/talon/lib'
[7.658s] Level 1:colcon.colcon_core.environment:checking '/home/team/SoftwareDevelopment/ROS2/skinny/src/install/talon/bin'
[7.659s] Level 1:colcon.colcon_core.environment:checking '/home/team/SoftwareDevelopment/ROS2/skinny/src/install/talon/lib/pkgconfig/talon.pc'
[7.659s] Level 1:colcon.colcon_core.environment:checking '/home/team/SoftwareDevelopment/ROS2/skinny/src/install/talon/lib/python3.6/site-packages'
[7.664s] INFO:colcon.colcon_core.shell:Creating package script '/home/team/SoftwareDevelopment/ROS2/skinny/src/install/talon/share/talon/package.ps1'
[7.668s] INFO:colcon.colcon_core.shell:Creating package descriptor '/home/team/SoftwareDevelopment/ROS2/skinny/src/install/talon/share/talon/package.dsv'
[7.670s] INFO:colcon.colcon_core.shell:Creating package script '/home/team/SoftwareDevelopment/ROS2/skinny/src/install/talon/share/talon/package.sh'
[7.672s] INFO:colcon.colcon_core.shell:Creating package script '/home/team/SoftwareDevelopment/ROS2/skinny/src/install/talon/share/talon/package.bash'
[7.674s] INFO:colcon.colcon_core.shell:Creating package script '/home/team/SoftwareDevelopment/ROS2/skinny/src/install/talon/share/talon/package.zsh'
[7.676s] Level 1:colcon.colcon_core.environment:create_file_with_runtime_dependencies(/home/team/SoftwareDevelopment/ROS2/skinny/src/install/talon/share/colcon-core/packages/talon)
[7.681s] Level 1:colcon.colcon_core.environment:create_environment_scripts_only(logic)
[7.686s] Level 1:colcon.colcon_core.environment:checking '/home/team/SoftwareDevelopment/ROS2/skinny/src/install/logic' for CMake module files
[7.691s] Level 1:colcon.colcon_core.environment:checking '/home/team/SoftwareDevelopment/ROS2/skinny/src/install/logic' for CMake config files
[7.693s] Level 1:colcon.colcon_core.shell:create_environment_hook('logic', 'cmake_prefix_path')
[7.696s] INFO:colcon.colcon_core.shell:Creating environment hook '/home/team/SoftwareDevelopment/ROS2/skinny/src/install/logic/share/logic/hook/cmake_prefix_path.ps1'
[7.698s] INFO:colcon.colcon_core.shell:Creating environment descriptor '/home/team/SoftwareDevelopment/ROS2/skinny/src/install/logic/share/logic/hook/cmake_prefix_path.dsv'
[7.700s] INFO:colcon.colcon_core.shell:Creating environment hook '/home/team/SoftwareDevelopment/ROS2/skinny/src/install/logic/share/logic/hook/cmake_prefix_path.sh'
[7.703s] Level 1:colcon.colcon_core.environment:checking '/home/team/SoftwareDevelopment/ROS2/skinny/src/install/logic/lib'
[7.703s] Level 1:colcon.colcon_core.environment:checking '/home/team/SoftwareDevelopment/ROS2/skinny/src/install/logic/bin'
[7.704s] Level 1:colcon.colcon_core.environment:checking '/home/team/SoftwareDevelopment/ROS2/skinny/src/install/logic/lib/pkgconfig/logic.pc'
[7.704s] Level 1:colcon.colcon_core.environment:checking '/home/team/SoftwareDevelopment/ROS2/skinny/src/install/logic/lib/python3.6/site-packages'
[7.708s] INFO:colcon.colcon_core.shell:Creating package script '/home/team/SoftwareDevelopment/ROS2/skinny/src/install/logic/share/logic/package.ps1'
[7.710s] INFO:colcon.colcon_core.shell:Creating package descriptor '/home/team/SoftwareDevelopment/ROS2/skinny/src/install/logic/share/logic/package.dsv'
[7.713s] INFO:colcon.colcon_core.shell:Creating package script '/home/team/SoftwareDevelopment/ROS2/skinny/src/install/logic/share/logic/package.sh'
[7.714s] INFO:colcon.colcon_core.shell:Creating package script '/home/team/SoftwareDevelopment/ROS2/skinny/src/install/logic/share/logic/package.bash'
[7.717s] INFO:colcon.colcon_core.shell:Creating package script '/home/team/SoftwareDevelopment/ROS2/skinny/src/install/logic/share/logic/package.zsh'
[7.719s] Level 1:colcon.colcon_core.environment:create_file_with_runtime_dependencies(/home/team/SoftwareDevelopment/ROS2/skinny/src/install/logic/share/colcon-core/packages/logic)
[7.729s] Level 1:colcon.colcon_core.environment:create_environment_scripts_only(power_distribution_panel)
[7.734s] Level 1:colcon.colcon_core.environment:checking '/home/team/SoftwareDevelopment/ROS2/skinny/src/install/power_distribution_panel' for CMake module files
[7.737s] Level 1:colcon.colcon_core.environment:checking '/home/team/SoftwareDevelopment/ROS2/skinny/src/install/power_distribution_panel' for CMake config files
[7.739s] Level 1:colcon.colcon_core.shell:create_environment_hook('power_distribution_panel', 'cmake_prefix_path')
[7.742s] INFO:colcon.colcon_core.shell:Creating environment hook '/home/team/SoftwareDevelopment/ROS2/skinny/src/install/power_distribution_panel/share/power_distribution_panel/hook/cmake_prefix_path.ps1'
[7.744s] INFO:colcon.colcon_core.shell:Creating environment descriptor '/home/team/SoftwareDevelopment/ROS2/skinny/src/install/power_distribution_panel/share/power_distribution_panel/hook/cmake_prefix_path.dsv'
[7.746s] INFO:colcon.colcon_core.shell:Creating environment hook '/home/team/SoftwareDevelopment/ROS2/skinny/src/install/power_distribution_panel/share/power_distribution_panel/hook/cmake_prefix_path.sh'
[7.750s] Level 1:colcon.colcon_core.environment:checking '/home/team/SoftwareDevelopment/ROS2/skinny/src/install/power_distribution_panel/lib'
[7.750s] Level 1:colcon.colcon_core.environment:checking '/home/team/SoftwareDevelopment/ROS2/skinny/src/install/power_distribution_panel/bin'
[7.751s] Level 1:colcon.colcon_core.environment:checking '/home/team/SoftwareDevelopment/ROS2/skinny/src/install/power_distribution_panel/lib/pkgconfig/power_distribution_panel.pc'
[7.751s] Level 1:colcon.colcon_core.environment:checking '/home/team/SoftwareDevelopment/ROS2/skinny/src/install/power_distribution_panel/lib/python3.6/site-packages'
[7.755s] INFO:colcon.colcon_core.shell:Creating package script '/home/team/SoftwareDevelopment/ROS2/skinny/src/install/power_distribution_panel/share/power_distribution_panel/package.ps1'
[7.757s] INFO:colcon.colcon_core.shell:Creating package descriptor '/home/team/SoftwareDevelopment/ROS2/skinny/src/install/power_distribution_panel/share/power_distribution_panel/package.dsv'
[7.759s] INFO:colcon.colcon_core.shell:Creating package script '/home/team/SoftwareDevelopment/ROS2/skinny/src/install/power_distribution_panel/share/power_distribution_panel/package.sh'
[7.761s] INFO:colcon.colcon_core.shell:Creating package script '/home/team/SoftwareDevelopment/ROS2/skinny/src/install/power_distribution_panel/share/power_distribution_panel/package.bash'
[7.763s] INFO:colcon.colcon_core.shell:Creating package script '/home/team/SoftwareDevelopment/ROS2/skinny/src/install/power_distribution_panel/share/power_distribution_panel/package.zsh'
[7.765s] Level 1:colcon.colcon_core.environment:create_file_with_runtime_dependencies(/home/team/SoftwareDevelopment/ROS2/skinny/src/install/power_distribution_panel/share/colcon-core/packages/power_distribution_panel)
[7.783s] DEBUG:colcon.colcon_core.event_handler.log_command:Invoking command in '/home/team/SoftwareDevelopment/ROS2/skinny/src/build/zed_tracking': CMAKE_PREFIX_PATH=/home/team/SoftwareDevelopment/ROS2/skinny/src/install/messages:/home/team/SoftwareDevelopment/ROS2/skinny/src/install/zed_tracking:/home/team/SoftwareDevelopment/ROS2/skinny/src/install/talon:/home/team/SoftwareDevelopment/ROS2/skinny/src/install/power_distribution_panel:/home/team/SoftwareDevelopment/ROS2/skinny/src/install/logic:/home/team/SoftwareDevelopment/ROS2/skinny/src/install/communication:/home/team/SoftwareDevelopment/ROS2/skinny/src/install/autonomy:/home/team/SoftwareDevelopment/ROS2/skinny/src/install/excavation:/opt/ros/eloquent /usr/bin/cmake --build /home/team/SoftwareDevelopment/ROS2/skinny/src/build/zed_tracking -- -j4 -l4
[8.064s] DEBUG:colcon.colcon_core.event_handler.log_command:Invoked command in '/home/team/SoftwareDevelopment/ROS2/skinny/src/build/zed_tracking' returned '0': CMAKE_PREFIX_PATH=/home/team/SoftwareDevelopment/ROS2/skinny/src/install/messages:/home/team/SoftwareDevelopment/ROS2/skinny/src/install/zed_tracking:/home/team/SoftwareDevelopment/ROS2/skinny/src/install/talon:/home/team/SoftwareDevelopment/ROS2/skinny/src/install/power_distribution_panel:/home/team/SoftwareDevelopment/ROS2/skinny/src/install/logic:/home/team/SoftwareDevelopment/ROS2/skinny/src/install/communication:/home/team/SoftwareDevelopment/ROS2/skinny/src/install/autonomy:/home/team/SoftwareDevelopment/ROS2/skinny/src/install/excavation:/opt/ros/eloquent /usr/bin/cmake --build /home/team/SoftwareDevelopment/ROS2/skinny/src/build/zed_tracking -- -j4 -l4
[8.167s] DEBUG:colcon.colcon_core.event_handler.log_command:Invoking command in '/home/team/SoftwareDevelopment/ROS2/skinny/src/build/zed_tracking': CMAKE_PREFIX_PATH=/home/team/SoftwareDevelopment/ROS2/skinny/src/install/messages:/home/team/SoftwareDevelopment/ROS2/skinny/src/install/zed_tracking:/home/team/SoftwareDevelopment/ROS2/skinny/src/install/talon:/home/team/SoftwareDevelopment/ROS2/skinny/src/install/power_distribution_panel:/home/team/SoftwareDevelopment/ROS2/skinny/src/install/logic:/home/team/SoftwareDevelopment/ROS2/skinny/src/install/communication:/home/team/SoftwareDevelopment/ROS2/skinny/src/install/autonomy:/home/team/SoftwareDevelopment/ROS2/skinny/src/install/excavation:/opt/ros/eloquent /usr/bin/cmake --build /home/team/SoftwareDevelopment/ROS2/skinny/src/build/zed_tracking --target install -- -j4 -l4
[8.528s] Level 1:colcon.colcon_core.environment:create_environment_scripts_only(zed_tracking)
[8.534s] Level 1:colcon.colcon_core.environment:checking '/home/team/SoftwareDevelopment/ROS2/skinny/src/install/zed_tracking' for CMake module files
[8.537s] DEBUG:colcon.colcon_core.event_handler.log_command:Invoked command in '/home/team/SoftwareDevelopment/ROS2/skinny/src/build/zed_tracking' returned '0': CMAKE_PREFIX_PATH=/home/team/SoftwareDevelopment/ROS2/skinny/src/install/messages:/home/team/SoftwareDevelopment/ROS2/skinny/src/install/zed_tracking:/home/team/SoftwareDevelopment/ROS2/skinny/src/install/talon:/home/team/SoftwareDevelopment/ROS2/skinny/src/install/power_distribution_panel:/home/team/SoftwareDevelopment/ROS2/skinny/src/install/logic:/home/team/SoftwareDevelopment/ROS2/skinny/src/install/communication:/home/team/SoftwareDevelopment/ROS2/skinny/src/install/autonomy:/home/team/SoftwareDevelopment/ROS2/skinny/src/install/excavation:/opt/ros/eloquent /usr/bin/cmake --build /home/team/SoftwareDevelopment/ROS2/skinny/src/build/zed_tracking --target install -- -j4 -l4
[8.539s] Level 1:colcon.colcon_core.environment:checking '/home/team/SoftwareDevelopment/ROS2/skinny/src/install/zed_tracking' for CMake config files
[8.541s] Level 1:colcon.colcon_core.shell:create_environment_hook('zed_tracking', 'cmake_prefix_path')
[8.544s] INFO:colcon.colcon_core.shell:Creating environment hook '/home/team/SoftwareDevelopment/ROS2/skinny/src/install/zed_tracking/share/zed_tracking/hook/cmake_prefix_path.ps1'
[8.546s] INFO:colcon.colcon_core.shell:Creating environment descriptor '/home/team/SoftwareDevelopment/ROS2/skinny/src/install/zed_tracking/share/zed_tracking/hook/cmake_prefix_path.dsv'
[8.549s] INFO:colcon.colcon_core.shell:Creating environment hook '/home/team/SoftwareDevelopment/ROS2/skinny/src/install/zed_tracking/share/zed_tracking/hook/cmake_prefix_path.sh'
[8.553s] Level 1:colcon.colcon_core.environment:checking '/home/team/SoftwareDevelopment/ROS2/skinny/src/install/zed_tracking/lib'
[8.554s] Level 1:colcon.colcon_core.environment:checking '/home/team/SoftwareDevelopment/ROS2/skinny/src/install/zed_tracking/bin'
[8.554s] Level 1:colcon.colcon_core.environment:checking '/home/team/SoftwareDevelopment/ROS2/skinny/src/install/zed_tracking/lib/pkgconfig/zed_tracking.pc'
[8.555s] Level 1:colcon.colcon_core.environment:checking '/home/team/SoftwareDevelopment/ROS2/skinny/src/install/zed_tracking/lib/python3.6/site-packages'
[8.559s] INFO:colcon.colcon_core.shell:Creating package script '/home/team/SoftwareDevelopment/ROS2/skinny/src/install/zed_tracking/share/zed_tracking/package.ps1'
[8.561s] INFO:colcon.colcon_core.shell:Creating package descriptor '/home/team/SoftwareDevelopment/ROS2/skinny/src/install/zed_tracking/share/zed_tracking/package.dsv'
[8.562s] INFO:colcon.colcon_core.shell:Creating package script '/home/team/SoftwareDevelopment/ROS2/skinny/src/install/zed_tracking/share/zed_tracking/package.sh'
[8.564s] INFO:colcon.colcon_core.shell:Creating package script '/home/team/SoftwareDevelopment/ROS2/skinny/src/install/zed_tracking/share/zed_tracking/package.bash'
[8.565s] INFO:colcon.colcon_core.shell:Creating package script '/home/team/SoftwareDevelopment/ROS2/skinny/src/install/zed_tracking/share/zed_tracking/package.zsh'
[8.567s] Level 1:colcon.colcon_core.environment:create_file_with_runtime_dependencies(/home/team/SoftwareDevelopment/ROS2/skinny/src/install/zed_tracking/share/colcon-core/packages/zed_tracking)
[8.668s] Level 1:colcon.colcon_core.environment:create_environment_scripts_only(zed_tracking)
[8.673s] Level 1:colcon.colcon_core.environment:checking '/home/team/SoftwareDevelopment/ROS2/skinny/src/install/zed_tracking' for CMake module files
[8.677s] Level 1:colcon.colcon_core.environment:checking '/home/team/SoftwareDevelopment/ROS2/skinny/src/install/zed_tracking' for CMake config files
[8.678s] Level 1:colcon.colcon_core.shell:create_environment_hook('zed_tracking', 'cmake_prefix_path')
[8.681s] INFO:colcon.colcon_core.shell:Creating environment hook '/home/team/SoftwareDevelopment/ROS2/skinny/src/install/zed_tracking/share/zed_tracking/hook/cmake_prefix_path.ps1'
[8.683s] INFO:colcon.colcon_core.shell:Creating environment descriptor '/home/team/SoftwareDevelopment/ROS2/skinny/src/install/zed_tracking/share/zed_tracking/hook/cmake_prefix_path.dsv'
[8.685s] INFO:colcon.colcon_core.shell:Creating environment hook '/home/team/SoftwareDevelopment/ROS2/skinny/src/install/zed_tracking/share/zed_tracking/hook/cmake_prefix_path.sh'
[8.689s] Level 1:colcon.colcon_core.environment:checking '/home/team/SoftwareDevelopment/ROS2/skinny/src/install/zed_tracking/lib'
[8.689s] Level 1:colcon.colcon_core.environment:checking '/home/team/SoftwareDevelopment/ROS2/skinny/src/install/zed_tracking/bin'
[8.689s] Level 1:colcon.colcon_core.environment:checking '/home/team/SoftwareDevelopment/ROS2/skinny/src/install/zed_tracking/lib/pkgconfig/zed_tracking.pc'
[8.690s] Level 1:colcon.colcon_core.environment:checking '/home/team/SoftwareDevelopment/ROS2/skinny/src/install/zed_tracking/lib/python3.6/site-packages'
[8.694s] INFO:colcon.colcon_core.shell:Creating package script '/home/team/SoftwareDevelopment/ROS2/skinny/src/install/zed_tracking/share/zed_tracking/package.ps1'
[8.696s] INFO:colcon.colcon_core.shell:Creating package descriptor '/home/team/SoftwareDevelopment/ROS2/skinny/src/install/zed_tracking/share/zed_tracking/package.dsv'
[8.698s] INFO:colcon.colcon_core.shell:Creating package script '/home/team/SoftwareDevelopment/ROS2/skinny/src/install/zed_tracking/share/zed_tracking/package.sh'
[8.700s] INFO:colcon.colcon_core.shell:Creating package script '/home/team/SoftwareDevelopment/ROS2/skinny/src/install/zed_tracking/share/zed_tracking/package.bash'
[8.702s] INFO:colcon.colcon_core.shell:Creating package script '/home/team/SoftwareDevelopment/ROS2/skinny/src/install/zed_tracking/share/zed_tracking/package.zsh'
[8.703s] Level 1:colcon.colcon_core.environment:create_file_with_runtime_dependencies(/home/team/SoftwareDevelopment/ROS2/skinny/src/install/zed_tracking/share/colcon-core/packages/zed_tracking)
[8.705s] DEBUG:colcon.colcon_parallel_executor.executor.parallel:closing loop
[8.710s] DEBUG:colcon.colcon_parallel_executor.executor.parallel:loop closed
[8.711s] DEBUG:colcon.colcon_parallel_executor.executor.parallel:run_until_complete finished with '0'
[8.711s] DEBUG:colcon.colcon_core.event_reactor:joining thread
[8.738s] INFO:colcon.colcon_core.plugin_system:Skipping extension 'colcon_notification.desktop_notification.terminal_notifier': Not used on non-Darwin systems
[8.739s] INFO:colcon.colcon_core.plugin_system:Skipping extension 'colcon_notification.desktop_notification.win32': Not used on non-Windows systems
[8.739s] INFO:colcon.colcon_notification.desktop_notification:Sending desktop notification using 'notify2'
[8.818s] DEBUG:colcon.colcon_core.event_reactor:joined thread
[8.822s] INFO:colcon.colcon_core.shell:Creating prefix script '/home/team/SoftwareDevelopment/ROS2/skinny/src/install/local_setup.ps1'
[8.832s] INFO:colcon.colcon_core.shell:Creating prefix util module '/home/team/SoftwareDevelopment/ROS2/skinny/src/install/_local_setup_util_ps1.py'
[8.841s] INFO:colcon.colcon_core.shell:Creating prefix chain script '/home/team/SoftwareDevelopment/ROS2/skinny/src/install/setup.ps1'
[8.861s] INFO:colcon.colcon_core.shell:Creating prefix script '/home/team/SoftwareDevelopment/ROS2/skinny/src/install/local_setup.sh'
[8.865s] INFO:colcon.colcon_core.shell:Creating prefix util module '/home/team/SoftwareDevelopment/ROS2/skinny/src/install/_local_setup_util_sh.py'
[8.867s] INFO:colcon.colcon_core.shell:Creating prefix chain script '/home/team/SoftwareDevelopment/ROS2/skinny/src/install/setup.sh'
[8.886s] INFO:colcon.colcon_core.shell:Creating prefix script '/home/team/SoftwareDevelopment/ROS2/skinny/src/install/local_setup.bash'
[8.890s] INFO:colcon.colcon_core.shell:Creating prefix chain script '/home/team/SoftwareDevelopment/ROS2/skinny/src/install/setup.bash'
[8.909s] INFO:colcon.colcon_core.shell:Creating prefix script '/home/team/SoftwareDevelopment/ROS2/skinny/src/install/local_setup.zsh'
[8.912s] INFO:colcon.colcon_core.shell:Creating prefix chain script '/home/team/SoftwareDevelopment/ROS2/skinny/src/install/setup.zsh'
