[1.624s] Invoking command in '/home/team/SoftwareDevelopment/ROS2/skinny/src/excavation': PYTHONPATH=/home/team/SoftwareDevelopment/ROS2/skinny/install/excavation/lib/python3.6/site-packages:${PYTHONPATH} /usr/bin/python3 setup.py egg_info --egg-base ../../build/excavation build --build-base /home/team/SoftwareDevelopment/ROS2/skinny/build/excavation/build install --prefix /home/team/SoftwareDevelopment/ROS2/skinny/install/excavation --record /home/team/SoftwareDevelopment/ROS2/skinny/build/excavation/install.log --single-version-externally-managed
[3.190s] running egg_info
[3.193s] writing ../../build/excavation/excavation.egg-info/PKG-INFO
[3.194s] writing dependency_links to ../../build/excavation/excavation.egg-info/dependency_links.txt
[3.195s] writing entry points to ../../build/excavation/excavation.egg-info/entry_points.txt
[3.195s] writing requirements to ../../build/excavation/excavation.egg-info/requires.txt
[3.196s] writing top-level names to ../../build/excavation/excavation.egg-info/top_level.txt
[3.405s] reading manifest file '../../build/excavation/excavation.egg-info/SOURCES.txt'
[3.415s] writing manifest file '../../build/excavation/excavation.egg-info/SOURCES.txt'
[3.416s] running build
[3.416s] running build_py
[3.417s] copying excavation/excavation_node.py -> /home/team/SoftwareDevelopment/ROS2/skinny/build/excavation/build/lib/excavation
[3.418s] running install
[3.418s] running install_lib
[3.422s] copying /home/team/SoftwareDevelopment/ROS2/skinny/build/excavation/build/lib/excavation/excavation_node.py -> /home/team/SoftwareDevelopment/ROS2/skinny/install/excavation/lib/python3.6/site-packages/excavation
[3.424s] byte-compiling /home/team/SoftwareDevelopment/ROS2/skinny/install/excavation/lib/python3.6/site-packages/excavation/excavation_node.py to excavation_node.cpython-36.pyc
[3.428s] running install_data
[3.431s] running install_egg_info
[3.441s] removing '/home/team/SoftwareDevelopment/ROS2/skinny/install/excavation/lib/python3.6/site-packages/excavation-0.0.0-py3.6.egg-info' (and everything under it)
[3.443s] Copying ../../build/excavation/excavation.egg-info to /home/team/SoftwareDevelopment/ROS2/skinny/install/excavation/lib/python3.6/site-packages/excavation-0.0.0-py3.6.egg-info
[3.447s] running install_scripts
[3.561s] Installing excavation_node script to /home/team/SoftwareDevelopment/ROS2/skinny/install/excavation/lib/excavation
[3.562s] writing list of installed files to '/home/team/SoftwareDevelopment/ROS2/skinny/build/excavation/install.log'
[3.651s] Invoked command in '/home/team/SoftwareDevelopment/ROS2/skinny/src/excavation' returned '0': PYTHONPATH=/home/team/SoftwareDevelopment/ROS2/skinny/install/excavation/lib/python3.6/site-packages:${PYTHONPATH} /usr/bin/python3 setup.py egg_info --egg-base ../../build/excavation build --build-base /home/team/SoftwareDevelopment/ROS2/skinny/build/excavation/build install --prefix /home/team/SoftwareDevelopment/ROS2/skinny/install/excavation --record /home/team/SoftwareDevelopment/ROS2/skinny/build/excavation/install.log --single-version-externally-managed
