[0.127s] Invoking command in '/home/team/SoftwareDevelopment/ROS2/skinny/build/communication': AMENT_PREFIX_PATH=/home/team/SoftwareDevelopment/ROS2/skinny/install/messages:${AMENT_PREFIX_PATH} CMAKE_PREFIX_PATH=/home/team/SoftwareDevelopment/ROS2/skinny/install/messages:/opt/ros/eloquent LD_LIBRARY_PATH=/home/team/SoftwareDevelopment/ROS2/skinny/install/messages/lib:${LD_LIBRARY_PATH} PYTHONPATH=/home/team/SoftwareDevelopment/ROS2/skinny/install/messages/lib/python3.6/site-packages:${PYTHONPATH} /usr/bin/cmake --build /home/team/SoftwareDevelopment/ROS2/skinny/build/communication -- -j4 -l4
[0.399s] [100%] Built target communication_node
[0.446s] Invoked command in '/home/team/SoftwareDevelopment/ROS2/skinny/build/communication' returned '0': AMENT_PREFIX_PATH=/home/team/SoftwareDevelopment/ROS2/skinny/install/messages:${AMENT_PREFIX_PATH} CMAKE_PREFIX_PATH=/home/team/SoftwareDevelopment/ROS2/skinny/install/messages:/opt/ros/eloquent LD_LIBRARY_PATH=/home/team/SoftwareDevelopment/ROS2/skinny/install/messages/lib:${LD_LIBRARY_PATH} PYTHONPATH=/home/team/SoftwareDevelopment/ROS2/skinny/install/messages/lib/python3.6/site-packages:${PYTHONPATH} /usr/bin/cmake --build /home/team/SoftwareDevelopment/ROS2/skinny/build/communication -- -j4 -l4
[0.557s] Invoking command in '/home/team/SoftwareDevelopment/ROS2/skinny/build/communication': AMENT_PREFIX_PATH=/home/team/SoftwareDevelopment/ROS2/skinny/install/messages:${AMENT_PREFIX_PATH} CMAKE_PREFIX_PATH=/home/team/SoftwareDevelopment/ROS2/skinny/install/messages:/opt/ros/eloquent LD_LIBRARY_PATH=/home/team/SoftwareDevelopment/ROS2/skinny/install/messages/lib:${LD_LIBRARY_PATH} PYTHONPATH=/home/team/SoftwareDevelopment/ROS2/skinny/install/messages/lib/python3.6/site-packages:${PYTHONPATH} /usr/bin/cmake --build /home/team/SoftwareDevelopment/ROS2/skinny/build/communication --target install -- -j4 -l4
[0.833s] [100%] Built target communication_node
[0.912s] [36mInstall the project...[0m
[0.965s] -- Install configuration: ""
[0.967s] -- Up-to-date: /home/team/SoftwareDevelopment/ROS2/skinny/install/communication/lib/communication/communication_node
[0.970s] -- Up-to-date: /home/team/SoftwareDevelopment/ROS2/skinny/install/communication/share/ament_index/resource_index/package_run_dependencies/communication
[0.971s] -- Up-to-date: /home/team/SoftwareDevelopment/ROS2/skinny/install/communication/share/ament_index/resource_index/parent_prefix_path/communication
[1.004s] -- Up-to-date: /home/team/SoftwareDevelopment/ROS2/skinny/install/communication/share/communication/environment/ament_prefix_path.sh
[1.004s] -- Up-to-date: /home/team/SoftwareDevelopment/ROS2/skinny/install/communication/share/communication/environment/ament_prefix_path.dsv
[1.006s] -- Up-to-date: /home/team/SoftwareDevelopment/ROS2/skinny/install/communication/share/communication/environment/path.sh
[1.007s] -- Up-to-date: /home/team/SoftwareDevelopment/ROS2/skinny/install/communication/share/communication/environment/path.dsv
[1.008s] -- Up-to-date: /home/team/SoftwareDevelopment/ROS2/skinny/install/communication/share/communication/local_setup.bash
[1.009s] -- Up-to-date: /home/team/SoftwareDevelopment/ROS2/skinny/install/communication/share/communication/local_setup.sh
[1.010s] -- Up-to-date: /home/team/SoftwareDevelopment/ROS2/skinny/install/communication/share/communication/local_setup.zsh
[1.010s] -- Up-to-date: /home/team/SoftwareDevelopment/ROS2/skinny/install/communication/share/communication/local_setup.dsv
[1.012s] -- Installing: /home/team/SoftwareDevelopment/ROS2/skinny/install/communication/share/communication/package.dsv
[1.015s] -- Up-to-date: /home/team/SoftwareDevelopment/ROS2/skinny/install/communication/share/ament_index/resource_index/packages/communication
[1.016s] -- Up-to-date: /home/team/SoftwareDevelopment/ROS2/skinny/install/communication/share/communication/cmake/communicationConfig.cmake
[1.017s] -- Up-to-date: /home/team/SoftwareDevelopment/ROS2/skinny/install/communication/share/communication/cmake/communicationConfig-version.cmake
[1.017s] -- Up-to-date: /home/team/SoftwareDevelopment/ROS2/skinny/install/communication/share/communication/package.xml
[1.090s] Invoked command in '/home/team/SoftwareDevelopment/ROS2/skinny/build/communication' returned '0': AMENT_PREFIX_PATH=/home/team/SoftwareDevelopment/ROS2/skinny/install/messages:${AMENT_PREFIX_PATH} CMAKE_PREFIX_PATH=/home/team/SoftwareDevelopment/ROS2/skinny/install/messages:/opt/ros/eloquent LD_LIBRARY_PATH=/home/team/SoftwareDevelopment/ROS2/skinny/install/messages/lib:${LD_LIBRARY_PATH} PYTHONPATH=/home/team/SoftwareDevelopment/ROS2/skinny/install/messages/lib/python3.6/site-packages:${PYTHONPATH} /usr/bin/cmake --build /home/team/SoftwareDevelopment/ROS2/skinny/build/communication --target install -- -j4 -l4
