[0.057s] Invoking command in '/root/skinny/build/communication': AMENT_PREFIX_PATH=/root/skinny/install/messages:${AMENT_PREFIX_PATH} CMAKE_PREFIX_PATH=/root/skinny/install/messages:/opt/ros/foxy LD_LIBRARY_PATH=/root/skinny/install/messages/lib:${LD_LIBRARY_PATH} PYTHONPATH=/root/skinny/install/messages/lib/python3.8/site-packages:${PYTHONPATH} /usr/bin/cmake /root/skinny/src/communication -DCMAKE_INSTALL_PREFIX=/root/skinny/install/communication
[0.302s] -- The C compiler identification is GNU 9.3.0
[0.582s] -- The CXX compiler identification is GNU 9.3.0
[0.605s] -- Check for working C compiler: /usr/bin/cc
[0.891s] -- Check for working C compiler: /usr/bin/cc -- works
[0.893s] -- Detecting C compiler ABI info
[1.078s] -- Detecting C compiler ABI info - done
[1.138s] -- Detecting C compile features
[1.140s] -- Detecting C compile features - done
[1.145s] -- Check for working CXX compiler: /usr/bin/c++
[1.375s] -- Check for working CXX compiler: /usr/bin/c++ -- works
[1.378s] -- Detecting CXX compiler ABI info
[1.584s] -- Detecting CXX compiler ABI info - done
[1.619s] -- Detecting CXX compile features
[1.621s] -- Detecting CXX compile features - done
[1.628s] -- Found ament_cmake: 0.9.8 (/opt/ros/foxy/share/ament_cmake/cmake)
[1.681s] -- Found PythonInterp: /usr/bin/python3 (found suitable version "3.8.5", minimum required is "3") 
[1.681s] -- Using PYTHON_EXECUTABLE: /usr/bin/python3
[2.107s] -- Found rclcpp: 2.3.0 (/opt/ros/foxy/share/rclcpp/cmake)
[2.225s] -- Using all available rosidl_typesupport_c: rosidl_typesupport_fastrtps_c;rosidl_typesupport_introspection_c
[2.244s] -- Found rosidl_adapter: 1.2.0 (/opt/ros/foxy/share/rosidl_adapter/cmake)
[2.434s] -- Found OpenSSL: /usr/lib/x86_64-linux-gnu/libcrypto.so (found version "1.1.1f")  
[2.513s] -- Found FastRTPS: /opt/ros/foxy/include  
[2.713s] -- Using all available rosidl_typesupport_cpp: rosidl_typesupport_fastrtps_cpp;rosidl_typesupport_introspection_cpp
[2.875s] -- Found rmw_implementation_cmake: 1.0.2 (/opt/ros/foxy/share/rmw_implementation_cmake/cmake)
[2.879s] -- Using RMW implementation 'rmw_fastrtps_cpp' as default
[2.881s] -- Looking for pthread.h
[3.050s] -- Looking for pthread.h - found
[3.050s] -- Performing Test CMAKE_HAVE_LIBC_PTHREAD
[3.197s] -- Performing Test CMAKE_HAVE_LIBC_PTHREAD - Failed
[3.197s] -- Looking for pthread_create in pthreads
[3.436s] -- Looking for pthread_create in pthreads - not found
[3.437s] -- Looking for pthread_create in pthread
[3.750s] -- Looking for pthread_create in pthread - found
[3.753s] -- Found Threads: TRUE  
[4.330s] -- Found messages: 0.0.0 (/root/skinny/install/messages/share/messages/cmake)
[4.522s] -- Configuring done
[4.542s] -- Generating done
[4.546s] -- Build files have been written to: /root/skinny/build/communication
[4.564s] Invoked command in '/root/skinny/build/communication' returned '0': AMENT_PREFIX_PATH=/root/skinny/install/messages:${AMENT_PREFIX_PATH} CMAKE_PREFIX_PATH=/root/skinny/install/messages:/opt/ros/foxy LD_LIBRARY_PATH=/root/skinny/install/messages/lib:${LD_LIBRARY_PATH} PYTHONPATH=/root/skinny/install/messages/lib/python3.8/site-packages:${PYTHONPATH} /usr/bin/cmake /root/skinny/src/communication -DCMAKE_INSTALL_PREFIX=/root/skinny/install/communication
[4.565s] Invoking command in '/root/skinny/build/communication': AMENT_PREFIX_PATH=/root/skinny/install/messages:${AMENT_PREFIX_PATH} CMAKE_PREFIX_PATH=/root/skinny/install/messages:/opt/ros/foxy LD_LIBRARY_PATH=/root/skinny/install/messages/lib:${LD_LIBRARY_PATH} PYTHONPATH=/root/skinny/install/messages/lib/python3.8/site-packages:${PYTHONPATH} /usr/bin/cmake --build /root/skinny/build/communication -- -j4 -l4
[4.683s] [35m[1mScanning dependencies of target communication_node[0m
[4.800s] [ 50%] [32mBuilding CXX object CMakeFiles/communication_node.dir/src/communication_node.cpp.o[0m
[23.783s] [100%] [32m[1mLinking CXX executable communication_node[0m
[24.594s] [100%] Built target communication_node
