[0.186s] Invoking command in '/home/team/SoftwareDevelopment/ROS2/skinny/build/zed_tracking': CMAKE_PREFIX_PATH=/home/team/SoftwareDevelopment/ROS2/skinny/install/messages:/home/team/SoftwareDevelopment/ROS2/skinny/install/talon:/home/team/SoftwareDevelopment/ROS2/skinny/install/power_distribution_panel:/home/team/SoftwareDevelopment/ROS2/skinny/install/logic:/home/team/SoftwareDevelopment/ROS2/skinny/install/communication:/home/team/SoftwareDevelopment/ROS2/skinny/install/excavation:/opt/ros/eloquent /usr/bin/cmake --build /home/team/SoftwareDevelopment/ROS2/skinny/build/zed_tracking -- -j4 -l4
[0.343s] [35m[1mScanning dependencies of target zed_tracking_node[0m
[0.458s] [ 33%] [32mBuilding CXX object CMakeFiles/zed_tracking_node.dir/src/zed_tracking_node.cpp.o[0m
[0.832s] In file included from [01m[K/home/team/SoftwareDevelopment/ROS2/skinny/src/zed_tracking/src/zed_tracking_node.cpp:4:0[m[K:
[0.832s] [01m[K/usr/local/zed/include/sl/Camera.hpp:94:2:[m[K [01;35m[Kwarning: [m[K#warning ("'Debug' builds are not supported since this library was built in 'Release', 'RelWithDebInfo' should be preferred to avoid crashes and memory issues") [[01;35m[K-Wcpp[m[K]
[0.833s]  #[01;35m[Kwarning[m[K("'Debug' builds are not supported since this library was built in 'Release', 'RelWithDebInfo' should be preferred to avoid crashes and memory issues")
[0.833s]   [01;35m[K^~~~~~~[m[K
[8.504s] In file included from [01m[K/home/team/SoftwareDevelopment/ROS2/skinny/src/zed_tracking/src/zed_tracking_node.cpp:4:0[m[K:
[8.505s] [01m[K/usr/local/zed/include/sl/Camera.hpp:[m[K In destructor ‘[01m[Ksl::CameraInformation::~CameraInformation()[m[K’:
[8.506s] [01m[K/usr/local/zed/include/sl/Camera.hpp:3201:12:[m[K [01;35m[Kwarning: [m[K‘[01m[Ksl::CameraInformation::calibration_parameters[m[K’ is deprecated: Use camera_configuration.calibration_parameters instead [[01;35m[K-Wdeprecated-declarations[m[K]
[8.507s]      struct [01;35m[KCameraInformation[m[K {
[8.508s]             [01;35m[K^~~~~~~~~~~~~~~~~[m[K
[8.508s] [01m[K/usr/local/zed/include/sl/Camera.hpp:3209:104:[m[K [01;36m[Knote: [m[Kdeclared here
[8.509s]          SL_DEPRECATED("Use camera_configuration.calibration_parameters instead") CalibrationParameters [01;36m[Kcalibration_parameters[m[K; /**< \deprecated see CameraConfiguration::calibration_parameters, Intrinsic and Extrinsic stereo parameters for rectified/undistorded images (default).*/
[8.510s]                                                                                                         [01;36m[K^~~~~~~~~~~~~~~~~~~~~~[m[K
[8.511s] [01m[K/usr/local/zed/include/sl/Camera.hpp:3201:12:[m[K [01;35m[Kwarning: [m[K‘[01m[Ksl::CameraInformation::calibration_parameters[m[K’ is deprecated: Use camera_configuration.calibration_parameters instead [[01;35m[K-Wdeprecated-declarations[m[K]
[8.511s]      struct [01;35m[KCameraInformation[m[K {
[8.512s]             [01;35m[K^~~~~~~~~~~~~~~~~[m[K
[8.512s] [01m[K/usr/local/zed/include/sl/Camera.hpp:3209:104:[m[K [01;36m[Knote: [m[Kdeclared here
[8.513s]          SL_DEPRECATED("Use camera_configuration.calibration_parameters instead") CalibrationParameters [01;36m[Kcalibration_parameters[m[K; /**< \deprecated see CameraConfiguration::calibration_parameters, Intrinsic and Extrinsic stereo parameters for rectified/undistorded images (default).*/
[8.514s]                                                                                                         [01;36m[K^~~~~~~~~~~~~~~~~~~~~~[m[K
[8.515s] [01m[K/usr/local/zed/include/sl/Camera.hpp:3201:12:[m[K [01;35m[Kwarning: [m[K‘[01m[Ksl::CameraInformation::calibration_parameters_raw[m[K’ is deprecated: Use camera_configuration.calibration_parameters_raw instead [[01;35m[K-Wdeprecated-declarations[m[K]
[8.515s]      struct [01;35m[KCameraInformation[m[K {
[8.516s]             [01;35m[K^~~~~~~~~~~~~~~~~[m[K
[8.517s] [01m[K/usr/local/zed/include/sl/Camera.hpp:3210:108:[m[K [01;36m[Knote: [m[Kdeclared here
[8.517s]          SL_DEPRECATED("Use camera_configuration.calibration_parameters_raw instead") CalibrationParameters [01;36m[Kcalibration_parameters_raw[m[K; /**< \deprecated see CameraConfiguration::calibration_parameters_raw, Intrinsic and Extrinsic stereo parameters for original images (unrectified/distorded).*/
[8.518s]                                                                                                             [01;36m[K^~~~~~~~~~~~~~~~~~~~~~~~~~[m[K
[8.518s] [01m[K/usr/local/zed/include/sl/Camera.hpp:3201:12:[m[K [01;35m[Kwarning: [m[K‘[01m[Ksl::CameraInformation::calibration_parameters_raw[m[K’ is deprecated: Use camera_configuration.calibration_parameters_raw instead [[01;35m[K-Wdeprecated-declarations[m[K]
[8.519s]      struct [01;35m[KCameraInformation[m[K {
[8.520s]             [01;35m[K^~~~~~~~~~~~~~~~~[m[K
[8.521s] [01m[K/usr/local/zed/include/sl/Camera.hpp:3210:108:[m[K [01;36m[Knote: [m[Kdeclared here
[8.521s]          SL_DEPRECATED("Use camera_configuration.calibration_parameters_raw instead") CalibrationParameters [01;36m[Kcalibration_parameters_raw[m[K; /**< \deprecated see CameraConfiguration::calibration_parameters_raw, Intrinsic and Extrinsic stereo parameters for original images (unrectified/distorded).*/
[8.522s]                                                                                                             [01;36m[K^~~~~~~~~~~~~~~~~~~~~~~~~~[m[K
[8.523s] [01m[K/usr/local/zed/include/sl/Camera.hpp:3201:12:[m[K [01;35m[Kwarning: [m[K‘[01m[Ksl::CameraInformation::camera_imu_transform[m[K’ is deprecated: Use sensors_configuration.camera_imu_transform instead [[01;35m[K-Wdeprecated-declarations[m[K]
[8.523s]      struct [01;35m[KCameraInformation[m[K {
[8.524s]             [01;35m[K^~~~~~~~~~~~~~~~~[m[K
[8.525s] [01m[K/usr/local/zed/include/sl/Camera.hpp:3211:95:[m[K [01;36m[Knote: [m[Kdeclared here
[8.526s]          SL_DEPRECATED("Use sensors_configuration.camera_imu_transform instead") sl::Transform [01;36m[Kcamera_imu_transform[m[K; /**< \deprecated see SensorsConfiguration::camera_imu_transform, IMU to Left camera transform matrix, that contains rotation and translation between IMU frame and camera frame.*/
[8.527s]                                                                                                [01;36m[K^~~~~~~~~~~~~~~~~~~~[m[K
[8.527s] [01m[K/usr/local/zed/include/sl/Camera.hpp:3201:12:[m[K [01;35m[Kwarning: [m[K‘[01m[Ksl::CameraInformation::camera_imu_transform[m[K’ is deprecated: Use sensors_configuration.camera_imu_transform instead [[01;35m[K-Wdeprecated-declarations[m[K]
[8.528s]      struct [01;35m[KCameraInformation[m[K {
[8.529s]             [01;35m[K^~~~~~~~~~~~~~~~~[m[K
[8.529s] [01m[K/usr/local/zed/include/sl/Camera.hpp:3211:95:[m[K [01;36m[Knote: [m[Kdeclared here
[8.530s]          SL_DEPRECATED("Use sensors_configuration.camera_imu_transform instead") sl::Transform [01;36m[Kcamera_imu_transform[m[K; /**< \deprecated see SensorsConfiguration::camera_imu_transform, IMU to Left camera transform matrix, that contains rotation and translation between IMU frame and camera frame.*/
[8.530s]                                                                                                [01;36m[K^~~~~~~~~~~~~~~~~~~~[m[K
[8.531s] [01m[K/home/team/SoftwareDevelopment/ROS2/skinny/src/zed_tracking/src/zed_tracking_node.cpp:[m[K In function ‘[01m[Kint main(int, char**)[m[K’:
[8.532s] [01m[K/home/team/SoftwareDevelopment/ROS2/skinny/src/zed_tracking/src/zed_tracking_node.cpp:48:48:[m[K [01;36m[Knote: [m[Ksynthesized method ‘[01m[Ksl::CameraInformation::~CameraInformation()[m[K’ first required here 
[8.532s]      auto cameraInfo = zed.getCameraInformation([01;36m[K)[m[K;
[8.533s] 
[8.533s]                                                 [01;36m[K^[m[K
[8.534s] In file included from [01m[K/home/team/SoftwareDevelopment/ROS2/skinny/src/zed_tracking/src/zed_tracking_node.cpp:4:0[m[K:
[8.534s] [01m[K/usr/local/zed/include/sl/Camera.hpp:[m[K In constructor ‘[01m[Ksl::CalibrationParameters::CalibrationParameters(sl::CalibrationParameters&&)[m[K’:
[8.535s] [01m[K/usr/local/zed/include/sl/Camera.hpp:3121:59:[m[K [01;35m[Kwarning: [m[K‘[01m[Ksl::CalibrationParameters::R[m[K’ is deprecated: Use stereo_transform.getRotationMatrix instead [[01;35m[K-Wdeprecated-declarations[m[K]
[8.535s]      struct /*@cond SHOWHIDDEN*/SL_CORE_EXPORT/*@endcond*/ [01;35m[KCalibrationParameters[m[K {
[8.536s]                                                            [01;35m[K^~~~~~~~~~~~~~~~~~~~~[m[K
[8.536s] [01m[K/usr/local/zed/include/sl/Camera.hpp:3129:80:[m[K [01;36m[Knote: [m[Kdeclared here
[8.537s]          SL_DEPRECATED("Use stereo_transform.getRotationMatrix instead") float3 [01;36m[KR[m[K; /**< \deprecated see stereo_transform, Rotation on its own (using Rodrigues' transformation) of the right sensor. The left is considered as the reference. Defined as 'tilt', 'convergence' and 'roll'. Using a \ref Rotation, you can use \ref Rotation::setRotationVector(R) to convert into other representations.*/
[8.537s]                                                                                 [01;36m[K^[m[K
[8.538s] [01m[K/usr/local/zed/include/sl/Camera.hpp:3121:59:[m[K [01;35m[Kwarning: [m[K‘[01m[Ksl::CalibrationParameters::R[m[K’ is deprecated: Use stereo_transform.getRotationMatrix instead [[01;35m[K-Wdeprecated-declarations[m[K]
[8.538s]      struct /*@cond SHOWHIDDEN*/SL_CORE_EXPORT/*@endcond*/ [01;35m[KCalibrationParameters[m[K {
[8.539s]                                                            [01;35m[K^~~~~~~~~~~~~~~~~~~~~[m[K
[8.539s] [01m[K/usr/local/zed/include/sl/Camera.hpp:3129:80:[m[K [01;36m[Knote: [m[Kdeclared here
[8.540s]          SL_DEPRECATED("Use stereo_transform.getRotationMatrix instead") float3 [01;36m[KR[m[K; /**< \deprecated see stereo_transform, Rotation on its own (using Rodrigues' transformation) of the right sensor. The left is considered as the reference. Defined as 'tilt', 'convergence' and 'roll'. Using a \ref Rotation, you can use \ref Rotation::setRotationVector(R) to convert into other representations.*/
[8.540s]                                                                                 [01;36m[K^[m[K
[8.541s] [01m[K/usr/local/zed/include/sl/Camera.hpp:3121:59:[m[K [01;35m[Kwarning: [m[K‘[01m[Ksl::CalibrationParameters::T[m[K’ is deprecated: Use stereo_transform.getTranslation instead [[01;35m[K-Wdeprecated-declarations[m[K]
[8.541s]      struct /*@cond SHOWHIDDEN*/SL_CORE_EXPORT/*@endcond*/ [01;35m[KCalibrationParameters[m[K {
[8.542s]                                                            [01;35m[K^~~~~~~~~~~~~~~~~~~~~[m[K
[8.542s] [01m[K/usr/local/zed/include/sl/Camera.hpp:3130:77:[m[K [01;36m[Knote: [m[Kdeclared here
[8.543s]          SL_DEPRECATED("Use stereo_transform.getTranslation instead") float3 [01;36m[KT[m[K; /**< \deprecated see stereo_transform,  Translation between the two sensors. T.x is the distance between the two cameras (baseline) in the sl::UNIT chosen during sl::Camera::open (mm, cm, meters, inches...).*/
[8.543s]                                                                              [01;36m[K^[m[K
[8.544s] [01m[K/usr/local/zed/include/sl/Camera.hpp:3121:59:[m[K [01;35m[Kwarning: [m[K‘[01m[Ksl::CalibrationParameters::T[m[K’ is deprecated: Use stereo_transform.getTranslation instead [[01;35m[K-Wdeprecated-declarations[m[K]
[8.544s]      struct /*@cond SHOWHIDDEN*/SL_CORE_EXPORT/*@endcond*/ [01;35m[KCalibrationParameters[m[K {
[8.545s]                                                            [01;35m[K^~~~~~~~~~~~~~~~~~~~~[m[K
[8.545s] [01m[K/usr/local/zed/include/sl/Camera.hpp:3130:77:[m[K [01;36m[Knote: [m[Kdeclared here
[8.545s]          SL_DEPRECATED("Use stereo_transform.getTranslation instead") float3 [01;36m[KT[m[K; /**< \deprecated see stereo_transform,  Translation between the two sensors. T.x is the distance between the two cameras (baseline) in the sl::UNIT chosen during sl::Camera::open (mm, cm, meters, inches...).*/
[8.546s]                                                                              [01;36m[K^[m[K
[8.546s] [01m[K/usr/local/zed/include/sl/Camera.hpp:[m[K In constructor ‘[01m[Ksl::CameraConfiguration::CameraConfiguration(sl::CameraConfiguration&&)[m[K’:
[8.547s] [01m[K/usr/local/zed/include/sl/Camera.hpp:3184:12:[m[K [01;36m[Knote: [m[Ksynthesized method ‘[01m[Ksl::CalibrationParameters::CalibrationParameters(sl::CalibrationParameters&&)[m[K’ first required here 
[8.547s]      struct [01;36m[KCameraConfiguration[m[K {
[8.548s]             [01;36m[K^~~~~~~~~~~~~~~~~~~[m[K
[8.549s] [01m[K/usr/local/zed/include/sl/Camera.hpp:[m[K In constructor ‘[01m[Ksl::CameraInformation::CameraInformation(sl::CameraInformation&&)[m[K’:
[8.549s] [01m[K/usr/local/zed/include/sl/Camera.hpp:3201:12:[m[K [01;36m[Knote: [m[Ksynthesized method ‘[01m[Ksl::CameraConfiguration::CameraConfiguration(sl::CameraConfiguration&&)[m[K’ first required here 
[8.550s]      struct [01;36m[KCameraInformation[m[K {
[8.550s]             [01;36m[K^~~~~~~~~~~~~~~~~[m[K
[8.551s] [01m[K/usr/local/zed/include/sl/Camera.hpp:3201:12:[m[K [01;35m[Kwarning: [m[K‘[01m[Ksl::CameraInformation::calibration_parameters[m[K’ is deprecated: Use camera_configuration.calibration_parameters instead [[01;35m[K-Wdeprecated-declarations[m[K]
[8.551s] [01m[K/usr/local/zed/include/sl/Camera.hpp:3209:104:[m[K [01;36m[Knote: [m[Kdeclared here
[8.552s]          SL_DEPRECATED("Use camera_configuration.calibration_parameters instead") CalibrationParameters [01;36m[Kcalibration_parameters[m[K; /**< \deprecated see CameraConfiguration::calibration_parameters, Intrinsic and Extrinsic stereo parameters for rectified/undistorded images (default).*/
[8.552s]                                                                                                         [01;36m[K^~~~~~~~~~~~~~~~~~~~~~[m[K
[8.553s] [01m[K/usr/local/zed/include/sl/Camera.hpp:3201:12:[m[K [01;35m[Kwarning: [m[K‘[01m[Ksl::CameraInformation::calibration_parameters[m[K’ is deprecated: Use camera_configuration.calibration_parameters instead [[01;35m[K-Wdeprecated-declarations[m[K]
[8.553s]      struct [01;35m[KCameraInformation[m[K {
[8.553s]             [01;35m[K^~~~~~~~~~~~~~~~~[m[K
[8.554s] [01m[K/usr/local/zed/include/sl/Camera.hpp:3209:104:[m[K [01;36m[Knote: [m[Kdeclared here
[8.554s]          SL_DEPRECATED("Use camera_configuration.calibration_parameters instead") CalibrationParameters [01;36m[Kcalibration_parameters[m[K; /**< \deprecated see CameraConfiguration::calibration_parameters, Intrinsic and Extrinsic stereo parameters for rectified/undistorded images (default).*/
[8.555s]                                                                                                         [01;36m[K^~~~~~~~~~~~~~~~~~~~~~[m[K
[8.555s] [01m[K/usr/local/zed/include/sl/Camera.hpp:3201:12:[m[K [01;35m[Kwarning: [m[K‘[01m[Ksl::CameraInformation::calibration_parameters[m[K’ is deprecated: Use camera_configuration.calibration_parameters instead [[01;35m[K-Wdeprecated-declarations[m[K]
[8.556s]      struct [01;35m[KCameraInformation[m[K {
[8.556s]             [01;35m[K^~~~~~~~~~~~~~~~~[m[K
[8.557s] [01m[K/usr/local/zed/include/sl/Camera.hpp:3209:104:[m[K [01;36m[Knote: [m[Kdeclared here
[8.557s]          SL_DEPRECATED("Use camera_configuration.calibration_parameters instead") CalibrationParameters [01;36m[Kcalibration_parameters[m[K; /**< \deprecated see CameraConfiguration::calibration_parameters, Intrinsic and Extrinsic stereo parameters for rectified/undistorded images (default).*/
[8.558s]                                                                                                         [01;36m[K^~~~~~~~~~~~~~~~~~~~~~[m[K
[8.558s] [01m[K/usr/local/zed/include/sl/Camera.hpp:3201:12:[m[K [01;35m[Kwarning: [m[K‘[01m[Ksl::CameraInformation::calibration_parameters[m[K’ is deprecated: Use camera_configuration.calibration_parameters instead [[01;35m[K-Wdeprecated-declarations[m[K]
[8.559s]      struct [01;35m[KCameraInformation[m[K {
[8.559s]             [01;35m[K^~~~~~~~~~~~~~~~~[m[K
[8.560s] [01m[K/usr/local/zed/include/sl/Camera.hpp:3209:104:[m[K [01;36m[Knote: [m[Kdeclared here
[8.560s]          SL_DEPRECATED("Use camera_configuration.calibration_parameters instead") CalibrationParameters [01;36m[Kcalibration_parameters[m[K; /**< \deprecated see CameraConfiguration::calibration_parameters, Intrinsic and Extrinsic stereo parameters for rectified/undistorded images (default).*/
[8.561s]                                                                                                         [01;36m[K^~~~~~~~~~~~~~~~~~~~~~[m[K
[8.561s] [01m[K/usr/local/zed/include/sl/Camera.hpp:3201:12:[m[K [01;35m[Kwarning: [m[K‘[01m[Ksl::CameraInformation::calibration_parameters_raw[m[K’ is deprecated: Use camera_configuration.calibration_parameters_raw instead [[01;35m[K-Wdeprecated-declarations[m[K]
[8.562s]      struct [01;35m[KCameraInformation[m[K {
[8.562s]             [01;35m[K^~~~~~~~~~~~~~~~~[m[K
[8.563s] [01m[K/usr/local/zed/include/sl/Camera.hpp:3210:108:[m[K [01;36m[Knote: [m[Kdeclared here
[8.563s]          SL_DEPRECATED("Use camera_configuration.calibration_parameters_raw instead") CalibrationParameters [01;36m[Kcalibration_parameters_raw[m[K; /**< \deprecated see CameraConfiguration::calibration_parameters_raw, Intrinsic and Extrinsic stereo parameters for original images (unrectified/distorded).*/
[8.564s]                                                                                                             [01;36m[K^~~~~~~~~~~~~~~~~~~~~~~~~~[m[K
[8.564s] [01m[K/usr/local/zed/include/sl/Camera.hpp:3201:12:[m[K [01;35m[Kwarning: [m[K‘[01m[Ksl::CameraInformation::calibration_parameters_raw[m[K’ is deprecated: Use camera_configuration.calibration_parameters_raw instead [[01;35m[K-Wdeprecated-declarations[m[K]
[8.565s]      struct [01;35m[KCameraInformation[m[K {
[8.565s]             [01;35m[K^~~~~~~~~~~~~~~~~[m[K
[8.566s] [01m[K/usr/local/zed/include/sl/Camera.hpp:3210:108:[m[K [01;36m[Knote: [m[Kdeclared here
[8.566s]          SL_DEPRECATED("Use camera_configuration.calibration_parameters_raw instead") CalibrationParameters [01;36m[Kcalibration_parameters_raw[m[K; /**< \deprecated see CameraConfiguration::calibration_parameters_raw, Intrinsic and Extrinsic stereo parameters for original images (unrectified/distorded).*/
[8.567s]                                                                                                             [01;36m[K^~~~~~~~~~~~~~~~~~~~~~~~~~[m[K
[8.567s] [01m[K/usr/local/zed/include/sl/Camera.hpp:3201:12:[m[K [01;35m[Kwarning: [m[K‘[01m[Ksl::CameraInformation::calibration_parameters_raw[m[K’ is deprecated: Use camera_configuration.calibration_parameters_raw instead [[01;35m[K-Wdeprecated-declarations[m[K]
[8.568s]      struct [01;35m[KCameraInformation[m[K {
[8.568s]             [01;35m[K^~~~~~~~~~~~~~~~~[m[K
[8.569s] [01m[K/usr/local/zed/include/sl/Camera.hpp:3210:108:[m[K [01;36m[Knote: [m[Kdeclared here
[8.569s]          SL_DEPRECATED("Use camera_configuration.calibration_parameters_raw instead") CalibrationParameters [01;36m[Kcalibration_parameters_raw[m[K; /**< \deprecated see CameraConfiguration::calibration_parameters_raw, Intrinsic and Extrinsic stereo parameters for original images (unrectified/distorded).*/
[8.570s]                                                                                                             [01;36m[K^~~~~~~~~~~~~~~~~~~~~~~~~~[m[K
[8.570s] [01m[K/usr/local/zed/include/sl/Camera.hpp:3201:12:[m[K [01;35m[Kwarning: [m[K‘[01m[Ksl::CameraInformation::calibration_parameters_raw[m[K’ is deprecated: Use camera_configuration.calibration_parameters_raw instead [[01;35m[K-Wdeprecated-declarations[m[K]
[8.571s]      struct [01;35m[KCameraInformation[m[K {
[8.571s]             [01;35m[K^~~~~~~~~~~~~~~~~[m[K
[8.572s] [01m[K/usr/local/zed/include/sl/Camera.hpp:3210:108:[m[K [01;36m[Knote: [m[Kdeclared here
[8.573s]          SL_DEPRECATED("Use camera_configuration.calibration_parameters_raw instead") CalibrationParameters [01;36m[Kcalibration_parameters_raw[m[K; /**< \deprecated see CameraConfiguration::calibration_parameters_raw, Intrinsic and Extrinsic stereo parameters for original images (unrectified/distorded).*/
[8.573s]                                                                                                             [01;36m[K^~~~~~~~~~~~~~~~~~~~~~~~~~[m[K
[8.574s] [01m[K/usr/local/zed/include/sl/Camera.hpp:3201:12:[m[K [01;35m[Kwarning: [m[K‘[01m[Ksl::CameraInformation::camera_imu_transform[m[K’ is deprecated: Use sensors_configuration.camera_imu_transform instead [[01;35m[K-Wdeprecated-declarations[m[K]
[8.574s]      struct [01;35m[KCameraInformation[m[K {
[8.575s]             [01;35m[K^~~~~~~~~~~~~~~~~[m[K
[8.575s] [01m[K/usr/local/zed/include/sl/Camera.hpp:3211:95:[m[K [01;36m[Knote: [m[Kdeclared here
[8.576s]          SL_DEPRECATED("Use sensors_configuration.camera_imu_transform instead") sl::Transform [01;36m[Kcamera_imu_transform[m[K; /**< \deprecated see SensorsConfiguration::camera_imu_transform, IMU to Left camera transform matrix, that contains rotation and translation between IMU frame and camera frame.*/
[8.577s]                                                                                                [01;36m[K^~~~~~~~~~~~~~~~~~~~[m[K
[8.577s] [01m[K/usr/local/zed/include/sl/Camera.hpp:3201:12:[m[K [01;35m[Kwarning: [m[K‘[01m[Ksl::CameraInformation::camera_imu_transform[m[K’ is deprecated: Use sensors_configuration.camera_imu_transform instead [[01;35m[K-Wdeprecated-declarations[m[K]
[8.578s]      struct [01;35m[KCameraInformation[m[K {
[8.578s]             [01;35m[K^~~~~~~~~~~~~~~~~[m[K
[8.579s] [01m[K/usr/local/zed/include/sl/Camera.hpp:3211:95:[m[K [01;36m[Knote: [m[Kdeclared here
[8.579s]          SL_DEPRECATED("Use sensors_configuration.camera_imu_transform instead") sl::Transform [01;36m[Kcamera_imu_transform[m[K; /**< \deprecated see SensorsConfiguration::camera_imu_transform, IMU to Left camera transform matrix, that contains rotation and translation between IMU frame and camera frame.*/
[8.580s]                                                                                                [01;36m[K^~~~~~~~~~~~~~~~~~~~[m[K
[8.580s] [01m[K/usr/local/zed/include/sl/Camera.hpp:3201:12:[m[K [01;35m[Kwarning: [m[K‘[01m[Ksl::CameraInformation::camera_imu_transform[m[K’ is deprecated: Use sensors_configuration.camera_imu_transform instead [[01;35m[K-Wdeprecated-declarations[m[K]
[8.581s]      struct [01;35m[KCameraInformation[m[K {
[8.581s]             [01;35m[K^~~~~~~~~~~~~~~~~[m[K
[8.582s] [01m[K/usr/local/zed/include/sl/Camera.hpp:3211:95:[m[K [01;36m[Knote: [m[Kdeclared here
[8.582s]          SL_DEPRECATED("Use sensors_configuration.camera_imu_transform instead") sl::Transform [01;36m[Kcamera_imu_transform[m[K; /**< \deprecated see SensorsConfiguration::camera_imu_transform, IMU to Left camera transform matrix, that contains rotation and translation between IMU frame and camera frame.*/
[8.583s]                                                                                                [01;36m[K^~~~~~~~~~~~~~~~~~~~[m[K
[8.583s] [01m[K/usr/local/zed/include/sl/Camera.hpp:3201:12:[m[K [01;35m[Kwarning: [m[K‘[01m[Ksl::CameraInformation::camera_imu_transform[m[K’ is deprecated: Use sensors_configuration.camera_imu_transform instead [[01;35m[K-Wdeprecated-declarations[m[K]
[8.584s]      struct [01;35m[KCameraInformation[m[K {
[8.584s]             [01;35m[K^~~~~~~~~~~~~~~~~[m[K
[8.585s] [01m[K/usr/local/zed/include/sl/Camera.hpp:3211:95:[m[K [01;36m[Knote: [m[Kdeclared here
[8.585s]          SL_DEPRECATED("Use sensors_configuration.camera_imu_transform instead") sl::Transform [01;36m[Kcamera_imu_transform[m[K; /**< \deprecated see SensorsConfiguration::camera_imu_transform, IMU to Left camera transform matrix, that contains rotation and translation between IMU frame and camera frame.*/
[8.586s]                                                                                                [01;36m[K^~~~~~~~~~~~~~~~~~~~[m[K
[8.586s] [01m[K/usr/local/zed/include/sl/Camera.hpp:3201:12:[m[K [01;35m[Kwarning: [m[K‘[01m[Ksl::CameraInformation::camera_firmware_version[m[K’ is deprecated: Use camera_configuration.firmware_version instead [[01;35m[K-Wdeprecated-declarations[m[K]
[8.587s]      struct [01;35m[KCameraInformation[m[K {
[8.587s]             [01;35m[K^~~~~~~~~~~~~~~~~[m[K
[8.588s] [01m[K/usr/local/zed/include/sl/Camera.hpp:3212:115:[m[K [01;36m[Knote: [m[Kdeclared here
[8.588s]          SL_DEPRECATED("Use camera_configuration.firmware_version instead") unsigned int camera_firmware_version = [01;36m[K0[m[K; /**< \deprecated CameraConfiguration::firmware_version, Firmware version of the camera.*/
[8.589s]                                                                                                                    [01;36m[K^[m[K
[8.589s] [01m[K/usr/local/zed/include/sl/Camera.hpp:3201:12:[m[K [01;35m[Kwarning: [m[K‘[01m[Ksl::CameraInformation::camera_firmware_version[m[K’ is deprecated: Use camera_configuration.firmware_version instead [[01;35m[K-Wdeprecated-declarations[m[K]
[8.590s]      struct [01;35m[KCameraInformation[m[K {
[8.590s]             [01;35m[K^~~~~~~~~~~~~~~~~[m[K
[8.591s] [01m[K/usr/local/zed/include/sl/Camera.hpp:3212:115:[m[K [01;36m[Knote: [m[Kdeclared here
[8.591s]          SL_DEPRECATED("Use camera_configuration.firmware_version instead") unsigned int camera_firmware_version = [01;36m[K0[m[K; /**< \deprecated CameraConfiguration::firmware_version, Firmware version of the camera.*/
[8.592s]                                                                                                                    [01;36m[K^[m[K
[8.592s] [01m[K/usr/local/zed/include/sl/Camera.hpp:3201:12:[m[K [01;35m[Kwarning: [m[K‘[01m[Ksl::CameraInformation::sensors_firmware_version[m[K’ is deprecated: Use sensors_configuration.firmware_version instead [[01;35m[K-Wdeprecated-declarations[m[K]
[8.593s]      struct [01;35m[KCameraInformation[m[K {
[8.593s]             [01;35m[K^~~~~~~~~~~~~~~~~[m[K
[8.594s] [01m[K/usr/local/zed/include/sl/Camera.hpp:3213:117:[m[K [01;36m[Knote: [m[Kdeclared here
[8.594s]          SL_DEPRECATED("Use sensors_configuration.firmware_version instead") unsigned int sensors_firmware_version = [01;36m[K0[m[K; /**< \deprecated see SensorsConfiguration::firmware_version, Firmware version of the sensors of ZED-M or ZED2.*/
[8.595s]                                                                                                                      [01;36m[K^[m[K
[8.595s] [01m[K/usr/local/zed/include/sl/Camera.hpp:3201:12:[m[K [01;35m[Kwarning: [m[K‘[01m[Ksl::CameraInformation::sensors_firmware_version[m[K’ is deprecated: Use sensors_configuration.firmware_version instead [[01;35m[K-Wdeprecated-declarations[m[K]
[8.595s]      struct [01;35m[KCameraInformation[m[K {
[8.596s]             [01;35m[K^~~~~~~~~~~~~~~~~[m[K
[8.597s] [01m[K/usr/local/zed/include/sl/Camera.hpp:3213:117:[m[K [01;36m[Knote: [m[Kdeclared here
[8.597s]          SL_DEPRECATED("Use sensors_configuration.firmware_version instead") unsigned int sensors_firmware_version = [01;36m[K0[m[K; /**< \deprecated see SensorsConfiguration::firmware_version, Firmware version of the sensors of ZED-M or ZED2.*/
[8.598s]                                                                                                                      [01;36m[K^[m[K
[8.598s] [01m[K/usr/local/zed/include/sl/Camera.hpp:3201:12:[m[K [01;35m[Kwarning: [m[K‘[01m[Ksl::CameraInformation::camera_fps[m[K’ is deprecated: Use camera_configuration.fps instead [[01;35m[K-Wdeprecated-declarations[m[K]
[8.599s]      struct [01;35m[KCameraInformation[m[K {
[8.599s]             [01;35m[K^~~~~~~~~~~~~~~~~[m[K
[8.600s] [01m[K/usr/local/zed/include/sl/Camera.hpp:3214:82:[m[K [01;36m[Knote: [m[Kdeclared here
[8.600s]          SL_DEPRECATED("Use camera_configuration.fps instead") float camera_fps = [01;36m[K0[m[K; /**< \deprecated see CameraConfiguration::fps, camera frame rate. */
[8.600s]                                                                                   [01;36m[K^[m[K
[8.601s] [01m[K/usr/local/zed/include/sl/Camera.hpp:3201:12:[m[K [01;35m[Kwarning: [m[K‘[01m[Ksl::CameraInformation::camera_fps[m[K’ is deprecated: Use camera_configuration.fps instead [[01;35m[K-Wdeprecated-declarations[m[K]
[8.601s]      struct [01;35m[KCameraInformation[m[K {
[8.602s]             [01;35m[K^~~~~~~~~~~~~~~~~[m[K
[8.603s] [01m[K/usr/local/zed/include/sl/Camera.hpp:3214:82:[m[K [01;36m[Knote: [m[Kdeclared here
[8.603s]          SL_DEPRECATED("Use camera_configuration.fps instead") float camera_fps = [01;36m[K0[m[K; /**< \deprecated see CameraConfiguration::fps, camera frame rate. */
[8.604s]                                                                                   [01;36m[K^[m[K
[8.604s] [01m[K/usr/local/zed/include/sl/Camera.hpp:3201:12:[m[K [01;35m[Kwarning: [m[K‘[01m[Ksl::CameraInformation::camera_resolution[m[K’ is deprecated: Use camera_configuration.resolution instead [[01;35m[K-Wdeprecated-declarations[m[K]
[8.605s]      struct [01;35m[KCameraInformation[m[K {
[8.605s]             [01;35m[K^~~~~~~~~~~~~~~~~[m[K
[8.606s] [01m[K/usr/local/zed/include/sl/Camera.hpp:3215:81:[m[K [01;36m[Knote: [m[Kdeclared here
[8.606s]          SL_DEPRECATED("Use camera_configuration.resolution instead") Resolution [01;36m[Kcamera_resolution[m[K; /**< \deprecated see CameraConfiguration::resolution, camera resolution. */
[8.607s]                                                                                  [01;36m[K^~~~~~~~~~~~~~~~~[m[K
[8.607s] [01m[K/usr/local/zed/include/sl/Camera.hpp:3201:12:[m[K [01;35m[Kwarning: [m[K‘[01m[Ksl::CameraInformation::camera_resolution[m[K’ is deprecated: Use camera_configuration.resolution instead [[01;35m[K-Wdeprecated-declarations[m[K]
[8.608s]      struct [01;35m[KCameraInformation[m[K {
[8.608s]             [01;35m[K^~~~~~~~~~~~~~~~~[m[K
[8.609s] [01m[K/usr/local/zed/include/sl/Camera.hpp:3215:81:[m[K [01;36m[Knote: [m[Kdeclared here
[8.609s]          SL_DEPRECATED("Use camera_configuration.resolution instead") Resolution [01;36m[Kcamera_resolution[m[K; /**< \deprecated see CameraConfiguration::resolution, camera resolution. */
[8.610s]                                                                                  [01;36m[K^~~~~~~~~~~~~~~~~[m[K
[8.610s] [01m[K/home/team/SoftwareDevelopment/ROS2/skinny/src/zed_tracking/src/zed_tracking_node.cpp:[m[K In function ‘[01m[Kint main(int, char**)[m[K’:
[8.611s] [01m[K/home/team/SoftwareDevelopment/ROS2/skinny/src/zed_tracking/src/zed_tracking_node.cpp:48:48:[m[K [01;36m[Knote: [m[Ksynthesized method ‘[01m[Ksl::CameraInformation::CameraInformation(sl::CameraInformation&&)[m[K’ first required here 
[8.611s]      auto cameraInfo = zed.getCameraInformation([01;36m[K)[m[K;
[8.612s] 
[8.612s]                                                 [01;36m[K^[m[K
[8.613s] [01m[K/home/team/SoftwareDevelopment/ROS2/skinny/src/zed_tracking/src/zed_tracking_node.cpp:49:44:[m[K [01;35m[Kwarning: [m[K‘[01m[Ksl::CameraInformation::camera_resolution[m[K’ is deprecated: Use camera_configuration.resolution instead [[01;35m[K-Wdeprecated-declarations[m[K]
[8.613s]      sl::Resolution image_size = cameraInfo.[01;35m[Kcamera_resolution[m[K;
[8.614s] 
[8.614s]                                             [01;35m[K^~~~~~~~~~~~~~~~~[m[K
[8.615s] In file included from [01m[K/home/team/SoftwareDevelopment/ROS2/skinny/src/zed_tracking/src/zed_tracking_node.cpp:4:0[m[K:
[8.615s] [01m[K/usr/local/zed/include/sl/Camera.hpp:3215:81:[m[K [01;36m[Knote: [m[Kdeclared here
[8.616s]          SL_DEPRECATED("Use camera_configuration.resolution instead") Resolution [01;36m[Kcamera_resolution[m[K; /**< \deprecated see CameraConfiguration::resolution, camera resolution. */
[8.616s]                                                                                  [01;36m[K^~~~~~~~~~~~~~~~~[m[K
[8.617s] [01m[K/home/team/SoftwareDevelopment/ROS2/skinny/src/zed_tracking/src/zed_tracking_node.cpp:49:44:[m[K [01;35m[Kwarning: [m[K‘[01m[Ksl::CameraInformation::camera_resolution[m[K’ is deprecated: Use camera_configuration.resolution instead [[01;35m[K-Wdeprecated-declarations[m[K]
[8.617s]      sl::Resolution image_size = cameraInfo.[01;35m[Kcamera_resolution[m[K;
[8.618s] 
[8.618s]                                             [01;35m[K^~~~~~~~~~~~~~~~~[m[K
[8.619s] In file included from [01m[K/home/team/SoftwareDevelopment/ROS2/skinny/src/zed_tracking/src/zed_tracking_node.cpp:4:0[m[K:
[8.619s] [01m[K/usr/local/zed/include/sl/Camera.hpp:3215:81:[m[K [01;36m[Knote: [m[Kdeclared here
[8.620s]          SL_DEPRECATED("Use camera_configuration.resolution instead") Resolution [01;36m[Kcamera_resolution[m[K; /**< \deprecated see CameraConfiguration::resolution, camera resolution. */
[8.620s]                                                                                  [01;36m[K^~~~~~~~~~~~~~~~~[m[K
[8.621s] [01m[K/home/team/SoftwareDevelopment/ROS2/skinny/src/zed_tracking/src/zed_tracking_node.cpp:49:44:[m[K [01;35m[Kwarning: [m[K‘[01m[Ksl::CameraInformation::camera_resolution[m[K’ is deprecated: Use camera_configuration.resolution instead [[01;35m[K-Wdeprecated-declarations[m[K]
[8.621s]      sl::Resolution image_size = cameraInfo.[01;35m[Kcamera_resolution[m[K;
[8.622s] 
[8.622s]                                             [01;35m[K^~~~~~~~~~~~~~~~~[m[K
[8.623s] In file included from [01m[K/home/team/SoftwareDevelopment/ROS2/skinny/src/zed_tracking/src/zed_tracking_node.cpp:4:0[m[K:
[8.623s] [01m[K/usr/local/zed/include/sl/Camera.hpp:3215:81:[m[K [01;36m[Knote: [m[Kdeclared here
[8.624s]          SL_DEPRECATED("Use camera_configuration.resolution instead") Resolution [01;36m[Kcamera_resolution[m[K; /**< \deprecated see CameraConfiguration::resolution, camera resolution. */
[8.624s]                                                                                  [01;36m[K^~~~~~~~~~~~~~~~~[m[K
[8.625s] [01m[K/home/team/SoftwareDevelopment/ROS2/skinny/src/zed_tracking/src/zed_tracking_node.cpp:54:33:[m[K [01;35m[Kwarning: [m[K‘[01m[Ksl::CameraInformation::calibration_parameters[m[K’ is deprecated: Use camera_configuration.calibration_parameters instead [[01;35m[K-Wdeprecated-declarations[m[K]
[8.625s]      auto calibInfo = cameraInfo.[01;35m[Kcalibration_parameters[m[K.left_cam;
[8.626s] 
[8.626s]                                  [01;35m[K^~~~~~~~~~~~~~~~~~~~~~[m[K
[8.627s] In file included from [01m[K/home/team/SoftwareDevelopment/ROS2/skinny/src/zed_tracking/src/zed_tracking_node.cpp:4:0[m[K:
[8.627s] [01m[K/usr/local/zed/include/sl/Camera.hpp:3209:104:[m[K [01;36m[Knote: [m[Kdeclared here
[8.628s]          SL_DEPRECATED("Use camera_configuration.calibration_parameters instead") CalibrationParameters [01;36m[Kcalibration_parameters[m[K; /**< \deprecated see CameraConfiguration::calibration_parameters, Intrinsic and Extrinsic stereo parameters for rectified/undistorded images (default).*/
[8.628s]                                                                                                         [01;36m[K^~~~~~~~~~~~~~~~~~~~~~[m[K
[8.629s] [01m[K/home/team/SoftwareDevelopment/ROS2/skinny/src/zed_tracking/src/zed_tracking_node.cpp:54:33:[m[K [01;35m[Kwarning: [m[K‘[01m[Ksl::CameraInformation::calibration_parameters[m[K’ is deprecated: Use camera_configuration.calibration_parameters instead [[01;35m[K-Wdeprecated-declarations[m[K]
[8.629s]      auto calibInfo = cameraInfo.[01;35m[Kcalibration_parameters[m[K.left_cam;
[8.629s] 
[8.630s]                                  [01;35m[K^~~~~~~~~~~~~~~~~~~~~~[m[K
[8.630s] In file included from [01m[K/home/team/SoftwareDevelopment/ROS2/skinny/src/zed_tracking/src/zed_tracking_node.cpp:4:0[m[K:
[8.631s] [01m[K/usr/local/zed/include/sl/Camera.hpp:3209:104:[m[K [01;36m[Knote: [m[Kdeclared here
[8.631s]          SL_DEPRECATED("Use camera_configuration.calibration_parameters instead") CalibrationParameters [01;36m[Kcalibration_parameters[m[K; /**< \deprecated see CameraConfiguration::calibration_parameters, Intrinsic and Extrinsic stereo parameters for rectified/undistorded images (default).*/
[8.632s]                                                                                                         [01;36m[K^~~~~~~~~~~~~~~~~~~~~~[m[K
[8.632s] [01m[K/home/team/SoftwareDevelopment/ROS2/skinny/src/zed_tracking/src/zed_tracking_node.cpp:54:33:[m[K [01;35m[Kwarning: [m[K‘[01m[Ksl::CameraInformation::calibration_parameters[m[K’ is deprecated: Use camera_configuration.calibration_parameters instead [[01;35m[K-Wdeprecated-declarations[m[K]
[8.633s]      auto calibInfo = cameraInfo.[01;35m[Kcalibration_parameters[m[K.left_cam;
[8.633s] 
[8.634s]                                  [01;35m[K^~~~~~~~~~~~~~~~~~~~~~[m[K
[8.634s] In file included from [01m[K/home/team/SoftwareDevelopment/ROS2/skinny/src/zed_tracking/src/zed_tracking_node.cpp:4:0[m[K:
[8.635s] [01m[K/usr/local/zed/include/sl/Camera.hpp:3209:104:[m[K [01;36m[Knote: [m[Kdeclared here
[8.635s]          SL_DEPRECATED("Use camera_configuration.calibration_parameters instead") CalibrationParameters [01;36m[Kcalibration_parameters[m[K; /**< \deprecated see CameraConfiguration::calibration_parameters, Intrinsic and Extrinsic stereo parameters for rectified/undistorded images (default).*/
[8.636s]                                                                                                         [01;36m[K^~~~~~~~~~~~~~~~~~~~~~[m[K
[18.817s] [ 66%] [32m[1mLinking CXX executable zed_tracking_node[0m
[19.814s] [100%] Built target zed_tracking_node
[19.854s] Invoked command in '/home/team/SoftwareDevelopment/ROS2/skinny/build/zed_tracking' returned '0': CMAKE_PREFIX_PATH=/home/team/SoftwareDevelopment/ROS2/skinny/install/messages:/home/team/SoftwareDevelopment/ROS2/skinny/install/talon:/home/team/SoftwareDevelopment/ROS2/skinny/install/power_distribution_panel:/home/team/SoftwareDevelopment/ROS2/skinny/install/logic:/home/team/SoftwareDevelopment/ROS2/skinny/install/communication:/home/team/SoftwareDevelopment/ROS2/skinny/install/excavation:/opt/ros/eloquent /usr/bin/cmake --build /home/team/SoftwareDevelopment/ROS2/skinny/build/zed_tracking -- -j4 -l4
[19.955s] Invoking command in '/home/team/SoftwareDevelopment/ROS2/skinny/build/zed_tracking': CMAKE_PREFIX_PATH=/home/team/SoftwareDevelopment/ROS2/skinny/install/messages:/home/team/SoftwareDevelopment/ROS2/skinny/install/talon:/home/team/SoftwareDevelopment/ROS2/skinny/install/power_distribution_panel:/home/team/SoftwareDevelopment/ROS2/skinny/install/logic:/home/team/SoftwareDevelopment/ROS2/skinny/install/communication:/home/team/SoftwareDevelopment/ROS2/skinny/install/excavation:/opt/ros/eloquent /usr/bin/cmake --build /home/team/SoftwareDevelopment/ROS2/skinny/build/zed_tracking --target install -- -j4 -l4
[20.202s] [100%] Built target zed_tracking_node
[20.271s] [36mInstall the project...[0m
[20.306s] -- Install configuration: ""
[20.307s] -- Installing: /home/team/SoftwareDevelopment/ROS2/skinny/install/zed_tracking/lib/zed_tracking/zed_tracking_node
[20.310s] -- Set runtime path of "/home/team/SoftwareDevelopment/ROS2/skinny/install/zed_tracking/lib/zed_tracking/zed_tracking_node" to ""
[20.311s] -- Installing: /home/team/SoftwareDevelopment/ROS2/skinny/install/zed_tracking/share/ament_index/resource_index/package_run_dependencies/zed_tracking
[20.312s] -- Installing: /home/team/SoftwareDevelopment/ROS2/skinny/install/zed_tracking/share/ament_index/resource_index/parent_prefix_path/zed_tracking
[20.313s] -- Installing: /home/team/SoftwareDevelopment/ROS2/skinny/install/zed_tracking/share/zed_tracking/environment/ament_prefix_path.sh
[20.314s] -- Installing: /home/team/SoftwareDevelopment/ROS2/skinny/install/zed_tracking/share/zed_tracking/environment/ament_prefix_path.dsv
[20.315s] -- Installing: /home/team/SoftwareDevelopment/ROS2/skinny/install/zed_tracking/share/zed_tracking/environment/path.sh
[20.315s] -- Installing: /home/team/SoftwareDevelopment/ROS2/skinny/install/zed_tracking/share/zed_tracking/environment/path.dsv
[20.316s] -- Installing: /home/team/SoftwareDevelopment/ROS2/skinny/install/zed_tracking/share/zed_tracking/local_setup.bash
[20.317s] -- Installing: /home/team/SoftwareDevelopment/ROS2/skinny/install/zed_tracking/share/zed_tracking/local_setup.sh
[20.318s] -- Installing: /home/team/SoftwareDevelopment/ROS2/skinny/install/zed_tracking/share/zed_tracking/local_setup.zsh
[20.319s] -- Installing: /home/team/SoftwareDevelopment/ROS2/skinny/install/zed_tracking/share/zed_tracking/local_setup.dsv
[20.319s] -- Installing: /home/team/SoftwareDevelopment/ROS2/skinny/install/zed_tracking/share/zed_tracking/package.dsv
[20.321s] -- Installing: /home/team/SoftwareDevelopment/ROS2/skinny/install/zed_tracking/share/ament_index/resource_index/packages/zed_tracking
[20.321s] -- Installing: /home/team/SoftwareDevelopment/ROS2/skinny/install/zed_tracking/share/zed_tracking/cmake/zed_trackingConfig.cmake
[20.322s] -- Installing: /home/team/SoftwareDevelopment/ROS2/skinny/install/zed_tracking/share/zed_tracking/cmake/zed_trackingConfig-version.cmake
[20.323s] -- Installing: /home/team/SoftwareDevelopment/ROS2/skinny/install/zed_tracking/share/zed_tracking/package.xml
[20.338s] Invoked command in '/home/team/SoftwareDevelopment/ROS2/skinny/build/zed_tracking' returned '0': CMAKE_PREFIX_PATH=/home/team/SoftwareDevelopment/ROS2/skinny/install/messages:/home/team/SoftwareDevelopment/ROS2/skinny/install/talon:/home/team/SoftwareDevelopment/ROS2/skinny/install/power_distribution_panel:/home/team/SoftwareDevelopment/ROS2/skinny/install/logic:/home/team/SoftwareDevelopment/ROS2/skinny/install/communication:/home/team/SoftwareDevelopment/ROS2/skinny/install/excavation:/opt/ros/eloquent /usr/bin/cmake --build /home/team/SoftwareDevelopment/ROS2/skinny/build/zed_tracking --target install -- -j4 -l4
