[1.464s] DEBUG:colcon:Command line arguments: ['/usr/bin/colcon', 'build']
[1.464s] DEBUG:colcon:Parsed command line arguments: Namespace(ament_cmake_args=None, base_paths=['.'], build_base='build', catkin_cmake_args=None, catkin_skip_building_tests=False, cmake_args=None, cmake_clean_cache=False, cmake_clean_first=False, cmake_force_configure=False, cmake_target=None, cmake_target_skip_unavailable=False, continue_on_error=False, event_handlers=None, executor='parallel', ignore_user_meta=False, install_base='install', log_base=None, log_level=None, main=<bound method BuildVerb.main of <colcon_core.verb.build.BuildVerb object at 0x7fac52be80>>, merge_install=False, metas=['./colcon.meta'], packages_above=None, packages_above_and_dependencies=None, packages_above_depth=None, packages_end=None, packages_ignore=None, packages_ignore_regex=None, packages_select=None, packages_select_build_failed=False, packages_select_by_dep=None, packages_select_regex=None, packages_select_test_failures=False, packages_skip=None, packages_skip_build_finished=False, packages_skip_by_dep=None, packages_skip_regex=None, packages_skip_test_passed=False, packages_skip_up_to=None, packages_start=None, packages_up_to=None, packages_up_to_regex=None, parallel_workers=4, paths=None, symlink_install=False, test_result_base=None, verb_extension=<colcon_core.verb.build.BuildVerb object at 0x7fac52be80>, verb_name='build', verb_parser=<colcon_defaults.argument_parser.defaults.DefaultArgumentsDecorator object at 0x7fac46f208>)
[1.525s] Level 1:colcon.colcon_core.package_discovery:discover_packages(colcon_meta) check parameters
[1.526s] Level 1:colcon.colcon_core.package_discovery:discover_packages(recursive) check parameters
[1.526s] Level 1:colcon.colcon_core.package_discovery:discover_packages(ignore) check parameters
[1.526s] Level 1:colcon.colcon_core.package_discovery:discover_packages(path) check parameters
[1.526s] Level 1:colcon.colcon_core.package_discovery:discover_packages(colcon_meta) discover
[1.528s] Level 1:colcon.colcon_core.package_discovery:discover_packages(recursive) discover
[1.528s] INFO:colcon.colcon_core.package_discovery:Crawling recursively for packages in '/home/team/SoftwareDevelopment/ROS2/skinny'
[1.529s] Level 1:colcon.colcon_core.package_identification:_identify(.) by extensions ['ignore', 'ignore_ament_install']
[1.529s] Level 1:colcon.colcon_core.package_identification:_identify(.) by extension 'ignore'
[1.530s] Level 1:colcon.colcon_core.package_identification:_identify(.) by extension 'ignore_ament_install'
[1.530s] Level 1:colcon.colcon_core.package_identification:_identify(.) by extensions ['colcon_pkg']
[1.530s] Level 1:colcon.colcon_core.package_identification:_identify(.) by extension 'colcon_pkg'
[1.530s] Level 1:colcon.colcon_core.package_identification:_identify(.) by extensions ['colcon_meta']
[1.531s] Level 1:colcon.colcon_core.package_identification:_identify(.) by extension 'colcon_meta'
[1.531s] Level 1:colcon.colcon_core.package_identification:_identify(.) by extensions ['ros']
[1.531s] Level 1:colcon.colcon_core.package_identification:_identify(.) by extension 'ros'
[1.611s] Level 1:colcon.colcon_core.package_identification:_identify(.) by extensions ['cmake', 'python']
[1.611s] Level 1:colcon.colcon_core.package_identification:_identify(.) by extension 'cmake'
[1.611s] Level 1:colcon.colcon_core.package_identification:_identify(.) by extension 'python'
[1.611s] Level 1:colcon.colcon_core.package_identification:_identify(.) by extensions ['python_setup_py']
[1.612s] Level 1:colcon.colcon_core.package_identification:_identify(.) by extension 'python_setup_py'
[1.612s] Level 1:colcon.colcon_core.package_identification:_identify(build) by extensions ['ignore', 'ignore_ament_install']
[1.613s] Level 1:colcon.colcon_core.package_identification:_identify(build) by extension 'ignore'
[1.613s] Level 1:colcon.colcon_core.package_identification:_identify(build) ignored
[1.615s] Level 1:colcon.colcon_core.package_identification:_identify(install) by extensions ['ignore', 'ignore_ament_install']
[1.615s] Level 1:colcon.colcon_core.package_identification:_identify(install) by extension 'ignore'
[1.616s] Level 1:colcon.colcon_core.package_identification:_identify(install) ignored
[1.616s] Level 1:colcon.colcon_core.package_identification:_identify(launch) by extensions ['ignore', 'ignore_ament_install']
[1.617s] Level 1:colcon.colcon_core.package_identification:_identify(launch) by extension 'ignore'
[1.617s] Level 1:colcon.colcon_core.package_identification:_identify(launch) by extension 'ignore_ament_install'
[1.617s] Level 1:colcon.colcon_core.package_identification:_identify(launch) by extensions ['colcon_pkg']
[1.617s] Level 1:colcon.colcon_core.package_identification:_identify(launch) by extension 'colcon_pkg'
[1.618s] Level 1:colcon.colcon_core.package_identification:_identify(launch) by extensions ['colcon_meta']
[1.618s] Level 1:colcon.colcon_core.package_identification:_identify(launch) by extension 'colcon_meta'
[1.618s] Level 1:colcon.colcon_core.package_identification:_identify(launch) by extensions ['ros']
[1.619s] Level 1:colcon.colcon_core.package_identification:_identify(launch) by extension 'ros'
[1.619s] Level 1:colcon.colcon_core.package_identification:_identify(launch) by extensions ['cmake', 'python']
[1.619s] Level 1:colcon.colcon_core.package_identification:_identify(launch) by extension 'cmake'
[1.620s] Level 1:colcon.colcon_core.package_identification:_identify(launch) by extension 'python'
[1.620s] Level 1:colcon.colcon_core.package_identification:_identify(launch) by extensions ['python_setup_py']
[1.620s] Level 1:colcon.colcon_core.package_identification:_identify(launch) by extension 'python_setup_py'
[1.624s] Level 1:colcon.colcon_core.package_identification:_identify(launch/__pycache__) by extensions ['ignore', 'ignore_ament_install']
[1.626s] Level 1:colcon.colcon_core.package_identification:_identify(launch/__pycache__) by extension 'ignore'
[1.626s] Level 1:colcon.colcon_core.package_identification:_identify(launch/__pycache__) by extension 'ignore_ament_install'
[1.627s] Level 1:colcon.colcon_core.package_identification:_identify(launch/__pycache__) by extensions ['colcon_pkg']
[1.627s] Level 1:colcon.colcon_core.package_identification:_identify(launch/__pycache__) by extension 'colcon_pkg'
[1.627s] Level 1:colcon.colcon_core.package_identification:_identify(launch/__pycache__) by extensions ['colcon_meta']
[1.627s] Level 1:colcon.colcon_core.package_identification:_identify(launch/__pycache__) by extension 'colcon_meta'
[1.627s] Level 1:colcon.colcon_core.package_identification:_identify(launch/__pycache__) by extensions ['ros']
[1.628s] Level 1:colcon.colcon_core.package_identification:_identify(launch/__pycache__) by extension 'ros'
[1.628s] Level 1:colcon.colcon_core.package_identification:_identify(launch/__pycache__) by extensions ['cmake', 'python']
[1.628s] Level 1:colcon.colcon_core.package_identification:_identify(launch/__pycache__) by extension 'cmake'
[1.629s] Level 1:colcon.colcon_core.package_identification:_identify(launch/__pycache__) by extension 'python'
[1.629s] Level 1:colcon.colcon_core.package_identification:_identify(launch/__pycache__) by extensions ['python_setup_py']
[1.629s] Level 1:colcon.colcon_core.package_identification:_identify(launch/__pycache__) by extension 'python_setup_py'
[1.630s] Level 1:colcon.colcon_core.package_identification:_identify(log) by extensions ['ignore', 'ignore_ament_install']
[1.631s] Level 1:colcon.colcon_core.package_identification:_identify(log) by extension 'ignore'
[1.631s] Level 1:colcon.colcon_core.package_identification:_identify(log) ignored
[1.631s] Level 1:colcon.colcon_core.package_identification:_identify(src) by extensions ['ignore', 'ignore_ament_install']
[1.632s] Level 1:colcon.colcon_core.package_identification:_identify(src) by extension 'ignore'
[1.632s] Level 1:colcon.colcon_core.package_identification:_identify(src) by extension 'ignore_ament_install'
[1.632s] Level 1:colcon.colcon_core.package_identification:_identify(src) by extensions ['colcon_pkg']
[1.632s] Level 1:colcon.colcon_core.package_identification:_identify(src) by extension 'colcon_pkg'
[1.633s] Level 1:colcon.colcon_core.package_identification:_identify(src) by extensions ['colcon_meta']
[1.633s] Level 1:colcon.colcon_core.package_identification:_identify(src) by extension 'colcon_meta'
[1.633s] Level 1:colcon.colcon_core.package_identification:_identify(src) by extensions ['ros']
[1.633s] Level 1:colcon.colcon_core.package_identification:_identify(src) by extension 'ros'
[1.634s] Level 1:colcon.colcon_core.package_identification:_identify(src) by extensions ['cmake', 'python']
[1.634s] Level 1:colcon.colcon_core.package_identification:_identify(src) by extension 'cmake'
[1.634s] Level 1:colcon.colcon_core.package_identification:_identify(src) by extension 'python'
[1.635s] Level 1:colcon.colcon_core.package_identification:_identify(src) by extensions ['python_setup_py']
[1.635s] Level 1:colcon.colcon_core.package_identification:_identify(src) by extension 'python_setup_py'
[1.636s] Level 1:colcon.colcon_core.package_identification:_identify(src/communication) by extensions ['ignore', 'ignore_ament_install']
[1.637s] Level 1:colcon.colcon_core.package_identification:_identify(src/communication) by extension 'ignore'
[1.637s] Level 1:colcon.colcon_core.package_identification:_identify(src/communication) by extension 'ignore_ament_install'
[1.637s] Level 1:colcon.colcon_core.package_identification:_identify(src/communication) by extensions ['colcon_pkg']
[1.637s] Level 1:colcon.colcon_core.package_identification:_identify(src/communication) by extension 'colcon_pkg'
[1.638s] Level 1:colcon.colcon_core.package_identification:_identify(src/communication) by extensions ['colcon_meta']
[1.638s] Level 1:colcon.colcon_core.package_identification:_identify(src/communication) by extension 'colcon_meta'
[1.638s] Level 1:colcon.colcon_core.package_identification:_identify(src/communication) by extensions ['ros']
[1.638s] Level 1:colcon.colcon_core.package_identification:_identify(src/communication) by extension 'ros'
[1.659s] DEBUG:colcon.colcon_core.package_identification:Package 'src/communication' with type 'ros.ament_cmake' and name 'communication'
[1.662s] Level 1:colcon.colcon_core.package_identification:_identify(src/logic) by extensions ['ignore', 'ignore_ament_install']
[1.662s] Level 1:colcon.colcon_core.package_identification:_identify(src/logic) by extension 'ignore'
[1.663s] Level 1:colcon.colcon_core.package_identification:_identify(src/logic) by extension 'ignore_ament_install'
[1.663s] Level 1:colcon.colcon_core.package_identification:_identify(src/logic) by extensions ['colcon_pkg']
[1.663s] Level 1:colcon.colcon_core.package_identification:_identify(src/logic) by extension 'colcon_pkg'
[1.663s] Level 1:colcon.colcon_core.package_identification:_identify(src/logic) by extensions ['colcon_meta']
[1.664s] Level 1:colcon.colcon_core.package_identification:_identify(src/logic) by extension 'colcon_meta'
[1.664s] Level 1:colcon.colcon_core.package_identification:_identify(src/logic) by extensions ['ros']
[1.664s] Level 1:colcon.colcon_core.package_identification:_identify(src/logic) by extension 'ros'
[1.669s] DEBUG:colcon.colcon_core.package_identification:Package 'src/logic' with type 'ros.ament_cmake' and name 'logic'
[1.671s] Level 1:colcon.colcon_core.package_identification:_identify(src/messages) by extensions ['ignore', 'ignore_ament_install']
[1.671s] Level 1:colcon.colcon_core.package_identification:_identify(src/messages) by extension 'ignore'
[1.672s] Level 1:colcon.colcon_core.package_identification:_identify(src/messages) by extension 'ignore_ament_install'
[1.672s] Level 1:colcon.colcon_core.package_identification:_identify(src/messages) by extensions ['colcon_pkg']
[1.672s] Level 1:colcon.colcon_core.package_identification:_identify(src/messages) by extension 'colcon_pkg'
[1.672s] Level 1:colcon.colcon_core.package_identification:_identify(src/messages) by extensions ['colcon_meta']
[1.673s] Level 1:colcon.colcon_core.package_identification:_identify(src/messages) by extension 'colcon_meta'
[1.673s] Level 1:colcon.colcon_core.package_identification:_identify(src/messages) by extensions ['ros']
[1.673s] Level 1:colcon.colcon_core.package_identification:_identify(src/messages) by extension 'ros'
[1.678s] DEBUG:colcon.colcon_core.package_identification:Package 'src/messages' with type 'ros.ament_cmake' and name 'messages'
[1.679s] Level 1:colcon.colcon_core.package_identification:_identify(src/power_distribution_panel) by extensions ['ignore', 'ignore_ament_install']
[1.679s] Level 1:colcon.colcon_core.package_identification:_identify(src/power_distribution_panel) by extension 'ignore'
[1.680s] Level 1:colcon.colcon_core.package_identification:_identify(src/power_distribution_panel) by extension 'ignore_ament_install'
[1.680s] Level 1:colcon.colcon_core.package_identification:_identify(src/power_distribution_panel) by extensions ['colcon_pkg']
[1.680s] Level 1:colcon.colcon_core.package_identification:_identify(src/power_distribution_panel) by extension 'colcon_pkg'
[1.680s] Level 1:colcon.colcon_core.package_identification:_identify(src/power_distribution_panel) by extensions ['colcon_meta']
[1.681s] Level 1:colcon.colcon_core.package_identification:_identify(src/power_distribution_panel) by extension 'colcon_meta'
[1.681s] Level 1:colcon.colcon_core.package_identification:_identify(src/power_distribution_panel) by extensions ['ros']
[1.681s] Level 1:colcon.colcon_core.package_identification:_identify(src/power_distribution_panel) by extension 'ros'
[1.685s] DEBUG:colcon.colcon_core.package_identification:Package 'src/power_distribution_panel' with type 'ros.ament_cmake' and name 'power_distribution_panel'
[1.686s] Level 1:colcon.colcon_core.package_identification:_identify(src/talon) by extensions ['ignore', 'ignore_ament_install']
[1.687s] Level 1:colcon.colcon_core.package_identification:_identify(src/talon) by extension 'ignore'
[1.687s] Level 1:colcon.colcon_core.package_identification:_identify(src/talon) by extension 'ignore_ament_install'
[1.688s] Level 1:colcon.colcon_core.package_identification:_identify(src/talon) by extensions ['colcon_pkg']
[1.688s] Level 1:colcon.colcon_core.package_identification:_identify(src/talon) by extension 'colcon_pkg'
[1.688s] Level 1:colcon.colcon_core.package_identification:_identify(src/talon) by extensions ['colcon_meta']
[1.688s] Level 1:colcon.colcon_core.package_identification:_identify(src/talon) by extension 'colcon_meta'
[1.688s] Level 1:colcon.colcon_core.package_identification:_identify(src/talon) by extensions ['ros']
[1.689s] Level 1:colcon.colcon_core.package_identification:_identify(src/talon) by extension 'ros'
[1.693s] DEBUG:colcon.colcon_core.package_identification:Package 'src/talon' with type 'ros.ament_cmake' and name 'talon'
[1.693s] Level 1:colcon.colcon_core.package_discovery:discover_packages(recursive) using defaults
[1.694s] Level 1:colcon.colcon_core.package_discovery:discover_packages(ignore) discover
[1.694s] Level 1:colcon.colcon_core.package_discovery:discover_packages(ignore) using defaults
[1.695s] Level 1:colcon.colcon_core.package_discovery:discover_packages(path) discover
[1.695s] Level 1:colcon.colcon_core.package_discovery:discover_packages(path) using defaults
[1.852s] Level 5:colcon.colcon_core.verb:set package 'messages' build argument 'cmake_args' from command line to 'None'
[1.852s] Level 5:colcon.colcon_core.verb:set package 'messages' build argument 'cmake_target' from command line to 'None'
[1.852s] Level 5:colcon.colcon_core.verb:set package 'messages' build argument 'cmake_target_skip_unavailable' from command line to 'False'
[1.852s] Level 5:colcon.colcon_core.verb:set package 'messages' build argument 'cmake_clean_cache' from command line to 'False'
[1.852s] Level 5:colcon.colcon_core.verb:set package 'messages' build argument 'cmake_clean_first' from command line to 'False'
[1.853s] Level 5:colcon.colcon_core.verb:set package 'messages' build argument 'cmake_force_configure' from command line to 'False'
[1.853s] Level 5:colcon.colcon_core.verb:set package 'messages' build argument 'ament_cmake_args' from command line to 'None'
[1.853s] Level 5:colcon.colcon_core.verb:set package 'messages' build argument 'catkin_cmake_args' from command line to 'None'
[1.853s] Level 5:colcon.colcon_core.verb:set package 'messages' build argument 'catkin_skip_building_tests' from command line to 'False'
[1.854s] DEBUG:colcon.colcon_core.verb:Building package 'messages' with the following arguments: {'ament_cmake_args': None, 'build_base': '/home/team/SoftwareDevelopment/ROS2/skinny/build/messages', 'catkin_cmake_args': None, 'catkin_skip_building_tests': False, 'cmake_args': None, 'cmake_clean_cache': False, 'cmake_clean_first': False, 'cmake_force_configure': False, 'cmake_target': None, 'cmake_target_skip_unavailable': False, 'install_base': '/home/team/SoftwareDevelopment/ROS2/skinny/install/messages', 'merge_install': False, 'path': '/home/team/SoftwareDevelopment/ROS2/skinny/src/messages', 'symlink_install': False, 'test_result_base': None}
[1.879s] Level 5:colcon.colcon_core.verb:set package 'communication' build argument 'cmake_args' from command line to 'None'
[1.879s] Level 5:colcon.colcon_core.verb:set package 'communication' build argument 'cmake_target' from command line to 'None'
[1.880s] Level 5:colcon.colcon_core.verb:set package 'communication' build argument 'cmake_target_skip_unavailable' from command line to 'False'
[1.880s] Level 5:colcon.colcon_core.verb:set package 'communication' build argument 'cmake_clean_cache' from command line to 'False'
[1.880s] Level 5:colcon.colcon_core.verb:set package 'communication' build argument 'cmake_clean_first' from command line to 'False'
[1.880s] Level 5:colcon.colcon_core.verb:set package 'communication' build argument 'cmake_force_configure' from command line to 'False'
[1.880s] Level 5:colcon.colcon_core.verb:set package 'communication' build argument 'ament_cmake_args' from command line to 'None'
[1.880s] Level 5:colcon.colcon_core.verb:set package 'communication' build argument 'catkin_cmake_args' from command line to 'None'
[1.881s] Level 5:colcon.colcon_core.verb:set package 'communication' build argument 'catkin_skip_building_tests' from command line to 'False'
[1.881s] DEBUG:colcon.colcon_core.verb:Building package 'communication' with the following arguments: {'ament_cmake_args': None, 'build_base': '/home/team/SoftwareDevelopment/ROS2/skinny/build/communication', 'catkin_cmake_args': None, 'catkin_skip_building_tests': False, 'cmake_args': None, 'cmake_clean_cache': False, 'cmake_clean_first': False, 'cmake_force_configure': False, 'cmake_target': None, 'cmake_target_skip_unavailable': False, 'install_base': '/home/team/SoftwareDevelopment/ROS2/skinny/install/communication', 'merge_install': False, 'path': '/home/team/SoftwareDevelopment/ROS2/skinny/src/communication', 'symlink_install': False, 'test_result_base': None}
[1.903s] Level 5:colcon.colcon_core.verb:set package 'logic' build argument 'cmake_args' from command line to 'None'
[1.903s] Level 5:colcon.colcon_core.verb:set package 'logic' build argument 'cmake_target' from command line to 'None'
[1.903s] Level 5:colcon.colcon_core.verb:set package 'logic' build argument 'cmake_target_skip_unavailable' from command line to 'False'
[1.903s] Level 5:colcon.colcon_core.verb:set package 'logic' build argument 'cmake_clean_cache' from command line to 'False'
[1.904s] Level 5:colcon.colcon_core.verb:set package 'logic' build argument 'cmake_clean_first' from command line to 'False'
[1.904s] Level 5:colcon.colcon_core.verb:set package 'logic' build argument 'cmake_force_configure' from command line to 'False'
[1.904s] Level 5:colcon.colcon_core.verb:set package 'logic' build argument 'ament_cmake_args' from command line to 'None'
[1.904s] Level 5:colcon.colcon_core.verb:set package 'logic' build argument 'catkin_cmake_args' from command line to 'None'
[1.904s] Level 5:colcon.colcon_core.verb:set package 'logic' build argument 'catkin_skip_building_tests' from command line to 'False'
[1.905s] DEBUG:colcon.colcon_core.verb:Building package 'logic' with the following arguments: {'ament_cmake_args': None, 'build_base': '/home/team/SoftwareDevelopment/ROS2/skinny/build/logic', 'catkin_cmake_args': None, 'catkin_skip_building_tests': False, 'cmake_args': None, 'cmake_clean_cache': False, 'cmake_clean_first': False, 'cmake_force_configure': False, 'cmake_target': None, 'cmake_target_skip_unavailable': False, 'install_base': '/home/team/SoftwareDevelopment/ROS2/skinny/install/logic', 'merge_install': False, 'path': '/home/team/SoftwareDevelopment/ROS2/skinny/src/logic', 'symlink_install': False, 'test_result_base': None}
[1.926s] Level 5:colcon.colcon_core.verb:set package 'power_distribution_panel' build argument 'cmake_args' from command line to 'None'
[1.926s] Level 5:colcon.colcon_core.verb:set package 'power_distribution_panel' build argument 'cmake_target' from command line to 'None'
[1.927s] Level 5:colcon.colcon_core.verb:set package 'power_distribution_panel' build argument 'cmake_target_skip_unavailable' from command line to 'False'
[1.927s] Level 5:colcon.colcon_core.verb:set package 'power_distribution_panel' build argument 'cmake_clean_cache' from command line to 'False'
[1.927s] Level 5:colcon.colcon_core.verb:set package 'power_distribution_panel' build argument 'cmake_clean_first' from command line to 'False'
[1.927s] Level 5:colcon.colcon_core.verb:set package 'power_distribution_panel' build argument 'cmake_force_configure' from command line to 'False'
[1.927s] Level 5:colcon.colcon_core.verb:set package 'power_distribution_panel' build argument 'ament_cmake_args' from command line to 'None'
[1.927s] Level 5:colcon.colcon_core.verb:set package 'power_distribution_panel' build argument 'catkin_cmake_args' from command line to 'None'
[1.928s] Level 5:colcon.colcon_core.verb:set package 'power_distribution_panel' build argument 'catkin_skip_building_tests' from command line to 'False'
[1.928s] DEBUG:colcon.colcon_core.verb:Building package 'power_distribution_panel' with the following arguments: {'ament_cmake_args': None, 'build_base': '/home/team/SoftwareDevelopment/ROS2/skinny/build/power_distribution_panel', 'catkin_cmake_args': None, 'catkin_skip_building_tests': False, 'cmake_args': None, 'cmake_clean_cache': False, 'cmake_clean_first': False, 'cmake_force_configure': False, 'cmake_target': None, 'cmake_target_skip_unavailable': False, 'install_base': '/home/team/SoftwareDevelopment/ROS2/skinny/install/power_distribution_panel', 'merge_install': False, 'path': '/home/team/SoftwareDevelopment/ROS2/skinny/src/power_distribution_panel', 'symlink_install': False, 'test_result_base': None}
[1.949s] Level 5:colcon.colcon_core.verb:set package 'talon' build argument 'cmake_args' from command line to 'None'
[1.950s] Level 5:colcon.colcon_core.verb:set package 'talon' build argument 'cmake_target' from command line to 'None'
[1.950s] Level 5:colcon.colcon_core.verb:set package 'talon' build argument 'cmake_target_skip_unavailable' from command line to 'False'
[1.950s] Level 5:colcon.colcon_core.verb:set package 'talon' build argument 'cmake_clean_cache' from command line to 'False'
[1.950s] Level 5:colcon.colcon_core.verb:set package 'talon' build argument 'cmake_clean_first' from command line to 'False'
[1.950s] Level 5:colcon.colcon_core.verb:set package 'talon' build argument 'cmake_force_configure' from command line to 'False'
[1.951s] Level 5:colcon.colcon_core.verb:set package 'talon' build argument 'ament_cmake_args' from command line to 'None'
[1.951s] Level 5:colcon.colcon_core.verb:set package 'talon' build argument 'catkin_cmake_args' from command line to 'None'
[1.951s] Level 5:colcon.colcon_core.verb:set package 'talon' build argument 'catkin_skip_building_tests' from command line to 'False'
[1.951s] DEBUG:colcon.colcon_core.verb:Building package 'talon' with the following arguments: {'ament_cmake_args': None, 'build_base': '/home/team/SoftwareDevelopment/ROS2/skinny/build/talon', 'catkin_cmake_args': None, 'catkin_skip_building_tests': False, 'cmake_args': None, 'cmake_clean_cache': False, 'cmake_clean_first': False, 'cmake_force_configure': False, 'cmake_target': None, 'cmake_target_skip_unavailable': False, 'install_base': '/home/team/SoftwareDevelopment/ROS2/skinny/install/talon', 'merge_install': False, 'path': '/home/team/SoftwareDevelopment/ROS2/skinny/src/talon', 'symlink_install': False, 'test_result_base': None}
[1.953s] INFO:colcon.colcon_core.executor:Executing jobs using 'parallel' executor
[1.965s] DEBUG:colcon.colcon_parallel_executor.executor.parallel:run_until_complete
[1.966s] INFO:colcon.colcon_ros.task.ament_cmake.build:Building ROS package in '/home/team/SoftwareDevelopment/ROS2/skinny/src/messages' with build type 'ament_cmake'
[2.013s] INFO:colcon.colcon_cmake.task.cmake.build:Building CMake package in '/home/team/SoftwareDevelopment/ROS2/skinny/src/messages'
[2.053s] INFO:colcon.colcon_core.plugin_system:Skipping extension 'colcon_core.shell.bat': Not used on non-Windows systems
[2.054s] INFO:colcon.colcon_core.shell:Skip shell extension 'powershell' for command environment: Not usable outside of PowerShell
[2.054s] DEBUG:colcon.colcon_core.shell:Skip shell extension 'dsv' for command environment
[2.143s] DEBUG:colcon.colcon_core.event_handler.log_command:Invoking command in '/home/team/SoftwareDevelopment/ROS2/skinny/build/messages': /usr/bin/cmake --build /home/team/SoftwareDevelopment/ROS2/skinny/build/messages -- -j4 -l4
[2.341s] DEBUG:colcon.colcon_core.event_handler.log_command:Invoked command in '/home/team/SoftwareDevelopment/ROS2/skinny/build/messages' returned '2': /usr/bin/cmake --build /home/team/SoftwareDevelopment/ROS2/skinny/build/messages -- -j4 -l4
[3.151s] Level 1:colcon.colcon_core.environment:create_environment_scripts_only(messages)
[3.178s] Level 1:colcon.colcon_core.environment:checking '/home/team/SoftwareDevelopment/ROS2/skinny/install/messages' for CMake module files
[3.185s] Level 1:colcon.colcon_core.environment:checking '/home/team/SoftwareDevelopment/ROS2/skinny/install/messages' for CMake config files
[3.194s] Level 1:colcon.colcon_core.shell:create_environment_hook('messages', 'cmake_prefix_path')
[3.198s] INFO:colcon.colcon_core.shell:Creating environment hook '/home/team/SoftwareDevelopment/ROS2/skinny/install/messages/share/messages/hook/cmake_prefix_path.ps1'
[3.202s] INFO:colcon.colcon_core.shell:Creating environment descriptor '/home/team/SoftwareDevelopment/ROS2/skinny/install/messages/share/messages/hook/cmake_prefix_path.dsv'
[3.206s] INFO:colcon.colcon_core.shell:Creating environment hook '/home/team/SoftwareDevelopment/ROS2/skinny/install/messages/share/messages/hook/cmake_prefix_path.sh'
[3.212s] Level 1:colcon.colcon_core.environment:checking '/home/team/SoftwareDevelopment/ROS2/skinny/install/messages/lib'
[3.213s] Level 1:colcon.colcon_core.shell:create_environment_hook('messages', 'ld_library_path_lib')
[3.217s] INFO:colcon.colcon_core.shell:Creating environment hook '/home/team/SoftwareDevelopment/ROS2/skinny/install/messages/share/messages/hook/ld_library_path_lib.ps1'
[3.219s] INFO:colcon.colcon_core.shell:Creating environment descriptor '/home/team/SoftwareDevelopment/ROS2/skinny/install/messages/share/messages/hook/ld_library_path_lib.dsv'
[3.220s] INFO:colcon.colcon_core.shell:Creating environment hook '/home/team/SoftwareDevelopment/ROS2/skinny/install/messages/share/messages/hook/ld_library_path_lib.sh'
[3.222s] Level 1:colcon.colcon_core.environment:checking '/home/team/SoftwareDevelopment/ROS2/skinny/install/messages/bin'
[3.223s] Level 1:colcon.colcon_core.environment:checking '/home/team/SoftwareDevelopment/ROS2/skinny/install/messages/lib/pkgconfig/messages.pc'
[3.223s] Level 1:colcon.colcon_core.environment:checking '/home/team/SoftwareDevelopment/ROS2/skinny/install/messages/lib/python3.6/site-packages'
[3.228s] INFO:colcon.colcon_core.shell:Creating package script '/home/team/SoftwareDevelopment/ROS2/skinny/install/messages/share/messages/package.ps1'
[3.234s] INFO:colcon.colcon_core.shell:Creating package descriptor '/home/team/SoftwareDevelopment/ROS2/skinny/install/messages/share/messages/package.dsv'
[3.238s] INFO:colcon.colcon_core.shell:Creating package script '/home/team/SoftwareDevelopment/ROS2/skinny/install/messages/share/messages/package.sh'
[3.243s] INFO:colcon.colcon_core.shell:Creating package script '/home/team/SoftwareDevelopment/ROS2/skinny/install/messages/share/messages/package.bash'
[3.249s] INFO:colcon.colcon_core.shell:Creating package script '/home/team/SoftwareDevelopment/ROS2/skinny/install/messages/share/messages/package.zsh'
[3.255s] Level 1:colcon.colcon_core.environment:create_file_with_runtime_dependencies(/home/team/SoftwareDevelopment/ROS2/skinny/install/messages/share/colcon-core/packages/messages)
[3.267s] DEBUG:colcon.colcon_parallel_executor.executor.parallel:closing loop
[3.268s] DEBUG:colcon.colcon_parallel_executor.executor.parallel:loop closed
[3.269s] DEBUG:colcon.colcon_parallel_executor.executor.parallel:run_until_complete finished with '2'
[3.269s] DEBUG:colcon.colcon_core.event_reactor:joining thread
[3.308s] INFO:colcon.colcon_core.plugin_system:Skipping extension 'colcon_notification.desktop_notification.terminal_notifier': Not used on non-Darwin systems
[3.309s] INFO:colcon.colcon_core.plugin_system:Skipping extension 'colcon_notification.desktop_notification.win32': Not used on non-Windows systems
[3.309s] INFO:colcon.colcon_notification.desktop_notification:Sending desktop notification using 'notify2'
[3.388s] DEBUG:colcon.colcon_core.event_reactor:joined thread
[3.392s] INFO:colcon.colcon_core.shell:Creating prefix script '/home/team/SoftwareDevelopment/ROS2/skinny/install/local_setup.ps1'
[3.400s] INFO:colcon.colcon_core.shell:Creating prefix util module '/home/team/SoftwareDevelopment/ROS2/skinny/install/_local_setup_util_ps1.py'
[3.411s] INFO:colcon.colcon_core.shell:Creating prefix chain script '/home/team/SoftwareDevelopment/ROS2/skinny/install/setup.ps1'
[3.429s] INFO:colcon.colcon_core.shell:Creating prefix script '/home/team/SoftwareDevelopment/ROS2/skinny/install/local_setup.sh'
[3.432s] INFO:colcon.colcon_core.shell:Creating prefix util module '/home/team/SoftwareDevelopment/ROS2/skinny/install/_local_setup_util_sh.py'
[3.435s] INFO:colcon.colcon_core.shell:Creating prefix chain script '/home/team/SoftwareDevelopment/ROS2/skinny/install/setup.sh'
[3.452s] INFO:colcon.colcon_core.shell:Creating prefix script '/home/team/SoftwareDevelopment/ROS2/skinny/install/local_setup.bash'
[3.456s] INFO:colcon.colcon_core.shell:Creating prefix chain script '/home/team/SoftwareDevelopment/ROS2/skinny/install/setup.bash'
[3.473s] INFO:colcon.colcon_core.shell:Creating prefix script '/home/team/SoftwareDevelopment/ROS2/skinny/install/local_setup.zsh'
[3.477s] INFO:colcon.colcon_core.shell:Creating prefix chain script '/home/team/SoftwareDevelopment/ROS2/skinny/install/setup.zsh'
