[01m[K/home/team/SoftwareDevelopment/ROS2/skinny/src/logic/src/logic_node.cpp:[m[K In function ‘[01m[Kvoid joystickAxisCallback(messages::msg::AxisState_<std::allocator<void> >::SharedPtr)[m[K’:
[01m[K/home/team/SoftwareDevelopment/ROS2/skinny/src/logic/src/logic_node.cpp:85:37:[m[K [01;31m[Kerror: [m[Kexpected initializer before ‘[01m[K.[m[K’ token
         std_msgs::msg::Float32 auger[01;31m[K.[m[Kdata = augerSpeed;
                                     [01;31m[K^[m[K
[01m[K/home/team/SoftwareDevelopment/ROS2/skinny/src/logic/src/logic_node.cpp:86:9:[m[K [01;31m[Kerror: [m[K‘[01m[KexavationAugerPublisher[m[K’ was not declared in this scope
         [01;31m[KexavationAugerPublisher[m[K->publish(auger);
         [01;31m[K^~~~~~~~~~~~~~~~~~~~~~~[m[K
[01m[K/home/team/SoftwareDevelopment/ROS2/skinny/src/logic/src/logic_node.cpp:86:9:[m[K [01;36m[Knote: [m[Ksuggested alternative: ‘[01m[KexcavationAugerPublisher[m[K’
         [01;36m[KexavationAugerPublisher[m[K->publish(auger);
         [01;36m[K^~~~~~~~~~~~~~~~~~~~~~~[m[K
         [32m[KexcavationAugerPublisher[m[K
[01m[K/home/team/SoftwareDevelopment/ROS2/skinny/src/logic/src/logic_node.cpp:86:42:[m[K [01;31m[Kerror: [m[K‘[01m[Kauger[m[K’ was not declared in this scope
         exavationAugerPublisher->publish([01;31m[Kauger[m[K);
                                          [01;31m[K^~~~~[m[K
[01m[K/home/team/SoftwareDevelopment/ROS2/skinny/src/logic/src/logic_node.cpp:86:42:[m[K [01;36m[Knote: [m[Ksuggested alternative: ‘[01m[Kassert[m[K’
         exavationAugerPublisher->publish([01;36m[Kauger[m[K);
                                          [01;36m[K^~~~~[m[K
                                          [32m[Kassert[m[K
make[2]: *** [CMakeFiles/logic_node.dir/src/logic_node.cpp.o] Error 1
make[1]: *** [CMakeFiles/logic_node.dir/all] Error 2
make: *** [all] Error 2
