[0.086s] Invoking command in '/home/team/SoftwareDevelopment/ROS2/skinny/build/messages': /usr/bin/cmake /home/team/SoftwareDevelopment/ROS2/skinny/src/messages -DCMAKE_INSTALL_PREFIX=/home/team/SoftwareDevelopment/ROS2/skinny/install/messages
[0.146s] -- Found ament_cmake: 0.8.2 (/opt/ros/eloquent/share/ament_cmake/cmake)
[0.260s] -- Using PYTHON_EXECUTABLE: /usr/bin/python3
[1.401s] -- Found rclcpp: 0.8.4 (/opt/ros/eloquent/share/rclcpp/cmake)
[1.449s] -- Found rosidl_adapter: 0.8.2 (/opt/ros/eloquent/share/rosidl_adapter/cmake)
[1.584s] -- Found rmw_implementation_cmake: 0.8.1 (/opt/ros/eloquent/share/rmw_implementation_cmake/cmake)
[1.590s] -- Using RMW implementation 'rmw_fastrtps_cpp' as default
[1.710s] -- Found std_msgs: 0.8.1 (/opt/ros/eloquent/share/std_msgs/cmake)
[1.728s] -- Found rosidl_default_generators: 0.8.0 (/opt/ros/eloquent/share/rosidl_default_generators/cmake)
[1.796s] CMake Error at /opt/ros/eloquent/share/rosidl_typesupport_fastrtps_c/cmake/rosidl_typesupport_fastrtps_c-extras.cmake:5 (find_package):
[1.797s]   Could not find a configuration file for package "fastcdr" that is
[1.798s]   compatible with requested version "".
[1.798s] 
[1.798s]   The following configuration files were considered but not accepted:
[1.799s] 
[1.799s]     /opt/ros/eloquent/share/fastcdr/cmake/fastcdr-config.cmake, version: 1.0.10 (32bit)
[1.800s] 
[1.800s] Call Stack (most recent call first):
[1.801s]   /opt/ros/eloquent/share/rosidl_typesupport_fastrtps_c/cmake/rosidl_typesupport_fastrtps_cConfig.cmake:38 (include)
[1.802s]   /opt/ros/eloquent/share/rosidl_default_generators/cmake/rosidl_default_generators-extras.cmake:21 (find_package)
[1.802s]   /opt/ros/eloquent/share/rosidl_default_generators/cmake/rosidl_default_generatorsConfig.cmake:38 (include)
[1.803s]   CMakeLists.txt:23 (find_package)
[1.803s] 
[1.804s] 
[1.804s] -- Configuring incomplete, errors occurred!
[1.805s] See also "/home/team/SoftwareDevelopment/ROS2/skinny/build/messages/CMakeFiles/CMakeOutput.log".
[1.805s] See also "/home/team/SoftwareDevelopment/ROS2/skinny/build/messages/CMakeFiles/CMakeError.log".
[1.813s] Invoked command in '/home/team/SoftwareDevelopment/ROS2/skinny/build/messages' returned '1': /usr/bin/cmake /home/team/SoftwareDevelopment/ROS2/skinny/src/messages -DCMAKE_INSTALL_PREFIX=/home/team/SoftwareDevelopment/ROS2/skinny/install/messages
