[0.114s] Invoking command in '/home/team/SoftwareDevelopment/ROS2/skinny/build/messages': CMAKE_PREFIX_PATH=${CMAKE_PREFIX_PATH}:/home/team/SoftwareDevelopment/ROS2/skinny/install/excavation:/opt/ros/eloquent /usr/bin/cmake --build /home/team/SoftwareDevelopment/ROS2/skinny/build/messages -- -j4 -l4
[1.617s] -- Found ament_cmake: 0.8.3 (/opt/ros/eloquent/share/ament_cmake/cmake)
[1.618s] -- Found PythonInterp: /usr/bin/python3 (found suitable version "3.6.9", minimum required is "3") 
[1.621s] -- Using PYTHON_EXECUTABLE: /usr/bin/python3
[1.623s] -- Found rclcpp: 0.8.5 (/opt/ros/eloquent/share/rclcpp/cmake)
[1.624s] -- Found rosidl_adapter: 0.8.3 (/opt/ros/eloquent/share/rosidl_adapter/cmake)
[1.701s] -- Found rmw_implementation_cmake: 0.8.1 (/opt/ros/eloquent/share/rmw_implementation_cmake/cmake)
[1.708s] -- Using RMW implementation 'rmw_fastrtps_cpp' as default
[1.832s] -- Found std_msgs: 0.8.1 (/opt/ros/eloquent/share/std_msgs/cmake)
[1.851s] -- Found rosidl_default_generators: 0.8.0 (/opt/ros/eloquent/share/rosidl_default_generators/cmake)
[2.337s] -- Found ament_lint_auto: 0.8.2 (/opt/ros/eloquent/share/ament_lint_auto/cmake)
[2.784s] -- Found PythonInterp: /usr/bin/python3 (found version "3.6.9") 
[3.576s] -- Using single matching rosidl_typesupport_c: rosidl_typesupport_fastrtps_c
[3.608s] -- Using single matching rosidl_typesupport_cpp: rosidl_typesupport_fastrtps_cpp
[4.229s] -- Found PythonInterp: /usr/bin/python3 (found suitable version "3.6.9", minimum required is "3.5") 
[4.233s] -- Found python_cmake_module: 0.8.0 (/opt/ros/eloquent/share/python_cmake_module/cmake)
[4.355s] -- Using PYTHON_EXECUTABLE: /usr/bin/python3
[4.356s] -- Using PYTHON_INCLUDE_DIRS: /usr/include/python3.6m
[4.356s] -- Using PYTHON_LIBRARIES: /usr/lib/aarch64-linux-gnu/libpython3.6m.so
[4.852s] -- Added test 'lint_cmake' to check CMake code style
[4.859s] -- Added test 'xmllint' to check XML markup files
[4.889s] -- Configuring done
[5.262s] -- Generating done
[5.278s] -- Build files have been written to: /home/team/SoftwareDevelopment/ROS2/skinny/build/messages
[5.368s] [35m[1mScanning dependencies of target messages__cpp[0m
[5.369s] [  1%] [34m[1mGenerating C code for ROS interfaces[0m
[5.411s] [  1%] [34m[1mGenerating C++ code for ROS interfaces[0m
[9.845s] [  1%] Built target messages__cpp
[9.892s] [  2%] [34m[1mGenerating C++ introspection for ROS interfaces[0m
[9.896s] [  3%] [34m[1mGenerating C++ type support for eProsima Fast-RTPS[0m
[12.102s] [35m[1mScanning dependencies of target messages__rosidl_generator_c[0m
[12.173s] [  4%] [32mBuilding C object CMakeFiles/messages__rosidl_generator_c.dir/rosidl_generator_c/messages/msg/camera__functions.c.o[0m
[12.212s] [  5%] [32mBuilding C object CMakeFiles/messages__rosidl_generator_c.dir/rosidl_generator_c/messages/msg/axis_state__functions.c.o[0m
[12.479s] [  6%] [32mBuilding C object CMakeFiles/messages__rosidl_generator_c.dir/rosidl_generator_c/messages/msg/joystick_command__functions.c.o[0m
[12.486s] [  7%] [32mBuilding C object CMakeFiles/messages__rosidl_generator_c.dir/rosidl_generator_c/messages/msg/power__functions.c.o[0m
[12.639s] [  8%] [32mBuilding C object CMakeFiles/messages__rosidl_generator_c.dir/rosidl_generator_c/messages/msg/victor_out__functions.c.o[0m
[12.752s] [  9%] [32mBuilding C object CMakeFiles/messages__rosidl_generator_c.dir/rosidl_generator_c/messages/msg/button_state__functions.c.o[0m
[12.796s] [ 10%] [32mBuilding C object CMakeFiles/messages__rosidl_generator_c.dir/rosidl_generator_c/messages/msg/hat_state__functions.c.o[0m
[12.975s] [ 11%] [32mBuilding C object CMakeFiles/messages__rosidl_generator_c.dir/rosidl_generator_c/messages/msg/key_state__functions.c.o[0m
[12.999s] [ 12%] [32mBuilding C object CMakeFiles/messages__rosidl_generator_c.dir/rosidl_generator_c/messages/msg/talon_out__functions.c.o[0m
[13.181s] [ 13%] [32mBuilding C object CMakeFiles/messages__rosidl_generator_c.dir/rosidl_generator_c/messages/msg/zed_position__functions.c.o[0m
[13.333s] [ 14%] [32m[1mLinking C shared library libmessages__rosidl_generator_c.so[0m
[13.486s] [ 14%] Built target messages__rosidl_generator_c
[13.535s] [ 15%] [34m[1mGenerating C introspection for ROS interfaces[0m
[14.384s] [35m[1mScanning dependencies of target messages__rosidl_typesupport_introspection_cpp[0m
[14.643s] [ 16%] [32mBuilding CXX object CMakeFiles/messages__rosidl_typesupport_introspection_cpp.dir/rosidl_typesupport_introspection_cpp/messages/msg/axis_state__type_support.cpp.o[0m
[14.681s] [ 17%] [32mBuilding CXX object CMakeFiles/messages__rosidl_typesupport_introspection_cpp.dir/rosidl_typesupport_introspection_cpp/messages/msg/camera__type_support.cpp.o[0m
[16.567s] [ 18%] [32mBuilding CXX object CMakeFiles/messages__rosidl_typesupport_introspection_cpp.dir/rosidl_typesupport_introspection_cpp/messages/msg/power__type_support.cpp.o[0m
[16.660s] [ 19%] [32mBuilding CXX object CMakeFiles/messages__rosidl_typesupport_introspection_cpp.dir/rosidl_typesupport_introspection_cpp/messages/msg/joystick_command__type_support.cpp.o[0m
[16.671s] [35m[1mScanning dependencies of target messages__rosidl_typesupport_fastrtps_cpp[0m
[16.894s] [ 20%] [32mBuilding CXX object CMakeFiles/messages__rosidl_typesupport_fastrtps_cpp.dir/rosidl_typesupport_fastrtps_cpp/messages/msg/dds_fastrtps/axis_state__type_support.cpp.o[0m
[18.667s] [ 21%] [32mBuilding CXX object CMakeFiles/messages__rosidl_typesupport_introspection_cpp.dir/rosidl_typesupport_introspection_cpp/messages/msg/victor_out__type_support.cpp.o[0m
[18.668s] [ 22%] [32mBuilding CXX object CMakeFiles/messages__rosidl_typesupport_fastrtps_cpp.dir/rosidl_typesupport_fastrtps_cpp/messages/msg/dds_fastrtps/camera__type_support.cpp.o[0m
[19.449s] [ 23%] [32mBuilding CXX object CMakeFiles/messages__rosidl_typesupport_fastrtps_cpp.dir/rosidl_typesupport_fastrtps_cpp/messages/msg/dds_fastrtps/joystick_command__type_support.cpp.o[0m
[20.786s] [ 24%] [32mBuilding CXX object CMakeFiles/messages__rosidl_typesupport_introspection_cpp.dir/rosidl_typesupport_introspection_cpp/messages/msg/button_state__type_support.cpp.o[0m
[22.167s] [ 25%] [32mBuilding CXX object CMakeFiles/messages__rosidl_typesupport_fastrtps_cpp.dir/rosidl_typesupport_fastrtps_cpp/messages/msg/dds_fastrtps/power__type_support.cpp.o[0m
[22.718s] [ 26%] [32mBuilding CXX object CMakeFiles/messages__rosidl_typesupport_introspection_cpp.dir/rosidl_typesupport_introspection_cpp/messages/msg/hat_state__type_support.cpp.o[0m
[23.033s] [ 27%] [32mBuilding CXX object CMakeFiles/messages__rosidl_typesupport_introspection_cpp.dir/rosidl_typesupport_introspection_cpp/messages/msg/key_state__type_support.cpp.o[0m
[23.062s] [35m[1mScanning dependencies of target messages__rosidl_typesupport_introspection_c[0m
[23.291s] [ 28%] [32mBuilding C object CMakeFiles/messages__rosidl_typesupport_introspection_c.dir/rosidl_typesupport_introspection_c/messages/msg/axis_state__type_support.c.o[0m
[23.645s] [ 29%] [32mBuilding C object CMakeFiles/messages__rosidl_typesupport_introspection_c.dir/rosidl_typesupport_introspection_c/messages/msg/camera__type_support.c.o[0m
[24.001s] [ 30%] [32mBuilding C object CMakeFiles/messages__rosidl_typesupport_introspection_c.dir/rosidl_typesupport_introspection_c/messages/msg/joystick_command__type_support.c.o[0m
[24.247s] [ 31%] [32mBuilding C object CMakeFiles/messages__rosidl_typesupport_introspection_c.dir/rosidl_typesupport_introspection_c/messages/msg/power__type_support.c.o[0m
[24.595s] [ 32%] [32mBuilding C object CMakeFiles/messages__rosidl_typesupport_introspection_c.dir/rosidl_typesupport_introspection_c/messages/msg/victor_out__type_support.c.o[0m
[24.919s] [ 33%] [32mBuilding C object CMakeFiles/messages__rosidl_typesupport_introspection_c.dir/rosidl_typesupport_introspection_c/messages/msg/button_state__type_support.c.o[0m
[25.016s] [ 34%] [32mBuilding CXX object CMakeFiles/messages__rosidl_typesupport_fastrtps_cpp.dir/rosidl_typesupport_fastrtps_cpp/messages/msg/dds_fastrtps/victor_out__type_support.cpp.o[0m
[25.024s] [ 35%] [32mBuilding CXX object CMakeFiles/messages__rosidl_typesupport_introspection_cpp.dir/rosidl_typesupport_introspection_cpp/messages/msg/talon_out__type_support.cpp.o[0m
[25.223s] [ 36%] [32mBuilding CXX object CMakeFiles/messages__rosidl_typesupport_introspection_cpp.dir/rosidl_typesupport_introspection_cpp/messages/msg/zed_position__type_support.cpp.o[0m
[25.262s] [ 37%] [32mBuilding C object CMakeFiles/messages__rosidl_typesupport_introspection_c.dir/rosidl_typesupport_introspection_c/messages/msg/hat_state__type_support.c.o[0m
[25.641s] [ 38%] [32mBuilding C object CMakeFiles/messages__rosidl_typesupport_introspection_c.dir/rosidl_typesupport_introspection_c/messages/msg/key_state__type_support.c.o[0m
[25.833s] [ 39%] [32mBuilding C object CMakeFiles/messages__rosidl_typesupport_introspection_c.dir/rosidl_typesupport_introspection_c/messages/msg/talon_out__type_support.c.o[0m
[26.187s] [ 40%] [32mBuilding C object CMakeFiles/messages__rosidl_typesupport_introspection_c.dir/rosidl_typesupport_introspection_c/messages/msg/zed_position__type_support.c.o[0m
[26.599s] [ 41%] [32m[1mLinking C shared library libmessages__rosidl_typesupport_introspection_c.so[0m
[26.815s] [ 42%] [32mBuilding CXX object CMakeFiles/messages__rosidl_typesupport_fastrtps_cpp.dir/rosidl_typesupport_fastrtps_cpp/messages/msg/dds_fastrtps/button_state__type_support.cpp.o[0m
[27.004s] [ 42%] Built target messages__rosidl_typesupport_introspection_c
[27.151s] [ 43%] [32mBuilding CXX object CMakeFiles/messages__rosidl_typesupport_fastrtps_cpp.dir/rosidl_typesupport_fastrtps_cpp/messages/msg/dds_fastrtps/hat_state__type_support.cpp.o[0m
[27.291s] [ 44%] [32m[1mLinking CXX shared library libmessages__rosidl_typesupport_introspection_cpp.so[0m
[27.879s] [ 44%] Built target messages__rosidl_typesupport_introspection_cpp
[27.986s] [ 45%] [32mBuilding CXX object CMakeFiles/messages__rosidl_typesupport_fastrtps_cpp.dir/rosidl_typesupport_fastrtps_cpp/messages/msg/dds_fastrtps/key_state__type_support.cpp.o[0m
[28.787s] [ 46%] [32mBuilding CXX object CMakeFiles/messages__rosidl_typesupport_fastrtps_cpp.dir/rosidl_typesupport_fastrtps_cpp/messages/msg/dds_fastrtps/talon_out__type_support.cpp.o[0m
[30.057s] [ 47%] [32mBuilding CXX object CMakeFiles/messages__rosidl_typesupport_fastrtps_cpp.dir/rosidl_typesupport_fastrtps_cpp/messages/msg/dds_fastrtps/zed_position__type_support.cpp.o[0m
[32.414s] [ 48%] [32m[1mLinking CXX shared library libmessages__rosidl_typesupport_fastrtps_cpp.so[0m
[32.936s] [ 48%] Built target messages__rosidl_typesupport_fastrtps_cpp
[33.071s] [ 49%] [34m[1mGenerating C++ type support dispatch for ROS interfaces[0m
[33.083s] [ 50%] [34m[1mGenerating C type support for eProsima Fast-RTPS[0m
[38.132s] [35m[1mScanning dependencies of target messages__rosidl_typesupport_cpp[0m
[38.341s] [ 51%] [32mBuilding CXX object CMakeFiles/messages__rosidl_typesupport_cpp.dir/rosidl_typesupport_cpp/messages/msg/joystick_command__type_support.cpp.o[0m
[38.435s] [ 52%] [32mBuilding CXX object CMakeFiles/messages__rosidl_typesupport_cpp.dir/rosidl_typesupport_cpp/messages/msg/axis_state__type_support.cpp.o[0m
[38.439s] [ 53%] [32mBuilding CXX object CMakeFiles/messages__rosidl_typesupport_cpp.dir/rosidl_typesupport_cpp/messages/msg/camera__type_support.cpp.o[0m
[41.507s] [ 54%] [32mBuilding CXX object CMakeFiles/messages__rosidl_typesupport_cpp.dir/rosidl_typesupport_cpp/messages/msg/power__type_support.cpp.o[0m
[41.648s] [ 55%] [32mBuilding CXX object CMakeFiles/messages__rosidl_typesupport_cpp.dir/rosidl_typesupport_cpp/messages/msg/victor_out__type_support.cpp.o[0m
[41.764s] [ 56%] [32mBuilding CXX object CMakeFiles/messages__rosidl_typesupport_cpp.dir/rosidl_typesupport_cpp/messages/msg/button_state__type_support.cpp.o[0m
[42.491s] [35m[1mScanning dependencies of target messages__rosidl_typesupport_fastrtps_c[0m
[42.745s] [ 57%] [32mBuilding CXX object CMakeFiles/messages__rosidl_typesupport_fastrtps_c.dir/rosidl_typesupport_fastrtps_c/messages/msg/axis_state__type_support_c.cpp.o[0m
[44.633s] [ 58%] [32mBuilding CXX object CMakeFiles/messages__rosidl_typesupport_cpp.dir/rosidl_typesupport_cpp/messages/msg/hat_state__type_support.cpp.o[0m
[44.983s] [ 59%] [32mBuilding CXX object CMakeFiles/messages__rosidl_typesupport_cpp.dir/rosidl_typesupport_cpp/messages/msg/key_state__type_support.cpp.o[0m
[44.991s] [ 60%] [32mBuilding CXX object CMakeFiles/messages__rosidl_typesupport_cpp.dir/rosidl_typesupport_cpp/messages/msg/talon_out__type_support.cpp.o[0m
[45.419s] [ 61%] [32mBuilding CXX object CMakeFiles/messages__rosidl_typesupport_fastrtps_c.dir/rosidl_typesupport_fastrtps_c/messages/msg/camera__type_support_c.cpp.o[0m
[47.752s] [ 62%] [32mBuilding CXX object CMakeFiles/messages__rosidl_typesupport_cpp.dir/rosidl_typesupport_cpp/messages/msg/zed_position__type_support.cpp.o[0m
[47.979s] [ 63%] [32mBuilding CXX object CMakeFiles/messages__rosidl_typesupport_fastrtps_c.dir/rosidl_typesupport_fastrtps_c/messages/msg/joystick_command__type_support_c.cpp.o[0m
[48.338s] [ 64%] [32mBuilding CXX object CMakeFiles/messages__rosidl_typesupport_fastrtps_c.dir/rosidl_typesupport_fastrtps_c/messages/msg/power__type_support_c.cpp.o[0m
[50.765s] [ 65%] [32m[1mLinking CXX shared library libmessages__rosidl_typesupport_cpp.so[0m
[50.971s] [ 66%] [32mBuilding CXX object CMakeFiles/messages__rosidl_typesupport_fastrtps_c.dir/rosidl_typesupport_fastrtps_c/messages/msg/button_state__type_support_c.cpp.o[0m
[51.468s] [ 66%] Built target messages__rosidl_typesupport_cpp
[52.420s] [ 67%] [32mBuilding CXX object CMakeFiles/messages__rosidl_typesupport_fastrtps_c.dir/rosidl_typesupport_fastrtps_c/messages/msg/key_state__type_support_c.cpp.o[0m
[53.713s] [ 68%] [32mBuilding CXX object CMakeFiles/messages__rosidl_typesupport_fastrtps_c.dir/rosidl_typesupport_fastrtps_c/messages/msg/talon_out__type_support_c.cpp.o[0m
[54.999s] [ 69%] [32mBuilding CXX object CMakeFiles/messages__rosidl_typesupport_fastrtps_c.dir/rosidl_typesupport_fastrtps_c/messages/msg/zed_position__type_support_c.cpp.o[0m
[56.273s] [ 70%] [32mBuilding CXX object CMakeFiles/messages__rosidl_typesupport_fastrtps_c.dir/rosidl_typesupport_fastrtps_c/messages/msg/hat_state__type_support_c.cpp.o[0m
[57.537s] [ 71%] [32mBuilding CXX object CMakeFiles/messages__rosidl_typesupport_fastrtps_c.dir/rosidl_typesupport_fastrtps_c/messages/msg/victor_out__type_support_c.cpp.o[0m
[58.802s] [ 72%] [32m[1mLinking CXX shared library libmessages__rosidl_typesupport_fastrtps_c.so[0m
[59.113s] [ 72%] Built target messages__rosidl_typesupport_fastrtps_c
[59.159s] [ 73%] [34m[1mGenerating C type support dispatch for ROS interfaces[0m
[62.397s] [35m[1mScanning dependencies of target messages__rosidl_typesupport_c[0m
[62.474s] [ 74%] [32mBuilding CXX object CMakeFiles/messages__rosidl_typesupport_c.dir/rosidl_typesupport_c/messages/msg/axis_state__type_support.cpp.o[0m
[62.511s] [ 75%] [32mBuilding CXX object CMakeFiles/messages__rosidl_typesupport_c.dir/rosidl_typesupport_c/messages/msg/camera__type_support.cpp.o[0m
[62.673s] [ 76%] [32mBuilding CXX object CMakeFiles/messages__rosidl_typesupport_c.dir/rosidl_typesupport_c/messages/msg/power__type_support.cpp.o[0m
[62.674s] [ 77%] [32mBuilding CXX object CMakeFiles/messages__rosidl_typesupport_c.dir/rosidl_typesupport_c/messages/msg/victor_out__type_support.cpp.o[0m
[62.858s] [ 78%] [32mBuilding CXX object CMakeFiles/messages__rosidl_typesupport_c.dir/rosidl_typesupport_c/messages/msg/button_state__type_support.cpp.o[0m
[62.871s] [ 79%] [32mBuilding CXX object CMakeFiles/messages__rosidl_typesupport_c.dir/rosidl_typesupport_c/messages/msg/hat_state__type_support.cpp.o[0m
[63.057s] [ 80%] [32mBuilding CXX object CMakeFiles/messages__rosidl_typesupport_c.dir/rosidl_typesupport_c/messages/msg/key_state__type_support.cpp.o[0m
[63.100s] [ 81%] [32mBuilding CXX object CMakeFiles/messages__rosidl_typesupport_c.dir/rosidl_typesupport_c/messages/msg/talon_out__type_support.cpp.o[0m
[63.248s] [ 82%] [32mBuilding CXX object CMakeFiles/messages__rosidl_typesupport_c.dir/rosidl_typesupport_c/messages/msg/zed_position__type_support.cpp.o[0m
[63.291s] [ 83%] [32mBuilding CXX object CMakeFiles/messages__rosidl_typesupport_c.dir/rosidl_typesupport_c/messages/msg/joystick_command__type_support.cpp.o[0m
[63.472s] [ 84%] [32m[1mLinking CXX shared library libmessages__rosidl_typesupport_c.so[0m
[63.761s] [ 84%] Built target messages__rosidl_typesupport_c
[63.961s] [ 84%] Built target messages
[64.063s] [35m[1mScanning dependencies of target messages__py[0m
[64.170s] [ 85%] [34m[1mGenerating Python code for ROS interfaces[0m
[75.633s] [ 85%] Built target messages__py
[75.695s] [35m[1mScanning dependencies of target messages__python[0m
[75.887s] [ 87%] [32mBuilding C object CMakeFiles/messages__python.dir/rosidl_generator_py/messages/msg/_camera_s.c.o[0m
[75.888s] [ 87%] [32mBuilding C object CMakeFiles/messages__python.dir/rosidl_generator_py/messages/msg/_axis_state_s.c.o[0m
[76.270s] [ 88%] [32mBuilding C object CMakeFiles/messages__python.dir/rosidl_generator_py/messages/msg/_power_s.c.o[0m
[76.272s] [ 89%] [32mBuilding C object CMakeFiles/messages__python.dir/rosidl_generator_py/messages/msg/_victor_out_s.c.o[0m
[76.616s] [ 90%] [32mBuilding C object CMakeFiles/messages__python.dir/rosidl_generator_py/messages/msg/_button_state_s.c.o[0m
[76.942s] [ 91%] [32mBuilding C object CMakeFiles/messages__python.dir/rosidl_generator_py/messages/msg/_key_state_s.c.o[0m
[77.268s] [ 92%] [32mBuilding C object CMakeFiles/messages__python.dir/rosidl_generator_py/messages/msg/_talon_out_s.c.o[0m
[77.644s] [ 93%] [32mBuilding C object CMakeFiles/messages__python.dir/rosidl_generator_py/messages/msg/_zed_position_s.c.o[0m
[77.965s] [ 94%] [32mBuilding C object CMakeFiles/messages__python.dir/rosidl_generator_py/messages/msg/_hat_state_s.c.o[0m
[78.291s] [ 95%] [32mBuilding C object CMakeFiles/messages__python.dir/rosidl_generator_py/messages/msg/_joystick_command_s.c.o[0m
[78.613s] [ 96%] [32m[1mLinking CXX shared library rosidl_generator_py/messages/libmessages__python.so[0m
[78.870s] [ 96%] Built target messages__python
[78.916s] [35m[1mScanning dependencies of target messages__rosidl_typesupport_c__pyext[0m
[78.917s] [35m[1mScanning dependencies of target messages__rosidl_typesupport_fastrtps_c__pyext[0m
[78.996s] [ 97%] [32mBuilding C object CMakeFiles/messages__rosidl_typesupport_fastrtps_c__pyext.dir/rosidl_generator_py/messages/_messages_s.ep.rosidl_typesupport_fastrtps_c.c.o[0m
[79.004s] [ 98%] [32mBuilding C object CMakeFiles/messages__rosidl_typesupport_c__pyext.dir/rosidl_generator_py/messages/_messages_s.ep.rosidl_typesupport_c.c.o[0m
[79.459s] [ 99%] [32m[1mLinking CXX shared library rosidl_generator_py/messages/messages_s__rosidl_typesupport_fastrtps_c.cpython-36m-aarch64-linux-gnu.so[0m
[79.471s] [100%] [32m[1mLinking CXX shared library rosidl_generator_py/messages/messages_s__rosidl_typesupport_c.cpython-36m-aarch64-linux-gnu.so[0m
[79.726s] [100%] Built target messages__rosidl_typesupport_fastrtps_c__pyext
[79.736s] [100%] Built target messages__rosidl_typesupport_c__pyext
[79.785s] Invoked command in '/home/team/SoftwareDevelopment/ROS2/skinny/build/messages' returned '0': CMAKE_PREFIX_PATH=${CMAKE_PREFIX_PATH}:/home/team/SoftwareDevelopment/ROS2/skinny/install/excavation:/opt/ros/eloquent /usr/bin/cmake --build /home/team/SoftwareDevelopment/ROS2/skinny/build/messages -- -j4 -l4
[80.531s] Invoking command in '/home/team/SoftwareDevelopment/ROS2/skinny/build/messages': CMAKE_PREFIX_PATH=${CMAKE_PREFIX_PATH}:/home/team/SoftwareDevelopment/ROS2/skinny/install/excavation:/opt/ros/eloquent /usr/bin/cmake --build /home/team/SoftwareDevelopment/ROS2/skinny/build/messages --target install -- -j4 -l4
[80.755s] [  0%] Built target messages__cpp
[80.770s] [ 12%] Built target messages__rosidl_generator_c
[80.874s] [ 24%] Built target messages__rosidl_typesupport_introspection_cpp
[80.890s] [ 36%] Built target messages__rosidl_typesupport_fastrtps_cpp
[80.978s] [ 48%] Built target messages__rosidl_typesupport_introspection_c
[81.022s] [ 60%] Built target messages__rosidl_typesupport_fastrtps_c
[81.107s] [ 72%] Built target messages__rosidl_typesupport_cpp
[81.145s] [ 84%] Built target messages__rosidl_typesupport_c
[81.225s] [ 84%] Built target messages
[81.309s] [ 85%] Built target messages__py
[81.452s] [ 96%] Built target messages__python
[81.571s] [ 98%] Built target messages__rosidl_typesupport_fastrtps_c__pyext
[81.689s] [100%] Built target messages__rosidl_typesupport_c__pyext
[81.768s] [36mInstall the project...[0m
[81.805s] -- Install configuration: ""
[81.805s] -- Installing: /home/team/SoftwareDevelopment/ROS2/skinny/install/messages/share/ament_index/resource_index/rosidl_interfaces/messages
[81.806s] -- Up-to-date: /home/team/SoftwareDevelopment/ROS2/skinny/install/messages/include/messages
[81.808s] -- Up-to-date: /home/team/SoftwareDevelopment/ROS2/skinny/install/messages/include/messages/msg
[81.808s] -- Installing: /home/team/SoftwareDevelopment/ROS2/skinny/install/messages/include/messages/msg/zed_position.hpp
[81.809s] -- Installing: /home/team/SoftwareDevelopment/ROS2/skinny/install/messages/include/messages/msg/victor_out__traits.hpp
[81.810s] -- Installing: /home/team/SoftwareDevelopment/ROS2/skinny/install/messages/include/messages/msg/power__traits.hpp
[81.810s] -- Installing: /home/team/SoftwareDevelopment/ROS2/skinny/install/messages/include/messages/msg/hat_state__struct.hpp
[81.811s] -- Installing: /home/team/SoftwareDevelopment/ROS2/skinny/install/messages/include/messages/msg/power.hpp
[81.812s] -- Installing: /home/team/SoftwareDevelopment/ROS2/skinny/install/messages/include/messages/msg/key_state.hpp
[81.812s] -- Installing: /home/team/SoftwareDevelopment/ROS2/skinny/install/messages/include/messages/msg/talon_out.hpp
[81.813s] -- Installing: /home/team/SoftwareDevelopment/ROS2/skinny/install/messages/include/messages/msg/key_state__traits.hpp
[81.814s] -- Installing: /home/team/SoftwareDevelopment/ROS2/skinny/install/messages/include/messages/msg/camera.hpp
[81.814s] -- Installing: /home/team/SoftwareDevelopment/ROS2/skinny/install/messages/include/messages/msg/camera__struct.hpp
[81.815s] -- Installing: /home/team/SoftwareDevelopment/ROS2/skinny/install/messages/include/messages/msg/button_state__traits.hpp
[81.816s] -- Installing: /home/team/SoftwareDevelopment/ROS2/skinny/install/messages/include/messages/msg/victor_out.hpp
[81.816s] -- Installing: /home/team/SoftwareDevelopment/ROS2/skinny/install/messages/include/messages/msg/talon_out__struct.hpp
[81.817s] -- Installing: /home/team/SoftwareDevelopment/ROS2/skinny/install/messages/include/messages/msg/power__struct.hpp
[81.818s] -- Installing: /home/team/SoftwareDevelopment/ROS2/skinny/install/messages/include/messages/msg/hat_state__traits.hpp
[81.818s] -- Installing: /home/team/SoftwareDevelopment/ROS2/skinny/install/messages/include/messages/msg/camera__traits.hpp
[81.819s] -- Installing: /home/team/SoftwareDevelopment/ROS2/skinny/install/messages/include/messages/msg/talon_out__traits.hpp
[81.820s] -- Installing: /home/team/SoftwareDevelopment/ROS2/skinny/install/messages/include/messages/msg/hat_state.hpp
[81.820s] -- Installing: /home/team/SoftwareDevelopment/ROS2/skinny/install/messages/include/messages/msg/axis_state.hpp
[81.821s] -- Installing: /home/team/SoftwareDevelopment/ROS2/skinny/install/messages/include/messages/msg/axis_state__traits.hpp
[81.821s] -- Installing: /home/team/SoftwareDevelopment/ROS2/skinny/install/messages/include/messages/msg/axis_state__struct.hpp
[81.822s] -- Installing: /home/team/SoftwareDevelopment/ROS2/skinny/install/messages/include/messages/msg/zed_position__struct.hpp
[81.823s] -- Installing: /home/team/SoftwareDevelopment/ROS2/skinny/install/messages/include/messages/msg/joystick_command__traits.hpp
[81.824s] -- Installing: /home/team/SoftwareDevelopment/ROS2/skinny/install/messages/include/messages/msg/button_state__struct.hpp
[81.825s] -- Installing: /home/team/SoftwareDevelopment/ROS2/skinny/install/messages/include/messages/msg/joystick_command.hpp
[81.825s] -- Installing: /home/team/SoftwareDevelopment/ROS2/skinny/install/messages/include/messages/msg/joystick_command__struct.hpp
[81.826s] -- Installing: /home/team/SoftwareDevelopment/ROS2/skinny/install/messages/include/messages/msg/button_state.hpp
[81.827s] -- Installing: /home/team/SoftwareDevelopment/ROS2/skinny/install/messages/include/messages/msg/zed_position__traits.hpp
[81.827s] -- Installing: /home/team/SoftwareDevelopment/ROS2/skinny/install/messages/include/messages/msg/key_state__struct.hpp
[81.828s] -- Installing: /home/team/SoftwareDevelopment/ROS2/skinny/install/messages/include/messages/msg/victor_out__struct.hpp
[81.829s] -- Up-to-date: /home/team/SoftwareDevelopment/ROS2/skinny/install/messages/include/messages
[81.829s] -- Up-to-date: /home/team/SoftwareDevelopment/ROS2/skinny/install/messages/include/messages/msg
[81.830s] -- Installing: /home/team/SoftwareDevelopment/ROS2/skinny/install/messages/include/messages/msg/camera.h
[81.831s] -- Installing: /home/team/SoftwareDevelopment/ROS2/skinny/install/messages/include/messages/msg/talon_out.h
[81.831s] -- Installing: /home/team/SoftwareDevelopment/ROS2/skinny/install/messages/include/messages/msg/key_state__struct.h
[81.832s] -- Installing: /home/team/SoftwareDevelopment/ROS2/skinny/install/messages/include/messages/msg/joystick_command.h
[81.833s] -- Installing: /home/team/SoftwareDevelopment/ROS2/skinny/install/messages/include/messages/msg/hat_state__struct.h
[81.833s] -- Installing: /home/team/SoftwareDevelopment/ROS2/skinny/install/messages/include/messages/msg/hat_state.h
[81.834s] -- Installing: /home/team/SoftwareDevelopment/ROS2/skinny/install/messages/include/messages/msg/key_state.h
[81.835s] -- Installing: /home/team/SoftwareDevelopment/ROS2/skinny/install/messages/include/messages/msg/button_state__type_support.h
[81.835s] -- Installing: /home/team/SoftwareDevelopment/ROS2/skinny/install/messages/include/messages/msg/victor_out.h
[81.836s] -- Installing: /home/team/SoftwareDevelopment/ROS2/skinny/install/messages/include/messages/msg/key_state__type_support.h
[81.836s] -- Installing: /home/team/SoftwareDevelopment/ROS2/skinny/install/messages/include/messages/msg/talon_out__type_support.h
[81.837s] -- Installing: /home/team/SoftwareDevelopment/ROS2/skinny/install/messages/include/messages/msg/power__struct.h
[81.838s] -- Up-to-date: /home/team/SoftwareDevelopment/ROS2/skinny/install/messages/include/messages/msg/rosidl_generator_c__visibility_control.h
[81.838s] -- Installing: /home/team/SoftwareDevelopment/ROS2/skinny/install/messages/include/messages/msg/talon_out__struct.h
[81.839s] -- Installing: /home/team/SoftwareDevelopment/ROS2/skinny/install/messages/include/messages/msg/talon_out__functions.c
[81.840s] -- Installing: /home/team/SoftwareDevelopment/ROS2/skinny/install/messages/include/messages/msg/power__type_support.h
[81.840s] -- Installing: /home/team/SoftwareDevelopment/ROS2/skinny/install/messages/include/messages/msg/hat_state__functions.h
[81.841s] -- Installing: /home/team/SoftwareDevelopment/ROS2/skinny/install/messages/include/messages/msg/zed_position__type_support.h
[81.842s] -- Installing: /home/team/SoftwareDevelopment/ROS2/skinny/install/messages/include/messages/msg/zed_position.h
[81.842s] -- Installing: /home/team/SoftwareDevelopment/ROS2/skinny/install/messages/include/messages/msg/power__functions.c
[81.843s] -- Installing: /home/team/SoftwareDevelopment/ROS2/skinny/install/messages/include/messages/msg/key_state__functions.c
[81.844s] -- Installing: /home/team/SoftwareDevelopment/ROS2/skinny/install/messages/include/messages/msg/button_state__struct.h
[81.844s] -- Installing: /home/team/SoftwareDevelopment/ROS2/skinny/install/messages/include/messages/msg/camera__functions.h
[81.845s] -- Installing: /home/team/SoftwareDevelopment/ROS2/skinny/install/messages/include/messages/msg/victor_out__functions.h
[81.845s] -- Installing: /home/team/SoftwareDevelopment/ROS2/skinny/install/messages/include/messages/msg/power__functions.h
[81.846s] -- Installing: /home/team/SoftwareDevelopment/ROS2/skinny/install/messages/include/messages/msg/key_state__functions.h
[81.847s] -- Installing: /home/team/SoftwareDevelopment/ROS2/skinny/install/messages/include/messages/msg/camera__struct.h
[81.847s] -- Installing: /home/team/SoftwareDevelopment/ROS2/skinny/install/messages/include/messages/msg/camera__type_support.h
[81.848s] -- Installing: /home/team/SoftwareDevelopment/ROS2/skinny/install/messages/include/messages/msg/axis_state__struct.h
[81.848s] -- Installing: /home/team/SoftwareDevelopment/ROS2/skinny/install/messages/include/messages/msg/camera__functions.c
[81.849s] -- Installing: /home/team/SoftwareDevelopment/ROS2/skinny/install/messages/include/messages/msg/victor_out__functions.c
[81.849s] -- Installing: /home/team/SoftwareDevelopment/ROS2/skinny/install/messages/include/messages/msg/joystick_command__functions.c
[81.850s] -- Installing: /home/team/SoftwareDevelopment/ROS2/skinny/install/messages/include/messages/msg/axis_state__functions.h
[81.851s] -- Installing: /home/team/SoftwareDevelopment/ROS2/skinny/install/messages/include/messages/msg/hat_state__type_support.h
[81.851s] -- Installing: /home/team/SoftwareDevelopment/ROS2/skinny/install/messages/include/messages/msg/victor_out__type_support.h
[81.852s] -- Installing: /home/team/SoftwareDevelopment/ROS2/skinny/install/messages/include/messages/msg/talon_out__functions.h
[81.852s] -- Installing: /home/team/SoftwareDevelopment/ROS2/skinny/install/messages/include/messages/msg/button_state.h
[81.853s] -- Installing: /home/team/SoftwareDevelopment/ROS2/skinny/install/messages/include/messages/msg/zed_position__struct.h
[81.854s] -- Installing: /home/team/SoftwareDevelopment/ROS2/skinny/install/messages/include/messages/msg/axis_state__type_support.h
[81.855s] -- Installing: /home/team/SoftwareDevelopment/ROS2/skinny/install/messages/include/messages/msg/hat_state__functions.c
[81.855s] -- Installing: /home/team/SoftwareDevelopment/ROS2/skinny/install/messages/include/messages/msg/zed_position__functions.c
[81.856s] -- Installing: /home/team/SoftwareDevelopment/ROS2/skinny/install/messages/include/messages/msg/victor_out__struct.h
[81.856s] -- Installing: /home/team/SoftwareDevelopment/ROS2/skinny/install/messages/include/messages/msg/joystick_command__struct.h
[81.857s] -- Installing: /home/team/SoftwareDevelopment/ROS2/skinny/install/messages/include/messages/msg/button_state__functions.h
[81.858s] -- Installing: /home/team/SoftwareDevelopment/ROS2/skinny/install/messages/include/messages/msg/zed_position__functions.h
[81.858s] -- Installing: /home/team/SoftwareDevelopment/ROS2/skinny/install/messages/include/messages/msg/joystick_command__type_support.h
[81.859s] -- Installing: /home/team/SoftwareDevelopment/ROS2/skinny/install/messages/include/messages/msg/button_state__functions.c
[81.860s] -- Installing: /home/team/SoftwareDevelopment/ROS2/skinny/install/messages/include/messages/msg/axis_state__functions.c
[81.860s] -- Installing: /home/team/SoftwareDevelopment/ROS2/skinny/install/messages/include/messages/msg/axis_state.h
[81.861s] -- Installing: /home/team/SoftwareDevelopment/ROS2/skinny/install/messages/include/messages/msg/joystick_command__functions.h
[81.861s] -- Installing: /home/team/SoftwareDevelopment/ROS2/skinny/install/messages/include/messages/msg/power.h
[81.862s] -- Up-to-date: /home/team/SoftwareDevelopment/ROS2/skinny/install/messages/share/messages/environment/library_path.sh
[81.863s] -- Installing: /home/team/SoftwareDevelopment/ROS2/skinny/install/messages/share/messages/environment/library_path.dsv
[81.863s] -- Installing: /home/team/SoftwareDevelopment/ROS2/skinny/install/messages/lib/libmessages__rosidl_generator_c.so
[81.864s] -- Set runtime path of "/home/team/SoftwareDevelopment/ROS2/skinny/install/messages/lib/libmessages__rosidl_generator_c.so" to ""
[81.864s] -- Installing: /home/team/SoftwareDevelopment/ROS2/skinny/install/messages/lib/libmessages__rosidl_typesupport_c.so
[81.865s] -- Set runtime path of "/home/team/SoftwareDevelopment/ROS2/skinny/install/messages/lib/libmessages__rosidl_typesupport_c.so" to ""
[81.866s] -- Installing: /home/team/SoftwareDevelopment/ROS2/skinny/install/messages/lib/libmessages__rosidl_typesupport_cpp.so
[81.866s] -- Set runtime path of "/home/team/SoftwareDevelopment/ROS2/skinny/install/messages/lib/libmessages__rosidl_typesupport_cpp.so" to ""
[81.867s] -- Up-to-date: /home/team/SoftwareDevelopment/ROS2/skinny/install/messages/include/messages
[81.868s] -- Up-to-date: /home/team/SoftwareDevelopment/ROS2/skinny/install/messages/include/messages/msg
[81.868s] -- Installing: /home/team/SoftwareDevelopment/ROS2/skinny/install/messages/include/messages/msg/key_state__type_support.c
[81.869s] -- Installing: /home/team/SoftwareDevelopment/ROS2/skinny/install/messages/include/messages/msg/victor_out__rosidl_typesupport_introspection_c.h
[81.869s] -- Installing: /home/team/SoftwareDevelopment/ROS2/skinny/install/messages/include/messages/msg/power__type_support.c
[81.870s] -- Installing: /home/team/SoftwareDevelopment/ROS2/skinny/install/messages/include/messages/msg/power__rosidl_typesupport_introspection_c.h
[81.871s] -- Installing: /home/team/SoftwareDevelopment/ROS2/skinny/install/messages/include/messages/msg/axis_state__type_support.c
[81.871s] -- Installing: /home/team/SoftwareDevelopment/ROS2/skinny/install/messages/include/messages/msg/button_state__rosidl_typesupport_introspection_c.h
[81.872s] -- Installing: /home/team/SoftwareDevelopment/ROS2/skinny/install/messages/include/messages/msg/talon_out__type_support.c
[81.872s] -- Installing: /home/team/SoftwareDevelopment/ROS2/skinny/install/messages/include/messages/msg/button_state__type_support.c
[81.873s] -- Installing: /home/team/SoftwareDevelopment/ROS2/skinny/install/messages/include/messages/msg/victor_out__type_support.c
[81.874s] -- Installing: /home/team/SoftwareDevelopment/ROS2/skinny/install/messages/include/messages/msg/camera__rosidl_typesupport_introspection_c.h
[81.875s] -- Installing: /home/team/SoftwareDevelopment/ROS2/skinny/install/messages/include/messages/msg/zed_position__rosidl_typesupport_introspection_c.h
[81.875s] -- Installing: /home/team/SoftwareDevelopment/ROS2/skinny/install/messages/include/messages/msg/talon_out__rosidl_typesupport_introspection_c.h
[81.876s] -- Installing: /home/team/SoftwareDevelopment/ROS2/skinny/install/messages/include/messages/msg/zed_position__type_support.c
[81.876s] -- Installing: /home/team/SoftwareDevelopment/ROS2/skinny/install/messages/include/messages/msg/hat_state__rosidl_typesupport_introspection_c.h
[81.877s] -- Installing: /home/team/SoftwareDevelopment/ROS2/skinny/install/messages/include/messages/msg/camera__type_support.c
[81.878s] -- Up-to-date: /home/team/SoftwareDevelopment/ROS2/skinny/install/messages/include/messages/msg/rosidl_typesupport_introspection_c__visibility_control.h
[81.878s] -- Installing: /home/team/SoftwareDevelopment/ROS2/skinny/install/messages/include/messages/msg/key_state__rosidl_typesupport_introspection_c.h
[81.880s] -- Installing: /home/team/SoftwareDevelopment/ROS2/skinny/install/messages/include/messages/msg/joystick_command__rosidl_typesupport_introspection_c.h
[81.880s] -- Installing: /home/team/SoftwareDevelopment/ROS2/skinny/install/messages/include/messages/msg/joystick_command__type_support.c
[81.881s] -- Installing: /home/team/SoftwareDevelopment/ROS2/skinny/install/messages/include/messages/msg/axis_state__rosidl_typesupport_introspection_c.h
[81.882s] -- Installing: /home/team/SoftwareDevelopment/ROS2/skinny/install/messages/include/messages/msg/hat_state__type_support.c
[81.883s] -- Installing: /home/team/SoftwareDevelopment/ROS2/skinny/install/messages/lib/libmessages__rosidl_typesupport_introspection_c.so
[81.883s] -- Set runtime path of "/home/team/SoftwareDevelopment/ROS2/skinny/install/messages/lib/libmessages__rosidl_typesupport_introspection_c.so" to ""
[81.884s] -- Up-to-date: /home/team/SoftwareDevelopment/ROS2/skinny/install/messages/include/messages
[81.885s] -- Up-to-date: /home/team/SoftwareDevelopment/ROS2/skinny/install/messages/include/messages/msg
[81.885s] -- Installing: /home/team/SoftwareDevelopment/ROS2/skinny/install/messages/include/messages/msg/talon_out__type_support.cpp
[81.886s] -- Installing: /home/team/SoftwareDevelopment/ROS2/skinny/install/messages/include/messages/msg/joystick_command__type_support.cpp
[81.887s] -- Installing: /home/team/SoftwareDevelopment/ROS2/skinny/install/messages/include/messages/msg/power__rosidl_typesupport_introspection_cpp.hpp
[81.887s] -- Installing: /home/team/SoftwareDevelopment/ROS2/skinny/install/messages/include/messages/msg/victor_out__rosidl_typesupport_introspection_cpp.hpp
[81.888s] -- Installing: /home/team/SoftwareDevelopment/ROS2/skinny/install/messages/include/messages/msg/axis_state__rosidl_typesupport_introspection_cpp.hpp
[81.888s] -- Installing: /home/team/SoftwareDevelopment/ROS2/skinny/install/messages/include/messages/msg/camera__type_support.cpp
[81.889s] -- Installing: /home/team/SoftwareDevelopment/ROS2/skinny/install/messages/include/messages/msg/hat_state__rosidl_typesupport_introspection_cpp.hpp
[81.890s] -- Installing: /home/team/SoftwareDevelopment/ROS2/skinny/install/messages/include/messages/msg/zed_position__rosidl_typesupport_introspection_cpp.hpp
[81.891s] -- Installing: /home/team/SoftwareDevelopment/ROS2/skinny/install/messages/include/messages/msg/button_state__rosidl_typesupport_introspection_cpp.hpp
[81.891s] -- Installing: /home/team/SoftwareDevelopment/ROS2/skinny/install/messages/include/messages/msg/button_state__type_support.cpp
[81.892s] -- Installing: /home/team/SoftwareDevelopment/ROS2/skinny/install/messages/include/messages/msg/axis_state__type_support.cpp
[81.892s] -- Installing: /home/team/SoftwareDevelopment/ROS2/skinny/install/messages/include/messages/msg/victor_out__type_support.cpp
[81.893s] -- Installing: /home/team/SoftwareDevelopment/ROS2/skinny/install/messages/include/messages/msg/zed_position__type_support.cpp
[81.894s] -- Installing: /home/team/SoftwareDevelopment/ROS2/skinny/install/messages/include/messages/msg/talon_out__rosidl_typesupport_introspection_cpp.hpp
[81.894s] -- Installing: /home/team/SoftwareDevelopment/ROS2/skinny/install/messages/include/messages/msg/key_state__type_support.cpp
[81.895s] -- Installing: /home/team/SoftwareDevelopment/ROS2/skinny/install/messages/include/messages/msg/hat_state__type_support.cpp
[81.895s] -- Installing: /home/team/SoftwareDevelopment/ROS2/skinny/install/messages/include/messages/msg/power__type_support.cpp
[81.896s] -- Installing: /home/team/SoftwareDevelopment/ROS2/skinny/install/messages/include/messages/msg/key_state__rosidl_typesupport_introspection_cpp.hpp
[81.897s] -- Installing: /home/team/SoftwareDevelopment/ROS2/skinny/install/messages/include/messages/msg/joystick_command__rosidl_typesupport_introspection_cpp.hpp
[81.897s] -- Installing: /home/team/SoftwareDevelopment/ROS2/skinny/install/messages/include/messages/msg/camera__rosidl_typesupport_introspection_cpp.hpp
[81.898s] -- Installing: /home/team/SoftwareDevelopment/ROS2/skinny/install/messages/lib/libmessages__rosidl_typesupport_introspection_cpp.so
[81.898s] -- Set runtime path of "/home/team/SoftwareDevelopment/ROS2/skinny/install/messages/lib/libmessages__rosidl_typesupport_introspection_cpp.so" to ""
[81.899s] -- Up-to-date: /home/team/SoftwareDevelopment/ROS2/skinny/install/messages/include/messages
[81.900s] -- Up-to-date: /home/team/SoftwareDevelopment/ROS2/skinny/install/messages/include/messages/msg
[81.900s] -- Installing: /home/team/SoftwareDevelopment/ROS2/skinny/install/messages/include/messages/msg/talon_out__rosidl_typesupport_fastrtps_c.h
[81.901s] -- Installing: /home/team/SoftwareDevelopment/ROS2/skinny/install/messages/include/messages/msg/hat_state__rosidl_typesupport_fastrtps_c.h
[81.902s] -- Installing: /home/team/SoftwareDevelopment/ROS2/skinny/install/messages/include/messages/msg/zed_position__rosidl_typesupport_fastrtps_c.h
[81.902s] -- Installing: /home/team/SoftwareDevelopment/ROS2/skinny/install/messages/include/messages/msg/joystick_command__rosidl_typesupport_fastrtps_c.h
[81.903s] -- Installing: /home/team/SoftwareDevelopment/ROS2/skinny/install/messages/include/messages/msg/camera__rosidl_typesupport_fastrtps_c.h
[81.904s] -- Installing: /home/team/SoftwareDevelopment/ROS2/skinny/install/messages/include/messages/msg/button_state__rosidl_typesupport_fastrtps_c.h
[81.904s] -- Up-to-date: /home/team/SoftwareDevelopment/ROS2/skinny/install/messages/include/messages/msg/rosidl_typesupport_fastrtps_c__visibility_control.h
[81.905s] -- Installing: /home/team/SoftwareDevelopment/ROS2/skinny/install/messages/include/messages/msg/victor_out__rosidl_typesupport_fastrtps_c.h
[81.906s] -- Installing: /home/team/SoftwareDevelopment/ROS2/skinny/install/messages/include/messages/msg/power__rosidl_typesupport_fastrtps_c.h
[81.906s] -- Installing: /home/team/SoftwareDevelopment/ROS2/skinny/install/messages/include/messages/msg/axis_state__rosidl_typesupport_fastrtps_c.h
[81.907s] -- Installing: /home/team/SoftwareDevelopment/ROS2/skinny/install/messages/include/messages/msg/key_state__rosidl_typesupport_fastrtps_c.h
[81.907s] -- Installing: /home/team/SoftwareDevelopment/ROS2/skinny/install/messages/lib/libmessages__rosidl_typesupport_fastrtps_c.so
[81.908s] -- Set runtime path of "/home/team/SoftwareDevelopment/ROS2/skinny/install/messages/lib/libmessages__rosidl_typesupport_fastrtps_c.so" to ""
[81.908s] -- Up-to-date: /home/team/SoftwareDevelopment/ROS2/skinny/install/messages/include/messages
[81.909s] -- Up-to-date: /home/team/SoftwareDevelopment/ROS2/skinny/install/messages/include/messages/msg
[81.909s] -- Installing: /home/team/SoftwareDevelopment/ROS2/skinny/install/messages/include/messages/msg/power__rosidl_typesupport_fastrtps_cpp.hpp
[81.910s] -- Installing: /home/team/SoftwareDevelopment/ROS2/skinny/install/messages/include/messages/msg/hat_state__rosidl_typesupport_fastrtps_cpp.hpp
[81.911s] -- Installing: /home/team/SoftwareDevelopment/ROS2/skinny/install/messages/include/messages/msg/button_state__rosidl_typesupport_fastrtps_cpp.hpp
[81.911s] -- Installing: /home/team/SoftwareDevelopment/ROS2/skinny/install/messages/include/messages/msg/axis_state__rosidl_typesupport_fastrtps_cpp.hpp
[81.912s] -- Installing: /home/team/SoftwareDevelopment/ROS2/skinny/install/messages/include/messages/msg/camera__rosidl_typesupport_fastrtps_cpp.hpp
[81.912s] -- Installing: /home/team/SoftwareDevelopment/ROS2/skinny/install/messages/include/messages/msg/talon_out__rosidl_typesupport_fastrtps_cpp.hpp
[81.913s] -- Up-to-date: /home/team/SoftwareDevelopment/ROS2/skinny/install/messages/include/messages/msg/rosidl_typesupport_fastrtps_cpp__visibility_control.h
[81.913s] -- Installing: /home/team/SoftwareDevelopment/ROS2/skinny/install/messages/include/messages/msg/joystick_command__rosidl_typesupport_fastrtps_cpp.hpp
[81.914s] -- Up-to-date: /home/team/SoftwareDevelopment/ROS2/skinny/install/messages/include/messages/msg/dds_fastrtps
[81.915s] -- Installing: /home/team/SoftwareDevelopment/ROS2/skinny/install/messages/include/messages/msg/key_state__rosidl_typesupport_fastrtps_cpp.hpp
[81.915s] -- Installing: /home/team/SoftwareDevelopment/ROS2/skinny/install/messages/include/messages/msg/victor_out__rosidl_typesupport_fastrtps_cpp.hpp
[81.916s] -- Installing: /home/team/SoftwareDevelopment/ROS2/skinny/install/messages/include/messages/msg/zed_position__rosidl_typesupport_fastrtps_cpp.hpp
[81.916s] -- Installing: /home/team/SoftwareDevelopment/ROS2/skinny/install/messages/lib/libmessages__rosidl_typesupport_fastrtps_cpp.so
[81.917s] -- Set runtime path of "/home/team/SoftwareDevelopment/ROS2/skinny/install/messages/lib/libmessages__rosidl_typesupport_fastrtps_cpp.so" to ""
[81.917s] -- Up-to-date: /home/team/SoftwareDevelopment/ROS2/skinny/install/messages/share/messages/environment/pythonpath.sh
[81.918s] -- Installing: /home/team/SoftwareDevelopment/ROS2/skinny/install/messages/share/messages/environment/pythonpath.dsv
[81.918s] -- Installing: /home/team/SoftwareDevelopment/ROS2/skinny/install/messages/lib/python3.6/site-packages/messages/__init__.py
[82.074s] Compiling '/home/team/SoftwareDevelopment/ROS2/skinny/install/messages/lib/python3.6/site-packages/messages/__init__.py'...
[82.098s] -- Up-to-date: /home/team/SoftwareDevelopment/ROS2/skinny/install/messages/lib/python3.6/site-packages/messages/msg
[82.099s] -- Installing: /home/team/SoftwareDevelopment/ROS2/skinny/install/messages/lib/python3.6/site-packages/messages/msg/_hat_state.py
[82.100s] -- Installing: /home/team/SoftwareDevelopment/ROS2/skinny/install/messages/lib/python3.6/site-packages/messages/msg/_power_s.c
[82.101s] -- Installing: /home/team/SoftwareDevelopment/ROS2/skinny/install/messages/lib/python3.6/site-packages/messages/msg/_camera_s.c
[82.101s] -- Installing: /home/team/SoftwareDevelopment/ROS2/skinny/install/messages/lib/python3.6/site-packages/messages/msg/__init__.py
[82.102s] -- Installing: /home/team/SoftwareDevelopment/ROS2/skinny/install/messages/lib/python3.6/site-packages/messages/msg/_camera.py
[82.103s] -- Installing: /home/team/SoftwareDevelopment/ROS2/skinny/install/messages/lib/python3.6/site-packages/messages/msg/_power.py
[82.104s] -- Installing: /home/team/SoftwareDevelopment/ROS2/skinny/install/messages/lib/python3.6/site-packages/messages/msg/_hat_state_s.c
[82.105s] -- Installing: /home/team/SoftwareDevelopment/ROS2/skinny/install/messages/lib/python3.6/site-packages/messages/msg/_talon_out.py
[82.105s] -- Installing: /home/team/SoftwareDevelopment/ROS2/skinny/install/messages/lib/python3.6/site-packages/messages/msg/_zed_position.py
[82.106s] -- Installing: /home/team/SoftwareDevelopment/ROS2/skinny/install/messages/lib/python3.6/site-packages/messages/msg/_victor_out_s.c
[82.107s] -- Installing: /home/team/SoftwareDevelopment/ROS2/skinny/install/messages/lib/python3.6/site-packages/messages/msg/_joystick_command_s.c
[82.107s] -- Installing: /home/team/SoftwareDevelopment/ROS2/skinny/install/messages/lib/python3.6/site-packages/messages/msg/_zed_position_s.c
[82.108s] -- Installing: /home/team/SoftwareDevelopment/ROS2/skinny/install/messages/lib/python3.6/site-packages/messages/msg/_axis_state.py
[82.109s] -- Installing: /home/team/SoftwareDevelopment/ROS2/skinny/install/messages/lib/python3.6/site-packages/messages/msg/_axis_state_s.c
[82.109s] -- Installing: /home/team/SoftwareDevelopment/ROS2/skinny/install/messages/lib/python3.6/site-packages/messages/msg/_button_state.py
[82.110s] -- Installing: /home/team/SoftwareDevelopment/ROS2/skinny/install/messages/lib/python3.6/site-packages/messages/msg/_victor_out.py
[82.110s] -- Installing: /home/team/SoftwareDevelopment/ROS2/skinny/install/messages/lib/python3.6/site-packages/messages/msg/_key_state_s.c
[82.111s] -- Installing: /home/team/SoftwareDevelopment/ROS2/skinny/install/messages/lib/python3.6/site-packages/messages/msg/_key_state.py
[82.111s] -- Installing: /home/team/SoftwareDevelopment/ROS2/skinny/install/messages/lib/python3.6/site-packages/messages/msg/_talon_out_s.c
[82.112s] -- Installing: /home/team/SoftwareDevelopment/ROS2/skinny/install/messages/lib/python3.6/site-packages/messages/msg/_button_state_s.c
[82.113s] -- Installing: /home/team/SoftwareDevelopment/ROS2/skinny/install/messages/lib/python3.6/site-packages/messages/msg/_joystick_command.py
[82.113s] -- Installing: /home/team/SoftwareDevelopment/ROS2/skinny/install/messages/lib/python3.6/site-packages/messages/messages_s__rosidl_typesupport_c.cpython-36m-aarch64-linux-gnu.so
[82.114s] -- Set runtime path of "/home/team/SoftwareDevelopment/ROS2/skinny/install/messages/lib/python3.6/site-packages/messages/messages_s__rosidl_typesupport_c.cpython-36m-aarch64-linux-gnu.so" to ""
[82.114s] -- Installing: /home/team/SoftwareDevelopment/ROS2/skinny/install/messages/lib/python3.6/site-packages/messages/messages_s__rosidl_typesupport_fastrtps_c.cpython-36m-aarch64-linux-gnu.so
[82.116s] -- Set runtime path of "/home/team/SoftwareDevelopment/ROS2/skinny/install/messages/lib/python3.6/site-packages/messages/messages_s__rosidl_typesupport_fastrtps_c.cpython-36m-aarch64-linux-gnu.so" to ""
[82.117s] -- Installing: /home/team/SoftwareDevelopment/ROS2/skinny/install/messages/lib/libmessages__python.so
[82.119s] -- Set runtime path of "/home/team/SoftwareDevelopment/ROS2/skinny/install/messages/lib/libmessages__python.so" to ""
[82.120s] -- Up-to-date: /home/team/SoftwareDevelopment/ROS2/skinny/install/messages/share/messages/msg/AxisState.idl
[82.120s] -- Up-to-date: /home/team/SoftwareDevelopment/ROS2/skinny/install/messages/share/messages/msg/Camera.idl
[82.121s] -- Up-to-date: /home/team/SoftwareDevelopment/ROS2/skinny/install/messages/share/messages/msg/JoystickCommand.idl
[82.122s] -- Up-to-date: /home/team/SoftwareDevelopment/ROS2/skinny/install/messages/share/messages/msg/Power.idl
[82.123s] -- Up-to-date: /home/team/SoftwareDevelopment/ROS2/skinny/install/messages/share/messages/msg/VictorOut.idl
[82.124s] -- Up-to-date: /home/team/SoftwareDevelopment/ROS2/skinny/install/messages/share/messages/msg/ButtonState.idl
[82.125s] -- Up-to-date: /home/team/SoftwareDevelopment/ROS2/skinny/install/messages/share/messages/msg/HatState.idl
[82.126s] -- Up-to-date: /home/team/SoftwareDevelopment/ROS2/skinny/install/messages/share/messages/msg/KeyState.idl
[82.127s] -- Up-to-date: /home/team/SoftwareDevelopment/ROS2/skinny/install/messages/share/messages/msg/TalonOut.idl
[82.127s] -- Installing: /home/team/SoftwareDevelopment/ROS2/skinny/install/messages/share/messages/msg/ZedPosition.idl
[82.128s] -- Up-to-date: /home/team/SoftwareDevelopment/ROS2/skinny/install/messages/share/messages/msg/AxisState.msg
[82.128s] -- Up-to-date: /home/team/SoftwareDevelopment/ROS2/skinny/install/messages/share/messages/msg/Camera.msg
[82.129s] -- Up-to-date: /home/team/SoftwareDevelopment/ROS2/skinny/install/messages/share/messages/msg/JoystickCommand.msg
[82.130s] -- Up-to-date: /home/team/SoftwareDevelopment/ROS2/skinny/install/messages/share/messages/msg/Power.msg
[82.131s] -- Up-to-date: /home/team/SoftwareDevelopment/ROS2/skinny/install/messages/share/messages/msg/VictorOut.msg
[82.131s] -- Up-to-date: /home/team/SoftwareDevelopment/ROS2/skinny/install/messages/share/messages/msg/ButtonState.msg
[82.132s] -- Up-to-date: /home/team/SoftwareDevelopment/ROS2/skinny/install/messages/share/messages/msg/HatState.msg
[82.133s] -- Up-to-date: /home/team/SoftwareDevelopment/ROS2/skinny/install/messages/share/messages/msg/KeyState.msg
[82.134s] -- Up-to-date: /home/team/SoftwareDevelopment/ROS2/skinny/install/messages/share/messages/msg/TalonOut.msg
[82.135s] -- Installing: /home/team/SoftwareDevelopment/ROS2/skinny/install/messages/share/messages/msg/ZedPosition.msg
[82.135s] -- Up-to-date: /home/team/SoftwareDevelopment/ROS2/skinny/install/messages/share/ament_index/resource_index/package_run_dependencies/messages
[82.136s] -- Installing: /home/team/SoftwareDevelopment/ROS2/skinny/install/messages/share/ament_index/resource_index/parent_prefix_path/messages
[82.137s] -- Up-to-date: /home/team/SoftwareDevelopment/ROS2/skinny/install/messages/share/messages/environment/ament_prefix_path.sh
[82.138s] -- Installing: /home/team/SoftwareDevelopment/ROS2/skinny/install/messages/share/messages/environment/ament_prefix_path.dsv
[82.139s] -- Up-to-date: /home/team/SoftwareDevelopment/ROS2/skinny/install/messages/share/messages/environment/path.sh
[82.139s] -- Installing: /home/team/SoftwareDevelopment/ROS2/skinny/install/messages/share/messages/environment/path.dsv
[82.140s] -- Up-to-date: /home/team/SoftwareDevelopment/ROS2/skinny/install/messages/share/messages/local_setup.bash
[82.141s] -- Up-to-date: /home/team/SoftwareDevelopment/ROS2/skinny/install/messages/share/messages/local_setup.sh
[82.141s] -- Up-to-date: /home/team/SoftwareDevelopment/ROS2/skinny/install/messages/share/messages/local_setup.zsh
[82.142s] -- Installing: /home/team/SoftwareDevelopment/ROS2/skinny/install/messages/share/messages/local_setup.dsv
[82.143s] -- Installing: /home/team/SoftwareDevelopment/ROS2/skinny/install/messages/share/messages/package.dsv
[82.143s] -- Up-to-date: /home/team/SoftwareDevelopment/ROS2/skinny/install/messages/share/ament_index/resource_index/packages/messages
[82.144s] -- Installing: /home/team/SoftwareDevelopment/ROS2/skinny/install/messages/share/messages/cmake/rosidl_cmake-extras.cmake
[82.145s] -- Up-to-date: /home/team/SoftwareDevelopment/ROS2/skinny/install/messages/share/messages/cmake/ament_cmake_export_dependencies-extras.cmake
[82.145s] -- Up-to-date: /home/team/SoftwareDevelopment/ROS2/skinny/install/messages/share/messages/cmake/ament_cmake_export_include_directories-extras.cmake
[82.146s] -- Up-to-date: /home/team/SoftwareDevelopment/ROS2/skinny/install/messages/share/messages/cmake/ament_cmake_export_libraries-extras.cmake
[82.147s] -- Up-to-date: /home/team/SoftwareDevelopment/ROS2/skinny/install/messages/share/messages/cmake/messagesConfig.cmake
[82.149s] -- Up-to-date: /home/team/SoftwareDevelopment/ROS2/skinny/install/messages/share/messages/cmake/messagesConfig-version.cmake
[82.156s] -- Up-to-date: /home/team/SoftwareDevelopment/ROS2/skinny/install/messages/share/messages/package.xml
[82.160s] Invoked command in '/home/team/SoftwareDevelopment/ROS2/skinny/build/messages' returned '0': CMAKE_PREFIX_PATH=${CMAKE_PREFIX_PATH}:/home/team/SoftwareDevelopment/ROS2/skinny/install/excavation:/opt/ros/eloquent /usr/bin/cmake --build /home/team/SoftwareDevelopment/ROS2/skinny/build/messages --target install -- -j4 -l4
