[0.202s] Invoking command in '/home/team/SoftwareDevelopment/ROS2/skinny/build/zed_tracking': CMAKE_PREFIX_PATH=/home/team/SoftwareDevelopment/ROS2/skinny/install/messages:/home/team/SoftwareDevelopment/ROS2/skinny/install/talon:/home/team/SoftwareDevelopment/ROS2/skinny/install/power_distribution_panel:/home/team/SoftwareDevelopment/ROS2/skinny/install/logic:/home/team/SoftwareDevelopment/ROS2/skinny/install/communication:/home/team/SoftwareDevelopment/ROS2/skinny/install/excavation:/opt/ros/eloquent /usr/bin/cmake --build /home/team/SoftwareDevelopment/ROS2/skinny/build/zed_tracking -- -j4 -l4
[0.366s] [35m[1mScanning dependencies of target zed_tracking_node[0m
[0.479s] [ 33%] [32mBuilding CXX object CMakeFiles/zed_tracking_node.dir/src/zed_tracking_node.cpp.o[0m
[0.858s] In file included from [01m[K/home/team/SoftwareDevelopment/ROS2/skinny/src/zed_tracking/src/zed_tracking_node.cpp:4:0[m[K:
[0.858s] [01m[K/usr/local/zed/include/sl/Camera.hpp:94:2:[m[K [01;35m[Kwarning: [m[K#warning ("'Debug' builds are not supported since this library was built in 'Release', 'RelWithDebInfo' should be preferred to avoid crashes and memory issues") [[01;35m[K-Wcpp[m[K]
[0.859s]  #[01;35m[Kwarning[m[K("'Debug' builds are not supported since this library was built in 'Release', 'RelWithDebInfo' should be preferred to avoid crashes and memory issues")
[0.859s]   [01;35m[K^~~~~~~[m[K
[8.723s] In file included from [01m[K/home/team/SoftwareDevelopment/ROS2/skinny/src/zed_tracking/src/zed_tracking_node.cpp:4:0[m[K:
[8.723s] [01m[K/usr/local/zed/include/sl/Camera.hpp:[m[K In destructor ‘[01m[Ksl::CameraInformation::~CameraInformation()[m[K’:
[8.724s] [01m[K/usr/local/zed/include/sl/Camera.hpp:3201:12:[m[K [01;35m[Kwarning: [m[K‘[01m[Ksl::CameraInformation::calibration_parameters[m[K’ is deprecated: Use camera_configuration.calibration_parameters instead [[01;35m[K-Wdeprecated-declarations[m[K]
[8.724s]      struct [01;35m[KCameraInformation[m[K {
[8.726s]             [01;35m[K^~~~~~~~~~~~~~~~~[m[K
[8.726s] [01m[K/usr/local/zed/include/sl/Camera.hpp:3209:104:[m[K [01;36m[Knote: [m[Kdeclared here
[8.727s]          SL_DEPRECATED("Use camera_configuration.calibration_parameters instead") CalibrationParameters [01;36m[Kcalibration_parameters[m[K; /**< \deprecated see CameraConfiguration::calibration_parameters, Intrinsic and Extrinsic stereo parameters for rectified/undistorded images (default).*/
[8.728s]                                                                                                         [01;36m[K^~~~~~~~~~~~~~~~~~~~~~[m[K
[8.729s] [01m[K/usr/local/zed/include/sl/Camera.hpp:3201:12:[m[K [01;35m[Kwarning: [m[K‘[01m[Ksl::CameraInformation::calibration_parameters[m[K’ is deprecated: Use camera_configuration.calibration_parameters instead [[01;35m[K-Wdeprecated-declarations[m[K]
[8.729s]      struct [01;35m[KCameraInformation[m[K {
[8.730s]             [01;35m[K^~~~~~~~~~~~~~~~~[m[K
[8.731s] [01m[K/usr/local/zed/include/sl/Camera.hpp:3209:104:[m[K [01;36m[Knote: [m[Kdeclared here
[8.731s]          SL_DEPRECATED("Use camera_configuration.calibration_parameters instead") CalibrationParameters [01;36m[Kcalibration_parameters[m[K; /**< \deprecated see CameraConfiguration::calibration_parameters, Intrinsic and Extrinsic stereo parameters for rectified/undistorded images (default).*/
[8.732s]                                                                                                         [01;36m[K^~~~~~~~~~~~~~~~~~~~~~[m[K
[8.733s] [01m[K/usr/local/zed/include/sl/Camera.hpp:3201:12:[m[K [01;35m[Kwarning: [m[K‘[01m[Ksl::CameraInformation::calibration_parameters_raw[m[K’ is deprecated: Use camera_configuration.calibration_parameters_raw instead [[01;35m[K-Wdeprecated-declarations[m[K]
[8.734s]      struct [01;35m[KCameraInformation[m[K {
[8.734s]             [01;35m[K^~~~~~~~~~~~~~~~~[m[K
[8.735s] [01m[K/usr/local/zed/include/sl/Camera.hpp:3210:108:[m[K [01;36m[Knote: [m[Kdeclared here
[8.736s]          SL_DEPRECATED("Use camera_configuration.calibration_parameters_raw instead") CalibrationParameters [01;36m[Kcalibration_parameters_raw[m[K; /**< \deprecated see CameraConfiguration::calibration_parameters_raw, Intrinsic and Extrinsic stereo parameters for original images (unrectified/distorded).*/
[8.736s]                                                                                                             [01;36m[K^~~~~~~~~~~~~~~~~~~~~~~~~~[m[K
[8.737s] [01m[K/usr/local/zed/include/sl/Camera.hpp:3201:12:[m[K [01;35m[Kwarning: [m[K‘[01m[Ksl::CameraInformation::calibration_parameters_raw[m[K’ is deprecated: Use camera_configuration.calibration_parameters_raw instead [[01;35m[K-Wdeprecated-declarations[m[K]
[8.738s]      struct [01;35m[KCameraInformation[m[K {
[8.738s]             [01;35m[K^~~~~~~~~~~~~~~~~[m[K
[8.739s] [01m[K/usr/local/zed/include/sl/Camera.hpp:3210:108:[m[K [01;36m[Knote: [m[Kdeclared here
[8.740s]          SL_DEPRECATED("Use camera_configuration.calibration_parameters_raw instead") CalibrationParameters [01;36m[Kcalibration_parameters_raw[m[K; /**< \deprecated see CameraConfiguration::calibration_parameters_raw, Intrinsic and Extrinsic stereo parameters for original images (unrectified/distorded).*/
[8.740s]                                                                                                             [01;36m[K^~~~~~~~~~~~~~~~~~~~~~~~~~[m[K
[8.741s] [01m[K/usr/local/zed/include/sl/Camera.hpp:3201:12:[m[K [01;35m[Kwarning: [m[K‘[01m[Ksl::CameraInformation::camera_imu_transform[m[K’ is deprecated: Use sensors_configuration.camera_imu_transform instead [[01;35m[K-Wdeprecated-declarations[m[K]
[8.742s]      struct [01;35m[KCameraInformation[m[K {
[8.743s]             [01;35m[K^~~~~~~~~~~~~~~~~[m[K
[8.743s] [01m[K/usr/local/zed/include/sl/Camera.hpp:3211:95:[m[K [01;36m[Knote: [m[Kdeclared here
[8.744s]          SL_DEPRECATED("Use sensors_configuration.camera_imu_transform instead") sl::Transform [01;36m[Kcamera_imu_transform[m[K; /**< \deprecated see SensorsConfiguration::camera_imu_transform, IMU to Left camera transform matrix, that contains rotation and translation between IMU frame and camera frame.*/
[8.745s]                                                                                                [01;36m[K^~~~~~~~~~~~~~~~~~~~[m[K
[8.746s] [01m[K/usr/local/zed/include/sl/Camera.hpp:3201:12:[m[K [01;35m[Kwarning: [m[K‘[01m[Ksl::CameraInformation::camera_imu_transform[m[K’ is deprecated: Use sensors_configuration.camera_imu_transform instead [[01;35m[K-Wdeprecated-declarations[m[K]
[8.747s]      struct [01;35m[KCameraInformation[m[K {
[8.747s]             [01;35m[K^~~~~~~~~~~~~~~~~[m[K
[8.748s] [01m[K/usr/local/zed/include/sl/Camera.hpp:3211:95:[m[K [01;36m[Knote: [m[Kdeclared here
[8.749s]          SL_DEPRECATED("Use sensors_configuration.camera_imu_transform instead") sl::Transform [01;36m[Kcamera_imu_transform[m[K; /**< \deprecated see SensorsConfiguration::camera_imu_transform, IMU to Left camera transform matrix, that contains rotation and translation between IMU frame and camera frame.*/
[8.749s]                                                                                                [01;36m[K^~~~~~~~~~~~~~~~~~~~[m[K
[8.750s] [01m[K/home/team/SoftwareDevelopment/ROS2/skinny/src/zed_tracking/src/zed_tracking_node.cpp:[m[K In function ‘[01m[Kint main(int, char**)[m[K’:
[8.750s] [01m[K/home/team/SoftwareDevelopment/ROS2/skinny/src/zed_tracking/src/zed_tracking_node.cpp:48:48:[m[K [01;36m[Knote: [m[Ksynthesized method ‘[01m[Ksl::CameraInformation::~CameraInformation()[m[K’ first required here 
[8.751s]      auto cameraInfo = zed.getCameraInformation([01;36m[K)[m[K;
[8.751s] 
[8.752s]                                                 [01;36m[K^[m[K
[8.752s] In file included from [01m[K/home/team/SoftwareDevelopment/ROS2/skinny/src/zed_tracking/src/zed_tracking_node.cpp:4:0[m[K:
[8.753s] [01m[K/usr/local/zed/include/sl/Camera.hpp:[m[K In constructor ‘[01m[Ksl::CalibrationParameters::CalibrationParameters(sl::CalibrationParameters&&)[m[K’:
[8.754s] [01m[K/usr/local/zed/include/sl/Camera.hpp:3121:59:[m[K [01;35m[Kwarning: [m[K‘[01m[Ksl::CalibrationParameters::R[m[K’ is deprecated: Use stereo_transform.getRotationMatrix instead [[01;35m[K-Wdeprecated-declarations[m[K]
[8.754s]      struct /*@cond SHOWHIDDEN*/SL_CORE_EXPORT/*@endcond*/ [01;35m[KCalibrationParameters[m[K {
[8.755s]                                                            [01;35m[K^~~~~~~~~~~~~~~~~~~~~[m[K
[8.756s] [01m[K/usr/local/zed/include/sl/Camera.hpp:3129:80:[m[K [01;36m[Knote: [m[Kdeclared here
[8.758s]          SL_DEPRECATED("Use stereo_transform.getRotationMatrix instead") float3 [01;36m[KR[m[K; /**< \deprecated see stereo_transform, Rotation on its own (using Rodrigues' transformation) of the right sensor. The left is considered as the reference. Defined as 'tilt', 'convergence' and 'roll'. Using a \ref Rotation, you can use \ref Rotation::setRotationVector(R) to convert into other representations.*/
[8.758s]                                                                                 [01;36m[K^[m[K
[8.759s] [01m[K/usr/local/zed/include/sl/Camera.hpp:3121:59:[m[K [01;35m[Kwarning: [m[K‘[01m[Ksl::CalibrationParameters::R[m[K’ is deprecated: Use stereo_transform.getRotationMatrix instead [[01;35m[K-Wdeprecated-declarations[m[K]
[8.759s]      struct /*@cond SHOWHIDDEN*/SL_CORE_EXPORT/*@endcond*/ [01;35m[KCalibrationParameters[m[K {
[8.760s]                                                            [01;35m[K^~~~~~~~~~~~~~~~~~~~~[m[K
[8.761s] [01m[K/usr/local/zed/include/sl/Camera.hpp:3129:80:[m[K [01;36m[Knote: [m[Kdeclared here
[8.761s]          SL_DEPRECATED("Use stereo_transform.getRotationMatrix instead") float3 [01;36m[KR[m[K; /**< \deprecated see stereo_transform, Rotation on its own (using Rodrigues' transformation) of the right sensor. The left is considered as the reference. Defined as 'tilt', 'convergence' and 'roll'. Using a \ref Rotation, you can use \ref Rotation::setRotationVector(R) to convert into other representations.*/
[8.762s]                                                                                 [01;36m[K^[m[K
[8.762s] [01m[K/usr/local/zed/include/sl/Camera.hpp:3121:59:[m[K [01;35m[Kwarning: [m[K‘[01m[Ksl::CalibrationParameters::T[m[K’ is deprecated: Use stereo_transform.getTranslation instead [[01;35m[K-Wdeprecated-declarations[m[K]
[8.763s]      struct /*@cond SHOWHIDDEN*/SL_CORE_EXPORT/*@endcond*/ [01;35m[KCalibrationParameters[m[K {
[8.763s]                                                            [01;35m[K^~~~~~~~~~~~~~~~~~~~~[m[K
[8.764s] [01m[K/usr/local/zed/include/sl/Camera.hpp:3130:77:[m[K [01;36m[Knote: [m[Kdeclared here
[8.764s]          SL_DEPRECATED("Use stereo_transform.getTranslation instead") float3 [01;36m[KT[m[K; /**< \deprecated see stereo_transform,  Translation between the two sensors. T.x is the distance between the two cameras (baseline) in the sl::UNIT chosen during sl::Camera::open (mm, cm, meters, inches...).*/
[8.765s]                                                                              [01;36m[K^[m[K
[8.765s] [01m[K/usr/local/zed/include/sl/Camera.hpp:3121:59:[m[K [01;35m[Kwarning: [m[K‘[01m[Ksl::CalibrationParameters::T[m[K’ is deprecated: Use stereo_transform.getTranslation instead [[01;35m[K-Wdeprecated-declarations[m[K]
[8.766s]      struct /*@cond SHOWHIDDEN*/SL_CORE_EXPORT/*@endcond*/ [01;35m[KCalibrationParameters[m[K {
[8.766s]                                                            [01;35m[K^~~~~~~~~~~~~~~~~~~~~[m[K
[8.767s] [01m[K/usr/local/zed/include/sl/Camera.hpp:3130:77:[m[K [01;36m[Knote: [m[Kdeclared here
[8.767s]          SL_DEPRECATED("Use stereo_transform.getTranslation instead") float3 [01;36m[KT[m[K; /**< \deprecated see stereo_transform,  Translation between the two sensors. T.x is the distance between the two cameras (baseline) in the sl::UNIT chosen during sl::Camera::open (mm, cm, meters, inches...).*/
[8.767s]                                                                              [01;36m[K^[m[K
[8.768s] [01m[K/usr/local/zed/include/sl/Camera.hpp:[m[K In constructor ‘[01m[Ksl::CameraConfiguration::CameraConfiguration(sl::CameraConfiguration&&)[m[K’:
[8.769s] [01m[K/usr/local/zed/include/sl/Camera.hpp:3184:12:[m[K [01;36m[Knote: [m[Ksynthesized method ‘[01m[Ksl::CalibrationParameters::CalibrationParameters(sl::CalibrationParameters&&)[m[K’ first required here 
[8.769s]      struct [01;36m[KCameraConfiguration[m[K {
[8.770s]             [01;36m[K^~~~~~~~~~~~~~~~~~~[m[K
[8.770s] [01m[K/usr/local/zed/include/sl/Camera.hpp:[m[K In constructor ‘[01m[Ksl::CameraInformation::CameraInformation(sl::CameraInformation&&)[m[K’:
[8.771s] [01m[K/usr/local/zed/include/sl/Camera.hpp:3201:12:[m[K [01;36m[Knote: [m[Ksynthesized method ‘[01m[Ksl::CameraConfiguration::CameraConfiguration(sl::CameraConfiguration&&)[m[K’ first required here 
[8.771s]      struct [01;36m[KCameraInformation[m[K {
[8.772s]             [01;36m[K^~~~~~~~~~~~~~~~~[m[K
[8.772s] [01m[K/usr/local/zed/include/sl/Camera.hpp:3201:12:[m[K [01;35m[Kwarning: [m[K‘[01m[Ksl::CameraInformation::calibration_parameters[m[K’ is deprecated: Use camera_configuration.calibration_parameters instead [[01;35m[K-Wdeprecated-declarations[m[K]
[8.773s] [01m[K/usr/local/zed/include/sl/Camera.hpp:3209:104:[m[K [01;36m[Knote: [m[Kdeclared here
[8.773s]          SL_DEPRECATED("Use camera_configuration.calibration_parameters instead") CalibrationParameters [01;36m[Kcalibration_parameters[m[K; /**< \deprecated see CameraConfiguration::calibration_parameters, Intrinsic and Extrinsic stereo parameters for rectified/undistorded images (default).*/
[8.774s]                                                                                                         [01;36m[K^~~~~~~~~~~~~~~~~~~~~~[m[K
[8.774s] [01m[K/usr/local/zed/include/sl/Camera.hpp:3201:12:[m[K [01;35m[Kwarning: [m[K‘[01m[Ksl::CameraInformation::calibration_parameters[m[K’ is deprecated: Use camera_configuration.calibration_parameters instead [[01;35m[K-Wdeprecated-declarations[m[K]
[8.775s]      struct [01;35m[KCameraInformation[m[K {
[8.775s]             [01;35m[K^~~~~~~~~~~~~~~~~[m[K
[8.775s] [01m[K/usr/local/zed/include/sl/Camera.hpp:3209:104:[m[K [01;36m[Knote: [m[Kdeclared here
[8.776s]          SL_DEPRECATED("Use camera_configuration.calibration_parameters instead") CalibrationParameters [01;36m[Kcalibration_parameters[m[K; /**< \deprecated see CameraConfiguration::calibration_parameters, Intrinsic and Extrinsic stereo parameters for rectified/undistorded images (default).*/
[8.777s]                                                                                                         [01;36m[K^~~~~~~~~~~~~~~~~~~~~~[m[K
[8.777s] [01m[K/usr/local/zed/include/sl/Camera.hpp:3201:12:[m[K [01;35m[Kwarning: [m[K‘[01m[Ksl::CameraInformation::calibration_parameters[m[K’ is deprecated: Use camera_configuration.calibration_parameters instead [[01;35m[K-Wdeprecated-declarations[m[K]
[8.778s]      struct [01;35m[KCameraInformation[m[K {
[8.778s]             [01;35m[K^~~~~~~~~~~~~~~~~[m[K
[8.779s] [01m[K/usr/local/zed/include/sl/Camera.hpp:3209:104:[m[K [01;36m[Knote: [m[Kdeclared here
[8.779s]          SL_DEPRECATED("Use camera_configuration.calibration_parameters instead") CalibrationParameters [01;36m[Kcalibration_parameters[m[K; /**< \deprecated see CameraConfiguration::calibration_parameters, Intrinsic and Extrinsic stereo parameters for rectified/undistorded images (default).*/
[8.780s]                                                                                                         [01;36m[K^~~~~~~~~~~~~~~~~~~~~~[m[K
[8.780s] [01m[K/usr/local/zed/include/sl/Camera.hpp:3201:12:[m[K [01;35m[Kwarning: [m[K‘[01m[Ksl::CameraInformation::calibration_parameters[m[K’ is deprecated: Use camera_configuration.calibration_parameters instead [[01;35m[K-Wdeprecated-declarations[m[K]
[8.781s]      struct [01;35m[KCameraInformation[m[K {
[8.781s]             [01;35m[K^~~~~~~~~~~~~~~~~[m[K
[8.782s] [01m[K/usr/local/zed/include/sl/Camera.hpp:3209:104:[m[K [01;36m[Knote: [m[Kdeclared here
[8.782s]          SL_DEPRECATED("Use camera_configuration.calibration_parameters instead") CalibrationParameters [01;36m[Kcalibration_parameters[m[K; /**< \deprecated see CameraConfiguration::calibration_parameters, Intrinsic and Extrinsic stereo parameters for rectified/undistorded images (default).*/
[8.783s]                                                                                                         [01;36m[K^~~~~~~~~~~~~~~~~~~~~~[m[K
[8.783s] [01m[K/usr/local/zed/include/sl/Camera.hpp:3201:12:[m[K [01;35m[Kwarning: [m[K‘[01m[Ksl::CameraInformation::calibration_parameters_raw[m[K’ is deprecated: Use camera_configuration.calibration_parameters_raw instead [[01;35m[K-Wdeprecated-declarations[m[K]
[8.784s]      struct [01;35m[KCameraInformation[m[K {
[8.784s]             [01;35m[K^~~~~~~~~~~~~~~~~[m[K
[8.785s] [01m[K/usr/local/zed/include/sl/Camera.hpp:3210:108:[m[K [01;36m[Knote: [m[Kdeclared here
[8.785s]          SL_DEPRECATED("Use camera_configuration.calibration_parameters_raw instead") CalibrationParameters [01;36m[Kcalibration_parameters_raw[m[K; /**< \deprecated see CameraConfiguration::calibration_parameters_raw, Intrinsic and Extrinsic stereo parameters for original images (unrectified/distorded).*/
[8.786s]                                                                                                             [01;36m[K^~~~~~~~~~~~~~~~~~~~~~~~~~[m[K
[8.786s] [01m[K/usr/local/zed/include/sl/Camera.hpp:3201:12:[m[K [01;35m[Kwarning: [m[K‘[01m[Ksl::CameraInformation::calibration_parameters_raw[m[K’ is deprecated: Use camera_configuration.calibration_parameters_raw instead [[01;35m[K-Wdeprecated-declarations[m[K]
[8.787s]      struct [01;35m[KCameraInformation[m[K {
[8.787s]             [01;35m[K^~~~~~~~~~~~~~~~~[m[K
[8.788s] [01m[K/usr/local/zed/include/sl/Camera.hpp:3210:108:[m[K [01;36m[Knote: [m[Kdeclared here
[8.789s]          SL_DEPRECATED("Use camera_configuration.calibration_parameters_raw instead") CalibrationParameters [01;36m[Kcalibration_parameters_raw[m[K; /**< \deprecated see CameraConfiguration::calibration_parameters_raw, Intrinsic and Extrinsic stereo parameters for original images (unrectified/distorded).*/
[8.789s]                                                                                                             [01;36m[K^~~~~~~~~~~~~~~~~~~~~~~~~~[m[K
[8.790s] [01m[K/usr/local/zed/include/sl/Camera.hpp:3201:12:[m[K [01;35m[Kwarning: [m[K‘[01m[Ksl::CameraInformation::calibration_parameters_raw[m[K’ is deprecated: Use camera_configuration.calibration_parameters_raw instead [[01;35m[K-Wdeprecated-declarations[m[K]
[8.790s]      struct [01;35m[KCameraInformation[m[K {
[8.791s]             [01;35m[K^~~~~~~~~~~~~~~~~[m[K
[8.791s] [01m[K/usr/local/zed/include/sl/Camera.hpp:3210:108:[m[K [01;36m[Knote: [m[Kdeclared here
[8.792s]          SL_DEPRECATED("Use camera_configuration.calibration_parameters_raw instead") CalibrationParameters [01;36m[Kcalibration_parameters_raw[m[K; /**< \deprecated see CameraConfiguration::calibration_parameters_raw, Intrinsic and Extrinsic stereo parameters for original images (unrectified/distorded).*/
[8.792s]                                                                                                             [01;36m[K^~~~~~~~~~~~~~~~~~~~~~~~~~[m[K
[8.793s] [01m[K/usr/local/zed/include/sl/Camera.hpp:3201:12:[m[K [01;35m[Kwarning: [m[K‘[01m[Ksl::CameraInformation::calibration_parameters_raw[m[K’ is deprecated: Use camera_configuration.calibration_parameters_raw instead [[01;35m[K-Wdeprecated-declarations[m[K]
[8.793s]      struct [01;35m[KCameraInformation[m[K {
[8.794s]             [01;35m[K^~~~~~~~~~~~~~~~~[m[K
[8.794s] [01m[K/usr/local/zed/include/sl/Camera.hpp:3210:108:[m[K [01;36m[Knote: [m[Kdeclared here
[8.795s]          SL_DEPRECATED("Use camera_configuration.calibration_parameters_raw instead") CalibrationParameters [01;36m[Kcalibration_parameters_raw[m[K; /**< \deprecated see CameraConfiguration::calibration_parameters_raw, Intrinsic and Extrinsic stereo parameters for original images (unrectified/distorded).*/
[8.795s]                                                                                                             [01;36m[K^~~~~~~~~~~~~~~~~~~~~~~~~~[m[K
[8.796s] [01m[K/usr/local/zed/include/sl/Camera.hpp:3201:12:[m[K [01;35m[Kwarning: [m[K‘[01m[Ksl::CameraInformation::camera_imu_transform[m[K’ is deprecated: Use sensors_configuration.camera_imu_transform instead [[01;35m[K-Wdeprecated-declarations[m[K]
[8.796s]      struct [01;35m[KCameraInformation[m[K {
[8.797s]             [01;35m[K^~~~~~~~~~~~~~~~~[m[K
[8.797s] [01m[K/usr/local/zed/include/sl/Camera.hpp:3211:95:[m[K [01;36m[Knote: [m[Kdeclared here
[8.798s]          SL_DEPRECATED("Use sensors_configuration.camera_imu_transform instead") sl::Transform [01;36m[Kcamera_imu_transform[m[K; /**< \deprecated see SensorsConfiguration::camera_imu_transform, IMU to Left camera transform matrix, that contains rotation and translation between IMU frame and camera frame.*/
[8.798s]                                                                                                [01;36m[K^~~~~~~~~~~~~~~~~~~~[m[K
[8.799s] [01m[K/usr/local/zed/include/sl/Camera.hpp:3201:12:[m[K [01;35m[Kwarning: [m[K‘[01m[Ksl::CameraInformation::camera_imu_transform[m[K’ is deprecated: Use sensors_configuration.camera_imu_transform instead [[01;35m[K-Wdeprecated-declarations[m[K]
[8.799s]      struct [01;35m[KCameraInformation[m[K {
[8.800s]             [01;35m[K^~~~~~~~~~~~~~~~~[m[K
[8.800s] [01m[K/usr/local/zed/include/sl/Camera.hpp:3211:95:[m[K [01;36m[Knote: [m[Kdeclared here
[8.801s]          SL_DEPRECATED("Use sensors_configuration.camera_imu_transform instead") sl::Transform [01;36m[Kcamera_imu_transform[m[K; /**< \deprecated see SensorsConfiguration::camera_imu_transform, IMU to Left camera transform matrix, that contains rotation and translation between IMU frame and camera frame.*/
[8.802s]                                                                                                [01;36m[K^~~~~~~~~~~~~~~~~~~~[m[K
[8.802s] [01m[K/usr/local/zed/include/sl/Camera.hpp:3201:12:[m[K [01;35m[Kwarning: [m[K‘[01m[Ksl::CameraInformation::camera_imu_transform[m[K’ is deprecated: Use sensors_configuration.camera_imu_transform instead [[01;35m[K-Wdeprecated-declarations[m[K]
[8.803s]      struct [01;35m[KCameraInformation[m[K {
[8.803s]             [01;35m[K^~~~~~~~~~~~~~~~~[m[K
[8.803s] [01m[K/usr/local/zed/include/sl/Camera.hpp:3211:95:[m[K [01;36m[Knote: [m[Kdeclared here
[8.804s]          SL_DEPRECATED("Use sensors_configuration.camera_imu_transform instead") sl::Transform [01;36m[Kcamera_imu_transform[m[K; /**< \deprecated see SensorsConfiguration::camera_imu_transform, IMU to Left camera transform matrix, that contains rotation and translation between IMU frame and camera frame.*/
[8.805s]                                                                                                [01;36m[K^~~~~~~~~~~~~~~~~~~~[m[K
[8.805s] [01m[K/usr/local/zed/include/sl/Camera.hpp:3201:12:[m[K [01;35m[Kwarning: [m[K‘[01m[Ksl::CameraInformation::camera_imu_transform[m[K’ is deprecated: Use sensors_configuration.camera_imu_transform instead [[01;35m[K-Wdeprecated-declarations[m[K]
[8.806s]      struct [01;35m[KCameraInformation[m[K {
[8.806s]             [01;35m[K^~~~~~~~~~~~~~~~~[m[K
[8.806s] [01m[K/usr/local/zed/include/sl/Camera.hpp:3211:95:[m[K [01;36m[Knote: [m[Kdeclared here
[8.807s]          SL_DEPRECATED("Use sensors_configuration.camera_imu_transform instead") sl::Transform [01;36m[Kcamera_imu_transform[m[K; /**< \deprecated see SensorsConfiguration::camera_imu_transform, IMU to Left camera transform matrix, that contains rotation and translation between IMU frame and camera frame.*/
[8.807s]                                                                                                [01;36m[K^~~~~~~~~~~~~~~~~~~~[m[K
[8.808s] [01m[K/usr/local/zed/include/sl/Camera.hpp:3201:12:[m[K [01;35m[Kwarning: [m[K‘[01m[Ksl::CameraInformation::camera_firmware_version[m[K’ is deprecated: Use camera_configuration.firmware_version instead [[01;35m[K-Wdeprecated-declarations[m[K]
[8.808s]      struct [01;35m[KCameraInformation[m[K {
[8.809s]             [01;35m[K^~~~~~~~~~~~~~~~~[m[K
[8.809s] [01m[K/usr/local/zed/include/sl/Camera.hpp:3212:115:[m[K [01;36m[Knote: [m[Kdeclared here
[8.810s]          SL_DEPRECATED("Use camera_configuration.firmware_version instead") unsigned int camera_firmware_version = [01;36m[K0[m[K; /**< \deprecated CameraConfiguration::firmware_version, Firmware version of the camera.*/
[8.810s]                                                                                                                    [01;36m[K^[m[K
[8.811s] [01m[K/usr/local/zed/include/sl/Camera.hpp:3201:12:[m[K [01;35m[Kwarning: [m[K‘[01m[Ksl::CameraInformation::camera_firmware_version[m[K’ is deprecated: Use camera_configuration.firmware_version instead [[01;35m[K-Wdeprecated-declarations[m[K]
[8.811s]      struct [01;35m[KCameraInformation[m[K {
[8.812s]             [01;35m[K^~~~~~~~~~~~~~~~~[m[K
[8.812s] [01m[K/usr/local/zed/include/sl/Camera.hpp:3212:115:[m[K [01;36m[Knote: [m[Kdeclared here
[8.813s]          SL_DEPRECATED("Use camera_configuration.firmware_version instead") unsigned int camera_firmware_version = [01;36m[K0[m[K; /**< \deprecated CameraConfiguration::firmware_version, Firmware version of the camera.*/
[8.813s]                                                                                                                    [01;36m[K^[m[K
[8.814s] [01m[K/usr/local/zed/include/sl/Camera.hpp:3201:12:[m[K [01;35m[Kwarning: [m[K‘[01m[Ksl::CameraInformation::sensors_firmware_version[m[K’ is deprecated: Use sensors_configuration.firmware_version instead [[01;35m[K-Wdeprecated-declarations[m[K]
[8.814s]      struct [01;35m[KCameraInformation[m[K {
[8.815s]             [01;35m[K^~~~~~~~~~~~~~~~~[m[K
[8.815s] [01m[K/usr/local/zed/include/sl/Camera.hpp:3213:117:[m[K [01;36m[Knote: [m[Kdeclared here
[8.816s]          SL_DEPRECATED("Use sensors_configuration.firmware_version instead") unsigned int sensors_firmware_version = [01;36m[K0[m[K; /**< \deprecated see SensorsConfiguration::firmware_version, Firmware version of the sensors of ZED-M or ZED2.*/
[8.816s]                                                                                                                      [01;36m[K^[m[K
[8.817s] [01m[K/usr/local/zed/include/sl/Camera.hpp:3201:12:[m[K [01;35m[Kwarning: [m[K‘[01m[Ksl::CameraInformation::sensors_firmware_version[m[K’ is deprecated: Use sensors_configuration.firmware_version instead [[01;35m[K-Wdeprecated-declarations[m[K]
[8.817s]      struct [01;35m[KCameraInformation[m[K {
[8.818s]             [01;35m[K^~~~~~~~~~~~~~~~~[m[K
[8.818s] [01m[K/usr/local/zed/include/sl/Camera.hpp:3213:117:[m[K [01;36m[Knote: [m[Kdeclared here
[8.819s]          SL_DEPRECATED("Use sensors_configuration.firmware_version instead") unsigned int sensors_firmware_version = [01;36m[K0[m[K; /**< \deprecated see SensorsConfiguration::firmware_version, Firmware version of the sensors of ZED-M or ZED2.*/
[8.819s]                                                                                                                      [01;36m[K^[m[K
[8.820s] [01m[K/usr/local/zed/include/sl/Camera.hpp:3201:12:[m[K [01;35m[Kwarning: [m[K‘[01m[Ksl::CameraInformation::camera_fps[m[K’ is deprecated: Use camera_configuration.fps instead [[01;35m[K-Wdeprecated-declarations[m[K]
[8.820s]      struct [01;35m[KCameraInformation[m[K {
[8.821s]             [01;35m[K^~~~~~~~~~~~~~~~~[m[K
[8.821s] [01m[K/usr/local/zed/include/sl/Camera.hpp:3214:82:[m[K [01;36m[Knote: [m[Kdeclared here
[8.822s]          SL_DEPRECATED("Use camera_configuration.fps instead") float camera_fps = [01;36m[K0[m[K; /**< \deprecated see CameraConfiguration::fps, camera frame rate. */
[8.822s]                                                                                   [01;36m[K^[m[K
[8.823s] [01m[K/usr/local/zed/include/sl/Camera.hpp:3201:12:[m[K [01;35m[Kwarning: [m[K‘[01m[Ksl::CameraInformation::camera_fps[m[K’ is deprecated: Use camera_configuration.fps instead [[01;35m[K-Wdeprecated-declarations[m[K]
[8.823s]      struct [01;35m[KCameraInformation[m[K {
[8.824s]             [01;35m[K^~~~~~~~~~~~~~~~~[m[K
[8.824s] [01m[K/usr/local/zed/include/sl/Camera.hpp:3214:82:[m[K [01;36m[Knote: [m[Kdeclared here
[8.825s]          SL_DEPRECATED("Use camera_configuration.fps instead") float camera_fps = [01;36m[K0[m[K; /**< \deprecated see CameraConfiguration::fps, camera frame rate. */
[8.825s]                                                                                   [01;36m[K^[m[K
[8.826s] [01m[K/usr/local/zed/include/sl/Camera.hpp:3201:12:[m[K [01;35m[Kwarning: [m[K‘[01m[Ksl::CameraInformation::camera_resolution[m[K’ is deprecated: Use camera_configuration.resolution instead [[01;35m[K-Wdeprecated-declarations[m[K]
[8.826s]      struct [01;35m[KCameraInformation[m[K {
[8.827s]             [01;35m[K^~~~~~~~~~~~~~~~~[m[K
[8.827s] [01m[K/usr/local/zed/include/sl/Camera.hpp:3215:81:[m[K [01;36m[Knote: [m[Kdeclared here
[8.828s]          SL_DEPRECATED("Use camera_configuration.resolution instead") Resolution [01;36m[Kcamera_resolution[m[K; /**< \deprecated see CameraConfiguration::resolution, camera resolution. */
[8.828s]                                                                                  [01;36m[K^~~~~~~~~~~~~~~~~[m[K
[8.829s] [01m[K/usr/local/zed/include/sl/Camera.hpp:3201:12:[m[K [01;35m[Kwarning: [m[K‘[01m[Ksl::CameraInformation::camera_resolution[m[K’ is deprecated: Use camera_configuration.resolution instead [[01;35m[K-Wdeprecated-declarations[m[K]
[8.829s]      struct [01;35m[KCameraInformation[m[K {
[8.830s]             [01;35m[K^~~~~~~~~~~~~~~~~[m[K
[8.830s] [01m[K/usr/local/zed/include/sl/Camera.hpp:3215:81:[m[K [01;36m[Knote: [m[Kdeclared here
[8.831s]          SL_DEPRECATED("Use camera_configuration.resolution instead") Resolution [01;36m[Kcamera_resolution[m[K; /**< \deprecated see CameraConfiguration::resolution, camera resolution. */
[8.831s]                                                                                  [01;36m[K^~~~~~~~~~~~~~~~~[m[K
[8.832s] [01m[K/home/team/SoftwareDevelopment/ROS2/skinny/src/zed_tracking/src/zed_tracking_node.cpp:[m[K In function ‘[01m[Kint main(int, char**)[m[K’:
[8.833s] [01m[K/home/team/SoftwareDevelopment/ROS2/skinny/src/zed_tracking/src/zed_tracking_node.cpp:48:48:[m[K [01;36m[Knote: [m[Ksynthesized method ‘[01m[Ksl::CameraInformation::CameraInformation(sl::CameraInformation&&)[m[K’ first required here 
[8.833s]      auto cameraInfo = zed.getCameraInformation([01;36m[K)[m[K;
[8.834s] 
[8.834s]                                                 [01;36m[K^[m[K
[8.835s] [01m[K/home/team/SoftwareDevelopment/ROS2/skinny/src/zed_tracking/src/zed_tracking_node.cpp:49:44:[m[K [01;35m[Kwarning: [m[K‘[01m[Ksl::CameraInformation::camera_resolution[m[K’ is deprecated: Use camera_configuration.resolution instead [[01;35m[K-Wdeprecated-declarations[m[K]
[8.835s]      sl::Resolution image_size = cameraInfo.[01;35m[Kcamera_resolution[m[K;
[8.836s] 
[8.836s]                                             [01;35m[K^~~~~~~~~~~~~~~~~[m[K
[8.837s] In file included from [01m[K/home/team/SoftwareDevelopment/ROS2/skinny/src/zed_tracking/src/zed_tracking_node.cpp:4:0[m[K:
[8.837s] [01m[K/usr/local/zed/include/sl/Camera.hpp:3215:81:[m[K [01;36m[Knote: [m[Kdeclared here
[8.838s]          SL_DEPRECATED("Use camera_configuration.resolution instead") Resolution [01;36m[Kcamera_resolution[m[K; /**< \deprecated see CameraConfiguration::resolution, camera resolution. */
[8.838s]                                                                                  [01;36m[K^~~~~~~~~~~~~~~~~[m[K
[8.839s] [01m[K/home/team/SoftwareDevelopment/ROS2/skinny/src/zed_tracking/src/zed_tracking_node.cpp:49:44:[m[K [01;35m[Kwarning: [m[K‘[01m[Ksl::CameraInformation::camera_resolution[m[K’ is deprecated: Use camera_configuration.resolution instead [[01;35m[K-Wdeprecated-declarations[m[K]
[8.839s]      sl::Resolution image_size = cameraInfo.[01;35m[Kcamera_resolution[m[K;
[8.840s] 
[8.840s]                                             [01;35m[K^~~~~~~~~~~~~~~~~[m[K
[8.841s] In file included from [01m[K/home/team/SoftwareDevelopment/ROS2/skinny/src/zed_tracking/src/zed_tracking_node.cpp:4:0[m[K:
[8.841s] [01m[K/usr/local/zed/include/sl/Camera.hpp:3215:81:[m[K [01;36m[Knote: [m[Kdeclared here
[8.842s]          SL_DEPRECATED("Use camera_configuration.resolution instead") Resolution [01;36m[Kcamera_resolution[m[K; /**< \deprecated see CameraConfiguration::resolution, camera resolution. */
[8.842s]                                                                                  [01;36m[K^~~~~~~~~~~~~~~~~[m[K
[8.843s] [01m[K/home/team/SoftwareDevelopment/ROS2/skinny/src/zed_tracking/src/zed_tracking_node.cpp:49:44:[m[K [01;35m[Kwarning: [m[K‘[01m[Ksl::CameraInformation::camera_resolution[m[K’ is deprecated: Use camera_configuration.resolution instead [[01;35m[K-Wdeprecated-declarations[m[K]
[8.843s]      sl::Resolution image_size = cameraInfo.[01;35m[Kcamera_resolution[m[K;
[8.844s] 
[8.844s]                                             [01;35m[K^~~~~~~~~~~~~~~~~[m[K
[8.845s] In file included from [01m[K/home/team/SoftwareDevelopment/ROS2/skinny/src/zed_tracking/src/zed_tracking_node.cpp:4:0[m[K:
[8.845s] [01m[K/usr/local/zed/include/sl/Camera.hpp:3215:81:[m[K [01;36m[Knote: [m[Kdeclared here
[8.846s]          SL_DEPRECATED("Use camera_configuration.resolution instead") Resolution [01;36m[Kcamera_resolution[m[K; /**< \deprecated see CameraConfiguration::resolution, camera resolution. */
[8.846s]                                                                                  [01;36m[K^~~~~~~~~~~~~~~~~[m[K
[8.847s] [01m[K/home/team/SoftwareDevelopment/ROS2/skinny/src/zed_tracking/src/zed_tracking_node.cpp:50:5:[m[K [01;31m[Kerror: [m[K‘[01m[KMat[m[K’ was not declared in this scope
[8.847s]      [01;31m[KMat[m[K image_zed(image_size, MAT_TYPE::U8_C4);
[8.848s] 
[8.848s]      [01;31m[K^~~[m[K
[8.849s] [01m[K/home/team/SoftwareDevelopment/ROS2/skinny/src/zed_tracking/src/zed_tracking_node.cpp:50:5:[m[K [01;36m[Knote: [m[Ksuggested alternatives:
[8.849s] In file included from [01m[K/home/team/SoftwareDevelopment/ROS2/skinny/src/zed_tracking/src/zed_tracking_node.cpp:4:0[m[K:
[8.850s] [01m[K/usr/local/zed/include/sl/Camera.hpp:2212:58:[m[K [01;36m[Knote: [m[K  ‘[01m[Ksl::Mat[m[K’
[8.850s]      class /*@cond SHOWHIDDEN*/SL_CORE_EXPORT/*@endcond*/ [01;36m[KMat[m[K {
[8.851s]                                                           [01;36m[K^~~[m[K
[8.851s] In file included from [01m[K/usr/include/opencv2/core.hpp:59:0[m[K,
[8.852s]                  from [01m[K/home/team/SoftwareDevelopment/ROS2/skinny/src/zed_tracking/include/aruco.hpp:42[m[K,
[8.852s]                  from [01m[K/home/team/SoftwareDevelopment/ROS2/skinny/src/zed_tracking/src/zed_tracking_node.cpp:5[m[K:
[8.853s] [01m[K/usr/include/opencv2/core/mat.hpp:776:18:[m[K [01;36m[Knote: [m[K  ‘[01m[Kcv::Mat[m[K’
[8.853s]  class CV_EXPORTS [01;36m[KMat[m[K
[8.854s]                   [01;36m[K^~~[m[K
[8.854s] [01m[K/home/team/SoftwareDevelopment/ROS2/skinny/src/zed_tracking/src/zed_tracking_node.cpp:51:33:[m[K [01;31m[Kerror: [m[K‘[01m[Kimage_zed[m[K’ was not declared in this scope
[8.855s]      cv::Mat image_ocv = cv::Mat([01;31m[Kimage_zed[m[K.getHeight(), image_zed.getWidth(), CV_8UC4, image_zed.getPtr<sl::uchar1>(MEM::CPU));
[8.855s] 
[8.856s]                                  [01;31m[K^~~~~~~~~[m[K
[8.856s] [01m[K/home/team/SoftwareDevelopment/ROS2/skinny/src/zed_tracking/src/zed_tracking_node.cpp:51:33:[m[K [01;36m[Knote: [m[Ksuggested alternative: ‘[01m[Kimage_ocv[m[K’
[8.857s]      cv::Mat image_ocv = cv::Mat([01;36m[Kimage_zed[m[K.getHeight(), image_zed.getWidth(), CV_8UC4, image_zed.getPtr<sl::uchar1>(MEM::CPU));
[8.857s] 
[8.858s]                                  [01;36m[K^~~~~~~~~[m[K
[8.858s]                                  [32m[Kimage_ocv[m[K
[8.859s] [01m[K/home/team/SoftwareDevelopment/ROS2/skinny/src/zed_tracking/src/zed_tracking_node.cpp:51:116:[m[K [01;31m[Kerror: [m[K‘[01m[KMEM[m[K’ was not declared in this scope
[8.859s]      cv::Mat image_ocv = cv::Mat(image_zed.getHeight(), image_zed.getWidth(), CV_8UC4, image_zed.getPtr<sl::uchar1>([01;31m[KMEM[m[K::CPU));
[8.860s] 
[8.860s]                                                                                                                     [01;31m[K^~~[m[K
[8.861s] [01m[K/home/team/SoftwareDevelopment/ROS2/skinny/src/zed_tracking/src/zed_tracking_node.cpp:51:116:[m[K [01;36m[Knote: [m[Ksuggested alternative:
[8.861s] In file included from [01m[K/home/team/SoftwareDevelopment/ROS2/skinny/src/zed_tracking/src/zed_tracking_node.cpp:4:0[m[K:
[8.862s] [01m[K/usr/local/zed/include/sl/Camera.hpp:2139:16:[m[K [01;36m[Knote: [m[K  ‘[01m[Ksl::MEM[m[K’
[8.862s]      enum class [01;36m[KMEM[m[K {
[8.863s]                 [01;36m[K^~~[m[K
[8.863s] [01m[K/home/team/SoftwareDevelopment/ROS2/skinny/src/zed_tracking/src/zed_tracking_node.cpp:51:32:[m[K [01;31m[Kerror: [m[Kexpected primary-expression before ‘[01m[K([m[K’ token
[8.864s]      cv::Mat image_ocv = cv::Mat[01;31m[K([m[Kimage_zed.getHeight(), image_zed.getWidth(), CV_8UC4, image_zed.getPtr<sl::uchar1>(MEM::CPU));
[8.864s] 
[8.865s]                                 [01;31m[K^[m[K
[8.865s] [01m[K/home/team/SoftwareDevelopment/ROS2/skinny/src/zed_tracking/src/zed_tracking_node.cpp:51:114:[m[K [01;31m[Kerror: [m[Kexpected primary-expression before ‘[01m[K>[m[K’ token
[8.866s]      cv::Mat image_ocv = cv::Mat(image_zed.getHeight(), image_zed.getWidth(), CV_8UC4, image_zed.getPtr<sl::uchar1[01;31m[K>[m[K(MEM::CPU));
[8.866s] 
[8.867s]                                                                                                                   [01;31m[K^[m[K
[8.867s] [01m[K/home/team/SoftwareDevelopment/ROS2/skinny/src/zed_tracking/src/zed_tracking_node.cpp:51:116:[m[K [01;31m[Kerror: [m[K‘[01m[KMEM[m[K’ is not a class, namespace, or enumeration
[8.868s]      cv::Mat image_ocv = cv::Mat(image_zed.getHeight(), image_zed.getWidth(), CV_8UC4, image_zed.getPtr<sl::uchar1>([01;31m[KMEM[m[K::CPU));
[8.868s] 
[8.869s]                                                                                                                     [01;31m[K^~~[m[K
[8.869s] [01m[K/home/team/SoftwareDevelopment/ROS2/skinny/src/zed_tracking/src/zed_tracking_node.cpp:54:33:[m[K [01;35m[Kwarning: [m[K‘[01m[Ksl::CameraInformation::calibration_parameters[m[K’ is deprecated: Use camera_configuration.calibration_parameters instead [[01;35m[K-Wdeprecated-declarations[m[K]
[8.870s]      auto calibInfo = cameraInfo.[01;35m[Kcalibration_parameters[m[K.left_cam;
[8.870s] 
[8.871s]                                  [01;35m[K^~~~~~~~~~~~~~~~~~~~~~[m[K
[8.871s] In file included from [01m[K/home/team/SoftwareDevelopment/ROS2/skinny/src/zed_tracking/src/zed_tracking_node.cpp:4:0[m[K:
[8.872s] [01m[K/usr/local/zed/include/sl/Camera.hpp:3209:104:[m[K [01;36m[Knote: [m[Kdeclared here
[8.872s]          SL_DEPRECATED("Use camera_configuration.calibration_parameters instead") CalibrationParameters [01;36m[Kcalibration_parameters[m[K; /**< \deprecated see CameraConfiguration::calibration_parameters, Intrinsic and Extrinsic stereo parameters for rectified/undistorded images (default).*/
[8.873s]                                                                                                         [01;36m[K^~~~~~~~~~~~~~~~~~~~~~[m[K
[8.873s] [01m[K/home/team/SoftwareDevelopment/ROS2/skinny/src/zed_tracking/src/zed_tracking_node.cpp:54:33:[m[K [01;35m[Kwarning: [m[K‘[01m[Ksl::CameraInformation::calibration_parameters[m[K’ is deprecated: Use camera_configuration.calibration_parameters instead [[01;35m[K-Wdeprecated-declarations[m[K]
[8.874s]      auto calibInfo = cameraInfo.[01;35m[Kcalibration_parameters[m[K.left_cam;
[8.874s] 
[8.875s]                                  [01;35m[K^~~~~~~~~~~~~~~~~~~~~~[m[K
[8.875s] In file included from [01m[K/home/team/SoftwareDevelopment/ROS2/skinny/src/zed_tracking/src/zed_tracking_node.cpp:4:0[m[K:
[8.876s] [01m[K/usr/local/zed/include/sl/Camera.hpp:3209:104:[m[K [01;36m[Knote: [m[Kdeclared here
[8.876s]          SL_DEPRECATED("Use camera_configuration.calibration_parameters instead") CalibrationParameters [01;36m[Kcalibration_parameters[m[K; /**< \deprecated see CameraConfiguration::calibration_parameters, Intrinsic and Extrinsic stereo parameters for rectified/undistorded images (default).*/
[8.877s]                                                                                                         [01;36m[K^~~~~~~~~~~~~~~~~~~~~~[m[K
[8.877s] [01m[K/home/team/SoftwareDevelopment/ROS2/skinny/src/zed_tracking/src/zed_tracking_node.cpp:54:33:[m[K [01;35m[Kwarning: [m[K‘[01m[Ksl::CameraInformation::calibration_parameters[m[K’ is deprecated: Use camera_configuration.calibration_parameters instead [[01;35m[K-Wdeprecated-declarations[m[K]
[8.878s]      auto calibInfo = cameraInfo.[01;35m[Kcalibration_parameters[m[K.left_cam;
[8.878s] 
[8.879s]                                  [01;35m[K^~~~~~~~~~~~~~~~~~~~~~[m[K
[8.879s] In file included from [01m[K/home/team/SoftwareDevelopment/ROS2/skinny/src/zed_tracking/src/zed_tracking_node.cpp:4:0[m[K:
[8.880s] [01m[K/usr/local/zed/include/sl/Camera.hpp:3209:104:[m[K [01;36m[Knote: [m[Kdeclared here
[8.880s]          SL_DEPRECATED("Use camera_configuration.calibration_parameters instead") CalibrationParameters [01;36m[Kcalibration_parameters[m[K; /**< \deprecated see CameraConfiguration::calibration_parameters, Intrinsic and Extrinsic stereo parameters for rectified/undistorded images (default).*/
[8.881s]                                                                                                         [01;36m[K^~~~~~~~~~~~~~~~~~~~~~[m[K
[12.665s] CMakeFiles/zed_tracking_node.dir/build.make:86: recipe for target 'CMakeFiles/zed_tracking_node.dir/src/zed_tracking_node.cpp.o' failed
[12.667s] make[2]: *** [CMakeFiles/zed_tracking_node.dir/src/zed_tracking_node.cpp.o] Error 1
[12.669s] make[1]: *** [CMakeFiles/zed_tracking_node.dir/all] Error 2
[12.670s] CMakeFiles/Makefile2:131: recipe for target 'CMakeFiles/zed_tracking_node.dir/all' failed
[12.671s] Makefile:140: recipe for target 'all' failed
[12.672s] make: *** [all] Error 2
[12.683s] Invoked command in '/home/team/SoftwareDevelopment/ROS2/skinny/build/zed_tracking' returned '2': CMAKE_PREFIX_PATH=/home/team/SoftwareDevelopment/ROS2/skinny/install/messages:/home/team/SoftwareDevelopment/ROS2/skinny/install/talon:/home/team/SoftwareDevelopment/ROS2/skinny/install/power_distribution_panel:/home/team/SoftwareDevelopment/ROS2/skinny/install/logic:/home/team/SoftwareDevelopment/ROS2/skinny/install/communication:/home/team/SoftwareDevelopment/ROS2/skinny/install/excavation:/opt/ros/eloquent /usr/bin/cmake --build /home/team/SoftwareDevelopment/ROS2/skinny/build/zed_tracking -- -j4 -l4
