In file included from [01m[K/opt/ros/eloquent/include/rclcpp/service.hpp:33:0[m[K,
                 from [01m[K/opt/ros/eloquent/include/rclcpp/callback_group.hpp:25[m[K,
                 from [01m[K/opt/ros/eloquent/include/rclcpp/any_executable.hpp:20[m[K,
                 from [01m[K/opt/ros/eloquent/include/rclcpp/memory_strategy.hpp:24[m[K,
                 from [01m[K/opt/ros/eloquent/include/rclcpp/memory_strategies.hpp:18[m[K,
                 from [01m[K/opt/ros/eloquent/include/rclcpp/executor.hpp:33[m[K,
                 from [01m[K/opt/ros/eloquent/include/rclcpp/executors/multi_threaded_executor.hpp:25[m[K,
                 from [01m[K/opt/ros/eloquent/include/rclcpp/executors.hpp:21[m[K,
                 from [01m[K/opt/ros/eloquent/include/rclcpp/rclcpp.hpp:145[m[K,
                 from [01m[K/home/team/SoftwareDevelopment/ROS2/skinny/src/communication/src/communication_node.cpp:17[m[K:
[01m[K/home/team/SoftwareDevelopment/ROS2/skinny/src/communication/src/communication_node.cpp:[m[K In function ‘[01m[Kint main(int, char**)[m[K’:
[01m[K/home/team/SoftwareDevelopment/ROS2/skinny/src/communication/src/communication_node.cpp:342:17:[m[K [01;31m[Kerror: [m[K‘[01m[KnodeHandle[m[K’ was not declared in this scope
     RCLCPP_INFO([01;31m[Kn[m[KodeHandle->get_logger(),"Starting communication node");
                 [01;31m[K^[m[K
[01m[K/opt/ros/eloquent/include/rclcpp/logging.hpp:537:86:[m[K [01;36m[Knote: [m[Kin definition of macro ‘[01m[KRCLCPP_INFO[m[K’
 ame<typename std::remove_cv<typename std::remove_reference<decltype([01;36m[Klogger[m[K)>::type>::type, \
                                                                     [01;36m[K^~~~~~[m[K
[01m[K/home/team/SoftwareDevelopment/ROS2/skinny/src/communication/src/communication_node.cpp:342:17:[m[K [01;36m[Knote: [m[Ksuggested alternative: ‘[01m[Kfile_handle[m[K’
     RCLCPP_INFO([01;36m[Kn[m[KodeHandle->get_logger(),"Starting communication node");
                 [01;36m[K^[m[K
[01m[K/opt/ros/eloquent/include/rclcpp/logging.hpp:537:86:[m[K [01;36m[Knote: [m[Kin definition of macro ‘[01m[KRCLCPP_INFO[m[K’
 ame<typename std::remove_cv<typename std::remove_reference<decltype([01;36m[Klogger[m[K)>::type>::type, \
                                                                     [01;36m[K^~~~~~[m[K
[01m[K/opt/ros/eloquent/include/rclcpp/logging.hpp:537:93:[m[K [01;31m[Kerror: [m[Ktemplate argument 1 is invalid
 ename std::remove_cv<typename std::remove_reference<decltype(logger)[01;31m[K>[m[K::type>::type, \
                                                                     [01;31m[K^[m[K
[01m[K/home/team/SoftwareDevelopment/ROS2/skinny/src/communication/src/communication_node.cpp:342:5:[m[K [01;36m[Knote: [m[Kin expansion of macro ‘[01m[KRCLCPP_INFO[m[K’
     [01;36m[KRCLCPP_INFO[m[K(nodeHandle->get_logger(),"Starting communication node");
     [01;36m[K^~~~~~~~~~~[m[K
[01m[K/opt/ros/eloquent/include/rclcpp/logging.hpp:537:100:[m[K [01;31m[Kerror: [m[Ktemplate argument 1 is invalid
 std::remove_cv<typename std::remove_reference<decltype(logger)>::type[01;31m[K>[m[K::type, \
                                                                      [01;31m[K^[m[K
[01m[K/home/team/SoftwareDevelopment/ROS2/skinny/src/communication/src/communication_node.cpp:342:5:[m[K [01;36m[Knote: [m[Kin expansion of macro ‘[01m[KRCLCPP_INFO[m[K’
     [01;36m[KRCLCPP_INFO[m[K(nodeHandle->get_logger(),"Starting communication node");
     [01;36m[K^~~~~~~~~~~[m[K
[01m[K/opt/ros/eloquent/include/rclcpp/logging.hpp:538:32:[m[K [01;31m[Kerror: [m[Ktemplate argument 1 is invalid
       typename ::rclcpp::Logger[01;31m[K>[m[K::value, \
                                [01;31m[K^[m[K
[01m[K/home/team/SoftwareDevelopment/ROS2/skinny/src/communication/src/communication_node.cpp:342:5:[m[K [01;36m[Knote: [m[Kin expansion of macro ‘[01m[KRCLCPP_INFO[m[K’
     [01;36m[KRCLCPP_INFO[m[K(nodeHandle->get_logger(),"Starting communication node");
     [01;36m[K^~~~~~~~~~~[m[K
make[2]: *** [CMakeFiles/communication_node.dir/src/communication_node.cpp.o] Error 1
make[1]: *** [CMakeFiles/communication_node.dir/all] Error 2
make: *** [all] Error 2
