[0.163s] Invoking command in '/home/team/SoftwareDevelopment/ROS2/skinny/build/communication': CMAKE_PREFIX_PATH=/home/team/SoftwareDevelopment/ROS2/skinny/install/messages:/home/team/SoftwareDevelopment/ROS2/skinny/install/talon:/home/team/SoftwareDevelopment/ROS2/skinny/install/power_distribution_panel:/home/team/SoftwareDevelopment/ROS2/skinny/install/logic:/home/team/SoftwareDevelopment/ROS2/skinny/install/communication:/opt/ros/eloquent /usr/bin/cmake --build /home/team/SoftwareDevelopment/ROS2/skinny/build/communication -- -j4 -l4
[0.419s] [35m[1mScanning dependencies of target communication_node[0m
[0.552s] [ 50%] [32mBuilding CXX object CMakeFiles/communication_node.dir/src/communication_node.cpp.o[0m
[4.857s] In file included from [01m[K/opt/ros/eloquent/include/rclcpp/service.hpp:33:0[m[K,
[4.858s]                  from [01m[K/opt/ros/eloquent/include/rclcpp/callback_group.hpp:25[m[K,
[4.858s]                  from [01m[K/opt/ros/eloquent/include/rclcpp/any_executable.hpp:20[m[K,
[4.859s]                  from [01m[K/opt/ros/eloquent/include/rclcpp/memory_strategy.hpp:24[m[K,
[4.860s]                  from [01m[K/opt/ros/eloquent/include/rclcpp/memory_strategies.hpp:18[m[K,
[4.860s]                  from [01m[K/opt/ros/eloquent/include/rclcpp/executor.hpp:33[m[K,
[4.861s]                  from [01m[K/opt/ros/eloquent/include/rclcpp/executors/multi_threaded_executor.hpp:25[m[K,
[4.861s]                  from [01m[K/opt/ros/eloquent/include/rclcpp/executors.hpp:21[m[K,
[4.863s]                  from [01m[K/opt/ros/eloquent/include/rclcpp/rclcpp.hpp:145[m[K,
[4.863s]                  from [01m[K/home/team/SoftwareDevelopment/ROS2/skinny/src/communication/src/communication_node.cpp:17[m[K:
[4.864s] [01m[K/home/team/SoftwareDevelopment/ROS2/skinny/src/communication/src/communication_node.cpp:[m[K In function ‘[01m[Kint main(int, char**)[m[K’:
[4.864s] [01m[K/home/team/SoftwareDevelopment/ROS2/skinny/src/communication/src/communication_node.cpp:342:17:[m[K [01;31m[Kerror: [m[K‘[01m[KnodeHandle[m[K’ was not declared in this scope
[4.865s]      RCLCPP_INFO([01;31m[Kn[m[KodeHandle->get_logger(),"Starting communication node");
[4.865s]                  [01;31m[K^[m[K
[4.866s] [01m[K/opt/ros/eloquent/include/rclcpp/logging.hpp:537:86:[m[K [01;36m[Knote: [m[Kin definition of macro ‘[01m[KRCLCPP_INFO[m[K’
[4.867s]  ame<typename std::remove_cv<typename std::remove_reference<decltype([01;36m[Klogger[m[K)>::type>::type, \
[4.867s]                                                                      [01;36m[K^~~~~~[m[K
[4.868s] [01m[K/home/team/SoftwareDevelopment/ROS2/skinny/src/communication/src/communication_node.cpp:342:17:[m[K [01;36m[Knote: [m[Ksuggested alternative: ‘[01m[Kfile_handle[m[K’
[4.869s]      RCLCPP_INFO([01;36m[Kn[m[KodeHandle->get_logger(),"Starting communication node");
[4.869s]                  [01;36m[K^[m[K
[4.870s] [01m[K/opt/ros/eloquent/include/rclcpp/logging.hpp:537:86:[m[K [01;36m[Knote: [m[Kin definition of macro ‘[01m[KRCLCPP_INFO[m[K’
[4.871s]  ame<typename std::remove_cv<typename std::remove_reference<decltype([01;36m[Klogger[m[K)>::type>::type, \
[4.871s]                                                                      [01;36m[K^~~~~~[m[K
[4.872s] [01m[K/opt/ros/eloquent/include/rclcpp/logging.hpp:537:93:[m[K [01;31m[Kerror: [m[Ktemplate argument 1 is invalid
[4.873s]  ename std::remove_cv<typename std::remove_reference<decltype(logger)[01;31m[K>[m[K::type>::type, \
[4.873s]                                                                      [01;31m[K^[m[K
[4.874s] [01m[K/home/team/SoftwareDevelopment/ROS2/skinny/src/communication/src/communication_node.cpp:342:5:[m[K [01;36m[Knote: [m[Kin expansion of macro ‘[01m[KRCLCPP_INFO[m[K’
[4.875s]      [01;36m[KRCLCPP_INFO[m[K(nodeHandle->get_logger(),"Starting communication node");
[4.875s]      [01;36m[K^~~~~~~~~~~[m[K
[4.876s] [01m[K/opt/ros/eloquent/include/rclcpp/logging.hpp:537:100:[m[K [01;31m[Kerror: [m[Ktemplate argument 1 is invalid
[4.876s]  std::remove_cv<typename std::remove_reference<decltype(logger)>::type[01;31m[K>[m[K::type, \
[4.877s]                                                                       [01;31m[K^[m[K
[4.877s] [01m[K/home/team/SoftwareDevelopment/ROS2/skinny/src/communication/src/communication_node.cpp:342:5:[m[K [01;36m[Knote: [m[Kin expansion of macro ‘[01m[KRCLCPP_INFO[m[K’
[4.878s]      [01;36m[KRCLCPP_INFO[m[K(nodeHandle->get_logger(),"Starting communication node");
[4.878s]      [01;36m[K^~~~~~~~~~~[m[K
[4.879s] [01m[K/opt/ros/eloquent/include/rclcpp/logging.hpp:538:32:[m[K [01;31m[Kerror: [m[Ktemplate argument 1 is invalid
[4.879s]        typename ::rclcpp::Logger[01;31m[K>[m[K::value, \
[4.880s]                                 [01;31m[K^[m[K
[4.880s] [01m[K/home/team/SoftwareDevelopment/ROS2/skinny/src/communication/src/communication_node.cpp:342:5:[m[K [01;36m[Knote: [m[Kin expansion of macro ‘[01m[KRCLCPP_INFO[m[K’
[4.881s]      [01;36m[KRCLCPP_INFO[m[K(nodeHandle->get_logger(),"Starting communication node");
[4.881s]      [01;36m[K^~~~~~~~~~~[m[K
[15.884s] make[2]: *** [CMakeFiles/communication_node.dir/src/communication_node.cpp.o] Error 1
[15.885s] CMakeFiles/communication_node.dir/build.make:62: recipe for target 'CMakeFiles/communication_node.dir/src/communication_node.cpp.o' failed
[15.886s] CMakeFiles/Makefile2:131: recipe for target 'CMakeFiles/communication_node.dir/all' failed
[15.886s] make[1]: *** [CMakeFiles/communication_node.dir/all] Error 2
[15.887s] make: *** [all] Error 2
[15.888s] Makefile:140: recipe for target 'all' failed
[15.899s] Invoked command in '/home/team/SoftwareDevelopment/ROS2/skinny/build/communication' returned '2': CMAKE_PREFIX_PATH=/home/team/SoftwareDevelopment/ROS2/skinny/install/messages:/home/team/SoftwareDevelopment/ROS2/skinny/install/talon:/home/team/SoftwareDevelopment/ROS2/skinny/install/power_distribution_panel:/home/team/SoftwareDevelopment/ROS2/skinny/install/logic:/home/team/SoftwareDevelopment/ROS2/skinny/install/communication:/opt/ros/eloquent /usr/bin/cmake --build /home/team/SoftwareDevelopment/ROS2/skinny/build/communication -- -j4 -l4
