[0.150s] Invoking command in '/home/team/SoftwareDevelopment/ROS2/skinny/build/zed_tracking': CMAKE_PREFIX_PATH=/home/team/SoftwareDevelopment/ROS2/skinny/install/messages:/home/team/SoftwareDevelopment/ROS2/skinny/install/zed_tracking:/home/team/SoftwareDevelopment/ROS2/skinny/install/talon:/home/team/SoftwareDevelopment/ROS2/skinny/install/power_distribution_panel:/home/team/SoftwareDevelopment/ROS2/skinny/install/logic:/home/team/SoftwareDevelopment/ROS2/skinny/install/communication:/home/team/SoftwareDevelopment/ROS2/skinny/install/autonomy:/home/team/SoftwareDevelopment/ROS2/skinny/src/install/zed_tracking:/home/team/SoftwareDevelopment/ROS2/skinny/src/install/talon:/home/team/SoftwareDevelopment/ROS2/skinny/src/install/power_distribution_panel:/home/team/SoftwareDevelopment/ROS2/skinny/src/install/logic:/home/team/SoftwareDevelopment/ROS2/skinny/src/install/communication:/home/team/SoftwareDevelopment/ROS2/skinny/src/install/autonomy:/home/team/SoftwareDevelopment/ROS2/skinny/src/install/messages:/home/team/SoftwareDevelopment/ROS2/skinny/install/excavation:/home/team/SoftwareDevelopment/ROS2/skinny/src/install/excavation:/opt/ros/eloquent /usr/bin/cmake --build /home/team/SoftwareDevelopment/ROS2/skinny/build/zed_tracking -- -j4 -l4
[0.316s] [35m[1mScanning dependencies of target zed_tracking_node[0m
[0.435s] [ 33%] [32mBuilding CXX object CMakeFiles/zed_tracking_node.dir/src/zed_tracking_node.cpp.o[0m
[0.825s] In file included from [01m[K/home/team/SoftwareDevelopment/ROS2/skinny/src/zed_tracking/src/zed_tracking_node.cpp:4:0[m[K:
[0.825s] [01m[K/usr/local/zed/include/sl/Camera.hpp:94:2:[m[K [01;35m[Kwarning: [m[K#warning ("'Debug' builds are not supported since this library was built in 'Release', 'RelWithDebInfo' should be preferred to avoid crashes and memory issues") [[01;35m[K-Wcpp[m[K]
[0.826s]  #[01;35m[Kwarning[m[K("'Debug' builds are not supported since this library was built in 'Release', 'RelWithDebInfo' should be preferred to avoid crashes and memory issues")
[0.826s]   [01;35m[K^~~~~~~[m[K
[8.601s] In file included from [01m[K/home/team/SoftwareDevelopment/ROS2/skinny/src/zed_tracking/src/zed_tracking_node.cpp:4:0[m[K:
[8.602s] [01m[K/usr/local/zed/include/sl/Camera.hpp:[m[K In destructor ‘[01m[Ksl::CameraInformation::~CameraInformation()[m[K’:
[8.603s] [01m[K/usr/local/zed/include/sl/Camera.hpp:3201:12:[m[K [01;35m[Kwarning: [m[K‘[01m[Ksl::CameraInformation::calibration_parameters[m[K’ is deprecated: Use camera_configuration.calibration_parameters instead [[01;35m[K-Wdeprecated-declarations[m[K]
[8.603s]      struct [01;35m[KCameraInformation[m[K {
[8.604s]             [01;35m[K^~~~~~~~~~~~~~~~~[m[K
[8.605s] [01m[K/usr/local/zed/include/sl/Camera.hpp:3209:104:[m[K [01;36m[Knote: [m[Kdeclared here
[8.606s]          SL_DEPRECATED("Use camera_configuration.calibration_parameters instead") CalibrationParameters [01;36m[Kcalibration_parameters[m[K; /**< \deprecated see CameraConfiguration::calibration_parameters, Intrinsic and Extrinsic stereo parameters for rectified/undistorded images (default).*/
[8.607s]                                                                                                         [01;36m[K^~~~~~~~~~~~~~~~~~~~~~[m[K
[8.608s] [01m[K/usr/local/zed/include/sl/Camera.hpp:3201:12:[m[K [01;35m[Kwarning: [m[K‘[01m[Ksl::CameraInformation::calibration_parameters[m[K’ is deprecated: Use camera_configuration.calibration_parameters instead [[01;35m[K-Wdeprecated-declarations[m[K]
[8.608s]      struct [01;35m[KCameraInformation[m[K {
[8.609s]             [01;35m[K^~~~~~~~~~~~~~~~~[m[K
[8.610s] [01m[K/usr/local/zed/include/sl/Camera.hpp:3209:104:[m[K [01;36m[Knote: [m[Kdeclared here
[8.610s]          SL_DEPRECATED("Use camera_configuration.calibration_parameters instead") CalibrationParameters [01;36m[Kcalibration_parameters[m[K; /**< \deprecated see CameraConfiguration::calibration_parameters, Intrinsic and Extrinsic stereo parameters for rectified/undistorded images (default).*/
[8.611s]                                                                                                         [01;36m[K^~~~~~~~~~~~~~~~~~~~~~[m[K
[8.612s] [01m[K/usr/local/zed/include/sl/Camera.hpp:3201:12:[m[K [01;35m[Kwarning: [m[K‘[01m[Ksl::CameraInformation::calibration_parameters_raw[m[K’ is deprecated: Use camera_configuration.calibration_parameters_raw instead [[01;35m[K-Wdeprecated-declarations[m[K]
[8.612s]      struct [01;35m[KCameraInformation[m[K {
[8.613s]             [01;35m[K^~~~~~~~~~~~~~~~~[m[K
[8.614s] [01m[K/usr/local/zed/include/sl/Camera.hpp:3210:108:[m[K [01;36m[Knote: [m[Kdeclared here
[8.614s]        SL_DEPRECATED("Use camera_configuration.calibration_parameters_raw instead") CalibrationParameters [01;36m[Kcalibration_parameters_raw[m[K; /**< \deprecated see CameraConfiguration::calibration_parameters_raw, Intrinsic and Extrinsic stereo parameters for original images (unrectified/distorded).*/
[8.615s]                                                                                                           [01;36m[K^~~~~~~~~~~~~~~~~~~~~~~~~~[m[K
[8.616s] [01m[K/usr/local/zed/include/sl/Camera.hpp:3201:12:[m[K [01;35m[Kwarning: [m[K‘[01m[Ksl::CameraInformation::calibration_parameters_raw[m[K’ is deprecated: Use camera_configuration.calibration_parameters_raw instead [[01;35m[K-Wdeprecated-declarations[m[K]
[8.616s]      struct [01;35m[KCameraInformation[m[K {
[8.617s]             [01;35m[K^~~~~~~~~~~~~~~~~[m[K
[8.618s] [01m[K/usr/local/zed/include/sl/Camera.hpp:3210:108:[m[K [01;36m[Knote: [m[Kdeclared here
[8.619s]        SL_DEPRECATED("Use camera_configuration.calibration_parameters_raw instead") CalibrationParameters [01;36m[Kcalibration_parameters_raw[m[K; /**< \deprecated see CameraConfiguration::calibration_parameters_raw, Intrinsic and Extrinsic stereo parameters for original images (unrectified/distorded).*/
[8.619s]                                                                                                           [01;36m[K^~~~~~~~~~~~~~~~~~~~~~~~~~[m[K
[8.620s] [01m[K/usr/local/zed/include/sl/Camera.hpp:3201:12:[m[K [01;35m[Kwarning: [m[K‘[01m[Ksl::CameraInformation::camera_imu_transform[m[K’ is deprecated: Use sensors_configuration.camera_imu_transform instead [[01;35m[K-Wdeprecated-declarations[m[K]
[8.621s]      struct [01;35m[KCameraInformation[m[K {
[8.621s]             [01;35m[K^~~~~~~~~~~~~~~~~[m[K
[8.622s] [01m[K/usr/local/zed/include/sl/Camera.hpp:3211:95:[m[K [01;36m[Knote: [m[Kdeclared here
[8.623s]          SL_DEPRECATED("Use sensors_configuration.camera_imu_transform instead") sl::Transform [01;36m[Kcamera_imu_transform[m[K; /**< \deprecated see SensorsConfiguration::camera_imu_transform, IMU to Left camera transform matrix, that contains rotation and translation between IMU frame and camera frame.*/
[8.624s]                                                                                                [01;36m[K^~~~~~~~~~~~~~~~~~~~[m[K
[8.625s] [01m[K/usr/local/zed/include/sl/Camera.hpp:3201:12:[m[K [01;35m[Kwarning: [m[K‘[01m[Ksl::CameraInformation::camera_imu_transform[m[K’ is deprecated: Use sensors_configuration.camera_imu_transform instead [[01;35m[K-Wdeprecated-declarations[m[K]
[8.626s]      struct [01;35m[KCameraInformation[m[K {
[8.627s]             [01;35m[K^~~~~~~~~~~~~~~~~[m[K
[8.627s] [01m[K/usr/local/zed/include/sl/Camera.hpp:3211:95:[m[K [01;36m[Knote: [m[Kdeclared here
[8.628s]          SL_DEPRECATED("Use sensors_configuration.camera_imu_transform instead") sl::Transform [01;36m[Kcamera_imu_transform[m[K; /**< \deprecated see SensorsConfiguration::camera_imu_transform, IMU to Left camera transform matrix, that contains rotation and translation between IMU frame and camera frame.*/
[8.628s]                                                                                                [01;36m[K^~~~~~~~~~~~~~~~~~~~[m[K
[8.629s] [01m[K/home/team/SoftwareDevelopment/ROS2/skinny/src/zed_tracking/src/zed_tracking_node.cpp:[m[K In function ‘[01m[Kint main(int, char**)[m[K’:
[8.629s] [01m[K/home/team/SoftwareDevelopment/ROS2/skinny/src/zed_tracking/src/zed_tracking_node.cpp:50:48:[m[K [01;36m[Knote: [m[Ksynthesized method ‘[01m[Ksl::CameraInformation::~CameraInformation()[m[K’ first required here 
[8.630s]      auto cameraInfo = zed.getCameraInformation([01;36m[K)[m[K;
[8.630s] 
[8.631s]                                                 [01;36m[K^[m[K
[8.631s] In file included from [01m[K/home/team/SoftwareDevelopment/ROS2/skinny/src/zed_tracking/src/zed_tracking_node.cpp:4:0[m[K:
[8.632s] [01m[K/usr/local/zed/include/sl/Camera.hpp:[m[K In constructor ‘[01m[Ksl::CalibrationParameters::CalibrationParameters(sl::CalibrationParameters&&)[m[K’:
[8.632s] [01m[K/usr/local/zed/include/sl/Camera.hpp:3121:59:[m[K [01;35m[Kwarning: [m[K‘[01m[Ksl::CalibrationParameters::R[m[K’ is deprecated: Use stereo_transform.getRotationMatrix instead [[01;35m[K-Wdeprecated-declarations[m[K]
[8.633s]      struct /*@cond SHOWHIDDEN*/SL_CORE_EXPORT/*@endcond*/ [01;35m[KCalibrationParameters[m[K {
[8.633s]                                                            [01;35m[K^~~~~~~~~~~~~~~~~~~~~[m[K
[8.634s] [01m[K/usr/local/zed/include/sl/Camera.hpp:3129:80:[m[K [01;36m[Knote: [m[Kdeclared here
[8.634s]          SL_DEPRECATED("Use stereo_transform.getRotationMatrix instead") float3 [01;36m[KR[m[K; /**< \deprecated see stereo_transform, Rotation on its own (using Rodrigues' transformation) of the right sensor. The left is considered as the reference. Defined as 'tilt', 'convergence' and 'roll'. Using a \ref Rotation, you can use \ref Rotation::setRotationVector(R) to convert into other representations.*/
[8.635s]                                                                                 [01;36m[K^[m[K
[8.635s] [01m[K/usr/local/zed/include/sl/Camera.hpp:3121:59:[m[K [01;35m[Kwarning: [m[K‘[01m[Ksl::CalibrationParameters::R[m[K’ is deprecated: Use stereo_transform.getRotationMatrix instead [[01;35m[K-Wdeprecated-declarations[m[K]
[8.636s]      struct /*@cond SHOWHIDDEN*/SL_CORE_EXPORT/*@endcond*/ [01;35m[KCalibrationParameters[m[K {
[8.636s]                                                            [01;35m[K^~~~~~~~~~~~~~~~~~~~~[m[K
[8.637s] [01m[K/usr/local/zed/include/sl/Camera.hpp:3129:80:[m[K [01;36m[Knote: [m[Kdeclared here
[8.637s]          SL_DEPRECATED("Use stereo_transform.getRotationMatrix instead") float3 [01;36m[KR[m[K; /**< \deprecated see stereo_transform, Rotation on its own (using Rodrigues' transformation) of the right sensor. The left is considered as the reference. Defined as 'tilt', 'convergence' and 'roll'. Using a \ref Rotation, you can use \ref Rotation::setRotationVector(R) to convert into other representations.*/
[8.638s]                                                                                 [01;36m[K^[m[K
[8.638s] [01m[K/usr/local/zed/include/sl/Camera.hpp:3121:59:[m[K [01;35m[Kwarning: [m[K‘[01m[Ksl::CalibrationParameters::T[m[K’ is deprecated: Use stereo_transform.getTranslation instead [[01;35m[K-Wdeprecated-declarations[m[K]
[8.639s]      struct /*@cond SHOWHIDDEN*/SL_CORE_EXPORT/*@endcond*/ [01;35m[KCalibrationParameters[m[K {
[8.639s]                                                            [01;35m[K^~~~~~~~~~~~~~~~~~~~~[m[K
[8.640s] [01m[K/usr/local/zed/include/sl/Camera.hpp:3130:77:[m[K [01;36m[Knote: [m[Kdeclared here
[8.640s]          SL_DEPRECATED("Use stereo_transform.getTranslation instead") float3 [01;36m[KT[m[K; /**< \deprecated see stereo_transform,  Translation between the two sensors. T.x is the distance between the two cameras (baseline) in the sl::UNIT chosen during sl::Camera::open (mm, cm, meters, inches...).*/
[8.641s]                                                                              [01;36m[K^[m[K
[8.641s] [01m[K/usr/local/zed/include/sl/Camera.hpp:3121:59:[m[K [01;35m[Kwarning: [m[K‘[01m[Ksl::CalibrationParameters::T[m[K’ is deprecated: Use stereo_transform.getTranslation instead [[01;35m[K-Wdeprecated-declarations[m[K]
[8.642s]      struct /*@cond SHOWHIDDEN*/SL_CORE_EXPORT/*@endcond*/ [01;35m[KCalibrationParameters[m[K {
[8.642s]                                                            [01;35m[K^~~~~~~~~~~~~~~~~~~~~[m[K
[8.643s] [01m[K/usr/local/zed/include/sl/Camera.hpp:3130:77:[m[K [01;36m[Knote: [m[Kdeclared here
[8.643s]          SL_DEPRECATED("Use stereo_transform.getTranslation instead") float3 [01;36m[KT[m[K; /**< \deprecated see stereo_transform,  Translation between the two sensors. T.x is the distance between the two cameras (baseline) in the sl::UNIT chosen during sl::Camera::open (mm, cm, meters, inches...).*/
[8.643s]                                                                              [01;36m[K^[m[K
[8.644s] [01m[K/usr/local/zed/include/sl/Camera.hpp:[m[K In constructor ‘[01m[Ksl::CameraConfiguration::CameraConfiguration(sl::CameraConfiguration&&)[m[K’:
[8.644s] [01m[K/usr/local/zed/include/sl/Camera.hpp:3184:12:[m[K [01;36m[Knote: [m[Ksynthesized method ‘[01m[Ksl::CalibrationParameters::CalibrationParameters(sl::CalibrationParameters&&)[m[K’ first required here 
[8.645s]      struct [01;36m[KCameraConfiguration[m[K {
[8.645s]             [01;36m[K^~~~~~~~~~~~~~~~~~~[m[K
[8.646s] [01m[K/usr/local/zed/include/sl/Camera.hpp:[m[K In constructor ‘[01m[Ksl::CameraInformation::CameraInformation(sl::CameraInformation&&)[m[K’:
[8.646s] [01m[K/usr/local/zed/include/sl/Camera.hpp:3201:12:[m[K [01;36m[Knote: [m[Ksynthesized method ‘[01m[Ksl::CameraConfiguration::CameraConfiguration(sl::CameraConfiguration&&)[m[K’ first required here 
[8.647s]      struct [01;36m[KCameraInformation[m[K {
[8.647s]             [01;36m[K^~~~~~~~~~~~~~~~~[m[K
[8.648s] [01m[K/usr/local/zed/include/sl/Camera.hpp:3201:12:[m[K [01;35m[Kwarning: [m[K‘[01m[Ksl::CameraInformation::calibration_parameters[m[K’ is deprecated: Use camera_configuration.calibration_parameters instead [[01;35m[K-Wdeprecated-declarations[m[K]
[8.648s] [01m[K/usr/local/zed/include/sl/Camera.hpp:3209:104:[m[K [01;36m[Knote: [m[Kdeclared here
[8.649s]          SL_DEPRECATED("Use camera_configuration.calibration_parameters instead") CalibrationParameters [01;36m[Kcalibration_parameters[m[K; /**< \deprecated see CameraConfiguration::calibration_parameters, Intrinsic and Extrinsic stereo parameters for rectified/undistorded images (default).*/
[8.650s]                                                                                                         [01;36m[K^~~~~~~~~~~~~~~~~~~~~~[m[K
[8.650s] [01m[K/usr/local/zed/include/sl/Camera.hpp:3201:12:[m[K [01;35m[Kwarning: [m[K‘[01m[Ksl::CameraInformation::calibration_parameters[m[K’ is deprecated: Use camera_configuration.calibration_parameters instead [[01;35m[K-Wdeprecated-declarations[m[K]
[8.650s]      struct [01;35m[KCameraInformation[m[K {
[8.651s]             [01;35m[K^~~~~~~~~~~~~~~~~[m[K
[8.651s] [01m[K/usr/local/zed/include/sl/Camera.hpp:3209:104:[m[K [01;36m[Knote: [m[Kdeclared here
[8.652s]          SL_DEPRECATED("Use camera_configuration.calibration_parameters instead") CalibrationParameters [01;36m[Kcalibration_parameters[m[K; /**< \deprecated see CameraConfiguration::calibration_parameters, Intrinsic and Extrinsic stereo parameters for rectified/undistorded images (default).*/
[8.652s]                                                                                                         [01;36m[K^~~~~~~~~~~~~~~~~~~~~~[m[K
[8.653s] [01m[K/usr/local/zed/include/sl/Camera.hpp:3201:12:[m[K [01;35m[Kwarning: [m[K‘[01m[Ksl::CameraInformation::calibration_parameters[m[K’ is deprecated: Use camera_configuration.calibration_parameters instead [[01;35m[K-Wdeprecated-declarations[m[K]
[8.653s]      struct [01;35m[KCameraInformation[m[K {
[8.654s]             [01;35m[K^~~~~~~~~~~~~~~~~[m[K
[8.654s] [01m[K/usr/local/zed/include/sl/Camera.hpp:3209:104:[m[K [01;36m[Knote: [m[Kdeclared here
[8.655s]          SL_DEPRECATED("Use camera_configuration.calibration_parameters instead") CalibrationParameters [01;36m[Kcalibration_parameters[m[K; /**< \deprecated see CameraConfiguration::calibration_parameters, Intrinsic and Extrinsic stereo parameters for rectified/undistorded images (default).*/
[8.655s]                                                                                                         [01;36m[K^~~~~~~~~~~~~~~~~~~~~~[m[K
[8.656s] [01m[K/usr/local/zed/include/sl/Camera.hpp:3201:12:[m[K [01;35m[Kwarning: [m[K‘[01m[Ksl::CameraInformation::calibration_parameters[m[K’ is deprecated: Use camera_configuration.calibration_parameters instead [[01;35m[K-Wdeprecated-declarations[m[K]
[8.656s]      struct [01;35m[KCameraInformation[m[K {
[8.657s]             [01;35m[K^~~~~~~~~~~~~~~~~[m[K
[8.657s] [01m[K/usr/local/zed/include/sl/Camera.hpp:3209:104:[m[K [01;36m[Knote: [m[Kdeclared here
[8.658s]          SL_DEPRECATED("Use camera_configuration.calibration_parameters instead") CalibrationParameters [01;36m[Kcalibration_parameters[m[K; /**< \deprecated see CameraConfiguration::calibration_parameters, Intrinsic and Extrinsic stereo parameters for rectified/undistorded images (default).*/
[8.658s]                                                                                                         [01;36m[K^~~~~~~~~~~~~~~~~~~~~~[m[K
[8.659s] [01m[K/usr/local/zed/include/sl/Camera.hpp:3201:12:[m[K [01;35m[Kwarning: [m[K‘[01m[Ksl::CameraInformation::calibration_parameters_raw[m[K’ is deprecated: Use camera_configuration.calibration_parameters_raw instead [[01;35m[K-Wdeprecated-declarations[m[K]
[8.659s]      struct [01;35m[KCameraInformation[m[K {
[8.660s]             [01;35m[K^~~~~~~~~~~~~~~~~[m[K
[8.660s] [01m[K/usr/local/zed/include/sl/Camera.hpp:3210:108:[m[K [01;36m[Knote: [m[Kdeclared here
[8.661s]        SL_DEPRECATED("Use camera_configuration.calibration_parameters_raw instead") CalibrationParameters [01;36m[Kcalibration_parameters_raw[m[K; /**< \deprecated see CameraConfiguration::calibration_parameters_raw, Intrinsic and Extrinsic stereo parameters for original images (unrectified/distorded).*/
[8.661s]                                                                                                           [01;36m[K^~~~~~~~~~~~~~~~~~~~~~~~~~[m[K
[8.662s] [01m[K/usr/local/zed/include/sl/Camera.hpp:3201:12:[m[K [01;35m[Kwarning: [m[K‘[01m[Ksl::CameraInformation::calibration_parameters_raw[m[K’ is deprecated: Use camera_configuration.calibration_parameters_raw instead [[01;35m[K-Wdeprecated-declarations[m[K]
[8.662s]      struct [01;35m[KCameraInformation[m[K {
[8.663s]             [01;35m[K^~~~~~~~~~~~~~~~~[m[K
[8.663s] [01m[K/usr/local/zed/include/sl/Camera.hpp:3210:108:[m[K [01;36m[Knote: [m[Kdeclared here
[8.664s]        SL_DEPRECATED("Use camera_configuration.calibration_parameters_raw instead") CalibrationParameters [01;36m[Kcalibration_parameters_raw[m[K; /**< \deprecated see CameraConfiguration::calibration_parameters_raw, Intrinsic and Extrinsic stereo parameters for original images (unrectified/distorded).*/
[8.664s]                                                                                                           [01;36m[K^~~~~~~~~~~~~~~~~~~~~~~~~~[m[K
[8.665s] [01m[K/usr/local/zed/include/sl/Camera.hpp:3201:12:[m[K [01;35m[Kwarning: [m[K‘[01m[Ksl::CameraInformation::calibration_parameters_raw[m[K’ is deprecated: Use camera_configuration.calibration_parameters_raw instead [[01;35m[K-Wdeprecated-declarations[m[K]
[8.665s]      struct [01;35m[KCameraInformation[m[K {
[8.666s]             [01;35m[K^~~~~~~~~~~~~~~~~[m[K
[8.666s] [01m[K/usr/local/zed/include/sl/Camera.hpp:3210:108:[m[K [01;36m[Knote: [m[Kdeclared here
[8.667s]        SL_DEPRECATED("Use camera_configuration.calibration_parameters_raw instead") CalibrationParameters [01;36m[Kcalibration_parameters_raw[m[K; /**< \deprecated see CameraConfiguration::calibration_parameters_raw, Intrinsic and Extrinsic stereo parameters for original images (unrectified/distorded).*/
[8.667s]                                                                                                           [01;36m[K^~~~~~~~~~~~~~~~~~~~~~~~~~[m[K
[8.668s] [01m[K/usr/local/zed/include/sl/Camera.hpp:3201:12:[m[K [01;35m[Kwarning: [m[K‘[01m[Ksl::CameraInformation::calibration_parameters_raw[m[K’ is deprecated: Use camera_configuration.calibration_parameters_raw instead [[01;35m[K-Wdeprecated-declarations[m[K]
[8.668s]      struct [01;35m[KCameraInformation[m[K {
[8.669s]             [01;35m[K^~~~~~~~~~~~~~~~~[m[K
[8.669s] [01m[K/usr/local/zed/include/sl/Camera.hpp:3210:108:[m[K [01;36m[Knote: [m[Kdeclared here
[8.670s]        SL_DEPRECATED("Use camera_configuration.calibration_parameters_raw instead") CalibrationParameters [01;36m[Kcalibration_parameters_raw[m[K; /**< \deprecated see CameraConfiguration::calibration_parameters_raw, Intrinsic and Extrinsic stereo parameters for original images (unrectified/distorded).*/
[8.670s]                                                                                                           [01;36m[K^~~~~~~~~~~~~~~~~~~~~~~~~~[m[K
[8.671s] [01m[K/usr/local/zed/include/sl/Camera.hpp:3201:12:[m[K [01;35m[Kwarning: [m[K‘[01m[Ksl::CameraInformation::camera_imu_transform[m[K’ is deprecated: Use sensors_configuration.camera_imu_transform instead [[01;35m[K-Wdeprecated-declarations[m[K]
[8.671s]      struct [01;35m[KCameraInformation[m[K {
[8.672s]             [01;35m[K^~~~~~~~~~~~~~~~~[m[K
[8.672s] [01m[K/usr/local/zed/include/sl/Camera.hpp:3211:95:[m[K [01;36m[Knote: [m[Kdeclared here
[8.672s]          SL_DEPRECATED("Use sensors_configuration.camera_imu_transform instead") sl::Transform [01;36m[Kcamera_imu_transform[m[K; /**< \deprecated see SensorsConfiguration::camera_imu_transform, IMU to Left camera transform matrix, that contains rotation and translation between IMU frame and camera frame.*/
[8.673s]                                                                                                [01;36m[K^~~~~~~~~~~~~~~~~~~~[m[K
[8.674s] [01m[K/usr/local/zed/include/sl/Camera.hpp:3201:12:[m[K [01;35m[Kwarning: [m[K‘[01m[Ksl::CameraInformation::camera_imu_transform[m[K’ is deprecated: Use sensors_configuration.camera_imu_transform instead [[01;35m[K-Wdeprecated-declarations[m[K]
[8.674s]      struct [01;35m[KCameraInformation[m[K {
[8.674s]             [01;35m[K^~~~~~~~~~~~~~~~~[m[K
[8.675s] [01m[K/usr/local/zed/include/sl/Camera.hpp:3211:95:[m[K [01;36m[Knote: [m[Kdeclared here
[8.675s]          SL_DEPRECATED("Use sensors_configuration.camera_imu_transform instead") sl::Transform [01;36m[Kcamera_imu_transform[m[K; /**< \deprecated see SensorsConfiguration::camera_imu_transform, IMU to Left camera transform matrix, that contains rotation and translation between IMU frame and camera frame.*/
[8.676s]                                                                                                [01;36m[K^~~~~~~~~~~~~~~~~~~~[m[K
[8.676s] [01m[K/usr/local/zed/include/sl/Camera.hpp:3201:12:[m[K [01;35m[Kwarning: [m[K‘[01m[Ksl::CameraInformation::camera_imu_transform[m[K’ is deprecated: Use sensors_configuration.camera_imu_transform instead [[01;35m[K-Wdeprecated-declarations[m[K]
[8.677s]      struct [01;35m[KCameraInformation[m[K {
[8.677s]             [01;35m[K^~~~~~~~~~~~~~~~~[m[K
[8.678s] [01m[K/usr/local/zed/include/sl/Camera.hpp:3211:95:[m[K [01;36m[Knote: [m[Kdeclared here
[8.678s]          SL_DEPRECATED("Use sensors_configuration.camera_imu_transform instead") sl::Transform [01;36m[Kcamera_imu_transform[m[K; /**< \deprecated see SensorsConfiguration::camera_imu_transform, IMU to Left camera transform matrix, that contains rotation and translation between IMU frame and camera frame.*/
[8.679s]                                                                                                [01;36m[K^~~~~~~~~~~~~~~~~~~~[m[K
[8.679s] [01m[K/usr/local/zed/include/sl/Camera.hpp:3201:12:[m[K [01;35m[Kwarning: [m[K‘[01m[Ksl::CameraInformation::camera_imu_transform[m[K’ is deprecated: Use sensors_configuration.camera_imu_transform instead [[01;35m[K-Wdeprecated-declarations[m[K]
[8.680s]      struct [01;35m[KCameraInformation[m[K {
[8.680s]             [01;35m[K^~~~~~~~~~~~~~~~~[m[K
[8.681s] [01m[K/usr/local/zed/include/sl/Camera.hpp:3211:95:[m[K [01;36m[Knote: [m[Kdeclared here
[8.681s]          SL_DEPRECATED("Use sensors_configuration.camera_imu_transform instead") sl::Transform [01;36m[Kcamera_imu_transform[m[K; /**< \deprecated see SensorsConfiguration::camera_imu_transform, IMU to Left camera transform matrix, that contains rotation and translation between IMU frame and camera frame.*/
[8.682s]                                                                                                [01;36m[K^~~~~~~~~~~~~~~~~~~~[m[K
[8.682s] [01m[K/usr/local/zed/include/sl/Camera.hpp:3201:12:[m[K [01;35m[Kwarning: [m[K‘[01m[Ksl::CameraInformation::camera_firmware_version[m[K’ is deprecated: Use camera_configuration.firmware_version instead [[01;35m[K-Wdeprecated-declarations[m[K]
[8.683s]      struct [01;35m[KCameraInformation[m[K {
[8.684s]             [01;35m[K^~~~~~~~~~~~~~~~~[m[K
[8.684s] [01m[K/usr/local/zed/include/sl/Camera.hpp:3212:115:[m[K [01;36m[Knote: [m[Kdeclared here
[8.685s]  L_DEPRECATED("Use camera_configuration.firmware_version instead") unsigned int camera_firmware_version = [01;36m[K0[m[K; /**< \deprecated CameraConfiguration::firmware_version, Firmware version of the camera.*/
[8.685s]                                                                                                           [01;36m[K^[m[K
[8.686s] [01m[K/usr/local/zed/include/sl/Camera.hpp:3201:12:[m[K [01;35m[Kwarning: [m[K‘[01m[Ksl::CameraInformation::camera_firmware_version[m[K’ is deprecated: Use camera_configuration.firmware_version instead [[01;35m[K-Wdeprecated-declarations[m[K]
[8.686s]      struct [01;35m[KCameraInformation[m[K {
[8.687s]             [01;35m[K^~~~~~~~~~~~~~~~~[m[K
[8.687s] [01m[K/usr/local/zed/include/sl/Camera.hpp:3212:115:[m[K [01;36m[Knote: [m[Kdeclared here
[8.688s]  L_DEPRECATED("Use camera_configuration.firmware_version instead") unsigned int camera_firmware_version = [01;36m[K0[m[K; /**< \deprecated CameraConfiguration::firmware_version, Firmware version of the camera.*/
[8.688s]                                                                                                           [01;36m[K^[m[K
[8.689s] [01m[K/usr/local/zed/include/sl/Camera.hpp:3201:12:[m[K [01;35m[Kwarning: [m[K‘[01m[Ksl::CameraInformation::sensors_firmware_version[m[K’ is deprecated: Use sensors_configuration.firmware_version instead [[01;35m[K-Wdeprecated-declarations[m[K]
[8.689s]      struct [01;35m[KCameraInformation[m[K {
[8.690s]             [01;35m[K^~~~~~~~~~~~~~~~~[m[K
[8.690s] [01m[K/usr/local/zed/include/sl/Camera.hpp:3213:117:[m[K [01;36m[Knote: [m[Kdeclared here
[8.691s]  DEPRECATED("Use sensors_configuration.firmware_version instead") unsigned int sensors_firmware_version = [01;36m[K0[m[K; /**< \deprecated see SensorsConfiguration::firmware_version, Firmware version of the sensors of ZED-M or ZED2.*/
[8.691s]                                                                                                           [01;36m[K^[m[K
[8.692s] [01m[K/usr/local/zed/include/sl/Camera.hpp:3201:12:[m[K [01;35m[Kwarning: [m[K‘[01m[Ksl::CameraInformation::sensors_firmware_version[m[K’ is deprecated: Use sensors_configuration.firmware_version instead [[01;35m[K-Wdeprecated-declarations[m[K]
[8.692s]      struct [01;35m[KCameraInformation[m[K {
[8.693s]             [01;35m[K^~~~~~~~~~~~~~~~~[m[K
[8.693s] [01m[K/usr/local/zed/include/sl/Camera.hpp:3213:117:[m[K [01;36m[Knote: [m[Kdeclared here
[8.694s]  DEPRECATED("Use sensors_configuration.firmware_version instead") unsigned int sensors_firmware_version = [01;36m[K0[m[K; /**< \deprecated see SensorsConfiguration::firmware_version, Firmware version of the sensors of ZED-M or ZED2.*/
[8.694s]                                                                                                           [01;36m[K^[m[K
[8.695s] [01m[K/usr/local/zed/include/sl/Camera.hpp:3201:12:[m[K [01;35m[Kwarning: [m[K‘[01m[Ksl::CameraInformation::camera_fps[m[K’ is deprecated: Use camera_configuration.fps instead [[01;35m[K-Wdeprecated-declarations[m[K]
[8.695s]      struct [01;35m[KCameraInformation[m[K {
[8.696s]             [01;35m[K^~~~~~~~~~~~~~~~~[m[K
[8.696s] [01m[K/usr/local/zed/include/sl/Camera.hpp:3214:82:[m[K [01;36m[Knote: [m[Kdeclared here
[8.697s]          SL_DEPRECATED("Use camera_configuration.fps instead") float camera_fps = [01;36m[K0[m[K; /**< \deprecated see CameraConfiguration::fps, camera frame rate. */
[8.697s]                                                                                   [01;36m[K^[m[K
[8.698s] [01m[K/usr/local/zed/include/sl/Camera.hpp:3201:12:[m[K [01;35m[Kwarning: [m[K‘[01m[Ksl::CameraInformation::camera_fps[m[K’ is deprecated: Use camera_configuration.fps instead [[01;35m[K-Wdeprecated-declarations[m[K]
[8.698s]      struct [01;35m[KCameraInformation[m[K {
[8.698s]             [01;35m[K^~~~~~~~~~~~~~~~~[m[K
[8.699s] [01m[K/usr/local/zed/include/sl/Camera.hpp:3214:82:[m[K [01;36m[Knote: [m[Kdeclared here
[8.699s]          SL_DEPRECATED("Use camera_configuration.fps instead") float camera_fps = [01;36m[K0[m[K; /**< \deprecated see CameraConfiguration::fps, camera frame rate. */
[8.700s]                                                                                   [01;36m[K^[m[K
[8.700s] [01m[K/usr/local/zed/include/sl/Camera.hpp:3201:12:[m[K [01;35m[Kwarning: [m[K‘[01m[Ksl::CameraInformation::camera_resolution[m[K’ is deprecated: Use camera_configuration.resolution instead [[01;35m[K-Wdeprecated-declarations[m[K]
[8.701s]      struct [01;35m[KCameraInformation[m[K {
[8.701s]             [01;35m[K^~~~~~~~~~~~~~~~~[m[K
[8.702s] [01m[K/usr/local/zed/include/sl/Camera.hpp:3215:81:[m[K [01;36m[Knote: [m[Kdeclared here
[8.703s]          SL_DEPRECATED("Use camera_configuration.resolution instead") Resolution [01;36m[Kcamera_resolution[m[K; /**< \deprecated see CameraConfiguration::resolution, camera resolution. */
[8.703s]                                                                                  [01;36m[K^~~~~~~~~~~~~~~~~[m[K
[8.704s] [01m[K/usr/local/zed/include/sl/Camera.hpp:3201:12:[m[K [01;35m[Kwarning: [m[K‘[01m[Ksl::CameraInformation::camera_resolution[m[K’ is deprecated: Use camera_configuration.resolution instead [[01;35m[K-Wdeprecated-declarations[m[K]
[8.704s]      struct [01;35m[KCameraInformation[m[K {
[8.705s]             [01;35m[K^~~~~~~~~~~~~~~~~[m[K
[8.705s] [01m[K/usr/local/zed/include/sl/Camera.hpp:3215:81:[m[K [01;36m[Knote: [m[Kdeclared here
[8.706s]          SL_DEPRECATED("Use camera_configuration.resolution instead") Resolution [01;36m[Kcamera_resolution[m[K; /**< \deprecated see CameraConfiguration::resolution, camera resolution. */
[8.706s]                                                                                  [01;36m[K^~~~~~~~~~~~~~~~~[m[K
[8.707s] [01m[K/home/team/SoftwareDevelopment/ROS2/skinny/src/zed_tracking/src/zed_tracking_node.cpp:[m[K In function ‘[01m[Kint main(int, char**)[m[K’:
[8.707s] [01m[K/home/team/SoftwareDevelopment/ROS2/skinny/src/zed_tracking/src/zed_tracking_node.cpp:50:48:[m[K [01;36m[Knote: [m[Ksynthesized method ‘[01m[Ksl::CameraInformation::CameraInformation(sl::CameraInformation&&)[m[K’ first required here 
[8.708s]      auto cameraInfo = zed.getCameraInformation([01;36m[K)[m[K;
[8.708s] 
[8.709s]                                                 [01;36m[K^[m[K
[8.709s] [01m[K/home/team/SoftwareDevelopment/ROS2/skinny/src/zed_tracking/src/zed_tracking_node.cpp:51:44:[m[K [01;35m[Kwarning: [m[K‘[01m[Ksl::CameraInformation::camera_resolution[m[K’ is deprecated: Use camera_configuration.resolution instead [[01;35m[K-Wdeprecated-declarations[m[K]
[8.710s]      sl::Resolution image_size = cameraInfo.[01;35m[Kcamera_resolution[m[K;
[8.710s] 
[8.711s]                                             [01;35m[K^~~~~~~~~~~~~~~~~[m[K
[8.711s] In file included from [01m[K/home/team/SoftwareDevelopment/ROS2/skinny/src/zed_tracking/src/zed_tracking_node.cpp:4:0[m[K:
[8.712s] [01m[K/usr/local/zed/include/sl/Camera.hpp:3215:81:[m[K [01;36m[Knote: [m[Kdeclared here
[8.712s]          SL_DEPRECATED("Use camera_configuration.resolution instead") Resolution [01;36m[Kcamera_resolution[m[K; /**< \deprecated see CameraConfiguration::resolution, camera resolution. */
[8.712s]                                                                                  [01;36m[K^~~~~~~~~~~~~~~~~[m[K
[8.713s] [01m[K/home/team/SoftwareDevelopment/ROS2/skinny/src/zed_tracking/src/zed_tracking_node.cpp:51:44:[m[K [01;35m[Kwarning: [m[K‘[01m[Ksl::CameraInformation::camera_resolution[m[K’ is deprecated: Use camera_configuration.resolution instead [[01;35m[K-Wdeprecated-declarations[m[K]
[8.713s]      sl::Resolution image_size = cameraInfo.[01;35m[Kcamera_resolution[m[K;
[8.714s] 
[8.714s]                                             [01;35m[K^~~~~~~~~~~~~~~~~[m[K
[8.715s] In file included from [01m[K/home/team/SoftwareDevelopment/ROS2/skinny/src/zed_tracking/src/zed_tracking_node.cpp:4:0[m[K:
[8.715s] [01m[K/usr/local/zed/include/sl/Camera.hpp:3215:81:[m[K [01;36m[Knote: [m[Kdeclared here
[8.716s]          SL_DEPRECATED("Use camera_configuration.resolution instead") Resolution [01;36m[Kcamera_resolution[m[K; /**< \deprecated see CameraConfiguration::resolution, camera resolution. */
[8.716s]                                                                                  [01;36m[K^~~~~~~~~~~~~~~~~[m[K
[8.717s] [01m[K/home/team/SoftwareDevelopment/ROS2/skinny/src/zed_tracking/src/zed_tracking_node.cpp:51:44:[m[K [01;35m[Kwarning: [m[K‘[01m[Ksl::CameraInformation::camera_resolution[m[K’ is deprecated: Use camera_configuration.resolution instead [[01;35m[K-Wdeprecated-declarations[m[K]
[8.717s]      sl::Resolution image_size = cameraInfo.[01;35m[Kcamera_resolution[m[K;
[8.718s] 
[8.718s]                                             [01;35m[K^~~~~~~~~~~~~~~~~[m[K
[8.719s] In file included from [01m[K/home/team/SoftwareDevelopment/ROS2/skinny/src/zed_tracking/src/zed_tracking_node.cpp:4:0[m[K:
[8.719s] [01m[K/usr/local/zed/include/sl/Camera.hpp:3215:81:[m[K [01;36m[Knote: [m[Kdeclared here
[8.720s]          SL_DEPRECATED("Use camera_configuration.resolution instead") Resolution [01;36m[Kcamera_resolution[m[K; /**< \deprecated see CameraConfiguration::resolution, camera resolution. */
[8.720s]                                                                                  [01;36m[K^~~~~~~~~~~~~~~~~[m[K
[8.721s] [01m[K/home/team/SoftwareDevelopment/ROS2/skinny/src/zed_tracking/src/zed_tracking_node.cpp:56:33:[m[K [01;35m[Kwarning: [m[K‘[01m[Ksl::CameraInformation::calibration_parameters[m[K’ is deprecated: Use camera_configuration.calibration_parameters instead [[01;35m[K-Wdeprecated-declarations[m[K]
[8.721s]      auto calibInfo = cameraInfo.[01;35m[Kcalibration_parameters[m[K.left_cam;
[8.722s] 
[8.722s]                                  [01;35m[K^~~~~~~~~~~~~~~~~~~~~~[m[K
[8.723s] In file included from [01m[K/home/team/SoftwareDevelopment/ROS2/skinny/src/zed_tracking/src/zed_tracking_node.cpp:4:0[m[K:
[8.723s] [01m[K/usr/local/zed/include/sl/Camera.hpp:3209:104:[m[K [01;36m[Knote: [m[Kdeclared here
[8.724s]          SL_DEPRECATED("Use camera_configuration.calibration_parameters instead") CalibrationParameters [01;36m[Kcalibration_parameters[m[K; /**< \deprecated see CameraConfiguration::calibration_parameters, Intrinsic and Extrinsic stereo parameters for rectified/undistorded images (default).*/
[8.724s]                                                                                                         [01;36m[K^~~~~~~~~~~~~~~~~~~~~~[m[K
[8.725s] [01m[K/home/team/SoftwareDevelopment/ROS2/skinny/src/zed_tracking/src/zed_tracking_node.cpp:56:33:[m[K [01;35m[Kwarning: [m[K‘[01m[Ksl::CameraInformation::calibration_parameters[m[K’ is deprecated: Use camera_configuration.calibration_parameters instead [[01;35m[K-Wdeprecated-declarations[m[K]
[8.725s]      auto calibInfo = cameraInfo.[01;35m[Kcalibration_parameters[m[K.left_cam;
[8.726s] 
[8.726s]                                  [01;35m[K^~~~~~~~~~~~~~~~~~~~~~[m[K
[8.727s] In file included from [01m[K/home/team/SoftwareDevelopment/ROS2/skinny/src/zed_tracking/src/zed_tracking_node.cpp:4:0[m[K:
[8.727s] [01m[K/usr/local/zed/include/sl/Camera.hpp:3209:104:[m[K [01;36m[Knote: [m[Kdeclared here
[8.728s]          SL_DEPRECATED("Use camera_configuration.calibration_parameters instead") CalibrationParameters [01;36m[Kcalibration_parameters[m[K; /**< \deprecated see CameraConfiguration::calibration_parameters, Intrinsic and Extrinsic stereo parameters for rectified/undistorded images (default).*/
[8.728s]                                                                                                         [01;36m[K^~~~~~~~~~~~~~~~~~~~~~[m[K
[8.728s] [01m[K/home/team/SoftwareDevelopment/ROS2/skinny/src/zed_tracking/src/zed_tracking_node.cpp:56:33:[m[K [01;35m[Kwarning: [m[K‘[01m[Ksl::CameraInformation::calibration_parameters[m[K’ is deprecated: Use camera_configuration.calibration_parameters instead [[01;35m[K-Wdeprecated-declarations[m[K]
[8.729s]      auto calibInfo = cameraInfo.[01;35m[Kcalibration_parameters[m[K.left_cam;
[8.729s] 
[8.730s]                                  [01;35m[K^~~~~~~~~~~~~~~~~~~~~~[m[K
[8.730s] In file included from [01m[K/home/team/SoftwareDevelopment/ROS2/skinny/src/zed_tracking/src/zed_tracking_node.cpp:4:0[m[K:
[8.731s] [01m[K/usr/local/zed/include/sl/Camera.hpp:3209:104:[m[K [01;36m[Knote: [m[Kdeclared here
[8.731s]          SL_DEPRECATED("Use camera_configuration.calibration_parameters instead") CalibrationParameters [01;36m[Kcalibration_parameters[m[K; /**< \deprecated see CameraConfiguration::calibration_parameters, Intrinsic and Extrinsic stereo parameters for rectified/undistorded images (default).*/
[8.732s]                                                                                                         [01;36m[K^~~~~~~~~~~~~~~~~~~~~~[m[K
[19.008s] [ 66%] [32m[1mLinking CXX executable zed_tracking_node[0m
[19.802s] [100%] Built target zed_tracking_node
[19.845s] Invoked command in '/home/team/SoftwareDevelopment/ROS2/skinny/build/zed_tracking' returned '0': CMAKE_PREFIX_PATH=/home/team/SoftwareDevelopment/ROS2/skinny/install/messages:/home/team/SoftwareDevelopment/ROS2/skinny/install/zed_tracking:/home/team/SoftwareDevelopment/ROS2/skinny/install/talon:/home/team/SoftwareDevelopment/ROS2/skinny/install/power_distribution_panel:/home/team/SoftwareDevelopment/ROS2/skinny/install/logic:/home/team/SoftwareDevelopment/ROS2/skinny/install/communication:/home/team/SoftwareDevelopment/ROS2/skinny/install/autonomy:/home/team/SoftwareDevelopment/ROS2/skinny/src/install/zed_tracking:/home/team/SoftwareDevelopment/ROS2/skinny/src/install/talon:/home/team/SoftwareDevelopment/ROS2/skinny/src/install/power_distribution_panel:/home/team/SoftwareDevelopment/ROS2/skinny/src/install/logic:/home/team/SoftwareDevelopment/ROS2/skinny/src/install/communication:/home/team/SoftwareDevelopment/ROS2/skinny/src/install/autonomy:/home/team/SoftwareDevelopment/ROS2/skinny/src/install/messages:/home/team/SoftwareDevelopment/ROS2/skinny/install/excavation:/home/team/SoftwareDevelopment/ROS2/skinny/src/install/excavation:/opt/ros/eloquent /usr/bin/cmake --build /home/team/SoftwareDevelopment/ROS2/skinny/build/zed_tracking -- -j4 -l4
[19.953s] Invoking command in '/home/team/SoftwareDevelopment/ROS2/skinny/build/zed_tracking': CMAKE_PREFIX_PATH=/home/team/SoftwareDevelopment/ROS2/skinny/install/messages:/home/team/SoftwareDevelopment/ROS2/skinny/install/zed_tracking:/home/team/SoftwareDevelopment/ROS2/skinny/install/talon:/home/team/SoftwareDevelopment/ROS2/skinny/install/power_distribution_panel:/home/team/SoftwareDevelopment/ROS2/skinny/install/logic:/home/team/SoftwareDevelopment/ROS2/skinny/install/communication:/home/team/SoftwareDevelopment/ROS2/skinny/install/autonomy:/home/team/SoftwareDevelopment/ROS2/skinny/src/install/zed_tracking:/home/team/SoftwareDevelopment/ROS2/skinny/src/install/talon:/home/team/SoftwareDevelopment/ROS2/skinny/src/install/power_distribution_panel:/home/team/SoftwareDevelopment/ROS2/skinny/src/install/logic:/home/team/SoftwareDevelopment/ROS2/skinny/src/install/communication:/home/team/SoftwareDevelopment/ROS2/skinny/src/install/autonomy:/home/team/SoftwareDevelopment/ROS2/skinny/src/install/messages:/home/team/SoftwareDevelopment/ROS2/skinny/install/excavation:/home/team/SoftwareDevelopment/ROS2/skinny/src/install/excavation:/opt/ros/eloquent /usr/bin/cmake --build /home/team/SoftwareDevelopment/ROS2/skinny/build/zed_tracking --target install -- -j4 -l4
[20.204s] [100%] Built target zed_tracking_node
[20.274s] [36mInstall the project...[0m
[20.307s] -- Install configuration: ""
[20.308s] -- Installing: /home/team/SoftwareDevelopment/ROS2/skinny/install/zed_tracking/lib/zed_tracking/zed_tracking_node
[20.312s] -- Set runtime path of "/home/team/SoftwareDevelopment/ROS2/skinny/install/zed_tracking/lib/zed_tracking/zed_tracking_node" to ""
[20.313s] -- Up-to-date: /home/team/SoftwareDevelopment/ROS2/skinny/install/zed_tracking/share/ament_index/resource_index/package_run_dependencies/zed_tracking
[20.314s] -- Up-to-date: /home/team/SoftwareDevelopment/ROS2/skinny/install/zed_tracking/share/ament_index/resource_index/parent_prefix_path/zed_tracking
[20.314s] -- Up-to-date: /home/team/SoftwareDevelopment/ROS2/skinny/install/zed_tracking/share/zed_tracking/environment/ament_prefix_path.sh
[20.315s] -- Up-to-date: /home/team/SoftwareDevelopment/ROS2/skinny/install/zed_tracking/share/zed_tracking/environment/ament_prefix_path.dsv
[20.316s] -- Up-to-date: /home/team/SoftwareDevelopment/ROS2/skinny/install/zed_tracking/share/zed_tracking/environment/path.sh
[20.318s] -- Up-to-date: /home/team/SoftwareDevelopment/ROS2/skinny/install/zed_tracking/share/zed_tracking/environment/path.dsv
[20.318s] -- Up-to-date: /home/team/SoftwareDevelopment/ROS2/skinny/install/zed_tracking/share/zed_tracking/local_setup.bash
[20.319s] -- Up-to-date: /home/team/SoftwareDevelopment/ROS2/skinny/install/zed_tracking/share/zed_tracking/local_setup.sh
[20.319s] -- Up-to-date: /home/team/SoftwareDevelopment/ROS2/skinny/install/zed_tracking/share/zed_tracking/local_setup.zsh
[20.320s] -- Up-to-date: /home/team/SoftwareDevelopment/ROS2/skinny/install/zed_tracking/share/zed_tracking/local_setup.dsv
[20.320s] -- Installing: /home/team/SoftwareDevelopment/ROS2/skinny/install/zed_tracking/share/zed_tracking/package.dsv
[20.321s] -- Up-to-date: /home/team/SoftwareDevelopment/ROS2/skinny/install/zed_tracking/share/ament_index/resource_index/packages/zed_tracking
[20.321s] -- Up-to-date: /home/team/SoftwareDevelopment/ROS2/skinny/install/zed_tracking/share/zed_tracking/cmake/zed_trackingConfig.cmake
[20.322s] -- Up-to-date: /home/team/SoftwareDevelopment/ROS2/skinny/install/zed_tracking/share/zed_tracking/cmake/zed_trackingConfig-version.cmake
[20.322s] -- Up-to-date: /home/team/SoftwareDevelopment/ROS2/skinny/install/zed_tracking/share/zed_tracking/package.xml
[20.337s] Invoked command in '/home/team/SoftwareDevelopment/ROS2/skinny/build/zed_tracking' returned '0': CMAKE_PREFIX_PATH=/home/team/SoftwareDevelopment/ROS2/skinny/install/messages:/home/team/SoftwareDevelopment/ROS2/skinny/install/zed_tracking:/home/team/SoftwareDevelopment/ROS2/skinny/install/talon:/home/team/SoftwareDevelopment/ROS2/skinny/install/power_distribution_panel:/home/team/SoftwareDevelopment/ROS2/skinny/install/logic:/home/team/SoftwareDevelopment/ROS2/skinny/install/communication:/home/team/SoftwareDevelopment/ROS2/skinny/install/autonomy:/home/team/SoftwareDevelopment/ROS2/skinny/src/install/zed_tracking:/home/team/SoftwareDevelopment/ROS2/skinny/src/install/talon:/home/team/SoftwareDevelopment/ROS2/skinny/src/install/power_distribution_panel:/home/team/SoftwareDevelopment/ROS2/skinny/src/install/logic:/home/team/SoftwareDevelopment/ROS2/skinny/src/install/communication:/home/team/SoftwareDevelopment/ROS2/skinny/src/install/autonomy:/home/team/SoftwareDevelopment/ROS2/skinny/src/install/messages:/home/team/SoftwareDevelopment/ROS2/skinny/install/excavation:/home/team/SoftwareDevelopment/ROS2/skinny/src/install/excavation:/opt/ros/eloquent /usr/bin/cmake --build /home/team/SoftwareDevelopment/ROS2/skinny/build/zed_tracking --target install -- -j4 -l4
