[0.054s] Invoking command in '/home/team/SoftwareDevelopment/ROS2/skinny/build/messages': /usr/bin/cmake --build /home/team/SoftwareDevelopment/ROS2/skinny/build/messages -- -j4 -l4
[0.169s] -- Found ament_cmake: 0.9.7 (/opt/ros/foxy/share/ament_cmake/cmake)
[0.247s] -- Found PythonInterp: /usr/bin/python3 (found suitable version "3.8.5", minimum required is "3") 
[0.248s] -- Using PYTHON_EXECUTABLE: /usr/bin/python3
[0.976s] -- Found rclcpp: 2.2.0 (/opt/ros/foxy/share/rclcpp/cmake)
[1.045s] -- Using all available rosidl_typesupport_c: rosidl_typesupport_fastrtps_c;rosidl_typesupport_introspection_c
[1.059s] -- Found rosidl_adapter: 1.1.0 (/opt/ros/foxy/share/rosidl_adapter/cmake)
[1.545s] -- Using all available rosidl_typesupport_cpp: rosidl_typesupport_fastrtps_cpp;rosidl_typesupport_introspection_cpp
[1.741s] -- Found rmw_implementation_cmake: 1.0.1 (/opt/ros/foxy/share/rmw_implementation_cmake/cmake)
[1.746s] -- Using RMW implementation 'rmw_fastrtps_cpp' as default
[2.103s] -- Found std_msgs: 2.0.3 (/opt/ros/foxy/share/std_msgs/cmake)
[2.169s] -- Found rosidl_default_generators: 1.0.0 (/opt/ros/foxy/share/rosidl_default_generators/cmake)
[2.203s] -- Found ament_lint_auto: 0.9.5 (/opt/ros/foxy/share/ament_lint_auto/cmake)
[2.525s] -- Found PythonInterp: /usr/bin/python3 (found version "3.8.5") 
[2.934s] -- Found ament_cmake_ros: 0.9.0 (/opt/ros/foxy/share/ament_cmake_ros/cmake)
[3.362s] -- Using all available rosidl_typesupport_c: rosidl_typesupport_fastrtps_c;rosidl_typesupport_introspection_c
[3.423s] -- Using all available rosidl_typesupport_cpp: rosidl_typesupport_fastrtps_cpp;rosidl_typesupport_introspection_cpp
[3.510s] -- Found PythonInterp: /usr/bin/python3 (found suitable version "3.8.5", minimum required is "3.5") 
[3.511s] -- Found python_cmake_module: 0.8.0 (/opt/ros/foxy/share/python_cmake_module/cmake)
[3.593s] -- Using PYTHON_EXECUTABLE: /usr/bin/python3
[3.593s] -- Using PYTHON_INCLUDE_DIRS: /usr/include/python3.8
[3.593s] -- Using PYTHON_LIBRARIES: /usr/lib/aarch64-linux-gnu/libpython3.8.so
[3.659s] CMake Error at CMakeLists.txt:50 (install):
[3.660s]   install TARGETS given target "messages_node" which does not exist.
[3.660s] 
[3.660s] 
[3.670s] -- Added test 'copyright' to check source files copyright and LICENSE
[3.681s] -- Added test 'lint_cmake' to check CMake code style
[3.687s] -- Added test 'xmllint' to check XML markup files
[3.713s] -- Configuring incomplete, errors occurred!
[3.713s] See also "/home/team/SoftwareDevelopment/ROS2/skinny/build/messages/CMakeFiles/CMakeOutput.log".
[3.714s] See also "/home/team/SoftwareDevelopment/ROS2/skinny/build/messages/CMakeFiles/CMakeError.log".
[3.741s] make: *** [Makefile:2668: cmake_check_build_system] Error 1
[3.750s] Invoked command in '/home/team/SoftwareDevelopment/ROS2/skinny/build/messages' returned '2': /usr/bin/cmake --build /home/team/SoftwareDevelopment/ROS2/skinny/build/messages -- -j4 -l4
