[0.138s] Invoking command in '/home/team/SoftwareDevelopment/ROS2/skinny/src/build/communication': CMAKE_PREFIX_PATH=/home/team/SoftwareDevelopment/ROS2/skinny/src/install/messages:/home/team/SoftwareDevelopment/ROS2/skinny/src/install/zed_tracking:/home/team/SoftwareDevelopment/ROS2/skinny/src/install/talon:/home/team/SoftwareDevelopment/ROS2/skinny/src/install/power_distribution_panel:/home/team/SoftwareDevelopment/ROS2/skinny/src/install/logic:/home/team/SoftwareDevelopment/ROS2/skinny/src/install/communication:/home/team/SoftwareDevelopment/ROS2/skinny/src/install/autonomy:/home/team/SoftwareDevelopment/ROS2/skinny/src/install/excavation:/opt/ros/eloquent /usr/bin/cmake --build /home/team/SoftwareDevelopment/ROS2/skinny/src/build/communication -- -j4 -l4
[0.396s] [100%] Built target communication_node
[0.445s] Invoked command in '/home/team/SoftwareDevelopment/ROS2/skinny/src/build/communication' returned '0': CMAKE_PREFIX_PATH=/home/team/SoftwareDevelopment/ROS2/skinny/src/install/messages:/home/team/SoftwareDevelopment/ROS2/skinny/src/install/zed_tracking:/home/team/SoftwareDevelopment/ROS2/skinny/src/install/talon:/home/team/SoftwareDevelopment/ROS2/skinny/src/install/power_distribution_panel:/home/team/SoftwareDevelopment/ROS2/skinny/src/install/logic:/home/team/SoftwareDevelopment/ROS2/skinny/src/install/communication:/home/team/SoftwareDevelopment/ROS2/skinny/src/install/autonomy:/home/team/SoftwareDevelopment/ROS2/skinny/src/install/excavation:/opt/ros/eloquent /usr/bin/cmake --build /home/team/SoftwareDevelopment/ROS2/skinny/src/build/communication -- -j4 -l4
[0.567s] Invoking command in '/home/team/SoftwareDevelopment/ROS2/skinny/src/build/communication': CMAKE_PREFIX_PATH=/home/team/SoftwareDevelopment/ROS2/skinny/src/install/messages:/home/team/SoftwareDevelopment/ROS2/skinny/src/install/zed_tracking:/home/team/SoftwareDevelopment/ROS2/skinny/src/install/talon:/home/team/SoftwareDevelopment/ROS2/skinny/src/install/power_distribution_panel:/home/team/SoftwareDevelopment/ROS2/skinny/src/install/logic:/home/team/SoftwareDevelopment/ROS2/skinny/src/install/communication:/home/team/SoftwareDevelopment/ROS2/skinny/src/install/autonomy:/home/team/SoftwareDevelopment/ROS2/skinny/src/install/excavation:/opt/ros/eloquent /usr/bin/cmake --build /home/team/SoftwareDevelopment/ROS2/skinny/src/build/communication --target install -- -j4 -l4
[0.847s] [100%] Built target communication_node
[0.926s] [36mInstall the project...[0m
[0.965s] -- Install configuration: ""
[0.968s] -- Up-to-date: /home/team/SoftwareDevelopment/ROS2/skinny/src/install/communication/lib/communication/communication_node
[0.971s] -- Up-to-date: /home/team/SoftwareDevelopment/ROS2/skinny/src/install/communication/share/ament_index/resource_index/package_run_dependencies/communication
[0.972s] -- Up-to-date: /home/team/SoftwareDevelopment/ROS2/skinny/src/install/communication/share/ament_index/resource_index/parent_prefix_path/communication
[0.974s] -- Up-to-date: /home/team/SoftwareDevelopment/ROS2/skinny/src/install/communication/share/communication/environment/ament_prefix_path.sh
[0.976s] -- Up-to-date: /home/team/SoftwareDevelopment/ROS2/skinny/src/install/communication/share/communication/environment/ament_prefix_path.dsv
[0.977s] -- Up-to-date: /home/team/SoftwareDevelopment/ROS2/skinny/src/install/communication/share/communication/environment/path.sh
[0.979s] -- Up-to-date: /home/team/SoftwareDevelopment/ROS2/skinny/src/install/communication/share/communication/environment/path.dsv
[0.981s] -- Up-to-date: /home/team/SoftwareDevelopment/ROS2/skinny/src/install/communication/share/communication/local_setup.bash
[0.982s] -- Up-to-date: /home/team/SoftwareDevelopment/ROS2/skinny/src/install/communication/share/communication/local_setup.sh
[0.983s] -- Up-to-date: /home/team/SoftwareDevelopment/ROS2/skinny/src/install/communication/share/communication/local_setup.zsh
[0.985s] -- Up-to-date: /home/team/SoftwareDevelopment/ROS2/skinny/src/install/communication/share/communication/local_setup.dsv
[0.986s] -- Installing: /home/team/SoftwareDevelopment/ROS2/skinny/src/install/communication/share/communication/package.dsv
[0.987s] -- Up-to-date: /home/team/SoftwareDevelopment/ROS2/skinny/src/install/communication/share/ament_index/resource_index/packages/communication
[0.987s] -- Up-to-date: /home/team/SoftwareDevelopment/ROS2/skinny/src/install/communication/share/communication/cmake/communicationConfig.cmake
[0.991s] -- Up-to-date: /home/team/SoftwareDevelopment/ROS2/skinny/src/install/communication/share/communication/cmake/communicationConfig-version.cmake
[1.010s] -- Up-to-date: /home/team/SoftwareDevelopment/ROS2/skinny/src/install/communication/share/communication/package.xml
[1.017s] Invoked command in '/home/team/SoftwareDevelopment/ROS2/skinny/src/build/communication' returned '0': CMAKE_PREFIX_PATH=/home/team/SoftwareDevelopment/ROS2/skinny/src/install/messages:/home/team/SoftwareDevelopment/ROS2/skinny/src/install/zed_tracking:/home/team/SoftwareDevelopment/ROS2/skinny/src/install/talon:/home/team/SoftwareDevelopment/ROS2/skinny/src/install/power_distribution_panel:/home/team/SoftwareDevelopment/ROS2/skinny/src/install/logic:/home/team/SoftwareDevelopment/ROS2/skinny/src/install/communication:/home/team/SoftwareDevelopment/ROS2/skinny/src/install/autonomy:/home/team/SoftwareDevelopment/ROS2/skinny/src/install/excavation:/opt/ros/eloquent /usr/bin/cmake --build /home/team/SoftwareDevelopment/ROS2/skinny/src/build/communication --target install -- -j4 -l4
