[0.123s] Invoking command in '/home/team/SoftwareDevelopment/ROS2/skinny/build/zed_tracking': CMAKE_PREFIX_PATH=/home/team/SoftwareDevelopment/ROS2/skinny/install/messages:/home/team/SoftwareDevelopment/ROS2/skinny/install/zed_tracking:/home/team/SoftwareDevelopment/ROS2/skinny/install/talon:/home/team/SoftwareDevelopment/ROS2/skinny/install/power_distribution_panel:/home/team/SoftwareDevelopment/ROS2/skinny/install/logic:/home/team/SoftwareDevelopment/ROS2/skinny/install/communication:/home/team/SoftwareDevelopment/ROS2/skinny/install/autonomy:/home/team/SoftwareDevelopment/ROS2/skinny/install/excavation:/opt/ros/eloquent /usr/bin/cmake --build /home/team/SoftwareDevelopment/ROS2/skinny/build/zed_tracking -- -j4 -l4
[0.390s] [100%] Built target zed_tracking_node
[0.445s] Invoked command in '/home/team/SoftwareDevelopment/ROS2/skinny/build/zed_tracking' returned '0': CMAKE_PREFIX_PATH=/home/team/SoftwareDevelopment/ROS2/skinny/install/messages:/home/team/SoftwareDevelopment/ROS2/skinny/install/zed_tracking:/home/team/SoftwareDevelopment/ROS2/skinny/install/talon:/home/team/SoftwareDevelopment/ROS2/skinny/install/power_distribution_panel:/home/team/SoftwareDevelopment/ROS2/skinny/install/logic:/home/team/SoftwareDevelopment/ROS2/skinny/install/communication:/home/team/SoftwareDevelopment/ROS2/skinny/install/autonomy:/home/team/SoftwareDevelopment/ROS2/skinny/install/excavation:/opt/ros/eloquent /usr/bin/cmake --build /home/team/SoftwareDevelopment/ROS2/skinny/build/zed_tracking -- -j4 -l4
[0.559s] Invoking command in '/home/team/SoftwareDevelopment/ROS2/skinny/build/zed_tracking': CMAKE_PREFIX_PATH=/home/team/SoftwareDevelopment/ROS2/skinny/install/messages:/home/team/SoftwareDevelopment/ROS2/skinny/install/zed_tracking:/home/team/SoftwareDevelopment/ROS2/skinny/install/talon:/home/team/SoftwareDevelopment/ROS2/skinny/install/power_distribution_panel:/home/team/SoftwareDevelopment/ROS2/skinny/install/logic:/home/team/SoftwareDevelopment/ROS2/skinny/install/communication:/home/team/SoftwareDevelopment/ROS2/skinny/install/autonomy:/home/team/SoftwareDevelopment/ROS2/skinny/install/excavation:/opt/ros/eloquent /usr/bin/cmake --build /home/team/SoftwareDevelopment/ROS2/skinny/build/zed_tracking --target install -- -j4 -l4
[0.835s] [100%] Built target zed_tracking_node
[0.913s] [36mInstall the project...[0m
[0.951s] -- Install configuration: ""
[0.952s] -- Up-to-date: /home/team/SoftwareDevelopment/ROS2/skinny/install/zed_tracking/lib/zed_tracking/zed_tracking_node
[0.953s] -- Up-to-date: /home/team/SoftwareDevelopment/ROS2/skinny/install/zed_tracking/share/ament_index/resource_index/package_run_dependencies/zed_tracking
[0.954s] -- Up-to-date: /home/team/SoftwareDevelopment/ROS2/skinny/install/zed_tracking/share/ament_index/resource_index/parent_prefix_path/zed_tracking
[0.957s] -- Up-to-date: /home/team/SoftwareDevelopment/ROS2/skinny/install/zed_tracking/share/zed_tracking/environment/ament_prefix_path.sh
[0.959s] -- Up-to-date: /home/team/SoftwareDevelopment/ROS2/skinny/install/zed_tracking/share/zed_tracking/environment/ament_prefix_path.dsv
[0.967s] -- Up-to-date: /home/team/SoftwareDevelopment/ROS2/skinny/install/zed_tracking/share/zed_tracking/environment/path.sh
[0.976s] -- Up-to-date: /home/team/SoftwareDevelopment/ROS2/skinny/install/zed_tracking/share/zed_tracking/environment/path.dsv
[0.977s] -- Up-to-date: /home/team/SoftwareDevelopment/ROS2/skinny/install/zed_tracking/share/zed_tracking/local_setup.bash
[0.978s] -- Up-to-date: /home/team/SoftwareDevelopment/ROS2/skinny/install/zed_tracking/share/zed_tracking/local_setup.sh
[0.979s] -- Up-to-date: /home/team/SoftwareDevelopment/ROS2/skinny/install/zed_tracking/share/zed_tracking/local_setup.zsh
[0.980s] -- Up-to-date: /home/team/SoftwareDevelopment/ROS2/skinny/install/zed_tracking/share/zed_tracking/local_setup.dsv
[0.980s] -- Installing: /home/team/SoftwareDevelopment/ROS2/skinny/install/zed_tracking/share/zed_tracking/package.dsv
[0.981s] -- Up-to-date: /home/team/SoftwareDevelopment/ROS2/skinny/install/zed_tracking/share/ament_index/resource_index/packages/zed_tracking
[0.982s] -- Up-to-date: /home/team/SoftwareDevelopment/ROS2/skinny/install/zed_tracking/share/zed_tracking/cmake/zed_trackingConfig.cmake
[0.983s] -- Up-to-date: /home/team/SoftwareDevelopment/ROS2/skinny/install/zed_tracking/share/zed_tracking/cmake/zed_trackingConfig-version.cmake
[0.983s] -- Up-to-date: /home/team/SoftwareDevelopment/ROS2/skinny/install/zed_tracking/share/zed_tracking/package.xml
[1.035s] Invoked command in '/home/team/SoftwareDevelopment/ROS2/skinny/build/zed_tracking' returned '0': CMAKE_PREFIX_PATH=/home/team/SoftwareDevelopment/ROS2/skinny/install/messages:/home/team/SoftwareDevelopment/ROS2/skinny/install/zed_tracking:/home/team/SoftwareDevelopment/ROS2/skinny/install/talon:/home/team/SoftwareDevelopment/ROS2/skinny/install/power_distribution_panel:/home/team/SoftwareDevelopment/ROS2/skinny/install/logic:/home/team/SoftwareDevelopment/ROS2/skinny/install/communication:/home/team/SoftwareDevelopment/ROS2/skinny/install/autonomy:/home/team/SoftwareDevelopment/ROS2/skinny/install/excavation:/opt/ros/eloquent /usr/bin/cmake --build /home/team/SoftwareDevelopment/ROS2/skinny/build/zed_tracking --target install -- -j4 -l4
