Determining if the include file pthread.h exists passed with the following output:
Change Dir: /home/nvidia/Phoenix-Linux-SocketCAN-Example-master/bin/CMakeFiles/CMakeTmp

Run Build Command:"/usr/bin/make" "cmTC_b5adc/fast"
/usr/bin/make -f CMakeFiles/cmTC_b5adc.dir/build.make CMakeFiles/cmTC_b5adc.dir/build
make[1]: Entering directory '/home/nvidia/Phoenix-Linux-SocketCAN-Example-master/bin/CMakeFiles/CMakeTmp'
Building C object CMakeFiles/cmTC_b5adc.dir/CheckIncludeFile.c.o
/usr/bin/cc     -o CMakeFiles/cmTC_b5adc.dir/CheckIncludeFile.c.o   -c /home/nvidia/Phoenix-Linux-SocketCAN-Example-master/bin/CMakeFiles/CMakeTmp/CheckIncludeFile.c
Linking C executable cmTC_b5adc
/usr/bin/cmake -E cmake_link_script CMakeFiles/cmTC_b5adc.dir/link.txt --verbose=1
/usr/bin/cc       CMakeFiles/cmTC_b5adc.dir/CheckIncludeFile.c.o  -o cmTC_b5adc -rdynamic 
make[1]: Leaving directory '/home/nvidia/Phoenix-Linux-SocketCAN-Example-master/bin/CMakeFiles/CMakeTmp'


Determining if the include file pthread.h exists passed with the following output:
Change Dir: /home/nvidia/Phoenix-Linux-SocketCAN-Example-master/bin/CMakeFiles/CMakeTmp

Run Build Command:"/usr/bin/make" "cmTC_9443e/fast"
/usr/bin/make -f CMakeFiles/cmTC_9443e.dir/build.make CMakeFiles/cmTC_9443e.dir/build
make[1]: Entering directory '/home/nvidia/Phoenix-Linux-SocketCAN-Example-master/bin/CMakeFiles/CMakeTmp'
Building C object CMakeFiles/cmTC_9443e.dir/CheckIncludeFile.c.o
/usr/bin/cc     -o CMakeFiles/cmTC_9443e.dir/CheckIncludeFile.c.o   -c /home/nvidia/Phoenix-Linux-SocketCAN-Example-master/bin/CMakeFiles/CMakeTmp/CheckIncludeFile.c
Linking C executable cmTC_9443e
/usr/bin/cmake -E cmake_link_script CMakeFiles/cmTC_9443e.dir/link.txt --verbose=1
/usr/bin/cc       CMakeFiles/cmTC_9443e.dir/CheckIncludeFile.c.o  -o cmTC_9443e -rdynamic 
make[1]: Leaving directory '/home/nvidia/Phoenix-Linux-SocketCAN-Example-master/bin/CMakeFiles/CMakeTmp'


Determining if the include file pthread.h exists passed with the following output:
Change Dir: /home/nvidia/Phoenix-Linux-SocketCAN-Example-master/bin/CMakeFiles/CMakeTmp

Run Build Command:"/usr/bin/make" "cmTC_d97ec/fast"
/usr/bin/make -f CMakeFiles/cmTC_d97ec.dir/build.make CMakeFiles/cmTC_d97ec.dir/build
make[1]: Entering directory '/home/nvidia/Phoenix-Linux-SocketCAN-Example-master/bin/CMakeFiles/CMakeTmp'
Building C object CMakeFiles/cmTC_d97ec.dir/CheckIncludeFile.c.o
/usr/bin/cc     -o CMakeFiles/cmTC_d97ec.dir/CheckIncludeFile.c.o   -c /home/nvidia/Phoenix-Linux-SocketCAN-Example-master/bin/CMakeFiles/CMakeTmp/CheckIncludeFile.c
Linking C executable cmTC_d97ec
/usr/bin/cmake -E cmake_link_script CMakeFiles/cmTC_d97ec.dir/link.txt --verbose=1
/usr/bin/cc       CMakeFiles/cmTC_d97ec.dir/CheckIncludeFile.c.o  -o cmTC_d97ec -rdynamic 
make[1]: Leaving directory '/home/nvidia/Phoenix-Linux-SocketCAN-Example-master/bin/CMakeFiles/CMakeTmp'


