Determining if the pthread_create exist failed with the following output:
Change Dir: /home/team/SoftwareDevelopment/ROS.bender/src/orb_slam2/build/CMakeFiles/CMakeTmp

Run Build Command:"/usr/bin/make" "cmTC_7b1b7/fast"
/usr/bin/make -f CMakeFiles/cmTC_7b1b7.dir/build.make CMakeFiles/cmTC_7b1b7.dir/build
make[1]: Entering directory '/home/team/SoftwareDevelopment/ROS.bender/src/orb_slam2/build/CMakeFiles/CMakeTmp'
Building C object CMakeFiles/cmTC_7b1b7.dir/CheckSymbolExists.c.o
/usr/bin/cc    -o CMakeFiles/cmTC_7b1b7.dir/CheckSymbolExists.c.o   -c /home/team/SoftwareDevelopment/ROS.bender/src/orb_slam2/build/CMakeFiles/CMakeTmp/CheckSymbolExists.c
Linking C executable cmTC_7b1b7
/usr/bin/cmake -E cmake_link_script CMakeFiles/cmTC_7b1b7.dir/link.txt --verbose=1
/usr/bin/cc      -rdynamic CMakeFiles/cmTC_7b1b7.dir/CheckSymbolExists.c.o  -o cmTC_7b1b7 
CMakeFiles/cmTC_7b1b7.dir/CheckSymbolExists.c.o: In function `main':
CheckSymbolExists.c:(.text+0x14): undefined reference to `pthread_create'
CheckSymbolExists.c:(.text+0x18): undefined reference to `pthread_create'
collect2: error: ld returned 1 exit status
CMakeFiles/cmTC_7b1b7.dir/build.make:97: recipe for target 'cmTC_7b1b7' failed
make[1]: *** [cmTC_7b1b7] Error 1
make[1]: Leaving directory '/home/team/SoftwareDevelopment/ROS.bender/src/orb_slam2/build/CMakeFiles/CMakeTmp'
Makefile:126: recipe for target 'cmTC_7b1b7/fast' failed
make: *** [cmTC_7b1b7/fast] Error 2

File /home/team/SoftwareDevelopment/ROS.bender/src/orb_slam2/build/CMakeFiles/CMakeTmp/CheckSymbolExists.c:
/* */
#include <pthread.h>

int main(int argc, char** argv)
{
  (void)argv;
#ifndef pthread_create
  return ((int*)(&pthread_create))[argc];
#else
  (void)argc;
  return 0;
#endif
}

Determining if the function pthread_create exists in the pthreads failed with the following output:
Change Dir: /home/team/SoftwareDevelopment/ROS.bender/src/orb_slam2/build/CMakeFiles/CMakeTmp

Run Build Command:"/usr/bin/make" "cmTC_349b1/fast"
/usr/bin/make -f CMakeFiles/cmTC_349b1.dir/build.make CMakeFiles/cmTC_349b1.dir/build
make[1]: Entering directory '/home/team/SoftwareDevelopment/ROS.bender/src/orb_slam2/build/CMakeFiles/CMakeTmp'
Building C object CMakeFiles/cmTC_349b1.dir/CheckFunctionExists.c.o
/usr/bin/cc   -DCHECK_FUNCTION_EXISTS=pthread_create   -o CMakeFiles/cmTC_349b1.dir/CheckFunctionExists.c.o   -c /usr/share/cmake-3.10/Modules/CheckFunctionExists.c
Linking C executable cmTC_349b1
/usr/bin/cmake -E cmake_link_script CMakeFiles/cmTC_349b1.dir/link.txt --verbose=1
/usr/bin/cc  -DCHECK_FUNCTION_EXISTS=pthread_create    -rdynamic CMakeFiles/cmTC_349b1.dir/CheckFunctionExists.c.o  -o cmTC_349b1 -lpthreads 
/usr/bin/ld: cannot find -lpthreads
collect2: error: ld returned 1 exit status
CMakeFiles/cmTC_349b1.dir/build.make:97: recipe for target 'cmTC_349b1' failed
make[1]: *** [cmTC_349b1] Error 1
make[1]: Leaving directory '/home/team/SoftwareDevelopment/ROS.bender/src/orb_slam2/build/CMakeFiles/CMakeTmp'
Makefile:126: recipe for target 'cmTC_349b1/fast' failed
make: *** [cmTC_349b1/fast] Error 2


