[0.127s] Invoking command in '/home/team/SoftwareDevelopment/ROS2/skinny/src/build/power_distribution_panel': CMAKE_PREFIX_PATH=/home/team/SoftwareDevelopment/ROS2/skinny/src/install/messages:/home/team/SoftwareDevelopment/ROS2/skinny/src/install/zed_tracking:/home/team/SoftwareDevelopment/ROS2/skinny/src/install/talon:/home/team/SoftwareDevelopment/ROS2/skinny/src/install/power_distribution_panel:/home/team/SoftwareDevelopment/ROS2/skinny/src/install/logic:/home/team/SoftwareDevelopment/ROS2/skinny/src/install/communication:/home/team/SoftwareDevelopment/ROS2/skinny/src/install/autonomy:/home/team/SoftwareDevelopment/ROS2/skinny/src/install/excavation:/opt/ros/eloquent /usr/bin/cmake --build /home/team/SoftwareDevelopment/ROS2/skinny/src/build/power_distribution_panel -- -j4 -l4
[0.427s] [100%] Built target power_distribution_panel_node
[0.492s] Invoked command in '/home/team/SoftwareDevelopment/ROS2/skinny/src/build/power_distribution_panel' returned '0': CMAKE_PREFIX_PATH=/home/team/SoftwareDevelopment/ROS2/skinny/src/install/messages:/home/team/SoftwareDevelopment/ROS2/skinny/src/install/zed_tracking:/home/team/SoftwareDevelopment/ROS2/skinny/src/install/talon:/home/team/SoftwareDevelopment/ROS2/skinny/src/install/power_distribution_panel:/home/team/SoftwareDevelopment/ROS2/skinny/src/install/logic:/home/team/SoftwareDevelopment/ROS2/skinny/src/install/communication:/home/team/SoftwareDevelopment/ROS2/skinny/src/install/autonomy:/home/team/SoftwareDevelopment/ROS2/skinny/src/install/excavation:/opt/ros/eloquent /usr/bin/cmake --build /home/team/SoftwareDevelopment/ROS2/skinny/src/build/power_distribution_panel -- -j4 -l4
[0.668s] Invoking command in '/home/team/SoftwareDevelopment/ROS2/skinny/src/build/power_distribution_panel': CMAKE_PREFIX_PATH=/home/team/SoftwareDevelopment/ROS2/skinny/src/install/messages:/home/team/SoftwareDevelopment/ROS2/skinny/src/install/zed_tracking:/home/team/SoftwareDevelopment/ROS2/skinny/src/install/talon:/home/team/SoftwareDevelopment/ROS2/skinny/src/install/power_distribution_panel:/home/team/SoftwareDevelopment/ROS2/skinny/src/install/logic:/home/team/SoftwareDevelopment/ROS2/skinny/src/install/communication:/home/team/SoftwareDevelopment/ROS2/skinny/src/install/autonomy:/home/team/SoftwareDevelopment/ROS2/skinny/src/install/excavation:/opt/ros/eloquent /usr/bin/cmake --build /home/team/SoftwareDevelopment/ROS2/skinny/src/build/power_distribution_panel --target install -- -j4 -l4
[0.924s] [100%] Built target power_distribution_panel_node
[1.026s] [36mInstall the project...[0m
[1.055s] -- Install configuration: ""
[1.057s] -- Up-to-date: /home/team/SoftwareDevelopment/ROS2/skinny/src/install/power_distribution_panel/lib/power_distribution_panel/power_distribution_panel_node
[1.059s] -- Up-to-date: /home/team/SoftwareDevelopment/ROS2/skinny/src/install/power_distribution_panel/share/ament_index/resource_index/package_run_dependencies/power_distribution_panel
[1.061s] -- Up-to-date: /home/team/SoftwareDevelopment/ROS2/skinny/src/install/power_distribution_panel/share/ament_index/resource_index/parent_prefix_path/power_distribution_panel
[1.062s] -- Up-to-date: /home/team/SoftwareDevelopment/ROS2/skinny/src/install/power_distribution_panel/share/power_distribution_panel/environment/ament_prefix_path.sh
[1.063s] -- Up-to-date: /home/team/SoftwareDevelopment/ROS2/skinny/src/install/power_distribution_panel/share/power_distribution_panel/environment/ament_prefix_path.dsv
[1.064s] -- Up-to-date: /home/team/SoftwareDevelopment/ROS2/skinny/src/install/power_distribution_panel/share/power_distribution_panel/environment/path.sh
[1.064s] -- Up-to-date: /home/team/SoftwareDevelopment/ROS2/skinny/src/install/power_distribution_panel/share/power_distribution_panel/environment/path.dsv
[1.066s] -- Up-to-date: /home/team/SoftwareDevelopment/ROS2/skinny/src/install/power_distribution_panel/share/power_distribution_panel/local_setup.bash
[1.068s] -- Up-to-date: /home/team/SoftwareDevelopment/ROS2/skinny/src/install/power_distribution_panel/share/power_distribution_panel/local_setup.sh
[1.069s] -- Up-to-date: /home/team/SoftwareDevelopment/ROS2/skinny/src/install/power_distribution_panel/share/power_distribution_panel/local_setup.zsh
[1.072s] -- Up-to-date: /home/team/SoftwareDevelopment/ROS2/skinny/src/install/power_distribution_panel/share/power_distribution_panel/local_setup.dsv
[1.073s] -- Installing: /home/team/SoftwareDevelopment/ROS2/skinny/src/install/power_distribution_panel/share/power_distribution_panel/package.dsv
[1.074s] -- Up-to-date: /home/team/SoftwareDevelopment/ROS2/skinny/src/install/power_distribution_panel/share/ament_index/resource_index/packages/power_distribution_panel
[1.075s] -- Up-to-date: /home/team/SoftwareDevelopment/ROS2/skinny/src/install/power_distribution_panel/share/power_distribution_panel/cmake/power_distribution_panelConfig.cmake
[1.081s] -- Up-to-date: /home/team/SoftwareDevelopment/ROS2/skinny/src/install/power_distribution_panel/share/power_distribution_panel/cmake/power_distribution_panelConfig-version.cmake
[1.083s] -- Up-to-date: /home/team/SoftwareDevelopment/ROS2/skinny/src/install/power_distribution_panel/share/power_distribution_panel/package.xml
[1.228s] Invoked command in '/home/team/SoftwareDevelopment/ROS2/skinny/src/build/power_distribution_panel' returned '0': CMAKE_PREFIX_PATH=/home/team/SoftwareDevelopment/ROS2/skinny/src/install/messages:/home/team/SoftwareDevelopment/ROS2/skinny/src/install/zed_tracking:/home/team/SoftwareDevelopment/ROS2/skinny/src/install/talon:/home/team/SoftwareDevelopment/ROS2/skinny/src/install/power_distribution_panel:/home/team/SoftwareDevelopment/ROS2/skinny/src/install/logic:/home/team/SoftwareDevelopment/ROS2/skinny/src/install/communication:/home/team/SoftwareDevelopment/ROS2/skinny/src/install/autonomy:/home/team/SoftwareDevelopment/ROS2/skinny/src/install/excavation:/opt/ros/eloquent /usr/bin/cmake --build /home/team/SoftwareDevelopment/ROS2/skinny/src/build/power_distribution_panel --target install -- -j4 -l4
