[0.149s] Invoking command in '/home/team/SoftwareDevelopment/ROS2/skinny/build/power_distribution_panel': AMENT_PREFIX_PATH=/home/team/SoftwareDevelopment/ROS2/skinny/install/messages:${AMENT_PREFIX_PATH} CMAKE_PREFIX_PATH=/home/team/SoftwareDevelopment/ROS2/skinny/install/messages:/opt/ros/eloquent LD_LIBRARY_PATH=/home/team/SoftwareDevelopment/ROS2/skinny/install/messages/lib:${LD_LIBRARY_PATH} PYTHONPATH=/home/team/SoftwareDevelopment/ROS2/skinny/install/messages/lib/python3.6/site-packages:${PYTHONPATH} /usr/bin/cmake --build /home/team/SoftwareDevelopment/ROS2/skinny/build/power_distribution_panel -- -j4 -l4
[0.457s] [100%] Built target power_distribution_panel_node
[0.506s] Invoked command in '/home/team/SoftwareDevelopment/ROS2/skinny/build/power_distribution_panel' returned '0': AMENT_PREFIX_PATH=/home/team/SoftwareDevelopment/ROS2/skinny/install/messages:${AMENT_PREFIX_PATH} CMAKE_PREFIX_PATH=/home/team/SoftwareDevelopment/ROS2/skinny/install/messages:/opt/ros/eloquent LD_LIBRARY_PATH=/home/team/SoftwareDevelopment/ROS2/skinny/install/messages/lib:${LD_LIBRARY_PATH} PYTHONPATH=/home/team/SoftwareDevelopment/ROS2/skinny/install/messages/lib/python3.6/site-packages:${PYTHONPATH} /usr/bin/cmake --build /home/team/SoftwareDevelopment/ROS2/skinny/build/power_distribution_panel -- -j4 -l4
[0.668s] Invoking command in '/home/team/SoftwareDevelopment/ROS2/skinny/build/power_distribution_panel': AMENT_PREFIX_PATH=/home/team/SoftwareDevelopment/ROS2/skinny/install/messages:${AMENT_PREFIX_PATH} CMAKE_PREFIX_PATH=/home/team/SoftwareDevelopment/ROS2/skinny/install/messages:/opt/ros/eloquent LD_LIBRARY_PATH=/home/team/SoftwareDevelopment/ROS2/skinny/install/messages/lib:${LD_LIBRARY_PATH} PYTHONPATH=/home/team/SoftwareDevelopment/ROS2/skinny/install/messages/lib/python3.6/site-packages:${PYTHONPATH} /usr/bin/cmake --build /home/team/SoftwareDevelopment/ROS2/skinny/build/power_distribution_panel --target install -- -j4 -l4
[0.953s] [100%] Built target power_distribution_panel_node
[1.044s] [36mInstall the project...[0m
[1.124s] -- Install configuration: ""
[1.125s] -- Installing: /home/team/SoftwareDevelopment/ROS2/skinny/install/power_distribution_panel/lib/power_distribution_panel/power_distribution_panel_node
[1.126s] -- Set runtime path of "/home/team/SoftwareDevelopment/ROS2/skinny/install/power_distribution_panel/lib/power_distribution_panel/power_distribution_panel_node" to ""
[1.128s] -- Installing: /home/team/SoftwareDevelopment/ROS2/skinny/install/power_distribution_panel/share/ament_index/resource_index/package_run_dependencies/power_distribution_panel
[1.130s] -- Installing: /home/team/SoftwareDevelopment/ROS2/skinny/install/power_distribution_panel/share/ament_index/resource_index/parent_prefix_path/power_distribution_panel
[1.131s] -- Installing: /home/team/SoftwareDevelopment/ROS2/skinny/install/power_distribution_panel/share/power_distribution_panel/environment/ament_prefix_path.sh
[1.132s] -- Installing: /home/team/SoftwareDevelopment/ROS2/skinny/install/power_distribution_panel/share/power_distribution_panel/environment/ament_prefix_path.dsv
[1.132s] -- Installing: /home/team/SoftwareDevelopment/ROS2/skinny/install/power_distribution_panel/share/power_distribution_panel/environment/path.sh
[1.140s] -- Installing: /home/team/SoftwareDevelopment/ROS2/skinny/install/power_distribution_panel/share/power_distribution_panel/environment/path.dsv
[1.143s] -- Installing: /home/team/SoftwareDevelopment/ROS2/skinny/install/power_distribution_panel/share/power_distribution_panel/local_setup.bash
[1.144s] -- Installing: /home/team/SoftwareDevelopment/ROS2/skinny/install/power_distribution_panel/share/power_distribution_panel/local_setup.sh
[1.145s] -- Installing: /home/team/SoftwareDevelopment/ROS2/skinny/install/power_distribution_panel/share/power_distribution_panel/local_setup.zsh
[1.146s] -- Installing: /home/team/SoftwareDevelopment/ROS2/skinny/install/power_distribution_panel/share/power_distribution_panel/local_setup.dsv
[1.147s] -- Installing: /home/team/SoftwareDevelopment/ROS2/skinny/install/power_distribution_panel/share/power_distribution_panel/package.dsv
[1.148s] -- Installing: /home/team/SoftwareDevelopment/ROS2/skinny/install/power_distribution_panel/share/ament_index/resource_index/packages/power_distribution_panel
[1.149s] -- Installing: /home/team/SoftwareDevelopment/ROS2/skinny/install/power_distribution_panel/share/power_distribution_panel/cmake/power_distribution_panelConfig.cmake
[1.151s] -- Installing: /home/team/SoftwareDevelopment/ROS2/skinny/install/power_distribution_panel/share/power_distribution_panel/cmake/power_distribution_panelConfig-version.cmake
[1.151s] -- Installing: /home/team/SoftwareDevelopment/ROS2/skinny/install/power_distribution_panel/share/power_distribution_panel/package.xml
[1.256s] Invoked command in '/home/team/SoftwareDevelopment/ROS2/skinny/build/power_distribution_panel' returned '0': AMENT_PREFIX_PATH=/home/team/SoftwareDevelopment/ROS2/skinny/install/messages:${AMENT_PREFIX_PATH} CMAKE_PREFIX_PATH=/home/team/SoftwareDevelopment/ROS2/skinny/install/messages:/opt/ros/eloquent LD_LIBRARY_PATH=/home/team/SoftwareDevelopment/ROS2/skinny/install/messages/lib:${LD_LIBRARY_PATH} PYTHONPATH=/home/team/SoftwareDevelopment/ROS2/skinny/install/messages/lib/python3.6/site-packages:${PYTHONPATH} /usr/bin/cmake --build /home/team/SoftwareDevelopment/ROS2/skinny/build/power_distribution_panel --target install -- -j4 -l4
