[0.132s] Invoking command in '/home/team/SoftwareDevelopment/ROS2/skinny/build/communication': AMENT_PREFIX_PATH=/home/team/SoftwareDevelopment/ROS2/skinny/install/messages:${AMENT_PREFIX_PATH} CMAKE_PREFIX_PATH=/home/team/SoftwareDevelopment/ROS2/skinny/install/messages:/opt/ros/eloquent LD_LIBRARY_PATH=/home/team/SoftwareDevelopment/ROS2/skinny/install/messages/lib:${LD_LIBRARY_PATH} PYTHONPATH=/home/team/SoftwareDevelopment/ROS2/skinny/install/messages/lib/python3.6/site-packages:${PYTHONPATH} /usr/bin/cmake --build /home/team/SoftwareDevelopment/ROS2/skinny/build/communication -- -j4 -l4
[0.437s] [100%] Built target communication_node
[0.496s] Invoked command in '/home/team/SoftwareDevelopment/ROS2/skinny/build/communication' returned '0': AMENT_PREFIX_PATH=/home/team/SoftwareDevelopment/ROS2/skinny/install/messages:${AMENT_PREFIX_PATH} CMAKE_PREFIX_PATH=/home/team/SoftwareDevelopment/ROS2/skinny/install/messages:/opt/ros/eloquent LD_LIBRARY_PATH=/home/team/SoftwareDevelopment/ROS2/skinny/install/messages/lib:${LD_LIBRARY_PATH} PYTHONPATH=/home/team/SoftwareDevelopment/ROS2/skinny/install/messages/lib/python3.6/site-packages:${PYTHONPATH} /usr/bin/cmake --build /home/team/SoftwareDevelopment/ROS2/skinny/build/communication -- -j4 -l4
[0.619s] Invoking command in '/home/team/SoftwareDevelopment/ROS2/skinny/build/communication': AMENT_PREFIX_PATH=/home/team/SoftwareDevelopment/ROS2/skinny/install/messages:${AMENT_PREFIX_PATH} CMAKE_PREFIX_PATH=/home/team/SoftwareDevelopment/ROS2/skinny/install/messages:/opt/ros/eloquent LD_LIBRARY_PATH=/home/team/SoftwareDevelopment/ROS2/skinny/install/messages/lib:${LD_LIBRARY_PATH} PYTHONPATH=/home/team/SoftwareDevelopment/ROS2/skinny/install/messages/lib/python3.6/site-packages:${PYTHONPATH} /usr/bin/cmake --build /home/team/SoftwareDevelopment/ROS2/skinny/build/communication --target install -- -j4 -l4
[0.970s] [100%] Built target communication_node
[1.074s] [36mInstall the project...[0m
[1.112s] -- Install configuration: ""
[1.114s] -- Up-to-date: /home/team/SoftwareDevelopment/ROS2/skinny/install/communication/lib/communication/communication_node
[1.116s] -- Up-to-date: /home/team/SoftwareDevelopment/ROS2/skinny/install/communication/share/ament_index/resource_index/package_run_dependencies/communication
[1.117s] -- Up-to-date: /home/team/SoftwareDevelopment/ROS2/skinny/install/communication/share/ament_index/resource_index/parent_prefix_path/communication
[1.117s] -- Up-to-date: /home/team/SoftwareDevelopment/ROS2/skinny/install/communication/share/communication/environment/ament_prefix_path.sh
[1.118s] -- Up-to-date: /home/team/SoftwareDevelopment/ROS2/skinny/install/communication/share/communication/environment/ament_prefix_path.dsv
[1.119s] -- Up-to-date: /home/team/SoftwareDevelopment/ROS2/skinny/install/communication/share/communication/environment/path.sh
[1.120s] -- Up-to-date: /home/team/SoftwareDevelopment/ROS2/skinny/install/communication/share/communication/environment/path.dsv
[1.120s] -- Up-to-date: /home/team/SoftwareDevelopment/ROS2/skinny/install/communication/share/communication/local_setup.bash
[1.121s] -- Up-to-date: /home/team/SoftwareDevelopment/ROS2/skinny/install/communication/share/communication/local_setup.sh
[1.122s] -- Up-to-date: /home/team/SoftwareDevelopment/ROS2/skinny/install/communication/share/communication/local_setup.zsh
[1.122s] -- Up-to-date: /home/team/SoftwareDevelopment/ROS2/skinny/install/communication/share/communication/local_setup.dsv
[1.123s] -- Installing: /home/team/SoftwareDevelopment/ROS2/skinny/install/communication/share/communication/package.dsv
[1.124s] -- Up-to-date: /home/team/SoftwareDevelopment/ROS2/skinny/install/communication/share/ament_index/resource_index/packages/communication
[1.124s] -- Up-to-date: /home/team/SoftwareDevelopment/ROS2/skinny/install/communication/share/communication/cmake/communicationConfig.cmake
[1.125s] -- Up-to-date: /home/team/SoftwareDevelopment/ROS2/skinny/install/communication/share/communication/cmake/communicationConfig-version.cmake
[1.126s] -- Up-to-date: /home/team/SoftwareDevelopment/ROS2/skinny/install/communication/share/communication/package.xml
[1.141s] Invoked command in '/home/team/SoftwareDevelopment/ROS2/skinny/build/communication' returned '0': AMENT_PREFIX_PATH=/home/team/SoftwareDevelopment/ROS2/skinny/install/messages:${AMENT_PREFIX_PATH} CMAKE_PREFIX_PATH=/home/team/SoftwareDevelopment/ROS2/skinny/install/messages:/opt/ros/eloquent LD_LIBRARY_PATH=/home/team/SoftwareDevelopment/ROS2/skinny/install/messages/lib:${LD_LIBRARY_PATH} PYTHONPATH=/home/team/SoftwareDevelopment/ROS2/skinny/install/messages/lib/python3.6/site-packages:${PYTHONPATH} /usr/bin/cmake --build /home/team/SoftwareDevelopment/ROS2/skinny/build/communication --target install -- -j4 -l4
