[0.824s] DEBUG:colcon:Command line arguments: ['/usr/bin/colcon', 'build']
[0.824s] DEBUG:colcon:Parsed command line arguments: Namespace(ament_cmake_args=None, base_paths=['.'], bazel_args=None, bazel_task=None, build_base='build', catkin_cmake_args=None, catkin_skip_building_tests=False, cmake_args=None, cmake_clean_cache=False, cmake_clean_first=False, cmake_force_configure=False, cmake_target=None, cmake_target_skip_unavailable=False, continue_on_error=False, event_handlers=None, executor='parallel', ignore_user_meta=False, install_base='install', log_base=None, log_level=None, main=<bound method BuildVerb.main of <colcon_core.verb.build.BuildVerb object at 0x7faf7bb4f0>>, merge_install=False, metas=['./colcon.meta'], mixin=None, mixin_files=None, mixin_verb=('build',), packages_above=None, packages_above_and_dependencies=None, packages_above_depth=None, packages_end=None, packages_ignore=None, packages_ignore_regex=None, packages_select=None, packages_select_build_failed=False, packages_select_by_dep=None, packages_select_regex=None, packages_select_test_failures=False, packages_skip=None, packages_skip_build_finished=False, packages_skip_by_dep=None, packages_skip_regex=None, packages_skip_test_passed=False, packages_skip_up_to=None, packages_start=None, packages_up_to=None, packages_up_to_regex=None, parallel_workers=4, paths=None, symlink_install=False, test_result_base=None, verb_extension=<colcon_core.verb.build.BuildVerb object at 0x7faf7bb4f0>, verb_name='build', verb_parser=<colcon_mixin.mixin.mixin_argument.MixinArgumentDecorator object at 0x7faf7bbb20>)
[0.886s] Level 1:colcon.colcon_core.package_discovery:discover_packages(colcon_meta) check parameters
[0.886s] Level 1:colcon.colcon_core.package_discovery:discover_packages(recursive) check parameters
[0.886s] Level 1:colcon.colcon_core.package_discovery:discover_packages(ignore) check parameters
[0.887s] Level 1:colcon.colcon_core.package_discovery:discover_packages(path) check parameters
[0.887s] Level 1:colcon.colcon_core.package_discovery:discover_packages(colcon_meta) discover
[0.887s] Level 1:colcon.colcon_core.package_discovery:discover_packages(recursive) discover
[0.887s] INFO:colcon.colcon_core.package_discovery:Crawling recursively for packages in '/home/team/SoftwareDevelopment/ROS2/skinny'
[0.887s] Level 1:colcon.colcon_core.package_identification:_identify(.) by extensions ['ignore', 'ignore_ament_install']
[0.888s] Level 1:colcon.colcon_core.package_identification:_identify(.) by extension 'ignore'
[0.888s] Level 1:colcon.colcon_core.package_identification:_identify(.) by extension 'ignore_ament_install'
[0.888s] Level 1:colcon.colcon_core.package_identification:_identify(.) by extensions ['colcon_pkg']
[0.888s] Level 1:colcon.colcon_core.package_identification:_identify(.) by extension 'colcon_pkg'
[0.889s] Level 1:colcon.colcon_core.package_identification:_identify(.) by extensions ['colcon_meta']
[0.889s] Level 1:colcon.colcon_core.package_identification:_identify(.) by extension 'colcon_meta'
[0.889s] Level 1:colcon.colcon_core.package_identification:_identify(.) by extensions ['ros']
[0.889s] Level 1:colcon.colcon_core.package_identification:_identify(.) by extension 'ros'
[0.899s] Level 1:colcon.colcon_core.package_identification:_identify(.) by extensions ['bazel', 'cmake', 'python']
[0.900s] Level 1:colcon.colcon_core.package_identification:_identify(.) by extension 'bazel'
[0.900s] Level 1:colcon.colcon_core.package_identification:_identify(.) by extension 'cmake'
[0.900s] Level 1:colcon.colcon_core.package_identification:_identify(.) by extension 'python'
[0.900s] Level 1:colcon.colcon_core.package_identification:_identify(.) by extensions ['python_setup_py']
[0.900s] Level 1:colcon.colcon_core.package_identification:_identify(.) by extension 'python_setup_py'
[0.901s] Level 1:colcon.colcon_core.package_identification:_identify(build) by extensions ['ignore', 'ignore_ament_install']
[0.901s] Level 1:colcon.colcon_core.package_identification:_identify(build) by extension 'ignore'
[0.901s] Level 1:colcon.colcon_core.package_identification:_identify(build) ignored
[0.902s] Level 1:colcon.colcon_core.package_identification:_identify(install) by extensions ['ignore', 'ignore_ament_install']
[0.902s] Level 1:colcon.colcon_core.package_identification:_identify(install) by extension 'ignore'
[0.902s] Level 1:colcon.colcon_core.package_identification:_identify(install) ignored
[0.903s] Level 1:colcon.colcon_core.package_identification:_identify(launch) by extensions ['ignore', 'ignore_ament_install']
[0.903s] Level 1:colcon.colcon_core.package_identification:_identify(launch) by extension 'ignore'
[0.903s] Level 1:colcon.colcon_core.package_identification:_identify(launch) by extension 'ignore_ament_install'
[0.904s] Level 1:colcon.colcon_core.package_identification:_identify(launch) by extensions ['colcon_pkg']
[0.904s] Level 1:colcon.colcon_core.package_identification:_identify(launch) by extension 'colcon_pkg'
[0.904s] Level 1:colcon.colcon_core.package_identification:_identify(launch) by extensions ['colcon_meta']
[0.904s] Level 1:colcon.colcon_core.package_identification:_identify(launch) by extension 'colcon_meta'
[0.904s] Level 1:colcon.colcon_core.package_identification:_identify(launch) by extensions ['ros']
[0.904s] Level 1:colcon.colcon_core.package_identification:_identify(launch) by extension 'ros'
[0.905s] Level 1:colcon.colcon_core.package_identification:_identify(launch) by extensions ['bazel', 'cmake', 'python']
[0.905s] Level 1:colcon.colcon_core.package_identification:_identify(launch) by extension 'bazel'
[0.905s] Level 1:colcon.colcon_core.package_identification:_identify(launch) by extension 'cmake'
[0.905s] Level 1:colcon.colcon_core.package_identification:_identify(launch) by extension 'python'
[0.906s] Level 1:colcon.colcon_core.package_identification:_identify(launch) by extensions ['python_setup_py']
[0.906s] Level 1:colcon.colcon_core.package_identification:_identify(launch) by extension 'python_setup_py'
[0.906s] Level 1:colcon.colcon_core.package_identification:_identify(launch/__pycache__) by extensions ['ignore', 'ignore_ament_install']
[0.906s] Level 1:colcon.colcon_core.package_identification:_identify(launch/__pycache__) by extension 'ignore'
[0.907s] Level 1:colcon.colcon_core.package_identification:_identify(launch/__pycache__) by extension 'ignore_ament_install'
[0.907s] Level 1:colcon.colcon_core.package_identification:_identify(launch/__pycache__) by extensions ['colcon_pkg']
[0.907s] Level 1:colcon.colcon_core.package_identification:_identify(launch/__pycache__) by extension 'colcon_pkg'
[0.907s] Level 1:colcon.colcon_core.package_identification:_identify(launch/__pycache__) by extensions ['colcon_meta']
[0.907s] Level 1:colcon.colcon_core.package_identification:_identify(launch/__pycache__) by extension 'colcon_meta'
[0.908s] Level 1:colcon.colcon_core.package_identification:_identify(launch/__pycache__) by extensions ['ros']
[0.908s] Level 1:colcon.colcon_core.package_identification:_identify(launch/__pycache__) by extension 'ros'
[0.908s] Level 1:colcon.colcon_core.package_identification:_identify(launch/__pycache__) by extensions ['bazel', 'cmake', 'python']
[0.908s] Level 1:colcon.colcon_core.package_identification:_identify(launch/__pycache__) by extension 'bazel'
[0.908s] Level 1:colcon.colcon_core.package_identification:_identify(launch/__pycache__) by extension 'cmake'
[0.909s] Level 1:colcon.colcon_core.package_identification:_identify(launch/__pycache__) by extension 'python'
[0.909s] Level 1:colcon.colcon_core.package_identification:_identify(launch/__pycache__) by extensions ['python_setup_py']
[0.909s] Level 1:colcon.colcon_core.package_identification:_identify(launch/__pycache__) by extension 'python_setup_py'
[0.910s] Level 1:colcon.colcon_core.package_identification:_identify(log) by extensions ['ignore', 'ignore_ament_install']
[0.910s] Level 1:colcon.colcon_core.package_identification:_identify(log) by extension 'ignore'
[0.910s] Level 1:colcon.colcon_core.package_identification:_identify(log) ignored
[0.911s] Level 1:colcon.colcon_core.package_identification:_identify(src) by extensions ['ignore', 'ignore_ament_install']
[0.911s] Level 1:colcon.colcon_core.package_identification:_identify(src) by extension 'ignore'
[0.911s] Level 1:colcon.colcon_core.package_identification:_identify(src) by extension 'ignore_ament_install'
[0.911s] Level 1:colcon.colcon_core.package_identification:_identify(src) by extensions ['colcon_pkg']
[0.911s] Level 1:colcon.colcon_core.package_identification:_identify(src) by extension 'colcon_pkg'
[0.912s] Level 1:colcon.colcon_core.package_identification:_identify(src) by extensions ['colcon_meta']
[0.912s] Level 1:colcon.colcon_core.package_identification:_identify(src) by extension 'colcon_meta'
[0.912s] Level 1:colcon.colcon_core.package_identification:_identify(src) by extensions ['ros']
[0.912s] Level 1:colcon.colcon_core.package_identification:_identify(src) by extension 'ros'
[0.912s] Level 1:colcon.colcon_core.package_identification:_identify(src) by extensions ['bazel', 'cmake', 'python']
[0.913s] Level 1:colcon.colcon_core.package_identification:_identify(src) by extension 'bazel'
[0.913s] Level 1:colcon.colcon_core.package_identification:_identify(src) by extension 'cmake'
[0.913s] Level 1:colcon.colcon_core.package_identification:_identify(src) by extension 'python'
[0.913s] Level 1:colcon.colcon_core.package_identification:_identify(src) by extensions ['python_setup_py']
[0.913s] Level 1:colcon.colcon_core.package_identification:_identify(src) by extension 'python_setup_py'
[0.914s] Level 1:colcon.colcon_core.package_identification:_identify(src/communication) by extensions ['ignore', 'ignore_ament_install']
[0.914s] Level 1:colcon.colcon_core.package_identification:_identify(src/communication) by extension 'ignore'
[0.914s] Level 1:colcon.colcon_core.package_identification:_identify(src/communication) by extension 'ignore_ament_install'
[0.915s] Level 1:colcon.colcon_core.package_identification:_identify(src/communication) by extensions ['colcon_pkg']
[0.915s] Level 1:colcon.colcon_core.package_identification:_identify(src/communication) by extension 'colcon_pkg'
[0.915s] Level 1:colcon.colcon_core.package_identification:_identify(src/communication) by extensions ['colcon_meta']
[0.915s] Level 1:colcon.colcon_core.package_identification:_identify(src/communication) by extension 'colcon_meta'
[0.915s] Level 1:colcon.colcon_core.package_identification:_identify(src/communication) by extensions ['ros']
[0.915s] Level 1:colcon.colcon_core.package_identification:_identify(src/communication) by extension 'ros'
[0.924s] DEBUG:colcon.colcon_core.package_identification:Package 'src/communication' with type 'ros.ament_cmake' and name 'communication'
[0.925s] Level 1:colcon.colcon_core.package_identification:_identify(src/logic) by extensions ['ignore', 'ignore_ament_install']
[0.925s] Level 1:colcon.colcon_core.package_identification:_identify(src/logic) by extension 'ignore'
[0.925s] Level 1:colcon.colcon_core.package_identification:_identify(src/logic) by extension 'ignore_ament_install'
[0.926s] Level 1:colcon.colcon_core.package_identification:_identify(src/logic) by extensions ['colcon_pkg']
[0.926s] Level 1:colcon.colcon_core.package_identification:_identify(src/logic) by extension 'colcon_pkg'
[0.926s] Level 1:colcon.colcon_core.package_identification:_identify(src/logic) by extensions ['colcon_meta']
[0.926s] Level 1:colcon.colcon_core.package_identification:_identify(src/logic) by extension 'colcon_meta'
[0.926s] Level 1:colcon.colcon_core.package_identification:_identify(src/logic) by extensions ['ros']
[0.926s] Level 1:colcon.colcon_core.package_identification:_identify(src/logic) by extension 'ros'
[0.929s] DEBUG:colcon.colcon_core.package_identification:Package 'src/logic' with type 'ros.ament_cmake' and name 'logic'
[0.930s] Level 1:colcon.colcon_core.package_identification:_identify(src/messages) by extensions ['ignore', 'ignore_ament_install']
[0.930s] Level 1:colcon.colcon_core.package_identification:_identify(src/messages) by extension 'ignore'
[0.930s] Level 1:colcon.colcon_core.package_identification:_identify(src/messages) by extension 'ignore_ament_install'
[0.930s] Level 1:colcon.colcon_core.package_identification:_identify(src/messages) by extensions ['colcon_pkg']
[0.931s] Level 1:colcon.colcon_core.package_identification:_identify(src/messages) by extension 'colcon_pkg'
[0.931s] Level 1:colcon.colcon_core.package_identification:_identify(src/messages) by extensions ['colcon_meta']
[0.931s] Level 1:colcon.colcon_core.package_identification:_identify(src/messages) by extension 'colcon_meta'
[0.931s] Level 1:colcon.colcon_core.package_identification:_identify(src/messages) by extensions ['ros']
[0.931s] Level 1:colcon.colcon_core.package_identification:_identify(src/messages) by extension 'ros'
[0.934s] DEBUG:colcon.colcon_core.package_identification:Package 'src/messages' with type 'ros.ament_cmake' and name 'messages'
[0.935s] Level 1:colcon.colcon_core.package_identification:_identify(src/power_distribution_panel) by extensions ['ignore', 'ignore_ament_install']
[0.935s] Level 1:colcon.colcon_core.package_identification:_identify(src/power_distribution_panel) by extension 'ignore'
[0.935s] Level 1:colcon.colcon_core.package_identification:_identify(src/power_distribution_panel) by extension 'ignore_ament_install'
[0.935s] Level 1:colcon.colcon_core.package_identification:_identify(src/power_distribution_panel) by extensions ['colcon_pkg']
[0.936s] Level 1:colcon.colcon_core.package_identification:_identify(src/power_distribution_panel) by extension 'colcon_pkg'
[0.936s] Level 1:colcon.colcon_core.package_identification:_identify(src/power_distribution_panel) by extensions ['colcon_meta']
[0.936s] Level 1:colcon.colcon_core.package_identification:_identify(src/power_distribution_panel) by extension 'colcon_meta'
[0.936s] Level 1:colcon.colcon_core.package_identification:_identify(src/power_distribution_panel) by extensions ['ros']
[0.936s] Level 1:colcon.colcon_core.package_identification:_identify(src/power_distribution_panel) by extension 'ros'
[0.939s] DEBUG:colcon.colcon_core.package_identification:Package 'src/power_distribution_panel' with type 'ros.ament_cmake' and name 'power_distribution_panel'
[0.940s] Level 1:colcon.colcon_core.package_identification:_identify(src/talon) by extensions ['ignore', 'ignore_ament_install']
[0.940s] Level 1:colcon.colcon_core.package_identification:_identify(src/talon) by extension 'ignore'
[0.940s] Level 1:colcon.colcon_core.package_identification:_identify(src/talon) by extension 'ignore_ament_install'
[0.940s] Level 1:colcon.colcon_core.package_identification:_identify(src/talon) by extensions ['colcon_pkg']
[0.941s] Level 1:colcon.colcon_core.package_identification:_identify(src/talon) by extension 'colcon_pkg'
[0.941s] Level 1:colcon.colcon_core.package_identification:_identify(src/talon) by extensions ['colcon_meta']
[0.941s] Level 1:colcon.colcon_core.package_identification:_identify(src/talon) by extension 'colcon_meta'
[0.941s] Level 1:colcon.colcon_core.package_identification:_identify(src/talon) by extensions ['ros']
[0.941s] Level 1:colcon.colcon_core.package_identification:_identify(src/talon) by extension 'ros'
[0.944s] DEBUG:colcon.colcon_core.package_identification:Package 'src/talon' with type 'ros.ament_cmake' and name 'talon'
[0.944s] Level 1:colcon.colcon_core.package_discovery:discover_packages(recursive) using defaults
[0.944s] Level 1:colcon.colcon_core.package_discovery:discover_packages(ignore) discover
[0.944s] Level 1:colcon.colcon_core.package_discovery:discover_packages(ignore) using defaults
[0.944s] Level 1:colcon.colcon_core.package_discovery:discover_packages(path) discover
[0.944s] Level 1:colcon.colcon_core.package_discovery:discover_packages(path) using defaults
[1.025s] Level 5:colcon.colcon_core.verb:set package 'messages' build argument 'bazel_args' from command line to 'None'
[1.025s] Level 5:colcon.colcon_core.verb:set package 'messages' build argument 'bazel_task' from command line to 'None'
[1.025s] Level 5:colcon.colcon_core.verb:set package 'messages' build argument 'cmake_args' from command line to 'None'
[1.025s] Level 5:colcon.colcon_core.verb:set package 'messages' build argument 'cmake_target' from command line to 'None'
[1.026s] Level 5:colcon.colcon_core.verb:set package 'messages' build argument 'cmake_target_skip_unavailable' from command line to 'False'
[1.026s] Level 5:colcon.colcon_core.verb:set package 'messages' build argument 'cmake_clean_cache' from command line to 'False'
[1.026s] Level 5:colcon.colcon_core.verb:set package 'messages' build argument 'cmake_clean_first' from command line to 'False'
[1.026s] Level 5:colcon.colcon_core.verb:set package 'messages' build argument 'cmake_force_configure' from command line to 'False'
[1.026s] Level 5:colcon.colcon_core.verb:set package 'messages' build argument 'ament_cmake_args' from command line to 'None'
[1.026s] Level 5:colcon.colcon_core.verb:set package 'messages' build argument 'catkin_cmake_args' from command line to 'None'
[1.026s] Level 5:colcon.colcon_core.verb:set package 'messages' build argument 'catkin_skip_building_tests' from command line to 'False'
[1.027s] DEBUG:colcon.colcon_core.verb:Building package 'messages' with the following arguments: {'ament_cmake_args': None, 'bazel_args': None, 'bazel_task': None, 'build_base': '/home/team/SoftwareDevelopment/ROS2/skinny/build/messages', 'catkin_cmake_args': None, 'catkin_skip_building_tests': False, 'cmake_args': None, 'cmake_clean_cache': False, 'cmake_clean_first': False, 'cmake_force_configure': False, 'cmake_target': None, 'cmake_target_skip_unavailable': False, 'install_base': '/home/team/SoftwareDevelopment/ROS2/skinny/install/messages', 'merge_install': False, 'path': '/home/team/SoftwareDevelopment/ROS2/skinny/src/messages', 'symlink_install': False, 'test_result_base': None}
[1.039s] Level 5:colcon.colcon_core.verb:set package 'communication' build argument 'bazel_args' from command line to 'None'
[1.039s] Level 5:colcon.colcon_core.verb:set package 'communication' build argument 'bazel_task' from command line to 'None'
[1.039s] Level 5:colcon.colcon_core.verb:set package 'communication' build argument 'cmake_args' from command line to 'None'
[1.039s] Level 5:colcon.colcon_core.verb:set package 'communication' build argument 'cmake_target' from command line to 'None'
[1.039s] Level 5:colcon.colcon_core.verb:set package 'communication' build argument 'cmake_target_skip_unavailable' from command line to 'False'
[1.039s] Level 5:colcon.colcon_core.verb:set package 'communication' build argument 'cmake_clean_cache' from command line to 'False'
[1.040s] Level 5:colcon.colcon_core.verb:set package 'communication' build argument 'cmake_clean_first' from command line to 'False'
[1.040s] Level 5:colcon.colcon_core.verb:set package 'communication' build argument 'cmake_force_configure' from command line to 'False'
[1.040s] Level 5:colcon.colcon_core.verb:set package 'communication' build argument 'ament_cmake_args' from command line to 'None'
[1.040s] Level 5:colcon.colcon_core.verb:set package 'communication' build argument 'catkin_cmake_args' from command line to 'None'
[1.040s] Level 5:colcon.colcon_core.verb:set package 'communication' build argument 'catkin_skip_building_tests' from command line to 'False'
[1.040s] DEBUG:colcon.colcon_core.verb:Building package 'communication' with the following arguments: {'ament_cmake_args': None, 'bazel_args': None, 'bazel_task': None, 'build_base': '/home/team/SoftwareDevelopment/ROS2/skinny/build/communication', 'catkin_cmake_args': None, 'catkin_skip_building_tests': False, 'cmake_args': None, 'cmake_clean_cache': False, 'cmake_clean_first': False, 'cmake_force_configure': False, 'cmake_target': None, 'cmake_target_skip_unavailable': False, 'install_base': '/home/team/SoftwareDevelopment/ROS2/skinny/install/communication', 'merge_install': False, 'path': '/home/team/SoftwareDevelopment/ROS2/skinny/src/communication', 'symlink_install': False, 'test_result_base': None}
[1.052s] Level 5:colcon.colcon_core.verb:set package 'logic' build argument 'bazel_args' from command line to 'None'
[1.052s] Level 5:colcon.colcon_core.verb:set package 'logic' build argument 'bazel_task' from command line to 'None'
[1.056s] Level 5:colcon.colcon_core.verb:set package 'logic' build argument 'cmake_args' from command line to 'None'
[1.056s] Level 5:colcon.colcon_core.verb:set package 'logic' build argument 'cmake_target' from command line to 'None'
[1.056s] Level 5:colcon.colcon_core.verb:set package 'logic' build argument 'cmake_target_skip_unavailable' from command line to 'False'
[1.056s] Level 5:colcon.colcon_core.verb:set package 'logic' build argument 'cmake_clean_cache' from command line to 'False'
[1.056s] Level 5:colcon.colcon_core.verb:set package 'logic' build argument 'cmake_clean_first' from command line to 'False'
[1.057s] Level 5:colcon.colcon_core.verb:set package 'logic' build argument 'cmake_force_configure' from command line to 'False'
[1.057s] Level 5:colcon.colcon_core.verb:set package 'logic' build argument 'ament_cmake_args' from command line to 'None'
[1.057s] Level 5:colcon.colcon_core.verb:set package 'logic' build argument 'catkin_cmake_args' from command line to 'None'
[1.057s] Level 5:colcon.colcon_core.verb:set package 'logic' build argument 'catkin_skip_building_tests' from command line to 'False'
[1.057s] DEBUG:colcon.colcon_core.verb:Building package 'logic' with the following arguments: {'ament_cmake_args': None, 'bazel_args': None, 'bazel_task': None, 'build_base': '/home/team/SoftwareDevelopment/ROS2/skinny/build/logic', 'catkin_cmake_args': None, 'catkin_skip_building_tests': False, 'cmake_args': None, 'cmake_clean_cache': False, 'cmake_clean_first': False, 'cmake_force_configure': False, 'cmake_target': None, 'cmake_target_skip_unavailable': False, 'install_base': '/home/team/SoftwareDevelopment/ROS2/skinny/install/logic', 'merge_install': False, 'path': '/home/team/SoftwareDevelopment/ROS2/skinny/src/logic', 'symlink_install': False, 'test_result_base': None}
[1.070s] Level 5:colcon.colcon_core.verb:set package 'power_distribution_panel' build argument 'bazel_args' from command line to 'None'
[1.070s] Level 5:colcon.colcon_core.verb:set package 'power_distribution_panel' build argument 'bazel_task' from command line to 'None'
[1.071s] Level 5:colcon.colcon_core.verb:set package 'power_distribution_panel' build argument 'cmake_args' from command line to 'None'
[1.071s] Level 5:colcon.colcon_core.verb:set package 'power_distribution_panel' build argument 'cmake_target' from command line to 'None'
[1.071s] Level 5:colcon.colcon_core.verb:set package 'power_distribution_panel' build argument 'cmake_target_skip_unavailable' from command line to 'False'
[1.071s] Level 5:colcon.colcon_core.verb:set package 'power_distribution_panel' build argument 'cmake_clean_cache' from command line to 'False'
[1.071s] Level 5:colcon.colcon_core.verb:set package 'power_distribution_panel' build argument 'cmake_clean_first' from command line to 'False'
[1.071s] Level 5:colcon.colcon_core.verb:set package 'power_distribution_panel' build argument 'cmake_force_configure' from command line to 'False'
[1.071s] Level 5:colcon.colcon_core.verb:set package 'power_distribution_panel' build argument 'ament_cmake_args' from command line to 'None'
[1.071s] Level 5:colcon.colcon_core.verb:set package 'power_distribution_panel' build argument 'catkin_cmake_args' from command line to 'None'
[1.072s] Level 5:colcon.colcon_core.verb:set package 'power_distribution_panel' build argument 'catkin_skip_building_tests' from command line to 'False'
[1.072s] DEBUG:colcon.colcon_core.verb:Building package 'power_distribution_panel' with the following arguments: {'ament_cmake_args': None, 'bazel_args': None, 'bazel_task': None, 'build_base': '/home/team/SoftwareDevelopment/ROS2/skinny/build/power_distribution_panel', 'catkin_cmake_args': None, 'catkin_skip_building_tests': False, 'cmake_args': None, 'cmake_clean_cache': False, 'cmake_clean_first': False, 'cmake_force_configure': False, 'cmake_target': None, 'cmake_target_skip_unavailable': False, 'install_base': '/home/team/SoftwareDevelopment/ROS2/skinny/install/power_distribution_panel', 'merge_install': False, 'path': '/home/team/SoftwareDevelopment/ROS2/skinny/src/power_distribution_panel', 'symlink_install': False, 'test_result_base': None}
[1.085s] Level 5:colcon.colcon_core.verb:set package 'talon' build argument 'bazel_args' from command line to 'None'
[1.086s] Level 5:colcon.colcon_core.verb:set package 'talon' build argument 'bazel_task' from command line to 'None'
[1.086s] Level 5:colcon.colcon_core.verb:set package 'talon' build argument 'cmake_args' from command line to 'None'
[1.086s] Level 5:colcon.colcon_core.verb:set package 'talon' build argument 'cmake_target' from command line to 'None'
[1.086s] Level 5:colcon.colcon_core.verb:set package 'talon' build argument 'cmake_target_skip_unavailable' from command line to 'False'
[1.086s] Level 5:colcon.colcon_core.verb:set package 'talon' build argument 'cmake_clean_cache' from command line to 'False'
[1.086s] Level 5:colcon.colcon_core.verb:set package 'talon' build argument 'cmake_clean_first' from command line to 'False'
[1.086s] Level 5:colcon.colcon_core.verb:set package 'talon' build argument 'cmake_force_configure' from command line to 'False'
[1.087s] Level 5:colcon.colcon_core.verb:set package 'talon' build argument 'ament_cmake_args' from command line to 'None'
[1.087s] Level 5:colcon.colcon_core.verb:set package 'talon' build argument 'catkin_cmake_args' from command line to 'None'
[1.087s] Level 5:colcon.colcon_core.verb:set package 'talon' build argument 'catkin_skip_building_tests' from command line to 'False'
[1.087s] DEBUG:colcon.colcon_core.verb:Building package 'talon' with the following arguments: {'ament_cmake_args': None, 'bazel_args': None, 'bazel_task': None, 'build_base': '/home/team/SoftwareDevelopment/ROS2/skinny/build/talon', 'catkin_cmake_args': None, 'catkin_skip_building_tests': False, 'cmake_args': None, 'cmake_clean_cache': False, 'cmake_clean_first': False, 'cmake_force_configure': False, 'cmake_target': None, 'cmake_target_skip_unavailable': False, 'install_base': '/home/team/SoftwareDevelopment/ROS2/skinny/install/talon', 'merge_install': False, 'path': '/home/team/SoftwareDevelopment/ROS2/skinny/src/talon', 'symlink_install': False, 'test_result_base': None}
[1.089s] INFO:colcon.colcon_core.executor:Executing jobs using 'parallel' executor
[1.099s] DEBUG:colcon.colcon_parallel_executor.executor.parallel:run_until_complete
[1.100s] INFO:colcon.colcon_ros.task.ament_cmake.build:Building ROS package in '/home/team/SoftwareDevelopment/ROS2/skinny/src/messages' with build type 'ament_cmake'
[1.101s] INFO:colcon.colcon_cmake.task.cmake.build:Building CMake package in '/home/team/SoftwareDevelopment/ROS2/skinny/src/messages'
[1.117s] INFO:colcon.colcon_core.plugin_system:Skipping extension 'colcon_core.shell.bat': Not used on non-Windows systems
[1.118s] INFO:colcon.colcon_core.shell:Skip shell extension 'powershell' for command environment: Not usable outside of PowerShell
[1.118s] DEBUG:colcon.colcon_core.shell:Skip shell extension 'dsv' for command environment
[1.168s] DEBUG:colcon.colcon_core.event_handler.log_command:Invoking command in '/home/team/SoftwareDevelopment/ROS2/skinny/build/messages': /usr/bin/cmake --build /home/team/SoftwareDevelopment/ROS2/skinny/build/messages -- -j4 -l4
[1.994s] DEBUG:colcon.colcon_core.event_handler.log_command:Invoked command in '/home/team/SoftwareDevelopment/ROS2/skinny/build/messages' returned '0': /usr/bin/cmake --build /home/team/SoftwareDevelopment/ROS2/skinny/build/messages -- -j4 -l4
[2.624s] DEBUG:colcon.colcon_core.event_handler.log_command:Invoking command in '/home/team/SoftwareDevelopment/ROS2/skinny/build/messages': /usr/bin/cmake --install /home/team/SoftwareDevelopment/ROS2/skinny/build/messages
[2.848s] Level 1:colcon.colcon_core.environment:create_environment_scripts_only(messages)
[2.851s] DEBUG:colcon.colcon_core.event_handler.log_command:Invoked command in '/home/team/SoftwareDevelopment/ROS2/skinny/build/messages' returned '0': /usr/bin/cmake --install /home/team/SoftwareDevelopment/ROS2/skinny/build/messages
[2.862s] Level 1:colcon.colcon_core.environment:checking '/home/team/SoftwareDevelopment/ROS2/skinny/install/messages' for CMake module files
[2.865s] Level 1:colcon.colcon_core.environment:checking '/home/team/SoftwareDevelopment/ROS2/skinny/install/messages' for CMake config files
[2.867s] Level 1:colcon.colcon_core.shell:create_environment_hook('messages', 'cmake_prefix_path')
[2.870s] INFO:colcon.colcon_core.shell:Creating environment hook '/home/team/SoftwareDevelopment/ROS2/skinny/install/messages/share/messages/hook/cmake_prefix_path.ps1'
[2.873s] INFO:colcon.colcon_core.shell:Creating environment descriptor '/home/team/SoftwareDevelopment/ROS2/skinny/install/messages/share/messages/hook/cmake_prefix_path.dsv'
[2.874s] INFO:colcon.colcon_core.shell:Creating environment hook '/home/team/SoftwareDevelopment/ROS2/skinny/install/messages/share/messages/hook/cmake_prefix_path.sh'
[2.878s] Level 1:colcon.colcon_core.environment:checking '/home/team/SoftwareDevelopment/ROS2/skinny/install/messages/lib'
[2.878s] Level 1:colcon.colcon_core.shell:create_environment_hook('messages', 'ld_library_path_lib')
[2.881s] INFO:colcon.colcon_core.shell:Creating environment hook '/home/team/SoftwareDevelopment/ROS2/skinny/install/messages/share/messages/hook/ld_library_path_lib.ps1'
[2.883s] INFO:colcon.colcon_core.shell:Creating environment descriptor '/home/team/SoftwareDevelopment/ROS2/skinny/install/messages/share/messages/hook/ld_library_path_lib.dsv'
[2.884s] INFO:colcon.colcon_core.shell:Creating environment hook '/home/team/SoftwareDevelopment/ROS2/skinny/install/messages/share/messages/hook/ld_library_path_lib.sh'
[2.886s] Level 1:colcon.colcon_core.environment:checking '/home/team/SoftwareDevelopment/ROS2/skinny/install/messages/bin'
[2.886s] Level 1:colcon.colcon_core.environment:checking '/home/team/SoftwareDevelopment/ROS2/skinny/install/messages/lib/pkgconfig/messages.pc'
[2.887s] Level 1:colcon.colcon_core.environment:checking '/home/team/SoftwareDevelopment/ROS2/skinny/install/messages/lib/python3.8/site-packages'
[2.887s] Level 1:colcon.colcon_core.shell:create_environment_hook('messages', 'pythonpath')
[2.889s] INFO:colcon.colcon_core.shell:Creating environment hook '/home/team/SoftwareDevelopment/ROS2/skinny/install/messages/share/messages/hook/pythonpath.ps1'
[2.891s] INFO:colcon.colcon_core.shell:Creating environment descriptor '/home/team/SoftwareDevelopment/ROS2/skinny/install/messages/share/messages/hook/pythonpath.dsv'
[2.892s] INFO:colcon.colcon_core.shell:Creating environment hook '/home/team/SoftwareDevelopment/ROS2/skinny/install/messages/share/messages/hook/pythonpath.sh'
[2.896s] INFO:colcon.colcon_core.shell:Creating package script '/home/team/SoftwareDevelopment/ROS2/skinny/install/messages/share/messages/package.ps1'
[2.899s] INFO:colcon.colcon_core.shell:Creating package descriptor '/home/team/SoftwareDevelopment/ROS2/skinny/install/messages/share/messages/package.dsv'
[2.902s] INFO:colcon.colcon_core.shell:Creating package script '/home/team/SoftwareDevelopment/ROS2/skinny/install/messages/share/messages/package.sh'
[2.906s] INFO:colcon.colcon_core.shell:Creating package script '/home/team/SoftwareDevelopment/ROS2/skinny/install/messages/share/messages/package.bash'
[2.909s] INFO:colcon.colcon_core.shell:Creating package script '/home/team/SoftwareDevelopment/ROS2/skinny/install/messages/share/messages/package.zsh'
[2.912s] Level 1:colcon.colcon_core.environment:create_file_with_runtime_dependencies(/home/team/SoftwareDevelopment/ROS2/skinny/install/messages/share/colcon-core/packages/messages)
[3.528s] Level 1:colcon.colcon_core.environment:create_environment_scripts_only(messages)
[3.532s] Level 1:colcon.colcon_core.environment:checking '/home/team/SoftwareDevelopment/ROS2/skinny/install/messages' for CMake module files
[3.536s] Level 1:colcon.colcon_core.environment:checking '/home/team/SoftwareDevelopment/ROS2/skinny/install/messages' for CMake config files
[3.538s] Level 1:colcon.colcon_core.shell:create_environment_hook('messages', 'cmake_prefix_path')
[3.540s] INFO:colcon.colcon_core.shell:Creating environment hook '/home/team/SoftwareDevelopment/ROS2/skinny/install/messages/share/messages/hook/cmake_prefix_path.ps1'
[3.543s] INFO:colcon.colcon_core.shell:Creating environment descriptor '/home/team/SoftwareDevelopment/ROS2/skinny/install/messages/share/messages/hook/cmake_prefix_path.dsv'
[3.545s] INFO:colcon.colcon_core.shell:Creating environment hook '/home/team/SoftwareDevelopment/ROS2/skinny/install/messages/share/messages/hook/cmake_prefix_path.sh'
[3.547s] Level 1:colcon.colcon_core.environment:checking '/home/team/SoftwareDevelopment/ROS2/skinny/install/messages/lib'
[3.548s] Level 1:colcon.colcon_core.shell:create_environment_hook('messages', 'ld_library_path_lib')
[3.550s] INFO:colcon.colcon_core.shell:Creating environment hook '/home/team/SoftwareDevelopment/ROS2/skinny/install/messages/share/messages/hook/ld_library_path_lib.ps1'
[3.552s] INFO:colcon.colcon_core.shell:Creating environment descriptor '/home/team/SoftwareDevelopment/ROS2/skinny/install/messages/share/messages/hook/ld_library_path_lib.dsv'
[3.553s] INFO:colcon.colcon_core.shell:Creating environment hook '/home/team/SoftwareDevelopment/ROS2/skinny/install/messages/share/messages/hook/ld_library_path_lib.sh'
[3.554s] Level 1:colcon.colcon_core.environment:checking '/home/team/SoftwareDevelopment/ROS2/skinny/install/messages/bin'
[3.555s] Level 1:colcon.colcon_core.environment:checking '/home/team/SoftwareDevelopment/ROS2/skinny/install/messages/lib/pkgconfig/messages.pc'
[3.555s] Level 1:colcon.colcon_core.environment:checking '/home/team/SoftwareDevelopment/ROS2/skinny/install/messages/lib/python3.8/site-packages'
[3.555s] Level 1:colcon.colcon_core.shell:create_environment_hook('messages', 'pythonpath')
[3.557s] INFO:colcon.colcon_core.shell:Creating environment hook '/home/team/SoftwareDevelopment/ROS2/skinny/install/messages/share/messages/hook/pythonpath.ps1'
[3.559s] INFO:colcon.colcon_core.shell:Creating environment descriptor '/home/team/SoftwareDevelopment/ROS2/skinny/install/messages/share/messages/hook/pythonpath.dsv'
[3.561s] INFO:colcon.colcon_core.shell:Creating environment hook '/home/team/SoftwareDevelopment/ROS2/skinny/install/messages/share/messages/hook/pythonpath.sh'
[3.566s] INFO:colcon.colcon_core.shell:Creating package script '/home/team/SoftwareDevelopment/ROS2/skinny/install/messages/share/messages/package.ps1'
[3.568s] INFO:colcon.colcon_core.shell:Creating package descriptor '/home/team/SoftwareDevelopment/ROS2/skinny/install/messages/share/messages/package.dsv'
[3.571s] INFO:colcon.colcon_core.shell:Creating package script '/home/team/SoftwareDevelopment/ROS2/skinny/install/messages/share/messages/package.sh'
[3.573s] INFO:colcon.colcon_core.shell:Creating package script '/home/team/SoftwareDevelopment/ROS2/skinny/install/messages/share/messages/package.bash'
[3.574s] INFO:colcon.colcon_core.shell:Creating package script '/home/team/SoftwareDevelopment/ROS2/skinny/install/messages/share/messages/package.zsh'
[3.575s] Level 1:colcon.colcon_core.environment:create_file_with_runtime_dependencies(/home/team/SoftwareDevelopment/ROS2/skinny/install/messages/share/colcon-core/packages/messages)
[3.577s] INFO:colcon.colcon_ros.task.ament_cmake.build:Building ROS package in '/home/team/SoftwareDevelopment/ROS2/skinny/src/communication' with build type 'ament_cmake'
[3.577s] INFO:colcon.colcon_cmake.task.cmake.build:Building CMake package in '/home/team/SoftwareDevelopment/ROS2/skinny/src/communication'
[3.580s] INFO:colcon.colcon_core.shell:Skip shell extension 'powershell' for command environment: Not usable outside of PowerShell
[3.580s] DEBUG:colcon.colcon_core.shell:Skip shell extension 'dsv' for command environment
[3.610s] INFO:colcon.colcon_ros.task.ament_cmake.build:Building ROS package in '/home/team/SoftwareDevelopment/ROS2/skinny/src/logic' with build type 'ament_cmake'
[3.611s] INFO:colcon.colcon_cmake.task.cmake.build:Building CMake package in '/home/team/SoftwareDevelopment/ROS2/skinny/src/logic'
[3.615s] INFO:colcon.colcon_core.shell:Skip shell extension 'powershell' for command environment: Not usable outside of PowerShell
[3.615s] DEBUG:colcon.colcon_core.shell:Skip shell extension 'dsv' for command environment
[3.649s] INFO:colcon.colcon_ros.task.ament_cmake.build:Building ROS package in '/home/team/SoftwareDevelopment/ROS2/skinny/src/power_distribution_panel' with build type 'ament_cmake'
[3.651s] INFO:colcon.colcon_cmake.task.cmake.build:Building CMake package in '/home/team/SoftwareDevelopment/ROS2/skinny/src/power_distribution_panel'
[3.654s] INFO:colcon.colcon_core.shell:Skip shell extension 'powershell' for command environment: Not usable outside of PowerShell
[3.655s] DEBUG:colcon.colcon_core.shell:Skip shell extension 'dsv' for command environment
[3.690s] INFO:colcon.colcon_ros.task.ament_cmake.build:Building ROS package in '/home/team/SoftwareDevelopment/ROS2/skinny/src/talon' with build type 'ament_cmake'
[3.691s] INFO:colcon.colcon_cmake.task.cmake.build:Building CMake package in '/home/team/SoftwareDevelopment/ROS2/skinny/src/talon'
[3.695s] INFO:colcon.colcon_core.shell:Skip shell extension 'powershell' for command environment: Not usable outside of PowerShell
[3.695s] DEBUG:colcon.colcon_core.shell:Skip shell extension 'dsv' for command environment
[3.758s] DEBUG:colcon.colcon_core.event_handler.log_command:Invoking command in '/home/team/SoftwareDevelopment/ROS2/skinny/build/communication': AMENT_PREFIX_PATH=/home/team/SoftwareDevelopment/ROS2/skinny/install/messages:${AMENT_PREFIX_PATH} CMAKE_PREFIX_PATH=/home/team/SoftwareDevelopment/ROS2/skinny/install/messages:${CMAKE_PREFIX_PATH} LD_LIBRARY_PATH=/home/team/SoftwareDevelopment/ROS2/skinny/install/messages/lib:${LD_LIBRARY_PATH} PYTHONPATH=/home/team/SoftwareDevelopment/ROS2/skinny/install/messages/lib/python3.8/site-packages:${PYTHONPATH} /usr/bin/cmake --build /home/team/SoftwareDevelopment/ROS2/skinny/build/communication -- -j4 -l4
[3.778s] DEBUG:colcon.colcon_core.event_handler.log_command:Invoking command in '/home/team/SoftwareDevelopment/ROS2/skinny/build/logic': AMENT_PREFIX_PATH=/home/team/SoftwareDevelopment/ROS2/skinny/install/messages:${AMENT_PREFIX_PATH} CMAKE_PREFIX_PATH=/home/team/SoftwareDevelopment/ROS2/skinny/install/messages:${CMAKE_PREFIX_PATH} LD_LIBRARY_PATH=/home/team/SoftwareDevelopment/ROS2/skinny/install/messages/lib:${LD_LIBRARY_PATH} PYTHONPATH=/home/team/SoftwareDevelopment/ROS2/skinny/install/messages/lib/python3.8/site-packages:${PYTHONPATH} /usr/bin/cmake --build /home/team/SoftwareDevelopment/ROS2/skinny/build/logic -- -j4 -l4
[3.800s] DEBUG:colcon.colcon_core.event_handler.log_command:Invoking command in '/home/team/SoftwareDevelopment/ROS2/skinny/build/power_distribution_panel': AMENT_PREFIX_PATH=/home/team/SoftwareDevelopment/ROS2/skinny/install/messages:${AMENT_PREFIX_PATH} CMAKE_PREFIX_PATH=/home/team/SoftwareDevelopment/ROS2/skinny/install/messages:${CMAKE_PREFIX_PATH} LD_LIBRARY_PATH=/home/team/SoftwareDevelopment/ROS2/skinny/install/messages/lib:${LD_LIBRARY_PATH} PYTHONPATH=/home/team/SoftwareDevelopment/ROS2/skinny/install/messages/lib/python3.8/site-packages:${PYTHONPATH} /usr/bin/cmake --build /home/team/SoftwareDevelopment/ROS2/skinny/build/power_distribution_panel -- -j4 -l4
[3.823s] DEBUG:colcon.colcon_core.event_handler.log_command:Invoking command in '/home/team/SoftwareDevelopment/ROS2/skinny/build/talon': AMENT_PREFIX_PATH=/home/team/SoftwareDevelopment/ROS2/skinny/install/messages:${AMENT_PREFIX_PATH} CMAKE_PREFIX_PATH=/home/team/SoftwareDevelopment/ROS2/skinny/install/messages:${CMAKE_PREFIX_PATH} LD_LIBRARY_PATH=/home/team/SoftwareDevelopment/ROS2/skinny/install/messages/lib:${LD_LIBRARY_PATH} PYTHONPATH=/home/team/SoftwareDevelopment/ROS2/skinny/install/messages/lib/python3.8/site-packages:${PYTHONPATH} /usr/bin/cmake --build /home/team/SoftwareDevelopment/ROS2/skinny/build/talon -- -j4 -l4
[4.088s] DEBUG:colcon.colcon_core.event_handler.log_command:Invoked command in '/home/team/SoftwareDevelopment/ROS2/skinny/build/logic' returned '0': AMENT_PREFIX_PATH=/home/team/SoftwareDevelopment/ROS2/skinny/install/messages:${AMENT_PREFIX_PATH} CMAKE_PREFIX_PATH=/home/team/SoftwareDevelopment/ROS2/skinny/install/messages:${CMAKE_PREFIX_PATH} LD_LIBRARY_PATH=/home/team/SoftwareDevelopment/ROS2/skinny/install/messages/lib:${LD_LIBRARY_PATH} PYTHONPATH=/home/team/SoftwareDevelopment/ROS2/skinny/install/messages/lib/python3.8/site-packages:${PYTHONPATH} /usr/bin/cmake --build /home/team/SoftwareDevelopment/ROS2/skinny/build/logic -- -j4 -l4
[4.113s] DEBUG:colcon.colcon_core.event_handler.log_command:Invoked command in '/home/team/SoftwareDevelopment/ROS2/skinny/build/power_distribution_panel' returned '0': AMENT_PREFIX_PATH=/home/team/SoftwareDevelopment/ROS2/skinny/install/messages:${AMENT_PREFIX_PATH} CMAKE_PREFIX_PATH=/home/team/SoftwareDevelopment/ROS2/skinny/install/messages:${CMAKE_PREFIX_PATH} LD_LIBRARY_PATH=/home/team/SoftwareDevelopment/ROS2/skinny/install/messages/lib:${LD_LIBRARY_PATH} PYTHONPATH=/home/team/SoftwareDevelopment/ROS2/skinny/install/messages/lib/python3.8/site-packages:${PYTHONPATH} /usr/bin/cmake --build /home/team/SoftwareDevelopment/ROS2/skinny/build/power_distribution_panel -- -j4 -l4
[4.194s] DEBUG:colcon.colcon_core.event_handler.log_command:Invoked command in '/home/team/SoftwareDevelopment/ROS2/skinny/build/talon' returned '0': AMENT_PREFIX_PATH=/home/team/SoftwareDevelopment/ROS2/skinny/install/messages:${AMENT_PREFIX_PATH} CMAKE_PREFIX_PATH=/home/team/SoftwareDevelopment/ROS2/skinny/install/messages:${CMAKE_PREFIX_PATH} LD_LIBRARY_PATH=/home/team/SoftwareDevelopment/ROS2/skinny/install/messages/lib:${LD_LIBRARY_PATH} PYTHONPATH=/home/team/SoftwareDevelopment/ROS2/skinny/install/messages/lib/python3.8/site-packages:${PYTHONPATH} /usr/bin/cmake --build /home/team/SoftwareDevelopment/ROS2/skinny/build/talon -- -j4 -l4
[4.228s] DEBUG:colcon.colcon_core.event_handler.log_command:Invoking command in '/home/team/SoftwareDevelopment/ROS2/skinny/build/power_distribution_panel': AMENT_PREFIX_PATH=/home/team/SoftwareDevelopment/ROS2/skinny/install/messages:${AMENT_PREFIX_PATH} CMAKE_PREFIX_PATH=/home/team/SoftwareDevelopment/ROS2/skinny/install/messages:${CMAKE_PREFIX_PATH} LD_LIBRARY_PATH=/home/team/SoftwareDevelopment/ROS2/skinny/install/messages/lib:${LD_LIBRARY_PATH} PYTHONPATH=/home/team/SoftwareDevelopment/ROS2/skinny/install/messages/lib/python3.8/site-packages:${PYTHONPATH} /usr/bin/cmake --install /home/team/SoftwareDevelopment/ROS2/skinny/build/power_distribution_panel
[4.244s] DEBUG:colcon.colcon_core.event_handler.log_command:Invoking command in '/home/team/SoftwareDevelopment/ROS2/skinny/build/logic': AMENT_PREFIX_PATH=/home/team/SoftwareDevelopment/ROS2/skinny/install/messages:${AMENT_PREFIX_PATH} CMAKE_PREFIX_PATH=/home/team/SoftwareDevelopment/ROS2/skinny/install/messages:${CMAKE_PREFIX_PATH} LD_LIBRARY_PATH=/home/team/SoftwareDevelopment/ROS2/skinny/install/messages/lib:${LD_LIBRARY_PATH} PYTHONPATH=/home/team/SoftwareDevelopment/ROS2/skinny/install/messages/lib/python3.8/site-packages:${PYTHONPATH} /usr/bin/cmake --install /home/team/SoftwareDevelopment/ROS2/skinny/build/logic
[4.292s] Level 1:colcon.colcon_core.environment:create_environment_scripts_only(logic)
[4.297s] Level 1:colcon.colcon_core.environment:checking '/home/team/SoftwareDevelopment/ROS2/skinny/install/logic' for CMake module files
[4.301s] Level 1:colcon.colcon_core.environment:checking '/home/team/SoftwareDevelopment/ROS2/skinny/install/logic' for CMake config files
[4.303s] Level 1:colcon.colcon_core.shell:create_environment_hook('logic', 'cmake_prefix_path')
[4.306s] INFO:colcon.colcon_core.shell:Creating environment hook '/home/team/SoftwareDevelopment/ROS2/skinny/install/logic/share/logic/hook/cmake_prefix_path.ps1'
[4.308s] INFO:colcon.colcon_core.shell:Creating environment descriptor '/home/team/SoftwareDevelopment/ROS2/skinny/install/logic/share/logic/hook/cmake_prefix_path.dsv'
[4.311s] INFO:colcon.colcon_core.shell:Creating environment hook '/home/team/SoftwareDevelopment/ROS2/skinny/install/logic/share/logic/hook/cmake_prefix_path.sh'
[4.313s] DEBUG:colcon.colcon_core.event_handler.log_command:Invoked command in '/home/team/SoftwareDevelopment/ROS2/skinny/build/logic' returned '0': AMENT_PREFIX_PATH=/home/team/SoftwareDevelopment/ROS2/skinny/install/messages:${AMENT_PREFIX_PATH} CMAKE_PREFIX_PATH=/home/team/SoftwareDevelopment/ROS2/skinny/install/messages:${CMAKE_PREFIX_PATH} LD_LIBRARY_PATH=/home/team/SoftwareDevelopment/ROS2/skinny/install/messages/lib:${LD_LIBRARY_PATH} PYTHONPATH=/home/team/SoftwareDevelopment/ROS2/skinny/install/messages/lib/python3.8/site-packages:${PYTHONPATH} /usr/bin/cmake --install /home/team/SoftwareDevelopment/ROS2/skinny/build/logic
[4.317s] Level 1:colcon.colcon_core.environment:checking '/home/team/SoftwareDevelopment/ROS2/skinny/install/logic/lib'
[4.319s] Level 1:colcon.colcon_core.environment:checking '/home/team/SoftwareDevelopment/ROS2/skinny/install/logic/bin'
[4.319s] Level 1:colcon.colcon_core.environment:checking '/home/team/SoftwareDevelopment/ROS2/skinny/install/logic/lib/pkgconfig/logic.pc'
[4.320s] Level 1:colcon.colcon_core.environment:checking '/home/team/SoftwareDevelopment/ROS2/skinny/install/logic/lib/python3.8/site-packages'
[4.323s] INFO:colcon.colcon_core.shell:Creating package script '/home/team/SoftwareDevelopment/ROS2/skinny/install/logic/share/logic/package.ps1'
[4.327s] INFO:colcon.colcon_core.shell:Creating package descriptor '/home/team/SoftwareDevelopment/ROS2/skinny/install/logic/share/logic/package.dsv'
[4.331s] INFO:colcon.colcon_core.shell:Creating package script '/home/team/SoftwareDevelopment/ROS2/skinny/install/logic/share/logic/package.sh'
[4.333s] INFO:colcon.colcon_core.shell:Creating package script '/home/team/SoftwareDevelopment/ROS2/skinny/install/logic/share/logic/package.bash'
[4.334s] INFO:colcon.colcon_core.shell:Creating package script '/home/team/SoftwareDevelopment/ROS2/skinny/install/logic/share/logic/package.zsh'
[4.336s] Level 1:colcon.colcon_core.environment:create_file_with_runtime_dependencies(/home/team/SoftwareDevelopment/ROS2/skinny/install/logic/share/colcon-core/packages/logic)
[4.351s] Level 1:colcon.colcon_core.environment:create_environment_scripts_only(power_distribution_panel)
[4.356s] Level 1:colcon.colcon_core.environment:checking '/home/team/SoftwareDevelopment/ROS2/skinny/install/power_distribution_panel' for CMake module files
[4.362s] DEBUG:colcon.colcon_core.event_handler.log_command:Invoked command in '/home/team/SoftwareDevelopment/ROS2/skinny/build/power_distribution_panel' returned '0': AMENT_PREFIX_PATH=/home/team/SoftwareDevelopment/ROS2/skinny/install/messages:${AMENT_PREFIX_PATH} CMAKE_PREFIX_PATH=/home/team/SoftwareDevelopment/ROS2/skinny/install/messages:${CMAKE_PREFIX_PATH} LD_LIBRARY_PATH=/home/team/SoftwareDevelopment/ROS2/skinny/install/messages/lib:${LD_LIBRARY_PATH} PYTHONPATH=/home/team/SoftwareDevelopment/ROS2/skinny/install/messages/lib/python3.8/site-packages:${PYTHONPATH} /usr/bin/cmake --install /home/team/SoftwareDevelopment/ROS2/skinny/build/power_distribution_panel
[4.364s] Level 1:colcon.colcon_core.environment:checking '/home/team/SoftwareDevelopment/ROS2/skinny/install/power_distribution_panel' for CMake config files
[4.365s] Level 1:colcon.colcon_core.shell:create_environment_hook('power_distribution_panel', 'cmake_prefix_path')
[4.369s] INFO:colcon.colcon_core.shell:Creating environment hook '/home/team/SoftwareDevelopment/ROS2/skinny/install/power_distribution_panel/share/power_distribution_panel/hook/cmake_prefix_path.ps1'
[4.371s] INFO:colcon.colcon_core.shell:Creating environment descriptor '/home/team/SoftwareDevelopment/ROS2/skinny/install/power_distribution_panel/share/power_distribution_panel/hook/cmake_prefix_path.dsv'
[4.373s] INFO:colcon.colcon_core.shell:Creating environment hook '/home/team/SoftwareDevelopment/ROS2/skinny/install/power_distribution_panel/share/power_distribution_panel/hook/cmake_prefix_path.sh'
[4.376s] Level 1:colcon.colcon_core.environment:checking '/home/team/SoftwareDevelopment/ROS2/skinny/install/power_distribution_panel/lib'
[4.377s] Level 1:colcon.colcon_core.environment:checking '/home/team/SoftwareDevelopment/ROS2/skinny/install/power_distribution_panel/bin'
[4.377s] Level 1:colcon.colcon_core.environment:checking '/home/team/SoftwareDevelopment/ROS2/skinny/install/power_distribution_panel/lib/pkgconfig/power_distribution_panel.pc'
[4.377s] Level 1:colcon.colcon_core.environment:checking '/home/team/SoftwareDevelopment/ROS2/skinny/install/power_distribution_panel/lib/python3.8/site-packages'
[4.381s] INFO:colcon.colcon_core.shell:Creating package script '/home/team/SoftwareDevelopment/ROS2/skinny/install/power_distribution_panel/share/power_distribution_panel/package.ps1'
[4.383s] INFO:colcon.colcon_core.shell:Creating package descriptor '/home/team/SoftwareDevelopment/ROS2/skinny/install/power_distribution_panel/share/power_distribution_panel/package.dsv'
[4.385s] INFO:colcon.colcon_core.shell:Creating package script '/home/team/SoftwareDevelopment/ROS2/skinny/install/power_distribution_panel/share/power_distribution_panel/package.sh'
[4.388s] INFO:colcon.colcon_core.shell:Creating package script '/home/team/SoftwareDevelopment/ROS2/skinny/install/power_distribution_panel/share/power_distribution_panel/package.bash'
[4.390s] INFO:colcon.colcon_core.shell:Creating package script '/home/team/SoftwareDevelopment/ROS2/skinny/install/power_distribution_panel/share/power_distribution_panel/package.zsh'
[4.392s] Level 1:colcon.colcon_core.environment:create_file_with_runtime_dependencies(/home/team/SoftwareDevelopment/ROS2/skinny/install/power_distribution_panel/share/colcon-core/packages/power_distribution_panel)
[4.410s] DEBUG:colcon.colcon_core.event_handler.log_command:Invoking command in '/home/team/SoftwareDevelopment/ROS2/skinny/build/talon': AMENT_PREFIX_PATH=/home/team/SoftwareDevelopment/ROS2/skinny/install/messages:${AMENT_PREFIX_PATH} CMAKE_PREFIX_PATH=/home/team/SoftwareDevelopment/ROS2/skinny/install/messages:${CMAKE_PREFIX_PATH} LD_LIBRARY_PATH=/home/team/SoftwareDevelopment/ROS2/skinny/install/messages/lib:${LD_LIBRARY_PATH} PYTHONPATH=/home/team/SoftwareDevelopment/ROS2/skinny/install/messages/lib/python3.8/site-packages:${PYTHONPATH} /usr/bin/cmake --install /home/team/SoftwareDevelopment/ROS2/skinny/build/talon
[4.432s] Level 1:colcon.colcon_core.environment:create_environment_scripts_only(logic)
[4.438s] Level 1:colcon.colcon_core.environment:checking '/home/team/SoftwareDevelopment/ROS2/skinny/install/logic' for CMake module files
[4.441s] Level 1:colcon.colcon_core.environment:checking '/home/team/SoftwareDevelopment/ROS2/skinny/install/logic' for CMake config files
[4.442s] Level 1:colcon.colcon_core.shell:create_environment_hook('logic', 'cmake_prefix_path')
[4.446s] INFO:colcon.colcon_core.shell:Creating environment hook '/home/team/SoftwareDevelopment/ROS2/skinny/install/logic/share/logic/hook/cmake_prefix_path.ps1'
[4.448s] INFO:colcon.colcon_core.shell:Creating environment descriptor '/home/team/SoftwareDevelopment/ROS2/skinny/install/logic/share/logic/hook/cmake_prefix_path.dsv'
[4.449s] INFO:colcon.colcon_core.shell:Creating environment hook '/home/team/SoftwareDevelopment/ROS2/skinny/install/logic/share/logic/hook/cmake_prefix_path.sh'
[4.452s] Level 1:colcon.colcon_core.environment:checking '/home/team/SoftwareDevelopment/ROS2/skinny/install/logic/lib'
[4.452s] Level 1:colcon.colcon_core.environment:checking '/home/team/SoftwareDevelopment/ROS2/skinny/install/logic/bin'
[4.453s] Level 1:colcon.colcon_core.environment:checking '/home/team/SoftwareDevelopment/ROS2/skinny/install/logic/lib/pkgconfig/logic.pc'
[4.453s] Level 1:colcon.colcon_core.environment:checking '/home/team/SoftwareDevelopment/ROS2/skinny/install/logic/lib/python3.8/site-packages'
[4.457s] INFO:colcon.colcon_core.shell:Creating package script '/home/team/SoftwareDevelopment/ROS2/skinny/install/logic/share/logic/package.ps1'
[4.470s] INFO:colcon.colcon_core.shell:Creating package descriptor '/home/team/SoftwareDevelopment/ROS2/skinny/install/logic/share/logic/package.dsv'
[4.473s] INFO:colcon.colcon_core.shell:Creating package script '/home/team/SoftwareDevelopment/ROS2/skinny/install/logic/share/logic/package.sh'
[4.475s] INFO:colcon.colcon_core.shell:Creating package script '/home/team/SoftwareDevelopment/ROS2/skinny/install/logic/share/logic/package.bash'
[4.477s] INFO:colcon.colcon_core.shell:Creating package script '/home/team/SoftwareDevelopment/ROS2/skinny/install/logic/share/logic/package.zsh'
[4.479s] Level 1:colcon.colcon_core.environment:create_file_with_runtime_dependencies(/home/team/SoftwareDevelopment/ROS2/skinny/install/logic/share/colcon-core/packages/logic)
[4.484s] Level 1:colcon.colcon_core.environment:create_environment_scripts_only(talon)
[4.488s] Level 1:colcon.colcon_core.environment:checking '/home/team/SoftwareDevelopment/ROS2/skinny/install/talon' for CMake module files
[4.492s] DEBUG:colcon.colcon_core.event_handler.log_command:Invoked command in '/home/team/SoftwareDevelopment/ROS2/skinny/build/talon' returned '0': AMENT_PREFIX_PATH=/home/team/SoftwareDevelopment/ROS2/skinny/install/messages:${AMENT_PREFIX_PATH} CMAKE_PREFIX_PATH=/home/team/SoftwareDevelopment/ROS2/skinny/install/messages:${CMAKE_PREFIX_PATH} LD_LIBRARY_PATH=/home/team/SoftwareDevelopment/ROS2/skinny/install/messages/lib:${LD_LIBRARY_PATH} PYTHONPATH=/home/team/SoftwareDevelopment/ROS2/skinny/install/messages/lib/python3.8/site-packages:${PYTHONPATH} /usr/bin/cmake --install /home/team/SoftwareDevelopment/ROS2/skinny/build/talon
[4.494s] Level 1:colcon.colcon_core.environment:checking '/home/team/SoftwareDevelopment/ROS2/skinny/install/talon' for CMake config files
[4.495s] Level 1:colcon.colcon_core.shell:create_environment_hook('talon', 'cmake_prefix_path')
[4.498s] INFO:colcon.colcon_core.shell:Creating environment hook '/home/team/SoftwareDevelopment/ROS2/skinny/install/talon/share/talon/hook/cmake_prefix_path.ps1'
[4.500s] INFO:colcon.colcon_core.shell:Creating environment descriptor '/home/team/SoftwareDevelopment/ROS2/skinny/install/talon/share/talon/hook/cmake_prefix_path.dsv'
[4.502s] INFO:colcon.colcon_core.shell:Creating environment hook '/home/team/SoftwareDevelopment/ROS2/skinny/install/talon/share/talon/hook/cmake_prefix_path.sh'
[4.505s] Level 1:colcon.colcon_core.environment:checking '/home/team/SoftwareDevelopment/ROS2/skinny/install/talon/lib'
[4.505s] Level 1:colcon.colcon_core.environment:checking '/home/team/SoftwareDevelopment/ROS2/skinny/install/talon/bin'
[4.506s] Level 1:colcon.colcon_core.environment:checking '/home/team/SoftwareDevelopment/ROS2/skinny/install/talon/lib/pkgconfig/talon.pc'
[4.506s] Level 1:colcon.colcon_core.environment:checking '/home/team/SoftwareDevelopment/ROS2/skinny/install/talon/lib/python3.8/site-packages'
[4.509s] INFO:colcon.colcon_core.shell:Creating package script '/home/team/SoftwareDevelopment/ROS2/skinny/install/talon/share/talon/package.ps1'
[4.511s] INFO:colcon.colcon_core.shell:Creating package descriptor '/home/team/SoftwareDevelopment/ROS2/skinny/install/talon/share/talon/package.dsv'
[4.513s] INFO:colcon.colcon_core.shell:Creating package script '/home/team/SoftwareDevelopment/ROS2/skinny/install/talon/share/talon/package.sh'
[4.515s] INFO:colcon.colcon_core.shell:Creating package script '/home/team/SoftwareDevelopment/ROS2/skinny/install/talon/share/talon/package.bash'
[4.517s] INFO:colcon.colcon_core.shell:Creating package script '/home/team/SoftwareDevelopment/ROS2/skinny/install/talon/share/talon/package.zsh'
[4.518s] Level 1:colcon.colcon_core.environment:create_file_with_runtime_dependencies(/home/team/SoftwareDevelopment/ROS2/skinny/install/talon/share/colcon-core/packages/talon)
[4.535s] Level 1:colcon.colcon_core.environment:create_environment_scripts_only(power_distribution_panel)
[4.539s] Level 1:colcon.colcon_core.environment:checking '/home/team/SoftwareDevelopment/ROS2/skinny/install/power_distribution_panel' for CMake module files
[4.543s] Level 1:colcon.colcon_core.environment:checking '/home/team/SoftwareDevelopment/ROS2/skinny/install/power_distribution_panel' for CMake config files
[4.544s] Level 1:colcon.colcon_core.shell:create_environment_hook('power_distribution_panel', 'cmake_prefix_path')
[4.547s] INFO:colcon.colcon_core.shell:Creating environment hook '/home/team/SoftwareDevelopment/ROS2/skinny/install/power_distribution_panel/share/power_distribution_panel/hook/cmake_prefix_path.ps1'
[4.549s] INFO:colcon.colcon_core.shell:Creating environment descriptor '/home/team/SoftwareDevelopment/ROS2/skinny/install/power_distribution_panel/share/power_distribution_panel/hook/cmake_prefix_path.dsv'
[4.551s] INFO:colcon.colcon_core.shell:Creating environment hook '/home/team/SoftwareDevelopment/ROS2/skinny/install/power_distribution_panel/share/power_distribution_panel/hook/cmake_prefix_path.sh'
[4.554s] Level 1:colcon.colcon_core.environment:checking '/home/team/SoftwareDevelopment/ROS2/skinny/install/power_distribution_panel/lib'
[4.554s] Level 1:colcon.colcon_core.environment:checking '/home/team/SoftwareDevelopment/ROS2/skinny/install/power_distribution_panel/bin'
[4.555s] Level 1:colcon.colcon_core.environment:checking '/home/team/SoftwareDevelopment/ROS2/skinny/install/power_distribution_panel/lib/pkgconfig/power_distribution_panel.pc'
[4.555s] Level 1:colcon.colcon_core.environment:checking '/home/team/SoftwareDevelopment/ROS2/skinny/install/power_distribution_panel/lib/python3.8/site-packages'
[4.558s] INFO:colcon.colcon_core.shell:Creating package script '/home/team/SoftwareDevelopment/ROS2/skinny/install/power_distribution_panel/share/power_distribution_panel/package.ps1'
[4.561s] INFO:colcon.colcon_core.shell:Creating package descriptor '/home/team/SoftwareDevelopment/ROS2/skinny/install/power_distribution_panel/share/power_distribution_panel/package.dsv'
[4.564s] INFO:colcon.colcon_core.shell:Creating package script '/home/team/SoftwareDevelopment/ROS2/skinny/install/power_distribution_panel/share/power_distribution_panel/package.sh'
[4.566s] INFO:colcon.colcon_core.shell:Creating package script '/home/team/SoftwareDevelopment/ROS2/skinny/install/power_distribution_panel/share/power_distribution_panel/package.bash'
[4.569s] INFO:colcon.colcon_core.shell:Creating package script '/home/team/SoftwareDevelopment/ROS2/skinny/install/power_distribution_panel/share/power_distribution_panel/package.zsh'
[4.571s] Level 1:colcon.colcon_core.environment:create_file_with_runtime_dependencies(/home/team/SoftwareDevelopment/ROS2/skinny/install/power_distribution_panel/share/colcon-core/packages/power_distribution_panel)
[4.614s] Level 1:colcon.colcon_core.environment:create_environment_scripts_only(talon)
[4.618s] Level 1:colcon.colcon_core.environment:checking '/home/team/SoftwareDevelopment/ROS2/skinny/install/talon' for CMake module files
[4.621s] Level 1:colcon.colcon_core.environment:checking '/home/team/SoftwareDevelopment/ROS2/skinny/install/talon' for CMake config files
[4.622s] Level 1:colcon.colcon_core.shell:create_environment_hook('talon', 'cmake_prefix_path')
[4.624s] INFO:colcon.colcon_core.shell:Creating environment hook '/home/team/SoftwareDevelopment/ROS2/skinny/install/talon/share/talon/hook/cmake_prefix_path.ps1'
[4.626s] INFO:colcon.colcon_core.shell:Creating environment descriptor '/home/team/SoftwareDevelopment/ROS2/skinny/install/talon/share/talon/hook/cmake_prefix_path.dsv'
[4.627s] INFO:colcon.colcon_core.shell:Creating environment hook '/home/team/SoftwareDevelopment/ROS2/skinny/install/talon/share/talon/hook/cmake_prefix_path.sh'
[4.629s] Level 1:colcon.colcon_core.environment:checking '/home/team/SoftwareDevelopment/ROS2/skinny/install/talon/lib'
[4.630s] Level 1:colcon.colcon_core.environment:checking '/home/team/SoftwareDevelopment/ROS2/skinny/install/talon/bin'
[4.630s] Level 1:colcon.colcon_core.environment:checking '/home/team/SoftwareDevelopment/ROS2/skinny/install/talon/lib/pkgconfig/talon.pc'
[4.630s] Level 1:colcon.colcon_core.environment:checking '/home/team/SoftwareDevelopment/ROS2/skinny/install/talon/lib/python3.8/site-packages'
[4.633s] INFO:colcon.colcon_core.shell:Creating package script '/home/team/SoftwareDevelopment/ROS2/skinny/install/talon/share/talon/package.ps1'
[4.636s] INFO:colcon.colcon_core.shell:Creating package descriptor '/home/team/SoftwareDevelopment/ROS2/skinny/install/talon/share/talon/package.dsv'
[4.638s] INFO:colcon.colcon_core.shell:Creating package script '/home/team/SoftwareDevelopment/ROS2/skinny/install/talon/share/talon/package.sh'
[4.640s] INFO:colcon.colcon_core.shell:Creating package script '/home/team/SoftwareDevelopment/ROS2/skinny/install/talon/share/talon/package.bash'
[4.642s] INFO:colcon.colcon_core.shell:Creating package script '/home/team/SoftwareDevelopment/ROS2/skinny/install/talon/share/talon/package.zsh'
[4.644s] Level 1:colcon.colcon_core.environment:create_file_with_runtime_dependencies(/home/team/SoftwareDevelopment/ROS2/skinny/install/talon/share/colcon-core/packages/talon)
[26.172s] DEBUG:colcon.colcon_core.event_handler.log_command:Invoked command in '/home/team/SoftwareDevelopment/ROS2/skinny/build/communication' returned '2': AMENT_PREFIX_PATH=/home/team/SoftwareDevelopment/ROS2/skinny/install/messages:${AMENT_PREFIX_PATH} CMAKE_PREFIX_PATH=/home/team/SoftwareDevelopment/ROS2/skinny/install/messages:${CMAKE_PREFIX_PATH} LD_LIBRARY_PATH=/home/team/SoftwareDevelopment/ROS2/skinny/install/messages/lib:${LD_LIBRARY_PATH} PYTHONPATH=/home/team/SoftwareDevelopment/ROS2/skinny/install/messages/lib/python3.8/site-packages:${PYTHONPATH} /usr/bin/cmake --build /home/team/SoftwareDevelopment/ROS2/skinny/build/communication -- -j4 -l4
[26.245s] Level 1:colcon.colcon_core.environment:create_environment_scripts_only(communication)
[26.249s] Level 1:colcon.colcon_core.environment:checking '/home/team/SoftwareDevelopment/ROS2/skinny/install/communication' for CMake module files
[26.251s] Level 1:colcon.colcon_core.environment:checking '/home/team/SoftwareDevelopment/ROS2/skinny/install/communication' for CMake config files
[26.252s] Level 1:colcon.colcon_core.shell:create_environment_hook('communication', 'cmake_prefix_path')
[26.255s] INFO:colcon.colcon_core.shell:Creating environment hook '/home/team/SoftwareDevelopment/ROS2/skinny/install/communication/share/communication/hook/cmake_prefix_path.ps1'
[26.256s] INFO:colcon.colcon_core.shell:Creating environment descriptor '/home/team/SoftwareDevelopment/ROS2/skinny/install/communication/share/communication/hook/cmake_prefix_path.dsv'
[26.258s] INFO:colcon.colcon_core.shell:Creating environment hook '/home/team/SoftwareDevelopment/ROS2/skinny/install/communication/share/communication/hook/cmake_prefix_path.sh'
[26.260s] Level 1:colcon.colcon_core.environment:checking '/home/team/SoftwareDevelopment/ROS2/skinny/install/communication/lib'
[26.260s] Level 1:colcon.colcon_core.environment:checking '/home/team/SoftwareDevelopment/ROS2/skinny/install/communication/bin'
[26.260s] Level 1:colcon.colcon_core.environment:checking '/home/team/SoftwareDevelopment/ROS2/skinny/install/communication/lib/pkgconfig/communication.pc'
[26.261s] Level 1:colcon.colcon_core.environment:checking '/home/team/SoftwareDevelopment/ROS2/skinny/install/communication/lib/python3.8/site-packages'
[26.263s] INFO:colcon.colcon_core.shell:Creating package script '/home/team/SoftwareDevelopment/ROS2/skinny/install/communication/share/communication/package.ps1'
[26.265s] INFO:colcon.colcon_core.shell:Creating package descriptor '/home/team/SoftwareDevelopment/ROS2/skinny/install/communication/share/communication/package.dsv'
[26.267s] INFO:colcon.colcon_core.shell:Creating package script '/home/team/SoftwareDevelopment/ROS2/skinny/install/communication/share/communication/package.sh'
[26.269s] INFO:colcon.colcon_core.shell:Creating package script '/home/team/SoftwareDevelopment/ROS2/skinny/install/communication/share/communication/package.bash'
[26.270s] INFO:colcon.colcon_core.shell:Creating package script '/home/team/SoftwareDevelopment/ROS2/skinny/install/communication/share/communication/package.zsh'
[26.272s] Level 1:colcon.colcon_core.environment:create_file_with_runtime_dependencies(/home/team/SoftwareDevelopment/ROS2/skinny/install/communication/share/colcon-core/packages/communication)
[26.283s] DEBUG:colcon.colcon_parallel_executor.executor.parallel:closing loop
[26.283s] DEBUG:colcon.colcon_parallel_executor.executor.parallel:loop closed
[26.283s] DEBUG:colcon.colcon_parallel_executor.executor.parallel:run_until_complete finished with '2'
[26.284s] DEBUG:colcon.colcon_core.event_reactor:joining thread
[26.307s] INFO:colcon.colcon_core.plugin_system:Skipping extension 'colcon_notification.desktop_notification.terminal_notifier': Not used on non-Darwin systems
[26.307s] INFO:colcon.colcon_core.plugin_system:Skipping extension 'colcon_notification.desktop_notification.win32': Not used on non-Windows systems
[26.308s] INFO:colcon.colcon_notification.desktop_notification:Sending desktop notification using 'notify2'
[26.352s] DEBUG:colcon.colcon_core.event_reactor:joined thread
[26.355s] INFO:colcon.colcon_core.shell:Creating prefix script '/home/team/SoftwareDevelopment/ROS2/skinny/install/local_setup.ps1'
[26.359s] INFO:colcon.colcon_core.shell:Creating prefix util module '/home/team/SoftwareDevelopment/ROS2/skinny/install/_local_setup_util_ps1.py'
[26.364s] INFO:colcon.colcon_core.shell:Creating prefix chain script '/home/team/SoftwareDevelopment/ROS2/skinny/install/setup.ps1'
[26.374s] INFO:colcon.colcon_core.shell:Creating prefix script '/home/team/SoftwareDevelopment/ROS2/skinny/install/local_setup.sh'
[26.376s] INFO:colcon.colcon_core.shell:Creating prefix util module '/home/team/SoftwareDevelopment/ROS2/skinny/install/_local_setup_util_sh.py'
[26.378s] INFO:colcon.colcon_core.shell:Creating prefix chain script '/home/team/SoftwareDevelopment/ROS2/skinny/install/setup.sh'
[26.387s] INFO:colcon.colcon_core.shell:Creating prefix script '/home/team/SoftwareDevelopment/ROS2/skinny/install/local_setup.bash'
[26.389s] INFO:colcon.colcon_core.shell:Creating prefix chain script '/home/team/SoftwareDevelopment/ROS2/skinny/install/setup.bash'
[26.398s] INFO:colcon.colcon_core.shell:Creating prefix script '/home/team/SoftwareDevelopment/ROS2/skinny/install/local_setup.zsh'
[26.400s] INFO:colcon.colcon_core.shell:Creating prefix chain script '/home/team/SoftwareDevelopment/ROS2/skinny/install/setup.zsh'
