[0.188s] Invoking command in '/home/team/SoftwareDevelopment/ROS2/skinny/build/talon': CMAKE_PREFIX_PATH=/home/team/SoftwareDevelopment/ROS2/skinny/install/messages:/home/team/SoftwareDevelopment/ROS2/skinny/install/talon:/home/team/SoftwareDevelopment/ROS2/skinny/install/power_distribution_panel:/home/team/SoftwareDevelopment/ROS2/skinny/install/logic:/home/team/SoftwareDevelopment/ROS2/skinny/install/communication:/opt/ros/eloquent /usr/bin/cmake --build /home/team/SoftwareDevelopment/ROS2/skinny/build/talon -- -j4 -l4
[0.479s] [100%] Built target talon_node
[0.560s] Invoked command in '/home/team/SoftwareDevelopment/ROS2/skinny/build/talon' returned '0': CMAKE_PREFIX_PATH=/home/team/SoftwareDevelopment/ROS2/skinny/install/messages:/home/team/SoftwareDevelopment/ROS2/skinny/install/talon:/home/team/SoftwareDevelopment/ROS2/skinny/install/power_distribution_panel:/home/team/SoftwareDevelopment/ROS2/skinny/install/logic:/home/team/SoftwareDevelopment/ROS2/skinny/install/communication:/opt/ros/eloquent /usr/bin/cmake --build /home/team/SoftwareDevelopment/ROS2/skinny/build/talon -- -j4 -l4
[0.777s] Invoking command in '/home/team/SoftwareDevelopment/ROS2/skinny/build/talon': CMAKE_PREFIX_PATH=/home/team/SoftwareDevelopment/ROS2/skinny/install/messages:/home/team/SoftwareDevelopment/ROS2/skinny/install/talon:/home/team/SoftwareDevelopment/ROS2/skinny/install/power_distribution_panel:/home/team/SoftwareDevelopment/ROS2/skinny/install/logic:/home/team/SoftwareDevelopment/ROS2/skinny/install/communication:/opt/ros/eloquent /usr/bin/cmake --build /home/team/SoftwareDevelopment/ROS2/skinny/build/talon --target install -- -j4 -l4
[1.317s] [100%] Built target talon_node
[1.431s] [36mInstall the project...[0m
[1.493s] -- Install configuration: ""
[1.494s] -- Up-to-date: /home/team/SoftwareDevelopment/ROS2/skinny/install/talon/lib/talon/talon_node
[1.510s] -- Up-to-date: /home/team/SoftwareDevelopment/ROS2/skinny/install/talon/share/ament_index/resource_index/package_run_dependencies/talon
[1.511s] -- Up-to-date: /home/team/SoftwareDevelopment/ROS2/skinny/install/talon/share/ament_index/resource_index/parent_prefix_path/talon
[1.511s] -- Up-to-date: /home/team/SoftwareDevelopment/ROS2/skinny/install/talon/share/talon/environment/ament_prefix_path.sh
[1.512s] -- Up-to-date: /home/team/SoftwareDevelopment/ROS2/skinny/install/talon/share/talon/environment/ament_prefix_path.dsv
[1.513s] -- Up-to-date: /home/team/SoftwareDevelopment/ROS2/skinny/install/talon/share/talon/environment/path.sh
[1.514s] -- Up-to-date: /home/team/SoftwareDevelopment/ROS2/skinny/install/talon/share/talon/environment/path.dsv
[1.514s] -- Up-to-date: /home/team/SoftwareDevelopment/ROS2/skinny/install/talon/share/talon/local_setup.bash
[1.517s] -- Up-to-date: /home/team/SoftwareDevelopment/ROS2/skinny/install/talon/share/talon/local_setup.sh
[1.523s] -- Up-to-date: /home/team/SoftwareDevelopment/ROS2/skinny/install/talon/share/talon/local_setup.zsh
[1.524s] -- Up-to-date: /home/team/SoftwareDevelopment/ROS2/skinny/install/talon/share/talon/local_setup.dsv
[1.526s] -- Installing: /home/team/SoftwareDevelopment/ROS2/skinny/install/talon/share/talon/package.dsv
[1.526s] -- Up-to-date: /home/team/SoftwareDevelopment/ROS2/skinny/install/talon/share/ament_index/resource_index/packages/talon
[1.527s] -- Up-to-date: /home/team/SoftwareDevelopment/ROS2/skinny/install/talon/share/talon/cmake/talonConfig.cmake
[1.528s] -- Up-to-date: /home/team/SoftwareDevelopment/ROS2/skinny/install/talon/share/talon/cmake/talonConfig-version.cmake
[1.528s] -- Up-to-date: /home/team/SoftwareDevelopment/ROS2/skinny/install/talon/share/talon/package.xml
[1.567s] Invoked command in '/home/team/SoftwareDevelopment/ROS2/skinny/build/talon' returned '0': CMAKE_PREFIX_PATH=/home/team/SoftwareDevelopment/ROS2/skinny/install/messages:/home/team/SoftwareDevelopment/ROS2/skinny/install/talon:/home/team/SoftwareDevelopment/ROS2/skinny/install/power_distribution_panel:/home/team/SoftwareDevelopment/ROS2/skinny/install/logic:/home/team/SoftwareDevelopment/ROS2/skinny/install/communication:/opt/ros/eloquent /usr/bin/cmake --build /home/team/SoftwareDevelopment/ROS2/skinny/build/talon --target install -- -j4 -l4
