[0.146s] Invoking command in '/home/team/SoftwareDevelopment/ROS2/skinny/build/autonomy': CMAKE_PREFIX_PATH=/home/team/SoftwareDevelopment/ROS2/skinny/install/messages:/home/team/SoftwareDevelopment/ROS2/skinny/install/zed_tracking:/home/team/SoftwareDevelopment/ROS2/skinny/install/talon:/home/team/SoftwareDevelopment/ROS2/skinny/install/power_distribution_panel:/home/team/SoftwareDevelopment/ROS2/skinny/install/logic:/home/team/SoftwareDevelopment/ROS2/skinny/install/communication:/home/team/SoftwareDevelopment/ROS2/skinny/install/autonomy:/home/team/SoftwareDevelopment/ROS2/skinny/install/excavation:/opt/ros/eloquent /usr/bin/cmake --build /home/team/SoftwareDevelopment/ROS2/skinny/build/autonomy -- -j4 -l4
[0.416s] [100%] Built target autonomy_node
[0.466s] Invoked command in '/home/team/SoftwareDevelopment/ROS2/skinny/build/autonomy' returned '0': CMAKE_PREFIX_PATH=/home/team/SoftwareDevelopment/ROS2/skinny/install/messages:/home/team/SoftwareDevelopment/ROS2/skinny/install/zed_tracking:/home/team/SoftwareDevelopment/ROS2/skinny/install/talon:/home/team/SoftwareDevelopment/ROS2/skinny/install/power_distribution_panel:/home/team/SoftwareDevelopment/ROS2/skinny/install/logic:/home/team/SoftwareDevelopment/ROS2/skinny/install/communication:/home/team/SoftwareDevelopment/ROS2/skinny/install/autonomy:/home/team/SoftwareDevelopment/ROS2/skinny/install/excavation:/opt/ros/eloquent /usr/bin/cmake --build /home/team/SoftwareDevelopment/ROS2/skinny/build/autonomy -- -j4 -l4
[0.592s] Invoking command in '/home/team/SoftwareDevelopment/ROS2/skinny/build/autonomy': CMAKE_PREFIX_PATH=/home/team/SoftwareDevelopment/ROS2/skinny/install/messages:/home/team/SoftwareDevelopment/ROS2/skinny/install/zed_tracking:/home/team/SoftwareDevelopment/ROS2/skinny/install/talon:/home/team/SoftwareDevelopment/ROS2/skinny/install/power_distribution_panel:/home/team/SoftwareDevelopment/ROS2/skinny/install/logic:/home/team/SoftwareDevelopment/ROS2/skinny/install/communication:/home/team/SoftwareDevelopment/ROS2/skinny/install/autonomy:/home/team/SoftwareDevelopment/ROS2/skinny/install/excavation:/opt/ros/eloquent /usr/bin/cmake --build /home/team/SoftwareDevelopment/ROS2/skinny/build/autonomy --target install -- -j4 -l4
[0.868s] [100%] Built target autonomy_node
[0.961s] [36mInstall the project...[0m
[1.000s] -- Install configuration: ""
[1.001s] -- Up-to-date: /home/team/SoftwareDevelopment/ROS2/skinny/install/autonomy/lib/autonomy/autonomy_node
[1.003s] -- Up-to-date: /home/team/SoftwareDevelopment/ROS2/skinny/install/autonomy/share/ament_index/resource_index/package_run_dependencies/autonomy
[1.004s] -- Up-to-date: /home/team/SoftwareDevelopment/ROS2/skinny/install/autonomy/share/ament_index/resource_index/parent_prefix_path/autonomy
[1.004s] -- Up-to-date: /home/team/SoftwareDevelopment/ROS2/skinny/install/autonomy/share/autonomy/environment/ament_prefix_path.sh
[1.006s] -- Up-to-date: /home/team/SoftwareDevelopment/ROS2/skinny/install/autonomy/share/autonomy/environment/ament_prefix_path.dsv
[1.007s] -- Up-to-date: /home/team/SoftwareDevelopment/ROS2/skinny/install/autonomy/share/autonomy/environment/path.sh
[1.008s] -- Up-to-date: /home/team/SoftwareDevelopment/ROS2/skinny/install/autonomy/share/autonomy/environment/path.dsv
[1.009s] -- Up-to-date: /home/team/SoftwareDevelopment/ROS2/skinny/install/autonomy/share/autonomy/local_setup.bash
[1.009s] -- Up-to-date: /home/team/SoftwareDevelopment/ROS2/skinny/install/autonomy/share/autonomy/local_setup.sh
[1.010s] -- Up-to-date: /home/team/SoftwareDevelopment/ROS2/skinny/install/autonomy/share/autonomy/local_setup.zsh
[1.011s] -- Up-to-date: /home/team/SoftwareDevelopment/ROS2/skinny/install/autonomy/share/autonomy/local_setup.dsv
[1.011s] -- Installing: /home/team/SoftwareDevelopment/ROS2/skinny/install/autonomy/share/autonomy/package.dsv
[1.014s] -- Up-to-date: /home/team/SoftwareDevelopment/ROS2/skinny/install/autonomy/share/ament_index/resource_index/packages/autonomy
[1.015s] -- Up-to-date: /home/team/SoftwareDevelopment/ROS2/skinny/install/autonomy/share/autonomy/cmake/autonomyConfig.cmake
[1.017s] -- Up-to-date: /home/team/SoftwareDevelopment/ROS2/skinny/install/autonomy/share/autonomy/cmake/autonomyConfig-version.cmake
[1.017s] -- Up-to-date: /home/team/SoftwareDevelopment/ROS2/skinny/install/autonomy/share/autonomy/package.xml
[1.027s] Invoked command in '/home/team/SoftwareDevelopment/ROS2/skinny/build/autonomy' returned '0': CMAKE_PREFIX_PATH=/home/team/SoftwareDevelopment/ROS2/skinny/install/messages:/home/team/SoftwareDevelopment/ROS2/skinny/install/zed_tracking:/home/team/SoftwareDevelopment/ROS2/skinny/install/talon:/home/team/SoftwareDevelopment/ROS2/skinny/install/power_distribution_panel:/home/team/SoftwareDevelopment/ROS2/skinny/install/logic:/home/team/SoftwareDevelopment/ROS2/skinny/install/communication:/home/team/SoftwareDevelopment/ROS2/skinny/install/autonomy:/home/team/SoftwareDevelopment/ROS2/skinny/install/excavation:/opt/ros/eloquent /usr/bin/cmake --build /home/team/SoftwareDevelopment/ROS2/skinny/build/autonomy --target install -- -j4 -l4
