[0.138s] Invoking command in '/home/team/SoftwareDevelopment/ROS2/skinny/build/talon': AMENT_PREFIX_PATH=/home/team/SoftwareDevelopment/ROS2/skinny/install/messages:${AMENT_PREFIX_PATH} CMAKE_PREFIX_PATH=/home/team/SoftwareDevelopment/ROS2/skinny/install/messages:/opt/ros/eloquent LD_LIBRARY_PATH=/home/team/SoftwareDevelopment/ROS2/skinny/install/messages/lib:${LD_LIBRARY_PATH} PYTHONPATH=/home/team/SoftwareDevelopment/ROS2/skinny/install/messages/lib/python3.6/site-packages:${PYTHONPATH} /usr/bin/cmake --build /home/team/SoftwareDevelopment/ROS2/skinny/build/talon -- -j4 -l4
[0.359s] [35m[1mScanning dependencies of target talon_node[0m
[0.498s] [ 50%] [32mBuilding CXX object CMakeFiles/talon_node.dir/src/talon_node.cpp.o[0m
[5.750s] [01m[K/home/team/SoftwareDevelopment/ROS2/skinny/src/talon/src/talon_node.cpp:[m[K In function ‘[01m[Kvoid stopCallback(std_msgs::msg::Empty)[m[K’:
[5.751s] [01m[K/home/team/SoftwareDevelopment/ROS2/skinny/src/talon/src/talon_node.cpp:558:40:[m[K [01;35m[Kwarning: [m[Kunused parameter ‘[01m[Kempty[m[K’ [[01;35m[K-Wunused-parameter[m[K]
[5.752s]  void stopCallback(std_msgs::msg::Empty [01;35m[Kempty[m[K){
[5.753s]                                         [01;35m[K^~~~~[m[K
[5.753s] [01m[K/home/team/SoftwareDevelopment/ROS2/skinny/src/talon/src/talon_node.cpp:[m[K In function ‘[01m[Kvoid goCallback(std_msgs::msg::Empty)[m[K’:
[5.753s] [01m[K/home/team/SoftwareDevelopment/ROS2/skinny/src/talon/src/talon_node.cpp:562:38:[m[K [01;35m[Kwarning: [m[Kunused parameter ‘[01m[Kempty[m[K’ [[01;35m[K-Wunused-parameter[m[K]
[5.754s]  void goCallback(std_msgs::msg::Empty [01;35m[Kempty[m[K){
[5.755s]                                       [01;35m[K^~~~~[m[K
[5.961s] [01m[K/home/team/SoftwareDevelopment/ROS2/skinny/src/talon/src/talon_node.cpp:[m[K In function ‘[01m[Kint mainnot(int, char**)[m[K’:
[5.962s] [01m[K/home/team/SoftwareDevelopment/ROS2/skinny/src/talon/src/talon_node.cpp:724:1:[m[K [01;35m[Kwarning: [m[Kno return statement in function returning non-void [[01;35m[K-Wreturn-type[m[K]
[5.962s]  [01;35m[K}[m[K
[5.963s]  [01;35m[K^[m[K
[8.167s] In file included from [01m[K/opt/ros/eloquent/include/rclcpp/node_interfaces/node_topics_interface.hpp:29:0[m[K,
[8.168s]                  from [01m[K/opt/ros/eloquent/include/rclcpp/node.hpp:55[m[K,
[8.169s]                  from [01m[K/opt/ros/eloquent/include/rclcpp/executors/single_threaded_executor.hpp:28[m[K,
[8.169s]                  from [01m[K/opt/ros/eloquent/include/rclcpp/executors.hpp:22[m[K,
[8.170s]                  from [01m[K/opt/ros/eloquent/include/rclcpp/rclcpp.hpp:145[m[K,
[8.170s]                  from [01m[K/home/team/SoftwareDevelopment/ROS2/skinny/src/talon/src/talon_node.cpp:21[m[K:
[8.171s] /opt/ros/eloquent/include/rclcpp/subscription_factory.hpp: In instantiation of ‘[01m[Krclcpp::SubscriptionFactory rclcpp::create_subscription_factory(CallbackT&&, const rclcpp::SubscriptionOptionsWithAllocator<AllocatorT>&, typename MessageMemoryStrategyT::SharedPtr) [with MessageT = std_msgs::msg::Empty_<std::allocator<void> >; CallbackT = void (&)(std_msgs::msg::Empty_<std::allocator<void> >); AllocatorT = std::allocator<void>; CallbackMessageT = std_msgs::msg::Empty_<std::allocator<void> >; SubscriptionT = rclcpp::Subscription<std_msgs::msg::Empty_<std::allocator<void> >, std::allocator<void>, rclcpp::message_memory_strategy::MessageMemoryStrategy<std_msgs::msg::Empty_<std::allocator<void> >, std::allocator<void> > >; MessageMemoryStrategyT = rclcpp::message_memory_strategy::MessageMemoryStrategy<std_msgs::msg::Empty_<std::allocator<void> >, std::allocator<void> >; typename MessageMemoryStrategyT::SharedPtr = std::shared_ptr<rclcpp::message_memory_strategy::MessageMemoryStrategy<std_msgs::msg::Empty_<std::allocator<void> >, std::allocator<void> > >][m[K’:
[8.171s] [01m[K/opt/ros/eloquent/include/rclcpp/create_subscription.hpp:67:63:[m[K   required from ‘[01m[Kstd::shared_ptr<SubscriptionT> rclcpp::create_subscription(NodeT&&, const string&, const rclcpp::QoS&, CallbackT&&, const rclcpp::SubscriptionOptionsWithAllocator<AllocatorT>&, typename MessageMemoryStrategyT::SharedPtr) [with MessageT = std_msgs::msg::Empty_<std::allocator<void> >; CallbackT = void (&)(std_msgs::msg::Empty_<std::allocator<void> >); AllocatorT = std::allocator<void>; CallbackMessageT = std_msgs::msg::Empty_<std::allocator<void> >; SubscriptionT = rclcpp::Subscription<std_msgs::msg::Empty_<std::allocator<void> >, std::allocator<void>, rclcpp::message_memory_strategy::MessageMemoryStrategy<std_msgs::msg::Empty_<std::allocator<void> >, std::allocator<void> > >; MessageMemoryStrategyT = rclcpp::message_memory_strategy::MessageMemoryStrategy<std_msgs::msg::Empty_<std::allocator<void> >, std::allocator<void> >; NodeT = rclcpp::Node&; std::__cxx11::string = std::__cxx11::basic_string<char>; typename MessageMemoryStrategyT::SharedPtr = std::shared_ptr<rclcpp::message_memory_strategy::MessageMemoryStrategy<std_msgs::msg::Empty_<std::allocator<void> >, std::allocator<void> > >][m[K’
[8.172s] [01m[K/opt/ros/eloquent/include/rclcpp/node_impl.hpp:96:47:[m[K   required from ‘[01m[Kstd::shared_ptr<SubscriptionT> rclcpp::Node::create_subscription(const string&, const rclcpp::QoS&, CallbackT&&, const rclcpp::SubscriptionOptionsWithAllocator<AllocatorT>&, typename MessageMemoryStrategyT::SharedPtr) [with MessageT = std_msgs::msg::Empty_<std::allocator<void> >; CallbackT = void (&)(std_msgs::msg::Empty_<std::allocator<void> >); AllocatorT = std::allocator<void>; CallbackMessageT = std_msgs::msg::Empty_<std::allocator<void> >; SubscriptionT = rclcpp::Subscription<std_msgs::msg::Empty_<std::allocator<void> >, std::allocator<void>, rclcpp::message_memory_strategy::MessageMemoryStrategy<std_msgs::msg::Empty_<std::allocator<void> >, std::allocator<void> > >; MessageMemoryStrategyT = rclcpp::message_memory_strategy::MessageMemoryStrategy<std_msgs::msg::Empty_<std::allocator<void> >, std::allocator<void> >; std::__cxx11::string = std::__cxx11::basic_string<char>; typename MessageMemoryStrategyT::SharedPtr = std::shared_ptr<rclcpp::message_memory_strategy::MessageMemoryStrategy<std_msgs::msg::Empty_<std::allocator<void> >, std::allocator<void> > >][m[K’
[8.173s] [01m[K/home/team/SoftwareDevelopment/ROS2/skinny/src/talon/src/talon_node.cpp:717:97:[m[K   required from here
[8.173s] [01m[K/opt/ros/eloquent/include/rclcpp/subscription_factory.hpp:87:3:[m[K [01;31m[Kerror: [m[Kno matching function for call to ‘[01m[Krclcpp::AnySubscriptionCallback<std_msgs::msg::Empty_<std::allocator<void> >, std::allocator<void> >::set(void (&)(std_msgs::msg::Empty_<std::allocator<void> >))[m[K’
[8.174s]    [01;31m[Kany_subscription_callback[m[K.set(std::forward<CallbackT>(callback));
[8.174s]    [01;31m[K^~~~~~~~~~~~~~~~~~~~~~~~~[m[K
[8.175s] In file included from [01m[K/opt/ros/eloquent/include/rclcpp/subscription_base.hpp:26:0[m[K,
[8.175s]                  from [01m[K/opt/ros/eloquent/include/rclcpp/callback_group.hpp:26[m[K,
[8.176s]                  from [01m[K/opt/ros/eloquent/include/rclcpp/any_executable.hpp:20[m[K,
[8.176s]                  from [01m[K/opt/ros/eloquent/include/rclcpp/memory_strategy.hpp:24[m[K,
[8.177s]                  from [01m[K/opt/ros/eloquent/include/rclcpp/memory_strategies.hpp:18[m[K,
[8.177s]                  from [01m[K/opt/ros/eloquent/include/rclcpp/executor.hpp:33[m[K,
[8.178s]                  from [01m[K/opt/ros/eloquent/include/rclcpp/executors/multi_threaded_executor.hpp:25[m[K,
[8.178s]                  from [01m[K/opt/ros/eloquent/include/rclcpp/executors.hpp:21[m[K,
[8.179s]                  from [01m[K/opt/ros/eloquent/include/rclcpp/rclcpp.hpp:145[m[K,
[8.180s]                  from [01m[K/home/team/SoftwareDevelopment/ROS2/skinny/src/talon/src/talon_node.cpp:21[m[K:
[8.180s] [01m[K/opt/ros/eloquent/include/rclcpp/any_subscription_callback.hpp:82:8:[m[K [01;36m[Knote: [m[Kcandidate: template<class CallbackT, typename std::enable_if<rclcpp::function_traits::same_arguments<CallbackT, std::function<void(std::shared_ptr<std_msgs::msg::Empty_<std::allocator<void> > >)> >::value, void>::type* <anonymous> > void rclcpp::AnySubscriptionCallback<MessageT, Alloc>::set(CallbackT) [with CallbackT = CallbackT; typename std::enable_if<rclcpp::function_traits::same_arguments<CallbackT, std::function<void(std::shared_ptr<_Tp>)> >::value>::type* <anonymous> = <enumerator>; MessageT = std_msgs::msg::Empty_<std::allocator<void> >; Alloc = std::allocator<void>]
[8.181s]    void [01;36m[Kset[m[K(CallbackT callback)
[8.181s]         [01;36m[K^~~[m[K
[8.182s] [01m[K/opt/ros/eloquent/include/rclcpp/any_subscription_callback.hpp:82:8:[m[K [01;36m[Knote: [m[K  template argument deduction/substitution failed:
[8.182s] [01m[K/opt/ros/eloquent/include/rclcpp/any_subscription_callback.hpp:80:17:[m[K [01;31m[Kerror: [m[Kno type named ‘[01m[Ktype[m[K’ in ‘[01m[Kstruct std::enable_if<false, void>[m[K’
[8.183s]      >::type * = [01;31m[Knullptr[m[K
[8.183s]                  [01;31m[K^~~~~~~[m[K
[8.184s] [01m[K/opt/ros/eloquent/include/rclcpp/any_subscription_callback.hpp:80:17:[m[K [01;36m[Knote: [m[Kinvalid template non-type parameter
[8.184s] [01m[K/opt/ros/eloquent/include/rclcpp/any_subscription_callback.hpp:96:8:[m[K [01;36m[Knote: [m[Kcandidate: template<class CallbackT, typename std::enable_if<rclcpp::function_traits::same_arguments<CallbackT, std::function<void(std::shared_ptr<std_msgs::msg::Empty_<std::allocator<void> > >, const rmw_message_info_t&)> >::value, void>::type* <anonymous> > void rclcpp::AnySubscriptionCallback<MessageT, Alloc>::set(CallbackT) [with CallbackT = CallbackT; typename std::enable_if<rclcpp::function_traits::same_arguments<CallbackT, std::function<void(std::shared_ptr<_Tp>, const rmw_message_info_t&)> >::value>::type* <anonymous> = <enumerator>; MessageT = std_msgs::msg::Empty_<std::allocator<void> >; Alloc = std::allocator<void>]
[8.185s]    void [01;36m[Kset[m[K(CallbackT callback)
[8.185s]         [01;36m[K^~~[m[K
[8.186s] [01m[K/opt/ros/eloquent/include/rclcpp/any_subscription_callback.hpp:96:8:[m[K [01;36m[Knote: [m[K  template argument deduction/substitution failed:
[8.186s] [01m[K/opt/ros/eloquent/include/rclcpp/any_subscription_callback.hpp:94:17:[m[K [01;31m[Kerror: [m[Kno type named ‘[01m[Ktype[m[K’ in ‘[01m[Kstruct std::enable_if<false, void>[m[K’
[8.187s]      >::type * = [01;31m[Knullptr[m[K
[8.187s]                  [01;31m[K^~~~~~~[m[K
[8.188s] [01m[K/opt/ros/eloquent/include/rclcpp/any_subscription_callback.hpp:94:17:[m[K [01;36m[Knote: [m[Kinvalid template non-type parameter
[8.188s] [01m[K/opt/ros/eloquent/include/rclcpp/any_subscription_callback.hpp:110:8:[m[K [01;36m[Knote: [m[Kcandidate: template<class CallbackT, typename std::enable_if<rclcpp::function_traits::same_arguments<CallbackT, std::function<void(std::shared_ptr<const std_msgs::msg::Empty_<std::allocator<void> > >)> >::value, void>::type* <anonymous> > void rclcpp::AnySubscriptionCallback<MessageT, Alloc>::set(CallbackT) [with CallbackT = CallbackT; typename std::enable_if<rclcpp::function_traits::same_arguments<CallbackT, std::function<void(std::shared_ptr<const _Tp>)> >::value>::type* <anonymous> = <enumerator>; MessageT = std_msgs::msg::Empty_<std::allocator<void> >; Alloc = std::allocator<void>]
[8.189s]    void [01;36m[Kset[m[K(CallbackT callback)
[8.189s]         [01;36m[K^~~[m[K
[8.190s] [01m[K/opt/ros/eloquent/include/rclcpp/any_subscription_callback.hpp:110:8:[m[K [01;36m[Knote: [m[K  template argument deduction/substitution failed:
[8.190s] [01m[K/opt/ros/eloquent/include/rclcpp/any_subscription_callback.hpp:108:17:[m[K [01;31m[Kerror: [m[Kno type named ‘[01m[Ktype[m[K’ in ‘[01m[Kstruct std::enable_if<false, void>[m[K’
[8.191s]      >::type * = [01;31m[Knullptr[m[K
[8.191s]                  [01;31m[K^~~~~~~[m[K
[8.192s] [01m[K/opt/ros/eloquent/include/rclcpp/any_subscription_callback.hpp:108:17:[m[K [01;36m[Knote: [m[Kinvalid template non-type parameter
[8.192s] [01m[K/opt/ros/eloquent/include/rclcpp/any_subscription_callback.hpp:124:8:[m[K [01;36m[Knote: [m[Kcandidate: template<class CallbackT, typename std::enable_if<rclcpp::function_traits::same_arguments<CallbackT, std::function<void(std::shared_ptr<const std_msgs::msg::Empty_<std::allocator<void> > >, const rmw_message_info_t&)> >::value, void>::type* <anonymous> > void rclcpp::AnySubscriptionCallback<MessageT, Alloc>::set(CallbackT) [with CallbackT = CallbackT; typename std::enable_if<rclcpp::function_traits::same_arguments<CallbackT, std::function<void(std::shared_ptr<const _Tp>, const rmw_message_info_t&)> >::value>::type* <anonymous> = <enumerator>; MessageT = std_msgs::msg::Empty_<std::allocator<void> >; Alloc = std::allocator<void>]
[8.193s]    void [01;36m[Kset[m[K(CallbackT callback)
[8.194s]         [01;36m[K^~~[m[K
[8.194s] [01m[K/opt/ros/eloquent/include/rclcpp/any_subscription_callback.hpp:124:8:[m[K [01;36m[Knote: [m[K  template argument deduction/substitution failed:
[8.195s] [01m[K/opt/ros/eloquent/include/rclcpp/any_subscription_callback.hpp:122:17:[m[K [01;31m[Kerror: [m[Kno type named ‘[01m[Ktype[m[K’ in ‘[01m[Kstruct std::enable_if<false, void>[m[K’
[8.195s]      >::type * = [01;31m[Knullptr[m[K
[8.196s]                  [01;31m[K^~~~~~~[m[K
[8.196s] [01m[K/opt/ros/eloquent/include/rclcpp/any_subscription_callback.hpp:122:17:[m[K [01;36m[Knote: [m[Kinvalid template non-type parameter
[8.197s] [01m[K/opt/ros/eloquent/include/rclcpp/any_subscription_callback.hpp:138:8:[m[K [01;36m[Knote: [m[Kcandidate: template<class CallbackT, typename std::enable_if<rclcpp::function_traits::same_arguments<CallbackT, std::function<void(std::unique_ptr<std_msgs::msg::Empty_<std::allocator<void> >, std::default_delete<std_msgs::msg::Empty_<std::allocator<void> > > >)> >::value, void>::type* <anonymous> > void rclcpp::AnySubscriptionCallback<MessageT, Alloc>::set(CallbackT) [with CallbackT = CallbackT; typename std::enable_if<rclcpp::function_traits::same_arguments<CallbackT, std::function<void(std::unique_ptr<MessageT, typename std::conditional<std::is_same<typename std::allocator_traits<typename std::allocator_traits<_Alloc>::rebind_traits<MessageT>::allocator_type>::rebind_alloc<MessageT>, typename std::allocator<void>::rebind<_Tp1>::other>::value, std::default_delete<_Tp>, rclcpp::allocator::AllocatorDeleter<typename std::allocator_traits<_Alloc>::rebind_traits<MessageT>::allocator_type> >::type>)> >::value>::type* <anonymous> = <enumerator>; MessageT = std_msgs::msg::Empty_<std::allocator<void> >; Alloc = std::allocator<void>]
[8.197s]    void [01;36m[Kset[m[K(CallbackT callback)
[8.198s]         [01;36m[K^~~[m[K
[8.198s] [01m[K/opt/ros/eloquent/include/rclcpp/any_subscription_callback.hpp:138:8:[m[K [01;36m[Knote: [m[K  template argument deduction/substitution failed:
[8.199s] [01m[K/opt/ros/eloquent/include/rclcpp/any_subscription_callback.hpp:136:17:[m[K [01;31m[Kerror: [m[Kno type named ‘[01m[Ktype[m[K’ in ‘[01m[Kstruct std::enable_if<false, void>[m[K’
[8.199s]      >::type * = [01;31m[Knullptr[m[K
[8.200s]                  [01;31m[K^~~~~~~[m[K
[8.200s] [01m[K/opt/ros/eloquent/include/rclcpp/any_subscription_callback.hpp:136:17:[m[K [01;36m[Knote: [m[Kinvalid template non-type parameter
[8.201s] [01m[K/opt/ros/eloquent/include/rclcpp/any_subscription_callback.hpp:152:8:[m[K [01;36m[Knote: [m[Kcandidate: template<class CallbackT, typename std::enable_if<rclcpp::function_traits::same_arguments<CallbackT, std::function<void(std::unique_ptr<std_msgs::msg::Empty_<std::allocator<void> >, std::default_delete<std_msgs::msg::Empty_<std::allocator<void> > > >, const rmw_message_info_t&)> >::value, void>::type* <anonymous> > void rclcpp::AnySubscriptionCallback<MessageT, Alloc>::set(CallbackT) [with CallbackT = CallbackT; typename std::enable_if<rclcpp::function_traits::same_arguments<CallbackT, std::function<void(std::unique_ptr<MessageT, typename std::conditional<std::is_same<typename std::allocator_traits<typename std::allocator_traits<_Alloc>::rebind_traits<MessageT>::allocator_type>::rebind_alloc<MessageT>, typename std::allocator<void>::rebind<_Tp1>::other>::value, std::default_delete<_Tp>, rclcpp::allocator::AllocatorDeleter<typename std::allocator_traits<_Alloc>::rebind_traits<MessageT>::allocator_type> >::type>, const rmw_message_info_t&)> >::value>::type* <anonymous> = <enumerator>; MessageT = std_msgs::msg::Empty_<std::allocator<void> >; Alloc = std::allocator<void>]
[8.201s]    void [01;36m[Kset[m[K(CallbackT callback)
[8.202s]         [01;36m[K^~~[m[K
[8.202s] [01m[K/opt/ros/eloquent/include/rclcpp/any_subscription_callback.hpp:152:8:[m[K [01;36m[Knote: [m[K  template argument deduction/substitution failed:
[8.203s] [01m[K/opt/ros/eloquent/include/rclcpp/any_subscription_callback.hpp:150:17:[m[K [01;31m[Kerror: [m[Kno type named ‘[01m[Ktype[m[K’ in ‘[01m[Kstruct std::enable_if<false, void>[m[K’
[8.203s]      >::type * = [01;31m[Knullptr[m[K
[8.204s]                  [01;31m[K^~~~~~~[m[K
[8.204s] [01m[K/opt/ros/eloquent/include/rclcpp/any_subscription_callback.hpp:150:17:[m[K [01;36m[Knote: [m[Kinvalid template non-type parameter
[16.936s] In file included from [01m[K/usr/include/c++/7/future:48:0[m[K,
[16.936s]                  from [01m[K/opt/ros/eloquent/include/rclcpp/executors.hpp:18[m[K,
[16.937s]                  from [01m[K/opt/ros/eloquent/include/rclcpp/rclcpp.hpp:145[m[K,
[16.937s]                  from [01m[K/home/team/SoftwareDevelopment/ROS2/skinny/src/talon/src/talon_node.cpp:21[m[K:
[16.938s] [01m[K/usr/include/c++/7/bits/std_function.h:[m[K At global scope:
[16.938s] [01m[K/usr/include/c++/7/bits/std_function.h:685:7:[m[K [01;31m[Kerror: [m[K‘[01m[Kstd::function<_Res(_ArgTypes ...)>::function(_Functor) [with _Functor = rclcpp::create_subscription_factory(CallbackT&&, const rclcpp::SubscriptionOptionsWithAllocator<AllocatorT>&, typename MessageMemoryStrategyT::SharedPtr) [with MessageT = std_msgs::msg::Empty_<std::allocator<void> >; CallbackT = void (&)(std_msgs::msg::Empty_<std::allocator<void> >); AllocatorT = std::allocator<void>; CallbackMessageT = std_msgs::msg::Empty_<std::allocator<void> >; SubscriptionT = rclcpp::Subscription<std_msgs::msg::Empty_<std::allocator<void> >, std::allocator<void>, rclcpp::message_memory_strategy::MessageMemoryStrategy<std_msgs::msg::Empty_<std::allocator<void> >, std::allocator<void> > >; MessageMemoryStrategyT = rclcpp::message_memory_strategy::MessageMemoryStrategy<std_msgs::msg::Empty_<std::allocator<void> >, std::allocator<void> >; typename MessageMemoryStrategyT::SharedPtr = std::shared_ptr<rclcpp::message_memory_strategy::MessageMemoryStrategy<std_msgs::msg::Empty_<std::allocator<void> >, std::allocator<void> > >]::<lambda(rclcpp::node_interfaces::NodeBaseInterface*, const string&, const rclcpp::QoS&)>; <template-parameter-2-2> = void; <template-parameter-2-3> = void; _Res = std::shared_ptr<rclcpp::SubscriptionBase>; _ArgTypes = {rclcpp::node_interfaces::NodeBaseInterface*, const std::__cxx11::basic_string<char, std::char_traits<char>, std::allocator<char> >&, const rclcpp::QoS&}][m[K’, declared using local type ‘[01m[Krclcpp::create_subscription_factory(CallbackT&&, const rclcpp::SubscriptionOptionsWithAllocator<AllocatorT>&, typename MessageMemoryStrategyT::SharedPtr) [with MessageT = std_msgs::msg::Empty_<std::allocator<void> >; CallbackT = void (&)(std_msgs::msg::Empty_<std::allocator<void> >); AllocatorT = std::allocator<void>; CallbackMessageT = std_msgs::msg::Empty_<std::allocator<void> >; SubscriptionT = rclcpp::Subscription<std_msgs::msg::Empty_<std::allocator<void> >, std::allocator<void>, rclcpp::message_memory_strategy::MessageMemoryStrategy<std_msgs::msg::Empty_<std::allocator<void> >, std::allocator<void> > >; MessageMemoryStrategyT = rclcpp::message_memory_strategy::MessageMemoryStrategy<std_msgs::msg::Empty_<std::allocator<void> >, std::allocator<void> >; typename MessageMemoryStrategyT::SharedPtr = std::shared_ptr<rclcpp::message_memory_strategy::MessageMemoryStrategy<std_msgs::msg::Empty_<std::allocator<void> >, std::allocator<void> > >]::<lambda(rclcpp::node_interfaces::NodeBaseInterface*, const string&, const rclcpp::QoS&)>[m[K’, is used but never defined [[01;31m[K-fpermissive[m[K]
[16.939s]        [01;31m[Kfunction<_Res(_ArgTypes...)>[m[K::
[16.940s]        [01;31m[K^~~~~~~~~~~~~~~~~~~~~~~~~~~~[m[K
[18.377s] CMakeFiles/talon_node.dir/build.make:62: recipe for target 'CMakeFiles/talon_node.dir/src/talon_node.cpp.o' failed
[18.378s] make[2]: *** [CMakeFiles/talon_node.dir/src/talon_node.cpp.o] Error 1
[18.379s] make[1]: *** [CMakeFiles/talon_node.dir/all] Error 2
[18.379s] CMakeFiles/Makefile2:131: recipe for target 'CMakeFiles/talon_node.dir/all' failed
[18.380s] Makefile:140: recipe for target 'all' failed
[18.381s] make: *** [all] Error 2
[18.391s] Invoked command in '/home/team/SoftwareDevelopment/ROS2/skinny/build/talon' returned '2': AMENT_PREFIX_PATH=/home/team/SoftwareDevelopment/ROS2/skinny/install/messages:${AMENT_PREFIX_PATH} CMAKE_PREFIX_PATH=/home/team/SoftwareDevelopment/ROS2/skinny/install/messages:/opt/ros/eloquent LD_LIBRARY_PATH=/home/team/SoftwareDevelopment/ROS2/skinny/install/messages/lib:${LD_LIBRARY_PATH} PYTHONPATH=/home/team/SoftwareDevelopment/ROS2/skinny/install/messages/lib/python3.6/site-packages:${PYTHONPATH} /usr/bin/cmake --build /home/team/SoftwareDevelopment/ROS2/skinny/build/talon -- -j4 -l4
