[0.080s] Invoking command in '/home/team/SoftwareDevelopment/ROS2/skinny/build/zed_tracking': CMAKE_PREFIX_PATH=/home/team/SoftwareDevelopment/ROS2/skinny/install/messages:/home/team/SoftwareDevelopment/ROS2/skinny/install/zed_tracking:/home/team/SoftwareDevelopment/ROS2/skinny/install/talon:/home/team/SoftwareDevelopment/ROS2/skinny/install/power_distribution_panel:/home/team/SoftwareDevelopment/ROS2/skinny/install/logic:/home/team/SoftwareDevelopment/ROS2/skinny/install/communication:/home/team/SoftwareDevelopment/ROS2/skinny/install/autonomy:/home/team/SoftwareDevelopment/ROS2/skinny/src/install/zed_tracking:/home/team/SoftwareDevelopment/ROS2/skinny/src/install/talon:/home/team/SoftwareDevelopment/ROS2/skinny/src/install/power_distribution_panel:/home/team/SoftwareDevelopment/ROS2/skinny/src/install/logic:/home/team/SoftwareDevelopment/ROS2/skinny/src/install/communication:/home/team/SoftwareDevelopment/ROS2/skinny/src/install/autonomy:/home/team/SoftwareDevelopment/ROS2/skinny/src/install/messages:/home/team/SoftwareDevelopment/ROS2/skinny/install/excavation:/home/team/SoftwareDevelopment/ROS2/skinny/src/install/excavation:/opt/ros/eloquent /usr/bin/cmake --build /home/team/SoftwareDevelopment/ROS2/skinny/build/zed_tracking -- -j4 -l4
[0.288s] [35m[1mScanning dependencies of target zed_tracking_node[0m
[0.456s] [ 33%] [32mBuilding CXX object CMakeFiles/zed_tracking_node.dir/src/zed_tracking_node.cpp.o[0m
[0.879s] In file included from [01m[K/home/team/SoftwareDevelopment/ROS2/skinny/src/zed_tracking/src/zed_tracking_node.cpp:4:0[m[K:
[0.880s] [01m[K/usr/local/zed/include/sl/Camera.hpp:94:2:[m[K [01;35m[Kwarning: [m[K#warning ("'Debug' builds are not supported since this library was built in 'Release', 'RelWithDebInfo' should be preferred to avoid crashes and memory issues") [[01;35m[K-Wcpp[m[K]
[0.881s]  #[01;35m[Kwarning[m[K("'Debug' builds are not supported since this library was built in 'Release', 'RelWithDebInfo' should be preferred to avoid crashes and memory issues")
[0.881s]   [01;35m[K^~~~~~~[m[K
[11.153s] In file included from [01m[K/home/team/SoftwareDevelopment/ROS2/skinny/src/zed_tracking/src/zed_tracking_node.cpp:4:0[m[K:
[11.154s] [01m[K/usr/local/zed/include/sl/Camera.hpp:[m[K In destructor ‘[01m[Ksl::CameraInformation::~CameraInformation()[m[K’:
[11.156s] [01m[K/usr/local/zed/include/sl/Camera.hpp:3201:12:[m[K [01;35m[Kwarning: [m[K‘[01m[Ksl::CameraInformation::calibration_parameters[m[K’ is deprecated: Use camera_configuration.calibration_parameters instead [[01;35m[K-Wdeprecated-declarations[m[K]
[11.157s]      struct [01;35m[KCameraInformation[m[K {
[11.158s]             [01;35m[K^~~~~~~~~~~~~~~~~[m[K
[11.158s] [01m[K/usr/local/zed/include/sl/Camera.hpp:3209:104:[m[K [01;36m[Knote: [m[Kdeclared here
[11.161s]          SL_DEPRECATED("Use camera_configuration.calibration_parameters instead") CalibrationParameters [01;36m[Kcalibration_parameters[m[K; /**< \deprecated see CameraConfiguration::calibration_parameters, Intrinsic and Extrinsic stereo parameters for rectified/undistorded images (default).*/
[11.164s]                                                                                                         [01;36m[K^~~~~~~~~~~~~~~~~~~~~~[m[K
[11.165s] [01m[K/usr/local/zed/include/sl/Camera.hpp:3201:12:[m[K [01;35m[Kwarning: [m[K‘[01m[Ksl::CameraInformation::calibration_parameters[m[K’ is deprecated: Use camera_configuration.calibration_parameters instead [[01;35m[K-Wdeprecated-declarations[m[K]
[11.165s]      struct [01;35m[KCameraInformation[m[K {
[11.166s]             [01;35m[K^~~~~~~~~~~~~~~~~[m[K
[11.167s] [01m[K/usr/local/zed/include/sl/Camera.hpp:3209:104:[m[K [01;36m[Knote: [m[Kdeclared here
[11.167s]          SL_DEPRECATED("Use camera_configuration.calibration_parameters instead") CalibrationParameters [01;36m[Kcalibration_parameters[m[K; /**< \deprecated see CameraConfiguration::calibration_parameters, Intrinsic and Extrinsic stereo parameters for rectified/undistorded images (default).*/
[11.168s]                                                                                                         [01;36m[K^~~~~~~~~~~~~~~~~~~~~~[m[K
[11.169s] [01m[K/usr/local/zed/include/sl/Camera.hpp:3201:12:[m[K [01;35m[Kwarning: [m[K‘[01m[Ksl::CameraInformation::calibration_parameters_raw[m[K’ is deprecated: Use camera_configuration.calibration_parameters_raw instead [[01;35m[K-Wdeprecated-declarations[m[K]
[11.169s]      struct [01;35m[KCameraInformation[m[K {
[11.170s]             [01;35m[K^~~~~~~~~~~~~~~~~[m[K
[11.171s] [01m[K/usr/local/zed/include/sl/Camera.hpp:3210:108:[m[K [01;36m[Knote: [m[Kdeclared here
[11.189s]        SL_DEPRECATED("Use camera_configuration.calibration_parameters_raw instead") CalibrationParameters [01;36m[Kcalibration_parameters_raw[m[K; /**< \deprecated see CameraConfiguration::calibration_parameters_raw, Intrinsic and Extrinsic stereo parameters for original images (unrectified/distorded).*/
[11.192s]                                                                                                           [01;36m[K^~~~~~~~~~~~~~~~~~~~~~~~~~[m[K
[11.193s] [01m[K/usr/local/zed/include/sl/Camera.hpp:3201:12:[m[K [01;35m[Kwarning: [m[K‘[01m[Ksl::CameraInformation::calibration_parameters_raw[m[K’ is deprecated: Use camera_configuration.calibration_parameters_raw instead [[01;35m[K-Wdeprecated-declarations[m[K]
[11.193s]      struct [01;35m[KCameraInformation[m[K {
[11.194s]             [01;35m[K^~~~~~~~~~~~~~~~~[m[K
[11.195s] [01m[K/usr/local/zed/include/sl/Camera.hpp:3210:108:[m[K [01;36m[Knote: [m[Kdeclared here
[11.196s]        SL_DEPRECATED("Use camera_configuration.calibration_parameters_raw instead") CalibrationParameters [01;36m[Kcalibration_parameters_raw[m[K; /**< \deprecated see CameraConfiguration::calibration_parameters_raw, Intrinsic and Extrinsic stereo parameters for original images (unrectified/distorded).*/
[11.196s]                                                                                                           [01;36m[K^~~~~~~~~~~~~~~~~~~~~~~~~~[m[K
[11.197s] [01m[K/usr/local/zed/include/sl/Camera.hpp:3201:12:[m[K [01;35m[Kwarning: [m[K‘[01m[Ksl::CameraInformation::camera_imu_transform[m[K’ is deprecated: Use sensors_configuration.camera_imu_transform instead [[01;35m[K-Wdeprecated-declarations[m[K]
[11.198s]      struct [01;35m[KCameraInformation[m[K {
[11.198s]             [01;35m[K^~~~~~~~~~~~~~~~~[m[K
[11.199s] [01m[K/usr/local/zed/include/sl/Camera.hpp:3211:95:[m[K [01;36m[Knote: [m[Kdeclared here
[11.200s]          SL_DEPRECATED("Use sensors_configuration.camera_imu_transform instead") sl::Transform [01;36m[Kcamera_imu_transform[m[K; /**< \deprecated see SensorsConfiguration::camera_imu_transform, IMU to Left camera transform matrix, that contains rotation and translation between IMU frame and camera frame.*/
[11.200s]                                                                                                [01;36m[K^~~~~~~~~~~~~~~~~~~~[m[K
[11.201s] [01m[K/usr/local/zed/include/sl/Camera.hpp:3201:12:[m[K [01;35m[Kwarning: [m[K‘[01m[Ksl::CameraInformation::camera_imu_transform[m[K’ is deprecated: Use sensors_configuration.camera_imu_transform instead [[01;35m[K-Wdeprecated-declarations[m[K]
[11.202s]      struct [01;35m[KCameraInformation[m[K {
[11.202s]             [01;35m[K^~~~~~~~~~~~~~~~~[m[K
[11.203s] [01m[K/usr/local/zed/include/sl/Camera.hpp:3211:95:[m[K [01;36m[Knote: [m[Kdeclared here
[11.211s]          SL_DEPRECATED("Use sensors_configuration.camera_imu_transform instead") sl::Transform [01;36m[Kcamera_imu_transform[m[K; /**< \deprecated see SensorsConfiguration::camera_imu_transform, IMU to Left camera transform matrix, that contains rotation and translation between IMU frame and camera frame.*/
[11.212s]                                                                                                [01;36m[K^~~~~~~~~~~~~~~~~~~~[m[K
[11.213s] [01m[K/home/team/SoftwareDevelopment/ROS2/skinny/src/zed_tracking/src/zed_tracking_node.cpp:[m[K In function ‘[01m[Kint main(int, char**)[m[K’:
[11.213s] [01m[K/home/team/SoftwareDevelopment/ROS2/skinny/src/zed_tracking/src/zed_tracking_node.cpp:43:48:[m[K [01;36m[Knote: [m[Ksynthesized method ‘[01m[Ksl::CameraInformation::~CameraInformation()[m[K’ first required here 
[11.214s]      auto cameraInfo = zed.getCameraInformation([01;36m[K)[m[K;
[11.215s] 
[11.215s]                                                 [01;36m[K^[m[K
[11.216s] In file included from [01m[K/home/team/SoftwareDevelopment/ROS2/skinny/src/zed_tracking/src/zed_tracking_node.cpp:4:0[m[K:
[11.217s] [01m[K/usr/local/zed/include/sl/Camera.hpp:[m[K In constructor ‘[01m[Ksl::CalibrationParameters::CalibrationParameters(sl::CalibrationParameters&&)[m[K’:
[11.217s] [01m[K/usr/local/zed/include/sl/Camera.hpp:3121:59:[m[K [01;35m[Kwarning: [m[K‘[01m[Ksl::CalibrationParameters::R[m[K’ is deprecated: Use stereo_transform.getRotationMatrix instead [[01;35m[K-Wdeprecated-declarations[m[K]
[11.218s]      struct /*@cond SHOWHIDDEN*/SL_CORE_EXPORT/*@endcond*/ [01;35m[KCalibrationParameters[m[K {
[11.219s]                                                            [01;35m[K^~~~~~~~~~~~~~~~~~~~~[m[K
[11.219s] [01m[K/usr/local/zed/include/sl/Camera.hpp:3129:80:[m[K [01;36m[Knote: [m[Kdeclared here
[11.220s]          SL_DEPRECATED("Use stereo_transform.getRotationMatrix instead") float3 [01;36m[KR[m[K; /**< \deprecated see stereo_transform, Rotation on its own (using Rodrigues' transformation) of the right sensor. The left is considered as the reference. Defined as 'tilt', 'convergence' and 'roll'. Using a \ref Rotation, you can use \ref Rotation::setRotationVector(R) to convert into other representations.*/
[11.221s]                                                                                 [01;36m[K^[m[K
[11.221s] [01m[K/usr/local/zed/include/sl/Camera.hpp:3121:59:[m[K [01;35m[Kwarning: [m[K‘[01m[Ksl::CalibrationParameters::R[m[K’ is deprecated: Use stereo_transform.getRotationMatrix instead [[01;35m[K-Wdeprecated-declarations[m[K]
[11.222s]      struct /*@cond SHOWHIDDEN*/SL_CORE_EXPORT/*@endcond*/ [01;35m[KCalibrationParameters[m[K {
[11.223s]                                                            [01;35m[K^~~~~~~~~~~~~~~~~~~~~[m[K
[11.223s] [01m[K/usr/local/zed/include/sl/Camera.hpp:3129:80:[m[K [01;36m[Knote: [m[Kdeclared here
[11.224s]          SL_DEPRECATED("Use stereo_transform.getRotationMatrix instead") float3 [01;36m[KR[m[K; /**< \deprecated see stereo_transform, Rotation on its own (using Rodrigues' transformation) of the right sensor. The left is considered as the reference. Defined as 'tilt', 'convergence' and 'roll'. Using a \ref Rotation, you can use \ref Rotation::setRotationVector(R) to convert into other representations.*/
[11.225s]                                                                                 [01;36m[K^[m[K
[11.226s] [01m[K/usr/local/zed/include/sl/Camera.hpp:3121:59:[m[K [01;35m[Kwarning: [m[K‘[01m[Ksl::CalibrationParameters::T[m[K’ is deprecated: Use stereo_transform.getTranslation instead [[01;35m[K-Wdeprecated-declarations[m[K]
[11.226s]      struct /*@cond SHOWHIDDEN*/SL_CORE_EXPORT/*@endcond*/ [01;35m[KCalibrationParameters[m[K {
[11.227s]                                                            [01;35m[K^~~~~~~~~~~~~~~~~~~~~[m[K
[11.228s] [01m[K/usr/local/zed/include/sl/Camera.hpp:3130:77:[m[K [01;36m[Knote: [m[Kdeclared here
[11.228s]          SL_DEPRECATED("Use stereo_transform.getTranslation instead") float3 [01;36m[KT[m[K; /**< \deprecated see stereo_transform,  Translation between the two sensors. T.x is the distance between the two cameras (baseline) in the sl::UNIT chosen during sl::Camera::open (mm, cm, meters, inches...).*/
[11.229s]                                                                              [01;36m[K^[m[K
[11.232s] [01m[K/usr/local/zed/include/sl/Camera.hpp:3121:59:[m[K [01;35m[Kwarning: [m[K‘[01m[Ksl::CalibrationParameters::T[m[K’ is deprecated: Use stereo_transform.getTranslation instead [[01;35m[K-Wdeprecated-declarations[m[K]
[11.233s]      struct /*@cond SHOWHIDDEN*/SL_CORE_EXPORT/*@endcond*/ [01;35m[KCalibrationParameters[m[K {
[11.233s]                                                            [01;35m[K^~~~~~~~~~~~~~~~~~~~~[m[K
[11.234s] [01m[K/usr/local/zed/include/sl/Camera.hpp:3130:77:[m[K [01;36m[Knote: [m[Kdeclared here
[11.235s]          SL_DEPRECATED("Use stereo_transform.getTranslation instead") float3 [01;36m[KT[m[K; /**< \deprecated see stereo_transform,  Translation between the two sensors. T.x is the distance between the two cameras (baseline) in the sl::UNIT chosen during sl::Camera::open (mm, cm, meters, inches...).*/
[11.235s]                                                                              [01;36m[K^[m[K
[11.236s] [01m[K/usr/local/zed/include/sl/Camera.hpp:[m[K In constructor ‘[01m[Ksl::CameraConfiguration::CameraConfiguration(sl::CameraConfiguration&&)[m[K’:
[11.237s] [01m[K/usr/local/zed/include/sl/Camera.hpp:3184:12:[m[K [01;36m[Knote: [m[Ksynthesized method ‘[01m[Ksl::CalibrationParameters::CalibrationParameters(sl::CalibrationParameters&&)[m[K’ first required here 
[11.237s]      struct [01;36m[KCameraConfiguration[m[K {
[11.238s]             [01;36m[K^~~~~~~~~~~~~~~~~~~[m[K
[11.239s] [01m[K/usr/local/zed/include/sl/Camera.hpp:[m[K In constructor ‘[01m[Ksl::CameraInformation::CameraInformation(sl::CameraInformation&&)[m[K’:
[11.240s] [01m[K/usr/local/zed/include/sl/Camera.hpp:3201:12:[m[K [01;36m[Knote: [m[Ksynthesized method ‘[01m[Ksl::CameraConfiguration::CameraConfiguration(sl::CameraConfiguration&&)[m[K’ first required here 
[11.241s]      struct [01;36m[KCameraInformation[m[K {
[11.242s]             [01;36m[K^~~~~~~~~~~~~~~~~[m[K
[11.242s] [01m[K/usr/local/zed/include/sl/Camera.hpp:3201:12:[m[K [01;35m[Kwarning: [m[K‘[01m[Ksl::CameraInformation::calibration_parameters[m[K’ is deprecated: Use camera_configuration.calibration_parameters instead [[01;35m[K-Wdeprecated-declarations[m[K]
[11.243s] [01m[K/usr/local/zed/include/sl/Camera.hpp:3209:104:[m[K [01;36m[Knote: [m[Kdeclared here
[11.244s]          SL_DEPRECATED("Use camera_configuration.calibration_parameters instead") CalibrationParameters [01;36m[Kcalibration_parameters[m[K; /**< \deprecated see CameraConfiguration::calibration_parameters, Intrinsic and Extrinsic stereo parameters for rectified/undistorded images (default).*/
[11.248s]                                                                                                         [01;36m[K^~~~~~~~~~~~~~~~~~~~~~[m[K
[11.249s] [01m[K/usr/local/zed/include/sl/Camera.hpp:3201:12:[m[K [01;35m[Kwarning: [m[K‘[01m[Ksl::CameraInformation::calibration_parameters[m[K’ is deprecated: Use camera_configuration.calibration_parameters instead [[01;35m[K-Wdeprecated-declarations[m[K]
[11.250s]      struct [01;35m[KCameraInformation[m[K {
[11.250s]             [01;35m[K^~~~~~~~~~~~~~~~~[m[K
[11.251s] [01m[K/usr/local/zed/include/sl/Camera.hpp:3209:104:[m[K [01;36m[Knote: [m[Kdeclared here
[11.252s]          SL_DEPRECATED("Use camera_configuration.calibration_parameters instead") CalibrationParameters [01;36m[Kcalibration_parameters[m[K; /**< \deprecated see CameraConfiguration::calibration_parameters, Intrinsic and Extrinsic stereo parameters for rectified/undistorded images (default).*/
[11.252s]                                                                                                         [01;36m[K^~~~~~~~~~~~~~~~~~~~~~[m[K
[11.253s] [01m[K/usr/local/zed/include/sl/Camera.hpp:3201:12:[m[K [01;35m[Kwarning: [m[K‘[01m[Ksl::CameraInformation::calibration_parameters[m[K’ is deprecated: Use camera_configuration.calibration_parameters instead [[01;35m[K-Wdeprecated-declarations[m[K]
[11.254s]      struct [01;35m[KCameraInformation[m[K {
[11.254s]             [01;35m[K^~~~~~~~~~~~~~~~~[m[K
[11.255s] [01m[K/usr/local/zed/include/sl/Camera.hpp:3209:104:[m[K [01;36m[Knote: [m[Kdeclared here
[11.256s]          SL_DEPRECATED("Use camera_configuration.calibration_parameters instead") CalibrationParameters [01;36m[Kcalibration_parameters[m[K; /**< \deprecated see CameraConfiguration::calibration_parameters, Intrinsic and Extrinsic stereo parameters for rectified/undistorded images (default).*/
[11.256s]                                                                                                         [01;36m[K^~~~~~~~~~~~~~~~~~~~~~[m[K
[11.257s] [01m[K/usr/local/zed/include/sl/Camera.hpp:3201:12:[m[K [01;35m[Kwarning: [m[K‘[01m[Ksl::CameraInformation::calibration_parameters[m[K’ is deprecated: Use camera_configuration.calibration_parameters instead [[01;35m[K-Wdeprecated-declarations[m[K]
[11.258s]      struct [01;35m[KCameraInformation[m[K {
[11.258s]             [01;35m[K^~~~~~~~~~~~~~~~~[m[K
[11.262s] [01m[K/usr/local/zed/include/sl/Camera.hpp:3209:104:[m[K [01;36m[Knote: [m[Kdeclared here
[11.264s]          SL_DEPRECATED("Use camera_configuration.calibration_parameters instead") CalibrationParameters [01;36m[Kcalibration_parameters[m[K; /**< \deprecated see CameraConfiguration::calibration_parameters, Intrinsic and Extrinsic stereo parameters for rectified/undistorded images (default).*/
[11.265s]                                                                                                         [01;36m[K^~~~~~~~~~~~~~~~~~~~~~[m[K
[11.266s] [01m[K/usr/local/zed/include/sl/Camera.hpp:3201:12:[m[K [01;35m[Kwarning: [m[K‘[01m[Ksl::CameraInformation::calibration_parameters_raw[m[K’ is deprecated: Use camera_configuration.calibration_parameters_raw instead [[01;35m[K-Wdeprecated-declarations[m[K]
[11.266s]      struct [01;35m[KCameraInformation[m[K {
[11.267s]             [01;35m[K^~~~~~~~~~~~~~~~~[m[K
[11.268s] [01m[K/usr/local/zed/include/sl/Camera.hpp:3210:108:[m[K [01;36m[Knote: [m[Kdeclared here
[11.269s]        SL_DEPRECATED("Use camera_configuration.calibration_parameters_raw instead") CalibrationParameters [01;36m[Kcalibration_parameters_raw[m[K; /**< \deprecated see CameraConfiguration::calibration_parameters_raw, Intrinsic and Extrinsic stereo parameters for original images (unrectified/distorded).*/
[11.269s]                                                                                                           [01;36m[K^~~~~~~~~~~~~~~~~~~~~~~~~~[m[K
[11.270s] [01m[K/usr/local/zed/include/sl/Camera.hpp:3201:12:[m[K [01;35m[Kwarning: [m[K‘[01m[Ksl::CameraInformation::calibration_parameters_raw[m[K’ is deprecated: Use camera_configuration.calibration_parameters_raw instead [[01;35m[K-Wdeprecated-declarations[m[K]
[11.271s]      struct [01;35m[KCameraInformation[m[K {
[11.271s]             [01;35m[K^~~~~~~~~~~~~~~~~[m[K
[11.272s] [01m[K/usr/local/zed/include/sl/Camera.hpp:3210:108:[m[K [01;36m[Knote: [m[Kdeclared here
[11.273s]        SL_DEPRECATED("Use camera_configuration.calibration_parameters_raw instead") CalibrationParameters [01;36m[Kcalibration_parameters_raw[m[K; /**< \deprecated see CameraConfiguration::calibration_parameters_raw, Intrinsic and Extrinsic stereo parameters for original images (unrectified/distorded).*/
[11.273s]                                                                                                           [01;36m[K^~~~~~~~~~~~~~~~~~~~~~~~~~[m[K
[11.274s] [01m[K/usr/local/zed/include/sl/Camera.hpp:3201:12:[m[K [01;35m[Kwarning: [m[K‘[01m[Ksl::CameraInformation::calibration_parameters_raw[m[K’ is deprecated: Use camera_configuration.calibration_parameters_raw instead [[01;35m[K-Wdeprecated-declarations[m[K]
[11.275s]      struct [01;35m[KCameraInformation[m[K {
[11.279s]             [01;35m[K^~~~~~~~~~~~~~~~~[m[K
[11.280s] [01m[K/usr/local/zed/include/sl/Camera.hpp:3210:108:[m[K [01;36m[Knote: [m[Kdeclared here
[11.281s]        SL_DEPRECATED("Use camera_configuration.calibration_parameters_raw instead") CalibrationParameters [01;36m[Kcalibration_parameters_raw[m[K; /**< \deprecated see CameraConfiguration::calibration_parameters_raw, Intrinsic and Extrinsic stereo parameters for original images (unrectified/distorded).*/
[11.281s]                                                                                                           [01;36m[K^~~~~~~~~~~~~~~~~~~~~~~~~~[m[K
[11.282s] [01m[K/usr/local/zed/include/sl/Camera.hpp:3201:12:[m[K [01;35m[Kwarning: [m[K‘[01m[Ksl::CameraInformation::calibration_parameters_raw[m[K’ is deprecated: Use camera_configuration.calibration_parameters_raw instead [[01;35m[K-Wdeprecated-declarations[m[K]
[11.282s]      struct [01;35m[KCameraInformation[m[K {
[11.283s]             [01;35m[K^~~~~~~~~~~~~~~~~[m[K
[11.284s] [01m[K/usr/local/zed/include/sl/Camera.hpp:3210:108:[m[K [01;36m[Knote: [m[Kdeclared here
[11.285s]        SL_DEPRECATED("Use camera_configuration.calibration_parameters_raw instead") CalibrationParameters [01;36m[Kcalibration_parameters_raw[m[K; /**< \deprecated see CameraConfiguration::calibration_parameters_raw, Intrinsic and Extrinsic stereo parameters for original images (unrectified/distorded).*/
[11.285s]                                                                                                           [01;36m[K^~~~~~~~~~~~~~~~~~~~~~~~~~[m[K
[11.286s] [01m[K/usr/local/zed/include/sl/Camera.hpp:3201:12:[m[K [01;35m[Kwarning: [m[K‘[01m[Ksl::CameraInformation::camera_imu_transform[m[K’ is deprecated: Use sensors_configuration.camera_imu_transform instead [[01;35m[K-Wdeprecated-declarations[m[K]
[11.287s]      struct [01;35m[KCameraInformation[m[K {
[11.291s]             [01;35m[K^~~~~~~~~~~~~~~~~[m[K
[11.291s] [01m[K/usr/local/zed/include/sl/Camera.hpp:3211:95:[m[K [01;36m[Knote: [m[Kdeclared here
[11.292s]          SL_DEPRECATED("Use sensors_configuration.camera_imu_transform instead") sl::Transform [01;36m[Kcamera_imu_transform[m[K; /**< \deprecated see SensorsConfiguration::camera_imu_transform, IMU to Left camera transform matrix, that contains rotation and translation between IMU frame and camera frame.*/
[11.293s]                                                                                                [01;36m[K^~~~~~~~~~~~~~~~~~~~[m[K
[11.294s] [01m[K/usr/local/zed/include/sl/Camera.hpp:3201:12:[m[K [01;35m[Kwarning: [m[K‘[01m[Ksl::CameraInformation::camera_imu_transform[m[K’ is deprecated: Use sensors_configuration.camera_imu_transform instead [[01;35m[K-Wdeprecated-declarations[m[K]
[11.294s]      struct [01;35m[KCameraInformation[m[K {
[11.295s]             [01;35m[K^~~~~~~~~~~~~~~~~[m[K
[11.296s] [01m[K/usr/local/zed/include/sl/Camera.hpp:3211:95:[m[K [01;36m[Knote: [m[Kdeclared here
[11.296s]          SL_DEPRECATED("Use sensors_configuration.camera_imu_transform instead") sl::Transform [01;36m[Kcamera_imu_transform[m[K; /**< \deprecated see SensorsConfiguration::camera_imu_transform, IMU to Left camera transform matrix, that contains rotation and translation between IMU frame and camera frame.*/
[11.297s]                                                                                                [01;36m[K^~~~~~~~~~~~~~~~~~~~[m[K
[11.298s] [01m[K/usr/local/zed/include/sl/Camera.hpp:3201:12:[m[K [01;35m[Kwarning: [m[K‘[01m[Ksl::CameraInformation::camera_imu_transform[m[K’ is deprecated: Use sensors_configuration.camera_imu_transform instead [[01;35m[K-Wdeprecated-declarations[m[K]
[11.298s]      struct [01;35m[KCameraInformation[m[K {
[11.299s]             [01;35m[K^~~~~~~~~~~~~~~~~[m[K
[11.300s] [01m[K/usr/local/zed/include/sl/Camera.hpp:3211:95:[m[K [01;36m[Knote: [m[Kdeclared here
[11.301s]          SL_DEPRECATED("Use sensors_configuration.camera_imu_transform instead") sl::Transform [01;36m[Kcamera_imu_transform[m[K; /**< \deprecated see SensorsConfiguration::camera_imu_transform, IMU to Left camera transform matrix, that contains rotation and translation between IMU frame and camera frame.*/
[11.301s]                                                                                                [01;36m[K^~~~~~~~~~~~~~~~~~~~[m[K
[11.302s] [01m[K/usr/local/zed/include/sl/Camera.hpp:3201:12:[m[K [01;35m[Kwarning: [m[K‘[01m[Ksl::CameraInformation::camera_imu_transform[m[K’ is deprecated: Use sensors_configuration.camera_imu_transform instead [[01;35m[K-Wdeprecated-declarations[m[K]
[11.303s]      struct [01;35m[KCameraInformation[m[K {
[11.307s]             [01;35m[K^~~~~~~~~~~~~~~~~[m[K
[11.308s] [01m[K/usr/local/zed/include/sl/Camera.hpp:3211:95:[m[K [01;36m[Knote: [m[Kdeclared here
[11.308s]          SL_DEPRECATED("Use sensors_configuration.camera_imu_transform instead") sl::Transform [01;36m[Kcamera_imu_transform[m[K; /**< \deprecated see SensorsConfiguration::camera_imu_transform, IMU to Left camera transform matrix, that contains rotation and translation between IMU frame and camera frame.*/
[11.309s]                                                                                                [01;36m[K^~~~~~~~~~~~~~~~~~~~[m[K
[11.310s] [01m[K/usr/local/zed/include/sl/Camera.hpp:3201:12:[m[K [01;35m[Kwarning: [m[K‘[01m[Ksl::CameraInformation::camera_firmware_version[m[K’ is deprecated: Use camera_configuration.firmware_version instead [[01;35m[K-Wdeprecated-declarations[m[K]
[11.311s]      struct [01;35m[KCameraInformation[m[K {
[11.311s]             [01;35m[K^~~~~~~~~~~~~~~~~[m[K
[11.312s] [01m[K/usr/local/zed/include/sl/Camera.hpp:3212:115:[m[K [01;36m[Knote: [m[Kdeclared here
[11.313s]  L_DEPRECATED("Use camera_configuration.firmware_version instead") unsigned int camera_firmware_version = [01;36m[K0[m[K; /**< \deprecated CameraConfiguration::firmware_version, Firmware version of the camera.*/
[11.313s]                                                                                                           [01;36m[K^[m[K
[11.314s] [01m[K/usr/local/zed/include/sl/Camera.hpp:3201:12:[m[K [01;35m[Kwarning: [m[K‘[01m[Ksl::CameraInformation::camera_firmware_version[m[K’ is deprecated: Use camera_configuration.firmware_version instead [[01;35m[K-Wdeprecated-declarations[m[K]
[11.315s]      struct [01;35m[KCameraInformation[m[K {
[11.315s]             [01;35m[K^~~~~~~~~~~~~~~~~[m[K
[11.316s] [01m[K/usr/local/zed/include/sl/Camera.hpp:3212:115:[m[K [01;36m[Knote: [m[Kdeclared here
[11.317s]  L_DEPRECATED("Use camera_configuration.firmware_version instead") unsigned int camera_firmware_version = [01;36m[K0[m[K; /**< \deprecated CameraConfiguration::firmware_version, Firmware version of the camera.*/
[11.317s]                                                                                                           [01;36m[K^[m[K
[11.318s] [01m[K/usr/local/zed/include/sl/Camera.hpp:3201:12:[m[K [01;35m[Kwarning: [m[K‘[01m[Ksl::CameraInformation::sensors_firmware_version[m[K’ is deprecated: Use sensors_configuration.firmware_version instead [[01;35m[K-Wdeprecated-declarations[m[K]
[11.319s]      struct [01;35m[KCameraInformation[m[K {
[11.323s]             [01;35m[K^~~~~~~~~~~~~~~~~[m[K
[11.324s] [01m[K/usr/local/zed/include/sl/Camera.hpp:3213:117:[m[K [01;36m[Knote: [m[Kdeclared here
[11.324s]  DEPRECATED("Use sensors_configuration.firmware_version instead") unsigned int sensors_firmware_version = [01;36m[K0[m[K; /**< \deprecated see SensorsConfiguration::firmware_version, Firmware version of the sensors of ZED-M or ZED2.*/
[11.325s]                                                                                                           [01;36m[K^[m[K
[11.326s] [01m[K/usr/local/zed/include/sl/Camera.hpp:3201:12:[m[K [01;35m[Kwarning: [m[K‘[01m[Ksl::CameraInformation::sensors_firmware_version[m[K’ is deprecated: Use sensors_configuration.firmware_version instead [[01;35m[K-Wdeprecated-declarations[m[K]
[11.326s]      struct [01;35m[KCameraInformation[m[K {
[11.327s]             [01;35m[K^~~~~~~~~~~~~~~~~[m[K
[11.328s] [01m[K/usr/local/zed/include/sl/Camera.hpp:3213:117:[m[K [01;36m[Knote: [m[Kdeclared here
[11.329s]  DEPRECATED("Use sensors_configuration.firmware_version instead") unsigned int sensors_firmware_version = [01;36m[K0[m[K; /**< \deprecated see SensorsConfiguration::firmware_version, Firmware version of the sensors of ZED-M or ZED2.*/
[11.329s]                                                                                                           [01;36m[K^[m[K
[11.330s] [01m[K/usr/local/zed/include/sl/Camera.hpp:3201:12:[m[K [01;35m[Kwarning: [m[K‘[01m[Ksl::CameraInformation::camera_fps[m[K’ is deprecated: Use camera_configuration.fps instead [[01;35m[K-Wdeprecated-declarations[m[K]
[11.331s]      struct [01;35m[KCameraInformation[m[K {
[11.331s]             [01;35m[K^~~~~~~~~~~~~~~~~[m[K
[11.332s] [01m[K/usr/local/zed/include/sl/Camera.hpp:3214:82:[m[K [01;36m[Knote: [m[Kdeclared here
[11.333s]          SL_DEPRECATED("Use camera_configuration.fps instead") float camera_fps = [01;36m[K0[m[K; /**< \deprecated see CameraConfiguration::fps, camera frame rate. */
[11.334s]                                                                                   [01;36m[K^[m[K
[11.334s] [01m[K/usr/local/zed/include/sl/Camera.hpp:3201:12:[m[K [01;35m[Kwarning: [m[K‘[01m[Ksl::CameraInformation::camera_fps[m[K’ is deprecated: Use camera_configuration.fps instead [[01;35m[K-Wdeprecated-declarations[m[K]
[11.335s]      struct [01;35m[KCameraInformation[m[K {
[11.336s]             [01;35m[K^~~~~~~~~~~~~~~~~[m[K
[11.336s] [01m[K/usr/local/zed/include/sl/Camera.hpp:3214:82:[m[K [01;36m[Knote: [m[Kdeclared here
[11.337s]          SL_DEPRECATED("Use camera_configuration.fps instead") float camera_fps = [01;36m[K0[m[K; /**< \deprecated see CameraConfiguration::fps, camera frame rate. */
[11.338s]                                                                                   [01;36m[K^[m[K
[11.338s] [01m[K/usr/local/zed/include/sl/Camera.hpp:3201:12:[m[K [01;35m[Kwarning: [m[K‘[01m[Ksl::CameraInformation::camera_resolution[m[K’ is deprecated: Use camera_configuration.resolution instead [[01;35m[K-Wdeprecated-declarations[m[K]
[11.339s]      struct [01;35m[KCameraInformation[m[K {
[11.343s]             [01;35m[K^~~~~~~~~~~~~~~~~[m[K
[11.344s] [01m[K/usr/local/zed/include/sl/Camera.hpp:3215:81:[m[K [01;36m[Knote: [m[Kdeclared here
[11.344s]          SL_DEPRECATED("Use camera_configuration.resolution instead") Resolution [01;36m[Kcamera_resolution[m[K; /**< \deprecated see CameraConfiguration::resolution, camera resolution. */
[11.345s]                                                                                  [01;36m[K^~~~~~~~~~~~~~~~~[m[K
[11.346s] [01m[K/usr/local/zed/include/sl/Camera.hpp:3201:12:[m[K [01;35m[Kwarning: [m[K‘[01m[Ksl::CameraInformation::camera_resolution[m[K’ is deprecated: Use camera_configuration.resolution instead [[01;35m[K-Wdeprecated-declarations[m[K]
[11.347s]      struct [01;35m[KCameraInformation[m[K {
[11.347s]             [01;35m[K^~~~~~~~~~~~~~~~~[m[K
[11.348s] [01m[K/usr/local/zed/include/sl/Camera.hpp:3215:81:[m[K [01;36m[Knote: [m[Kdeclared here
[11.349s]          SL_DEPRECATED("Use camera_configuration.resolution instead") Resolution [01;36m[Kcamera_resolution[m[K; /**< \deprecated see CameraConfiguration::resolution, camera resolution. */
[11.349s]                                                                                  [01;36m[K^~~~~~~~~~~~~~~~~[m[K
[11.350s] [01m[K/home/team/SoftwareDevelopment/ROS2/skinny/src/zed_tracking/src/zed_tracking_node.cpp:[m[K In function ‘[01m[Kint main(int, char**)[m[K’:
[11.351s] [01m[K/home/team/SoftwareDevelopment/ROS2/skinny/src/zed_tracking/src/zed_tracking_node.cpp:43:48:[m[K [01;36m[Knote: [m[Ksynthesized method ‘[01m[Ksl::CameraInformation::CameraInformation(sl::CameraInformation&&)[m[K’ first required here 
[11.352s]      auto cameraInfo = zed.getCameraInformation([01;36m[K)[m[K;
[11.352s] 
[11.353s]                                                 [01;36m[K^[m[K
[11.354s] [01m[K/home/team/SoftwareDevelopment/ROS2/skinny/src/zed_tracking/src/zed_tracking_node.cpp:44:44:[m[K [01;35m[Kwarning: [m[K‘[01m[Ksl::CameraInformation::camera_resolution[m[K’ is deprecated: Use camera_configuration.resolution instead [[01;35m[K-Wdeprecated-declarations[m[K]
[11.355s]      sl::Resolution image_size = cameraInfo.[01;35m[Kcamera_resolution[m[K;
[11.356s] 
[11.356s]                                             [01;35m[K^~~~~~~~~~~~~~~~~[m[K
[11.357s] In file included from [01m[K/home/team/SoftwareDevelopment/ROS2/skinny/src/zed_tracking/src/zed_tracking_node.cpp:4:0[m[K:
[11.358s] [01m[K/usr/local/zed/include/sl/Camera.hpp:3215:81:[m[K [01;36m[Knote: [m[Kdeclared here
[11.358s]          SL_DEPRECATED("Use camera_configuration.resolution instead") Resolution [01;36m[Kcamera_resolution[m[K; /**< \deprecated see CameraConfiguration::resolution, camera resolution. */
[11.359s]                                                                                  [01;36m[K^~~~~~~~~~~~~~~~~[m[K
[11.360s] [01m[K/home/team/SoftwareDevelopment/ROS2/skinny/src/zed_tracking/src/zed_tracking_node.cpp:44:44:[m[K [01;35m[Kwarning: [m[K‘[01m[Ksl::CameraInformation::camera_resolution[m[K’ is deprecated: Use camera_configuration.resolution instead [[01;35m[K-Wdeprecated-declarations[m[K]
[11.361s]      sl::Resolution image_size = cameraInfo.[01;35m[Kcamera_resolution[m[K;
[11.362s] 
[11.362s]                                             [01;35m[K^~~~~~~~~~~~~~~~~[m[K
[11.363s] In file included from [01m[K/home/team/SoftwareDevelopment/ROS2/skinny/src/zed_tracking/src/zed_tracking_node.cpp:4:0[m[K:
[11.365s] [01m[K/usr/local/zed/include/sl/Camera.hpp:3215:81:[m[K [01;36m[Knote: [m[Kdeclared here
[11.365s]          SL_DEPRECATED("Use camera_configuration.resolution instead") Resolution [01;36m[Kcamera_resolution[m[K; /**< \deprecated see CameraConfiguration::resolution, camera resolution. */
[11.366s]                                                                                  [01;36m[K^~~~~~~~~~~~~~~~~[m[K
[11.367s] [01m[K/home/team/SoftwareDevelopment/ROS2/skinny/src/zed_tracking/src/zed_tracking_node.cpp:44:44:[m[K [01;35m[Kwarning: [m[K‘[01m[Ksl::CameraInformation::camera_resolution[m[K’ is deprecated: Use camera_configuration.resolution instead [[01;35m[K-Wdeprecated-declarations[m[K]
[11.367s]      sl::Resolution image_size = cameraInfo.[01;35m[Kcamera_resolution[m[K;
[11.368s] 
[11.369s]                                             [01;35m[K^~~~~~~~~~~~~~~~~[m[K
[11.369s] In file included from [01m[K/home/team/SoftwareDevelopment/ROS2/skinny/src/zed_tracking/src/zed_tracking_node.cpp:4:0[m[K:
[11.370s] [01m[K/usr/local/zed/include/sl/Camera.hpp:3215:81:[m[K [01;36m[Knote: [m[Kdeclared here
[11.371s]          SL_DEPRECATED("Use camera_configuration.resolution instead") Resolution [01;36m[Kcamera_resolution[m[K; /**< \deprecated see CameraConfiguration::resolution, camera resolution. */
[11.375s]                                                                                  [01;36m[K^~~~~~~~~~~~~~~~~[m[K
[11.376s] [01m[K/home/team/SoftwareDevelopment/ROS2/skinny/src/zed_tracking/src/zed_tracking_node.cpp:49:33:[m[K [01;35m[Kwarning: [m[K‘[01m[Ksl::CameraInformation::calibration_parameters[m[K’ is deprecated: Use camera_configuration.calibration_parameters instead [[01;35m[K-Wdeprecated-declarations[m[K]
[11.376s]      auto calibInfo = cameraInfo.[01;35m[Kcalibration_parameters[m[K.left_cam;
[11.377s] 
[11.378s]                                  [01;35m[K^~~~~~~~~~~~~~~~~~~~~~[m[K
[11.378s] In file included from [01m[K/home/team/SoftwareDevelopment/ROS2/skinny/src/zed_tracking/src/zed_tracking_node.cpp:4:0[m[K:
[11.379s] [01m[K/usr/local/zed/include/sl/Camera.hpp:3209:104:[m[K [01;36m[Knote: [m[Kdeclared here
[11.380s]          SL_DEPRECATED("Use camera_configuration.calibration_parameters instead") CalibrationParameters [01;36m[Kcalibration_parameters[m[K; /**< \deprecated see CameraConfiguration::calibration_parameters, Intrinsic and Extrinsic stereo parameters for rectified/undistorded images (default).*/
[11.380s]                                                                                                         [01;36m[K^~~~~~~~~~~~~~~~~~~~~~[m[K
[11.381s] [01m[K/home/team/SoftwareDevelopment/ROS2/skinny/src/zed_tracking/src/zed_tracking_node.cpp:49:33:[m[K [01;35m[Kwarning: [m[K‘[01m[Ksl::CameraInformation::calibration_parameters[m[K’ is deprecated: Use camera_configuration.calibration_parameters instead [[01;35m[K-Wdeprecated-declarations[m[K]
[11.382s]      auto calibInfo = cameraInfo.[01;35m[Kcalibration_parameters[m[K.left_cam;
[11.382s] 
[11.383s]                                  [01;35m[K^~~~~~~~~~~~~~~~~~~~~~[m[K
[11.384s] In file included from [01m[K/home/team/SoftwareDevelopment/ROS2/skinny/src/zed_tracking/src/zed_tracking_node.cpp:4:0[m[K:
[11.385s] [01m[K/usr/local/zed/include/sl/Camera.hpp:3209:104:[m[K [01;36m[Knote: [m[Kdeclared here
[11.385s]          SL_DEPRECATED("Use camera_configuration.calibration_parameters instead") CalibrationParameters [01;36m[Kcalibration_parameters[m[K; /**< \deprecated see CameraConfiguration::calibration_parameters, Intrinsic and Extrinsic stereo parameters for rectified/undistorded images (default).*/
[11.386s]                                                                                                         [01;36m[K^~~~~~~~~~~~~~~~~~~~~~[m[K
[11.387s] [01m[K/home/team/SoftwareDevelopment/ROS2/skinny/src/zed_tracking/src/zed_tracking_node.cpp:49:33:[m[K [01;35m[Kwarning: [m[K‘[01m[Ksl::CameraInformation::calibration_parameters[m[K’ is deprecated: Use camera_configuration.calibration_parameters instead [[01;35m[K-Wdeprecated-declarations[m[K]
[11.387s]      auto calibInfo = cameraInfo.[01;35m[Kcalibration_parameters[m[K.left_cam;
[11.388s] 
[11.389s]                                  [01;35m[K^~~~~~~~~~~~~~~~~~~~~~[m[K
[11.389s] In file included from [01m[K/home/team/SoftwareDevelopment/ROS2/skinny/src/zed_tracking/src/zed_tracking_node.cpp:4:0[m[K:
[11.390s] [01m[K/usr/local/zed/include/sl/Camera.hpp:3209:104:[m[K [01;36m[Knote: [m[Kdeclared here
[11.390s]          SL_DEPRECATED("Use camera_configuration.calibration_parameters instead") CalibrationParameters [01;36m[Kcalibration_parameters[m[K; /**< \deprecated see CameraConfiguration::calibration_parameters, Intrinsic and Extrinsic stereo parameters for rectified/undistorded images (default).*/
[11.391s]                                                                                                         [01;36m[K^~~~~~~~~~~~~~~~~~~~~~[m[K
[11.392s] [01m[K/home/team/SoftwareDevelopment/ROS2/skinny/src/zed_tracking/src/zed_tracking_node.cpp:137:6:[m[K [01;31m[Kerror: [m[K‘[01m[KajustedPose[m[K’ was not declared in this scope
[11.392s]       [01;31m[KajustedPose[m[K=zedToAruco*zedPose.pose_data;
[11.393s] 
[11.394s]       [01;31m[K^~~~~~~~~~~[m[K
[11.394s] [01m[K/home/team/SoftwareDevelopment/ROS2/skinny/src/zed_tracking/src/zed_tracking_node.cpp:137:6:[m[K [01;36m[Knote: [m[Ksuggested alternative: ‘[01m[KadjustedPose[m[K’
[11.395s]       [01;36m[KajustedPose[m[K=zedToAruco*zedPose.pose_data;
[11.399s] 
[11.400s]       [01;36m[K^~~~~~~~~~~[m[K
[11.400s]       [32m[KadjustedPose[m[K
[19.339s] CMakeFiles/zed_tracking_node.dir/build.make:86: recipe for target 'CMakeFiles/zed_tracking_node.dir/src/zed_tracking_node.cpp.o' failed
[19.340s] make[2]: *** [CMakeFiles/zed_tracking_node.dir/src/zed_tracking_node.cpp.o] Error 1
[19.341s] make[1]: *** [CMakeFiles/zed_tracking_node.dir/all] Error 2
[19.342s] make: *** [all] Error 2
[19.343s] CMakeFiles/Makefile2:131: recipe for target 'CMakeFiles/zed_tracking_node.dir/all' failed
[19.343s] Makefile:140: recipe for target 'all' failed
[19.353s] Invoked command in '/home/team/SoftwareDevelopment/ROS2/skinny/build/zed_tracking' returned '2': CMAKE_PREFIX_PATH=/home/team/SoftwareDevelopment/ROS2/skinny/install/messages:/home/team/SoftwareDevelopment/ROS2/skinny/install/zed_tracking:/home/team/SoftwareDevelopment/ROS2/skinny/install/talon:/home/team/SoftwareDevelopment/ROS2/skinny/install/power_distribution_panel:/home/team/SoftwareDevelopment/ROS2/skinny/install/logic:/home/team/SoftwareDevelopment/ROS2/skinny/install/communication:/home/team/SoftwareDevelopment/ROS2/skinny/install/autonomy:/home/team/SoftwareDevelopment/ROS2/skinny/src/install/zed_tracking:/home/team/SoftwareDevelopment/ROS2/skinny/src/install/talon:/home/team/SoftwareDevelopment/ROS2/skinny/src/install/power_distribution_panel:/home/team/SoftwareDevelopment/ROS2/skinny/src/install/logic:/home/team/SoftwareDevelopment/ROS2/skinny/src/install/communication:/home/team/SoftwareDevelopment/ROS2/skinny/src/install/autonomy:/home/team/SoftwareDevelopment/ROS2/skinny/src/install/messages:/home/team/SoftwareDevelopment/ROS2/skinny/install/excavation:/home/team/SoftwareDevelopment/ROS2/skinny/src/install/excavation:/opt/ros/eloquent /usr/bin/cmake --build /home/team/SoftwareDevelopment/ROS2/skinny/build/zed_tracking -- -j4 -l4
