[01m[K/home/team/SoftwareDevelopment/ROS2/skinny/src/autonomy/src/autonomy_node.cpp:[m[K In function ‘[01m[Kvoid positionCallback(messages::msg::ZedPosition_<std::allocator<void> >::SharedPtr)[m[K’:
[01m[K/home/team/SoftwareDevelopment/ROS2/skinny/src/autonomy/src/autonomy_node.cpp:12:18:[m[K [01;31m[Kerror: [m[K‘[01m[Kusing element_type = struct messages::msg::ZedPosition_<std::allocator<void> > {aka struct messages::msg::ZedPosition_<std::allocator<void> >}[m[K’ has no member named ‘[01m[Kaz[m[K’; did you mean ‘[01m[Kz[m[K’?
  if(zedPosition->[01;31m[Kaz[m[K > 1){
                  [01;31m[K^~[m[K
                  [32m[Kz[m[K
[01m[K/home/team/SoftwareDevelopment/ROS2/skinny/src/autonomy/src/autonomy_node.cpp:16:24:[m[K [01;31m[Kerror: [m[K‘[01m[Kusing element_type = struct messages::msg::ZedPosition_<std::allocator<void> > {aka struct messages::msg::ZedPosition_<std::allocator<void> >}[m[K’ has no member named ‘[01m[Kaz[m[K’; did you mean ‘[01m[Kz[m[K’?
  else if(zedPosition-> [01;31m[Kaz[m[K < 2.5 && zedPosition->az > 0){
                        [01;31m[K^~[m[K
                        [32m[Kz[m[K
[01m[K/home/team/SoftwareDevelopment/ROS2/skinny/src/autonomy/src/autonomy_node.cpp:16:49:[m[K [01;31m[Kerror: [m[K‘[01m[Kusing element_type = struct messages::msg::ZedPosition_<std::allocator<void> > {aka struct messages::msg::ZedPosition_<std::allocator<void> >}[m[K’ has no member named ‘[01m[Kaz[m[K’; did you mean ‘[01m[Kz[m[K’?
  else if(zedPosition-> az < 2.5 && zedPosition->[01;31m[Kaz[m[K > 0){
                                                 [01;31m[K^~[m[K
                                                 [32m[Kz[m[K
[01m[K/home/team/SoftwareDevelopment/ROS2/skinny/src/autonomy/src/autonomy_node.cpp:20:23:[m[K [01;31m[Kerror: [m[K‘[01m[Kusing element_type = struct messages::msg::ZedPosition_<std::allocator<void> > {aka struct messages::msg::ZedPosition_<std::allocator<void> >}[m[K’ has no member named ‘[01m[Kax[m[K’; did you mean ‘[01m[Kx[m[K’?
  else if(zedPosition->[01;31m[Kax[m[K == -1){
                       [01;31m[K^~[m[K
                       [32m[Kx[m[K
make[2]: *** [CMakeFiles/autonomy_node.dir/src/autonomy_node.cpp.o] Error 1
make[1]: *** [CMakeFiles/autonomy_node.dir/all] Error 2
make: *** [all] Error 2
