[0.123s] Invoking command in '/home/team/SoftwareDevelopment/ROS2/skinny/build/logic': CMAKE_PREFIX_PATH=/home/team/SoftwareDevelopment/ROS2/skinny/install/messages:/home/team/SoftwareDevelopment/ROS2/skinny/install/zed_tracking:/home/team/SoftwareDevelopment/ROS2/skinny/install/talon:/home/team/SoftwareDevelopment/ROS2/skinny/install/power_distribution_panel:/home/team/SoftwareDevelopment/ROS2/skinny/install/logic:/home/team/SoftwareDevelopment/ROS2/skinny/install/communication:/home/team/SoftwareDevelopment/ROS2/skinny/install/autonomy:/home/team/SoftwareDevelopment/ROS2/skinny/install/excavation:/opt/ros/eloquent /usr/bin/cmake --build /home/team/SoftwareDevelopment/ROS2/skinny/build/logic -- -j4 -l4
[0.327s] [35m[1mScanning dependencies of target logic_node[0m
[0.456s] [ 50%] [32mBuilding CXX object CMakeFiles/logic_node.dir/src/logic_node.cpp.o[0m
[21.026s] [100%] [32m[1mLinking CXX executable logic_node[0m
[22.340s] [100%] Built target logic_node
[22.387s] Invoked command in '/home/team/SoftwareDevelopment/ROS2/skinny/build/logic' returned '0': CMAKE_PREFIX_PATH=/home/team/SoftwareDevelopment/ROS2/skinny/install/messages:/home/team/SoftwareDevelopment/ROS2/skinny/install/zed_tracking:/home/team/SoftwareDevelopment/ROS2/skinny/install/talon:/home/team/SoftwareDevelopment/ROS2/skinny/install/power_distribution_panel:/home/team/SoftwareDevelopment/ROS2/skinny/install/logic:/home/team/SoftwareDevelopment/ROS2/skinny/install/communication:/home/team/SoftwareDevelopment/ROS2/skinny/install/autonomy:/home/team/SoftwareDevelopment/ROS2/skinny/install/excavation:/opt/ros/eloquent /usr/bin/cmake --build /home/team/SoftwareDevelopment/ROS2/skinny/build/logic -- -j4 -l4
[22.481s] Invoking command in '/home/team/SoftwareDevelopment/ROS2/skinny/build/logic': CMAKE_PREFIX_PATH=/home/team/SoftwareDevelopment/ROS2/skinny/install/messages:/home/team/SoftwareDevelopment/ROS2/skinny/install/zed_tracking:/home/team/SoftwareDevelopment/ROS2/skinny/install/talon:/home/team/SoftwareDevelopment/ROS2/skinny/install/power_distribution_panel:/home/team/SoftwareDevelopment/ROS2/skinny/install/logic:/home/team/SoftwareDevelopment/ROS2/skinny/install/communication:/home/team/SoftwareDevelopment/ROS2/skinny/install/autonomy:/home/team/SoftwareDevelopment/ROS2/skinny/install/excavation:/opt/ros/eloquent /usr/bin/cmake --build /home/team/SoftwareDevelopment/ROS2/skinny/build/logic --target install -- -j4 -l4
[22.697s] [100%] Built target logic_node
[22.765s] [36mInstall the project...[0m
[22.800s] -- Install configuration: ""
[22.800s] -- Installing: /home/team/SoftwareDevelopment/ROS2/skinny/install/logic/lib/logic/logic_node
[22.812s] -- Set runtime path of "/home/team/SoftwareDevelopment/ROS2/skinny/install/logic/lib/logic/logic_node" to ""
[22.813s] -- Up-to-date: /home/team/SoftwareDevelopment/ROS2/skinny/install/logic/share/ament_index/resource_index/package_run_dependencies/logic
[22.814s] -- Up-to-date: /home/team/SoftwareDevelopment/ROS2/skinny/install/logic/share/ament_index/resource_index/parent_prefix_path/logic
[22.815s] -- Up-to-date: /home/team/SoftwareDevelopment/ROS2/skinny/install/logic/share/logic/environment/ament_prefix_path.sh
[22.815s] -- Up-to-date: /home/team/SoftwareDevelopment/ROS2/skinny/install/logic/share/logic/environment/ament_prefix_path.dsv
[22.816s] -- Up-to-date: /home/team/SoftwareDevelopment/ROS2/skinny/install/logic/share/logic/environment/path.sh
[22.817s] -- Up-to-date: /home/team/SoftwareDevelopment/ROS2/skinny/install/logic/share/logic/environment/path.dsv
[22.817s] -- Up-to-date: /home/team/SoftwareDevelopment/ROS2/skinny/install/logic/share/logic/local_setup.bash
[22.818s] -- Up-to-date: /home/team/SoftwareDevelopment/ROS2/skinny/install/logic/share/logic/local_setup.sh
[22.818s] -- Up-to-date: /home/team/SoftwareDevelopment/ROS2/skinny/install/logic/share/logic/local_setup.zsh
[22.819s] -- Up-to-date: /home/team/SoftwareDevelopment/ROS2/skinny/install/logic/share/logic/local_setup.dsv
[22.819s] -- Installing: /home/team/SoftwareDevelopment/ROS2/skinny/install/logic/share/logic/package.dsv
[22.820s] -- Up-to-date: /home/team/SoftwareDevelopment/ROS2/skinny/install/logic/share/ament_index/resource_index/packages/logic
[22.820s] -- Up-to-date: /home/team/SoftwareDevelopment/ROS2/skinny/install/logic/share/logic/cmake/logicConfig.cmake
[22.821s] -- Up-to-date: /home/team/SoftwareDevelopment/ROS2/skinny/install/logic/share/logic/cmake/logicConfig-version.cmake
[22.821s] -- Up-to-date: /home/team/SoftwareDevelopment/ROS2/skinny/install/logic/share/logic/package.xml
[22.836s] Invoked command in '/home/team/SoftwareDevelopment/ROS2/skinny/build/logic' returned '0': CMAKE_PREFIX_PATH=/home/team/SoftwareDevelopment/ROS2/skinny/install/messages:/home/team/SoftwareDevelopment/ROS2/skinny/install/zed_tracking:/home/team/SoftwareDevelopment/ROS2/skinny/install/talon:/home/team/SoftwareDevelopment/ROS2/skinny/install/power_distribution_panel:/home/team/SoftwareDevelopment/ROS2/skinny/install/logic:/home/team/SoftwareDevelopment/ROS2/skinny/install/communication:/home/team/SoftwareDevelopment/ROS2/skinny/install/autonomy:/home/team/SoftwareDevelopment/ROS2/skinny/install/excavation:/opt/ros/eloquent /usr/bin/cmake --build /home/team/SoftwareDevelopment/ROS2/skinny/build/logic --target install -- -j4 -l4
