[0.118s] Invoking command in '/home/team/SoftwareDevelopment/ROS2/skinny/src/build/logic': CMAKE_PREFIX_PATH=/home/team/SoftwareDevelopment/ROS2/skinny/src/install/messages:/home/team/SoftwareDevelopment/ROS2/skinny/src/install/zed_tracking:/home/team/SoftwareDevelopment/ROS2/skinny/src/install/talon:/home/team/SoftwareDevelopment/ROS2/skinny/src/install/power_distribution_panel:/home/team/SoftwareDevelopment/ROS2/skinny/src/install/logic:/home/team/SoftwareDevelopment/ROS2/skinny/src/install/communication:/home/team/SoftwareDevelopment/ROS2/skinny/src/install/autonomy:/home/team/SoftwareDevelopment/ROS2/skinny/src/install/excavation:/opt/ros/eloquent /usr/bin/cmake --build /home/team/SoftwareDevelopment/ROS2/skinny/src/build/logic -- -j4 -l4
[0.360s] [100%] Built target logic_node
[0.409s] Invoked command in '/home/team/SoftwareDevelopment/ROS2/skinny/src/build/logic' returned '0': CMAKE_PREFIX_PATH=/home/team/SoftwareDevelopment/ROS2/skinny/src/install/messages:/home/team/SoftwareDevelopment/ROS2/skinny/src/install/zed_tracking:/home/team/SoftwareDevelopment/ROS2/skinny/src/install/talon:/home/team/SoftwareDevelopment/ROS2/skinny/src/install/power_distribution_panel:/home/team/SoftwareDevelopment/ROS2/skinny/src/install/logic:/home/team/SoftwareDevelopment/ROS2/skinny/src/install/communication:/home/team/SoftwareDevelopment/ROS2/skinny/src/install/autonomy:/home/team/SoftwareDevelopment/ROS2/skinny/src/install/excavation:/opt/ros/eloquent /usr/bin/cmake --build /home/team/SoftwareDevelopment/ROS2/skinny/src/build/logic -- -j4 -l4
[0.537s] Invoking command in '/home/team/SoftwareDevelopment/ROS2/skinny/src/build/logic': CMAKE_PREFIX_PATH=/home/team/SoftwareDevelopment/ROS2/skinny/src/install/messages:/home/team/SoftwareDevelopment/ROS2/skinny/src/install/zed_tracking:/home/team/SoftwareDevelopment/ROS2/skinny/src/install/talon:/home/team/SoftwareDevelopment/ROS2/skinny/src/install/power_distribution_panel:/home/team/SoftwareDevelopment/ROS2/skinny/src/install/logic:/home/team/SoftwareDevelopment/ROS2/skinny/src/install/communication:/home/team/SoftwareDevelopment/ROS2/skinny/src/install/autonomy:/home/team/SoftwareDevelopment/ROS2/skinny/src/install/excavation:/opt/ros/eloquent /usr/bin/cmake --build /home/team/SoftwareDevelopment/ROS2/skinny/src/build/logic --target install -- -j4 -l4
[0.807s] [100%] Built target logic_node
[0.888s] [36mInstall the project...[0m
[0.929s] -- Install configuration: ""
[0.933s] -- Up-to-date: /home/team/SoftwareDevelopment/ROS2/skinny/src/install/logic/lib/logic/logic_node
[0.934s] -- Up-to-date: /home/team/SoftwareDevelopment/ROS2/skinny/src/install/logic/share/ament_index/resource_index/package_run_dependencies/logic
[0.940s] -- Up-to-date: /home/team/SoftwareDevelopment/ROS2/skinny/src/install/logic/share/ament_index/resource_index/parent_prefix_path/logic
[0.942s] -- Up-to-date: /home/team/SoftwareDevelopment/ROS2/skinny/src/install/logic/share/logic/environment/ament_prefix_path.sh
[0.943s] -- Up-to-date: /home/team/SoftwareDevelopment/ROS2/skinny/src/install/logic/share/logic/environment/ament_prefix_path.dsv
[0.944s] -- Up-to-date: /home/team/SoftwareDevelopment/ROS2/skinny/src/install/logic/share/logic/environment/path.sh
[0.946s] -- Up-to-date: /home/team/SoftwareDevelopment/ROS2/skinny/src/install/logic/share/logic/environment/path.dsv
[0.946s] -- Up-to-date: /home/team/SoftwareDevelopment/ROS2/skinny/src/install/logic/share/logic/local_setup.bash
[0.975s] -- Up-to-date: /home/team/SoftwareDevelopment/ROS2/skinny/src/install/logic/share/logic/local_setup.sh
[0.976s] -- Up-to-date: /home/team/SoftwareDevelopment/ROS2/skinny/src/install/logic/share/logic/local_setup.zsh
[0.977s] -- Up-to-date: /home/team/SoftwareDevelopment/ROS2/skinny/src/install/logic/share/logic/local_setup.dsv
[0.977s] -- Installing: /home/team/SoftwareDevelopment/ROS2/skinny/src/install/logic/share/logic/package.dsv
[0.978s] -- Up-to-date: /home/team/SoftwareDevelopment/ROS2/skinny/src/install/logic/share/ament_index/resource_index/packages/logic
[0.978s] -- Up-to-date: /home/team/SoftwareDevelopment/ROS2/skinny/src/install/logic/share/logic/cmake/logicConfig.cmake
[0.979s] -- Up-to-date: /home/team/SoftwareDevelopment/ROS2/skinny/src/install/logic/share/logic/cmake/logicConfig-version.cmake
[0.980s] -- Up-to-date: /home/team/SoftwareDevelopment/ROS2/skinny/src/install/logic/share/logic/package.xml
[0.981s] Invoked command in '/home/team/SoftwareDevelopment/ROS2/skinny/src/build/logic' returned '0': CMAKE_PREFIX_PATH=/home/team/SoftwareDevelopment/ROS2/skinny/src/install/messages:/home/team/SoftwareDevelopment/ROS2/skinny/src/install/zed_tracking:/home/team/SoftwareDevelopment/ROS2/skinny/src/install/talon:/home/team/SoftwareDevelopment/ROS2/skinny/src/install/power_distribution_panel:/home/team/SoftwareDevelopment/ROS2/skinny/src/install/logic:/home/team/SoftwareDevelopment/ROS2/skinny/src/install/communication:/home/team/SoftwareDevelopment/ROS2/skinny/src/install/autonomy:/home/team/SoftwareDevelopment/ROS2/skinny/src/install/excavation:/opt/ros/eloquent /usr/bin/cmake --build /home/team/SoftwareDevelopment/ROS2/skinny/src/build/logic --target install -- -j4 -l4
