[1.626s] Invoking command in '/home/team/SoftwareDevelopment/ROS2/skinny/src/excavation': PYTHONPATH=/home/team/SoftwareDevelopment/ROS2/skinny/install/excavation/lib/python3.6/site-packages:${PYTHONPATH} /usr/bin/python3 setup.py egg_info --egg-base ../../build/excavation build --build-base /home/team/SoftwareDevelopment/ROS2/skinny/build/excavation/build install --prefix /home/team/SoftwareDevelopment/ROS2/skinny/install/excavation --record /home/team/SoftwareDevelopment/ROS2/skinny/build/excavation/install.log --single-version-externally-managed
[3.112s] running egg_info
[3.116s] writing ../../build/excavation/excavation.egg-info/PKG-INFO
[3.118s] writing dependency_links to ../../build/excavation/excavation.egg-info/dependency_links.txt
[3.118s] writing entry points to ../../build/excavation/excavation.egg-info/entry_points.txt
[3.119s] writing requirements to ../../build/excavation/excavation.egg-info/requires.txt
[3.119s] writing top-level names to ../../build/excavation/excavation.egg-info/top_level.txt
[3.313s] reading manifest file '../../build/excavation/excavation.egg-info/SOURCES.txt'
[3.321s] writing manifest file '../../build/excavation/excavation.egg-info/SOURCES.txt'
[3.321s] running build
[3.322s] running build_py
[3.323s] running install
[3.324s] running install_lib
[3.330s] running install_data
[3.332s] running install_egg_info
[3.343s] removing '/home/team/SoftwareDevelopment/ROS2/skinny/install/excavation/lib/python3.6/site-packages/excavation-0.0.0-py3.6.egg-info' (and everything under it)
[3.344s] Copying ../../build/excavation/excavation.egg-info to /home/team/SoftwareDevelopment/ROS2/skinny/install/excavation/lib/python3.6/site-packages/excavation-0.0.0-py3.6.egg-info
[3.350s] running install_scripts
[3.440s] Installing excavation_node script to /home/team/SoftwareDevelopment/ROS2/skinny/install/excavation/lib/excavation
[3.441s] writing list of installed files to '/home/team/SoftwareDevelopment/ROS2/skinny/build/excavation/install.log'
[3.614s] Invoked command in '/home/team/SoftwareDevelopment/ROS2/skinny/src/excavation' returned '0': PYTHONPATH=/home/team/SoftwareDevelopment/ROS2/skinny/install/excavation/lib/python3.6/site-packages:${PYTHONPATH} /usr/bin/python3 setup.py egg_info --egg-base ../../build/excavation build --build-base /home/team/SoftwareDevelopment/ROS2/skinny/build/excavation/build install --prefix /home/team/SoftwareDevelopment/ROS2/skinny/install/excavation --record /home/team/SoftwareDevelopment/ROS2/skinny/build/excavation/install.log --single-version-externally-managed
