[0.129s] Invoking command in '/home/team/SoftwareDevelopment/ROS2/skinny/build/logic': CMAKE_PREFIX_PATH=/home/team/SoftwareDevelopment/ROS2/skinny/install/messages:/home/team/SoftwareDevelopment/ROS2/skinny/install/zed_tracking:/home/team/SoftwareDevelopment/ROS2/skinny/install/talon:/home/team/SoftwareDevelopment/ROS2/skinny/install/power_distribution_panel:/home/team/SoftwareDevelopment/ROS2/skinny/install/logic:/home/team/SoftwareDevelopment/ROS2/skinny/install/communication:/home/team/SoftwareDevelopment/ROS2/skinny/install/autonomy:/home/team/SoftwareDevelopment/ROS2/skinny/src/install/zed_tracking:/home/team/SoftwareDevelopment/ROS2/skinny/src/install/talon:/home/team/SoftwareDevelopment/ROS2/skinny/src/install/power_distribution_panel:/home/team/SoftwareDevelopment/ROS2/skinny/src/install/logic:/home/team/SoftwareDevelopment/ROS2/skinny/src/install/communication:/home/team/SoftwareDevelopment/ROS2/skinny/src/install/autonomy:/home/team/SoftwareDevelopment/ROS2/skinny/src/install/messages:/home/team/SoftwareDevelopment/ROS2/skinny/install/excavation:/home/team/SoftwareDevelopment/ROS2/skinny/src/install/excavation:/opt/ros/eloquent /usr/bin/cmake --build /home/team/SoftwareDevelopment/ROS2/skinny/build/logic -- -j4 -l4
[0.411s] [100%] Built target logic_node
[0.460s] Invoked command in '/home/team/SoftwareDevelopment/ROS2/skinny/build/logic' returned '0': CMAKE_PREFIX_PATH=/home/team/SoftwareDevelopment/ROS2/skinny/install/messages:/home/team/SoftwareDevelopment/ROS2/skinny/install/zed_tracking:/home/team/SoftwareDevelopment/ROS2/skinny/install/talon:/home/team/SoftwareDevelopment/ROS2/skinny/install/power_distribution_panel:/home/team/SoftwareDevelopment/ROS2/skinny/install/logic:/home/team/SoftwareDevelopment/ROS2/skinny/install/communication:/home/team/SoftwareDevelopment/ROS2/skinny/install/autonomy:/home/team/SoftwareDevelopment/ROS2/skinny/src/install/zed_tracking:/home/team/SoftwareDevelopment/ROS2/skinny/src/install/talon:/home/team/SoftwareDevelopment/ROS2/skinny/src/install/power_distribution_panel:/home/team/SoftwareDevelopment/ROS2/skinny/src/install/logic:/home/team/SoftwareDevelopment/ROS2/skinny/src/install/communication:/home/team/SoftwareDevelopment/ROS2/skinny/src/install/autonomy:/home/team/SoftwareDevelopment/ROS2/skinny/src/install/messages:/home/team/SoftwareDevelopment/ROS2/skinny/install/excavation:/home/team/SoftwareDevelopment/ROS2/skinny/src/install/excavation:/opt/ros/eloquent /usr/bin/cmake --build /home/team/SoftwareDevelopment/ROS2/skinny/build/logic -- -j4 -l4
[0.585s] Invoking command in '/home/team/SoftwareDevelopment/ROS2/skinny/build/logic': CMAKE_PREFIX_PATH=/home/team/SoftwareDevelopment/ROS2/skinny/install/messages:/home/team/SoftwareDevelopment/ROS2/skinny/install/zed_tracking:/home/team/SoftwareDevelopment/ROS2/skinny/install/talon:/home/team/SoftwareDevelopment/ROS2/skinny/install/power_distribution_panel:/home/team/SoftwareDevelopment/ROS2/skinny/install/logic:/home/team/SoftwareDevelopment/ROS2/skinny/install/communication:/home/team/SoftwareDevelopment/ROS2/skinny/install/autonomy:/home/team/SoftwareDevelopment/ROS2/skinny/src/install/zed_tracking:/home/team/SoftwareDevelopment/ROS2/skinny/src/install/talon:/home/team/SoftwareDevelopment/ROS2/skinny/src/install/power_distribution_panel:/home/team/SoftwareDevelopment/ROS2/skinny/src/install/logic:/home/team/SoftwareDevelopment/ROS2/skinny/src/install/communication:/home/team/SoftwareDevelopment/ROS2/skinny/src/install/autonomy:/home/team/SoftwareDevelopment/ROS2/skinny/src/install/messages:/home/team/SoftwareDevelopment/ROS2/skinny/install/excavation:/home/team/SoftwareDevelopment/ROS2/skinny/src/install/excavation:/opt/ros/eloquent /usr/bin/cmake --build /home/team/SoftwareDevelopment/ROS2/skinny/build/logic --target install -- -j4 -l4
[0.867s] [100%] Built target logic_node
[0.996s] [36mInstall the project...[0m
[1.030s] -- Install configuration: ""
[1.030s] -- Up-to-date: /home/team/SoftwareDevelopment/ROS2/skinny/install/logic/lib/logic/logic_node
[1.031s] -- Up-to-date: /home/team/SoftwareDevelopment/ROS2/skinny/install/logic/share/ament_index/resource_index/package_run_dependencies/logic
[1.032s] -- Up-to-date: /home/team/SoftwareDevelopment/ROS2/skinny/install/logic/share/ament_index/resource_index/parent_prefix_path/logic
[1.033s] -- Up-to-date: /home/team/SoftwareDevelopment/ROS2/skinny/install/logic/share/logic/environment/ament_prefix_path.sh
[1.034s] -- Up-to-date: /home/team/SoftwareDevelopment/ROS2/skinny/install/logic/share/logic/environment/ament_prefix_path.dsv
[1.035s] -- Up-to-date: /home/team/SoftwareDevelopment/ROS2/skinny/install/logic/share/logic/environment/path.sh
[1.036s] -- Up-to-date: /home/team/SoftwareDevelopment/ROS2/skinny/install/logic/share/logic/environment/path.dsv
[1.037s] -- Up-to-date: /home/team/SoftwareDevelopment/ROS2/skinny/install/logic/share/logic/local_setup.bash
[1.037s] -- Up-to-date: /home/team/SoftwareDevelopment/ROS2/skinny/install/logic/share/logic/local_setup.sh
[1.038s] -- Up-to-date: /home/team/SoftwareDevelopment/ROS2/skinny/install/logic/share/logic/local_setup.zsh
[1.039s] -- Up-to-date: /home/team/SoftwareDevelopment/ROS2/skinny/install/logic/share/logic/local_setup.dsv
[1.040s] -- Installing: /home/team/SoftwareDevelopment/ROS2/skinny/install/logic/share/logic/package.dsv
[1.040s] -- Up-to-date: /home/team/SoftwareDevelopment/ROS2/skinny/install/logic/share/ament_index/resource_index/packages/logic
[1.041s] -- Up-to-date: /home/team/SoftwareDevelopment/ROS2/skinny/install/logic/share/logic/cmake/logicConfig.cmake
[1.047s] -- Up-to-date: /home/team/SoftwareDevelopment/ROS2/skinny/install/logic/share/logic/cmake/logicConfig-version.cmake
[1.049s] -- Up-to-date: /home/team/SoftwareDevelopment/ROS2/skinny/install/logic/share/logic/package.xml
[1.129s] Invoked command in '/home/team/SoftwareDevelopment/ROS2/skinny/build/logic' returned '0': CMAKE_PREFIX_PATH=/home/team/SoftwareDevelopment/ROS2/skinny/install/messages:/home/team/SoftwareDevelopment/ROS2/skinny/install/zed_tracking:/home/team/SoftwareDevelopment/ROS2/skinny/install/talon:/home/team/SoftwareDevelopment/ROS2/skinny/install/power_distribution_panel:/home/team/SoftwareDevelopment/ROS2/skinny/install/logic:/home/team/SoftwareDevelopment/ROS2/skinny/install/communication:/home/team/SoftwareDevelopment/ROS2/skinny/install/autonomy:/home/team/SoftwareDevelopment/ROS2/skinny/src/install/zed_tracking:/home/team/SoftwareDevelopment/ROS2/skinny/src/install/talon:/home/team/SoftwareDevelopment/ROS2/skinny/src/install/power_distribution_panel:/home/team/SoftwareDevelopment/ROS2/skinny/src/install/logic:/home/team/SoftwareDevelopment/ROS2/skinny/src/install/communication:/home/team/SoftwareDevelopment/ROS2/skinny/src/install/autonomy:/home/team/SoftwareDevelopment/ROS2/skinny/src/install/messages:/home/team/SoftwareDevelopment/ROS2/skinny/install/excavation:/home/team/SoftwareDevelopment/ROS2/skinny/src/install/excavation:/opt/ros/eloquent /usr/bin/cmake --build /home/team/SoftwareDevelopment/ROS2/skinny/build/logic --target install -- -j4 -l4
