[0.080s] Invoking command in '/home/team/SoftwareDevelopment/ROS2/skinny/build/talon': CMAKE_PREFIX_PATH=/home/team/SoftwareDevelopment/ROS2/skinny/install/messages:/home/team/SoftwareDevelopment/ROS2/skinny/install/zed_tracking:/home/team/SoftwareDevelopment/ROS2/skinny/install/talon:/home/team/SoftwareDevelopment/ROS2/skinny/install/power_distribution_panel:/home/team/SoftwareDevelopment/ROS2/skinny/install/logic:/home/team/SoftwareDevelopment/ROS2/skinny/install/communication:/home/team/SoftwareDevelopment/ROS2/skinny/install/autonomy:/home/team/SoftwareDevelopment/ROS2/skinny/src/install/zed_tracking:/home/team/SoftwareDevelopment/ROS2/skinny/src/install/talon:/home/team/SoftwareDevelopment/ROS2/skinny/src/install/power_distribution_panel:/home/team/SoftwareDevelopment/ROS2/skinny/src/install/logic:/home/team/SoftwareDevelopment/ROS2/skinny/src/install/communication:/home/team/SoftwareDevelopment/ROS2/skinny/src/install/autonomy:/home/team/SoftwareDevelopment/ROS2/skinny/src/install/messages:/home/team/SoftwareDevelopment/ROS2/skinny/install/excavation:/home/team/SoftwareDevelopment/ROS2/skinny/src/install/excavation:/opt/ros/eloquent /usr/bin/cmake --build /home/team/SoftwareDevelopment/ROS2/skinny/build/talon -- -j4 -l4
[0.289s] [35m[1mScanning dependencies of target talon_node[0m
[0.409s] [ 50%] [32mBuilding CXX object CMakeFiles/talon_node.dir/src/talon_node.cpp.o[0m
[5.489s] [01m[K/home/team/SoftwareDevelopment/ROS2/skinny/src/talon/src/talon_node.cpp:[m[K In function ‘[01m[Kvoid stopCallback(std_msgs::msg::Empty_<std::allocator<void> >::SharedPtr)[m[K’:
[5.490s] [01m[K/home/team/SoftwareDevelopment/ROS2/skinny/src/talon/src/talon_node.cpp:45:51:[m[K [01;35m[Kwarning: [m[Kunused parameter ‘[01m[Kempty[m[K’ [[01;35m[K-Wunused-parameter[m[K]
[5.491s]  void stopCallback(std_msgs::msg::Empty::SharedPtr [01;35m[Kempty[m[K){
[5.491s]                                                    [01;35m[K^~~~~[m[K
[5.492s] [01m[K/home/team/SoftwareDevelopment/ROS2/skinny/src/talon/src/talon_node.cpp:[m[K In function ‘[01m[Kvoid goCallback(std_msgs::msg::Empty_<std::allocator<void> >::SharedPtr)[m[K’:
[5.493s] [01m[K/home/team/SoftwareDevelopment/ROS2/skinny/src/talon/src/talon_node.cpp:49:49:[m[K [01;35m[Kwarning: [m[Kunused parameter ‘[01m[Kempty[m[K’ [[01;35m[K-Wunused-parameter[m[K]
[5.494s]  void goCallback(std_msgs::msg::Empty::SharedPtr [01;35m[Kempty[m[K){
[5.495s]                                                  [01;35m[K^~~~~[m[K
[5.825s] [01m[K/home/team/SoftwareDevelopment/ROS2/skinny/src/talon/src/talon_node.cpp:[m[K In function ‘[01m[Kint main(int, char**)[m[K’:
[5.826s] [01m[K/home/team/SoftwareDevelopment/ROS2/skinny/src/talon/src/talon_node.cpp:220:9:[m[K [01;35m[Kwarning: [m[Kunused variable ‘[01m[KisInverted[m[K’ [[01;35m[K-Wunused-variable[m[K]
[5.826s]     bool [01;35m[KisInverted[m[K=talonSRX->GetInverted();
[5.827s]          [01;35m[K^~~~~~~~~~[m[K
[20.960s] [100%] [32m[1mLinking CXX executable talon_node[0m
[22.132s] [100%] Built target talon_node
[22.185s] Invoked command in '/home/team/SoftwareDevelopment/ROS2/skinny/build/talon' returned '0': CMAKE_PREFIX_PATH=/home/team/SoftwareDevelopment/ROS2/skinny/install/messages:/home/team/SoftwareDevelopment/ROS2/skinny/install/zed_tracking:/home/team/SoftwareDevelopment/ROS2/skinny/install/talon:/home/team/SoftwareDevelopment/ROS2/skinny/install/power_distribution_panel:/home/team/SoftwareDevelopment/ROS2/skinny/install/logic:/home/team/SoftwareDevelopment/ROS2/skinny/install/communication:/home/team/SoftwareDevelopment/ROS2/skinny/install/autonomy:/home/team/SoftwareDevelopment/ROS2/skinny/src/install/zed_tracking:/home/team/SoftwareDevelopment/ROS2/skinny/src/install/talon:/home/team/SoftwareDevelopment/ROS2/skinny/src/install/power_distribution_panel:/home/team/SoftwareDevelopment/ROS2/skinny/src/install/logic:/home/team/SoftwareDevelopment/ROS2/skinny/src/install/communication:/home/team/SoftwareDevelopment/ROS2/skinny/src/install/autonomy:/home/team/SoftwareDevelopment/ROS2/skinny/src/install/messages:/home/team/SoftwareDevelopment/ROS2/skinny/install/excavation:/home/team/SoftwareDevelopment/ROS2/skinny/src/install/excavation:/opt/ros/eloquent /usr/bin/cmake --build /home/team/SoftwareDevelopment/ROS2/skinny/build/talon -- -j4 -l4
[22.312s] Invoking command in '/home/team/SoftwareDevelopment/ROS2/skinny/build/talon': CMAKE_PREFIX_PATH=/home/team/SoftwareDevelopment/ROS2/skinny/install/messages:/home/team/SoftwareDevelopment/ROS2/skinny/install/zed_tracking:/home/team/SoftwareDevelopment/ROS2/skinny/install/talon:/home/team/SoftwareDevelopment/ROS2/skinny/install/power_distribution_panel:/home/team/SoftwareDevelopment/ROS2/skinny/install/logic:/home/team/SoftwareDevelopment/ROS2/skinny/install/communication:/home/team/SoftwareDevelopment/ROS2/skinny/install/autonomy:/home/team/SoftwareDevelopment/ROS2/skinny/src/install/zed_tracking:/home/team/SoftwareDevelopment/ROS2/skinny/src/install/talon:/home/team/SoftwareDevelopment/ROS2/skinny/src/install/power_distribution_panel:/home/team/SoftwareDevelopment/ROS2/skinny/src/install/logic:/home/team/SoftwareDevelopment/ROS2/skinny/src/install/communication:/home/team/SoftwareDevelopment/ROS2/skinny/src/install/autonomy:/home/team/SoftwareDevelopment/ROS2/skinny/src/install/messages:/home/team/SoftwareDevelopment/ROS2/skinny/install/excavation:/home/team/SoftwareDevelopment/ROS2/skinny/src/install/excavation:/opt/ros/eloquent /usr/bin/cmake --build /home/team/SoftwareDevelopment/ROS2/skinny/build/talon --target install -- -j4 -l4
[22.561s] [100%] Built target talon_node
[22.640s] [36mInstall the project...[0m
[22.680s] -- Install configuration: ""
[22.684s] -- Installing: /home/team/SoftwareDevelopment/ROS2/skinny/install/talon/lib/talon/talon_node
[22.696s] -- Set runtime path of "/home/team/SoftwareDevelopment/ROS2/skinny/install/talon/lib/talon/talon_node" to ""
[22.698s] -- Up-to-date: /home/team/SoftwareDevelopment/ROS2/skinny/install/talon/share/ament_index/resource_index/package_run_dependencies/talon
[22.700s] -- Up-to-date: /home/team/SoftwareDevelopment/ROS2/skinny/install/talon/share/ament_index/resource_index/parent_prefix_path/talon
[22.702s] -- Up-to-date: /home/team/SoftwareDevelopment/ROS2/skinny/install/talon/share/talon/environment/ament_prefix_path.sh
[22.703s] -- Up-to-date: /home/team/SoftwareDevelopment/ROS2/skinny/install/talon/share/talon/environment/ament_prefix_path.dsv
[22.704s] -- Up-to-date: /home/team/SoftwareDevelopment/ROS2/skinny/install/talon/share/talon/environment/path.sh
[22.704s] -- Up-to-date: /home/team/SoftwareDevelopment/ROS2/skinny/install/talon/share/talon/environment/path.dsv
[22.705s] -- Up-to-date: /home/team/SoftwareDevelopment/ROS2/skinny/install/talon/share/talon/local_setup.bash
[22.706s] -- Up-to-date: /home/team/SoftwareDevelopment/ROS2/skinny/install/talon/share/talon/local_setup.sh
[22.710s] -- Up-to-date: /home/team/SoftwareDevelopment/ROS2/skinny/install/talon/share/talon/local_setup.zsh
[22.711s] -- Up-to-date: /home/team/SoftwareDevelopment/ROS2/skinny/install/talon/share/talon/local_setup.dsv
[22.712s] -- Installing: /home/team/SoftwareDevelopment/ROS2/skinny/install/talon/share/talon/package.dsv
[22.713s] -- Up-to-date: /home/team/SoftwareDevelopment/ROS2/skinny/install/talon/share/ament_index/resource_index/packages/talon
[22.716s] -- Up-to-date: /home/team/SoftwareDevelopment/ROS2/skinny/install/talon/share/talon/cmake/talonConfig.cmake
[22.727s] -- Up-to-date: /home/team/SoftwareDevelopment/ROS2/skinny/install/talon/share/talon/cmake/talonConfig-version.cmake
[22.728s] -- Up-to-date: /home/team/SoftwareDevelopment/ROS2/skinny/install/talon/share/talon/package.xml
[22.729s] Invoked command in '/home/team/SoftwareDevelopment/ROS2/skinny/build/talon' returned '0': CMAKE_PREFIX_PATH=/home/team/SoftwareDevelopment/ROS2/skinny/install/messages:/home/team/SoftwareDevelopment/ROS2/skinny/install/zed_tracking:/home/team/SoftwareDevelopment/ROS2/skinny/install/talon:/home/team/SoftwareDevelopment/ROS2/skinny/install/power_distribution_panel:/home/team/SoftwareDevelopment/ROS2/skinny/install/logic:/home/team/SoftwareDevelopment/ROS2/skinny/install/communication:/home/team/SoftwareDevelopment/ROS2/skinny/install/autonomy:/home/team/SoftwareDevelopment/ROS2/skinny/src/install/zed_tracking:/home/team/SoftwareDevelopment/ROS2/skinny/src/install/talon:/home/team/SoftwareDevelopment/ROS2/skinny/src/install/power_distribution_panel:/home/team/SoftwareDevelopment/ROS2/skinny/src/install/logic:/home/team/SoftwareDevelopment/ROS2/skinny/src/install/communication:/home/team/SoftwareDevelopment/ROS2/skinny/src/install/autonomy:/home/team/SoftwareDevelopment/ROS2/skinny/src/install/messages:/home/team/SoftwareDevelopment/ROS2/skinny/install/excavation:/home/team/SoftwareDevelopment/ROS2/skinny/src/install/excavation:/opt/ros/eloquent /usr/bin/cmake --build /home/team/SoftwareDevelopment/ROS2/skinny/build/talon --target install -- -j4 -l4
