[35m[1mScanning dependencies of target talon_node[0m
[ 50%] [32mBuilding CXX object CMakeFiles/talon_node.dir/src/talon_node.cpp.o[0m
[01m[K/home/team/SoftwareDevelopment/ROS2/skinny/src/talon/src/talon_node.cpp:[m[K In function ‘[01m[Kvoid stopCallback(std_msgs::msg::Empty)[m[K’:
[01m[K/home/team/SoftwareDevelopment/ROS2/skinny/src/talon/src/talon_node.cpp:27:40:[m[K [01;35m[Kwarning: [m[Kunused parameter ‘[01m[Kempty[m[K’ [[01;35m[K-Wunused-parameter[m[K]
   27 | void stopCallback([01;35m[Kstd_msgs::msg::Empty empty[m[K){
      |                   [01;35m[K~~~~~~~~~~~~~~~~~~~~~^~~~~[m[K
[01m[K/home/team/SoftwareDevelopment/ROS2/skinny/src/talon/src/talon_node.cpp:[m[K In function ‘[01m[Kvoid goCallback(std_msgs::msg::Empty)[m[K’:
[01m[K/home/team/SoftwareDevelopment/ROS2/skinny/src/talon/src/talon_node.cpp:31:38:[m[K [01;35m[Kwarning: [m[Kunused parameter ‘[01m[Kempty[m[K’ [[01;35m[K-Wunused-parameter[m[K]
   31 | void goCallback([01;35m[Kstd_msgs::msg::Empty empty[m[K){
      |                 [01;35m[K~~~~~~~~~~~~~~~~~~~~~^~~~~[m[K
[01m[K/home/team/SoftwareDevelopment/ROS2/skinny/src/talon/src/talon_node.cpp:[m[K In function ‘[01m[Kint main(int, char**)[m[K’:
[01m[K/home/team/SoftwareDevelopment/ROS2/skinny/src/talon/src/talon_node.cpp:200:13:[m[K [01;31m[Kerror: [m[K‘[01m[Kusing TalonOut = struct messages::msg::TalonOut_<std::allocator<void> >[m[K’ {aka ‘[01m[Kstruct messages::msg::TalonOut_<std::allocator<void> >[m[K’} has no member named ‘[01m[KdeviceID[m[K’; did you mean ‘[01m[Kdevice_id[m[K’?
  200 |    talonOut.[01;31m[KdeviceID[m[K=deviceID;
      |             [01;31m[K^~~~~~~~[m[K
      |             [32m[Kdevice_id[m[K
[01m[K/home/team/SoftwareDevelopment/ROS2/skinny/src/talon/src/talon_node.cpp:201:13:[m[K [01;31m[Kerror: [m[K‘[01m[Kusing TalonOut = struct messages::msg::TalonOut_<std::allocator<void> >[m[K’ {aka ‘[01m[Kstruct messages::msg::TalonOut_<std::allocator<void> >[m[K’} has no member named ‘[01m[KbusVoltage[m[K’; did you mean ‘[01m[Kbus_voltage[m[K’?
  201 |    talonOut.[01;31m[KbusVoltage[m[K=busVoltage;
      |             [01;31m[K^~~~~~~~~~[m[K
      |             [32m[Kbus_voltage[m[K
[01m[K/home/team/SoftwareDevelopment/ROS2/skinny/src/talon/src/talon_node.cpp:202:13:[m[K [01;31m[Kerror: [m[K‘[01m[Kusing TalonOut = struct messages::msg::TalonOut_<std::allocator<void> >[m[K’ {aka ‘[01m[Kstruct messages::msg::TalonOut_<std::allocator<void> >[m[K’} has no member named ‘[01m[KoutputCurrent[m[K’; did you mean ‘[01m[Koutput_current[m[K’?
  202 |    talonOut.[01;31m[KoutputCurrent[m[K=outputCurrent;
      |             [01;31m[K^~~~~~~~~~~~~[m[K
      |             [32m[Koutput_current[m[K
[01m[K/home/team/SoftwareDevelopment/ROS2/skinny/src/talon/src/talon_node.cpp:203:13:[m[K [01;31m[Kerror: [m[K‘[01m[Kusing TalonOut = struct messages::msg::TalonOut_<std::allocator<void> >[m[K’ {aka ‘[01m[Kstruct messages::msg::TalonOut_<std::allocator<void> >[m[K’} has no member named ‘[01m[KoutputVoltage[m[K’; did you mean ‘[01m[Koutput_voltage[m[K’?
  203 |    talonOut.[01;31m[KoutputVoltage[m[K=motorOutputVoltage;
      |             [01;31m[K^~~~~~~~~~~~~[m[K
      |             [32m[Koutput_voltage[m[K
[01m[K/home/team/SoftwareDevelopment/ROS2/skinny/src/talon/src/talon_node.cpp:204:13:[m[K [01;31m[Kerror: [m[K‘[01m[Kusing TalonOut = struct messages::msg::TalonOut_<std::allocator<void> >[m[K’ {aka ‘[01m[Kstruct messages::msg::TalonOut_<std::allocator<void> >[m[K’} has no member named ‘[01m[KoutputPercent[m[K’; did you mean ‘[01m[Koutput_percent[m[K’?
  204 |    talonOut.[01;31m[KoutputPercent[m[K=motorOutputPercent;
      |             [01;31m[K^~~~~~~~~~~~~[m[K
      |             [32m[Koutput_percent[m[K
[01m[K/home/team/SoftwareDevelopment/ROS2/skinny/src/talon/src/talon_node.cpp:206:13:[m[K [01;31m[Kerror: [m[K‘[01m[Kusing TalonOut = struct messages::msg::TalonOut_<std::allocator<void> >[m[K’ {aka ‘[01m[Kstruct messages::msg::TalonOut_<std::allocator<void> >[m[K’} has no member named ‘[01m[KsensorPosition[m[K’; did you mean ‘[01m[Ksensor_position[m[K’?
  206 |    talonOut.[01;31m[KsensorPosition[m[K=sensorPosition0;
      |             [01;31m[K^~~~~~~~~~~~~~[m[K
      |             [32m[Ksensor_position[m[K
[01m[K/home/team/SoftwareDevelopment/ROS2/skinny/src/talon/src/talon_node.cpp:207:13:[m[K [01;31m[Kerror: [m[K‘[01m[Kusing TalonOut = struct messages::msg::TalonOut_<std::allocator<void> >[m[K’ {aka ‘[01m[Kstruct messages::msg::TalonOut_<std::allocator<void> >[m[K’} has no member named ‘[01m[KsensorVelocity[m[K’; did you mean ‘[01m[Ksensor_velocity[m[K’?
  207 |    talonOut.[01;31m[KsensorVelocity[m[K=sensorVelocity0;
      |             [01;31m[K^~~~~~~~~~~~~~[m[K
      |             [32m[Ksensor_velocity[m[K
[01m[K/home/team/SoftwareDevelopment/ROS2/skinny/src/talon/src/talon_node.cpp:208:13:[m[K [01;31m[Kerror: [m[K‘[01m[Kusing TalonOut = struct messages::msg::TalonOut_<std::allocator<void> >[m[K’ {aka ‘[01m[Kstruct messages::msg::TalonOut_<std::allocator<void> >[m[K’} has no member named ‘[01m[KclosedLoopError[m[K’; did you mean ‘[01m[Kclosed_loop_error[m[K’?
  208 |    talonOut.[01;31m[KclosedLoopError[m[K=closedLoopError0;
      |             [01;31m[K^~~~~~~~~~~~~~~[m[K
      |             [32m[Kclosed_loop_error[m[K
[01m[K/home/team/SoftwareDevelopment/ROS2/skinny/src/talon/src/talon_node.cpp:209:13:[m[K [01;31m[Kerror: [m[K‘[01m[Kusing TalonOut = struct messages::msg::TalonOut_<std::allocator<void> >[m[K’ {aka ‘[01m[Kstruct messages::msg::TalonOut_<std::allocator<void> >[m[K’} has no member named ‘[01m[KintegralAccumulator[m[K’; did you mean ‘[01m[Kintegral_accumulator[m[K’?
  209 |    talonOut.[01;31m[KintegralAccumulator[m[K=integralAccumulator0;
      |             [01;31m[K^~~~~~~~~~~~~~~~~~~[m[K
      |             [32m[Kintegral_accumulator[m[K
[01m[K/home/team/SoftwareDevelopment/ROS2/skinny/src/talon/src/talon_node.cpp:210:13:[m[K [01;31m[Kerror: [m[K‘[01m[Kusing TalonOut = struct messages::msg::TalonOut_<std::allocator<void> >[m[K’ {aka ‘[01m[Kstruct messages::msg::TalonOut_<std::allocator<void> >[m[K’} has no member named ‘[01m[KerrorDerivative[m[K’; did you mean ‘[01m[Kerror_derivative[m[K’?
  210 |    talonOut.[01;31m[KerrorDerivative[m[K=errorDerivative0;
      |             [01;31m[K^~~~~~~~~~~~~~~[m[K
      |             [32m[Kerror_derivative[m[K
[01m[K/home/team/SoftwareDevelopment/ROS2/skinny/src/talon/src/talon_node.cpp:190:9:[m[K [01;35m[Kwarning: [m[Kunused variable ‘[01m[KisInverted[m[K’ [[01;35m[K-Wunused-variable[m[K]
  190 |    bool [01;35m[KisInverted[m[K=talonSRX->GetInverted();
      |         [01;35m[K^~~~~~~~~~[m[K
[01m[K/home/team/SoftwareDevelopment/ROS2/skinny/src/talon/src/talon_node.cpp:144:6:[m[K [01;35m[Kwarning: [m[Kunused variable ‘[01m[KkSlotIdx[m[K’ [[01;35m[K-Wunused-variable[m[K]
  144 |  int [01;35m[KkSlotIdx[m[K=0;
      |      [01;35m[K^~~~~~~~[m[K
[01m[K/home/team/SoftwareDevelopment/ROS2/skinny/src/talon/src/talon_node.cpp:167:14:[m[K [01;35m[Kwarning: [m[Kunused variable ‘[01m[KstatusFrame[m[K’ [[01;35m[K-Wunused-variable[m[K]
  167 |  StatusFrame [01;35m[KstatusFrame[m[K;
      |              [01;35m[K^~~~~~~~~~~[m[K
make[2]: *** [CMakeFiles/talon_node.dir/build.make:63: CMakeFiles/talon_node.dir/src/talon_node.cpp.o] Error 1
make[1]: *** [CMakeFiles/Makefile2:78: CMakeFiles/talon_node.dir/all] Error 2
make: *** [Makefile:141: all] Error 2
