[0.106s] Invoking command in '/home/team/SoftwareDevelopment/ROS2/skinny/build/messages': CMAKE_PREFIX_PATH=${CMAKE_PREFIX_PATH}:/opt/ros/eloquent /usr/bin/cmake --build /home/team/SoftwareDevelopment/ROS2/skinny/build/messages -- -j4 -l4
[0.323s] [  1%] Built target messages__cpp
[0.336s] [ 12%] Built target messages__rosidl_generator_c
[0.423s] [ 24%] Built target messages__rosidl_typesupport_introspection_cpp
[0.441s] [ 36%] Built target messages__rosidl_typesupport_introspection_c
[0.451s] [ 48%] Built target messages__rosidl_typesupport_fastrtps_cpp
[0.571s] [ 72%] Built target messages__rosidl_typesupport_fastrtps_c
[0.572s] [ 72%] Built target messages__rosidl_typesupport_cpp
[0.686s] [ 83%] Built target messages__rosidl_typesupport_c
[0.761s] [ 83%] Built target messages
[0.840s] [ 84%] Built target messages__py
[0.975s] [ 95%] Built target messages__python
[1.088s] [100%] Built target messages__rosidl_typesupport_fastrtps_c__pyext
[1.089s] [100%] Built target messages__rosidl_typesupport_c__pyext
[1.135s] Invoked command in '/home/team/SoftwareDevelopment/ROS2/skinny/build/messages' returned '0': CMAKE_PREFIX_PATH=${CMAKE_PREFIX_PATH}:/opt/ros/eloquent /usr/bin/cmake --build /home/team/SoftwareDevelopment/ROS2/skinny/build/messages -- -j4 -l4
[1.833s] Invoking command in '/home/team/SoftwareDevelopment/ROS2/skinny/build/messages': CMAKE_PREFIX_PATH=${CMAKE_PREFIX_PATH}:/opt/ros/eloquent /usr/bin/cmake --build /home/team/SoftwareDevelopment/ROS2/skinny/build/messages --target install -- -j4 -l4
[2.046s] [  1%] Built target messages__cpp
[2.059s] [ 12%] Built target messages__rosidl_generator_c
[2.146s] [ 24%] Built target messages__rosidl_typesupport_introspection_cpp
[2.160s] [ 36%] Built target messages__rosidl_typesupport_introspection_c
[2.176s] [ 48%] Built target messages__rosidl_typesupport_fastrtps_cpp
[2.297s] [ 72%] Built target messages__rosidl_typesupport_fastrtps_c
[2.297s] [ 72%] Built target messages__rosidl_typesupport_cpp
[2.412s] [ 83%] Built target messages__rosidl_typesupport_c
[2.487s] [ 83%] Built target messages
[2.567s] [ 84%] Built target messages__py
[2.707s] [ 95%] Built target messages__python
[2.821s] [100%] Built target messages__rosidl_typesupport_fastrtps_c__pyext
[2.822s] [100%] Built target messages__rosidl_typesupport_c__pyext
[2.896s] [36mInstall the project...[0m
[2.930s] -- Install configuration: ""
[2.931s] -- Up-to-date: /home/team/SoftwareDevelopment/ROS2/skinny/install/messages/share/ament_index/resource_index/rosidl_interfaces/messages
[2.931s] -- Up-to-date: /home/team/SoftwareDevelopment/ROS2/skinny/install/messages/include/messages
[2.931s] -- Up-to-date: /home/team/SoftwareDevelopment/ROS2/skinny/install/messages/include/messages/msg
[2.932s] -- Up-to-date: /home/team/SoftwareDevelopment/ROS2/skinny/install/messages/include/messages/msg/victor_out__traits.hpp
[2.933s] -- Up-to-date: /home/team/SoftwareDevelopment/ROS2/skinny/install/messages/include/messages/msg/power__traits.hpp
[2.934s] -- Up-to-date: /home/team/SoftwareDevelopment/ROS2/skinny/install/messages/include/messages/msg/hat_state__struct.hpp
[2.935s] -- Up-to-date: /home/team/SoftwareDevelopment/ROS2/skinny/install/messages/include/messages/msg/power.hpp
[2.936s] -- Up-to-date: /home/team/SoftwareDevelopment/ROS2/skinny/install/messages/include/messages/msg/key_state.hpp
[2.937s] -- Up-to-date: /home/team/SoftwareDevelopment/ROS2/skinny/install/messages/include/messages/msg/talon_out.hpp
[2.938s] -- Up-to-date: /home/team/SoftwareDevelopment/ROS2/skinny/install/messages/include/messages/msg/key_state__traits.hpp
[2.939s] -- Up-to-date: /home/team/SoftwareDevelopment/ROS2/skinny/install/messages/include/messages/msg/camera.hpp
[2.939s] -- Up-to-date: /home/team/SoftwareDevelopment/ROS2/skinny/install/messages/include/messages/msg/camera__struct.hpp
[2.940s] -- Up-to-date: /home/team/SoftwareDevelopment/ROS2/skinny/install/messages/include/messages/msg/button_state__traits.hpp
[2.941s] -- Up-to-date: /home/team/SoftwareDevelopment/ROS2/skinny/install/messages/include/messages/msg/victor_out.hpp
[2.941s] -- Up-to-date: /home/team/SoftwareDevelopment/ROS2/skinny/install/messages/include/messages/msg/talon_out__struct.hpp
[2.942s] -- Up-to-date: /home/team/SoftwareDevelopment/ROS2/skinny/install/messages/include/messages/msg/power__struct.hpp
[2.942s] -- Up-to-date: /home/team/SoftwareDevelopment/ROS2/skinny/install/messages/include/messages/msg/hat_state__traits.hpp
[2.943s] -- Up-to-date: /home/team/SoftwareDevelopment/ROS2/skinny/install/messages/include/messages/msg/camera__traits.hpp
[2.943s] -- Up-to-date: /home/team/SoftwareDevelopment/ROS2/skinny/install/messages/include/messages/msg/talon_out__traits.hpp
[2.943s] -- Up-to-date: /home/team/SoftwareDevelopment/ROS2/skinny/install/messages/include/messages/msg/hat_state.hpp
[2.944s] -- Up-to-date: /home/team/SoftwareDevelopment/ROS2/skinny/install/messages/include/messages/msg/axis_state.hpp
[2.945s] -- Up-to-date: /home/team/SoftwareDevelopment/ROS2/skinny/install/messages/include/messages/msg/axis_state__traits.hpp
[2.945s] -- Up-to-date: /home/team/SoftwareDevelopment/ROS2/skinny/install/messages/include/messages/msg/axis_state__struct.hpp
[2.946s] -- Up-to-date: /home/team/SoftwareDevelopment/ROS2/skinny/install/messages/include/messages/msg/joystick_command__traits.hpp
[2.947s] -- Up-to-date: /home/team/SoftwareDevelopment/ROS2/skinny/install/messages/include/messages/msg/button_state__struct.hpp
[2.947s] -- Up-to-date: /home/team/SoftwareDevelopment/ROS2/skinny/install/messages/include/messages/msg/joystick_command.hpp
[2.948s] -- Up-to-date: /home/team/SoftwareDevelopment/ROS2/skinny/install/messages/include/messages/msg/joystick_command__struct.hpp
[2.948s] -- Up-to-date: /home/team/SoftwareDevelopment/ROS2/skinny/install/messages/include/messages/msg/button_state.hpp
[2.949s] -- Up-to-date: /home/team/SoftwareDevelopment/ROS2/skinny/install/messages/include/messages/msg/key_state__struct.hpp
[2.949s] -- Up-to-date: /home/team/SoftwareDevelopment/ROS2/skinny/install/messages/include/messages/msg/victor_out__struct.hpp
[2.950s] -- Up-to-date: /home/team/SoftwareDevelopment/ROS2/skinny/install/messages/include/messages
[2.951s] -- Up-to-date: /home/team/SoftwareDevelopment/ROS2/skinny/install/messages/include/messages/msg
[2.952s] -- Up-to-date: /home/team/SoftwareDevelopment/ROS2/skinny/install/messages/include/messages/msg/camera.h
[2.952s] -- Up-to-date: /home/team/SoftwareDevelopment/ROS2/skinny/install/messages/include/messages/msg/talon_out.h
[2.953s] -- Up-to-date: /home/team/SoftwareDevelopment/ROS2/skinny/install/messages/include/messages/msg/key_state__struct.h
[2.953s] -- Up-to-date: /home/team/SoftwareDevelopment/ROS2/skinny/install/messages/include/messages/msg/joystick_command.h
[2.954s] -- Up-to-date: /home/team/SoftwareDevelopment/ROS2/skinny/install/messages/include/messages/msg/hat_state__struct.h
[2.955s] -- Up-to-date: /home/team/SoftwareDevelopment/ROS2/skinny/install/messages/include/messages/msg/hat_state.h
[2.956s] -- Up-to-date: /home/team/SoftwareDevelopment/ROS2/skinny/install/messages/include/messages/msg/key_state.h
[2.956s] -- Up-to-date: /home/team/SoftwareDevelopment/ROS2/skinny/install/messages/include/messages/msg/button_state__type_support.h
[2.957s] -- Up-to-date: /home/team/SoftwareDevelopment/ROS2/skinny/install/messages/include/messages/msg/victor_out.h
[2.957s] -- Up-to-date: /home/team/SoftwareDevelopment/ROS2/skinny/install/messages/include/messages/msg/key_state__type_support.h
[2.958s] -- Up-to-date: /home/team/SoftwareDevelopment/ROS2/skinny/install/messages/include/messages/msg/talon_out__type_support.h
[2.958s] -- Up-to-date: /home/team/SoftwareDevelopment/ROS2/skinny/install/messages/include/messages/msg/power__struct.h
[2.959s] -- Up-to-date: /home/team/SoftwareDevelopment/ROS2/skinny/install/messages/include/messages/msg/rosidl_generator_c__visibility_control.h
[2.960s] -- Up-to-date: /home/team/SoftwareDevelopment/ROS2/skinny/install/messages/include/messages/msg/talon_out__struct.h
[2.960s] -- Up-to-date: /home/team/SoftwareDevelopment/ROS2/skinny/install/messages/include/messages/msg/talon_out__functions.c
[2.961s] -- Up-to-date: /home/team/SoftwareDevelopment/ROS2/skinny/install/messages/include/messages/msg/power__type_support.h
[2.961s] -- Up-to-date: /home/team/SoftwareDevelopment/ROS2/skinny/install/messages/include/messages/msg/hat_state__functions.h
[2.962s] -- Up-to-date: /home/team/SoftwareDevelopment/ROS2/skinny/install/messages/include/messages/msg/power__functions.c
[2.962s] -- Up-to-date: /home/team/SoftwareDevelopment/ROS2/skinny/install/messages/include/messages/msg/key_state__functions.c
[2.963s] -- Up-to-date: /home/team/SoftwareDevelopment/ROS2/skinny/install/messages/include/messages/msg/button_state__struct.h
[2.963s] -- Up-to-date: /home/team/SoftwareDevelopment/ROS2/skinny/install/messages/include/messages/msg/camera__functions.h
[2.964s] -- Up-to-date: /home/team/SoftwareDevelopment/ROS2/skinny/install/messages/include/messages/msg/victor_out__functions.h
[2.964s] -- Up-to-date: /home/team/SoftwareDevelopment/ROS2/skinny/install/messages/include/messages/msg/power__functions.h
[2.965s] -- Up-to-date: /home/team/SoftwareDevelopment/ROS2/skinny/install/messages/include/messages/msg/key_state__functions.h
[2.965s] -- Up-to-date: /home/team/SoftwareDevelopment/ROS2/skinny/install/messages/include/messages/msg/camera__struct.h
[2.966s] -- Up-to-date: /home/team/SoftwareDevelopment/ROS2/skinny/install/messages/include/messages/msg/camera__type_support.h
[2.966s] -- Up-to-date: /home/team/SoftwareDevelopment/ROS2/skinny/install/messages/include/messages/msg/axis_state__struct.h
[2.967s] -- Up-to-date: /home/team/SoftwareDevelopment/ROS2/skinny/install/messages/include/messages/msg/camera__functions.c
[2.967s] -- Up-to-date: /home/team/SoftwareDevelopment/ROS2/skinny/install/messages/include/messages/msg/victor_out__functions.c
[2.968s] -- Up-to-date: /home/team/SoftwareDevelopment/ROS2/skinny/install/messages/include/messages/msg/joystick_command__functions.c
[2.968s] -- Up-to-date: /home/team/SoftwareDevelopment/ROS2/skinny/install/messages/include/messages/msg/axis_state__functions.h
[2.969s] -- Up-to-date: /home/team/SoftwareDevelopment/ROS2/skinny/install/messages/include/messages/msg/hat_state__type_support.h
[2.969s] -- Up-to-date: /home/team/SoftwareDevelopment/ROS2/skinny/install/messages/include/messages/msg/victor_out__type_support.h
[2.970s] -- Up-to-date: /home/team/SoftwareDevelopment/ROS2/skinny/install/messages/include/messages/msg/talon_out__functions.h
[2.970s] -- Up-to-date: /home/team/SoftwareDevelopment/ROS2/skinny/install/messages/include/messages/msg/button_state.h
[2.971s] -- Up-to-date: /home/team/SoftwareDevelopment/ROS2/skinny/install/messages/include/messages/msg/axis_state__type_support.h
[2.971s] -- Up-to-date: /home/team/SoftwareDevelopment/ROS2/skinny/install/messages/include/messages/msg/hat_state__functions.c
[2.972s] -- Up-to-date: /home/team/SoftwareDevelopment/ROS2/skinny/install/messages/include/messages/msg/victor_out__struct.h
[2.972s] -- Up-to-date: /home/team/SoftwareDevelopment/ROS2/skinny/install/messages/include/messages/msg/joystick_command__struct.h
[2.973s] -- Up-to-date: /home/team/SoftwareDevelopment/ROS2/skinny/install/messages/include/messages/msg/button_state__functions.h
[2.973s] -- Up-to-date: /home/team/SoftwareDevelopment/ROS2/skinny/install/messages/include/messages/msg/joystick_command__type_support.h
[2.974s] -- Up-to-date: /home/team/SoftwareDevelopment/ROS2/skinny/install/messages/include/messages/msg/button_state__functions.c
[2.974s] -- Up-to-date: /home/team/SoftwareDevelopment/ROS2/skinny/install/messages/include/messages/msg/axis_state__functions.c
[2.974s] -- Up-to-date: /home/team/SoftwareDevelopment/ROS2/skinny/install/messages/include/messages/msg/axis_state.h
[2.975s] -- Up-to-date: /home/team/SoftwareDevelopment/ROS2/skinny/install/messages/include/messages/msg/joystick_command__functions.h
[2.975s] -- Up-to-date: /home/team/SoftwareDevelopment/ROS2/skinny/install/messages/include/messages/msg/power.h
[2.976s] -- Up-to-date: /home/team/SoftwareDevelopment/ROS2/skinny/install/messages/share/messages/environment/library_path.sh
[2.976s] -- Up-to-date: /home/team/SoftwareDevelopment/ROS2/skinny/install/messages/share/messages/environment/library_path.dsv
[2.977s] -- Up-to-date: /home/team/SoftwareDevelopment/ROS2/skinny/install/messages/lib/libmessages__rosidl_generator_c.so
[2.977s] -- Up-to-date: /home/team/SoftwareDevelopment/ROS2/skinny/install/messages/lib/libmessages__rosidl_typesupport_c.so
[2.978s] -- Up-to-date: /home/team/SoftwareDevelopment/ROS2/skinny/install/messages/lib/libmessages__rosidl_typesupport_cpp.so
[2.978s] -- Up-to-date: /home/team/SoftwareDevelopment/ROS2/skinny/install/messages/include/messages
[2.979s] -- Up-to-date: /home/team/SoftwareDevelopment/ROS2/skinny/install/messages/include/messages/msg
[2.979s] -- Up-to-date: /home/team/SoftwareDevelopment/ROS2/skinny/install/messages/include/messages/msg/key_state__type_support.c
[2.980s] -- Up-to-date: /home/team/SoftwareDevelopment/ROS2/skinny/install/messages/include/messages/msg/victor_out__rosidl_typesupport_introspection_c.h
[2.980s] -- Up-to-date: /home/team/SoftwareDevelopment/ROS2/skinny/install/messages/include/messages/msg/power__type_support.c
[2.981s] -- Up-to-date: /home/team/SoftwareDevelopment/ROS2/skinny/install/messages/include/messages/msg/power__rosidl_typesupport_introspection_c.h
[2.981s] -- Up-to-date: /home/team/SoftwareDevelopment/ROS2/skinny/install/messages/include/messages/msg/axis_state__type_support.c
[2.982s] -- Up-to-date: /home/team/SoftwareDevelopment/ROS2/skinny/install/messages/include/messages/msg/button_state__rosidl_typesupport_introspection_c.h
[2.982s] -- Up-to-date: /home/team/SoftwareDevelopment/ROS2/skinny/install/messages/include/messages/msg/talon_out__type_support.c
[2.982s] -- Up-to-date: /home/team/SoftwareDevelopment/ROS2/skinny/install/messages/include/messages/msg/button_state__type_support.c
[2.983s] -- Up-to-date: /home/team/SoftwareDevelopment/ROS2/skinny/install/messages/include/messages/msg/victor_out__type_support.c
[2.983s] -- Up-to-date: /home/team/SoftwareDevelopment/ROS2/skinny/install/messages/include/messages/msg/camera__rosidl_typesupport_introspection_c.h
[2.984s] -- Up-to-date: /home/team/SoftwareDevelopment/ROS2/skinny/install/messages/include/messages/msg/talon_out__rosidl_typesupport_introspection_c.h
[2.984s] -- Up-to-date: /home/team/SoftwareDevelopment/ROS2/skinny/install/messages/include/messages/msg/hat_state__rosidl_typesupport_introspection_c.h
[2.985s] -- Up-to-date: /home/team/SoftwareDevelopment/ROS2/skinny/install/messages/include/messages/msg/camera__type_support.c
[2.985s] -- Up-to-date: /home/team/SoftwareDevelopment/ROS2/skinny/install/messages/include/messages/msg/rosidl_typesupport_introspection_c__visibility_control.h
[2.986s] -- Up-to-date: /home/team/SoftwareDevelopment/ROS2/skinny/install/messages/include/messages/msg/key_state__rosidl_typesupport_introspection_c.h
[2.986s] -- Up-to-date: /home/team/SoftwareDevelopment/ROS2/skinny/install/messages/include/messages/msg/joystick_command__rosidl_typesupport_introspection_c.h
[2.987s] -- Up-to-date: /home/team/SoftwareDevelopment/ROS2/skinny/install/messages/include/messages/msg/joystick_command__type_support.c
[2.987s] -- Up-to-date: /home/team/SoftwareDevelopment/ROS2/skinny/install/messages/include/messages/msg/axis_state__rosidl_typesupport_introspection_c.h
[2.988s] -- Up-to-date: /home/team/SoftwareDevelopment/ROS2/skinny/install/messages/include/messages/msg/hat_state__type_support.c
[2.988s] -- Up-to-date: /home/team/SoftwareDevelopment/ROS2/skinny/install/messages/lib/libmessages__rosidl_typesupport_introspection_c.so
[2.989s] -- Up-to-date: /home/team/SoftwareDevelopment/ROS2/skinny/install/messages/include/messages
[2.989s] -- Up-to-date: /home/team/SoftwareDevelopment/ROS2/skinny/install/messages/include/messages/msg
[2.990s] -- Up-to-date: /home/team/SoftwareDevelopment/ROS2/skinny/install/messages/include/messages/msg/talon_out__type_support.cpp
[2.990s] -- Up-to-date: /home/team/SoftwareDevelopment/ROS2/skinny/install/messages/include/messages/msg/joystick_command__type_support.cpp
[2.990s] -- Up-to-date: /home/team/SoftwareDevelopment/ROS2/skinny/install/messages/include/messages/msg/power__rosidl_typesupport_introspection_cpp.hpp
[2.991s] -- Up-to-date: /home/team/SoftwareDevelopment/ROS2/skinny/install/messages/include/messages/msg/victor_out__rosidl_typesupport_introspection_cpp.hpp
[2.991s] -- Up-to-date: /home/team/SoftwareDevelopment/ROS2/skinny/install/messages/include/messages/msg/axis_state__rosidl_typesupport_introspection_cpp.hpp
[2.992s] -- Up-to-date: /home/team/SoftwareDevelopment/ROS2/skinny/install/messages/include/messages/msg/camera__type_support.cpp
[2.992s] -- Up-to-date: /home/team/SoftwareDevelopment/ROS2/skinny/install/messages/include/messages/msg/hat_state__rosidl_typesupport_introspection_cpp.hpp
[2.993s] -- Up-to-date: /home/team/SoftwareDevelopment/ROS2/skinny/install/messages/include/messages/msg/button_state__rosidl_typesupport_introspection_cpp.hpp
[2.993s] -- Up-to-date: /home/team/SoftwareDevelopment/ROS2/skinny/install/messages/include/messages/msg/button_state__type_support.cpp
[2.994s] -- Up-to-date: /home/team/SoftwareDevelopment/ROS2/skinny/install/messages/include/messages/msg/axis_state__type_support.cpp
[2.994s] -- Up-to-date: /home/team/SoftwareDevelopment/ROS2/skinny/install/messages/include/messages/msg/victor_out__type_support.cpp
[2.995s] -- Up-to-date: /home/team/SoftwareDevelopment/ROS2/skinny/install/messages/include/messages/msg/talon_out__rosidl_typesupport_introspection_cpp.hpp
[2.995s] -- Up-to-date: /home/team/SoftwareDevelopment/ROS2/skinny/install/messages/include/messages/msg/key_state__type_support.cpp
[2.996s] -- Up-to-date: /home/team/SoftwareDevelopment/ROS2/skinny/install/messages/include/messages/msg/hat_state__type_support.cpp
[2.996s] -- Up-to-date: /home/team/SoftwareDevelopment/ROS2/skinny/install/messages/include/messages/msg/power__type_support.cpp
[2.997s] -- Up-to-date: /home/team/SoftwareDevelopment/ROS2/skinny/install/messages/include/messages/msg/key_state__rosidl_typesupport_introspection_cpp.hpp
[2.997s] -- Up-to-date: /home/team/SoftwareDevelopment/ROS2/skinny/install/messages/include/messages/msg/joystick_command__rosidl_typesupport_introspection_cpp.hpp
[2.998s] -- Up-to-date: /home/team/SoftwareDevelopment/ROS2/skinny/install/messages/include/messages/msg/camera__rosidl_typesupport_introspection_cpp.hpp
[2.998s] -- Up-to-date: /home/team/SoftwareDevelopment/ROS2/skinny/install/messages/lib/libmessages__rosidl_typesupport_introspection_cpp.so
[2.999s] -- Up-to-date: /home/team/SoftwareDevelopment/ROS2/skinny/install/messages/include/messages
[2.999s] -- Up-to-date: /home/team/SoftwareDevelopment/ROS2/skinny/install/messages/include/messages/msg
[2.999s] -- Up-to-date: /home/team/SoftwareDevelopment/ROS2/skinny/install/messages/include/messages/msg/talon_out__rosidl_typesupport_fastrtps_c.h
[3.000s] -- Up-to-date: /home/team/SoftwareDevelopment/ROS2/skinny/install/messages/include/messages/msg/hat_state__rosidl_typesupport_fastrtps_c.h
[3.000s] -- Up-to-date: /home/team/SoftwareDevelopment/ROS2/skinny/install/messages/include/messages/msg/joystick_command__rosidl_typesupport_fastrtps_c.h
[3.001s] -- Up-to-date: /home/team/SoftwareDevelopment/ROS2/skinny/install/messages/include/messages/msg/camera__rosidl_typesupport_fastrtps_c.h
[3.001s] -- Up-to-date: /home/team/SoftwareDevelopment/ROS2/skinny/install/messages/include/messages/msg/button_state__rosidl_typesupport_fastrtps_c.h
[3.002s] -- Up-to-date: /home/team/SoftwareDevelopment/ROS2/skinny/install/messages/include/messages/msg/rosidl_typesupport_fastrtps_c__visibility_control.h
[3.002s] -- Up-to-date: /home/team/SoftwareDevelopment/ROS2/skinny/install/messages/include/messages/msg/victor_out__rosidl_typesupport_fastrtps_c.h
[3.003s] -- Up-to-date: /home/team/SoftwareDevelopment/ROS2/skinny/install/messages/include/messages/msg/power__rosidl_typesupport_fastrtps_c.h
[3.004s] -- Up-to-date: /home/team/SoftwareDevelopment/ROS2/skinny/install/messages/include/messages/msg/axis_state__rosidl_typesupport_fastrtps_c.h
[3.004s] -- Up-to-date: /home/team/SoftwareDevelopment/ROS2/skinny/install/messages/include/messages/msg/key_state__rosidl_typesupport_fastrtps_c.h
[3.005s] -- Up-to-date: /home/team/SoftwareDevelopment/ROS2/skinny/install/messages/lib/libmessages__rosidl_typesupport_fastrtps_c.so
[3.005s] -- Up-to-date: /home/team/SoftwareDevelopment/ROS2/skinny/install/messages/include/messages
[3.006s] -- Up-to-date: /home/team/SoftwareDevelopment/ROS2/skinny/install/messages/include/messages/msg
[3.006s] -- Up-to-date: /home/team/SoftwareDevelopment/ROS2/skinny/install/messages/include/messages/msg/power__rosidl_typesupport_fastrtps_cpp.hpp
[3.007s] -- Up-to-date: /home/team/SoftwareDevelopment/ROS2/skinny/install/messages/include/messages/msg/hat_state__rosidl_typesupport_fastrtps_cpp.hpp
[3.007s] -- Up-to-date: /home/team/SoftwareDevelopment/ROS2/skinny/install/messages/include/messages/msg/button_state__rosidl_typesupport_fastrtps_cpp.hpp
[3.007s] -- Up-to-date: /home/team/SoftwareDevelopment/ROS2/skinny/install/messages/include/messages/msg/axis_state__rosidl_typesupport_fastrtps_cpp.hpp
[3.008s] -- Up-to-date: /home/team/SoftwareDevelopment/ROS2/skinny/install/messages/include/messages/msg/camera__rosidl_typesupport_fastrtps_cpp.hpp
[3.008s] -- Up-to-date: /home/team/SoftwareDevelopment/ROS2/skinny/install/messages/include/messages/msg/talon_out__rosidl_typesupport_fastrtps_cpp.hpp
[3.009s] -- Up-to-date: /home/team/SoftwareDevelopment/ROS2/skinny/install/messages/include/messages/msg/rosidl_typesupport_fastrtps_cpp__visibility_control.h
[3.009s] -- Up-to-date: /home/team/SoftwareDevelopment/ROS2/skinny/install/messages/include/messages/msg/joystick_command__rosidl_typesupport_fastrtps_cpp.hpp
[3.010s] -- Up-to-date: /home/team/SoftwareDevelopment/ROS2/skinny/install/messages/include/messages/msg/dds_fastrtps
[3.010s] -- Up-to-date: /home/team/SoftwareDevelopment/ROS2/skinny/install/messages/include/messages/msg/key_state__rosidl_typesupport_fastrtps_cpp.hpp
[3.011s] -- Up-to-date: /home/team/SoftwareDevelopment/ROS2/skinny/install/messages/include/messages/msg/victor_out__rosidl_typesupport_fastrtps_cpp.hpp
[3.011s] -- Up-to-date: /home/team/SoftwareDevelopment/ROS2/skinny/install/messages/lib/libmessages__rosidl_typesupport_fastrtps_cpp.so
[3.012s] -- Up-to-date: /home/team/SoftwareDevelopment/ROS2/skinny/install/messages/share/messages/environment/pythonpath.sh
[3.012s] -- Up-to-date: /home/team/SoftwareDevelopment/ROS2/skinny/install/messages/share/messages/environment/pythonpath.dsv
[3.013s] -- Up-to-date: /home/team/SoftwareDevelopment/ROS2/skinny/install/messages/lib/python3.6/site-packages/messages/__init__.py
[3.131s] -- Up-to-date: /home/team/SoftwareDevelopment/ROS2/skinny/install/messages/lib/python3.6/site-packages/messages/msg
[3.132s] -- Up-to-date: /home/team/SoftwareDevelopment/ROS2/skinny/install/messages/lib/python3.6/site-packages/messages/msg/_hat_state.py
[3.132s] -- Up-to-date: /home/team/SoftwareDevelopment/ROS2/skinny/install/messages/lib/python3.6/site-packages/messages/msg/_power_s.c
[3.133s] -- Up-to-date: /home/team/SoftwareDevelopment/ROS2/skinny/install/messages/lib/python3.6/site-packages/messages/msg/_camera_s.c
[3.134s] -- Up-to-date: /home/team/SoftwareDevelopment/ROS2/skinny/install/messages/lib/python3.6/site-packages/messages/msg/__init__.py
[3.135s] -- Up-to-date: /home/team/SoftwareDevelopment/ROS2/skinny/install/messages/lib/python3.6/site-packages/messages/msg/_camera.py
[3.135s] -- Up-to-date: /home/team/SoftwareDevelopment/ROS2/skinny/install/messages/lib/python3.6/site-packages/messages/msg/_power.py
[3.136s] -- Up-to-date: /home/team/SoftwareDevelopment/ROS2/skinny/install/messages/lib/python3.6/site-packages/messages/msg/_hat_state_s.c
[3.136s] -- Up-to-date: /home/team/SoftwareDevelopment/ROS2/skinny/install/messages/lib/python3.6/site-packages/messages/msg/_talon_out.py
[3.137s] -- Up-to-date: /home/team/SoftwareDevelopment/ROS2/skinny/install/messages/lib/python3.6/site-packages/messages/msg/_victor_out_s.c
[3.137s] -- Up-to-date: /home/team/SoftwareDevelopment/ROS2/skinny/install/messages/lib/python3.6/site-packages/messages/msg/_joystick_command_s.c
[3.138s] -- Up-to-date: /home/team/SoftwareDevelopment/ROS2/skinny/install/messages/lib/python3.6/site-packages/messages/msg/_axis_state.py
[3.138s] -- Up-to-date: /home/team/SoftwareDevelopment/ROS2/skinny/install/messages/lib/python3.6/site-packages/messages/msg/_axis_state_s.c
[3.139s] -- Up-to-date: /home/team/SoftwareDevelopment/ROS2/skinny/install/messages/lib/python3.6/site-packages/messages/msg/_button_state.py
[3.139s] -- Up-to-date: /home/team/SoftwareDevelopment/ROS2/skinny/install/messages/lib/python3.6/site-packages/messages/msg/_victor_out.py
[3.140s] -- Up-to-date: /home/team/SoftwareDevelopment/ROS2/skinny/install/messages/lib/python3.6/site-packages/messages/msg/_key_state_s.c
[3.141s] -- Up-to-date: /home/team/SoftwareDevelopment/ROS2/skinny/install/messages/lib/python3.6/site-packages/messages/msg/_key_state.py
[3.141s] -- Up-to-date: /home/team/SoftwareDevelopment/ROS2/skinny/install/messages/lib/python3.6/site-packages/messages/msg/_talon_out_s.c
[3.142s] -- Up-to-date: /home/team/SoftwareDevelopment/ROS2/skinny/install/messages/lib/python3.6/site-packages/messages/msg/_button_state_s.c
[3.142s] -- Up-to-date: /home/team/SoftwareDevelopment/ROS2/skinny/install/messages/lib/python3.6/site-packages/messages/msg/_joystick_command.py
[3.143s] -- Up-to-date: /home/team/SoftwareDevelopment/ROS2/skinny/install/messages/lib/python3.6/site-packages/messages/messages_s__rosidl_typesupport_c.cpython-36m-aarch64-linux-gnu.so
[3.144s] -- Up-to-date: /home/team/SoftwareDevelopment/ROS2/skinny/install/messages/lib/python3.6/site-packages/messages/messages_s__rosidl_typesupport_fastrtps_c.cpython-36m-aarch64-linux-gnu.so
[3.144s] -- Up-to-date: /home/team/SoftwareDevelopment/ROS2/skinny/install/messages/lib/libmessages__python.so
[3.145s] -- Up-to-date: /home/team/SoftwareDevelopment/ROS2/skinny/install/messages/share/messages/msg/AxisState.idl
[3.145s] -- Up-to-date: /home/team/SoftwareDevelopment/ROS2/skinny/install/messages/share/messages/msg/Camera.idl
[3.146s] -- Up-to-date: /home/team/SoftwareDevelopment/ROS2/skinny/install/messages/share/messages/msg/JoystickCommand.idl
[3.147s] -- Up-to-date: /home/team/SoftwareDevelopment/ROS2/skinny/install/messages/share/messages/msg/Power.idl
[3.147s] -- Up-to-date: /home/team/SoftwareDevelopment/ROS2/skinny/install/messages/share/messages/msg/VictorOut.idl
[3.148s] -- Up-to-date: /home/team/SoftwareDevelopment/ROS2/skinny/install/messages/share/messages/msg/ButtonState.idl
[3.149s] -- Up-to-date: /home/team/SoftwareDevelopment/ROS2/skinny/install/messages/share/messages/msg/HatState.idl
[3.149s] -- Up-to-date: /home/team/SoftwareDevelopment/ROS2/skinny/install/messages/share/messages/msg/KeyState.idl
[3.150s] -- Up-to-date: /home/team/SoftwareDevelopment/ROS2/skinny/install/messages/share/messages/msg/TalonOut.idl
[3.150s] -- Up-to-date: /home/team/SoftwareDevelopment/ROS2/skinny/install/messages/share/messages/msg/AxisState.msg
[3.151s] -- Up-to-date: /home/team/SoftwareDevelopment/ROS2/skinny/install/messages/share/messages/msg/Camera.msg
[3.151s] -- Up-to-date: /home/team/SoftwareDevelopment/ROS2/skinny/install/messages/share/messages/msg/JoystickCommand.msg
[3.152s] -- Up-to-date: /home/team/SoftwareDevelopment/ROS2/skinny/install/messages/share/messages/msg/Power.msg
[3.152s] -- Up-to-date: /home/team/SoftwareDevelopment/ROS2/skinny/install/messages/share/messages/msg/VictorOut.msg
[3.153s] -- Up-to-date: /home/team/SoftwareDevelopment/ROS2/skinny/install/messages/share/messages/msg/ButtonState.msg
[3.153s] -- Up-to-date: /home/team/SoftwareDevelopment/ROS2/skinny/install/messages/share/messages/msg/HatState.msg
[3.154s] -- Up-to-date: /home/team/SoftwareDevelopment/ROS2/skinny/install/messages/share/messages/msg/KeyState.msg
[3.154s] -- Up-to-date: /home/team/SoftwareDevelopment/ROS2/skinny/install/messages/share/messages/msg/TalonOut.msg
[3.155s] -- Up-to-date: /home/team/SoftwareDevelopment/ROS2/skinny/install/messages/share/ament_index/resource_index/package_run_dependencies/messages
[3.156s] -- Up-to-date: /home/team/SoftwareDevelopment/ROS2/skinny/install/messages/share/ament_index/resource_index/parent_prefix_path/messages
[3.156s] -- Up-to-date: /home/team/SoftwareDevelopment/ROS2/skinny/install/messages/share/messages/environment/ament_prefix_path.sh
[3.157s] -- Up-to-date: /home/team/SoftwareDevelopment/ROS2/skinny/install/messages/share/messages/environment/ament_prefix_path.dsv
[3.157s] -- Up-to-date: /home/team/SoftwareDevelopment/ROS2/skinny/install/messages/share/messages/environment/path.sh
[3.158s] -- Up-to-date: /home/team/SoftwareDevelopment/ROS2/skinny/install/messages/share/messages/environment/path.dsv
[3.158s] -- Up-to-date: /home/team/SoftwareDevelopment/ROS2/skinny/install/messages/share/messages/local_setup.bash
[3.159s] -- Up-to-date: /home/team/SoftwareDevelopment/ROS2/skinny/install/messages/share/messages/local_setup.sh
[3.160s] -- Up-to-date: /home/team/SoftwareDevelopment/ROS2/skinny/install/messages/share/messages/local_setup.zsh
[3.162s] -- Up-to-date: /home/team/SoftwareDevelopment/ROS2/skinny/install/messages/share/messages/local_setup.dsv
[3.165s] -- Installing: /home/team/SoftwareDevelopment/ROS2/skinny/install/messages/share/messages/package.dsv
[3.166s] -- Up-to-date: /home/team/SoftwareDevelopment/ROS2/skinny/install/messages/share/ament_index/resource_index/packages/messages
[3.167s] -- Up-to-date: /home/team/SoftwareDevelopment/ROS2/skinny/install/messages/share/messages/cmake/rosidl_cmake-extras.cmake
[3.168s] -- Up-to-date: /home/team/SoftwareDevelopment/ROS2/skinny/install/messages/share/messages/cmake/ament_cmake_export_dependencies-extras.cmake
[3.169s] -- Up-to-date: /home/team/SoftwareDevelopment/ROS2/skinny/install/messages/share/messages/cmake/ament_cmake_export_include_directories-extras.cmake
[3.169s] -- Up-to-date: /home/team/SoftwareDevelopment/ROS2/skinny/install/messages/share/messages/cmake/ament_cmake_export_libraries-extras.cmake
[3.170s] -- Up-to-date: /home/team/SoftwareDevelopment/ROS2/skinny/install/messages/share/messages/cmake/messagesConfig.cmake
[3.171s] -- Up-to-date: /home/team/SoftwareDevelopment/ROS2/skinny/install/messages/share/messages/cmake/messagesConfig-version.cmake
[3.171s] -- Up-to-date: /home/team/SoftwareDevelopment/ROS2/skinny/install/messages/share/messages/package.xml
[3.173s] Invoked command in '/home/team/SoftwareDevelopment/ROS2/skinny/build/messages' returned '0': CMAKE_PREFIX_PATH=${CMAKE_PREFIX_PATH}:/opt/ros/eloquent /usr/bin/cmake --build /home/team/SoftwareDevelopment/ROS2/skinny/build/messages --target install -- -j4 -l4
