[0.982s] DEBUG:colcon:Command line arguments: ['/usr/bin/colcon', 'build']
[0.982s] DEBUG:colcon:Parsed command line arguments: Namespace(ament_cmake_args=None, base_paths=['.'], build_base='build', catkin_cmake_args=None, catkin_skip_building_tests=False, cmake_args=None, cmake_clean_cache=False, cmake_clean_first=False, cmake_force_configure=False, cmake_target=None, cmake_target_skip_unavailable=False, continue_on_error=False, event_handlers=None, executor='parallel', ignore_user_meta=False, install_base='install', log_base=None, log_level=None, main=<bound method BuildVerb.main of <colcon_core.verb.build.BuildVerb object at 0x7fb5186470>>, merge_install=False, metas=['./colcon.meta'], packages_above=None, packages_above_and_dependencies=None, packages_above_depth=None, packages_end=None, packages_ignore=None, packages_ignore_regex=None, packages_select=None, packages_select_build_failed=False, packages_select_by_dep=None, packages_select_regex=None, packages_select_test_failures=False, packages_skip=None, packages_skip_build_finished=False, packages_skip_by_dep=None, packages_skip_regex=None, packages_skip_test_passed=False, packages_skip_up_to=None, packages_start=None, packages_up_to=None, packages_up_to_regex=None, parallel_workers=4, paths=None, symlink_install=False, test_result_base=None, verb_extension=<colcon_core.verb.build.BuildVerb object at 0x7fb5186470>, verb_name='build', verb_parser=<colcon_defaults.argument_parser.defaults.DefaultArgumentsDecorator object at 0x7fb51867b8>)
[1.012s] Level 1:colcon.colcon_core.package_discovery:discover_packages(colcon_meta) check parameters
[1.013s] Level 1:colcon.colcon_core.package_discovery:discover_packages(recursive) check parameters
[1.013s] Level 1:colcon.colcon_core.package_discovery:discover_packages(ignore) check parameters
[1.013s] Level 1:colcon.colcon_core.package_discovery:discover_packages(path) check parameters
[1.013s] Level 1:colcon.colcon_core.package_discovery:discover_packages(colcon_meta) discover
[1.015s] Level 1:colcon.colcon_core.package_discovery:discover_packages(recursive) discover
[1.015s] INFO:colcon.colcon_core.package_discovery:Crawling recursively for packages in '/home/team/SoftwareDevelopment/ROS2/skinny'
[1.015s] Level 1:colcon.colcon_core.package_identification:_identify(.) by extensions ['ignore', 'ignore_ament_install']
[1.016s] Level 1:colcon.colcon_core.package_identification:_identify(.) by extension 'ignore'
[1.017s] Level 1:colcon.colcon_core.package_identification:_identify(.) by extension 'ignore_ament_install'
[1.017s] Level 1:colcon.colcon_core.package_identification:_identify(.) by extensions ['colcon_pkg']
[1.017s] Level 1:colcon.colcon_core.package_identification:_identify(.) by extension 'colcon_pkg'
[1.017s] Level 1:colcon.colcon_core.package_identification:_identify(.) by extensions ['colcon_meta']
[1.018s] Level 1:colcon.colcon_core.package_identification:_identify(.) by extension 'colcon_meta'
[1.018s] Level 1:colcon.colcon_core.package_identification:_identify(.) by extensions ['ros']
[1.018s] Level 1:colcon.colcon_core.package_identification:_identify(.) by extension 'ros'
[1.082s] Level 1:colcon.colcon_core.package_identification:_identify(.) by extensions ['cmake', 'python']
[1.083s] Level 1:colcon.colcon_core.package_identification:_identify(.) by extension 'cmake'
[1.083s] Level 1:colcon.colcon_core.package_identification:_identify(.) by extension 'python'
[1.083s] Level 1:colcon.colcon_core.package_identification:_identify(.) by extensions ['python_setup_py']
[1.084s] Level 1:colcon.colcon_core.package_identification:_identify(.) by extension 'python_setup_py'
[1.084s] Level 1:colcon.colcon_core.package_identification:_identify(build) by extensions ['ignore', 'ignore_ament_install']
[1.085s] Level 1:colcon.colcon_core.package_identification:_identify(build) by extension 'ignore'
[1.085s] Level 1:colcon.colcon_core.package_identification:_identify(build) ignored
[1.087s] Level 1:colcon.colcon_core.package_identification:_identify(install) by extensions ['ignore', 'ignore_ament_install']
[1.087s] Level 1:colcon.colcon_core.package_identification:_identify(install) by extension 'ignore'
[1.088s] Level 1:colcon.colcon_core.package_identification:_identify(install) ignored
[1.088s] Level 1:colcon.colcon_core.package_identification:_identify(launch) by extensions ['ignore', 'ignore_ament_install']
[1.089s] Level 1:colcon.colcon_core.package_identification:_identify(launch) by extension 'ignore'
[1.089s] Level 1:colcon.colcon_core.package_identification:_identify(launch) by extension 'ignore_ament_install'
[1.089s] Level 1:colcon.colcon_core.package_identification:_identify(launch) by extensions ['colcon_pkg']
[1.089s] Level 1:colcon.colcon_core.package_identification:_identify(launch) by extension 'colcon_pkg'
[1.090s] Level 1:colcon.colcon_core.package_identification:_identify(launch) by extensions ['colcon_meta']
[1.090s] Level 1:colcon.colcon_core.package_identification:_identify(launch) by extension 'colcon_meta'
[1.090s] Level 1:colcon.colcon_core.package_identification:_identify(launch) by extensions ['ros']
[1.090s] Level 1:colcon.colcon_core.package_identification:_identify(launch) by extension 'ros'
[1.091s] Level 1:colcon.colcon_core.package_identification:_identify(launch) by extensions ['cmake', 'python']
[1.091s] Level 1:colcon.colcon_core.package_identification:_identify(launch) by extension 'cmake'
[1.091s] Level 1:colcon.colcon_core.package_identification:_identify(launch) by extension 'python'
[1.091s] Level 1:colcon.colcon_core.package_identification:_identify(launch) by extensions ['python_setup_py']
[1.092s] Level 1:colcon.colcon_core.package_identification:_identify(launch) by extension 'python_setup_py'
[1.092s] Level 1:colcon.colcon_core.package_identification:_identify(launch/__pycache__) by extensions ['ignore', 'ignore_ament_install']
[1.093s] Level 1:colcon.colcon_core.package_identification:_identify(launch/__pycache__) by extension 'ignore'
[1.093s] Level 1:colcon.colcon_core.package_identification:_identify(launch/__pycache__) by extension 'ignore_ament_install'
[1.093s] Level 1:colcon.colcon_core.package_identification:_identify(launch/__pycache__) by extensions ['colcon_pkg']
[1.093s] Level 1:colcon.colcon_core.package_identification:_identify(launch/__pycache__) by extension 'colcon_pkg'
[1.094s] Level 1:colcon.colcon_core.package_identification:_identify(launch/__pycache__) by extensions ['colcon_meta']
[1.094s] Level 1:colcon.colcon_core.package_identification:_identify(launch/__pycache__) by extension 'colcon_meta'
[1.094s] Level 1:colcon.colcon_core.package_identification:_identify(launch/__pycache__) by extensions ['ros']
[1.094s] Level 1:colcon.colcon_core.package_identification:_identify(launch/__pycache__) by extension 'ros'
[1.095s] Level 1:colcon.colcon_core.package_identification:_identify(launch/__pycache__) by extensions ['cmake', 'python']
[1.095s] Level 1:colcon.colcon_core.package_identification:_identify(launch/__pycache__) by extension 'cmake'
[1.095s] Level 1:colcon.colcon_core.package_identification:_identify(launch/__pycache__) by extension 'python'
[1.096s] Level 1:colcon.colcon_core.package_identification:_identify(launch/__pycache__) by extensions ['python_setup_py']
[1.096s] Level 1:colcon.colcon_core.package_identification:_identify(launch/__pycache__) by extension 'python_setup_py'
[1.098s] Level 1:colcon.colcon_core.package_identification:_identify(log) by extensions ['ignore', 'ignore_ament_install']
[1.099s] Level 1:colcon.colcon_core.package_identification:_identify(log) by extension 'ignore'
[1.099s] Level 1:colcon.colcon_core.package_identification:_identify(log) ignored
[1.100s] Level 1:colcon.colcon_core.package_identification:_identify(src) by extensions ['ignore', 'ignore_ament_install']
[1.100s] Level 1:colcon.colcon_core.package_identification:_identify(src) by extension 'ignore'
[1.100s] Level 1:colcon.colcon_core.package_identification:_identify(src) by extension 'ignore_ament_install'
[1.101s] Level 1:colcon.colcon_core.package_identification:_identify(src) by extensions ['colcon_pkg']
[1.101s] Level 1:colcon.colcon_core.package_identification:_identify(src) by extension 'colcon_pkg'
[1.101s] Level 1:colcon.colcon_core.package_identification:_identify(src) by extensions ['colcon_meta']
[1.101s] Level 1:colcon.colcon_core.package_identification:_identify(src) by extension 'colcon_meta'
[1.101s] Level 1:colcon.colcon_core.package_identification:_identify(src) by extensions ['ros']
[1.102s] Level 1:colcon.colcon_core.package_identification:_identify(src) by extension 'ros'
[1.102s] Level 1:colcon.colcon_core.package_identification:_identify(src) by extensions ['cmake', 'python']
[1.102s] Level 1:colcon.colcon_core.package_identification:_identify(src) by extension 'cmake'
[1.103s] Level 1:colcon.colcon_core.package_identification:_identify(src) by extension 'python'
[1.103s] Level 1:colcon.colcon_core.package_identification:_identify(src) by extensions ['python_setup_py']
[1.103s] Level 1:colcon.colcon_core.package_identification:_identify(src) by extension 'python_setup_py'
[1.104s] Level 1:colcon.colcon_core.package_identification:_identify(src/autonomy) by extensions ['ignore', 'ignore_ament_install']
[1.104s] Level 1:colcon.colcon_core.package_identification:_identify(src/autonomy) by extension 'ignore'
[1.104s] Level 1:colcon.colcon_core.package_identification:_identify(src/autonomy) by extension 'ignore_ament_install'
[1.105s] Level 1:colcon.colcon_core.package_identification:_identify(src/autonomy) by extensions ['colcon_pkg']
[1.105s] Level 1:colcon.colcon_core.package_identification:_identify(src/autonomy) by extension 'colcon_pkg'
[1.105s] Level 1:colcon.colcon_core.package_identification:_identify(src/autonomy) by extensions ['colcon_meta']
[1.105s] Level 1:colcon.colcon_core.package_identification:_identify(src/autonomy) by extension 'colcon_meta'
[1.106s] Level 1:colcon.colcon_core.package_identification:_identify(src/autonomy) by extensions ['ros']
[1.106s] Level 1:colcon.colcon_core.package_identification:_identify(src/autonomy) by extension 'ros'
[1.118s] DEBUG:colcon.colcon_core.package_identification:Package 'src/autonomy' with type 'ros.ament_cmake' and name 'autonomy'
[1.119s] Level 1:colcon.colcon_core.package_identification:_identify(src/build) by extensions ['ignore', 'ignore_ament_install']
[1.119s] Level 1:colcon.colcon_core.package_identification:_identify(src/build) by extension 'ignore'
[1.120s] Level 1:colcon.colcon_core.package_identification:_identify(src/build) ignored
[1.120s] Level 1:colcon.colcon_core.package_identification:_identify(src/communication) by extensions ['ignore', 'ignore_ament_install']
[1.121s] Level 1:colcon.colcon_core.package_identification:_identify(src/communication) by extension 'ignore'
[1.121s] Level 1:colcon.colcon_core.package_identification:_identify(src/communication) by extension 'ignore_ament_install'
[1.121s] Level 1:colcon.colcon_core.package_identification:_identify(src/communication) by extensions ['colcon_pkg']
[1.121s] Level 1:colcon.colcon_core.package_identification:_identify(src/communication) by extension 'colcon_pkg'
[1.122s] Level 1:colcon.colcon_core.package_identification:_identify(src/communication) by extensions ['colcon_meta']
[1.122s] Level 1:colcon.colcon_core.package_identification:_identify(src/communication) by extension 'colcon_meta'
[1.122s] Level 1:colcon.colcon_core.package_identification:_identify(src/communication) by extensions ['ros']
[1.122s] Level 1:colcon.colcon_core.package_identification:_identify(src/communication) by extension 'ros'
[1.125s] DEBUG:colcon.colcon_core.package_identification:Package 'src/communication' with type 'ros.ament_cmake' and name 'communication'
[1.126s] Level 1:colcon.colcon_core.package_identification:_identify(src/excavation) by extensions ['ignore', 'ignore_ament_install']
[1.126s] Level 1:colcon.colcon_core.package_identification:_identify(src/excavation) by extension 'ignore'
[1.127s] Level 1:colcon.colcon_core.package_identification:_identify(src/excavation) by extension 'ignore_ament_install'
[1.129s] Level 1:colcon.colcon_core.package_identification:_identify(src/excavation) by extensions ['colcon_pkg']
[1.129s] Level 1:colcon.colcon_core.package_identification:_identify(src/excavation) by extension 'colcon_pkg'
[1.130s] Level 1:colcon.colcon_core.package_identification:_identify(src/excavation) by extensions ['colcon_meta']
[1.130s] Level 1:colcon.colcon_core.package_identification:_identify(src/excavation) by extension 'colcon_meta'
[1.130s] Level 1:colcon.colcon_core.package_identification:_identify(src/excavation) by extensions ['ros']
[1.130s] Level 1:colcon.colcon_core.package_identification:_identify(src/excavation) by extension 'ros'
[1.133s] DEBUG:colcon.colcon_core.package_identification:Package 'src/excavation' with type 'ros.ament_python' and name 'excavation'
[1.134s] Level 1:colcon.colcon_core.package_identification:_identify(src/install) by extensions ['ignore', 'ignore_ament_install']
[1.134s] Level 1:colcon.colcon_core.package_identification:_identify(src/install) by extension 'ignore'
[1.134s] Level 1:colcon.colcon_core.package_identification:_identify(src/install) ignored
[1.135s] Level 1:colcon.colcon_core.package_identification:_identify(src/log) by extensions ['ignore', 'ignore_ament_install']
[1.136s] Level 1:colcon.colcon_core.package_identification:_identify(src/log) by extension 'ignore'
[1.136s] Level 1:colcon.colcon_core.package_identification:_identify(src/log) ignored
[1.136s] Level 1:colcon.colcon_core.package_identification:_identify(src/logic) by extensions ['ignore', 'ignore_ament_install']
[1.137s] Level 1:colcon.colcon_core.package_identification:_identify(src/logic) by extension 'ignore'
[1.137s] Level 1:colcon.colcon_core.package_identification:_identify(src/logic) by extension 'ignore_ament_install'
[1.137s] Level 1:colcon.colcon_core.package_identification:_identify(src/logic) by extensions ['colcon_pkg']
[1.137s] Level 1:colcon.colcon_core.package_identification:_identify(src/logic) by extension 'colcon_pkg'
[1.138s] Level 1:colcon.colcon_core.package_identification:_identify(src/logic) by extensions ['colcon_meta']
[1.138s] Level 1:colcon.colcon_core.package_identification:_identify(src/logic) by extension 'colcon_meta'
[1.138s] Level 1:colcon.colcon_core.package_identification:_identify(src/logic) by extensions ['ros']
[1.138s] Level 1:colcon.colcon_core.package_identification:_identify(src/logic) by extension 'ros'
[1.142s] DEBUG:colcon.colcon_core.package_identification:Package 'src/logic' with type 'ros.ament_cmake' and name 'logic'
[1.142s] Level 1:colcon.colcon_core.package_identification:_identify(src/messages) by extensions ['ignore', 'ignore_ament_install']
[1.143s] Level 1:colcon.colcon_core.package_identification:_identify(src/messages) by extension 'ignore'
[1.144s] Level 1:colcon.colcon_core.package_identification:_identify(src/messages) by extension 'ignore_ament_install'
[1.144s] Level 1:colcon.colcon_core.package_identification:_identify(src/messages) by extensions ['colcon_pkg']
[1.144s] Level 1:colcon.colcon_core.package_identification:_identify(src/messages) by extension 'colcon_pkg'
[1.144s] Level 1:colcon.colcon_core.package_identification:_identify(src/messages) by extensions ['colcon_meta']
[1.145s] Level 1:colcon.colcon_core.package_identification:_identify(src/messages) by extension 'colcon_meta'
[1.145s] Level 1:colcon.colcon_core.package_identification:_identify(src/messages) by extensions ['ros']
[1.145s] Level 1:colcon.colcon_core.package_identification:_identify(src/messages) by extension 'ros'
[1.149s] DEBUG:colcon.colcon_core.package_identification:Package 'src/messages' with type 'ros.ament_cmake' and name 'messages'
[1.149s] Level 1:colcon.colcon_core.package_identification:_identify(src/power_distribution_panel) by extensions ['ignore', 'ignore_ament_install']
[1.150s] Level 1:colcon.colcon_core.package_identification:_identify(src/power_distribution_panel) by extension 'ignore'
[1.150s] Level 1:colcon.colcon_core.package_identification:_identify(src/power_distribution_panel) by extension 'ignore_ament_install'
[1.150s] Level 1:colcon.colcon_core.package_identification:_identify(src/power_distribution_panel) by extensions ['colcon_pkg']
[1.151s] Level 1:colcon.colcon_core.package_identification:_identify(src/power_distribution_panel) by extension 'colcon_pkg'
[1.151s] Level 1:colcon.colcon_core.package_identification:_identify(src/power_distribution_panel) by extensions ['colcon_meta']
[1.151s] Level 1:colcon.colcon_core.package_identification:_identify(src/power_distribution_panel) by extension 'colcon_meta'
[1.151s] Level 1:colcon.colcon_core.package_identification:_identify(src/power_distribution_panel) by extensions ['ros']
[1.152s] Level 1:colcon.colcon_core.package_identification:_identify(src/power_distribution_panel) by extension 'ros'
[1.155s] DEBUG:colcon.colcon_core.package_identification:Package 'src/power_distribution_panel' with type 'ros.ament_cmake' and name 'power_distribution_panel'
[1.156s] Level 1:colcon.colcon_core.package_identification:_identify(src/talon) by extensions ['ignore', 'ignore_ament_install']
[1.156s] Level 1:colcon.colcon_core.package_identification:_identify(src/talon) by extension 'ignore'
[1.156s] Level 1:colcon.colcon_core.package_identification:_identify(src/talon) by extension 'ignore_ament_install'
[1.157s] Level 1:colcon.colcon_core.package_identification:_identify(src/talon) by extensions ['colcon_pkg']
[1.157s] Level 1:colcon.colcon_core.package_identification:_identify(src/talon) by extension 'colcon_pkg'
[1.157s] Level 1:colcon.colcon_core.package_identification:_identify(src/talon) by extensions ['colcon_meta']
[1.157s] Level 1:colcon.colcon_core.package_identification:_identify(src/talon) by extension 'colcon_meta'
[1.158s] Level 1:colcon.colcon_core.package_identification:_identify(src/talon) by extensions ['ros']
[1.158s] Level 1:colcon.colcon_core.package_identification:_identify(src/talon) by extension 'ros'
[1.161s] DEBUG:colcon.colcon_core.package_identification:Package 'src/talon' with type 'ros.ament_cmake' and name 'talon'
[1.161s] Level 1:colcon.colcon_core.package_identification:_identify(src/zed_tracking) by extensions ['ignore', 'ignore_ament_install']
[1.162s] Level 1:colcon.colcon_core.package_identification:_identify(src/zed_tracking) by extension 'ignore'
[1.162s] Level 1:colcon.colcon_core.package_identification:_identify(src/zed_tracking) by extension 'ignore_ament_install'
[1.162s] Level 1:colcon.colcon_core.package_identification:_identify(src/zed_tracking) by extensions ['colcon_pkg']
[1.162s] Level 1:colcon.colcon_core.package_identification:_identify(src/zed_tracking) by extension 'colcon_pkg'
[1.163s] Level 1:colcon.colcon_core.package_identification:_identify(src/zed_tracking) by extensions ['colcon_meta']
[1.163s] Level 1:colcon.colcon_core.package_identification:_identify(src/zed_tracking) by extension 'colcon_meta'
[1.163s] Level 1:colcon.colcon_core.package_identification:_identify(src/zed_tracking) by extensions ['ros']
[1.163s] Level 1:colcon.colcon_core.package_identification:_identify(src/zed_tracking) by extension 'ros'
[1.166s] DEBUG:colcon.colcon_core.package_identification:Package 'src/zed_tracking' with type 'ros.ament_cmake' and name 'zed_tracking'
[1.167s] Level 1:colcon.colcon_core.package_discovery:discover_packages(recursive) using defaults
[1.168s] Level 1:colcon.colcon_core.package_discovery:discover_packages(ignore) discover
[1.168s] Level 1:colcon.colcon_core.package_discovery:discover_packages(ignore) using defaults
[1.168s] Level 1:colcon.colcon_core.package_discovery:discover_packages(path) discover
[1.168s] Level 1:colcon.colcon_core.package_discovery:discover_packages(path) using defaults
[1.301s] Level 5:colcon.colcon_core.verb:set package 'excavation' build argument 'cmake_args' from command line to 'None'
[1.302s] Level 5:colcon.colcon_core.verb:set package 'excavation' build argument 'cmake_target' from command line to 'None'
[1.302s] Level 5:colcon.colcon_core.verb:set package 'excavation' build argument 'cmake_target_skip_unavailable' from command line to 'False'
[1.302s] Level 5:colcon.colcon_core.verb:set package 'excavation' build argument 'cmake_clean_cache' from command line to 'False'
[1.302s] Level 5:colcon.colcon_core.verb:set package 'excavation' build argument 'cmake_clean_first' from command line to 'False'
[1.303s] Level 5:colcon.colcon_core.verb:set package 'excavation' build argument 'cmake_force_configure' from command line to 'False'
[1.303s] Level 5:colcon.colcon_core.verb:set package 'excavation' build argument 'ament_cmake_args' from command line to 'None'
[1.303s] Level 5:colcon.colcon_core.verb:set package 'excavation' build argument 'catkin_cmake_args' from command line to 'None'
[1.304s] Level 5:colcon.colcon_core.verb:set package 'excavation' build argument 'catkin_skip_building_tests' from command line to 'False'
[1.304s] DEBUG:colcon.colcon_core.verb:Building package 'excavation' with the following arguments: {'ament_cmake_args': None, 'build_base': '/home/team/SoftwareDevelopment/ROS2/skinny/build/excavation', 'catkin_cmake_args': None, 'catkin_skip_building_tests': False, 'cmake_args': None, 'cmake_clean_cache': False, 'cmake_clean_first': False, 'cmake_force_configure': False, 'cmake_target': None, 'cmake_target_skip_unavailable': False, 'install_base': '/home/team/SoftwareDevelopment/ROS2/skinny/install/excavation', 'merge_install': False, 'path': '/home/team/SoftwareDevelopment/ROS2/skinny/src/excavation', 'symlink_install': False, 'test_result_base': None}
[1.329s] Level 5:colcon.colcon_core.verb:set package 'messages' build argument 'cmake_args' from command line to 'None'
[1.330s] Level 5:colcon.colcon_core.verb:set package 'messages' build argument 'cmake_target' from command line to 'None'
[1.330s] Level 5:colcon.colcon_core.verb:set package 'messages' build argument 'cmake_target_skip_unavailable' from command line to 'False'
[1.330s] Level 5:colcon.colcon_core.verb:set package 'messages' build argument 'cmake_clean_cache' from command line to 'False'
[1.330s] Level 5:colcon.colcon_core.verb:set package 'messages' build argument 'cmake_clean_first' from command line to 'False'
[1.330s] Level 5:colcon.colcon_core.verb:set package 'messages' build argument 'cmake_force_configure' from command line to 'False'
[1.330s] Level 5:colcon.colcon_core.verb:set package 'messages' build argument 'ament_cmake_args' from command line to 'None'
[1.331s] Level 5:colcon.colcon_core.verb:set package 'messages' build argument 'catkin_cmake_args' from command line to 'None'
[1.331s] Level 5:colcon.colcon_core.verb:set package 'messages' build argument 'catkin_skip_building_tests' from command line to 'False'
[1.331s] DEBUG:colcon.colcon_core.verb:Building package 'messages' with the following arguments: {'ament_cmake_args': None, 'build_base': '/home/team/SoftwareDevelopment/ROS2/skinny/build/messages', 'catkin_cmake_args': None, 'catkin_skip_building_tests': False, 'cmake_args': None, 'cmake_clean_cache': False, 'cmake_clean_first': False, 'cmake_force_configure': False, 'cmake_target': None, 'cmake_target_skip_unavailable': False, 'install_base': '/home/team/SoftwareDevelopment/ROS2/skinny/install/messages', 'merge_install': False, 'path': '/home/team/SoftwareDevelopment/ROS2/skinny/src/messages', 'symlink_install': False, 'test_result_base': None}
[1.353s] Level 5:colcon.colcon_core.verb:set package 'autonomy' build argument 'cmake_args' from command line to 'None'
[1.353s] Level 5:colcon.colcon_core.verb:set package 'autonomy' build argument 'cmake_target' from command line to 'None'
[1.354s] Level 5:colcon.colcon_core.verb:set package 'autonomy' build argument 'cmake_target_skip_unavailable' from command line to 'False'
[1.354s] Level 5:colcon.colcon_core.verb:set package 'autonomy' build argument 'cmake_clean_cache' from command line to 'False'
[1.354s] Level 5:colcon.colcon_core.verb:set package 'autonomy' build argument 'cmake_clean_first' from command line to 'False'
[1.354s] Level 5:colcon.colcon_core.verb:set package 'autonomy' build argument 'cmake_force_configure' from command line to 'False'
[1.354s] Level 5:colcon.colcon_core.verb:set package 'autonomy' build argument 'ament_cmake_args' from command line to 'None'
[1.355s] Level 5:colcon.colcon_core.verb:set package 'autonomy' build argument 'catkin_cmake_args' from command line to 'None'
[1.355s] Level 5:colcon.colcon_core.verb:set package 'autonomy' build argument 'catkin_skip_building_tests' from command line to 'False'
[1.355s] DEBUG:colcon.colcon_core.verb:Building package 'autonomy' with the following arguments: {'ament_cmake_args': None, 'build_base': '/home/team/SoftwareDevelopment/ROS2/skinny/build/autonomy', 'catkin_cmake_args': None, 'catkin_skip_building_tests': False, 'cmake_args': None, 'cmake_clean_cache': False, 'cmake_clean_first': False, 'cmake_force_configure': False, 'cmake_target': None, 'cmake_target_skip_unavailable': False, 'install_base': '/home/team/SoftwareDevelopment/ROS2/skinny/install/autonomy', 'merge_install': False, 'path': '/home/team/SoftwareDevelopment/ROS2/skinny/src/autonomy', 'symlink_install': False, 'test_result_base': None}
[1.377s] Level 5:colcon.colcon_core.verb:set package 'communication' build argument 'cmake_args' from command line to 'None'
[1.377s] Level 5:colcon.colcon_core.verb:set package 'communication' build argument 'cmake_target' from command line to 'None'
[1.377s] Level 5:colcon.colcon_core.verb:set package 'communication' build argument 'cmake_target_skip_unavailable' from command line to 'False'
[1.377s] Level 5:colcon.colcon_core.verb:set package 'communication' build argument 'cmake_clean_cache' from command line to 'False'
[1.378s] Level 5:colcon.colcon_core.verb:set package 'communication' build argument 'cmake_clean_first' from command line to 'False'
[1.378s] Level 5:colcon.colcon_core.verb:set package 'communication' build argument 'cmake_force_configure' from command line to 'False'
[1.378s] Level 5:colcon.colcon_core.verb:set package 'communication' build argument 'ament_cmake_args' from command line to 'None'
[1.378s] Level 5:colcon.colcon_core.verb:set package 'communication' build argument 'catkin_cmake_args' from command line to 'None'
[1.378s] Level 5:colcon.colcon_core.verb:set package 'communication' build argument 'catkin_skip_building_tests' from command line to 'False'
[1.378s] DEBUG:colcon.colcon_core.verb:Building package 'communication' with the following arguments: {'ament_cmake_args': None, 'build_base': '/home/team/SoftwareDevelopment/ROS2/skinny/build/communication', 'catkin_cmake_args': None, 'catkin_skip_building_tests': False, 'cmake_args': None, 'cmake_clean_cache': False, 'cmake_clean_first': False, 'cmake_force_configure': False, 'cmake_target': None, 'cmake_target_skip_unavailable': False, 'install_base': '/home/team/SoftwareDevelopment/ROS2/skinny/install/communication', 'merge_install': False, 'path': '/home/team/SoftwareDevelopment/ROS2/skinny/src/communication', 'symlink_install': False, 'test_result_base': None}
[1.404s] Level 5:colcon.colcon_core.verb:set package 'logic' build argument 'cmake_args' from command line to 'None'
[1.404s] Level 5:colcon.colcon_core.verb:set package 'logic' build argument 'cmake_target' from command line to 'None'
[1.404s] Level 5:colcon.colcon_core.verb:set package 'logic' build argument 'cmake_target_skip_unavailable' from command line to 'False'
[1.404s] Level 5:colcon.colcon_core.verb:set package 'logic' build argument 'cmake_clean_cache' from command line to 'False'
[1.405s] Level 5:colcon.colcon_core.verb:set package 'logic' build argument 'cmake_clean_first' from command line to 'False'
[1.405s] Level 5:colcon.colcon_core.verb:set package 'logic' build argument 'cmake_force_configure' from command line to 'False'
[1.405s] Level 5:colcon.colcon_core.verb:set package 'logic' build argument 'ament_cmake_args' from command line to 'None'
[1.405s] Level 5:colcon.colcon_core.verb:set package 'logic' build argument 'catkin_cmake_args' from command line to 'None'
[1.405s] Level 5:colcon.colcon_core.verb:set package 'logic' build argument 'catkin_skip_building_tests' from command line to 'False'
[1.406s] DEBUG:colcon.colcon_core.verb:Building package 'logic' with the following arguments: {'ament_cmake_args': None, 'build_base': '/home/team/SoftwareDevelopment/ROS2/skinny/build/logic', 'catkin_cmake_args': None, 'catkin_skip_building_tests': False, 'cmake_args': None, 'cmake_clean_cache': False, 'cmake_clean_first': False, 'cmake_force_configure': False, 'cmake_target': None, 'cmake_target_skip_unavailable': False, 'install_base': '/home/team/SoftwareDevelopment/ROS2/skinny/install/logic', 'merge_install': False, 'path': '/home/team/SoftwareDevelopment/ROS2/skinny/src/logic', 'symlink_install': False, 'test_result_base': None}
[1.427s] Level 5:colcon.colcon_core.verb:set package 'power_distribution_panel' build argument 'cmake_args' from command line to 'None'
[1.428s] Level 5:colcon.colcon_core.verb:set package 'power_distribution_panel' build argument 'cmake_target' from command line to 'None'
[1.428s] Level 5:colcon.colcon_core.verb:set package 'power_distribution_panel' build argument 'cmake_target_skip_unavailable' from command line to 'False'
[1.428s] Level 5:colcon.colcon_core.verb:set package 'power_distribution_panel' build argument 'cmake_clean_cache' from command line to 'False'
[1.428s] Level 5:colcon.colcon_core.verb:set package 'power_distribution_panel' build argument 'cmake_clean_first' from command line to 'False'
[1.428s] Level 5:colcon.colcon_core.verb:set package 'power_distribution_panel' build argument 'cmake_force_configure' from command line to 'False'
[1.429s] Level 5:colcon.colcon_core.verb:set package 'power_distribution_panel' build argument 'ament_cmake_args' from command line to 'None'
[1.429s] Level 5:colcon.colcon_core.verb:set package 'power_distribution_panel' build argument 'catkin_cmake_args' from command line to 'None'
[1.429s] Level 5:colcon.colcon_core.verb:set package 'power_distribution_panel' build argument 'catkin_skip_building_tests' from command line to 'False'
[1.429s] DEBUG:colcon.colcon_core.verb:Building package 'power_distribution_panel' with the following arguments: {'ament_cmake_args': None, 'build_base': '/home/team/SoftwareDevelopment/ROS2/skinny/build/power_distribution_panel', 'catkin_cmake_args': None, 'catkin_skip_building_tests': False, 'cmake_args': None, 'cmake_clean_cache': False, 'cmake_clean_first': False, 'cmake_force_configure': False, 'cmake_target': None, 'cmake_target_skip_unavailable': False, 'install_base': '/home/team/SoftwareDevelopment/ROS2/skinny/install/power_distribution_panel', 'merge_install': False, 'path': '/home/team/SoftwareDevelopment/ROS2/skinny/src/power_distribution_panel', 'symlink_install': False, 'test_result_base': None}
[1.451s] Level 5:colcon.colcon_core.verb:set package 'talon' build argument 'cmake_args' from command line to 'None'
[1.451s] Level 5:colcon.colcon_core.verb:set package 'talon' build argument 'cmake_target' from command line to 'None'
[1.451s] Level 5:colcon.colcon_core.verb:set package 'talon' build argument 'cmake_target_skip_unavailable' from command line to 'False'
[1.451s] Level 5:colcon.colcon_core.verb:set package 'talon' build argument 'cmake_clean_cache' from command line to 'False'
[1.452s] Level 5:colcon.colcon_core.verb:set package 'talon' build argument 'cmake_clean_first' from command line to 'False'
[1.452s] Level 5:colcon.colcon_core.verb:set package 'talon' build argument 'cmake_force_configure' from command line to 'False'
[1.452s] Level 5:colcon.colcon_core.verb:set package 'talon' build argument 'ament_cmake_args' from command line to 'None'
[1.452s] Level 5:colcon.colcon_core.verb:set package 'talon' build argument 'catkin_cmake_args' from command line to 'None'
[1.452s] Level 5:colcon.colcon_core.verb:set package 'talon' build argument 'catkin_skip_building_tests' from command line to 'False'
[1.453s] DEBUG:colcon.colcon_core.verb:Building package 'talon' with the following arguments: {'ament_cmake_args': None, 'build_base': '/home/team/SoftwareDevelopment/ROS2/skinny/build/talon', 'catkin_cmake_args': None, 'catkin_skip_building_tests': False, 'cmake_args': None, 'cmake_clean_cache': False, 'cmake_clean_first': False, 'cmake_force_configure': False, 'cmake_target': None, 'cmake_target_skip_unavailable': False, 'install_base': '/home/team/SoftwareDevelopment/ROS2/skinny/install/talon', 'merge_install': False, 'path': '/home/team/SoftwareDevelopment/ROS2/skinny/src/talon', 'symlink_install': False, 'test_result_base': None}
[1.474s] Level 5:colcon.colcon_core.verb:set package 'zed_tracking' build argument 'cmake_args' from command line to 'None'
[1.475s] Level 5:colcon.colcon_core.verb:set package 'zed_tracking' build argument 'cmake_target' from command line to 'None'
[1.475s] Level 5:colcon.colcon_core.verb:set package 'zed_tracking' build argument 'cmake_target_skip_unavailable' from command line to 'False'
[1.475s] Level 5:colcon.colcon_core.verb:set package 'zed_tracking' build argument 'cmake_clean_cache' from command line to 'False'
[1.475s] Level 5:colcon.colcon_core.verb:set package 'zed_tracking' build argument 'cmake_clean_first' from command line to 'False'
[1.475s] Level 5:colcon.colcon_core.verb:set package 'zed_tracking' build argument 'cmake_force_configure' from command line to 'False'
[1.476s] Level 5:colcon.colcon_core.verb:set package 'zed_tracking' build argument 'ament_cmake_args' from command line to 'None'
[1.476s] Level 5:colcon.colcon_core.verb:set package 'zed_tracking' build argument 'catkin_cmake_args' from command line to 'None'
[1.476s] Level 5:colcon.colcon_core.verb:set package 'zed_tracking' build argument 'catkin_skip_building_tests' from command line to 'False'
[1.476s] DEBUG:colcon.colcon_core.verb:Building package 'zed_tracking' with the following arguments: {'ament_cmake_args': None, 'build_base': '/home/team/SoftwareDevelopment/ROS2/skinny/build/zed_tracking', 'catkin_cmake_args': None, 'catkin_skip_building_tests': False, 'cmake_args': None, 'cmake_clean_cache': False, 'cmake_clean_first': False, 'cmake_force_configure': False, 'cmake_target': None, 'cmake_target_skip_unavailable': False, 'install_base': '/home/team/SoftwareDevelopment/ROS2/skinny/install/zed_tracking', 'merge_install': False, 'path': '/home/team/SoftwareDevelopment/ROS2/skinny/src/zed_tracking', 'symlink_install': False, 'test_result_base': None}
[1.478s] INFO:colcon.colcon_core.executor:Executing jobs using 'parallel' executor
[1.490s] DEBUG:colcon.colcon_parallel_executor.executor.parallel:run_until_complete
[1.531s] INFO:colcon.colcon_ros.task.ament_cmake.build:Building ROS package in '/home/team/SoftwareDevelopment/ROS2/skinny/src/messages' with build type 'ament_cmake'
[1.533s] INFO:colcon.colcon_cmake.task.cmake.build:Building CMake package in '/home/team/SoftwareDevelopment/ROS2/skinny/src/messages'
[1.553s] INFO:colcon.colcon_core.plugin_system:Skipping extension 'colcon_core.shell.bat': Not used on non-Windows systems
[1.554s] INFO:colcon.colcon_core.shell:Skip shell extension 'powershell' for command environment: Not usable outside of PowerShell
[1.554s] DEBUG:colcon.colcon_core.shell:Skip shell extension 'dsv' for command environment
[1.569s] DEBUG:colcon.colcon_core.shell:Ignoring prefix path '/opt/ros/eloquent'
[1.585s] INFO:colcon.colcon_ros.task.ament_python.build:Building ROS package in '/home/team/SoftwareDevelopment/ROS2/skinny/src/excavation' with build type 'ament_python'
[1.586s] Level 1:colcon.colcon_core.shell:create_environment_hook('excavation', 'ament_prefix_path')
[1.591s] INFO:colcon.colcon_core.shell:Creating environment hook '/home/team/SoftwareDevelopment/ROS2/skinny/install/excavation/share/excavation/hook/ament_prefix_path.ps1'
[1.597s] INFO:colcon.colcon_core.shell:Creating environment descriptor '/home/team/SoftwareDevelopment/ROS2/skinny/install/excavation/share/excavation/hook/ament_prefix_path.dsv'
[1.599s] INFO:colcon.colcon_core.shell:Creating environment hook '/home/team/SoftwareDevelopment/ROS2/skinny/install/excavation/share/excavation/hook/ament_prefix_path.sh'
[1.606s] INFO:colcon.colcon_core.shell:Skip shell extension 'powershell' for command environment: Not usable outside of PowerShell
[1.606s] DEBUG:colcon.colcon_core.shell:Skip shell extension 'dsv' for command environment
[1.618s] DEBUG:colcon.colcon_core.shell:Ignoring prefix path '/opt/ros/eloquent'
[1.646s] DEBUG:colcon.colcon_core.event_handler.log_command:Invoking command in '/home/team/SoftwareDevelopment/ROS2/skinny/build/messages': CMAKE_PREFIX_PATH=/opt/ros/eloquent /usr/bin/cmake --build /home/team/SoftwareDevelopment/ROS2/skinny/build/messages -- -j4 -l4
[3.128s] INFO:colcon.colcon_core.task.python.build:Building Python package in '/home/team/SoftwareDevelopment/ROS2/skinny/src/excavation'
[3.132s] INFO:colcon.colcon_core.shell:Skip shell extension 'powershell' for command environment: Not usable outside of PowerShell
[3.133s] DEBUG:colcon.colcon_core.shell:Skip shell extension 'dsv' for command environment
[3.144s] DEBUG:colcon.colcon_core.shell:Ignoring prefix path '/opt/ros/eloquent'
[3.175s] DEBUG:colcon.colcon_core.event_handler.log_command:Invoked command in '/home/team/SoftwareDevelopment/ROS2/skinny/build/messages' returned '0': CMAKE_PREFIX_PATH=/opt/ros/eloquent /usr/bin/cmake --build /home/team/SoftwareDevelopment/ROS2/skinny/build/messages -- -j4 -l4
[3.188s] DEBUG:colcon.colcon_core.event_handler.log_command:Invoking command in '/home/team/SoftwareDevelopment/ROS2/skinny/src/excavation': PYTHONPATH=/home/team/SoftwareDevelopment/ROS2/skinny/install/excavation/lib/python3.6/site-packages:${PYTHONPATH} /usr/bin/python3 setup.py egg_info --egg-base ../../build/excavation build --build-base /home/team/SoftwareDevelopment/ROS2/skinny/build/excavation/build install --prefix /home/team/SoftwareDevelopment/ROS2/skinny/install/excavation --record /home/team/SoftwareDevelopment/ROS2/skinny/build/excavation/install.log --single-version-externally-managed
[3.833s] DEBUG:colcon.colcon_core.event_handler.log_command:Invoking command in '/home/team/SoftwareDevelopment/ROS2/skinny/build/messages': CMAKE_PREFIX_PATH=/opt/ros/eloquent /usr/bin/cmake --build /home/team/SoftwareDevelopment/ROS2/skinny/build/messages --target install -- -j4 -l4
[5.190s] Level 1:colcon.colcon_core.environment:create_environment_scripts_only(messages)
[5.209s] DEBUG:colcon.colcon_core.event_handler.log_command:Invoked command in '/home/team/SoftwareDevelopment/ROS2/skinny/build/messages' returned '0': CMAKE_PREFIX_PATH=/opt/ros/eloquent /usr/bin/cmake --build /home/team/SoftwareDevelopment/ROS2/skinny/build/messages --target install -- -j4 -l4
[5.219s] Level 1:colcon.colcon_core.environment:checking '/home/team/SoftwareDevelopment/ROS2/skinny/install/messages' for CMake module files
[5.223s] Level 1:colcon.colcon_core.environment:checking '/home/team/SoftwareDevelopment/ROS2/skinny/install/messages' for CMake config files
[5.227s] Level 1:colcon.colcon_core.shell:create_environment_hook('messages', 'cmake_prefix_path')
[5.230s] INFO:colcon.colcon_core.shell:Creating environment hook '/home/team/SoftwareDevelopment/ROS2/skinny/install/messages/share/messages/hook/cmake_prefix_path.ps1'
[5.232s] INFO:colcon.colcon_core.shell:Creating environment descriptor '/home/team/SoftwareDevelopment/ROS2/skinny/install/messages/share/messages/hook/cmake_prefix_path.dsv'
[5.234s] INFO:colcon.colcon_core.shell:Creating environment hook '/home/team/SoftwareDevelopment/ROS2/skinny/install/messages/share/messages/hook/cmake_prefix_path.sh'
[5.238s] Level 1:colcon.colcon_core.environment:checking '/home/team/SoftwareDevelopment/ROS2/skinny/install/messages/lib'
[5.239s] Level 1:colcon.colcon_core.shell:create_environment_hook('messages', 'ld_library_path_lib')
[5.243s] INFO:colcon.colcon_core.shell:Creating environment hook '/home/team/SoftwareDevelopment/ROS2/skinny/install/messages/share/messages/hook/ld_library_path_lib.ps1'
[5.244s] INFO:colcon.colcon_core.shell:Creating environment descriptor '/home/team/SoftwareDevelopment/ROS2/skinny/install/messages/share/messages/hook/ld_library_path_lib.dsv'
[5.246s] INFO:colcon.colcon_core.shell:Creating environment hook '/home/team/SoftwareDevelopment/ROS2/skinny/install/messages/share/messages/hook/ld_library_path_lib.sh'
[5.247s] Level 1:colcon.colcon_core.environment:checking '/home/team/SoftwareDevelopment/ROS2/skinny/install/messages/bin'
[5.248s] Level 1:colcon.colcon_core.environment:checking '/home/team/SoftwareDevelopment/ROS2/skinny/install/messages/lib/pkgconfig/messages.pc'
[5.248s] Level 1:colcon.colcon_core.environment:checking '/home/team/SoftwareDevelopment/ROS2/skinny/install/messages/lib/python3.6/site-packages'
[5.248s] Level 1:colcon.colcon_core.shell:create_environment_hook('messages', 'pythonpath')
[5.252s] INFO:colcon.colcon_core.shell:Creating environment hook '/home/team/SoftwareDevelopment/ROS2/skinny/install/messages/share/messages/hook/pythonpath.ps1'
[5.254s] INFO:colcon.colcon_core.shell:Creating environment descriptor '/home/team/SoftwareDevelopment/ROS2/skinny/install/messages/share/messages/hook/pythonpath.dsv'
[5.255s] INFO:colcon.colcon_core.shell:Creating environment hook '/home/team/SoftwareDevelopment/ROS2/skinny/install/messages/share/messages/hook/pythonpath.sh'
[5.260s] INFO:colcon.colcon_core.shell:Creating package script '/home/team/SoftwareDevelopment/ROS2/skinny/install/messages/share/messages/package.ps1'
[5.265s] INFO:colcon.colcon_core.shell:Creating package descriptor '/home/team/SoftwareDevelopment/ROS2/skinny/install/messages/share/messages/package.dsv'
[5.269s] INFO:colcon.colcon_core.shell:Creating package script '/home/team/SoftwareDevelopment/ROS2/skinny/install/messages/share/messages/package.sh'
[5.273s] INFO:colcon.colcon_core.shell:Creating package script '/home/team/SoftwareDevelopment/ROS2/skinny/install/messages/share/messages/package.bash'
[5.278s] INFO:colcon.colcon_core.shell:Creating package script '/home/team/SoftwareDevelopment/ROS2/skinny/install/messages/share/messages/package.zsh'
[5.282s] Level 1:colcon.colcon_core.environment:create_file_with_runtime_dependencies(/home/team/SoftwareDevelopment/ROS2/skinny/install/messages/share/colcon-core/packages/messages)
[5.302s] Level 1:colcon.colcon_core.environment:checking '/home/team/SoftwareDevelopment/ROS2/skinny/install/excavation' for CMake module files
[5.305s] DEBUG:colcon.colcon_core.event_handler.log_command:Invoked command in '/home/team/SoftwareDevelopment/ROS2/skinny/src/excavation' returned '0': PYTHONPATH=/home/team/SoftwareDevelopment/ROS2/skinny/install/excavation/lib/python3.6/site-packages:${PYTHONPATH} /usr/bin/python3 setup.py egg_info --egg-base ../../build/excavation build --build-base /home/team/SoftwareDevelopment/ROS2/skinny/build/excavation/build install --prefix /home/team/SoftwareDevelopment/ROS2/skinny/install/excavation --record /home/team/SoftwareDevelopment/ROS2/skinny/build/excavation/install.log --single-version-externally-managed
[5.307s] Level 1:colcon.colcon_core.environment:checking '/home/team/SoftwareDevelopment/ROS2/skinny/install/excavation' for CMake config files
[5.311s] Level 1:colcon.colcon_core.environment:checking '/home/team/SoftwareDevelopment/ROS2/skinny/install/excavation/lib'
[5.312s] Level 1:colcon.colcon_core.environment:checking '/home/team/SoftwareDevelopment/ROS2/skinny/install/excavation/bin'
[5.312s] Level 1:colcon.colcon_core.environment:checking '/home/team/SoftwareDevelopment/ROS2/skinny/install/excavation/lib/pkgconfig/excavation.pc'
[5.313s] Level 1:colcon.colcon_core.environment:checking '/home/team/SoftwareDevelopment/ROS2/skinny/install/excavation/lib/python3.6/site-packages'
[5.313s] Level 1:colcon.colcon_core.shell:create_environment_hook('excavation', 'pythonpath')
[5.317s] INFO:colcon.colcon_core.shell:Creating environment hook '/home/team/SoftwareDevelopment/ROS2/skinny/install/excavation/share/excavation/hook/pythonpath.ps1'
[5.321s] INFO:colcon.colcon_core.shell:Creating environment descriptor '/home/team/SoftwareDevelopment/ROS2/skinny/install/excavation/share/excavation/hook/pythonpath.dsv'
[5.322s] INFO:colcon.colcon_core.shell:Creating environment hook '/home/team/SoftwareDevelopment/ROS2/skinny/install/excavation/share/excavation/hook/pythonpath.sh'
[5.324s] Level 1:colcon.colcon_core.environment:create_environment_scripts_only(excavation)
[5.329s] INFO:colcon.colcon_core.shell:Creating package script '/home/team/SoftwareDevelopment/ROS2/skinny/install/excavation/share/excavation/package.ps1'
[5.331s] INFO:colcon.colcon_core.shell:Creating package descriptor '/home/team/SoftwareDevelopment/ROS2/skinny/install/excavation/share/excavation/package.dsv'
[5.334s] INFO:colcon.colcon_core.shell:Creating package script '/home/team/SoftwareDevelopment/ROS2/skinny/install/excavation/share/excavation/package.sh'
[5.336s] INFO:colcon.colcon_core.shell:Creating package script '/home/team/SoftwareDevelopment/ROS2/skinny/install/excavation/share/excavation/package.bash'
[5.337s] INFO:colcon.colcon_core.shell:Creating package script '/home/team/SoftwareDevelopment/ROS2/skinny/install/excavation/share/excavation/package.zsh'
[5.339s] Level 1:colcon.colcon_core.environment:create_file_with_runtime_dependencies(/home/team/SoftwareDevelopment/ROS2/skinny/install/excavation/share/colcon-core/packages/excavation)
[6.007s] Level 1:colcon.colcon_core.environment:create_environment_scripts_only(messages)
[6.012s] Level 1:colcon.colcon_core.environment:checking '/home/team/SoftwareDevelopment/ROS2/skinny/install/messages' for CMake module files
[6.016s] Level 1:colcon.colcon_core.environment:checking '/home/team/SoftwareDevelopment/ROS2/skinny/install/messages' for CMake config files
[6.020s] Level 1:colcon.colcon_core.shell:create_environment_hook('messages', 'cmake_prefix_path')
[6.024s] INFO:colcon.colcon_core.shell:Creating environment hook '/home/team/SoftwareDevelopment/ROS2/skinny/install/messages/share/messages/hook/cmake_prefix_path.ps1'
[6.026s] INFO:colcon.colcon_core.shell:Creating environment descriptor '/home/team/SoftwareDevelopment/ROS2/skinny/install/messages/share/messages/hook/cmake_prefix_path.dsv'
[6.028s] INFO:colcon.colcon_core.shell:Creating environment hook '/home/team/SoftwareDevelopment/ROS2/skinny/install/messages/share/messages/hook/cmake_prefix_path.sh'
[6.032s] Level 1:colcon.colcon_core.environment:checking '/home/team/SoftwareDevelopment/ROS2/skinny/install/messages/lib'
[6.033s] Level 1:colcon.colcon_core.shell:create_environment_hook('messages', 'ld_library_path_lib')
[6.036s] INFO:colcon.colcon_core.shell:Creating environment hook '/home/team/SoftwareDevelopment/ROS2/skinny/install/messages/share/messages/hook/ld_library_path_lib.ps1'
[6.038s] INFO:colcon.colcon_core.shell:Creating environment descriptor '/home/team/SoftwareDevelopment/ROS2/skinny/install/messages/share/messages/hook/ld_library_path_lib.dsv'
[6.040s] INFO:colcon.colcon_core.shell:Creating environment hook '/home/team/SoftwareDevelopment/ROS2/skinny/install/messages/share/messages/hook/ld_library_path_lib.sh'
[6.041s] Level 1:colcon.colcon_core.environment:checking '/home/team/SoftwareDevelopment/ROS2/skinny/install/messages/bin'
[6.042s] Level 1:colcon.colcon_core.environment:checking '/home/team/SoftwareDevelopment/ROS2/skinny/install/messages/lib/pkgconfig/messages.pc'
[6.042s] Level 1:colcon.colcon_core.environment:checking '/home/team/SoftwareDevelopment/ROS2/skinny/install/messages/lib/python3.6/site-packages'
[6.042s] Level 1:colcon.colcon_core.shell:create_environment_hook('messages', 'pythonpath')
[6.046s] INFO:colcon.colcon_core.shell:Creating environment hook '/home/team/SoftwareDevelopment/ROS2/skinny/install/messages/share/messages/hook/pythonpath.ps1'
[6.048s] INFO:colcon.colcon_core.shell:Creating environment descriptor '/home/team/SoftwareDevelopment/ROS2/skinny/install/messages/share/messages/hook/pythonpath.dsv'
[6.049s] INFO:colcon.colcon_core.shell:Creating environment hook '/home/team/SoftwareDevelopment/ROS2/skinny/install/messages/share/messages/hook/pythonpath.sh'
[6.055s] INFO:colcon.colcon_core.shell:Creating package script '/home/team/SoftwareDevelopment/ROS2/skinny/install/messages/share/messages/package.ps1'
[6.058s] INFO:colcon.colcon_core.shell:Creating package descriptor '/home/team/SoftwareDevelopment/ROS2/skinny/install/messages/share/messages/package.dsv'
[6.061s] INFO:colcon.colcon_core.shell:Creating package script '/home/team/SoftwareDevelopment/ROS2/skinny/install/messages/share/messages/package.sh'
[6.063s] INFO:colcon.colcon_core.shell:Creating package script '/home/team/SoftwareDevelopment/ROS2/skinny/install/messages/share/messages/package.bash'
[6.065s] INFO:colcon.colcon_core.shell:Creating package script '/home/team/SoftwareDevelopment/ROS2/skinny/install/messages/share/messages/package.zsh'
[6.066s] Level 1:colcon.colcon_core.environment:create_file_with_runtime_dependencies(/home/team/SoftwareDevelopment/ROS2/skinny/install/messages/share/colcon-core/packages/messages)
[6.068s] INFO:colcon.colcon_ros.task.ament_cmake.build:Building ROS package in '/home/team/SoftwareDevelopment/ROS2/skinny/src/autonomy' with build type 'ament_cmake'
[6.069s] INFO:colcon.colcon_cmake.task.cmake.build:Building CMake package in '/home/team/SoftwareDevelopment/ROS2/skinny/src/autonomy'
[6.073s] INFO:colcon.colcon_core.shell:Skip shell extension 'powershell' for command environment: Not usable outside of PowerShell
[6.073s] DEBUG:colcon.colcon_core.shell:Skip shell extension 'dsv' for command environment
[6.086s] DEBUG:colcon.colcon_core.shell:Ignoring prefix path '/opt/ros/eloquent'
[6.097s] INFO:colcon.colcon_ros.task.ament_cmake.build:Building ROS package in '/home/team/SoftwareDevelopment/ROS2/skinny/src/communication' with build type 'ament_cmake'
[6.098s] INFO:colcon.colcon_cmake.task.cmake.build:Building CMake package in '/home/team/SoftwareDevelopment/ROS2/skinny/src/communication'
[6.103s] INFO:colcon.colcon_core.shell:Skip shell extension 'powershell' for command environment: Not usable outside of PowerShell
[6.104s] DEBUG:colcon.colcon_core.shell:Skip shell extension 'dsv' for command environment
[6.116s] DEBUG:colcon.colcon_core.shell:Ignoring prefix path '/opt/ros/eloquent'
[6.127s] INFO:colcon.colcon_ros.task.ament_cmake.build:Building ROS package in '/home/team/SoftwareDevelopment/ROS2/skinny/src/logic' with build type 'ament_cmake'
[6.129s] INFO:colcon.colcon_cmake.task.cmake.build:Building CMake package in '/home/team/SoftwareDevelopment/ROS2/skinny/src/logic'
[6.134s] INFO:colcon.colcon_core.shell:Skip shell extension 'powershell' for command environment: Not usable outside of PowerShell
[6.134s] DEBUG:colcon.colcon_core.shell:Skip shell extension 'dsv' for command environment
[6.147s] DEBUG:colcon.colcon_core.shell:Ignoring prefix path '/opt/ros/eloquent'
[6.157s] INFO:colcon.colcon_ros.task.ament_cmake.build:Building ROS package in '/home/team/SoftwareDevelopment/ROS2/skinny/src/power_distribution_panel' with build type 'ament_cmake'
[6.158s] INFO:colcon.colcon_cmake.task.cmake.build:Building CMake package in '/home/team/SoftwareDevelopment/ROS2/skinny/src/power_distribution_panel'
[6.164s] INFO:colcon.colcon_core.shell:Skip shell extension 'powershell' for command environment: Not usable outside of PowerShell
[6.164s] DEBUG:colcon.colcon_core.shell:Skip shell extension 'dsv' for command environment
[6.176s] DEBUG:colcon.colcon_core.shell:Ignoring prefix path '/opt/ros/eloquent'
[6.209s] DEBUG:colcon.colcon_core.event_handler.log_command:Invoking command in '/home/team/SoftwareDevelopment/ROS2/skinny/build/autonomy': AMENT_PREFIX_PATH=/home/team/SoftwareDevelopment/ROS2/skinny/install/messages:${AMENT_PREFIX_PATH} CMAKE_PREFIX_PATH=/home/team/SoftwareDevelopment/ROS2/skinny/install/messages:/opt/ros/eloquent LD_LIBRARY_PATH=/home/team/SoftwareDevelopment/ROS2/skinny/install/messages/lib:${LD_LIBRARY_PATH} PYTHONPATH=/home/team/SoftwareDevelopment/ROS2/skinny/install/messages/lib/python3.6/site-packages:${PYTHONPATH} /usr/bin/cmake --build /home/team/SoftwareDevelopment/ROS2/skinny/build/autonomy -- -j4 -l4
[6.225s] DEBUG:colcon.colcon_core.event_handler.log_command:Invoking command in '/home/team/SoftwareDevelopment/ROS2/skinny/build/communication': AMENT_PREFIX_PATH=/home/team/SoftwareDevelopment/ROS2/skinny/install/messages:${AMENT_PREFIX_PATH} CMAKE_PREFIX_PATH=/home/team/SoftwareDevelopment/ROS2/skinny/install/messages:/opt/ros/eloquent LD_LIBRARY_PATH=/home/team/SoftwareDevelopment/ROS2/skinny/install/messages/lib:${LD_LIBRARY_PATH} PYTHONPATH=/home/team/SoftwareDevelopment/ROS2/skinny/install/messages/lib/python3.6/site-packages:${PYTHONPATH} /usr/bin/cmake --build /home/team/SoftwareDevelopment/ROS2/skinny/build/communication -- -j4 -l4
[6.243s] DEBUG:colcon.colcon_core.event_handler.log_command:Invoking command in '/home/team/SoftwareDevelopment/ROS2/skinny/build/logic': AMENT_PREFIX_PATH=/home/team/SoftwareDevelopment/ROS2/skinny/install/messages:${AMENT_PREFIX_PATH} CMAKE_PREFIX_PATH=/home/team/SoftwareDevelopment/ROS2/skinny/install/messages:/opt/ros/eloquent LD_LIBRARY_PATH=/home/team/SoftwareDevelopment/ROS2/skinny/install/messages/lib:${LD_LIBRARY_PATH} PYTHONPATH=/home/team/SoftwareDevelopment/ROS2/skinny/install/messages/lib/python3.6/site-packages:${PYTHONPATH} /usr/bin/cmake --build /home/team/SoftwareDevelopment/ROS2/skinny/build/logic -- -j4 -l4
[6.273s] DEBUG:colcon.colcon_core.event_handler.log_command:Invoking command in '/home/team/SoftwareDevelopment/ROS2/skinny/build/power_distribution_panel': AMENT_PREFIX_PATH=/home/team/SoftwareDevelopment/ROS2/skinny/install/messages:${AMENT_PREFIX_PATH} CMAKE_PREFIX_PATH=/home/team/SoftwareDevelopment/ROS2/skinny/install/messages:/opt/ros/eloquent LD_LIBRARY_PATH=/home/team/SoftwareDevelopment/ROS2/skinny/install/messages/lib:${LD_LIBRARY_PATH} PYTHONPATH=/home/team/SoftwareDevelopment/ROS2/skinny/install/messages/lib/python3.6/site-packages:${PYTHONPATH} /usr/bin/cmake --build /home/team/SoftwareDevelopment/ROS2/skinny/build/power_distribution_panel -- -j4 -l4
[6.525s] DEBUG:colcon.colcon_core.event_handler.log_command:Invoked command in '/home/team/SoftwareDevelopment/ROS2/skinny/build/communication' returned '0': AMENT_PREFIX_PATH=/home/team/SoftwareDevelopment/ROS2/skinny/install/messages:${AMENT_PREFIX_PATH} CMAKE_PREFIX_PATH=/home/team/SoftwareDevelopment/ROS2/skinny/install/messages:/opt/ros/eloquent LD_LIBRARY_PATH=/home/team/SoftwareDevelopment/ROS2/skinny/install/messages/lib:${LD_LIBRARY_PATH} PYTHONPATH=/home/team/SoftwareDevelopment/ROS2/skinny/install/messages/lib/python3.6/site-packages:${PYTHONPATH} /usr/bin/cmake --build /home/team/SoftwareDevelopment/ROS2/skinny/build/communication -- -j4 -l4
[6.551s] DEBUG:colcon.colcon_core.event_handler.log_command:Invoked command in '/home/team/SoftwareDevelopment/ROS2/skinny/build/autonomy' returned '0': AMENT_PREFIX_PATH=/home/team/SoftwareDevelopment/ROS2/skinny/install/messages:${AMENT_PREFIX_PATH} CMAKE_PREFIX_PATH=/home/team/SoftwareDevelopment/ROS2/skinny/install/messages:/opt/ros/eloquent LD_LIBRARY_PATH=/home/team/SoftwareDevelopment/ROS2/skinny/install/messages/lib:${LD_LIBRARY_PATH} PYTHONPATH=/home/team/SoftwareDevelopment/ROS2/skinny/install/messages/lib/python3.6/site-packages:${PYTHONPATH} /usr/bin/cmake --build /home/team/SoftwareDevelopment/ROS2/skinny/build/autonomy -- -j4 -l4
[6.586s] DEBUG:colcon.colcon_core.event_handler.log_command:Invoked command in '/home/team/SoftwareDevelopment/ROS2/skinny/build/power_distribution_panel' returned '0': AMENT_PREFIX_PATH=/home/team/SoftwareDevelopment/ROS2/skinny/install/messages:${AMENT_PREFIX_PATH} CMAKE_PREFIX_PATH=/home/team/SoftwareDevelopment/ROS2/skinny/install/messages:/opt/ros/eloquent LD_LIBRARY_PATH=/home/team/SoftwareDevelopment/ROS2/skinny/install/messages/lib:${LD_LIBRARY_PATH} PYTHONPATH=/home/team/SoftwareDevelopment/ROS2/skinny/install/messages/lib/python3.6/site-packages:${PYTHONPATH} /usr/bin/cmake --build /home/team/SoftwareDevelopment/ROS2/skinny/build/power_distribution_panel -- -j4 -l4
[6.655s] DEBUG:colcon.colcon_core.event_handler.log_command:Invoking command in '/home/team/SoftwareDevelopment/ROS2/skinny/build/communication': AMENT_PREFIX_PATH=/home/team/SoftwareDevelopment/ROS2/skinny/install/messages:${AMENT_PREFIX_PATH} CMAKE_PREFIX_PATH=/home/team/SoftwareDevelopment/ROS2/skinny/install/messages:/opt/ros/eloquent LD_LIBRARY_PATH=/home/team/SoftwareDevelopment/ROS2/skinny/install/messages/lib:${LD_LIBRARY_PATH} PYTHONPATH=/home/team/SoftwareDevelopment/ROS2/skinny/install/messages/lib/python3.6/site-packages:${PYTHONPATH} /usr/bin/cmake --build /home/team/SoftwareDevelopment/ROS2/skinny/build/communication --target install -- -j4 -l4
[6.679s] DEBUG:colcon.colcon_core.event_handler.log_command:Invoking command in '/home/team/SoftwareDevelopment/ROS2/skinny/build/autonomy': AMENT_PREFIX_PATH=/home/team/SoftwareDevelopment/ROS2/skinny/install/messages:${AMENT_PREFIX_PATH} CMAKE_PREFIX_PATH=/home/team/SoftwareDevelopment/ROS2/skinny/install/messages:/opt/ros/eloquent LD_LIBRARY_PATH=/home/team/SoftwareDevelopment/ROS2/skinny/install/messages/lib:${LD_LIBRARY_PATH} PYTHONPATH=/home/team/SoftwareDevelopment/ROS2/skinny/install/messages/lib/python3.6/site-packages:${PYTHONPATH} /usr/bin/cmake --build /home/team/SoftwareDevelopment/ROS2/skinny/build/autonomy --target install -- -j4 -l4
[6.709s] DEBUG:colcon.colcon_core.event_handler.log_command:Invoking command in '/home/team/SoftwareDevelopment/ROS2/skinny/build/power_distribution_panel': AMENT_PREFIX_PATH=/home/team/SoftwareDevelopment/ROS2/skinny/install/messages:${AMENT_PREFIX_PATH} CMAKE_PREFIX_PATH=/home/team/SoftwareDevelopment/ROS2/skinny/install/messages:/opt/ros/eloquent LD_LIBRARY_PATH=/home/team/SoftwareDevelopment/ROS2/skinny/install/messages/lib:${LD_LIBRARY_PATH} PYTHONPATH=/home/team/SoftwareDevelopment/ROS2/skinny/install/messages/lib/python3.6/site-packages:${PYTHONPATH} /usr/bin/cmake --build /home/team/SoftwareDevelopment/ROS2/skinny/build/power_distribution_panel --target install -- -j4 -l4
[7.070s] Level 1:colcon.colcon_core.environment:create_environment_scripts_only(communication)
[7.081s] Level 1:colcon.colcon_core.environment:checking '/home/team/SoftwareDevelopment/ROS2/skinny/install/communication' for CMake module files
[7.085s] Level 1:colcon.colcon_core.environment:checking '/home/team/SoftwareDevelopment/ROS2/skinny/install/communication' for CMake config files
[7.087s] Level 1:colcon.colcon_core.shell:create_environment_hook('communication', 'cmake_prefix_path')
[7.092s] INFO:colcon.colcon_core.shell:Creating environment hook '/home/team/SoftwareDevelopment/ROS2/skinny/install/communication/share/communication/hook/cmake_prefix_path.ps1'
[7.096s] INFO:colcon.colcon_core.shell:Creating environment descriptor '/home/team/SoftwareDevelopment/ROS2/skinny/install/communication/share/communication/hook/cmake_prefix_path.dsv'
[7.101s] INFO:colcon.colcon_core.shell:Creating environment hook '/home/team/SoftwareDevelopment/ROS2/skinny/install/communication/share/communication/hook/cmake_prefix_path.sh'
[7.110s] Level 1:colcon.colcon_core.environment:checking '/home/team/SoftwareDevelopment/ROS2/skinny/install/communication/lib'
[7.115s] Level 1:colcon.colcon_core.environment:checking '/home/team/SoftwareDevelopment/ROS2/skinny/install/communication/bin'
[7.116s] Level 1:colcon.colcon_core.environment:checking '/home/team/SoftwareDevelopment/ROS2/skinny/install/communication/lib/pkgconfig/communication.pc'
[7.117s] Level 1:colcon.colcon_core.environment:checking '/home/team/SoftwareDevelopment/ROS2/skinny/install/communication/lib/python3.6/site-packages'
[7.122s] INFO:colcon.colcon_core.shell:Creating package script '/home/team/SoftwareDevelopment/ROS2/skinny/install/communication/share/communication/package.ps1'
[7.127s] INFO:colcon.colcon_core.shell:Creating package descriptor '/home/team/SoftwareDevelopment/ROS2/skinny/install/communication/share/communication/package.dsv'
[7.131s] DEBUG:colcon.colcon_core.event_handler.log_command:Invoked command in '/home/team/SoftwareDevelopment/ROS2/skinny/build/communication' returned '0': AMENT_PREFIX_PATH=/home/team/SoftwareDevelopment/ROS2/skinny/install/messages:${AMENT_PREFIX_PATH} CMAKE_PREFIX_PATH=/home/team/SoftwareDevelopment/ROS2/skinny/install/messages:/opt/ros/eloquent LD_LIBRARY_PATH=/home/team/SoftwareDevelopment/ROS2/skinny/install/messages/lib:${LD_LIBRARY_PATH} PYTHONPATH=/home/team/SoftwareDevelopment/ROS2/skinny/install/messages/lib/python3.6/site-packages:${PYTHONPATH} /usr/bin/cmake --build /home/team/SoftwareDevelopment/ROS2/skinny/build/communication --target install -- -j4 -l4
[7.133s] INFO:colcon.colcon_core.shell:Creating package script '/home/team/SoftwareDevelopment/ROS2/skinny/install/communication/share/communication/package.sh'
[7.137s] INFO:colcon.colcon_core.shell:Creating package script '/home/team/SoftwareDevelopment/ROS2/skinny/install/communication/share/communication/package.bash'
[7.141s] INFO:colcon.colcon_core.shell:Creating package script '/home/team/SoftwareDevelopment/ROS2/skinny/install/communication/share/communication/package.zsh'
[7.145s] Level 1:colcon.colcon_core.environment:create_file_with_runtime_dependencies(/home/team/SoftwareDevelopment/ROS2/skinny/install/communication/share/colcon-core/packages/communication)
[7.166s] Level 1:colcon.colcon_core.environment:create_environment_scripts_only(autonomy)
[7.175s] Level 1:colcon.colcon_core.environment:checking '/home/team/SoftwareDevelopment/ROS2/skinny/install/autonomy' for CMake module files
[7.177s] DEBUG:colcon.colcon_core.event_handler.log_command:Invoked command in '/home/team/SoftwareDevelopment/ROS2/skinny/build/autonomy' returned '0': AMENT_PREFIX_PATH=/home/team/SoftwareDevelopment/ROS2/skinny/install/messages:${AMENT_PREFIX_PATH} CMAKE_PREFIX_PATH=/home/team/SoftwareDevelopment/ROS2/skinny/install/messages:/opt/ros/eloquent LD_LIBRARY_PATH=/home/team/SoftwareDevelopment/ROS2/skinny/install/messages/lib:${LD_LIBRARY_PATH} PYTHONPATH=/home/team/SoftwareDevelopment/ROS2/skinny/install/messages/lib/python3.6/site-packages:${PYTHONPATH} /usr/bin/cmake --build /home/team/SoftwareDevelopment/ROS2/skinny/build/autonomy --target install -- -j4 -l4
[7.180s] Level 1:colcon.colcon_core.environment:checking '/home/team/SoftwareDevelopment/ROS2/skinny/install/autonomy' for CMake config files
[7.182s] Level 1:colcon.colcon_core.shell:create_environment_hook('autonomy', 'cmake_prefix_path')
[7.186s] INFO:colcon.colcon_core.shell:Creating environment hook '/home/team/SoftwareDevelopment/ROS2/skinny/install/autonomy/share/autonomy/hook/cmake_prefix_path.ps1'
[7.190s] INFO:colcon.colcon_core.shell:Creating environment descriptor '/home/team/SoftwareDevelopment/ROS2/skinny/install/autonomy/share/autonomy/hook/cmake_prefix_path.dsv'
[7.192s] INFO:colcon.colcon_core.shell:Creating environment hook '/home/team/SoftwareDevelopment/ROS2/skinny/install/autonomy/share/autonomy/hook/cmake_prefix_path.sh'
[7.197s] Level 1:colcon.colcon_core.environment:checking '/home/team/SoftwareDevelopment/ROS2/skinny/install/autonomy/lib'
[7.198s] Level 1:colcon.colcon_core.environment:checking '/home/team/SoftwareDevelopment/ROS2/skinny/install/autonomy/bin'
[7.198s] Level 1:colcon.colcon_core.environment:checking '/home/team/SoftwareDevelopment/ROS2/skinny/install/autonomy/lib/pkgconfig/autonomy.pc'
[7.199s] Level 1:colcon.colcon_core.environment:checking '/home/team/SoftwareDevelopment/ROS2/skinny/install/autonomy/lib/python3.6/site-packages'
[7.203s] INFO:colcon.colcon_core.shell:Creating package script '/home/team/SoftwareDevelopment/ROS2/skinny/install/autonomy/share/autonomy/package.ps1'
[7.206s] INFO:colcon.colcon_core.shell:Creating package descriptor '/home/team/SoftwareDevelopment/ROS2/skinny/install/autonomy/share/autonomy/package.dsv'
[7.209s] INFO:colcon.colcon_core.shell:Creating package script '/home/team/SoftwareDevelopment/ROS2/skinny/install/autonomy/share/autonomy/package.sh'
[7.211s] INFO:colcon.colcon_core.shell:Creating package script '/home/team/SoftwareDevelopment/ROS2/skinny/install/autonomy/share/autonomy/package.bash'
[7.213s] INFO:colcon.colcon_core.shell:Creating package script '/home/team/SoftwareDevelopment/ROS2/skinny/install/autonomy/share/autonomy/package.zsh'
[7.215s] Level 1:colcon.colcon_core.environment:create_file_with_runtime_dependencies(/home/team/SoftwareDevelopment/ROS2/skinny/install/autonomy/share/colcon-core/packages/autonomy)
[7.230s] Level 1:colcon.colcon_core.environment:create_environment_scripts_only(power_distribution_panel)
[7.240s] Level 1:colcon.colcon_core.environment:checking '/home/team/SoftwareDevelopment/ROS2/skinny/install/power_distribution_panel' for CMake module files
[7.243s] DEBUG:colcon.colcon_core.event_handler.log_command:Invoked command in '/home/team/SoftwareDevelopment/ROS2/skinny/build/power_distribution_panel' returned '0': AMENT_PREFIX_PATH=/home/team/SoftwareDevelopment/ROS2/skinny/install/messages:${AMENT_PREFIX_PATH} CMAKE_PREFIX_PATH=/home/team/SoftwareDevelopment/ROS2/skinny/install/messages:/opt/ros/eloquent LD_LIBRARY_PATH=/home/team/SoftwareDevelopment/ROS2/skinny/install/messages/lib:${LD_LIBRARY_PATH} PYTHONPATH=/home/team/SoftwareDevelopment/ROS2/skinny/install/messages/lib/python3.6/site-packages:${PYTHONPATH} /usr/bin/cmake --build /home/team/SoftwareDevelopment/ROS2/skinny/build/power_distribution_panel --target install -- -j4 -l4
[7.246s] Level 1:colcon.colcon_core.environment:checking '/home/team/SoftwareDevelopment/ROS2/skinny/install/power_distribution_panel' for CMake config files
[7.248s] Level 1:colcon.colcon_core.shell:create_environment_hook('power_distribution_panel', 'cmake_prefix_path')
[7.254s] INFO:colcon.colcon_core.shell:Creating environment hook '/home/team/SoftwareDevelopment/ROS2/skinny/install/power_distribution_panel/share/power_distribution_panel/hook/cmake_prefix_path.ps1'
[7.257s] INFO:colcon.colcon_core.shell:Creating environment descriptor '/home/team/SoftwareDevelopment/ROS2/skinny/install/power_distribution_panel/share/power_distribution_panel/hook/cmake_prefix_path.dsv'
[7.259s] INFO:colcon.colcon_core.shell:Creating environment hook '/home/team/SoftwareDevelopment/ROS2/skinny/install/power_distribution_panel/share/power_distribution_panel/hook/cmake_prefix_path.sh'
[7.263s] Level 1:colcon.colcon_core.environment:checking '/home/team/SoftwareDevelopment/ROS2/skinny/install/power_distribution_panel/lib'
[7.264s] Level 1:colcon.colcon_core.environment:checking '/home/team/SoftwareDevelopment/ROS2/skinny/install/power_distribution_panel/bin'
[7.264s] Level 1:colcon.colcon_core.environment:checking '/home/team/SoftwareDevelopment/ROS2/skinny/install/power_distribution_panel/lib/pkgconfig/power_distribution_panel.pc'
[7.265s] Level 1:colcon.colcon_core.environment:checking '/home/team/SoftwareDevelopment/ROS2/skinny/install/power_distribution_panel/lib/python3.6/site-packages'
[7.270s] INFO:colcon.colcon_core.shell:Creating package script '/home/team/SoftwareDevelopment/ROS2/skinny/install/power_distribution_panel/share/power_distribution_panel/package.ps1'
[7.273s] INFO:colcon.colcon_core.shell:Creating package descriptor '/home/team/SoftwareDevelopment/ROS2/skinny/install/power_distribution_panel/share/power_distribution_panel/package.dsv'
[7.275s] INFO:colcon.colcon_core.shell:Creating package script '/home/team/SoftwareDevelopment/ROS2/skinny/install/power_distribution_panel/share/power_distribution_panel/package.sh'
[7.278s] INFO:colcon.colcon_core.shell:Creating package script '/home/team/SoftwareDevelopment/ROS2/skinny/install/power_distribution_panel/share/power_distribution_panel/package.bash'
[7.280s] INFO:colcon.colcon_core.shell:Creating package script '/home/team/SoftwareDevelopment/ROS2/skinny/install/power_distribution_panel/share/power_distribution_panel/package.zsh'
[7.282s] Level 1:colcon.colcon_core.environment:create_file_with_runtime_dependencies(/home/team/SoftwareDevelopment/ROS2/skinny/install/power_distribution_panel/share/colcon-core/packages/power_distribution_panel)
[7.308s] Level 1:colcon.colcon_core.environment:create_environment_scripts_only(communication)
[7.315s] Level 1:colcon.colcon_core.environment:checking '/home/team/SoftwareDevelopment/ROS2/skinny/install/communication' for CMake module files
[7.319s] Level 1:colcon.colcon_core.environment:checking '/home/team/SoftwareDevelopment/ROS2/skinny/install/communication' for CMake config files
[7.321s] Level 1:colcon.colcon_core.shell:create_environment_hook('communication', 'cmake_prefix_path')
[7.325s] INFO:colcon.colcon_core.shell:Creating environment hook '/home/team/SoftwareDevelopment/ROS2/skinny/install/communication/share/communication/hook/cmake_prefix_path.ps1'
[7.328s] INFO:colcon.colcon_core.shell:Creating environment descriptor '/home/team/SoftwareDevelopment/ROS2/skinny/install/communication/share/communication/hook/cmake_prefix_path.dsv'
[7.330s] INFO:colcon.colcon_core.shell:Creating environment hook '/home/team/SoftwareDevelopment/ROS2/skinny/install/communication/share/communication/hook/cmake_prefix_path.sh'
[7.334s] Level 1:colcon.colcon_core.environment:checking '/home/team/SoftwareDevelopment/ROS2/skinny/install/communication/lib'
[7.335s] Level 1:colcon.colcon_core.environment:checking '/home/team/SoftwareDevelopment/ROS2/skinny/install/communication/bin'
[7.335s] Level 1:colcon.colcon_core.environment:checking '/home/team/SoftwareDevelopment/ROS2/skinny/install/communication/lib/pkgconfig/communication.pc'
[7.336s] Level 1:colcon.colcon_core.environment:checking '/home/team/SoftwareDevelopment/ROS2/skinny/install/communication/lib/python3.6/site-packages'
[7.341s] INFO:colcon.colcon_core.shell:Creating package script '/home/team/SoftwareDevelopment/ROS2/skinny/install/communication/share/communication/package.ps1'
[7.344s] INFO:colcon.colcon_core.shell:Creating package descriptor '/home/team/SoftwareDevelopment/ROS2/skinny/install/communication/share/communication/package.dsv'
[7.348s] INFO:colcon.colcon_core.shell:Creating package script '/home/team/SoftwareDevelopment/ROS2/skinny/install/communication/share/communication/package.sh'
[7.351s] INFO:colcon.colcon_core.shell:Creating package script '/home/team/SoftwareDevelopment/ROS2/skinny/install/communication/share/communication/package.bash'
[7.353s] INFO:colcon.colcon_core.shell:Creating package script '/home/team/SoftwareDevelopment/ROS2/skinny/install/communication/share/communication/package.zsh'
[7.356s] Level 1:colcon.colcon_core.environment:create_file_with_runtime_dependencies(/home/team/SoftwareDevelopment/ROS2/skinny/install/communication/share/colcon-core/packages/communication)
[7.362s] INFO:colcon.colcon_ros.task.ament_cmake.build:Building ROS package in '/home/team/SoftwareDevelopment/ROS2/skinny/src/talon' with build type 'ament_cmake'
[7.363s] INFO:colcon.colcon_cmake.task.cmake.build:Building CMake package in '/home/team/SoftwareDevelopment/ROS2/skinny/src/talon'
[7.368s] INFO:colcon.colcon_core.shell:Skip shell extension 'powershell' for command environment: Not usable outside of PowerShell
[7.369s] DEBUG:colcon.colcon_core.shell:Skip shell extension 'dsv' for command environment
[7.383s] DEBUG:colcon.colcon_core.shell:Ignoring prefix path '/opt/ros/eloquent'
[7.404s] Level 1:colcon.colcon_core.environment:create_environment_scripts_only(autonomy)
[7.411s] Level 1:colcon.colcon_core.environment:checking '/home/team/SoftwareDevelopment/ROS2/skinny/install/autonomy' for CMake module files
[7.414s] Level 1:colcon.colcon_core.environment:checking '/home/team/SoftwareDevelopment/ROS2/skinny/install/autonomy' for CMake config files
[7.416s] Level 1:colcon.colcon_core.shell:create_environment_hook('autonomy', 'cmake_prefix_path')
[7.421s] INFO:colcon.colcon_core.shell:Creating environment hook '/home/team/SoftwareDevelopment/ROS2/skinny/install/autonomy/share/autonomy/hook/cmake_prefix_path.ps1'
[7.423s] INFO:colcon.colcon_core.shell:Creating environment descriptor '/home/team/SoftwareDevelopment/ROS2/skinny/install/autonomy/share/autonomy/hook/cmake_prefix_path.dsv'
[7.425s] INFO:colcon.colcon_core.shell:Creating environment hook '/home/team/SoftwareDevelopment/ROS2/skinny/install/autonomy/share/autonomy/hook/cmake_prefix_path.sh'
[7.429s] Level 1:colcon.colcon_core.environment:checking '/home/team/SoftwareDevelopment/ROS2/skinny/install/autonomy/lib'
[7.430s] Level 1:colcon.colcon_core.environment:checking '/home/team/SoftwareDevelopment/ROS2/skinny/install/autonomy/bin'
[7.430s] Level 1:colcon.colcon_core.environment:checking '/home/team/SoftwareDevelopment/ROS2/skinny/install/autonomy/lib/pkgconfig/autonomy.pc'
[7.431s] Level 1:colcon.colcon_core.environment:checking '/home/team/SoftwareDevelopment/ROS2/skinny/install/autonomy/lib/python3.6/site-packages'
[7.435s] INFO:colcon.colcon_core.shell:Creating package script '/home/team/SoftwareDevelopment/ROS2/skinny/install/autonomy/share/autonomy/package.ps1'
[7.439s] INFO:colcon.colcon_core.shell:Creating package descriptor '/home/team/SoftwareDevelopment/ROS2/skinny/install/autonomy/share/autonomy/package.dsv'
[7.442s] INFO:colcon.colcon_core.shell:Creating package script '/home/team/SoftwareDevelopment/ROS2/skinny/install/autonomy/share/autonomy/package.sh'
[7.444s] INFO:colcon.colcon_core.shell:Creating package script '/home/team/SoftwareDevelopment/ROS2/skinny/install/autonomy/share/autonomy/package.bash'
[7.448s] INFO:colcon.colcon_core.shell:Creating package script '/home/team/SoftwareDevelopment/ROS2/skinny/install/autonomy/share/autonomy/package.zsh'
[7.450s] Level 1:colcon.colcon_core.environment:create_file_with_runtime_dependencies(/home/team/SoftwareDevelopment/ROS2/skinny/install/autonomy/share/colcon-core/packages/autonomy)
[7.456s] INFO:colcon.colcon_ros.task.ament_cmake.build:Building ROS package in '/home/team/SoftwareDevelopment/ROS2/skinny/src/zed_tracking' with build type 'ament_cmake'
[7.458s] INFO:colcon.colcon_cmake.task.cmake.build:Building CMake package in '/home/team/SoftwareDevelopment/ROS2/skinny/src/zed_tracking'
[7.462s] INFO:colcon.colcon_core.shell:Skip shell extension 'powershell' for command environment: Not usable outside of PowerShell
[7.463s] DEBUG:colcon.colcon_core.shell:Skip shell extension 'dsv' for command environment
[7.475s] DEBUG:colcon.colcon_core.shell:Ignoring prefix path '/opt/ros/eloquent'
[7.493s] Level 1:colcon.colcon_core.environment:create_environment_scripts_only(power_distribution_panel)
[7.500s] Level 1:colcon.colcon_core.environment:checking '/home/team/SoftwareDevelopment/ROS2/skinny/install/power_distribution_panel' for CMake module files
[7.504s] Level 1:colcon.colcon_core.environment:checking '/home/team/SoftwareDevelopment/ROS2/skinny/install/power_distribution_panel' for CMake config files
[7.505s] Level 1:colcon.colcon_core.shell:create_environment_hook('power_distribution_panel', 'cmake_prefix_path')
[7.509s] INFO:colcon.colcon_core.shell:Creating environment hook '/home/team/SoftwareDevelopment/ROS2/skinny/install/power_distribution_panel/share/power_distribution_panel/hook/cmake_prefix_path.ps1'
[7.511s] INFO:colcon.colcon_core.shell:Creating environment descriptor '/home/team/SoftwareDevelopment/ROS2/skinny/install/power_distribution_panel/share/power_distribution_panel/hook/cmake_prefix_path.dsv'
[7.513s] INFO:colcon.colcon_core.shell:Creating environment hook '/home/team/SoftwareDevelopment/ROS2/skinny/install/power_distribution_panel/share/power_distribution_panel/hook/cmake_prefix_path.sh'
[7.517s] Level 1:colcon.colcon_core.environment:checking '/home/team/SoftwareDevelopment/ROS2/skinny/install/power_distribution_panel/lib'
[7.518s] Level 1:colcon.colcon_core.environment:checking '/home/team/SoftwareDevelopment/ROS2/skinny/install/power_distribution_panel/bin'
[7.518s] Level 1:colcon.colcon_core.environment:checking '/home/team/SoftwareDevelopment/ROS2/skinny/install/power_distribution_panel/lib/pkgconfig/power_distribution_panel.pc'
[7.518s] Level 1:colcon.colcon_core.environment:checking '/home/team/SoftwareDevelopment/ROS2/skinny/install/power_distribution_panel/lib/python3.6/site-packages'
[7.523s] INFO:colcon.colcon_core.shell:Creating package script '/home/team/SoftwareDevelopment/ROS2/skinny/install/power_distribution_panel/share/power_distribution_panel/package.ps1'
[7.526s] INFO:colcon.colcon_core.shell:Creating package descriptor '/home/team/SoftwareDevelopment/ROS2/skinny/install/power_distribution_panel/share/power_distribution_panel/package.dsv'
[7.528s] INFO:colcon.colcon_core.shell:Creating package script '/home/team/SoftwareDevelopment/ROS2/skinny/install/power_distribution_panel/share/power_distribution_panel/package.sh'
[7.531s] INFO:colcon.colcon_core.shell:Creating package script '/home/team/SoftwareDevelopment/ROS2/skinny/install/power_distribution_panel/share/power_distribution_panel/package.bash'
[7.533s] INFO:colcon.colcon_core.shell:Creating package script '/home/team/SoftwareDevelopment/ROS2/skinny/install/power_distribution_panel/share/power_distribution_panel/package.zsh'
[7.535s] Level 1:colcon.colcon_core.environment:create_file_with_runtime_dependencies(/home/team/SoftwareDevelopment/ROS2/skinny/install/power_distribution_panel/share/colcon-core/packages/power_distribution_panel)
[7.561s] DEBUG:colcon.colcon_core.event_handler.log_command:Invoking command in '/home/team/SoftwareDevelopment/ROS2/skinny/build/talon': AMENT_PREFIX_PATH=/home/team/SoftwareDevelopment/ROS2/skinny/install/messages:${AMENT_PREFIX_PATH} CMAKE_PREFIX_PATH=/home/team/SoftwareDevelopment/ROS2/skinny/install/messages:/opt/ros/eloquent LD_LIBRARY_PATH=/home/team/SoftwareDevelopment/ROS2/skinny/install/messages/lib:${LD_LIBRARY_PATH} PYTHONPATH=/home/team/SoftwareDevelopment/ROS2/skinny/install/messages/lib/python3.6/site-packages:${PYTHONPATH} /usr/bin/cmake --build /home/team/SoftwareDevelopment/ROS2/skinny/build/talon -- -j4 -l4
[7.585s] DEBUG:colcon.colcon_core.event_handler.log_command:Invoking command in '/home/team/SoftwareDevelopment/ROS2/skinny/build/zed_tracking': AMENT_PREFIX_PATH=/home/team/SoftwareDevelopment/ROS2/skinny/install/messages:${AMENT_PREFIX_PATH} CMAKE_PREFIX_PATH=/home/team/SoftwareDevelopment/ROS2/skinny/install/messages:/opt/ros/eloquent LD_LIBRARY_PATH=/home/team/SoftwareDevelopment/ROS2/skinny/install/messages/lib:${LD_LIBRARY_PATH} PYTHONPATH=/home/team/SoftwareDevelopment/ROS2/skinny/install/messages/lib/python3.6/site-packages:${PYTHONPATH} /usr/bin/cmake --build /home/team/SoftwareDevelopment/ROS2/skinny/build/zed_tracking -- -j4 -l4
[7.848s] DEBUG:colcon.colcon_core.event_handler.log_command:Invoked command in '/home/team/SoftwareDevelopment/ROS2/skinny/build/talon' returned '0': AMENT_PREFIX_PATH=/home/team/SoftwareDevelopment/ROS2/skinny/install/messages:${AMENT_PREFIX_PATH} CMAKE_PREFIX_PATH=/home/team/SoftwareDevelopment/ROS2/skinny/install/messages:/opt/ros/eloquent LD_LIBRARY_PATH=/home/team/SoftwareDevelopment/ROS2/skinny/install/messages/lib:${LD_LIBRARY_PATH} PYTHONPATH=/home/team/SoftwareDevelopment/ROS2/skinny/install/messages/lib/python3.6/site-packages:${PYTHONPATH} /usr/bin/cmake --build /home/team/SoftwareDevelopment/ROS2/skinny/build/talon -- -j4 -l4
[7.902s] DEBUG:colcon.colcon_core.event_handler.log_command:Invoked command in '/home/team/SoftwareDevelopment/ROS2/skinny/build/zed_tracking' returned '0': AMENT_PREFIX_PATH=/home/team/SoftwareDevelopment/ROS2/skinny/install/messages:${AMENT_PREFIX_PATH} CMAKE_PREFIX_PATH=/home/team/SoftwareDevelopment/ROS2/skinny/install/messages:/opt/ros/eloquent LD_LIBRARY_PATH=/home/team/SoftwareDevelopment/ROS2/skinny/install/messages/lib:${LD_LIBRARY_PATH} PYTHONPATH=/home/team/SoftwareDevelopment/ROS2/skinny/install/messages/lib/python3.6/site-packages:${PYTHONPATH} /usr/bin/cmake --build /home/team/SoftwareDevelopment/ROS2/skinny/build/zed_tracking -- -j4 -l4
[7.957s] DEBUG:colcon.colcon_core.event_handler.log_command:Invoking command in '/home/team/SoftwareDevelopment/ROS2/skinny/build/talon': AMENT_PREFIX_PATH=/home/team/SoftwareDevelopment/ROS2/skinny/install/messages:${AMENT_PREFIX_PATH} CMAKE_PREFIX_PATH=/home/team/SoftwareDevelopment/ROS2/skinny/install/messages:/opt/ros/eloquent LD_LIBRARY_PATH=/home/team/SoftwareDevelopment/ROS2/skinny/install/messages/lib:${LD_LIBRARY_PATH} PYTHONPATH=/home/team/SoftwareDevelopment/ROS2/skinny/install/messages/lib/python3.6/site-packages:${PYTHONPATH} /usr/bin/cmake --build /home/team/SoftwareDevelopment/ROS2/skinny/build/talon --target install -- -j4 -l4
[8.024s] DEBUG:colcon.colcon_core.event_handler.log_command:Invoking command in '/home/team/SoftwareDevelopment/ROS2/skinny/build/zed_tracking': AMENT_PREFIX_PATH=/home/team/SoftwareDevelopment/ROS2/skinny/install/messages:${AMENT_PREFIX_PATH} CMAKE_PREFIX_PATH=/home/team/SoftwareDevelopment/ROS2/skinny/install/messages:/opt/ros/eloquent LD_LIBRARY_PATH=/home/team/SoftwareDevelopment/ROS2/skinny/install/messages/lib:${LD_LIBRARY_PATH} PYTHONPATH=/home/team/SoftwareDevelopment/ROS2/skinny/install/messages/lib/python3.6/site-packages:${PYTHONPATH} /usr/bin/cmake --build /home/team/SoftwareDevelopment/ROS2/skinny/build/zed_tracking --target install -- -j4 -l4
[8.326s] Level 1:colcon.colcon_core.environment:create_environment_scripts_only(talon)
[8.334s] Level 1:colcon.colcon_core.environment:checking '/home/team/SoftwareDevelopment/ROS2/skinny/install/talon' for CMake module files
[8.340s] DEBUG:colcon.colcon_core.event_handler.log_command:Invoked command in '/home/team/SoftwareDevelopment/ROS2/skinny/build/talon' returned '0': AMENT_PREFIX_PATH=/home/team/SoftwareDevelopment/ROS2/skinny/install/messages:${AMENT_PREFIX_PATH} CMAKE_PREFIX_PATH=/home/team/SoftwareDevelopment/ROS2/skinny/install/messages:/opt/ros/eloquent LD_LIBRARY_PATH=/home/team/SoftwareDevelopment/ROS2/skinny/install/messages/lib:${LD_LIBRARY_PATH} PYTHONPATH=/home/team/SoftwareDevelopment/ROS2/skinny/install/messages/lib/python3.6/site-packages:${PYTHONPATH} /usr/bin/cmake --build /home/team/SoftwareDevelopment/ROS2/skinny/build/talon --target install -- -j4 -l4
[8.343s] Level 1:colcon.colcon_core.environment:checking '/home/team/SoftwareDevelopment/ROS2/skinny/install/talon' for CMake config files
[8.344s] Level 1:colcon.colcon_core.shell:create_environment_hook('talon', 'cmake_prefix_path')
[8.349s] INFO:colcon.colcon_core.shell:Creating environment hook '/home/team/SoftwareDevelopment/ROS2/skinny/install/talon/share/talon/hook/cmake_prefix_path.ps1'
[8.352s] INFO:colcon.colcon_core.shell:Creating environment descriptor '/home/team/SoftwareDevelopment/ROS2/skinny/install/talon/share/talon/hook/cmake_prefix_path.dsv'
[8.354s] INFO:colcon.colcon_core.shell:Creating environment hook '/home/team/SoftwareDevelopment/ROS2/skinny/install/talon/share/talon/hook/cmake_prefix_path.sh'
[8.359s] Level 1:colcon.colcon_core.environment:checking '/home/team/SoftwareDevelopment/ROS2/skinny/install/talon/lib'
[8.359s] Level 1:colcon.colcon_core.environment:checking '/home/team/SoftwareDevelopment/ROS2/skinny/install/talon/bin'
[8.360s] Level 1:colcon.colcon_core.environment:checking '/home/team/SoftwareDevelopment/ROS2/skinny/install/talon/lib/pkgconfig/talon.pc'
[8.361s] Level 1:colcon.colcon_core.environment:checking '/home/team/SoftwareDevelopment/ROS2/skinny/install/talon/lib/python3.6/site-packages'
[8.366s] INFO:colcon.colcon_core.shell:Creating package script '/home/team/SoftwareDevelopment/ROS2/skinny/install/talon/share/talon/package.ps1'
[8.370s] INFO:colcon.colcon_core.shell:Creating package descriptor '/home/team/SoftwareDevelopment/ROS2/skinny/install/talon/share/talon/package.dsv'
[8.372s] INFO:colcon.colcon_core.shell:Creating package script '/home/team/SoftwareDevelopment/ROS2/skinny/install/talon/share/talon/package.sh'
[8.375s] INFO:colcon.colcon_core.shell:Creating package script '/home/team/SoftwareDevelopment/ROS2/skinny/install/talon/share/talon/package.bash'
[8.377s] INFO:colcon.colcon_core.shell:Creating package script '/home/team/SoftwareDevelopment/ROS2/skinny/install/talon/share/talon/package.zsh'
[8.381s] Level 1:colcon.colcon_core.environment:create_file_with_runtime_dependencies(/home/team/SoftwareDevelopment/ROS2/skinny/install/talon/share/colcon-core/packages/talon)
[8.435s] Level 1:colcon.colcon_core.environment:create_environment_scripts_only(zed_tracking)
[8.445s] Level 1:colcon.colcon_core.environment:checking '/home/team/SoftwareDevelopment/ROS2/skinny/install/zed_tracking' for CMake module files
[8.446s] DEBUG:colcon.colcon_core.event_handler.log_command:Invoked command in '/home/team/SoftwareDevelopment/ROS2/skinny/build/zed_tracking' returned '0': AMENT_PREFIX_PATH=/home/team/SoftwareDevelopment/ROS2/skinny/install/messages:${AMENT_PREFIX_PATH} CMAKE_PREFIX_PATH=/home/team/SoftwareDevelopment/ROS2/skinny/install/messages:/opt/ros/eloquent LD_LIBRARY_PATH=/home/team/SoftwareDevelopment/ROS2/skinny/install/messages/lib:${LD_LIBRARY_PATH} PYTHONPATH=/home/team/SoftwareDevelopment/ROS2/skinny/install/messages/lib/python3.6/site-packages:${PYTHONPATH} /usr/bin/cmake --build /home/team/SoftwareDevelopment/ROS2/skinny/build/zed_tracking --target install -- -j4 -l4
[8.450s] Level 1:colcon.colcon_core.environment:checking '/home/team/SoftwareDevelopment/ROS2/skinny/install/zed_tracking' for CMake config files
[8.452s] Level 1:colcon.colcon_core.shell:create_environment_hook('zed_tracking', 'cmake_prefix_path')
[8.456s] INFO:colcon.colcon_core.shell:Creating environment hook '/home/team/SoftwareDevelopment/ROS2/skinny/install/zed_tracking/share/zed_tracking/hook/cmake_prefix_path.ps1'
[8.459s] INFO:colcon.colcon_core.shell:Creating environment descriptor '/home/team/SoftwareDevelopment/ROS2/skinny/install/zed_tracking/share/zed_tracking/hook/cmake_prefix_path.dsv'
[8.463s] INFO:colcon.colcon_core.shell:Creating environment hook '/home/team/SoftwareDevelopment/ROS2/skinny/install/zed_tracking/share/zed_tracking/hook/cmake_prefix_path.sh'
[8.467s] Level 1:colcon.colcon_core.environment:checking '/home/team/SoftwareDevelopment/ROS2/skinny/install/zed_tracking/lib'
[8.468s] Level 1:colcon.colcon_core.environment:checking '/home/team/SoftwareDevelopment/ROS2/skinny/install/zed_tracking/bin'
[8.469s] Level 1:colcon.colcon_core.environment:checking '/home/team/SoftwareDevelopment/ROS2/skinny/install/zed_tracking/lib/pkgconfig/zed_tracking.pc'
[8.469s] Level 1:colcon.colcon_core.environment:checking '/home/team/SoftwareDevelopment/ROS2/skinny/install/zed_tracking/lib/python3.6/site-packages'
[8.474s] INFO:colcon.colcon_core.shell:Creating package script '/home/team/SoftwareDevelopment/ROS2/skinny/install/zed_tracking/share/zed_tracking/package.ps1'
[8.476s] INFO:colcon.colcon_core.shell:Creating package descriptor '/home/team/SoftwareDevelopment/ROS2/skinny/install/zed_tracking/share/zed_tracking/package.dsv'
[8.479s] INFO:colcon.colcon_core.shell:Creating package script '/home/team/SoftwareDevelopment/ROS2/skinny/install/zed_tracking/share/zed_tracking/package.sh'
[8.481s] INFO:colcon.colcon_core.shell:Creating package script '/home/team/SoftwareDevelopment/ROS2/skinny/install/zed_tracking/share/zed_tracking/package.bash'
[8.484s] INFO:colcon.colcon_core.shell:Creating package script '/home/team/SoftwareDevelopment/ROS2/skinny/install/zed_tracking/share/zed_tracking/package.zsh'
[8.486s] Level 1:colcon.colcon_core.environment:create_file_with_runtime_dependencies(/home/team/SoftwareDevelopment/ROS2/skinny/install/zed_tracking/share/colcon-core/packages/zed_tracking)
[8.507s] Level 1:colcon.colcon_core.environment:create_environment_scripts_only(talon)
[8.514s] Level 1:colcon.colcon_core.environment:checking '/home/team/SoftwareDevelopment/ROS2/skinny/install/talon' for CMake module files
[8.518s] Level 1:colcon.colcon_core.environment:checking '/home/team/SoftwareDevelopment/ROS2/skinny/install/talon' for CMake config files
[8.519s] Level 1:colcon.colcon_core.shell:create_environment_hook('talon', 'cmake_prefix_path')
[8.524s] INFO:colcon.colcon_core.shell:Creating environment hook '/home/team/SoftwareDevelopment/ROS2/skinny/install/talon/share/talon/hook/cmake_prefix_path.ps1'
[8.526s] INFO:colcon.colcon_core.shell:Creating environment descriptor '/home/team/SoftwareDevelopment/ROS2/skinny/install/talon/share/talon/hook/cmake_prefix_path.dsv'
[8.528s] INFO:colcon.colcon_core.shell:Creating environment hook '/home/team/SoftwareDevelopment/ROS2/skinny/install/talon/share/talon/hook/cmake_prefix_path.sh'
[8.533s] Level 1:colcon.colcon_core.environment:checking '/home/team/SoftwareDevelopment/ROS2/skinny/install/talon/lib'
[8.533s] Level 1:colcon.colcon_core.environment:checking '/home/team/SoftwareDevelopment/ROS2/skinny/install/talon/bin'
[8.534s] Level 1:colcon.colcon_core.environment:checking '/home/team/SoftwareDevelopment/ROS2/skinny/install/talon/lib/pkgconfig/talon.pc'
[8.534s] Level 1:colcon.colcon_core.environment:checking '/home/team/SoftwareDevelopment/ROS2/skinny/install/talon/lib/python3.6/site-packages'
[8.540s] INFO:colcon.colcon_core.shell:Creating package script '/home/team/SoftwareDevelopment/ROS2/skinny/install/talon/share/talon/package.ps1'
[8.543s] INFO:colcon.colcon_core.shell:Creating package descriptor '/home/team/SoftwareDevelopment/ROS2/skinny/install/talon/share/talon/package.dsv'
[8.546s] INFO:colcon.colcon_core.shell:Creating package script '/home/team/SoftwareDevelopment/ROS2/skinny/install/talon/share/talon/package.sh'
[8.548s] INFO:colcon.colcon_core.shell:Creating package script '/home/team/SoftwareDevelopment/ROS2/skinny/install/talon/share/talon/package.bash'
[8.551s] INFO:colcon.colcon_core.shell:Creating package script '/home/team/SoftwareDevelopment/ROS2/skinny/install/talon/share/talon/package.zsh'
[8.553s] Level 1:colcon.colcon_core.environment:create_file_with_runtime_dependencies(/home/team/SoftwareDevelopment/ROS2/skinny/install/talon/share/colcon-core/packages/talon)
[8.589s] Level 1:colcon.colcon_core.environment:create_environment_scripts_only(zed_tracking)
[8.595s] Level 1:colcon.colcon_core.environment:checking '/home/team/SoftwareDevelopment/ROS2/skinny/install/zed_tracking' for CMake module files
[8.598s] Level 1:colcon.colcon_core.environment:checking '/home/team/SoftwareDevelopment/ROS2/skinny/install/zed_tracking' for CMake config files
[8.600s] Level 1:colcon.colcon_core.shell:create_environment_hook('zed_tracking', 'cmake_prefix_path')
[8.604s] INFO:colcon.colcon_core.shell:Creating environment hook '/home/team/SoftwareDevelopment/ROS2/skinny/install/zed_tracking/share/zed_tracking/hook/cmake_prefix_path.ps1'
[8.606s] INFO:colcon.colcon_core.shell:Creating environment descriptor '/home/team/SoftwareDevelopment/ROS2/skinny/install/zed_tracking/share/zed_tracking/hook/cmake_prefix_path.dsv'
[8.608s] INFO:colcon.colcon_core.shell:Creating environment hook '/home/team/SoftwareDevelopment/ROS2/skinny/install/zed_tracking/share/zed_tracking/hook/cmake_prefix_path.sh'
[8.612s] Level 1:colcon.colcon_core.environment:checking '/home/team/SoftwareDevelopment/ROS2/skinny/install/zed_tracking/lib'
[8.613s] Level 1:colcon.colcon_core.environment:checking '/home/team/SoftwareDevelopment/ROS2/skinny/install/zed_tracking/bin'
[8.613s] Level 1:colcon.colcon_core.environment:checking '/home/team/SoftwareDevelopment/ROS2/skinny/install/zed_tracking/lib/pkgconfig/zed_tracking.pc'
[8.614s] Level 1:colcon.colcon_core.environment:checking '/home/team/SoftwareDevelopment/ROS2/skinny/install/zed_tracking/lib/python3.6/site-packages'
[8.618s] INFO:colcon.colcon_core.shell:Creating package script '/home/team/SoftwareDevelopment/ROS2/skinny/install/zed_tracking/share/zed_tracking/package.ps1'
[8.621s] INFO:colcon.colcon_core.shell:Creating package descriptor '/home/team/SoftwareDevelopment/ROS2/skinny/install/zed_tracking/share/zed_tracking/package.dsv'
[8.624s] INFO:colcon.colcon_core.shell:Creating package script '/home/team/SoftwareDevelopment/ROS2/skinny/install/zed_tracking/share/zed_tracking/package.sh'
[8.626s] INFO:colcon.colcon_core.shell:Creating package script '/home/team/SoftwareDevelopment/ROS2/skinny/install/zed_tracking/share/zed_tracking/package.bash'
[8.630s] INFO:colcon.colcon_core.shell:Creating package script '/home/team/SoftwareDevelopment/ROS2/skinny/install/zed_tracking/share/zed_tracking/package.zsh'
[8.632s] Level 1:colcon.colcon_core.environment:create_file_with_runtime_dependencies(/home/team/SoftwareDevelopment/ROS2/skinny/install/zed_tracking/share/colcon-core/packages/zed_tracking)
[20.829s] DEBUG:colcon.colcon_core.event_handler.log_command:Invoked command in '/home/team/SoftwareDevelopment/ROS2/skinny/build/logic' returned '2': AMENT_PREFIX_PATH=/home/team/SoftwareDevelopment/ROS2/skinny/install/messages:${AMENT_PREFIX_PATH} CMAKE_PREFIX_PATH=/home/team/SoftwareDevelopment/ROS2/skinny/install/messages:/opt/ros/eloquent LD_LIBRARY_PATH=/home/team/SoftwareDevelopment/ROS2/skinny/install/messages/lib:${LD_LIBRARY_PATH} PYTHONPATH=/home/team/SoftwareDevelopment/ROS2/skinny/install/messages/lib/python3.6/site-packages:${PYTHONPATH} /usr/bin/cmake --build /home/team/SoftwareDevelopment/ROS2/skinny/build/logic -- -j4 -l4
[20.910s] Level 1:colcon.colcon_core.environment:create_environment_scripts_only(logic)
[20.915s] Level 1:colcon.colcon_core.environment:checking '/home/team/SoftwareDevelopment/ROS2/skinny/install/logic' for CMake module files
[20.919s] Level 1:colcon.colcon_core.environment:checking '/home/team/SoftwareDevelopment/ROS2/skinny/install/logic' for CMake config files
[20.920s] Level 1:colcon.colcon_core.shell:create_environment_hook('logic', 'cmake_prefix_path')
[20.924s] INFO:colcon.colcon_core.shell:Creating environment hook '/home/team/SoftwareDevelopment/ROS2/skinny/install/logic/share/logic/hook/cmake_prefix_path.ps1'
[20.926s] INFO:colcon.colcon_core.shell:Creating environment descriptor '/home/team/SoftwareDevelopment/ROS2/skinny/install/logic/share/logic/hook/cmake_prefix_path.dsv'
[20.927s] INFO:colcon.colcon_core.shell:Creating environment hook '/home/team/SoftwareDevelopment/ROS2/skinny/install/logic/share/logic/hook/cmake_prefix_path.sh'
[20.931s] Level 1:colcon.colcon_core.environment:checking '/home/team/SoftwareDevelopment/ROS2/skinny/install/logic/lib'
[20.931s] Level 1:colcon.colcon_core.environment:checking '/home/team/SoftwareDevelopment/ROS2/skinny/install/logic/bin'
[20.932s] Level 1:colcon.colcon_core.environment:checking '/home/team/SoftwareDevelopment/ROS2/skinny/install/logic/lib/pkgconfig/logic.pc'
[20.932s] Level 1:colcon.colcon_core.environment:checking '/home/team/SoftwareDevelopment/ROS2/skinny/install/logic/lib/python3.6/site-packages'
[20.936s] INFO:colcon.colcon_core.shell:Creating package script '/home/team/SoftwareDevelopment/ROS2/skinny/install/logic/share/logic/package.ps1'
[20.938s] INFO:colcon.colcon_core.shell:Creating package descriptor '/home/team/SoftwareDevelopment/ROS2/skinny/install/logic/share/logic/package.dsv'
[20.941s] INFO:colcon.colcon_core.shell:Creating package script '/home/team/SoftwareDevelopment/ROS2/skinny/install/logic/share/logic/package.sh'
[20.943s] INFO:colcon.colcon_core.shell:Creating package script '/home/team/SoftwareDevelopment/ROS2/skinny/install/logic/share/logic/package.bash'
[20.944s] INFO:colcon.colcon_core.shell:Creating package script '/home/team/SoftwareDevelopment/ROS2/skinny/install/logic/share/logic/package.zsh'
[20.946s] Level 1:colcon.colcon_core.environment:create_file_with_runtime_dependencies(/home/team/SoftwareDevelopment/ROS2/skinny/install/logic/share/colcon-core/packages/logic)
[20.957s] DEBUG:colcon.colcon_parallel_executor.executor.parallel:closing loop
[20.962s] DEBUG:colcon.colcon_parallel_executor.executor.parallel:loop closed
[20.962s] DEBUG:colcon.colcon_parallel_executor.executor.parallel:run_until_complete finished with '2'
[20.963s] DEBUG:colcon.colcon_core.event_reactor:joining thread
[20.989s] INFO:colcon.colcon_core.plugin_system:Skipping extension 'colcon_notification.desktop_notification.terminal_notifier': Not used on non-Darwin systems
[20.990s] INFO:colcon.colcon_core.plugin_system:Skipping extension 'colcon_notification.desktop_notification.win32': Not used on non-Windows systems
[20.990s] INFO:colcon.colcon_notification.desktop_notification:Sending desktop notification using 'notify2'
[21.065s] DEBUG:colcon.colcon_core.event_reactor:joined thread
[21.073s] INFO:colcon.colcon_core.shell:Creating prefix script '/home/team/SoftwareDevelopment/ROS2/skinny/install/local_setup.ps1'
[21.080s] INFO:colcon.colcon_core.shell:Creating prefix util module '/home/team/SoftwareDevelopment/ROS2/skinny/install/_local_setup_util_ps1.py'
[21.089s] INFO:colcon.colcon_core.shell:Creating prefix chain script '/home/team/SoftwareDevelopment/ROS2/skinny/install/setup.ps1'
[21.106s] INFO:colcon.colcon_core.shell:Creating prefix script '/home/team/SoftwareDevelopment/ROS2/skinny/install/local_setup.sh'
[21.109s] INFO:colcon.colcon_core.shell:Creating prefix util module '/home/team/SoftwareDevelopment/ROS2/skinny/install/_local_setup_util_sh.py'
[21.112s] INFO:colcon.colcon_core.shell:Creating prefix chain script '/home/team/SoftwareDevelopment/ROS2/skinny/install/setup.sh'
[21.128s] INFO:colcon.colcon_core.shell:Creating prefix script '/home/team/SoftwareDevelopment/ROS2/skinny/install/local_setup.bash'
[21.131s] INFO:colcon.colcon_core.shell:Creating prefix chain script '/home/team/SoftwareDevelopment/ROS2/skinny/install/setup.bash'
[21.148s] INFO:colcon.colcon_core.shell:Creating prefix script '/home/team/SoftwareDevelopment/ROS2/skinny/install/local_setup.zsh'
[21.150s] INFO:colcon.colcon_core.shell:Creating prefix chain script '/home/team/SoftwareDevelopment/ROS2/skinny/install/setup.zsh'
