[0.124s] Invoking command in '/home/team/SoftwareDevelopment/ROS2/skinny/src/build/power_distribution_panel': CMAKE_PREFIX_PATH=/home/team/SoftwareDevelopment/ROS2/skinny/src/install/messages:/home/team/SoftwareDevelopment/ROS2/skinny/src/install/zed_tracking:/home/team/SoftwareDevelopment/ROS2/skinny/src/install/talon:/home/team/SoftwareDevelopment/ROS2/skinny/src/install/power_distribution_panel:/home/team/SoftwareDevelopment/ROS2/skinny/src/install/logic:/home/team/SoftwareDevelopment/ROS2/skinny/src/install/communication:/home/team/SoftwareDevelopment/ROS2/skinny/src/install/autonomy:/home/team/SoftwareDevelopment/ROS2/skinny/src/install/excavation:/opt/ros/eloquent /usr/bin/cmake --build /home/team/SoftwareDevelopment/ROS2/skinny/src/build/power_distribution_panel -- -j4 -l4
[0.329s] [35m[1mScanning dependencies of target power_distribution_panel_node[0m
[0.442s] [ 33%] [32mBuilding CXX object CMakeFiles/power_distribution_panel_node.dir/src/power_distribution_panel_node.cpp.o[0m
[10.269s] [ 66%] [32m[1mLinking CXX executable power_distribution_panel_node[0m
[10.986s] [100%] Built target power_distribution_panel_node
[11.041s] Invoked command in '/home/team/SoftwareDevelopment/ROS2/skinny/src/build/power_distribution_panel' returned '0': CMAKE_PREFIX_PATH=/home/team/SoftwareDevelopment/ROS2/skinny/src/install/messages:/home/team/SoftwareDevelopment/ROS2/skinny/src/install/zed_tracking:/home/team/SoftwareDevelopment/ROS2/skinny/src/install/talon:/home/team/SoftwareDevelopment/ROS2/skinny/src/install/power_distribution_panel:/home/team/SoftwareDevelopment/ROS2/skinny/src/install/logic:/home/team/SoftwareDevelopment/ROS2/skinny/src/install/communication:/home/team/SoftwareDevelopment/ROS2/skinny/src/install/autonomy:/home/team/SoftwareDevelopment/ROS2/skinny/src/install/excavation:/opt/ros/eloquent /usr/bin/cmake --build /home/team/SoftwareDevelopment/ROS2/skinny/src/build/power_distribution_panel -- -j4 -l4
[11.174s] Invoking command in '/home/team/SoftwareDevelopment/ROS2/skinny/src/build/power_distribution_panel': CMAKE_PREFIX_PATH=/home/team/SoftwareDevelopment/ROS2/skinny/src/install/messages:/home/team/SoftwareDevelopment/ROS2/skinny/src/install/zed_tracking:/home/team/SoftwareDevelopment/ROS2/skinny/src/install/talon:/home/team/SoftwareDevelopment/ROS2/skinny/src/install/power_distribution_panel:/home/team/SoftwareDevelopment/ROS2/skinny/src/install/logic:/home/team/SoftwareDevelopment/ROS2/skinny/src/install/communication:/home/team/SoftwareDevelopment/ROS2/skinny/src/install/autonomy:/home/team/SoftwareDevelopment/ROS2/skinny/src/install/excavation:/opt/ros/eloquent /usr/bin/cmake --build /home/team/SoftwareDevelopment/ROS2/skinny/src/build/power_distribution_panel --target install -- -j4 -l4
[11.446s] [100%] Built target power_distribution_panel_node
[11.531s] [36mInstall the project...[0m
[11.572s] -- Install configuration: ""
[11.574s] -- Installing: /home/team/SoftwareDevelopment/ROS2/skinny/src/install/power_distribution_panel/lib/power_distribution_panel/power_distribution_panel_node
[11.580s] -- Set runtime path of "/home/team/SoftwareDevelopment/ROS2/skinny/src/install/power_distribution_panel/lib/power_distribution_panel/power_distribution_panel_node" to ""
[11.581s] -- Up-to-date: /home/team/SoftwareDevelopment/ROS2/skinny/src/install/power_distribution_panel/share/ament_index/resource_index/package_run_dependencies/power_distribution_panel
[11.583s] -- Up-to-date: /home/team/SoftwareDevelopment/ROS2/skinny/src/install/power_distribution_panel/share/ament_index/resource_index/parent_prefix_path/power_distribution_panel
[11.585s] -- Up-to-date: /home/team/SoftwareDevelopment/ROS2/skinny/src/install/power_distribution_panel/share/power_distribution_panel/environment/ament_prefix_path.sh
[11.586s] -- Up-to-date: /home/team/SoftwareDevelopment/ROS2/skinny/src/install/power_distribution_panel/share/power_distribution_panel/environment/ament_prefix_path.dsv
[11.588s] -- Up-to-date: /home/team/SoftwareDevelopment/ROS2/skinny/src/install/power_distribution_panel/share/power_distribution_panel/environment/path.sh
[11.589s] -- Up-to-date: /home/team/SoftwareDevelopment/ROS2/skinny/src/install/power_distribution_panel/share/power_distribution_panel/environment/path.dsv
[11.592s] -- Up-to-date: /home/team/SoftwareDevelopment/ROS2/skinny/src/install/power_distribution_panel/share/power_distribution_panel/local_setup.bash
[11.594s] -- Up-to-date: /home/team/SoftwareDevelopment/ROS2/skinny/src/install/power_distribution_panel/share/power_distribution_panel/local_setup.sh
[11.595s] -- Up-to-date: /home/team/SoftwareDevelopment/ROS2/skinny/src/install/power_distribution_panel/share/power_distribution_panel/local_setup.zsh
[11.597s] -- Up-to-date: /home/team/SoftwareDevelopment/ROS2/skinny/src/install/power_distribution_panel/share/power_distribution_panel/local_setup.dsv
[11.598s] -- Installing: /home/team/SoftwareDevelopment/ROS2/skinny/src/install/power_distribution_panel/share/power_distribution_panel/package.dsv
[11.601s] -- Up-to-date: /home/team/SoftwareDevelopment/ROS2/skinny/src/install/power_distribution_panel/share/ament_index/resource_index/packages/power_distribution_panel
[11.602s] -- Up-to-date: /home/team/SoftwareDevelopment/ROS2/skinny/src/install/power_distribution_panel/share/power_distribution_panel/cmake/power_distribution_panelConfig.cmake
[11.603s] -- Up-to-date: /home/team/SoftwareDevelopment/ROS2/skinny/src/install/power_distribution_panel/share/power_distribution_panel/cmake/power_distribution_panelConfig-version.cmake
[11.605s] -- Up-to-date: /home/team/SoftwareDevelopment/ROS2/skinny/src/install/power_distribution_panel/share/power_distribution_panel/package.xml
[11.625s] Invoked command in '/home/team/SoftwareDevelopment/ROS2/skinny/src/build/power_distribution_panel' returned '0': CMAKE_PREFIX_PATH=/home/team/SoftwareDevelopment/ROS2/skinny/src/install/messages:/home/team/SoftwareDevelopment/ROS2/skinny/src/install/zed_tracking:/home/team/SoftwareDevelopment/ROS2/skinny/src/install/talon:/home/team/SoftwareDevelopment/ROS2/skinny/src/install/power_distribution_panel:/home/team/SoftwareDevelopment/ROS2/skinny/src/install/logic:/home/team/SoftwareDevelopment/ROS2/skinny/src/install/communication:/home/team/SoftwareDevelopment/ROS2/skinny/src/install/autonomy:/home/team/SoftwareDevelopment/ROS2/skinny/src/install/excavation:/opt/ros/eloquent /usr/bin/cmake --build /home/team/SoftwareDevelopment/ROS2/skinny/src/build/power_distribution_panel --target install -- -j4 -l4
