[1.628s] Invoking command in '/home/team/SoftwareDevelopment/ROS2/skinny/src/excavation': PYTHONPATH=/home/team/SoftwareDevelopment/ROS2/skinny/install/excavation/lib/python3.6/site-packages:${PYTHONPATH} /usr/bin/python3 setup.py egg_info --egg-base ../../build/excavation build --build-base /home/team/SoftwareDevelopment/ROS2/skinny/build/excavation/build install --prefix /home/team/SoftwareDevelopment/ROS2/skinny/install/excavation --record /home/team/SoftwareDevelopment/ROS2/skinny/build/excavation/install.log --single-version-externally-managed
[3.126s] running egg_info
[3.130s] writing ../../build/excavation/excavation.egg-info/PKG-INFO
[3.132s] writing dependency_links to ../../build/excavation/excavation.egg-info/dependency_links.txt
[3.133s] writing entry points to ../../build/excavation/excavation.egg-info/entry_points.txt
[3.134s] writing requirements to ../../build/excavation/excavation.egg-info/requires.txt
[3.134s] writing top-level names to ../../build/excavation/excavation.egg-info/top_level.txt
[3.340s] reading manifest file '../../build/excavation/excavation.egg-info/SOURCES.txt'
[3.348s] writing manifest file '../../build/excavation/excavation.egg-info/SOURCES.txt'
[3.350s] running build
[3.350s] running build_py
[3.351s] copying excavation/excavation_node.py -> /home/team/SoftwareDevelopment/ROS2/skinny/build/excavation/build/lib/excavation
[3.353s] running install
[3.354s] running install_lib
[3.358s] copying /home/team/SoftwareDevelopment/ROS2/skinny/build/excavation/build/lib/excavation/excavation_node.py -> /home/team/SoftwareDevelopment/ROS2/skinny/install/excavation/lib/python3.6/site-packages/excavation
[3.361s] byte-compiling /home/team/SoftwareDevelopment/ROS2/skinny/install/excavation/lib/python3.6/site-packages/excavation/excavation_node.py to excavation_node.cpython-36.pyc
[3.366s] running install_data
[3.369s] running install_egg_info
[3.379s] removing '/home/team/SoftwareDevelopment/ROS2/skinny/install/excavation/lib/python3.6/site-packages/excavation-0.0.0-py3.6.egg-info' (and everything under it)
[3.381s] Copying ../../build/excavation/excavation.egg-info to /home/team/SoftwareDevelopment/ROS2/skinny/install/excavation/lib/python3.6/site-packages/excavation-0.0.0-py3.6.egg-info
[3.385s] running install_scripts
[3.482s] Installing excavation_node script to /home/team/SoftwareDevelopment/ROS2/skinny/install/excavation/lib/excavation
[3.502s] writing list of installed files to '/home/team/SoftwareDevelopment/ROS2/skinny/build/excavation/install.log'
[3.605s] Invoked command in '/home/team/SoftwareDevelopment/ROS2/skinny/src/excavation' returned '0': PYTHONPATH=/home/team/SoftwareDevelopment/ROS2/skinny/install/excavation/lib/python3.6/site-packages:${PYTHONPATH} /usr/bin/python3 setup.py egg_info --egg-base ../../build/excavation build --build-base /home/team/SoftwareDevelopment/ROS2/skinny/build/excavation/build install --prefix /home/team/SoftwareDevelopment/ROS2/skinny/install/excavation --record /home/team/SoftwareDevelopment/ROS2/skinny/build/excavation/install.log --single-version-externally-managed
