[0.822s] DEBUG:colcon:Command line arguments: ['/usr/bin/colcon', 'build']
[0.822s] DEBUG:colcon:Parsed command line arguments: Namespace(ament_cmake_args=None, base_paths=['.'], bazel_args=None, bazel_task=None, build_base='build', catkin_cmake_args=None, catkin_skip_building_tests=False, cmake_args=None, cmake_clean_cache=False, cmake_clean_first=False, cmake_force_configure=False, cmake_target=None, cmake_target_skip_unavailable=False, continue_on_error=False, event_handlers=None, executor='parallel', ignore_user_meta=False, install_base='install', log_base=None, log_level=None, main=<bound method BuildVerb.main of <colcon_core.verb.build.BuildVerb object at 0x7f7f28feb0>>, merge_install=False, metas=['./colcon.meta'], mixin=None, mixin_files=None, mixin_verb=('build',), packages_above=None, packages_above_and_dependencies=None, packages_above_depth=None, packages_end=None, packages_ignore=None, packages_ignore_regex=None, packages_select=None, packages_select_build_failed=False, packages_select_by_dep=None, packages_select_regex=None, packages_select_test_failures=False, packages_skip=None, packages_skip_build_finished=False, packages_skip_by_dep=None, packages_skip_regex=None, packages_skip_test_passed=False, packages_skip_up_to=None, packages_start=None, packages_up_to=None, packages_up_to_regex=None, parallel_workers=4, paths=None, symlink_install=False, test_result_base=None, verb_extension=<colcon_core.verb.build.BuildVerb object at 0x7f7f28feb0>, verb_name='build', verb_parser=<colcon_mixin.mixin.mixin_argument.MixinArgumentDecorator object at 0x7f7f220520>)
[0.883s] Level 1:colcon.colcon_core.package_discovery:discover_packages(colcon_meta) check parameters
[0.883s] Level 1:colcon.colcon_core.package_discovery:discover_packages(recursive) check parameters
[0.883s] Level 1:colcon.colcon_core.package_discovery:discover_packages(ignore) check parameters
[0.883s] Level 1:colcon.colcon_core.package_discovery:discover_packages(path) check parameters
[0.883s] Level 1:colcon.colcon_core.package_discovery:discover_packages(colcon_meta) discover
[0.884s] Level 1:colcon.colcon_core.package_discovery:discover_packages(recursive) discover
[0.884s] INFO:colcon.colcon_core.package_discovery:Crawling recursively for packages in '/home/team/SoftwareDevelopment/ROS2/skinny'
[0.884s] Level 1:colcon.colcon_core.package_identification:_identify(.) by extensions ['ignore', 'ignore_ament_install']
[0.885s] Level 1:colcon.colcon_core.package_identification:_identify(.) by extension 'ignore'
[0.885s] Level 1:colcon.colcon_core.package_identification:_identify(.) by extension 'ignore_ament_install'
[0.885s] Level 1:colcon.colcon_core.package_identification:_identify(.) by extensions ['colcon_pkg']
[0.885s] Level 1:colcon.colcon_core.package_identification:_identify(.) by extension 'colcon_pkg'
[0.885s] Level 1:colcon.colcon_core.package_identification:_identify(.) by extensions ['colcon_meta']
[0.886s] Level 1:colcon.colcon_core.package_identification:_identify(.) by extension 'colcon_meta'
[0.886s] Level 1:colcon.colcon_core.package_identification:_identify(.) by extensions ['ros']
[0.886s] Level 1:colcon.colcon_core.package_identification:_identify(.) by extension 'ros'
[0.896s] Level 1:colcon.colcon_core.package_identification:_identify(.) by extensions ['bazel', 'cmake', 'python']
[0.896s] Level 1:colcon.colcon_core.package_identification:_identify(.) by extension 'bazel'
[0.896s] Level 1:colcon.colcon_core.package_identification:_identify(.) by extension 'cmake'
[0.896s] Level 1:colcon.colcon_core.package_identification:_identify(.) by extension 'python'
[0.897s] Level 1:colcon.colcon_core.package_identification:_identify(.) by extensions ['python_setup_py']
[0.897s] Level 1:colcon.colcon_core.package_identification:_identify(.) by extension 'python_setup_py'
[0.897s] Level 1:colcon.colcon_core.package_identification:_identify(build) by extensions ['ignore', 'ignore_ament_install']
[0.897s] Level 1:colcon.colcon_core.package_identification:_identify(build) by extension 'ignore'
[0.898s] Level 1:colcon.colcon_core.package_identification:_identify(build) ignored
[0.898s] Level 1:colcon.colcon_core.package_identification:_identify(install) by extensions ['ignore', 'ignore_ament_install']
[0.899s] Level 1:colcon.colcon_core.package_identification:_identify(install) by extension 'ignore'
[0.899s] Level 1:colcon.colcon_core.package_identification:_identify(install) ignored
[0.899s] Level 1:colcon.colcon_core.package_identification:_identify(log) by extensions ['ignore', 'ignore_ament_install']
[0.900s] Level 1:colcon.colcon_core.package_identification:_identify(log) by extension 'ignore'
[0.900s] Level 1:colcon.colcon_core.package_identification:_identify(log) ignored
[0.900s] Level 1:colcon.colcon_core.package_identification:_identify(src) by extensions ['ignore', 'ignore_ament_install']
[0.900s] Level 1:colcon.colcon_core.package_identification:_identify(src) by extension 'ignore'
[0.901s] Level 1:colcon.colcon_core.package_identification:_identify(src) by extension 'ignore_ament_install'
[0.901s] Level 1:colcon.colcon_core.package_identification:_identify(src) by extensions ['colcon_pkg']
[0.901s] Level 1:colcon.colcon_core.package_identification:_identify(src) by extension 'colcon_pkg'
[0.901s] Level 1:colcon.colcon_core.package_identification:_identify(src) by extensions ['colcon_meta']
[0.901s] Level 1:colcon.colcon_core.package_identification:_identify(src) by extension 'colcon_meta'
[0.901s] Level 1:colcon.colcon_core.package_identification:_identify(src) by extensions ['ros']
[0.902s] Level 1:colcon.colcon_core.package_identification:_identify(src) by extension 'ros'
[0.902s] Level 1:colcon.colcon_core.package_identification:_identify(src) by extensions ['bazel', 'cmake', 'python']
[0.902s] Level 1:colcon.colcon_core.package_identification:_identify(src) by extension 'bazel'
[0.902s] Level 1:colcon.colcon_core.package_identification:_identify(src) by extension 'cmake'
[0.902s] Level 1:colcon.colcon_core.package_identification:_identify(src) by extension 'python'
[0.903s] Level 1:colcon.colcon_core.package_identification:_identify(src) by extensions ['python_setup_py']
[0.903s] Level 1:colcon.colcon_core.package_identification:_identify(src) by extension 'python_setup_py'
[0.903s] Level 1:colcon.colcon_core.package_identification:_identify(src/communication) by extensions ['ignore', 'ignore_ament_install']
[0.904s] Level 1:colcon.colcon_core.package_identification:_identify(src/communication) by extension 'ignore'
[0.904s] Level 1:colcon.colcon_core.package_identification:_identify(src/communication) by extension 'ignore_ament_install'
[0.904s] Level 1:colcon.colcon_core.package_identification:_identify(src/communication) by extensions ['colcon_pkg']
[0.904s] Level 1:colcon.colcon_core.package_identification:_identify(src/communication) by extension 'colcon_pkg'
[0.904s] Level 1:colcon.colcon_core.package_identification:_identify(src/communication) by extensions ['colcon_meta']
[0.904s] Level 1:colcon.colcon_core.package_identification:_identify(src/communication) by extension 'colcon_meta'
[0.905s] Level 1:colcon.colcon_core.package_identification:_identify(src/communication) by extensions ['ros']
[0.905s] Level 1:colcon.colcon_core.package_identification:_identify(src/communication) by extension 'ros'
[0.914s] DEBUG:colcon.colcon_core.package_identification:Package 'src/communication' with type 'ros.ament_cmake' and name 'communication'
[0.914s] Level 1:colcon.colcon_core.package_identification:_identify(src/messages) by extensions ['ignore', 'ignore_ament_install']
[0.914s] Level 1:colcon.colcon_core.package_identification:_identify(src/messages) by extension 'ignore'
[0.915s] Level 1:colcon.colcon_core.package_identification:_identify(src/messages) by extension 'ignore_ament_install'
[0.915s] Level 1:colcon.colcon_core.package_identification:_identify(src/messages) by extensions ['colcon_pkg']
[0.915s] Level 1:colcon.colcon_core.package_identification:_identify(src/messages) by extension 'colcon_pkg'
[0.915s] Level 1:colcon.colcon_core.package_identification:_identify(src/messages) by extensions ['colcon_meta']
[0.915s] Level 1:colcon.colcon_core.package_identification:_identify(src/messages) by extension 'colcon_meta'
[0.916s] Level 1:colcon.colcon_core.package_identification:_identify(src/messages) by extensions ['ros']
[0.916s] Level 1:colcon.colcon_core.package_identification:_identify(src/messages) by extension 'ros'
[0.919s] DEBUG:colcon.colcon_core.package_identification:Package 'src/messages' with type 'ros.ament_cmake' and name 'messages'
[0.923s] Level 1:colcon.colcon_core.package_identification:_identify(src/power_distribution_panel) by extensions ['ignore', 'ignore_ament_install']
[0.924s] Level 1:colcon.colcon_core.package_identification:_identify(src/power_distribution_panel) by extension 'ignore'
[0.924s] Level 1:colcon.colcon_core.package_identification:_identify(src/power_distribution_panel) by extension 'ignore_ament_install'
[0.924s] Level 1:colcon.colcon_core.package_identification:_identify(src/power_distribution_panel) by extensions ['colcon_pkg']
[0.924s] Level 1:colcon.colcon_core.package_identification:_identify(src/power_distribution_panel) by extension 'colcon_pkg'
[0.924s] Level 1:colcon.colcon_core.package_identification:_identify(src/power_distribution_panel) by extensions ['colcon_meta']
[0.925s] Level 1:colcon.colcon_core.package_identification:_identify(src/power_distribution_panel) by extension 'colcon_meta'
[0.925s] Level 1:colcon.colcon_core.package_identification:_identify(src/power_distribution_panel) by extensions ['ros']
[0.925s] Level 1:colcon.colcon_core.package_identification:_identify(src/power_distribution_panel) by extension 'ros'
[0.928s] DEBUG:colcon.colcon_core.package_identification:Package 'src/power_distribution_panel' with type 'ros.ament_cmake' and name 'power_distribution_panel'
[0.928s] Level 1:colcon.colcon_core.package_identification:_identify(src/talon) by extensions ['ignore', 'ignore_ament_install']
[0.928s] Level 1:colcon.colcon_core.package_identification:_identify(src/talon) by extension 'ignore'
[0.929s] Level 1:colcon.colcon_core.package_identification:_identify(src/talon) by extension 'ignore_ament_install'
[0.929s] Level 1:colcon.colcon_core.package_identification:_identify(src/talon) by extensions ['colcon_pkg']
[0.929s] Level 1:colcon.colcon_core.package_identification:_identify(src/talon) by extension 'colcon_pkg'
[0.929s] Level 1:colcon.colcon_core.package_identification:_identify(src/talon) by extensions ['colcon_meta']
[0.929s] Level 1:colcon.colcon_core.package_identification:_identify(src/talon) by extension 'colcon_meta'
[0.930s] Level 1:colcon.colcon_core.package_identification:_identify(src/talon) by extensions ['ros']
[0.930s] Level 1:colcon.colcon_core.package_identification:_identify(src/talon) by extension 'ros'
[0.933s] DEBUG:colcon.colcon_core.package_identification:Package 'src/talon' with type 'ros.ament_cmake' and name 'talon'
[0.933s] Level 1:colcon.colcon_core.package_discovery:discover_packages(recursive) using defaults
[0.933s] Level 1:colcon.colcon_core.package_discovery:discover_packages(ignore) discover
[0.933s] Level 1:colcon.colcon_core.package_discovery:discover_packages(ignore) using defaults
[0.933s] Level 1:colcon.colcon_core.package_discovery:discover_packages(path) discover
[0.933s] Level 1:colcon.colcon_core.package_discovery:discover_packages(path) using defaults
[1.011s] Level 5:colcon.colcon_core.verb:set package 'messages' build argument 'bazel_args' from command line to 'None'
[1.011s] Level 5:colcon.colcon_core.verb:set package 'messages' build argument 'bazel_task' from command line to 'None'
[1.011s] Level 5:colcon.colcon_core.verb:set package 'messages' build argument 'cmake_args' from command line to 'None'
[1.011s] Level 5:colcon.colcon_core.verb:set package 'messages' build argument 'cmake_target' from command line to 'None'
[1.011s] Level 5:colcon.colcon_core.verb:set package 'messages' build argument 'cmake_target_skip_unavailable' from command line to 'False'
[1.011s] Level 5:colcon.colcon_core.verb:set package 'messages' build argument 'cmake_clean_cache' from command line to 'False'
[1.012s] Level 5:colcon.colcon_core.verb:set package 'messages' build argument 'cmake_clean_first' from command line to 'False'
[1.012s] Level 5:colcon.colcon_core.verb:set package 'messages' build argument 'cmake_force_configure' from command line to 'False'
[1.012s] Level 5:colcon.colcon_core.verb:set package 'messages' build argument 'ament_cmake_args' from command line to 'None'
[1.012s] Level 5:colcon.colcon_core.verb:set package 'messages' build argument 'catkin_cmake_args' from command line to 'None'
[1.012s] Level 5:colcon.colcon_core.verb:set package 'messages' build argument 'catkin_skip_building_tests' from command line to 'False'
[1.012s] DEBUG:colcon.colcon_core.verb:Building package 'messages' with the following arguments: {'ament_cmake_args': None, 'bazel_args': None, 'bazel_task': None, 'build_base': '/home/team/SoftwareDevelopment/ROS2/skinny/build/messages', 'catkin_cmake_args': None, 'catkin_skip_building_tests': False, 'cmake_args': None, 'cmake_clean_cache': False, 'cmake_clean_first': False, 'cmake_force_configure': False, 'cmake_target': None, 'cmake_target_skip_unavailable': False, 'install_base': '/home/team/SoftwareDevelopment/ROS2/skinny/install/messages', 'merge_install': False, 'path': '/home/team/SoftwareDevelopment/ROS2/skinny/src/messages', 'symlink_install': False, 'test_result_base': None}
[1.025s] Level 5:colcon.colcon_core.verb:set package 'communication' build argument 'bazel_args' from command line to 'None'
[1.025s] Level 5:colcon.colcon_core.verb:set package 'communication' build argument 'bazel_task' from command line to 'None'
[1.025s] Level 5:colcon.colcon_core.verb:set package 'communication' build argument 'cmake_args' from command line to 'None'
[1.025s] Level 5:colcon.colcon_core.verb:set package 'communication' build argument 'cmake_target' from command line to 'None'
[1.025s] Level 5:colcon.colcon_core.verb:set package 'communication' build argument 'cmake_target_skip_unavailable' from command line to 'False'
[1.026s] Level 5:colcon.colcon_core.verb:set package 'communication' build argument 'cmake_clean_cache' from command line to 'False'
[1.026s] Level 5:colcon.colcon_core.verb:set package 'communication' build argument 'cmake_clean_first' from command line to 'False'
[1.026s] Level 5:colcon.colcon_core.verb:set package 'communication' build argument 'cmake_force_configure' from command line to 'False'
[1.026s] Level 5:colcon.colcon_core.verb:set package 'communication' build argument 'ament_cmake_args' from command line to 'None'
[1.026s] Level 5:colcon.colcon_core.verb:set package 'communication' build argument 'catkin_cmake_args' from command line to 'None'
[1.026s] Level 5:colcon.colcon_core.verb:set package 'communication' build argument 'catkin_skip_building_tests' from command line to 'False'
[1.026s] DEBUG:colcon.colcon_core.verb:Building package 'communication' with the following arguments: {'ament_cmake_args': None, 'bazel_args': None, 'bazel_task': None, 'build_base': '/home/team/SoftwareDevelopment/ROS2/skinny/build/communication', 'catkin_cmake_args': None, 'catkin_skip_building_tests': False, 'cmake_args': None, 'cmake_clean_cache': False, 'cmake_clean_first': False, 'cmake_force_configure': False, 'cmake_target': None, 'cmake_target_skip_unavailable': False, 'install_base': '/home/team/SoftwareDevelopment/ROS2/skinny/install/communication', 'merge_install': False, 'path': '/home/team/SoftwareDevelopment/ROS2/skinny/src/communication', 'symlink_install': False, 'test_result_base': None}
[1.039s] Level 5:colcon.colcon_core.verb:set package 'power_distribution_panel' build argument 'bazel_args' from command line to 'None'
[1.039s] Level 5:colcon.colcon_core.verb:set package 'power_distribution_panel' build argument 'bazel_task' from command line to 'None'
[1.039s] Level 5:colcon.colcon_core.verb:set package 'power_distribution_panel' build argument 'cmake_args' from command line to 'None'
[1.039s] Level 5:colcon.colcon_core.verb:set package 'power_distribution_panel' build argument 'cmake_target' from command line to 'None'
[1.039s] Level 5:colcon.colcon_core.verb:set package 'power_distribution_panel' build argument 'cmake_target_skip_unavailable' from command line to 'False'
[1.039s] Level 5:colcon.colcon_core.verb:set package 'power_distribution_panel' build argument 'cmake_clean_cache' from command line to 'False'
[1.039s] Level 5:colcon.colcon_core.verb:set package 'power_distribution_panel' build argument 'cmake_clean_first' from command line to 'False'
[1.040s] Level 5:colcon.colcon_core.verb:set package 'power_distribution_panel' build argument 'cmake_force_configure' from command line to 'False'
[1.040s] Level 5:colcon.colcon_core.verb:set package 'power_distribution_panel' build argument 'ament_cmake_args' from command line to 'None'
[1.040s] Level 5:colcon.colcon_core.verb:set package 'power_distribution_panel' build argument 'catkin_cmake_args' from command line to 'None'
[1.040s] Level 5:colcon.colcon_core.verb:set package 'power_distribution_panel' build argument 'catkin_skip_building_tests' from command line to 'False'
[1.040s] DEBUG:colcon.colcon_core.verb:Building package 'power_distribution_panel' with the following arguments: {'ament_cmake_args': None, 'bazel_args': None, 'bazel_task': None, 'build_base': '/home/team/SoftwareDevelopment/ROS2/skinny/build/power_distribution_panel', 'catkin_cmake_args': None, 'catkin_skip_building_tests': False, 'cmake_args': None, 'cmake_clean_cache': False, 'cmake_clean_first': False, 'cmake_force_configure': False, 'cmake_target': None, 'cmake_target_skip_unavailable': False, 'install_base': '/home/team/SoftwareDevelopment/ROS2/skinny/install/power_distribution_panel', 'merge_install': False, 'path': '/home/team/SoftwareDevelopment/ROS2/skinny/src/power_distribution_panel', 'symlink_install': False, 'test_result_base': None}
[1.052s] Level 5:colcon.colcon_core.verb:set package 'talon' build argument 'bazel_args' from command line to 'None'
[1.053s] Level 5:colcon.colcon_core.verb:set package 'talon' build argument 'bazel_task' from command line to 'None'
[1.053s] Level 5:colcon.colcon_core.verb:set package 'talon' build argument 'cmake_args' from command line to 'None'
[1.053s] Level 5:colcon.colcon_core.verb:set package 'talon' build argument 'cmake_target' from command line to 'None'
[1.053s] Level 5:colcon.colcon_core.verb:set package 'talon' build argument 'cmake_target_skip_unavailable' from command line to 'False'
[1.053s] Level 5:colcon.colcon_core.verb:set package 'talon' build argument 'cmake_clean_cache' from command line to 'False'
[1.053s] Level 5:colcon.colcon_core.verb:set package 'talon' build argument 'cmake_clean_first' from command line to 'False'
[1.053s] Level 5:colcon.colcon_core.verb:set package 'talon' build argument 'cmake_force_configure' from command line to 'False'
[1.053s] Level 5:colcon.colcon_core.verb:set package 'talon' build argument 'ament_cmake_args' from command line to 'None'
[1.054s] Level 5:colcon.colcon_core.verb:set package 'talon' build argument 'catkin_cmake_args' from command line to 'None'
[1.054s] Level 5:colcon.colcon_core.verb:set package 'talon' build argument 'catkin_skip_building_tests' from command line to 'False'
[1.054s] DEBUG:colcon.colcon_core.verb:Building package 'talon' with the following arguments: {'ament_cmake_args': None, 'bazel_args': None, 'bazel_task': None, 'build_base': '/home/team/SoftwareDevelopment/ROS2/skinny/build/talon', 'catkin_cmake_args': None, 'catkin_skip_building_tests': False, 'cmake_args': None, 'cmake_clean_cache': False, 'cmake_clean_first': False, 'cmake_force_configure': False, 'cmake_target': None, 'cmake_target_skip_unavailable': False, 'install_base': '/home/team/SoftwareDevelopment/ROS2/skinny/install/talon', 'merge_install': False, 'path': '/home/team/SoftwareDevelopment/ROS2/skinny/src/talon', 'symlink_install': False, 'test_result_base': None}
[1.055s] INFO:colcon.colcon_core.executor:Executing jobs using 'parallel' executor
[1.062s] DEBUG:colcon.colcon_parallel_executor.executor.parallel:run_until_complete
[1.066s] INFO:colcon.colcon_ros.task.ament_cmake.build:Building ROS package in '/home/team/SoftwareDevelopment/ROS2/skinny/src/messages' with build type 'ament_cmake'
[1.066s] INFO:colcon.colcon_cmake.task.cmake.build:Building CMake package in '/home/team/SoftwareDevelopment/ROS2/skinny/src/messages'
[1.080s] INFO:colcon.colcon_core.plugin_system:Skipping extension 'colcon_core.shell.bat': Not used on non-Windows systems
[1.081s] INFO:colcon.colcon_core.shell:Skip shell extension 'powershell' for command environment: Not usable outside of PowerShell
[1.081s] DEBUG:colcon.colcon_core.shell:Skip shell extension 'dsv' for command environment
[1.128s] DEBUG:colcon.colcon_core.event_handler.log_command:Invoking command in '/home/team/SoftwareDevelopment/ROS2/skinny/build/messages': /usr/bin/cmake --build /home/team/SoftwareDevelopment/ROS2/skinny/build/messages -- -j4 -l4
[1.920s] DEBUG:colcon.colcon_core.event_handler.log_command:Invoked command in '/home/team/SoftwareDevelopment/ROS2/skinny/build/messages' returned '0': /usr/bin/cmake --build /home/team/SoftwareDevelopment/ROS2/skinny/build/messages -- -j4 -l4
[2.574s] DEBUG:colcon.colcon_core.event_handler.log_command:Invoking command in '/home/team/SoftwareDevelopment/ROS2/skinny/build/messages': /usr/bin/cmake --install /home/team/SoftwareDevelopment/ROS2/skinny/build/messages
[2.797s] Level 1:colcon.colcon_core.environment:create_environment_scripts_only(messages)
[2.800s] DEBUG:colcon.colcon_core.event_handler.log_command:Invoked command in '/home/team/SoftwareDevelopment/ROS2/skinny/build/messages' returned '0': /usr/bin/cmake --install /home/team/SoftwareDevelopment/ROS2/skinny/build/messages
[2.810s] Level 1:colcon.colcon_core.environment:checking '/home/team/SoftwareDevelopment/ROS2/skinny/install/messages' for CMake module files
[2.813s] Level 1:colcon.colcon_core.environment:checking '/home/team/SoftwareDevelopment/ROS2/skinny/install/messages' for CMake config files
[2.815s] Level 1:colcon.colcon_core.shell:create_environment_hook('messages', 'cmake_prefix_path')
[2.818s] INFO:colcon.colcon_core.shell:Creating environment hook '/home/team/SoftwareDevelopment/ROS2/skinny/install/messages/share/messages/hook/cmake_prefix_path.ps1'
[2.820s] INFO:colcon.colcon_core.shell:Creating environment descriptor '/home/team/SoftwareDevelopment/ROS2/skinny/install/messages/share/messages/hook/cmake_prefix_path.dsv'
[2.822s] INFO:colcon.colcon_core.shell:Creating environment hook '/home/team/SoftwareDevelopment/ROS2/skinny/install/messages/share/messages/hook/cmake_prefix_path.sh'
[2.825s] Level 1:colcon.colcon_core.environment:checking '/home/team/SoftwareDevelopment/ROS2/skinny/install/messages/lib'
[2.826s] Level 1:colcon.colcon_core.shell:create_environment_hook('messages', 'ld_library_path_lib')
[2.828s] INFO:colcon.colcon_core.shell:Creating environment hook '/home/team/SoftwareDevelopment/ROS2/skinny/install/messages/share/messages/hook/ld_library_path_lib.ps1'
[2.829s] INFO:colcon.colcon_core.shell:Creating environment descriptor '/home/team/SoftwareDevelopment/ROS2/skinny/install/messages/share/messages/hook/ld_library_path_lib.dsv'
[2.831s] INFO:colcon.colcon_core.shell:Creating environment hook '/home/team/SoftwareDevelopment/ROS2/skinny/install/messages/share/messages/hook/ld_library_path_lib.sh'
[2.832s] Level 1:colcon.colcon_core.environment:checking '/home/team/SoftwareDevelopment/ROS2/skinny/install/messages/bin'
[2.832s] Level 1:colcon.colcon_core.environment:checking '/home/team/SoftwareDevelopment/ROS2/skinny/install/messages/lib/pkgconfig/messages.pc'
[2.832s] Level 1:colcon.colcon_core.environment:checking '/home/team/SoftwareDevelopment/ROS2/skinny/install/messages/lib/python3.8/site-packages'
[2.833s] Level 1:colcon.colcon_core.shell:create_environment_hook('messages', 'pythonpath')
[2.835s] INFO:colcon.colcon_core.shell:Creating environment hook '/home/team/SoftwareDevelopment/ROS2/skinny/install/messages/share/messages/hook/pythonpath.ps1'
[2.836s] INFO:colcon.colcon_core.shell:Creating environment descriptor '/home/team/SoftwareDevelopment/ROS2/skinny/install/messages/share/messages/hook/pythonpath.dsv'
[2.837s] INFO:colcon.colcon_core.shell:Creating environment hook '/home/team/SoftwareDevelopment/ROS2/skinny/install/messages/share/messages/hook/pythonpath.sh'
[2.841s] INFO:colcon.colcon_core.shell:Creating package script '/home/team/SoftwareDevelopment/ROS2/skinny/install/messages/share/messages/package.ps1'
[2.844s] INFO:colcon.colcon_core.shell:Creating package descriptor '/home/team/SoftwareDevelopment/ROS2/skinny/install/messages/share/messages/package.dsv'
[2.847s] INFO:colcon.colcon_core.shell:Creating package script '/home/team/SoftwareDevelopment/ROS2/skinny/install/messages/share/messages/package.sh'
[2.850s] INFO:colcon.colcon_core.shell:Creating package script '/home/team/SoftwareDevelopment/ROS2/skinny/install/messages/share/messages/package.bash'
[2.853s] INFO:colcon.colcon_core.shell:Creating package script '/home/team/SoftwareDevelopment/ROS2/skinny/install/messages/share/messages/package.zsh'
[2.855s] Level 1:colcon.colcon_core.environment:create_file_with_runtime_dependencies(/home/team/SoftwareDevelopment/ROS2/skinny/install/messages/share/colcon-core/packages/messages)
[3.472s] Level 1:colcon.colcon_core.environment:create_environment_scripts_only(messages)
[3.475s] Level 1:colcon.colcon_core.environment:checking '/home/team/SoftwareDevelopment/ROS2/skinny/install/messages' for CMake module files
[3.478s] Level 1:colcon.colcon_core.environment:checking '/home/team/SoftwareDevelopment/ROS2/skinny/install/messages' for CMake config files
[3.481s] Level 1:colcon.colcon_core.shell:create_environment_hook('messages', 'cmake_prefix_path')
[3.483s] INFO:colcon.colcon_core.shell:Creating environment hook '/home/team/SoftwareDevelopment/ROS2/skinny/install/messages/share/messages/hook/cmake_prefix_path.ps1'
[3.486s] INFO:colcon.colcon_core.shell:Creating environment descriptor '/home/team/SoftwareDevelopment/ROS2/skinny/install/messages/share/messages/hook/cmake_prefix_path.dsv'
[3.487s] INFO:colcon.colcon_core.shell:Creating environment hook '/home/team/SoftwareDevelopment/ROS2/skinny/install/messages/share/messages/hook/cmake_prefix_path.sh'
[3.489s] Level 1:colcon.colcon_core.environment:checking '/home/team/SoftwareDevelopment/ROS2/skinny/install/messages/lib'
[3.490s] Level 1:colcon.colcon_core.shell:create_environment_hook('messages', 'ld_library_path_lib')
[3.492s] INFO:colcon.colcon_core.shell:Creating environment hook '/home/team/SoftwareDevelopment/ROS2/skinny/install/messages/share/messages/hook/ld_library_path_lib.ps1'
[3.493s] INFO:colcon.colcon_core.shell:Creating environment descriptor '/home/team/SoftwareDevelopment/ROS2/skinny/install/messages/share/messages/hook/ld_library_path_lib.dsv'
[3.495s] INFO:colcon.colcon_core.shell:Creating environment hook '/home/team/SoftwareDevelopment/ROS2/skinny/install/messages/share/messages/hook/ld_library_path_lib.sh'
[3.496s] Level 1:colcon.colcon_core.environment:checking '/home/team/SoftwareDevelopment/ROS2/skinny/install/messages/bin'
[3.496s] Level 1:colcon.colcon_core.environment:checking '/home/team/SoftwareDevelopment/ROS2/skinny/install/messages/lib/pkgconfig/messages.pc'
[3.496s] Level 1:colcon.colcon_core.environment:checking '/home/team/SoftwareDevelopment/ROS2/skinny/install/messages/lib/python3.8/site-packages'
[3.497s] Level 1:colcon.colcon_core.shell:create_environment_hook('messages', 'pythonpath')
[3.499s] INFO:colcon.colcon_core.shell:Creating environment hook '/home/team/SoftwareDevelopment/ROS2/skinny/install/messages/share/messages/hook/pythonpath.ps1'
[3.500s] INFO:colcon.colcon_core.shell:Creating environment descriptor '/home/team/SoftwareDevelopment/ROS2/skinny/install/messages/share/messages/hook/pythonpath.dsv'
[3.501s] INFO:colcon.colcon_core.shell:Creating environment hook '/home/team/SoftwareDevelopment/ROS2/skinny/install/messages/share/messages/hook/pythonpath.sh'
[3.505s] INFO:colcon.colcon_core.shell:Creating package script '/home/team/SoftwareDevelopment/ROS2/skinny/install/messages/share/messages/package.ps1'
[3.507s] INFO:colcon.colcon_core.shell:Creating package descriptor '/home/team/SoftwareDevelopment/ROS2/skinny/install/messages/share/messages/package.dsv'
[3.510s] INFO:colcon.colcon_core.shell:Creating package script '/home/team/SoftwareDevelopment/ROS2/skinny/install/messages/share/messages/package.sh'
[3.512s] INFO:colcon.colcon_core.shell:Creating package script '/home/team/SoftwareDevelopment/ROS2/skinny/install/messages/share/messages/package.bash'
[3.513s] INFO:colcon.colcon_core.shell:Creating package script '/home/team/SoftwareDevelopment/ROS2/skinny/install/messages/share/messages/package.zsh'
[3.514s] Level 1:colcon.colcon_core.environment:create_file_with_runtime_dependencies(/home/team/SoftwareDevelopment/ROS2/skinny/install/messages/share/colcon-core/packages/messages)
[3.516s] INFO:colcon.colcon_ros.task.ament_cmake.build:Building ROS package in '/home/team/SoftwareDevelopment/ROS2/skinny/src/communication' with build type 'ament_cmake'
[3.516s] INFO:colcon.colcon_cmake.task.cmake.build:Building CMake package in '/home/team/SoftwareDevelopment/ROS2/skinny/src/communication'
[3.519s] INFO:colcon.colcon_core.shell:Skip shell extension 'powershell' for command environment: Not usable outside of PowerShell
[3.519s] DEBUG:colcon.colcon_core.shell:Skip shell extension 'dsv' for command environment
[3.546s] INFO:colcon.colcon_ros.task.ament_cmake.build:Building ROS package in '/home/team/SoftwareDevelopment/ROS2/skinny/src/power_distribution_panel' with build type 'ament_cmake'
[3.547s] INFO:colcon.colcon_cmake.task.cmake.build:Building CMake package in '/home/team/SoftwareDevelopment/ROS2/skinny/src/power_distribution_panel'
[3.550s] INFO:colcon.colcon_core.shell:Skip shell extension 'powershell' for command environment: Not usable outside of PowerShell
[3.550s] DEBUG:colcon.colcon_core.shell:Skip shell extension 'dsv' for command environment
[3.578s] INFO:colcon.colcon_ros.task.ament_cmake.build:Building ROS package in '/home/team/SoftwareDevelopment/ROS2/skinny/src/talon' with build type 'ament_cmake'
[3.579s] INFO:colcon.colcon_cmake.task.cmake.build:Building CMake package in '/home/team/SoftwareDevelopment/ROS2/skinny/src/talon'
[3.582s] INFO:colcon.colcon_core.shell:Skip shell extension 'powershell' for command environment: Not usable outside of PowerShell
[3.582s] DEBUG:colcon.colcon_core.shell:Skip shell extension 'dsv' for command environment
[3.627s] DEBUG:colcon.colcon_core.event_handler.log_command:Invoking command in '/home/team/SoftwareDevelopment/ROS2/skinny/build/communication': AMENT_PREFIX_PATH=/home/team/SoftwareDevelopment/ROS2/skinny/install/messages:${AMENT_PREFIX_PATH} CMAKE_PREFIX_PATH=/home/team/SoftwareDevelopment/ROS2/skinny/install/messages:${CMAKE_PREFIX_PATH} LD_LIBRARY_PATH=/home/team/SoftwareDevelopment/ROS2/skinny/install/messages/lib:${LD_LIBRARY_PATH} PYTHONPATH=/home/team/SoftwareDevelopment/ROS2/skinny/install/messages/lib/python3.8/site-packages:${PYTHONPATH} /usr/bin/cmake --build /home/team/SoftwareDevelopment/ROS2/skinny/build/communication -- -j4 -l4
[3.641s] DEBUG:colcon.colcon_core.event_handler.log_command:Invoking command in '/home/team/SoftwareDevelopment/ROS2/skinny/build/power_distribution_panel': AMENT_PREFIX_PATH=/home/team/SoftwareDevelopment/ROS2/skinny/install/messages:${AMENT_PREFIX_PATH} CMAKE_PREFIX_PATH=/home/team/SoftwareDevelopment/ROS2/skinny/install/messages:${CMAKE_PREFIX_PATH} LD_LIBRARY_PATH=/home/team/SoftwareDevelopment/ROS2/skinny/install/messages/lib:${LD_LIBRARY_PATH} PYTHONPATH=/home/team/SoftwareDevelopment/ROS2/skinny/install/messages/lib/python3.8/site-packages:${PYTHONPATH} /usr/bin/cmake --build /home/team/SoftwareDevelopment/ROS2/skinny/build/power_distribution_panel -- -j4 -l4
[3.674s] DEBUG:colcon.colcon_core.event_handler.log_command:Invoking command in '/home/team/SoftwareDevelopment/ROS2/skinny/build/talon': AMENT_PREFIX_PATH=/home/team/SoftwareDevelopment/ROS2/skinny/install/messages:${AMENT_PREFIX_PATH} CMAKE_PREFIX_PATH=/home/team/SoftwareDevelopment/ROS2/skinny/install/messages:${CMAKE_PREFIX_PATH} LD_LIBRARY_PATH=/home/team/SoftwareDevelopment/ROS2/skinny/install/messages/lib:${LD_LIBRARY_PATH} PYTHONPATH=/home/team/SoftwareDevelopment/ROS2/skinny/install/messages/lib/python3.8/site-packages:${PYTHONPATH} /usr/bin/cmake --build /home/team/SoftwareDevelopment/ROS2/skinny/build/talon -- -j4 -l4
[3.890s] DEBUG:colcon.colcon_core.event_handler.log_command:Invoked command in '/home/team/SoftwareDevelopment/ROS2/skinny/build/power_distribution_panel' returned '0': AMENT_PREFIX_PATH=/home/team/SoftwareDevelopment/ROS2/skinny/install/messages:${AMENT_PREFIX_PATH} CMAKE_PREFIX_PATH=/home/team/SoftwareDevelopment/ROS2/skinny/install/messages:${CMAKE_PREFIX_PATH} LD_LIBRARY_PATH=/home/team/SoftwareDevelopment/ROS2/skinny/install/messages/lib:${LD_LIBRARY_PATH} PYTHONPATH=/home/team/SoftwareDevelopment/ROS2/skinny/install/messages/lib/python3.8/site-packages:${PYTHONPATH} /usr/bin/cmake --build /home/team/SoftwareDevelopment/ROS2/skinny/build/power_distribution_panel -- -j4 -l4
[3.902s] DEBUG:colcon.colcon_core.event_handler.log_command:Invoked command in '/home/team/SoftwareDevelopment/ROS2/skinny/build/communication' returned '0': AMENT_PREFIX_PATH=/home/team/SoftwareDevelopment/ROS2/skinny/install/messages:${AMENT_PREFIX_PATH} CMAKE_PREFIX_PATH=/home/team/SoftwareDevelopment/ROS2/skinny/install/messages:${CMAKE_PREFIX_PATH} LD_LIBRARY_PATH=/home/team/SoftwareDevelopment/ROS2/skinny/install/messages/lib:${LD_LIBRARY_PATH} PYTHONPATH=/home/team/SoftwareDevelopment/ROS2/skinny/install/messages/lib/python3.8/site-packages:${PYTHONPATH} /usr/bin/cmake --build /home/team/SoftwareDevelopment/ROS2/skinny/build/communication -- -j4 -l4
[3.986s] DEBUG:colcon.colcon_core.event_handler.log_command:Invoking command in '/home/team/SoftwareDevelopment/ROS2/skinny/build/power_distribution_panel': AMENT_PREFIX_PATH=/home/team/SoftwareDevelopment/ROS2/skinny/install/messages:${AMENT_PREFIX_PATH} CMAKE_PREFIX_PATH=/home/team/SoftwareDevelopment/ROS2/skinny/install/messages:${CMAKE_PREFIX_PATH} LD_LIBRARY_PATH=/home/team/SoftwareDevelopment/ROS2/skinny/install/messages/lib:${LD_LIBRARY_PATH} PYTHONPATH=/home/team/SoftwareDevelopment/ROS2/skinny/install/messages/lib/python3.8/site-packages:${PYTHONPATH} /usr/bin/cmake --install /home/team/SoftwareDevelopment/ROS2/skinny/build/power_distribution_panel
[4.002s] DEBUG:colcon.colcon_core.event_handler.log_command:Invoking command in '/home/team/SoftwareDevelopment/ROS2/skinny/build/communication': AMENT_PREFIX_PATH=/home/team/SoftwareDevelopment/ROS2/skinny/install/messages:${AMENT_PREFIX_PATH} CMAKE_PREFIX_PATH=/home/team/SoftwareDevelopment/ROS2/skinny/install/messages:${CMAKE_PREFIX_PATH} LD_LIBRARY_PATH=/home/team/SoftwareDevelopment/ROS2/skinny/install/messages/lib:${LD_LIBRARY_PATH} PYTHONPATH=/home/team/SoftwareDevelopment/ROS2/skinny/install/messages/lib/python3.8/site-packages:${PYTHONPATH} /usr/bin/cmake --install /home/team/SoftwareDevelopment/ROS2/skinny/build/communication
[4.033s] Level 1:colcon.colcon_core.environment:create_environment_scripts_only(power_distribution_panel)
[4.037s] Level 1:colcon.colcon_core.environment:checking '/home/team/SoftwareDevelopment/ROS2/skinny/install/power_distribution_panel' for CMake module files
[4.040s] DEBUG:colcon.colcon_core.event_handler.log_command:Invoked command in '/home/team/SoftwareDevelopment/ROS2/skinny/build/power_distribution_panel' returned '0': AMENT_PREFIX_PATH=/home/team/SoftwareDevelopment/ROS2/skinny/install/messages:${AMENT_PREFIX_PATH} CMAKE_PREFIX_PATH=/home/team/SoftwareDevelopment/ROS2/skinny/install/messages:${CMAKE_PREFIX_PATH} LD_LIBRARY_PATH=/home/team/SoftwareDevelopment/ROS2/skinny/install/messages/lib:${LD_LIBRARY_PATH} PYTHONPATH=/home/team/SoftwareDevelopment/ROS2/skinny/install/messages/lib/python3.8/site-packages:${PYTHONPATH} /usr/bin/cmake --install /home/team/SoftwareDevelopment/ROS2/skinny/build/power_distribution_panel
[4.047s] Level 1:colcon.colcon_core.environment:checking '/home/team/SoftwareDevelopment/ROS2/skinny/install/power_distribution_panel' for CMake config files
[4.050s] Level 1:colcon.colcon_core.shell:create_environment_hook('power_distribution_panel', 'cmake_prefix_path')
[4.052s] INFO:colcon.colcon_core.shell:Creating environment hook '/home/team/SoftwareDevelopment/ROS2/skinny/install/power_distribution_panel/share/power_distribution_panel/hook/cmake_prefix_path.ps1'
[4.055s] INFO:colcon.colcon_core.shell:Creating environment descriptor '/home/team/SoftwareDevelopment/ROS2/skinny/install/power_distribution_panel/share/power_distribution_panel/hook/cmake_prefix_path.dsv'
[4.056s] INFO:colcon.colcon_core.shell:Creating environment hook '/home/team/SoftwareDevelopment/ROS2/skinny/install/power_distribution_panel/share/power_distribution_panel/hook/cmake_prefix_path.sh'
[4.058s] Level 1:colcon.colcon_core.environment:checking '/home/team/SoftwareDevelopment/ROS2/skinny/install/power_distribution_panel/bin'
[4.058s] Level 1:colcon.colcon_core.environment:checking '/home/team/SoftwareDevelopment/ROS2/skinny/install/power_distribution_panel/lib/pkgconfig/power_distribution_panel.pc'
[4.059s] Level 1:colcon.colcon_core.environment:checking '/home/team/SoftwareDevelopment/ROS2/skinny/install/power_distribution_panel/lib/python3.8/site-packages'
[4.062s] INFO:colcon.colcon_core.shell:Creating package script '/home/team/SoftwareDevelopment/ROS2/skinny/install/power_distribution_panel/share/power_distribution_panel/package.ps1'
[4.064s] INFO:colcon.colcon_core.shell:Creating package descriptor '/home/team/SoftwareDevelopment/ROS2/skinny/install/power_distribution_panel/share/power_distribution_panel/package.dsv'
[4.065s] INFO:colcon.colcon_core.shell:Creating package script '/home/team/SoftwareDevelopment/ROS2/skinny/install/power_distribution_panel/share/power_distribution_panel/package.sh'
[4.067s] INFO:colcon.colcon_core.shell:Creating package script '/home/team/SoftwareDevelopment/ROS2/skinny/install/power_distribution_panel/share/power_distribution_panel/package.bash'
[4.068s] INFO:colcon.colcon_core.shell:Creating package script '/home/team/SoftwareDevelopment/ROS2/skinny/install/power_distribution_panel/share/power_distribution_panel/package.zsh'
[4.069s] Level 1:colcon.colcon_core.environment:create_file_with_runtime_dependencies(/home/team/SoftwareDevelopment/ROS2/skinny/install/power_distribution_panel/share/colcon-core/packages/power_distribution_panel)
[4.081s] Level 1:colcon.colcon_core.environment:create_environment_scripts_only(communication)
[4.086s] Level 1:colcon.colcon_core.environment:checking '/home/team/SoftwareDevelopment/ROS2/skinny/install/communication' for CMake module files
[4.089s] DEBUG:colcon.colcon_core.event_handler.log_command:Invoked command in '/home/team/SoftwareDevelopment/ROS2/skinny/build/communication' returned '0': AMENT_PREFIX_PATH=/home/team/SoftwareDevelopment/ROS2/skinny/install/messages:${AMENT_PREFIX_PATH} CMAKE_PREFIX_PATH=/home/team/SoftwareDevelopment/ROS2/skinny/install/messages:${CMAKE_PREFIX_PATH} LD_LIBRARY_PATH=/home/team/SoftwareDevelopment/ROS2/skinny/install/messages/lib:${LD_LIBRARY_PATH} PYTHONPATH=/home/team/SoftwareDevelopment/ROS2/skinny/install/messages/lib/python3.8/site-packages:${PYTHONPATH} /usr/bin/cmake --install /home/team/SoftwareDevelopment/ROS2/skinny/build/communication
[4.092s] Level 1:colcon.colcon_core.environment:checking '/home/team/SoftwareDevelopment/ROS2/skinny/install/communication' for CMake config files
[4.093s] Level 1:colcon.colcon_core.shell:create_environment_hook('communication', 'cmake_prefix_path')
[4.096s] INFO:colcon.colcon_core.shell:Creating environment hook '/home/team/SoftwareDevelopment/ROS2/skinny/install/communication/share/communication/hook/cmake_prefix_path.ps1'
[4.098s] INFO:colcon.colcon_core.shell:Creating environment descriptor '/home/team/SoftwareDevelopment/ROS2/skinny/install/communication/share/communication/hook/cmake_prefix_path.dsv'
[4.099s] INFO:colcon.colcon_core.shell:Creating environment hook '/home/team/SoftwareDevelopment/ROS2/skinny/install/communication/share/communication/hook/cmake_prefix_path.sh'
[4.102s] Level 1:colcon.colcon_core.environment:checking '/home/team/SoftwareDevelopment/ROS2/skinny/install/communication/lib'
[4.102s] Level 1:colcon.colcon_core.environment:checking '/home/team/SoftwareDevelopment/ROS2/skinny/install/communication/bin'
[4.103s] Level 1:colcon.colcon_core.environment:checking '/home/team/SoftwareDevelopment/ROS2/skinny/install/communication/lib/pkgconfig/communication.pc'
[4.103s] Level 1:colcon.colcon_core.environment:checking '/home/team/SoftwareDevelopment/ROS2/skinny/install/communication/lib/python3.8/site-packages'
[4.106s] INFO:colcon.colcon_core.shell:Creating package script '/home/team/SoftwareDevelopment/ROS2/skinny/install/communication/share/communication/package.ps1'
[4.108s] INFO:colcon.colcon_core.shell:Creating package descriptor '/home/team/SoftwareDevelopment/ROS2/skinny/install/communication/share/communication/package.dsv'
[4.110s] INFO:colcon.colcon_core.shell:Creating package script '/home/team/SoftwareDevelopment/ROS2/skinny/install/communication/share/communication/package.sh'
[4.113s] INFO:colcon.colcon_core.shell:Creating package script '/home/team/SoftwareDevelopment/ROS2/skinny/install/communication/share/communication/package.bash'
[4.114s] INFO:colcon.colcon_core.shell:Creating package script '/home/team/SoftwareDevelopment/ROS2/skinny/install/communication/share/communication/package.zsh'
[4.116s] Level 1:colcon.colcon_core.environment:create_file_with_runtime_dependencies(/home/team/SoftwareDevelopment/ROS2/skinny/install/communication/share/colcon-core/packages/communication)
[4.163s] Level 1:colcon.colcon_core.environment:create_environment_scripts_only(power_distribution_panel)
[4.167s] Level 1:colcon.colcon_core.environment:checking '/home/team/SoftwareDevelopment/ROS2/skinny/install/power_distribution_panel' for CMake module files
[4.170s] Level 1:colcon.colcon_core.environment:checking '/home/team/SoftwareDevelopment/ROS2/skinny/install/power_distribution_panel' for CMake config files
[4.171s] Level 1:colcon.colcon_core.shell:create_environment_hook('power_distribution_panel', 'cmake_prefix_path')
[4.173s] INFO:colcon.colcon_core.shell:Creating environment hook '/home/team/SoftwareDevelopment/ROS2/skinny/install/power_distribution_panel/share/power_distribution_panel/hook/cmake_prefix_path.ps1'
[4.175s] INFO:colcon.colcon_core.shell:Creating environment descriptor '/home/team/SoftwareDevelopment/ROS2/skinny/install/power_distribution_panel/share/power_distribution_panel/hook/cmake_prefix_path.dsv'
[4.177s] INFO:colcon.colcon_core.shell:Creating environment hook '/home/team/SoftwareDevelopment/ROS2/skinny/install/power_distribution_panel/share/power_distribution_panel/hook/cmake_prefix_path.sh'
[4.179s] Level 1:colcon.colcon_core.environment:checking '/home/team/SoftwareDevelopment/ROS2/skinny/install/power_distribution_panel/bin'
[4.180s] Level 1:colcon.colcon_core.environment:checking '/home/team/SoftwareDevelopment/ROS2/skinny/install/power_distribution_panel/lib/pkgconfig/power_distribution_panel.pc'
[4.180s] Level 1:colcon.colcon_core.environment:checking '/home/team/SoftwareDevelopment/ROS2/skinny/install/power_distribution_panel/lib/python3.8/site-packages'
[4.183s] INFO:colcon.colcon_core.shell:Creating package script '/home/team/SoftwareDevelopment/ROS2/skinny/install/power_distribution_panel/share/power_distribution_panel/package.ps1'
[4.186s] INFO:colcon.colcon_core.shell:Creating package descriptor '/home/team/SoftwareDevelopment/ROS2/skinny/install/power_distribution_panel/share/power_distribution_panel/package.dsv'
[4.189s] INFO:colcon.colcon_core.shell:Creating package script '/home/team/SoftwareDevelopment/ROS2/skinny/install/power_distribution_panel/share/power_distribution_panel/package.sh'
[4.192s] INFO:colcon.colcon_core.shell:Creating package script '/home/team/SoftwareDevelopment/ROS2/skinny/install/power_distribution_panel/share/power_distribution_panel/package.bash'
[4.195s] INFO:colcon.colcon_core.shell:Creating package script '/home/team/SoftwareDevelopment/ROS2/skinny/install/power_distribution_panel/share/power_distribution_panel/package.zsh'
[4.196s] Level 1:colcon.colcon_core.environment:create_file_with_runtime_dependencies(/home/team/SoftwareDevelopment/ROS2/skinny/install/power_distribution_panel/share/colcon-core/packages/power_distribution_panel)
[4.202s] Level 1:colcon.colcon_core.environment:create_environment_scripts_only(communication)
[4.207s] Level 1:colcon.colcon_core.environment:checking '/home/team/SoftwareDevelopment/ROS2/skinny/install/communication' for CMake module files
[4.210s] Level 1:colcon.colcon_core.environment:checking '/home/team/SoftwareDevelopment/ROS2/skinny/install/communication' for CMake config files
[4.211s] Level 1:colcon.colcon_core.shell:create_environment_hook('communication', 'cmake_prefix_path')
[4.213s] INFO:colcon.colcon_core.shell:Creating environment hook '/home/team/SoftwareDevelopment/ROS2/skinny/install/communication/share/communication/hook/cmake_prefix_path.ps1'
[4.215s] INFO:colcon.colcon_core.shell:Creating environment descriptor '/home/team/SoftwareDevelopment/ROS2/skinny/install/communication/share/communication/hook/cmake_prefix_path.dsv'
[4.216s] INFO:colcon.colcon_core.shell:Creating environment hook '/home/team/SoftwareDevelopment/ROS2/skinny/install/communication/share/communication/hook/cmake_prefix_path.sh'
[4.218s] Level 1:colcon.colcon_core.environment:checking '/home/team/SoftwareDevelopment/ROS2/skinny/install/communication/lib'
[4.218s] Level 1:colcon.colcon_core.environment:checking '/home/team/SoftwareDevelopment/ROS2/skinny/install/communication/bin'
[4.219s] Level 1:colcon.colcon_core.environment:checking '/home/team/SoftwareDevelopment/ROS2/skinny/install/communication/lib/pkgconfig/communication.pc'
[4.219s] Level 1:colcon.colcon_core.environment:checking '/home/team/SoftwareDevelopment/ROS2/skinny/install/communication/lib/python3.8/site-packages'
[4.222s] INFO:colcon.colcon_core.shell:Creating package script '/home/team/SoftwareDevelopment/ROS2/skinny/install/communication/share/communication/package.ps1'
[4.224s] INFO:colcon.colcon_core.shell:Creating package descriptor '/home/team/SoftwareDevelopment/ROS2/skinny/install/communication/share/communication/package.dsv'
[4.226s] INFO:colcon.colcon_core.shell:Creating package script '/home/team/SoftwareDevelopment/ROS2/skinny/install/communication/share/communication/package.sh'
[4.227s] INFO:colcon.colcon_core.shell:Creating package script '/home/team/SoftwareDevelopment/ROS2/skinny/install/communication/share/communication/package.bash'
[4.229s] INFO:colcon.colcon_core.shell:Creating package script '/home/team/SoftwareDevelopment/ROS2/skinny/install/communication/share/communication/package.zsh'
[4.230s] Level 1:colcon.colcon_core.environment:create_file_with_runtime_dependencies(/home/team/SoftwareDevelopment/ROS2/skinny/install/communication/share/colcon-core/packages/communication)
[15.662s] DEBUG:colcon.colcon_core.event_handler.log_command:Invoked command in '/home/team/SoftwareDevelopment/ROS2/skinny/build/talon' returned '2': AMENT_PREFIX_PATH=/home/team/SoftwareDevelopment/ROS2/skinny/install/messages:${AMENT_PREFIX_PATH} CMAKE_PREFIX_PATH=/home/team/SoftwareDevelopment/ROS2/skinny/install/messages:${CMAKE_PREFIX_PATH} LD_LIBRARY_PATH=/home/team/SoftwareDevelopment/ROS2/skinny/install/messages/lib:${LD_LIBRARY_PATH} PYTHONPATH=/home/team/SoftwareDevelopment/ROS2/skinny/install/messages/lib/python3.8/site-packages:${PYTHONPATH} /usr/bin/cmake --build /home/team/SoftwareDevelopment/ROS2/skinny/build/talon -- -j4 -l4
[15.735s] Level 1:colcon.colcon_core.environment:create_environment_scripts_only(talon)
[15.739s] Level 1:colcon.colcon_core.environment:checking '/home/team/SoftwareDevelopment/ROS2/skinny/install/talon' for CMake module files
[15.741s] Level 1:colcon.colcon_core.environment:checking '/home/team/SoftwareDevelopment/ROS2/skinny/install/talon' for CMake config files
[15.742s] Level 1:colcon.colcon_core.environment:checking '/home/team/SoftwareDevelopment/ROS2/skinny/install/talon/bin'
[15.742s] Level 1:colcon.colcon_core.environment:checking '/home/team/SoftwareDevelopment/ROS2/skinny/install/talon/lib/pkgconfig/talon.pc'
[15.743s] Level 1:colcon.colcon_core.environment:checking '/home/team/SoftwareDevelopment/ROS2/skinny/install/talon/lib/python3.8/site-packages'
[15.745s] INFO:colcon.colcon_core.shell:Creating package script '/home/team/SoftwareDevelopment/ROS2/skinny/install/talon/share/talon/package.ps1'
[15.748s] INFO:colcon.colcon_core.shell:Creating package descriptor '/home/team/SoftwareDevelopment/ROS2/skinny/install/talon/share/talon/package.dsv'
[15.750s] INFO:colcon.colcon_core.shell:Creating package script '/home/team/SoftwareDevelopment/ROS2/skinny/install/talon/share/talon/package.sh'
[15.752s] INFO:colcon.colcon_core.shell:Creating package script '/home/team/SoftwareDevelopment/ROS2/skinny/install/talon/share/talon/package.bash'
[15.753s] INFO:colcon.colcon_core.shell:Creating package script '/home/team/SoftwareDevelopment/ROS2/skinny/install/talon/share/talon/package.zsh'
[15.754s] Level 1:colcon.colcon_core.environment:create_file_with_runtime_dependencies(/home/team/SoftwareDevelopment/ROS2/skinny/install/talon/share/colcon-core/packages/talon)
[15.766s] DEBUG:colcon.colcon_parallel_executor.executor.parallel:closing loop
[15.767s] DEBUG:colcon.colcon_parallel_executor.executor.parallel:loop closed
[15.767s] DEBUG:colcon.colcon_parallel_executor.executor.parallel:run_until_complete finished with '2'
[15.767s] DEBUG:colcon.colcon_core.event_reactor:joining thread
[15.789s] INFO:colcon.colcon_core.plugin_system:Skipping extension 'colcon_notification.desktop_notification.terminal_notifier': Not used on non-Darwin systems
[15.789s] INFO:colcon.colcon_core.plugin_system:Skipping extension 'colcon_notification.desktop_notification.win32': Not used on non-Windows systems
[15.789s] INFO:colcon.colcon_notification.desktop_notification:Sending desktop notification using 'notify2'
[15.844s] DEBUG:colcon.colcon_core.event_reactor:joined thread
[15.846s] INFO:colcon.colcon_core.shell:Creating prefix script '/home/team/SoftwareDevelopment/ROS2/skinny/install/local_setup.ps1'
[15.851s] INFO:colcon.colcon_core.shell:Creating prefix util module '/home/team/SoftwareDevelopment/ROS2/skinny/install/_local_setup_util_ps1.py'
[15.856s] INFO:colcon.colcon_core.shell:Creating prefix chain script '/home/team/SoftwareDevelopment/ROS2/skinny/install/setup.ps1'
[15.866s] INFO:colcon.colcon_core.shell:Creating prefix script '/home/team/SoftwareDevelopment/ROS2/skinny/install/local_setup.sh'
[15.868s] INFO:colcon.colcon_core.shell:Creating prefix util module '/home/team/SoftwareDevelopment/ROS2/skinny/install/_local_setup_util_sh.py'
[15.871s] INFO:colcon.colcon_core.shell:Creating prefix chain script '/home/team/SoftwareDevelopment/ROS2/skinny/install/setup.sh'
[15.880s] INFO:colcon.colcon_core.shell:Creating prefix script '/home/team/SoftwareDevelopment/ROS2/skinny/install/local_setup.bash'
[15.882s] INFO:colcon.colcon_core.shell:Creating prefix chain script '/home/team/SoftwareDevelopment/ROS2/skinny/install/setup.bash'
[15.891s] INFO:colcon.colcon_core.shell:Creating prefix script '/home/team/SoftwareDevelopment/ROS2/skinny/install/local_setup.zsh'
[15.892s] INFO:colcon.colcon_core.shell:Creating prefix chain script '/home/team/SoftwareDevelopment/ROS2/skinny/install/setup.zsh'
