[0.113s] Invoking command in '/home/team/SoftwareDevelopment/ROS2/skinny/build/zed_tracking': CMAKE_PREFIX_PATH=/home/team/SoftwareDevelopment/ROS2/skinny/install/messages:/home/team/SoftwareDevelopment/ROS2/skinny/install/zed_tracking:/home/team/SoftwareDevelopment/ROS2/skinny/install/talon:/home/team/SoftwareDevelopment/ROS2/skinny/install/power_distribution_panel:/home/team/SoftwareDevelopment/ROS2/skinny/install/logic:/home/team/SoftwareDevelopment/ROS2/skinny/install/communication:/home/team/SoftwareDevelopment/ROS2/skinny/install/autonomy:/home/team/SoftwareDevelopment/ROS2/skinny/src/install/zed_tracking:/home/team/SoftwareDevelopment/ROS2/skinny/src/install/talon:/home/team/SoftwareDevelopment/ROS2/skinny/src/install/power_distribution_panel:/home/team/SoftwareDevelopment/ROS2/skinny/src/install/logic:/home/team/SoftwareDevelopment/ROS2/skinny/src/install/communication:/home/team/SoftwareDevelopment/ROS2/skinny/src/install/autonomy:/home/team/SoftwareDevelopment/ROS2/skinny/src/install/messages:/home/team/SoftwareDevelopment/ROS2/skinny/install/excavation:/home/team/SoftwareDevelopment/ROS2/skinny/src/install/excavation:/opt/ros/eloquent /usr/bin/cmake --build /home/team/SoftwareDevelopment/ROS2/skinny/build/zed_tracking -- -j4 -l4
[0.277s] [35m[1mScanning dependencies of target zed_tracking_node[0m
[0.404s] [ 33%] [32mBuilding CXX object CMakeFiles/zed_tracking_node.dir/src/zed_tracking_node.cpp.o[0m
[0.787s] In file included from [01m[K/home/team/SoftwareDevelopment/ROS2/skinny/src/zed_tracking/src/zed_tracking_node.cpp:4:0[m[K:
[0.788s] [01m[K/usr/local/zed/include/sl/Camera.hpp:94:2:[m[K [01;35m[Kwarning: [m[K#warning ("'Debug' builds are not supported since this library was built in 'Release', 'RelWithDebInfo' should be preferred to avoid crashes and memory issues") [[01;35m[K-Wcpp[m[K]
[0.791s]  #[01;35m[Kwarning[m[K("'Debug' builds are not supported since this library was built in 'Release', 'RelWithDebInfo' should be preferred to avoid crashes and memory issues")
[0.792s]   [01;35m[K^~~~~~~[m[K
[8.654s] In file included from [01m[K/home/team/SoftwareDevelopment/ROS2/skinny/src/zed_tracking/src/zed_tracking_node.cpp:4:0[m[K:
[8.655s] [01m[K/usr/local/zed/include/sl/Camera.hpp:[m[K In destructor ‘[01m[Ksl::CameraInformation::~CameraInformation()[m[K’:
[8.657s] [01m[K/usr/local/zed/include/sl/Camera.hpp:3201:12:[m[K [01;35m[Kwarning: [m[K‘[01m[Ksl::CameraInformation::calibration_parameters[m[K’ is deprecated: Use camera_configuration.calibration_parameters instead [[01;35m[K-Wdeprecated-declarations[m[K]
[8.658s]      struct [01;35m[KCameraInformation[m[K {
[8.658s]             [01;35m[K^~~~~~~~~~~~~~~~~[m[K
[8.659s] [01m[K/usr/local/zed/include/sl/Camera.hpp:3209:104:[m[K [01;36m[Knote: [m[Kdeclared here
[8.660s]          SL_DEPRECATED("Use camera_configuration.calibration_parameters instead") CalibrationParameters [01;36m[Kcalibration_parameters[m[K; /**< \deprecated see CameraConfiguration::calibration_parameters, Intrinsic and Extrinsic stereo parameters for rectified/undistorded images (default).*/
[8.661s]                                                                                                         [01;36m[K^~~~~~~~~~~~~~~~~~~~~~[m[K
[8.661s] [01m[K/usr/local/zed/include/sl/Camera.hpp:3201:12:[m[K [01;35m[Kwarning: [m[K‘[01m[Ksl::CameraInformation::calibration_parameters[m[K’ is deprecated: Use camera_configuration.calibration_parameters instead [[01;35m[K-Wdeprecated-declarations[m[K]
[8.662s]      struct [01;35m[KCameraInformation[m[K {
[8.663s]             [01;35m[K^~~~~~~~~~~~~~~~~[m[K
[8.663s] [01m[K/usr/local/zed/include/sl/Camera.hpp:3209:104:[m[K [01;36m[Knote: [m[Kdeclared here
[8.664s]          SL_DEPRECATED("Use camera_configuration.calibration_parameters instead") CalibrationParameters [01;36m[Kcalibration_parameters[m[K; /**< \deprecated see CameraConfiguration::calibration_parameters, Intrinsic and Extrinsic stereo parameters for rectified/undistorded images (default).*/
[8.665s]                                                                                                         [01;36m[K^~~~~~~~~~~~~~~~~~~~~~[m[K
[8.665s] [01m[K/usr/local/zed/include/sl/Camera.hpp:3201:12:[m[K [01;35m[Kwarning: [m[K‘[01m[Ksl::CameraInformation::calibration_parameters_raw[m[K’ is deprecated: Use camera_configuration.calibration_parameters_raw instead [[01;35m[K-Wdeprecated-declarations[m[K]
[8.666s]      struct [01;35m[KCameraInformation[m[K {
[8.667s]             [01;35m[K^~~~~~~~~~~~~~~~~[m[K
[8.668s] [01m[K/usr/local/zed/include/sl/Camera.hpp:3210:108:[m[K [01;36m[Knote: [m[Kdeclared here
[8.669s]        SL_DEPRECATED("Use camera_configuration.calibration_parameters_raw instead") CalibrationParameters [01;36m[Kcalibration_parameters_raw[m[K; /**< \deprecated see CameraConfiguration::calibration_parameters_raw, Intrinsic and Extrinsic stereo parameters for original images (unrectified/distorded).*/
[8.669s]                                                                                                           [01;36m[K^~~~~~~~~~~~~~~~~~~~~~~~~~[m[K
[8.670s] [01m[K/usr/local/zed/include/sl/Camera.hpp:3201:12:[m[K [01;35m[Kwarning: [m[K‘[01m[Ksl::CameraInformation::calibration_parameters_raw[m[K’ is deprecated: Use camera_configuration.calibration_parameters_raw instead [[01;35m[K-Wdeprecated-declarations[m[K]
[8.671s]      struct [01;35m[KCameraInformation[m[K {
[8.672s]             [01;35m[K^~~~~~~~~~~~~~~~~[m[K
[8.672s] [01m[K/usr/local/zed/include/sl/Camera.hpp:3210:108:[m[K [01;36m[Knote: [m[Kdeclared here
[8.673s]        SL_DEPRECATED("Use camera_configuration.calibration_parameters_raw instead") CalibrationParameters [01;36m[Kcalibration_parameters_raw[m[K; /**< \deprecated see CameraConfiguration::calibration_parameters_raw, Intrinsic and Extrinsic stereo parameters for original images (unrectified/distorded).*/
[8.674s]                                                                                                           [01;36m[K^~~~~~~~~~~~~~~~~~~~~~~~~~[m[K
[8.675s] [01m[K/usr/local/zed/include/sl/Camera.hpp:3201:12:[m[K [01;35m[Kwarning: [m[K‘[01m[Ksl::CameraInformation::camera_imu_transform[m[K’ is deprecated: Use sensors_configuration.camera_imu_transform instead [[01;35m[K-Wdeprecated-declarations[m[K]
[8.675s]      struct [01;35m[KCameraInformation[m[K {
[8.676s]             [01;35m[K^~~~~~~~~~~~~~~~~[m[K
[8.677s] [01m[K/usr/local/zed/include/sl/Camera.hpp:3211:95:[m[K [01;36m[Knote: [m[Kdeclared here
[8.678s]          SL_DEPRECATED("Use sensors_configuration.camera_imu_transform instead") sl::Transform [01;36m[Kcamera_imu_transform[m[K; /**< \deprecated see SensorsConfiguration::camera_imu_transform, IMU to Left camera transform matrix, that contains rotation and translation between IMU frame and camera frame.*/
[8.679s]                                                                                                [01;36m[K^~~~~~~~~~~~~~~~~~~~[m[K
[8.680s] [01m[K/usr/local/zed/include/sl/Camera.hpp:3201:12:[m[K [01;35m[Kwarning: [m[K‘[01m[Ksl::CameraInformation::camera_imu_transform[m[K’ is deprecated: Use sensors_configuration.camera_imu_transform instead [[01;35m[K-Wdeprecated-declarations[m[K]
[8.681s]      struct [01;35m[KCameraInformation[m[K {
[8.681s]             [01;35m[K^~~~~~~~~~~~~~~~~[m[K
[8.682s] [01m[K/usr/local/zed/include/sl/Camera.hpp:3211:95:[m[K [01;36m[Knote: [m[Kdeclared here
[8.682s]          SL_DEPRECATED("Use sensors_configuration.camera_imu_transform instead") sl::Transform [01;36m[Kcamera_imu_transform[m[K; /**< \deprecated see SensorsConfiguration::camera_imu_transform, IMU to Left camera transform matrix, that contains rotation and translation between IMU frame and camera frame.*/
[8.683s]                                                                                                [01;36m[K^~~~~~~~~~~~~~~~~~~~[m[K
[8.683s] [01m[K/home/team/SoftwareDevelopment/ROS2/skinny/src/zed_tracking/src/zed_tracking_node.cpp:[m[K In function ‘[01m[Kint main(int, char**)[m[K’:
[8.684s] [01m[K/home/team/SoftwareDevelopment/ROS2/skinny/src/zed_tracking/src/zed_tracking_node.cpp:45:48:[m[K [01;36m[Knote: [m[Ksynthesized method ‘[01m[Ksl::CameraInformation::~CameraInformation()[m[K’ first required here 
[8.684s]      auto cameraInfo = zed.getCameraInformation([01;36m[K)[m[K;
[8.685s] 
[8.685s]                                                 [01;36m[K^[m[K
[8.686s] In file included from [01m[K/home/team/SoftwareDevelopment/ROS2/skinny/src/zed_tracking/src/zed_tracking_node.cpp:4:0[m[K:
[8.686s] [01m[K/usr/local/zed/include/sl/Camera.hpp:[m[K In constructor ‘[01m[Ksl::CalibrationParameters::CalibrationParameters(sl::CalibrationParameters&&)[m[K’:
[8.687s] [01m[K/usr/local/zed/include/sl/Camera.hpp:3121:59:[m[K [01;35m[Kwarning: [m[K‘[01m[Ksl::CalibrationParameters::R[m[K’ is deprecated: Use stereo_transform.getRotationMatrix instead [[01;35m[K-Wdeprecated-declarations[m[K]
[8.687s]      struct /*@cond SHOWHIDDEN*/SL_CORE_EXPORT/*@endcond*/ [01;35m[KCalibrationParameters[m[K {
[8.688s]                                                            [01;35m[K^~~~~~~~~~~~~~~~~~~~~[m[K
[8.688s] [01m[K/usr/local/zed/include/sl/Camera.hpp:3129:80:[m[K [01;36m[Knote: [m[Kdeclared here
[8.689s]          SL_DEPRECATED("Use stereo_transform.getRotationMatrix instead") float3 [01;36m[KR[m[K; /**< \deprecated see stereo_transform, Rotation on its own (using Rodrigues' transformation) of the right sensor. The left is considered as the reference. Defined as 'tilt', 'convergence' and 'roll'. Using a \ref Rotation, you can use \ref Rotation::setRotationVector(R) to convert into other representations.*/
[8.689s]                                                                                 [01;36m[K^[m[K
[8.690s] [01m[K/usr/local/zed/include/sl/Camera.hpp:3121:59:[m[K [01;35m[Kwarning: [m[K‘[01m[Ksl::CalibrationParameters::R[m[K’ is deprecated: Use stereo_transform.getRotationMatrix instead [[01;35m[K-Wdeprecated-declarations[m[K]
[8.690s]      struct /*@cond SHOWHIDDEN*/SL_CORE_EXPORT/*@endcond*/ [01;35m[KCalibrationParameters[m[K {
[8.691s]                                                            [01;35m[K^~~~~~~~~~~~~~~~~~~~~[m[K
[8.691s] [01m[K/usr/local/zed/include/sl/Camera.hpp:3129:80:[m[K [01;36m[Knote: [m[Kdeclared here
[8.692s]          SL_DEPRECATED("Use stereo_transform.getRotationMatrix instead") float3 [01;36m[KR[m[K; /**< \deprecated see stereo_transform, Rotation on its own (using Rodrigues' transformation) of the right sensor. The left is considered as the reference. Defined as 'tilt', 'convergence' and 'roll'. Using a \ref Rotation, you can use \ref Rotation::setRotationVector(R) to convert into other representations.*/
[8.692s]                                                                                 [01;36m[K^[m[K
[8.693s] [01m[K/usr/local/zed/include/sl/Camera.hpp:3121:59:[m[K [01;35m[Kwarning: [m[K‘[01m[Ksl::CalibrationParameters::T[m[K’ is deprecated: Use stereo_transform.getTranslation instead [[01;35m[K-Wdeprecated-declarations[m[K]
[8.693s]      struct /*@cond SHOWHIDDEN*/SL_CORE_EXPORT/*@endcond*/ [01;35m[KCalibrationParameters[m[K {
[8.694s]                                                            [01;35m[K^~~~~~~~~~~~~~~~~~~~~[m[K
[8.694s] [01m[K/usr/local/zed/include/sl/Camera.hpp:3130:77:[m[K [01;36m[Knote: [m[Kdeclared here
[8.695s]          SL_DEPRECATED("Use stereo_transform.getTranslation instead") float3 [01;36m[KT[m[K; /**< \deprecated see stereo_transform,  Translation between the two sensors. T.x is the distance between the two cameras (baseline) in the sl::UNIT chosen during sl::Camera::open (mm, cm, meters, inches...).*/
[8.695s]                                                                              [01;36m[K^[m[K
[8.696s] [01m[K/usr/local/zed/include/sl/Camera.hpp:3121:59:[m[K [01;35m[Kwarning: [m[K‘[01m[Ksl::CalibrationParameters::T[m[K’ is deprecated: Use stereo_transform.getTranslation instead [[01;35m[K-Wdeprecated-declarations[m[K]
[8.696s]      struct /*@cond SHOWHIDDEN*/SL_CORE_EXPORT/*@endcond*/ [01;35m[KCalibrationParameters[m[K {
[8.697s]                                                            [01;35m[K^~~~~~~~~~~~~~~~~~~~~[m[K
[8.697s] [01m[K/usr/local/zed/include/sl/Camera.hpp:3130:77:[m[K [01;36m[Knote: [m[Kdeclared here
[8.698s]          SL_DEPRECATED("Use stereo_transform.getTranslation instead") float3 [01;36m[KT[m[K; /**< \deprecated see stereo_transform,  Translation between the two sensors. T.x is the distance between the two cameras (baseline) in the sl::UNIT chosen during sl::Camera::open (mm, cm, meters, inches...).*/
[8.698s]                                                                              [01;36m[K^[m[K
[8.699s] [01m[K/usr/local/zed/include/sl/Camera.hpp:[m[K In constructor ‘[01m[Ksl::CameraConfiguration::CameraConfiguration(sl::CameraConfiguration&&)[m[K’:
[8.699s] [01m[K/usr/local/zed/include/sl/Camera.hpp:3184:12:[m[K [01;36m[Knote: [m[Ksynthesized method ‘[01m[Ksl::CalibrationParameters::CalibrationParameters(sl::CalibrationParameters&&)[m[K’ first required here 
[8.700s]      struct [01;36m[KCameraConfiguration[m[K {
[8.700s]             [01;36m[K^~~~~~~~~~~~~~~~~~~[m[K
[8.701s] [01m[K/usr/local/zed/include/sl/Camera.hpp:[m[K In constructor ‘[01m[Ksl::CameraInformation::CameraInformation(sl::CameraInformation&&)[m[K’:
[8.701s] [01m[K/usr/local/zed/include/sl/Camera.hpp:3201:12:[m[K [01;36m[Knote: [m[Ksynthesized method ‘[01m[Ksl::CameraConfiguration::CameraConfiguration(sl::CameraConfiguration&&)[m[K’ first required here 
[8.702s]      struct [01;36m[KCameraInformation[m[K {
[8.702s]             [01;36m[K^~~~~~~~~~~~~~~~~[m[K
[8.703s] [01m[K/usr/local/zed/include/sl/Camera.hpp:3201:12:[m[K [01;35m[Kwarning: [m[K‘[01m[Ksl::CameraInformation::calibration_parameters[m[K’ is deprecated: Use camera_configuration.calibration_parameters instead [[01;35m[K-Wdeprecated-declarations[m[K]
[8.703s] [01m[K/usr/local/zed/include/sl/Camera.hpp:3209:104:[m[K [01;36m[Knote: [m[Kdeclared here
[8.704s]          SL_DEPRECATED("Use camera_configuration.calibration_parameters instead") CalibrationParameters [01;36m[Kcalibration_parameters[m[K; /**< \deprecated see CameraConfiguration::calibration_parameters, Intrinsic and Extrinsic stereo parameters for rectified/undistorded images (default).*/
[8.704s]                                                                                                         [01;36m[K^~~~~~~~~~~~~~~~~~~~~~[m[K
[8.705s] [01m[K/usr/local/zed/include/sl/Camera.hpp:3201:12:[m[K [01;35m[Kwarning: [m[K‘[01m[Ksl::CameraInformation::calibration_parameters[m[K’ is deprecated: Use camera_configuration.calibration_parameters instead [[01;35m[K-Wdeprecated-declarations[m[K]
[8.705s]      struct [01;35m[KCameraInformation[m[K {
[8.706s]             [01;35m[K^~~~~~~~~~~~~~~~~[m[K
[8.706s] [01m[K/usr/local/zed/include/sl/Camera.hpp:3209:104:[m[K [01;36m[Knote: [m[Kdeclared here
[8.707s]          SL_DEPRECATED("Use camera_configuration.calibration_parameters instead") CalibrationParameters [01;36m[Kcalibration_parameters[m[K; /**< \deprecated see CameraConfiguration::calibration_parameters, Intrinsic and Extrinsic stereo parameters for rectified/undistorded images (default).*/
[8.707s]                                                                                                         [01;36m[K^~~~~~~~~~~~~~~~~~~~~~[m[K
[8.708s] [01m[K/usr/local/zed/include/sl/Camera.hpp:3201:12:[m[K [01;35m[Kwarning: [m[K‘[01m[Ksl::CameraInformation::calibration_parameters[m[K’ is deprecated: Use camera_configuration.calibration_parameters instead [[01;35m[K-Wdeprecated-declarations[m[K]
[8.708s]      struct [01;35m[KCameraInformation[m[K {
[8.709s]             [01;35m[K^~~~~~~~~~~~~~~~~[m[K
[8.709s] [01m[K/usr/local/zed/include/sl/Camera.hpp:3209:104:[m[K [01;36m[Knote: [m[Kdeclared here
[8.710s]          SL_DEPRECATED("Use camera_configuration.calibration_parameters instead") CalibrationParameters [01;36m[Kcalibration_parameters[m[K; /**< \deprecated see CameraConfiguration::calibration_parameters, Intrinsic and Extrinsic stereo parameters for rectified/undistorded images (default).*/
[8.710s]                                                                                                         [01;36m[K^~~~~~~~~~~~~~~~~~~~~~[m[K
[8.711s] [01m[K/usr/local/zed/include/sl/Camera.hpp:3201:12:[m[K [01;35m[Kwarning: [m[K‘[01m[Ksl::CameraInformation::calibration_parameters[m[K’ is deprecated: Use camera_configuration.calibration_parameters instead [[01;35m[K-Wdeprecated-declarations[m[K]
[8.711s]      struct [01;35m[KCameraInformation[m[K {
[8.712s]             [01;35m[K^~~~~~~~~~~~~~~~~[m[K
[8.712s] [01m[K/usr/local/zed/include/sl/Camera.hpp:3209:104:[m[K [01;36m[Knote: [m[Kdeclared here
[8.713s]          SL_DEPRECATED("Use camera_configuration.calibration_parameters instead") CalibrationParameters [01;36m[Kcalibration_parameters[m[K; /**< \deprecated see CameraConfiguration::calibration_parameters, Intrinsic and Extrinsic stereo parameters for rectified/undistorded images (default).*/
[8.713s]                                                                                                         [01;36m[K^~~~~~~~~~~~~~~~~~~~~~[m[K
[8.714s] [01m[K/usr/local/zed/include/sl/Camera.hpp:3201:12:[m[K [01;35m[Kwarning: [m[K‘[01m[Ksl::CameraInformation::calibration_parameters_raw[m[K’ is deprecated: Use camera_configuration.calibration_parameters_raw instead [[01;35m[K-Wdeprecated-declarations[m[K]
[8.714s]      struct [01;35m[KCameraInformation[m[K {
[8.715s]             [01;35m[K^~~~~~~~~~~~~~~~~[m[K
[8.715s] [01m[K/usr/local/zed/include/sl/Camera.hpp:3210:108:[m[K [01;36m[Knote: [m[Kdeclared here
[8.716s]        SL_DEPRECATED("Use camera_configuration.calibration_parameters_raw instead") CalibrationParameters [01;36m[Kcalibration_parameters_raw[m[K; /**< \deprecated see CameraConfiguration::calibration_parameters_raw, Intrinsic and Extrinsic stereo parameters for original images (unrectified/distorded).*/
[8.716s]                                                                                                           [01;36m[K^~~~~~~~~~~~~~~~~~~~~~~~~~[m[K
[8.717s] [01m[K/usr/local/zed/include/sl/Camera.hpp:3201:12:[m[K [01;35m[Kwarning: [m[K‘[01m[Ksl::CameraInformation::calibration_parameters_raw[m[K’ is deprecated: Use camera_configuration.calibration_parameters_raw instead [[01;35m[K-Wdeprecated-declarations[m[K]
[8.717s]      struct [01;35m[KCameraInformation[m[K {
[8.718s]             [01;35m[K^~~~~~~~~~~~~~~~~[m[K
[8.718s] [01m[K/usr/local/zed/include/sl/Camera.hpp:3210:108:[m[K [01;36m[Knote: [m[Kdeclared here
[8.719s]        SL_DEPRECATED("Use camera_configuration.calibration_parameters_raw instead") CalibrationParameters [01;36m[Kcalibration_parameters_raw[m[K; /**< \deprecated see CameraConfiguration::calibration_parameters_raw, Intrinsic and Extrinsic stereo parameters for original images (unrectified/distorded).*/
[8.719s]                                                                                                           [01;36m[K^~~~~~~~~~~~~~~~~~~~~~~~~~[m[K
[8.720s] [01m[K/usr/local/zed/include/sl/Camera.hpp:3201:12:[m[K [01;35m[Kwarning: [m[K‘[01m[Ksl::CameraInformation::calibration_parameters_raw[m[K’ is deprecated: Use camera_configuration.calibration_parameters_raw instead [[01;35m[K-Wdeprecated-declarations[m[K]
[8.720s]      struct [01;35m[KCameraInformation[m[K {
[8.721s]             [01;35m[K^~~~~~~~~~~~~~~~~[m[K
[8.721s] [01m[K/usr/local/zed/include/sl/Camera.hpp:3210:108:[m[K [01;36m[Knote: [m[Kdeclared here
[8.722s]        SL_DEPRECATED("Use camera_configuration.calibration_parameters_raw instead") CalibrationParameters [01;36m[Kcalibration_parameters_raw[m[K; /**< \deprecated see CameraConfiguration::calibration_parameters_raw, Intrinsic and Extrinsic stereo parameters for original images (unrectified/distorded).*/
[8.722s]                                                                                                           [01;36m[K^~~~~~~~~~~~~~~~~~~~~~~~~~[m[K
[8.723s] [01m[K/usr/local/zed/include/sl/Camera.hpp:3201:12:[m[K [01;35m[Kwarning: [m[K‘[01m[Ksl::CameraInformation::calibration_parameters_raw[m[K’ is deprecated: Use camera_configuration.calibration_parameters_raw instead [[01;35m[K-Wdeprecated-declarations[m[K]
[8.723s]      struct [01;35m[KCameraInformation[m[K {
[8.724s]             [01;35m[K^~~~~~~~~~~~~~~~~[m[K
[8.724s] [01m[K/usr/local/zed/include/sl/Camera.hpp:3210:108:[m[K [01;36m[Knote: [m[Kdeclared here
[8.725s]        SL_DEPRECATED("Use camera_configuration.calibration_parameters_raw instead") CalibrationParameters [01;36m[Kcalibration_parameters_raw[m[K; /**< \deprecated see CameraConfiguration::calibration_parameters_raw, Intrinsic and Extrinsic stereo parameters for original images (unrectified/distorded).*/
[8.725s]                                                                                                           [01;36m[K^~~~~~~~~~~~~~~~~~~~~~~~~~[m[K
[8.726s] [01m[K/usr/local/zed/include/sl/Camera.hpp:3201:12:[m[K [01;35m[Kwarning: [m[K‘[01m[Ksl::CameraInformation::camera_imu_transform[m[K’ is deprecated: Use sensors_configuration.camera_imu_transform instead [[01;35m[K-Wdeprecated-declarations[m[K]
[8.726s]      struct [01;35m[KCameraInformation[m[K {
[8.727s]             [01;35m[K^~~~~~~~~~~~~~~~~[m[K
[8.727s] [01m[K/usr/local/zed/include/sl/Camera.hpp:3211:95:[m[K [01;36m[Knote: [m[Kdeclared here
[8.728s]          SL_DEPRECATED("Use sensors_configuration.camera_imu_transform instead") sl::Transform [01;36m[Kcamera_imu_transform[m[K; /**< \deprecated see SensorsConfiguration::camera_imu_transform, IMU to Left camera transform matrix, that contains rotation and translation between IMU frame and camera frame.*/
[8.728s]                                                                                                [01;36m[K^~~~~~~~~~~~~~~~~~~~[m[K
[8.729s] [01m[K/usr/local/zed/include/sl/Camera.hpp:3201:12:[m[K [01;35m[Kwarning: [m[K‘[01m[Ksl::CameraInformation::camera_imu_transform[m[K’ is deprecated: Use sensors_configuration.camera_imu_transform instead [[01;35m[K-Wdeprecated-declarations[m[K]
[8.729s]      struct [01;35m[KCameraInformation[m[K {
[8.730s]             [01;35m[K^~~~~~~~~~~~~~~~~[m[K
[8.730s] [01m[K/usr/local/zed/include/sl/Camera.hpp:3211:95:[m[K [01;36m[Knote: [m[Kdeclared here
[8.731s]          SL_DEPRECATED("Use sensors_configuration.camera_imu_transform instead") sl::Transform [01;36m[Kcamera_imu_transform[m[K; /**< \deprecated see SensorsConfiguration::camera_imu_transform, IMU to Left camera transform matrix, that contains rotation and translation between IMU frame and camera frame.*/
[8.731s]                                                                                                [01;36m[K^~~~~~~~~~~~~~~~~~~~[m[K
[8.732s] [01m[K/usr/local/zed/include/sl/Camera.hpp:3201:12:[m[K [01;35m[Kwarning: [m[K‘[01m[Ksl::CameraInformation::camera_imu_transform[m[K’ is deprecated: Use sensors_configuration.camera_imu_transform instead [[01;35m[K-Wdeprecated-declarations[m[K]
[8.732s]      struct [01;35m[KCameraInformation[m[K {
[8.733s]             [01;35m[K^~~~~~~~~~~~~~~~~[m[K
[8.733s] [01m[K/usr/local/zed/include/sl/Camera.hpp:3211:95:[m[K [01;36m[Knote: [m[Kdeclared here
[8.734s]          SL_DEPRECATED("Use sensors_configuration.camera_imu_transform instead") sl::Transform [01;36m[Kcamera_imu_transform[m[K; /**< \deprecated see SensorsConfiguration::camera_imu_transform, IMU to Left camera transform matrix, that contains rotation and translation between IMU frame and camera frame.*/
[8.734s]                                                                                                [01;36m[K^~~~~~~~~~~~~~~~~~~~[m[K
[8.735s] [01m[K/usr/local/zed/include/sl/Camera.hpp:3201:12:[m[K [01;35m[Kwarning: [m[K‘[01m[Ksl::CameraInformation::camera_imu_transform[m[K’ is deprecated: Use sensors_configuration.camera_imu_transform instead [[01;35m[K-Wdeprecated-declarations[m[K]
[8.735s]      struct [01;35m[KCameraInformation[m[K {
[8.736s]             [01;35m[K^~~~~~~~~~~~~~~~~[m[K
[8.737s] [01m[K/usr/local/zed/include/sl/Camera.hpp:3211:95:[m[K [01;36m[Knote: [m[Kdeclared here
[8.737s]          SL_DEPRECATED("Use sensors_configuration.camera_imu_transform instead") sl::Transform [01;36m[Kcamera_imu_transform[m[K; /**< \deprecated see SensorsConfiguration::camera_imu_transform, IMU to Left camera transform matrix, that contains rotation and translation between IMU frame and camera frame.*/
[8.738s]                                                                                                [01;36m[K^~~~~~~~~~~~~~~~~~~~[m[K
[8.738s] [01m[K/usr/local/zed/include/sl/Camera.hpp:3201:12:[m[K [01;35m[Kwarning: [m[K‘[01m[Ksl::CameraInformation::camera_firmware_version[m[K’ is deprecated: Use camera_configuration.firmware_version instead [[01;35m[K-Wdeprecated-declarations[m[K]
[8.739s]      struct [01;35m[KCameraInformation[m[K {
[8.739s]             [01;35m[K^~~~~~~~~~~~~~~~~[m[K
[8.740s] [01m[K/usr/local/zed/include/sl/Camera.hpp:3212:115:[m[K [01;36m[Knote: [m[Kdeclared here
[8.740s]  L_DEPRECATED("Use camera_configuration.firmware_version instead") unsigned int camera_firmware_version = [01;36m[K0[m[K; /**< \deprecated CameraConfiguration::firmware_version, Firmware version of the camera.*/
[8.741s]                                                                                                           [01;36m[K^[m[K
[8.741s] [01m[K/usr/local/zed/include/sl/Camera.hpp:3201:12:[m[K [01;35m[Kwarning: [m[K‘[01m[Ksl::CameraInformation::camera_firmware_version[m[K’ is deprecated: Use camera_configuration.firmware_version instead [[01;35m[K-Wdeprecated-declarations[m[K]
[8.742s]      struct [01;35m[KCameraInformation[m[K {
[8.742s]             [01;35m[K^~~~~~~~~~~~~~~~~[m[K
[8.743s] [01m[K/usr/local/zed/include/sl/Camera.hpp:3212:115:[m[K [01;36m[Knote: [m[Kdeclared here
[8.743s]  L_DEPRECATED("Use camera_configuration.firmware_version instead") unsigned int camera_firmware_version = [01;36m[K0[m[K; /**< \deprecated CameraConfiguration::firmware_version, Firmware version of the camera.*/
[8.744s]                                                                                                           [01;36m[K^[m[K
[8.744s] [01m[K/usr/local/zed/include/sl/Camera.hpp:3201:12:[m[K [01;35m[Kwarning: [m[K‘[01m[Ksl::CameraInformation::sensors_firmware_version[m[K’ is deprecated: Use sensors_configuration.firmware_version instead [[01;35m[K-Wdeprecated-declarations[m[K]
[8.745s]      struct [01;35m[KCameraInformation[m[K {
[8.745s]             [01;35m[K^~~~~~~~~~~~~~~~~[m[K
[8.746s] [01m[K/usr/local/zed/include/sl/Camera.hpp:3213:117:[m[K [01;36m[Knote: [m[Kdeclared here
[8.746s]  DEPRECATED("Use sensors_configuration.firmware_version instead") unsigned int sensors_firmware_version = [01;36m[K0[m[K; /**< \deprecated see SensorsConfiguration::firmware_version, Firmware version of the sensors of ZED-M or ZED2.*/
[8.747s]                                                                                                           [01;36m[K^[m[K
[8.747s] [01m[K/usr/local/zed/include/sl/Camera.hpp:3201:12:[m[K [01;35m[Kwarning: [m[K‘[01m[Ksl::CameraInformation::sensors_firmware_version[m[K’ is deprecated: Use sensors_configuration.firmware_version instead [[01;35m[K-Wdeprecated-declarations[m[K]
[8.748s]      struct [01;35m[KCameraInformation[m[K {
[8.749s]             [01;35m[K^~~~~~~~~~~~~~~~~[m[K
[8.749s] [01m[K/usr/local/zed/include/sl/Camera.hpp:3213:117:[m[K [01;36m[Knote: [m[Kdeclared here
[8.750s]  DEPRECATED("Use sensors_configuration.firmware_version instead") unsigned int sensors_firmware_version = [01;36m[K0[m[K; /**< \deprecated see SensorsConfiguration::firmware_version, Firmware version of the sensors of ZED-M or ZED2.*/
[8.750s]                                                                                                           [01;36m[K^[m[K
[8.751s] [01m[K/usr/local/zed/include/sl/Camera.hpp:3201:12:[m[K [01;35m[Kwarning: [m[K‘[01m[Ksl::CameraInformation::camera_fps[m[K’ is deprecated: Use camera_configuration.fps instead [[01;35m[K-Wdeprecated-declarations[m[K]
[8.751s]      struct [01;35m[KCameraInformation[m[K {
[8.752s]             [01;35m[K^~~~~~~~~~~~~~~~~[m[K
[8.752s] [01m[K/usr/local/zed/include/sl/Camera.hpp:3214:82:[m[K [01;36m[Knote: [m[Kdeclared here
[8.753s]          SL_DEPRECATED("Use camera_configuration.fps instead") float camera_fps = [01;36m[K0[m[K; /**< \deprecated see CameraConfiguration::fps, camera frame rate. */
[8.753s]                                                                                   [01;36m[K^[m[K
[8.754s] [01m[K/usr/local/zed/include/sl/Camera.hpp:3201:12:[m[K [01;35m[Kwarning: [m[K‘[01m[Ksl::CameraInformation::camera_fps[m[K’ is deprecated: Use camera_configuration.fps instead [[01;35m[K-Wdeprecated-declarations[m[K]
[8.754s]      struct [01;35m[KCameraInformation[m[K {
[8.755s]             [01;35m[K^~~~~~~~~~~~~~~~~[m[K
[8.755s] [01m[K/usr/local/zed/include/sl/Camera.hpp:3214:82:[m[K [01;36m[Knote: [m[Kdeclared here
[8.756s]          SL_DEPRECATED("Use camera_configuration.fps instead") float camera_fps = [01;36m[K0[m[K; /**< \deprecated see CameraConfiguration::fps, camera frame rate. */
[8.756s]                                                                                   [01;36m[K^[m[K
[8.757s] [01m[K/usr/local/zed/include/sl/Camera.hpp:3201:12:[m[K [01;35m[Kwarning: [m[K‘[01m[Ksl::CameraInformation::camera_resolution[m[K’ is deprecated: Use camera_configuration.resolution instead [[01;35m[K-Wdeprecated-declarations[m[K]
[8.757s]      struct [01;35m[KCameraInformation[m[K {
[8.758s]             [01;35m[K^~~~~~~~~~~~~~~~~[m[K
[8.758s] [01m[K/usr/local/zed/include/sl/Camera.hpp:3215:81:[m[K [01;36m[Knote: [m[Kdeclared here
[8.759s]          SL_DEPRECATED("Use camera_configuration.resolution instead") Resolution [01;36m[Kcamera_resolution[m[K; /**< \deprecated see CameraConfiguration::resolution, camera resolution. */
[8.759s]                                                                                  [01;36m[K^~~~~~~~~~~~~~~~~[m[K
[8.760s] [01m[K/usr/local/zed/include/sl/Camera.hpp:3201:12:[m[K [01;35m[Kwarning: [m[K‘[01m[Ksl::CameraInformation::camera_resolution[m[K’ is deprecated: Use camera_configuration.resolution instead [[01;35m[K-Wdeprecated-declarations[m[K]
[8.760s]      struct [01;35m[KCameraInformation[m[K {
[8.761s]             [01;35m[K^~~~~~~~~~~~~~~~~[m[K
[8.761s] [01m[K/usr/local/zed/include/sl/Camera.hpp:3215:81:[m[K [01;36m[Knote: [m[Kdeclared here
[8.762s]          SL_DEPRECATED("Use camera_configuration.resolution instead") Resolution [01;36m[Kcamera_resolution[m[K; /**< \deprecated see CameraConfiguration::resolution, camera resolution. */
[8.762s]                                                                                  [01;36m[K^~~~~~~~~~~~~~~~~[m[K
[8.763s] [01m[K/home/team/SoftwareDevelopment/ROS2/skinny/src/zed_tracking/src/zed_tracking_node.cpp:[m[K In function ‘[01m[Kint main(int, char**)[m[K’:
[8.763s] [01m[K/home/team/SoftwareDevelopment/ROS2/skinny/src/zed_tracking/src/zed_tracking_node.cpp:45:48:[m[K [01;36m[Knote: [m[Ksynthesized method ‘[01m[Ksl::CameraInformation::CameraInformation(sl::CameraInformation&&)[m[K’ first required here 
[8.764s]      auto cameraInfo = zed.getCameraInformation([01;36m[K)[m[K;
[8.764s] 
[8.765s]                                                 [01;36m[K^[m[K
[8.765s] [01m[K/home/team/SoftwareDevelopment/ROS2/skinny/src/zed_tracking/src/zed_tracking_node.cpp:46:44:[m[K [01;35m[Kwarning: [m[K‘[01m[Ksl::CameraInformation::camera_resolution[m[K’ is deprecated: Use camera_configuration.resolution instead [[01;35m[K-Wdeprecated-declarations[m[K]
[8.766s]      sl::Resolution image_size = cameraInfo.[01;35m[Kcamera_resolution[m[K;
[8.766s] 
[8.767s]                                             [01;35m[K^~~~~~~~~~~~~~~~~[m[K
[8.768s] In file included from [01m[K/home/team/SoftwareDevelopment/ROS2/skinny/src/zed_tracking/src/zed_tracking_node.cpp:4:0[m[K:
[8.768s] [01m[K/usr/local/zed/include/sl/Camera.hpp:3215:81:[m[K [01;36m[Knote: [m[Kdeclared here
[8.769s]          SL_DEPRECATED("Use camera_configuration.resolution instead") Resolution [01;36m[Kcamera_resolution[m[K; /**< \deprecated see CameraConfiguration::resolution, camera resolution. */
[8.769s]                                                                                  [01;36m[K^~~~~~~~~~~~~~~~~[m[K
[8.770s] [01m[K/home/team/SoftwareDevelopment/ROS2/skinny/src/zed_tracking/src/zed_tracking_node.cpp:46:44:[m[K [01;35m[Kwarning: [m[K‘[01m[Ksl::CameraInformation::camera_resolution[m[K’ is deprecated: Use camera_configuration.resolution instead [[01;35m[K-Wdeprecated-declarations[m[K]
[8.770s]      sl::Resolution image_size = cameraInfo.[01;35m[Kcamera_resolution[m[K;
[8.771s] 
[8.771s]                                             [01;35m[K^~~~~~~~~~~~~~~~~[m[K
[8.772s] In file included from [01m[K/home/team/SoftwareDevelopment/ROS2/skinny/src/zed_tracking/src/zed_tracking_node.cpp:4:0[m[K:
[8.772s] [01m[K/usr/local/zed/include/sl/Camera.hpp:3215:81:[m[K [01;36m[Knote: [m[Kdeclared here
[8.773s]          SL_DEPRECATED("Use camera_configuration.resolution instead") Resolution [01;36m[Kcamera_resolution[m[K; /**< \deprecated see CameraConfiguration::resolution, camera resolution. */
[8.773s]                                                                                  [01;36m[K^~~~~~~~~~~~~~~~~[m[K
[8.774s] [01m[K/home/team/SoftwareDevelopment/ROS2/skinny/src/zed_tracking/src/zed_tracking_node.cpp:46:44:[m[K [01;35m[Kwarning: [m[K‘[01m[Ksl::CameraInformation::camera_resolution[m[K’ is deprecated: Use camera_configuration.resolution instead [[01;35m[K-Wdeprecated-declarations[m[K]
[8.774s]      sl::Resolution image_size = cameraInfo.[01;35m[Kcamera_resolution[m[K;
[8.775s] 
[8.775s]                                             [01;35m[K^~~~~~~~~~~~~~~~~[m[K
[8.776s] In file included from [01m[K/home/team/SoftwareDevelopment/ROS2/skinny/src/zed_tracking/src/zed_tracking_node.cpp:4:0[m[K:
[8.776s] [01m[K/usr/local/zed/include/sl/Camera.hpp:3215:81:[m[K [01;36m[Knote: [m[Kdeclared here
[8.777s]          SL_DEPRECATED("Use camera_configuration.resolution instead") Resolution [01;36m[Kcamera_resolution[m[K; /**< \deprecated see CameraConfiguration::resolution, camera resolution. */
[8.777s]                                                                                  [01;36m[K^~~~~~~~~~~~~~~~~[m[K
[8.778s] [01m[K/home/team/SoftwareDevelopment/ROS2/skinny/src/zed_tracking/src/zed_tracking_node.cpp:51:33:[m[K [01;35m[Kwarning: [m[K‘[01m[Ksl::CameraInformation::calibration_parameters[m[K’ is deprecated: Use camera_configuration.calibration_parameters instead [[01;35m[K-Wdeprecated-declarations[m[K]
[8.778s]      auto calibInfo = cameraInfo.[01;35m[Kcalibration_parameters[m[K.left_cam;
[8.779s] 
[8.779s]                                  [01;35m[K^~~~~~~~~~~~~~~~~~~~~~[m[K
[8.780s] In file included from [01m[K/home/team/SoftwareDevelopment/ROS2/skinny/src/zed_tracking/src/zed_tracking_node.cpp:4:0[m[K:
[8.780s] [01m[K/usr/local/zed/include/sl/Camera.hpp:3209:104:[m[K [01;36m[Knote: [m[Kdeclared here
[8.781s]          SL_DEPRECATED("Use camera_configuration.calibration_parameters instead") CalibrationParameters [01;36m[Kcalibration_parameters[m[K; /**< \deprecated see CameraConfiguration::calibration_parameters, Intrinsic and Extrinsic stereo parameters for rectified/undistorded images (default).*/
[8.781s]                                                                                                         [01;36m[K^~~~~~~~~~~~~~~~~~~~~~[m[K
[8.782s] [01m[K/home/team/SoftwareDevelopment/ROS2/skinny/src/zed_tracking/src/zed_tracking_node.cpp:51:33:[m[K [01;35m[Kwarning: [m[K‘[01m[Ksl::CameraInformation::calibration_parameters[m[K’ is deprecated: Use camera_configuration.calibration_parameters instead [[01;35m[K-Wdeprecated-declarations[m[K]
[8.782s]      auto calibInfo = cameraInfo.[01;35m[Kcalibration_parameters[m[K.left_cam;
[8.783s] 
[8.783s]                                  [01;35m[K^~~~~~~~~~~~~~~~~~~~~~[m[K
[8.784s] In file included from [01m[K/home/team/SoftwareDevelopment/ROS2/skinny/src/zed_tracking/src/zed_tracking_node.cpp:4:0[m[K:
[8.784s] [01m[K/usr/local/zed/include/sl/Camera.hpp:3209:104:[m[K [01;36m[Knote: [m[Kdeclared here
[8.785s]          SL_DEPRECATED("Use camera_configuration.calibration_parameters instead") CalibrationParameters [01;36m[Kcalibration_parameters[m[K; /**< \deprecated see CameraConfiguration::calibration_parameters, Intrinsic and Extrinsic stereo parameters for rectified/undistorded images (default).*/
[8.785s]                                                                                                         [01;36m[K^~~~~~~~~~~~~~~~~~~~~~[m[K
[8.786s] [01m[K/home/team/SoftwareDevelopment/ROS2/skinny/src/zed_tracking/src/zed_tracking_node.cpp:51:33:[m[K [01;35m[Kwarning: [m[K‘[01m[Ksl::CameraInformation::calibration_parameters[m[K’ is deprecated: Use camera_configuration.calibration_parameters instead [[01;35m[K-Wdeprecated-declarations[m[K]
[8.786s]      auto calibInfo = cameraInfo.[01;35m[Kcalibration_parameters[m[K.left_cam;
[8.787s] 
[8.787s]                                  [01;35m[K^~~~~~~~~~~~~~~~~~~~~~[m[K
[8.788s] In file included from [01m[K/home/team/SoftwareDevelopment/ROS2/skinny/src/zed_tracking/src/zed_tracking_node.cpp:4:0[m[K:
[8.788s] [01m[K/usr/local/zed/include/sl/Camera.hpp:3209:104:[m[K [01;36m[Knote: [m[Kdeclared here
[8.789s]          SL_DEPRECATED("Use camera_configuration.calibration_parameters instead") CalibrationParameters [01;36m[Kcalibration_parameters[m[K; /**< \deprecated see CameraConfiguration::calibration_parameters, Intrinsic and Extrinsic stereo parameters for rectified/undistorded images (default).*/
[8.789s]                                                                                                         [01;36m[K^~~~~~~~~~~~~~~~~~~~~~[m[K
[18.942s] [ 66%] [32m[1mLinking CXX executable zed_tracking_node[0m
[19.732s] [100%] Built target zed_tracking_node
[19.774s] Invoked command in '/home/team/SoftwareDevelopment/ROS2/skinny/build/zed_tracking' returned '0': CMAKE_PREFIX_PATH=/home/team/SoftwareDevelopment/ROS2/skinny/install/messages:/home/team/SoftwareDevelopment/ROS2/skinny/install/zed_tracking:/home/team/SoftwareDevelopment/ROS2/skinny/install/talon:/home/team/SoftwareDevelopment/ROS2/skinny/install/power_distribution_panel:/home/team/SoftwareDevelopment/ROS2/skinny/install/logic:/home/team/SoftwareDevelopment/ROS2/skinny/install/communication:/home/team/SoftwareDevelopment/ROS2/skinny/install/autonomy:/home/team/SoftwareDevelopment/ROS2/skinny/src/install/zed_tracking:/home/team/SoftwareDevelopment/ROS2/skinny/src/install/talon:/home/team/SoftwareDevelopment/ROS2/skinny/src/install/power_distribution_panel:/home/team/SoftwareDevelopment/ROS2/skinny/src/install/logic:/home/team/SoftwareDevelopment/ROS2/skinny/src/install/communication:/home/team/SoftwareDevelopment/ROS2/skinny/src/install/autonomy:/home/team/SoftwareDevelopment/ROS2/skinny/src/install/messages:/home/team/SoftwareDevelopment/ROS2/skinny/install/excavation:/home/team/SoftwareDevelopment/ROS2/skinny/src/install/excavation:/opt/ros/eloquent /usr/bin/cmake --build /home/team/SoftwareDevelopment/ROS2/skinny/build/zed_tracking -- -j4 -l4
[19.884s] Invoking command in '/home/team/SoftwareDevelopment/ROS2/skinny/build/zed_tracking': CMAKE_PREFIX_PATH=/home/team/SoftwareDevelopment/ROS2/skinny/install/messages:/home/team/SoftwareDevelopment/ROS2/skinny/install/zed_tracking:/home/team/SoftwareDevelopment/ROS2/skinny/install/talon:/home/team/SoftwareDevelopment/ROS2/skinny/install/power_distribution_panel:/home/team/SoftwareDevelopment/ROS2/skinny/install/logic:/home/team/SoftwareDevelopment/ROS2/skinny/install/communication:/home/team/SoftwareDevelopment/ROS2/skinny/install/autonomy:/home/team/SoftwareDevelopment/ROS2/skinny/src/install/zed_tracking:/home/team/SoftwareDevelopment/ROS2/skinny/src/install/talon:/home/team/SoftwareDevelopment/ROS2/skinny/src/install/power_distribution_panel:/home/team/SoftwareDevelopment/ROS2/skinny/src/install/logic:/home/team/SoftwareDevelopment/ROS2/skinny/src/install/communication:/home/team/SoftwareDevelopment/ROS2/skinny/src/install/autonomy:/home/team/SoftwareDevelopment/ROS2/skinny/src/install/messages:/home/team/SoftwareDevelopment/ROS2/skinny/install/excavation:/home/team/SoftwareDevelopment/ROS2/skinny/src/install/excavation:/opt/ros/eloquent /usr/bin/cmake --build /home/team/SoftwareDevelopment/ROS2/skinny/build/zed_tracking --target install -- -j4 -l4
[20.129s] [100%] Built target zed_tracking_node
[20.200s] [36mInstall the project...[0m
[20.233s] -- Install configuration: ""
[20.234s] -- Installing: /home/team/SoftwareDevelopment/ROS2/skinny/install/zed_tracking/lib/zed_tracking/zed_tracking_node
[20.238s] -- Set runtime path of "/home/team/SoftwareDevelopment/ROS2/skinny/install/zed_tracking/lib/zed_tracking/zed_tracking_node" to ""
[20.239s] -- Up-to-date: /home/team/SoftwareDevelopment/ROS2/skinny/install/zed_tracking/share/ament_index/resource_index/package_run_dependencies/zed_tracking
[20.239s] -- Up-to-date: /home/team/SoftwareDevelopment/ROS2/skinny/install/zed_tracking/share/ament_index/resource_index/parent_prefix_path/zed_tracking
[20.240s] -- Up-to-date: /home/team/SoftwareDevelopment/ROS2/skinny/install/zed_tracking/share/zed_tracking/environment/ament_prefix_path.sh
[20.240s] -- Up-to-date: /home/team/SoftwareDevelopment/ROS2/skinny/install/zed_tracking/share/zed_tracking/environment/ament_prefix_path.dsv
[20.241s] -- Up-to-date: /home/team/SoftwareDevelopment/ROS2/skinny/install/zed_tracking/share/zed_tracking/environment/path.sh
[20.242s] -- Up-to-date: /home/team/SoftwareDevelopment/ROS2/skinny/install/zed_tracking/share/zed_tracking/environment/path.dsv
[20.242s] -- Up-to-date: /home/team/SoftwareDevelopment/ROS2/skinny/install/zed_tracking/share/zed_tracking/local_setup.bash
[20.243s] -- Up-to-date: /home/team/SoftwareDevelopment/ROS2/skinny/install/zed_tracking/share/zed_tracking/local_setup.sh
[20.244s] -- Up-to-date: /home/team/SoftwareDevelopment/ROS2/skinny/install/zed_tracking/share/zed_tracking/local_setup.zsh
[20.244s] -- Up-to-date: /home/team/SoftwareDevelopment/ROS2/skinny/install/zed_tracking/share/zed_tracking/local_setup.dsv
[20.245s] -- Installing: /home/team/SoftwareDevelopment/ROS2/skinny/install/zed_tracking/share/zed_tracking/package.dsv
[20.245s] -- Up-to-date: /home/team/SoftwareDevelopment/ROS2/skinny/install/zed_tracking/share/ament_index/resource_index/packages/zed_tracking
[20.246s] -- Up-to-date: /home/team/SoftwareDevelopment/ROS2/skinny/install/zed_tracking/share/zed_tracking/cmake/zed_trackingConfig.cmake
[20.246s] -- Up-to-date: /home/team/SoftwareDevelopment/ROS2/skinny/install/zed_tracking/share/zed_tracking/cmake/zed_trackingConfig-version.cmake
[20.247s] -- Up-to-date: /home/team/SoftwareDevelopment/ROS2/skinny/install/zed_tracking/share/zed_tracking/package.xml
[20.252s] Invoked command in '/home/team/SoftwareDevelopment/ROS2/skinny/build/zed_tracking' returned '0': CMAKE_PREFIX_PATH=/home/team/SoftwareDevelopment/ROS2/skinny/install/messages:/home/team/SoftwareDevelopment/ROS2/skinny/install/zed_tracking:/home/team/SoftwareDevelopment/ROS2/skinny/install/talon:/home/team/SoftwareDevelopment/ROS2/skinny/install/power_distribution_panel:/home/team/SoftwareDevelopment/ROS2/skinny/install/logic:/home/team/SoftwareDevelopment/ROS2/skinny/install/communication:/home/team/SoftwareDevelopment/ROS2/skinny/install/autonomy:/home/team/SoftwareDevelopment/ROS2/skinny/src/install/zed_tracking:/home/team/SoftwareDevelopment/ROS2/skinny/src/install/talon:/home/team/SoftwareDevelopment/ROS2/skinny/src/install/power_distribution_panel:/home/team/SoftwareDevelopment/ROS2/skinny/src/install/logic:/home/team/SoftwareDevelopment/ROS2/skinny/src/install/communication:/home/team/SoftwareDevelopment/ROS2/skinny/src/install/autonomy:/home/team/SoftwareDevelopment/ROS2/skinny/src/install/messages:/home/team/SoftwareDevelopment/ROS2/skinny/install/excavation:/home/team/SoftwareDevelopment/ROS2/skinny/src/install/excavation:/opt/ros/eloquent /usr/bin/cmake --build /home/team/SoftwareDevelopment/ROS2/skinny/build/zed_tracking --target install -- -j4 -l4
