[0.118s] Invoking command in '/home/team/SoftwareDevelopment/ROS2/skinny/src/build/talon': CMAKE_PREFIX_PATH=/home/team/SoftwareDevelopment/ROS2/skinny/src/install/messages:/home/team/SoftwareDevelopment/ROS2/skinny/src/install/zed_tracking:/home/team/SoftwareDevelopment/ROS2/skinny/src/install/talon:/home/team/SoftwareDevelopment/ROS2/skinny/src/install/power_distribution_panel:/home/team/SoftwareDevelopment/ROS2/skinny/src/install/logic:/home/team/SoftwareDevelopment/ROS2/skinny/src/install/communication:/home/team/SoftwareDevelopment/ROS2/skinny/src/install/autonomy:/home/team/SoftwareDevelopment/ROS2/skinny/src/install/excavation:/opt/ros/eloquent /usr/bin/cmake --build /home/team/SoftwareDevelopment/ROS2/skinny/src/build/talon -- -j4 -l4
[0.360s] [100%] Built target talon_node
[0.414s] Invoked command in '/home/team/SoftwareDevelopment/ROS2/skinny/src/build/talon' returned '0': CMAKE_PREFIX_PATH=/home/team/SoftwareDevelopment/ROS2/skinny/src/install/messages:/home/team/SoftwareDevelopment/ROS2/skinny/src/install/zed_tracking:/home/team/SoftwareDevelopment/ROS2/skinny/src/install/talon:/home/team/SoftwareDevelopment/ROS2/skinny/src/install/power_distribution_panel:/home/team/SoftwareDevelopment/ROS2/skinny/src/install/logic:/home/team/SoftwareDevelopment/ROS2/skinny/src/install/communication:/home/team/SoftwareDevelopment/ROS2/skinny/src/install/autonomy:/home/team/SoftwareDevelopment/ROS2/skinny/src/install/excavation:/opt/ros/eloquent /usr/bin/cmake --build /home/team/SoftwareDevelopment/ROS2/skinny/src/build/talon -- -j4 -l4
[0.524s] Invoking command in '/home/team/SoftwareDevelopment/ROS2/skinny/src/build/talon': CMAKE_PREFIX_PATH=/home/team/SoftwareDevelopment/ROS2/skinny/src/install/messages:/home/team/SoftwareDevelopment/ROS2/skinny/src/install/zed_tracking:/home/team/SoftwareDevelopment/ROS2/skinny/src/install/talon:/home/team/SoftwareDevelopment/ROS2/skinny/src/install/power_distribution_panel:/home/team/SoftwareDevelopment/ROS2/skinny/src/install/logic:/home/team/SoftwareDevelopment/ROS2/skinny/src/install/communication:/home/team/SoftwareDevelopment/ROS2/skinny/src/install/autonomy:/home/team/SoftwareDevelopment/ROS2/skinny/src/install/excavation:/opt/ros/eloquent /usr/bin/cmake --build /home/team/SoftwareDevelopment/ROS2/skinny/src/build/talon --target install -- -j4 -l4
[0.775s] [100%] Built target talon_node
[0.848s] [36mInstall the project...[0m
[0.885s] -- Install configuration: ""
[0.886s] -- Up-to-date: /home/team/SoftwareDevelopment/ROS2/skinny/src/install/talon/lib/talon/talon_node
[0.888s] -- Up-to-date: /home/team/SoftwareDevelopment/ROS2/skinny/src/install/talon/share/ament_index/resource_index/package_run_dependencies/talon
[0.890s] -- Up-to-date: /home/team/SoftwareDevelopment/ROS2/skinny/src/install/talon/share/ament_index/resource_index/parent_prefix_path/talon
[0.891s] -- Up-to-date: /home/team/SoftwareDevelopment/ROS2/skinny/src/install/talon/share/talon/environment/ament_prefix_path.sh
[0.892s] -- Up-to-date: /home/team/SoftwareDevelopment/ROS2/skinny/src/install/talon/share/talon/environment/ament_prefix_path.dsv
[0.892s] -- Up-to-date: /home/team/SoftwareDevelopment/ROS2/skinny/src/install/talon/share/talon/environment/path.sh
[0.893s] -- Up-to-date: /home/team/SoftwareDevelopment/ROS2/skinny/src/install/talon/share/talon/environment/path.dsv
[0.897s] -- Up-to-date: /home/team/SoftwareDevelopment/ROS2/skinny/src/install/talon/share/talon/local_setup.bash
[0.898s] -- Up-to-date: /home/team/SoftwareDevelopment/ROS2/skinny/src/install/talon/share/talon/local_setup.sh
[0.902s] -- Up-to-date: /home/team/SoftwareDevelopment/ROS2/skinny/src/install/talon/share/talon/local_setup.zsh
[0.903s] -- Up-to-date: /home/team/SoftwareDevelopment/ROS2/skinny/src/install/talon/share/talon/local_setup.dsv
[0.906s] -- Installing: /home/team/SoftwareDevelopment/ROS2/skinny/src/install/talon/share/talon/package.dsv
[0.922s] -- Up-to-date: /home/team/SoftwareDevelopment/ROS2/skinny/src/install/talon/share/ament_index/resource_index/packages/talon
[0.922s] -- Up-to-date: /home/team/SoftwareDevelopment/ROS2/skinny/src/install/talon/share/talon/cmake/talonConfig.cmake
[0.929s] -- Up-to-date: /home/team/SoftwareDevelopment/ROS2/skinny/src/install/talon/share/talon/cmake/talonConfig-version.cmake
[0.932s] -- Up-to-date: /home/team/SoftwareDevelopment/ROS2/skinny/src/install/talon/share/talon/package.xml
[0.999s] Invoked command in '/home/team/SoftwareDevelopment/ROS2/skinny/src/build/talon' returned '0': CMAKE_PREFIX_PATH=/home/team/SoftwareDevelopment/ROS2/skinny/src/install/messages:/home/team/SoftwareDevelopment/ROS2/skinny/src/install/zed_tracking:/home/team/SoftwareDevelopment/ROS2/skinny/src/install/talon:/home/team/SoftwareDevelopment/ROS2/skinny/src/install/power_distribution_panel:/home/team/SoftwareDevelopment/ROS2/skinny/src/install/logic:/home/team/SoftwareDevelopment/ROS2/skinny/src/install/communication:/home/team/SoftwareDevelopment/ROS2/skinny/src/install/autonomy:/home/team/SoftwareDevelopment/ROS2/skinny/src/install/excavation:/opt/ros/eloquent /usr/bin/cmake --build /home/team/SoftwareDevelopment/ROS2/skinny/src/build/talon --target install -- -j4 -l4
