[0.062s] Invoking command in '/home/team/SoftwareDevelopment/ROS2/skinny/build/zed_tracking': CMAKE_PREFIX_PATH=/home/team/SoftwareDevelopment/ROS2/skinny/install/messages:/home/team/SoftwareDevelopment/ROS2/skinny/install/zed_tracking:/home/team/SoftwareDevelopment/ROS2/skinny/install/talon:/home/team/SoftwareDevelopment/ROS2/skinny/install/power_distribution_panel:/home/team/SoftwareDevelopment/ROS2/skinny/install/logic:/home/team/SoftwareDevelopment/ROS2/skinny/install/communication:/home/team/SoftwareDevelopment/ROS2/skinny/install/autonomy:/home/team/SoftwareDevelopment/ROS2/skinny/install/excavation:/opt/ros/eloquent /usr/bin/cmake --build /home/team/SoftwareDevelopment/ROS2/skinny/build/zed_tracking -- -j4 -l4
[0.341s] [100%] Built target zed_tracking_node
[0.390s] Invoked command in '/home/team/SoftwareDevelopment/ROS2/skinny/build/zed_tracking' returned '0': CMAKE_PREFIX_PATH=/home/team/SoftwareDevelopment/ROS2/skinny/install/messages:/home/team/SoftwareDevelopment/ROS2/skinny/install/zed_tracking:/home/team/SoftwareDevelopment/ROS2/skinny/install/talon:/home/team/SoftwareDevelopment/ROS2/skinny/install/power_distribution_panel:/home/team/SoftwareDevelopment/ROS2/skinny/install/logic:/home/team/SoftwareDevelopment/ROS2/skinny/install/communication:/home/team/SoftwareDevelopment/ROS2/skinny/install/autonomy:/home/team/SoftwareDevelopment/ROS2/skinny/install/excavation:/opt/ros/eloquent /usr/bin/cmake --build /home/team/SoftwareDevelopment/ROS2/skinny/build/zed_tracking -- -j4 -l4
[0.508s] Invoking command in '/home/team/SoftwareDevelopment/ROS2/skinny/build/zed_tracking': CMAKE_PREFIX_PATH=/home/team/SoftwareDevelopment/ROS2/skinny/install/messages:/home/team/SoftwareDevelopment/ROS2/skinny/install/zed_tracking:/home/team/SoftwareDevelopment/ROS2/skinny/install/talon:/home/team/SoftwareDevelopment/ROS2/skinny/install/power_distribution_panel:/home/team/SoftwareDevelopment/ROS2/skinny/install/logic:/home/team/SoftwareDevelopment/ROS2/skinny/install/communication:/home/team/SoftwareDevelopment/ROS2/skinny/install/autonomy:/home/team/SoftwareDevelopment/ROS2/skinny/install/excavation:/opt/ros/eloquent /usr/bin/cmake --build /home/team/SoftwareDevelopment/ROS2/skinny/build/zed_tracking --target install -- -j4 -l4
[0.783s] [100%] Built target zed_tracking_node
[0.873s] [36mInstall the project...[0m
[0.905s] -- Install configuration: ""
[0.906s] -- Up-to-date: /home/team/SoftwareDevelopment/ROS2/skinny/install/zed_tracking/lib/zed_tracking/zed_tracking_node
[0.908s] -- Up-to-date: /home/team/SoftwareDevelopment/ROS2/skinny/install/zed_tracking/share/ament_index/resource_index/package_run_dependencies/zed_tracking
[0.909s] -- Up-to-date: /home/team/SoftwareDevelopment/ROS2/skinny/install/zed_tracking/share/ament_index/resource_index/parent_prefix_path/zed_tracking
[0.911s] -- Up-to-date: /home/team/SoftwareDevelopment/ROS2/skinny/install/zed_tracking/share/zed_tracking/environment/ament_prefix_path.sh
[0.913s] -- Up-to-date: /home/team/SoftwareDevelopment/ROS2/skinny/install/zed_tracking/share/zed_tracking/environment/ament_prefix_path.dsv
[0.914s] -- Up-to-date: /home/team/SoftwareDevelopment/ROS2/skinny/install/zed_tracking/share/zed_tracking/environment/path.sh
[0.915s] -- Up-to-date: /home/team/SoftwareDevelopment/ROS2/skinny/install/zed_tracking/share/zed_tracking/environment/path.dsv
[0.916s] -- Up-to-date: /home/team/SoftwareDevelopment/ROS2/skinny/install/zed_tracking/share/zed_tracking/local_setup.bash
[0.917s] -- Up-to-date: /home/team/SoftwareDevelopment/ROS2/skinny/install/zed_tracking/share/zed_tracking/local_setup.sh
[0.918s] -- Up-to-date: /home/team/SoftwareDevelopment/ROS2/skinny/install/zed_tracking/share/zed_tracking/local_setup.zsh
[0.919s] -- Up-to-date: /home/team/SoftwareDevelopment/ROS2/skinny/install/zed_tracking/share/zed_tracking/local_setup.dsv
[0.920s] -- Installing: /home/team/SoftwareDevelopment/ROS2/skinny/install/zed_tracking/share/zed_tracking/package.dsv
[0.920s] -- Up-to-date: /home/team/SoftwareDevelopment/ROS2/skinny/install/zed_tracking/share/ament_index/resource_index/packages/zed_tracking
[0.921s] -- Up-to-date: /home/team/SoftwareDevelopment/ROS2/skinny/install/zed_tracking/share/zed_tracking/cmake/zed_trackingConfig.cmake
[0.922s] -- Up-to-date: /home/team/SoftwareDevelopment/ROS2/skinny/install/zed_tracking/share/zed_tracking/cmake/zed_trackingConfig-version.cmake
[0.922s] -- Up-to-date: /home/team/SoftwareDevelopment/ROS2/skinny/install/zed_tracking/share/zed_tracking/package.xml
[0.938s] Invoked command in '/home/team/SoftwareDevelopment/ROS2/skinny/build/zed_tracking' returned '0': CMAKE_PREFIX_PATH=/home/team/SoftwareDevelopment/ROS2/skinny/install/messages:/home/team/SoftwareDevelopment/ROS2/skinny/install/zed_tracking:/home/team/SoftwareDevelopment/ROS2/skinny/install/talon:/home/team/SoftwareDevelopment/ROS2/skinny/install/power_distribution_panel:/home/team/SoftwareDevelopment/ROS2/skinny/install/logic:/home/team/SoftwareDevelopment/ROS2/skinny/install/communication:/home/team/SoftwareDevelopment/ROS2/skinny/install/autonomy:/home/team/SoftwareDevelopment/ROS2/skinny/install/excavation:/opt/ros/eloquent /usr/bin/cmake --build /home/team/SoftwareDevelopment/ROS2/skinny/build/zed_tracking --target install -- -j4 -l4
