[1.626s] Invoking command in '/home/team/SoftwareDevelopment/ROS2/skinny/src/excavation': PYTHONPATH=/home/team/SoftwareDevelopment/ROS2/skinny/src/install/excavation/lib/python3.6/site-packages:${PYTHONPATH} /usr/bin/python3 setup.py egg_info --egg-base ../build/excavation build --build-base /home/team/SoftwareDevelopment/ROS2/skinny/src/build/excavation/build install --prefix /home/team/SoftwareDevelopment/ROS2/skinny/src/install/excavation --record /home/team/SoftwareDevelopment/ROS2/skinny/src/build/excavation/install.log --single-version-externally-managed
[3.100s] running egg_info
[3.104s] writing ../build/excavation/excavation.egg-info/PKG-INFO
[3.105s] writing dependency_links to ../build/excavation/excavation.egg-info/dependency_links.txt
[3.105s] writing entry points to ../build/excavation/excavation.egg-info/entry_points.txt
[3.106s] writing requirements to ../build/excavation/excavation.egg-info/requires.txt
[3.107s] writing top-level names to ../build/excavation/excavation.egg-info/top_level.txt
[3.302s] reading manifest file '../build/excavation/excavation.egg-info/SOURCES.txt'
[3.310s] writing manifest file '../build/excavation/excavation.egg-info/SOURCES.txt'
[3.310s] running build
[3.311s] running build_py
[3.312s] running install
[3.314s] running install_lib
[3.319s] running install_data
[3.322s] running install_egg_info
[3.332s] removing '/home/team/SoftwareDevelopment/ROS2/skinny/src/install/excavation/lib/python3.6/site-packages/excavation-0.0.0-py3.6.egg-info' (and everything under it)
[3.334s] Copying ../build/excavation/excavation.egg-info to /home/team/SoftwareDevelopment/ROS2/skinny/src/install/excavation/lib/python3.6/site-packages/excavation-0.0.0-py3.6.egg-info
[3.338s] running install_scripts
[3.430s] Installing excavation_node script to /home/team/SoftwareDevelopment/ROS2/skinny/src/install/excavation/lib/excavation
[3.431s] writing list of installed files to '/home/team/SoftwareDevelopment/ROS2/skinny/src/build/excavation/install.log'
[3.629s] Invoked command in '/home/team/SoftwareDevelopment/ROS2/skinny/src/excavation' returned '0': PYTHONPATH=/home/team/SoftwareDevelopment/ROS2/skinny/src/install/excavation/lib/python3.6/site-packages:${PYTHONPATH} /usr/bin/python3 setup.py egg_info --egg-base ../build/excavation build --build-base /home/team/SoftwareDevelopment/ROS2/skinny/src/build/excavation/build install --prefix /home/team/SoftwareDevelopment/ROS2/skinny/src/install/excavation --record /home/team/SoftwareDevelopment/ROS2/skinny/src/build/excavation/install.log --single-version-externally-managed
