[0.120s] Invoking command in '/home/team/SoftwareDevelopment/ROS2/skinny/build/communication': AMENT_PREFIX_PATH=/home/team/SoftwareDevelopment/ROS2/skinny/install/messages:${AMENT_PREFIX_PATH} CMAKE_PREFIX_PATH=/home/team/SoftwareDevelopment/ROS2/skinny/install/messages:/opt/ros/eloquent LD_LIBRARY_PATH=/home/team/SoftwareDevelopment/ROS2/skinny/install/messages/lib:${LD_LIBRARY_PATH} PYTHONPATH=/home/team/SoftwareDevelopment/ROS2/skinny/install/messages/lib/python3.6/site-packages:${PYTHONPATH} /usr/bin/cmake --build /home/team/SoftwareDevelopment/ROS2/skinny/build/communication -- -j4 -l4
[0.374s] [100%] Built target communication_node
[0.420s] Invoked command in '/home/team/SoftwareDevelopment/ROS2/skinny/build/communication' returned '0': AMENT_PREFIX_PATH=/home/team/SoftwareDevelopment/ROS2/skinny/install/messages:${AMENT_PREFIX_PATH} CMAKE_PREFIX_PATH=/home/team/SoftwareDevelopment/ROS2/skinny/install/messages:/opt/ros/eloquent LD_LIBRARY_PATH=/home/team/SoftwareDevelopment/ROS2/skinny/install/messages/lib:${LD_LIBRARY_PATH} PYTHONPATH=/home/team/SoftwareDevelopment/ROS2/skinny/install/messages/lib/python3.6/site-packages:${PYTHONPATH} /usr/bin/cmake --build /home/team/SoftwareDevelopment/ROS2/skinny/build/communication -- -j4 -l4
[0.533s] Invoking command in '/home/team/SoftwareDevelopment/ROS2/skinny/build/communication': AMENT_PREFIX_PATH=/home/team/SoftwareDevelopment/ROS2/skinny/install/messages:${AMENT_PREFIX_PATH} CMAKE_PREFIX_PATH=/home/team/SoftwareDevelopment/ROS2/skinny/install/messages:/opt/ros/eloquent LD_LIBRARY_PATH=/home/team/SoftwareDevelopment/ROS2/skinny/install/messages/lib:${LD_LIBRARY_PATH} PYTHONPATH=/home/team/SoftwareDevelopment/ROS2/skinny/install/messages/lib/python3.6/site-packages:${PYTHONPATH} /usr/bin/cmake --build /home/team/SoftwareDevelopment/ROS2/skinny/build/communication --target install -- -j4 -l4
[0.786s] [100%] Built target communication_node
[0.883s] [36mInstall the project...[0m
[0.920s] -- Install configuration: ""
[0.922s] -- Up-to-date: /home/team/SoftwareDevelopment/ROS2/skinny/install/communication/lib/communication/communication_node
[0.923s] -- Up-to-date: /home/team/SoftwareDevelopment/ROS2/skinny/install/communication/share/ament_index/resource_index/package_run_dependencies/communication
[0.925s] -- Up-to-date: /home/team/SoftwareDevelopment/ROS2/skinny/install/communication/share/ament_index/resource_index/parent_prefix_path/communication
[0.926s] -- Up-to-date: /home/team/SoftwareDevelopment/ROS2/skinny/install/communication/share/communication/environment/ament_prefix_path.sh
[0.927s] -- Up-to-date: /home/team/SoftwareDevelopment/ROS2/skinny/install/communication/share/communication/environment/ament_prefix_path.dsv
[0.928s] -- Up-to-date: /home/team/SoftwareDevelopment/ROS2/skinny/install/communication/share/communication/environment/path.sh
[0.928s] -- Up-to-date: /home/team/SoftwareDevelopment/ROS2/skinny/install/communication/share/communication/environment/path.dsv
[0.929s] -- Up-to-date: /home/team/SoftwareDevelopment/ROS2/skinny/install/communication/share/communication/local_setup.bash
[0.930s] -- Up-to-date: /home/team/SoftwareDevelopment/ROS2/skinny/install/communication/share/communication/local_setup.sh
[0.931s] -- Up-to-date: /home/team/SoftwareDevelopment/ROS2/skinny/install/communication/share/communication/local_setup.zsh
[0.931s] -- Up-to-date: /home/team/SoftwareDevelopment/ROS2/skinny/install/communication/share/communication/local_setup.dsv
[0.946s] -- Up-to-date: /home/team/SoftwareDevelopment/ROS2/skinny/install/communication/share/communication/package.dsv
[0.947s] -- Up-to-date: /home/team/SoftwareDevelopment/ROS2/skinny/install/communication/share/ament_index/resource_index/packages/communication
[0.948s] -- Up-to-date: /home/team/SoftwareDevelopment/ROS2/skinny/install/communication/share/communication/cmake/communicationConfig.cmake
[0.948s] -- Up-to-date: /home/team/SoftwareDevelopment/ROS2/skinny/install/communication/share/communication/cmake/communicationConfig-version.cmake
[0.949s] -- Up-to-date: /home/team/SoftwareDevelopment/ROS2/skinny/install/communication/share/communication/package.xml
[0.950s] Invoked command in '/home/team/SoftwareDevelopment/ROS2/skinny/build/communication' returned '0': AMENT_PREFIX_PATH=/home/team/SoftwareDevelopment/ROS2/skinny/install/messages:${AMENT_PREFIX_PATH} CMAKE_PREFIX_PATH=/home/team/SoftwareDevelopment/ROS2/skinny/install/messages:/opt/ros/eloquent LD_LIBRARY_PATH=/home/team/SoftwareDevelopment/ROS2/skinny/install/messages/lib:${LD_LIBRARY_PATH} PYTHONPATH=/home/team/SoftwareDevelopment/ROS2/skinny/install/messages/lib/python3.6/site-packages:${PYTHONPATH} /usr/bin/cmake --build /home/team/SoftwareDevelopment/ROS2/skinny/build/communication --target install -- -j4 -l4
