[0.128s] Invoking command in '/home/team/SoftwareDevelopment/ROS2/skinny/build/talon': AMENT_PREFIX_PATH=/home/team/SoftwareDevelopment/ROS2/skinny/install/messages:${AMENT_PREFIX_PATH} CMAKE_PREFIX_PATH=/home/team/SoftwareDevelopment/ROS2/skinny/install/messages:${CMAKE_PREFIX_PATH} LD_LIBRARY_PATH=/home/team/SoftwareDevelopment/ROS2/skinny/install/messages/lib:${LD_LIBRARY_PATH} PYTHONPATH=/home/team/SoftwareDevelopment/ROS2/skinny/install/messages/lib/python3.8/site-packages:${PYTHONPATH} /usr/bin/cmake --build /home/team/SoftwareDevelopment/ROS2/skinny/build/talon -- -j4 -l4
[0.306s] [35m[1mScanning dependencies of target talon_node[0m
[0.440s] [ 50%] [32mBuilding CXX object CMakeFiles/talon_node.dir/src/talon_node.cpp.o[0m
[6.335s] [01m[K/home/team/SoftwareDevelopment/ROS2/skinny/src/talon/src/talon_node.cpp:[m[K In function ‘[01m[Kvoid stopCallback(std_msgs::msg::Empty)[m[K’:
[6.336s] [01m[K/home/team/SoftwareDevelopment/ROS2/skinny/src/talon/src/talon_node.cpp:27:40:[m[K [01;35m[Kwarning: [m[Kunused parameter ‘[01m[Kempty[m[K’ [[01;35m[K-Wunused-parameter[m[K]
[6.336s]    27 | void stopCallback([01;35m[Kstd_msgs::msg::Empty empty[m[K){
[6.337s]       |                   [01;35m[K~~~~~~~~~~~~~~~~~~~~~^~~~~[m[K
[6.337s] [01m[K/home/team/SoftwareDevelopment/ROS2/skinny/src/talon/src/talon_node.cpp:[m[K In function ‘[01m[Kvoid goCallback(std_msgs::msg::Empty)[m[K’:
[6.337s] [01m[K/home/team/SoftwareDevelopment/ROS2/skinny/src/talon/src/talon_node.cpp:31:38:[m[K [01;35m[Kwarning: [m[Kunused parameter ‘[01m[Kempty[m[K’ [[01;35m[K-Wunused-parameter[m[K]
[6.338s]    31 | void goCallback([01;35m[Kstd_msgs::msg::Empty empty[m[K){
[6.338s]       |                 [01;35m[K~~~~~~~~~~~~~~~~~~~~~^~~~~[m[K
[6.526s] [01m[K/home/team/SoftwareDevelopment/ROS2/skinny/src/talon/src/talon_node.cpp:[m[K In function ‘[01m[Kint main(int, char**)[m[K’:
[6.526s] [01m[K/home/team/SoftwareDevelopment/ROS2/skinny/src/talon/src/talon_node.cpp:185:9:[m[K [01;35m[Kwarning: [m[Kunused variable ‘[01m[KisInverted[m[K’ [[01;35m[K-Wunused-variable[m[K]
[6.527s]   185 |    bool [01;35m[KisInverted[m[K=talonSRX->GetInverted();
[6.527s]       |         [01;35m[K^~~~~~~~~~[m[K
[23.064s] [100%] [32m[1mLinking CXX executable talon_node[0m
[24.179s] [100%] Built target talon_node
[24.218s] Invoked command in '/home/team/SoftwareDevelopment/ROS2/skinny/build/talon' returned '0': AMENT_PREFIX_PATH=/home/team/SoftwareDevelopment/ROS2/skinny/install/messages:${AMENT_PREFIX_PATH} CMAKE_PREFIX_PATH=/home/team/SoftwareDevelopment/ROS2/skinny/install/messages:${CMAKE_PREFIX_PATH} LD_LIBRARY_PATH=/home/team/SoftwareDevelopment/ROS2/skinny/install/messages/lib:${LD_LIBRARY_PATH} PYTHONPATH=/home/team/SoftwareDevelopment/ROS2/skinny/install/messages/lib/python3.8/site-packages:${PYTHONPATH} /usr/bin/cmake --build /home/team/SoftwareDevelopment/ROS2/skinny/build/talon -- -j4 -l4
[24.301s] Invoking command in '/home/team/SoftwareDevelopment/ROS2/skinny/build/talon': AMENT_PREFIX_PATH=/home/team/SoftwareDevelopment/ROS2/skinny/install/messages:${AMENT_PREFIX_PATH} CMAKE_PREFIX_PATH=/home/team/SoftwareDevelopment/ROS2/skinny/install/messages:${CMAKE_PREFIX_PATH} LD_LIBRARY_PATH=/home/team/SoftwareDevelopment/ROS2/skinny/install/messages/lib:${LD_LIBRARY_PATH} PYTHONPATH=/home/team/SoftwareDevelopment/ROS2/skinny/install/messages/lib/python3.8/site-packages:${PYTHONPATH} /usr/bin/cmake --install /home/team/SoftwareDevelopment/ROS2/skinny/build/talon
[24.338s] -- Install configuration: ""
[24.339s] -- Installing: /home/team/SoftwareDevelopment/ROS2/skinny/install/talon/lib/talon/talon_node
[24.351s] -- Set runtime path of "/home/team/SoftwareDevelopment/ROS2/skinny/install/talon/lib/talon/talon_node" to ""
[24.352s] -- Up-to-date: /home/team/SoftwareDevelopment/ROS2/skinny/install/talon/share/ament_index/resource_index/package_run_dependencies/talon
[24.352s] -- Up-to-date: /home/team/SoftwareDevelopment/ROS2/skinny/install/talon/share/ament_index/resource_index/parent_prefix_path/talon
[24.353s] -- Up-to-date: /home/team/SoftwareDevelopment/ROS2/skinny/install/talon/share/talon/environment/ament_prefix_path.sh
[24.354s] -- Up-to-date: /home/team/SoftwareDevelopment/ROS2/skinny/install/talon/share/talon/environment/ament_prefix_path.dsv
[24.354s] -- Up-to-date: /home/team/SoftwareDevelopment/ROS2/skinny/install/talon/share/talon/environment/path.sh
[24.355s] -- Up-to-date: /home/team/SoftwareDevelopment/ROS2/skinny/install/talon/share/talon/environment/path.dsv
[24.355s] -- Up-to-date: /home/team/SoftwareDevelopment/ROS2/skinny/install/talon/share/talon/local_setup.bash
[24.355s] -- Up-to-date: /home/team/SoftwareDevelopment/ROS2/skinny/install/talon/share/talon/local_setup.sh
[24.357s] -- Up-to-date: /home/team/SoftwareDevelopment/ROS2/skinny/install/talon/share/talon/local_setup.zsh
[24.358s] -- Up-to-date: /home/team/SoftwareDevelopment/ROS2/skinny/install/talon/share/talon/local_setup.dsv
[24.358s] -- Installing: /home/team/SoftwareDevelopment/ROS2/skinny/install/talon/share/talon/package.dsv
[24.360s] -- Up-to-date: /home/team/SoftwareDevelopment/ROS2/skinny/install/talon/share/ament_index/resource_index/packages/talon
[24.361s] -- Up-to-date: /home/team/SoftwareDevelopment/ROS2/skinny/install/talon/share/talon/cmake/talonConfig.cmake
[24.368s] -- Up-to-date: /home/team/SoftwareDevelopment/ROS2/skinny/install/talon/share/talon/cmake/talonConfig-version.cmake
[24.368s] -- Up-to-date: /home/team/SoftwareDevelopment/ROS2/skinny/install/talon/share/talon/package.xml
[24.369s] Invoked command in '/home/team/SoftwareDevelopment/ROS2/skinny/build/talon' returned '0': AMENT_PREFIX_PATH=/home/team/SoftwareDevelopment/ROS2/skinny/install/messages:${AMENT_PREFIX_PATH} CMAKE_PREFIX_PATH=/home/team/SoftwareDevelopment/ROS2/skinny/install/messages:${CMAKE_PREFIX_PATH} LD_LIBRARY_PATH=/home/team/SoftwareDevelopment/ROS2/skinny/install/messages/lib:${LD_LIBRARY_PATH} PYTHONPATH=/home/team/SoftwareDevelopment/ROS2/skinny/install/messages/lib/python3.8/site-packages:${PYTHONPATH} /usr/bin/cmake --install /home/team/SoftwareDevelopment/ROS2/skinny/build/talon
