[0.099s] Invoking command in '/home/team/SoftwareDevelopment/ROS2/skinny/build/messages': CMAKE_PREFIX_PATH=/opt/ros/eloquent /usr/bin/cmake --build /home/team/SoftwareDevelopment/ROS2/skinny/build/messages -- -j4 -l4
[0.316s] [  1%] Built target messages__cpp
[0.328s] [ 12%] Built target messages__rosidl_generator_c
[0.425s] [ 24%] Built target messages__rosidl_typesupport_introspection_cpp
[0.433s] [ 36%] Built target messages__rosidl_typesupport_introspection_c
[0.454s] [ 48%] Built target messages__rosidl_typesupport_fastrtps_cpp
[0.575s] [ 72%] Built target messages__rosidl_typesupport_fastrtps_c
[0.576s] [ 72%] Built target messages__rosidl_typesupport_cpp
[0.691s] [ 83%] Built target messages__rosidl_typesupport_c
[0.767s] [ 83%] Built target messages
[0.846s] [ 84%] Built target messages__py
[0.983s] [ 95%] Built target messages__python
[1.097s] [100%] Built target messages__rosidl_typesupport_fastrtps_c__pyext
[1.098s] [100%] Built target messages__rosidl_typesupport_c__pyext
[1.627s] Invoked command in '/home/team/SoftwareDevelopment/ROS2/skinny/build/messages' returned '0': CMAKE_PREFIX_PATH=/opt/ros/eloquent /usr/bin/cmake --build /home/team/SoftwareDevelopment/ROS2/skinny/build/messages -- -j4 -l4
[2.240s] Invoking command in '/home/team/SoftwareDevelopment/ROS2/skinny/build/messages': CMAKE_PREFIX_PATH=/opt/ros/eloquent /usr/bin/cmake --build /home/team/SoftwareDevelopment/ROS2/skinny/build/messages --target install -- -j4 -l4
[2.446s] [  1%] Built target messages__cpp
[2.460s] [ 12%] Built target messages__rosidl_generator_c
[2.553s] [ 24%] Built target messages__rosidl_typesupport_introspection_cpp
[2.565s] [ 36%] Built target messages__rosidl_typesupport_introspection_c
[2.579s] [ 48%] Built target messages__rosidl_typesupport_fastrtps_cpp
[2.700s] [ 72%] Built target messages__rosidl_typesupport_cpp
[2.701s] [ 72%] Built target messages__rosidl_typesupport_fastrtps_c
[2.815s] [ 83%] Built target messages__rosidl_typesupport_c
[2.893s] [ 83%] Built target messages
[2.972s] [ 84%] Built target messages__py
[3.106s] [ 95%] Built target messages__python
[3.223s] [100%] Built target messages__rosidl_typesupport_c__pyext
[3.224s] [100%] Built target messages__rosidl_typesupport_fastrtps_c__pyext
[3.298s] [36mInstall the project...[0m
[3.332s] -- Install configuration: ""
[3.333s] -- Up-to-date: /home/team/SoftwareDevelopment/ROS2/skinny/install/messages/share/ament_index/resource_index/rosidl_interfaces/messages
[3.336s] -- Up-to-date: /home/team/SoftwareDevelopment/ROS2/skinny/install/messages/include/messages
[3.337s] -- Up-to-date: /home/team/SoftwareDevelopment/ROS2/skinny/install/messages/include/messages/msg
[3.338s] -- Up-to-date: /home/team/SoftwareDevelopment/ROS2/skinny/install/messages/include/messages/msg/victor_out__traits.hpp
[3.339s] -- Up-to-date: /home/team/SoftwareDevelopment/ROS2/skinny/install/messages/include/messages/msg/power__traits.hpp
[3.340s] -- Up-to-date: /home/team/SoftwareDevelopment/ROS2/skinny/install/messages/include/messages/msg/hat_state__struct.hpp
[3.341s] -- Up-to-date: /home/team/SoftwareDevelopment/ROS2/skinny/install/messages/include/messages/msg/power.hpp
[3.342s] -- Up-to-date: /home/team/SoftwareDevelopment/ROS2/skinny/install/messages/include/messages/msg/key_state.hpp
[3.343s] -- Up-to-date: /home/team/SoftwareDevelopment/ROS2/skinny/install/messages/include/messages/msg/talon_out.hpp
[3.344s] -- Up-to-date: /home/team/SoftwareDevelopment/ROS2/skinny/install/messages/include/messages/msg/key_state__traits.hpp
[3.344s] -- Up-to-date: /home/team/SoftwareDevelopment/ROS2/skinny/install/messages/include/messages/msg/camera.hpp
[3.345s] -- Up-to-date: /home/team/SoftwareDevelopment/ROS2/skinny/install/messages/include/messages/msg/camera__struct.hpp
[3.345s] -- Up-to-date: /home/team/SoftwareDevelopment/ROS2/skinny/install/messages/include/messages/msg/button_state__traits.hpp
[3.346s] -- Up-to-date: /home/team/SoftwareDevelopment/ROS2/skinny/install/messages/include/messages/msg/victor_out.hpp
[3.346s] -- Up-to-date: /home/team/SoftwareDevelopment/ROS2/skinny/install/messages/include/messages/msg/talon_out__struct.hpp
[3.347s] -- Up-to-date: /home/team/SoftwareDevelopment/ROS2/skinny/install/messages/include/messages/msg/power__struct.hpp
[3.349s] -- Up-to-date: /home/team/SoftwareDevelopment/ROS2/skinny/install/messages/include/messages/msg/hat_state__traits.hpp
[3.349s] -- Up-to-date: /home/team/SoftwareDevelopment/ROS2/skinny/install/messages/include/messages/msg/camera__traits.hpp
[3.350s] -- Up-to-date: /home/team/SoftwareDevelopment/ROS2/skinny/install/messages/include/messages/msg/talon_out__traits.hpp
[3.351s] -- Up-to-date: /home/team/SoftwareDevelopment/ROS2/skinny/install/messages/include/messages/msg/hat_state.hpp
[3.352s] -- Up-to-date: /home/team/SoftwareDevelopment/ROS2/skinny/install/messages/include/messages/msg/axis_state.hpp
[3.352s] -- Up-to-date: /home/team/SoftwareDevelopment/ROS2/skinny/install/messages/include/messages/msg/axis_state__traits.hpp
[3.353s] -- Up-to-date: /home/team/SoftwareDevelopment/ROS2/skinny/install/messages/include/messages/msg/axis_state__struct.hpp
[3.354s] -- Up-to-date: /home/team/SoftwareDevelopment/ROS2/skinny/install/messages/include/messages/msg/joystick_command__traits.hpp
[3.355s] -- Up-to-date: /home/team/SoftwareDevelopment/ROS2/skinny/install/messages/include/messages/msg/button_state__struct.hpp
[3.356s] -- Up-to-date: /home/team/SoftwareDevelopment/ROS2/skinny/install/messages/include/messages/msg/joystick_command.hpp
[3.356s] -- Up-to-date: /home/team/SoftwareDevelopment/ROS2/skinny/install/messages/include/messages/msg/joystick_command__struct.hpp
[3.358s] -- Up-to-date: /home/team/SoftwareDevelopment/ROS2/skinny/install/messages/include/messages/msg/button_state.hpp
[3.359s] -- Up-to-date: /home/team/SoftwareDevelopment/ROS2/skinny/install/messages/include/messages/msg/key_state__struct.hpp
[3.360s] -- Up-to-date: /home/team/SoftwareDevelopment/ROS2/skinny/install/messages/include/messages/msg/victor_out__struct.hpp
[3.361s] -- Up-to-date: /home/team/SoftwareDevelopment/ROS2/skinny/install/messages/include/messages
[3.362s] -- Up-to-date: /home/team/SoftwareDevelopment/ROS2/skinny/install/messages/include/messages/msg
[3.363s] -- Up-to-date: /home/team/SoftwareDevelopment/ROS2/skinny/install/messages/include/messages/msg/camera.h
[3.363s] -- Up-to-date: /home/team/SoftwareDevelopment/ROS2/skinny/install/messages/include/messages/msg/talon_out.h
[3.364s] -- Up-to-date: /home/team/SoftwareDevelopment/ROS2/skinny/install/messages/include/messages/msg/key_state__struct.h
[3.365s] -- Up-to-date: /home/team/SoftwareDevelopment/ROS2/skinny/install/messages/include/messages/msg/joystick_command.h
[3.366s] -- Up-to-date: /home/team/SoftwareDevelopment/ROS2/skinny/install/messages/include/messages/msg/hat_state__struct.h
[3.367s] -- Up-to-date: /home/team/SoftwareDevelopment/ROS2/skinny/install/messages/include/messages/msg/hat_state.h
[3.367s] -- Up-to-date: /home/team/SoftwareDevelopment/ROS2/skinny/install/messages/include/messages/msg/key_state.h
[3.368s] -- Up-to-date: /home/team/SoftwareDevelopment/ROS2/skinny/install/messages/include/messages/msg/button_state__type_support.h
[3.368s] -- Up-to-date: /home/team/SoftwareDevelopment/ROS2/skinny/install/messages/include/messages/msg/victor_out.h
[3.370s] -- Up-to-date: /home/team/SoftwareDevelopment/ROS2/skinny/install/messages/include/messages/msg/key_state__type_support.h
[3.370s] -- Up-to-date: /home/team/SoftwareDevelopment/ROS2/skinny/install/messages/include/messages/msg/talon_out__type_support.h
[3.371s] -- Up-to-date: /home/team/SoftwareDevelopment/ROS2/skinny/install/messages/include/messages/msg/power__struct.h
[3.372s] -- Up-to-date: /home/team/SoftwareDevelopment/ROS2/skinny/install/messages/include/messages/msg/rosidl_generator_c__visibility_control.h
[3.372s] -- Up-to-date: /home/team/SoftwareDevelopment/ROS2/skinny/install/messages/include/messages/msg/talon_out__struct.h
[3.373s] -- Up-to-date: /home/team/SoftwareDevelopment/ROS2/skinny/install/messages/include/messages/msg/talon_out__functions.c
[3.373s] -- Up-to-date: /home/team/SoftwareDevelopment/ROS2/skinny/install/messages/include/messages/msg/power__type_support.h
[3.374s] -- Up-to-date: /home/team/SoftwareDevelopment/ROS2/skinny/install/messages/include/messages/msg/hat_state__functions.h
[3.374s] -- Up-to-date: /home/team/SoftwareDevelopment/ROS2/skinny/install/messages/include/messages/msg/power__functions.c
[3.375s] -- Up-to-date: /home/team/SoftwareDevelopment/ROS2/skinny/install/messages/include/messages/msg/key_state__functions.c
[3.376s] -- Up-to-date: /home/team/SoftwareDevelopment/ROS2/skinny/install/messages/include/messages/msg/button_state__struct.h
[3.376s] -- Up-to-date: /home/team/SoftwareDevelopment/ROS2/skinny/install/messages/include/messages/msg/camera__functions.h
[3.377s] -- Up-to-date: /home/team/SoftwareDevelopment/ROS2/skinny/install/messages/include/messages/msg/victor_out__functions.h
[3.377s] -- Up-to-date: /home/team/SoftwareDevelopment/ROS2/skinny/install/messages/include/messages/msg/power__functions.h
[3.378s] -- Up-to-date: /home/team/SoftwareDevelopment/ROS2/skinny/install/messages/include/messages/msg/key_state__functions.h
[3.378s] -- Up-to-date: /home/team/SoftwareDevelopment/ROS2/skinny/install/messages/include/messages/msg/camera__struct.h
[3.379s] -- Up-to-date: /home/team/SoftwareDevelopment/ROS2/skinny/install/messages/include/messages/msg/camera__type_support.h
[3.379s] -- Up-to-date: /home/team/SoftwareDevelopment/ROS2/skinny/install/messages/include/messages/msg/axis_state__struct.h
[3.380s] -- Up-to-date: /home/team/SoftwareDevelopment/ROS2/skinny/install/messages/include/messages/msg/camera__functions.c
[3.380s] -- Up-to-date: /home/team/SoftwareDevelopment/ROS2/skinny/install/messages/include/messages/msg/victor_out__functions.c
[3.381s] -- Up-to-date: /home/team/SoftwareDevelopment/ROS2/skinny/install/messages/include/messages/msg/joystick_command__functions.c
[3.381s] -- Up-to-date: /home/team/SoftwareDevelopment/ROS2/skinny/install/messages/include/messages/msg/axis_state__functions.h
[3.382s] -- Up-to-date: /home/team/SoftwareDevelopment/ROS2/skinny/install/messages/include/messages/msg/hat_state__type_support.h
[3.382s] -- Up-to-date: /home/team/SoftwareDevelopment/ROS2/skinny/install/messages/include/messages/msg/victor_out__type_support.h
[3.383s] -- Up-to-date: /home/team/SoftwareDevelopment/ROS2/skinny/install/messages/include/messages/msg/talon_out__functions.h
[3.383s] -- Up-to-date: /home/team/SoftwareDevelopment/ROS2/skinny/install/messages/include/messages/msg/button_state.h
[3.384s] -- Up-to-date: /home/team/SoftwareDevelopment/ROS2/skinny/install/messages/include/messages/msg/axis_state__type_support.h
[3.384s] -- Up-to-date: /home/team/SoftwareDevelopment/ROS2/skinny/install/messages/include/messages/msg/hat_state__functions.c
[3.385s] -- Up-to-date: /home/team/SoftwareDevelopment/ROS2/skinny/install/messages/include/messages/msg/victor_out__struct.h
[3.385s] -- Up-to-date: /home/team/SoftwareDevelopment/ROS2/skinny/install/messages/include/messages/msg/joystick_command__struct.h
[3.385s] -- Up-to-date: /home/team/SoftwareDevelopment/ROS2/skinny/install/messages/include/messages/msg/button_state__functions.h
[3.386s] -- Up-to-date: /home/team/SoftwareDevelopment/ROS2/skinny/install/messages/include/messages/msg/joystick_command__type_support.h
[3.387s] -- Up-to-date: /home/team/SoftwareDevelopment/ROS2/skinny/install/messages/include/messages/msg/button_state__functions.c
[3.387s] -- Up-to-date: /home/team/SoftwareDevelopment/ROS2/skinny/install/messages/include/messages/msg/axis_state__functions.c
[3.388s] -- Up-to-date: /home/team/SoftwareDevelopment/ROS2/skinny/install/messages/include/messages/msg/axis_state.h
[3.388s] -- Up-to-date: /home/team/SoftwareDevelopment/ROS2/skinny/install/messages/include/messages/msg/joystick_command__functions.h
[3.389s] -- Up-to-date: /home/team/SoftwareDevelopment/ROS2/skinny/install/messages/include/messages/msg/power.h
[3.390s] -- Up-to-date: /home/team/SoftwareDevelopment/ROS2/skinny/install/messages/share/messages/environment/library_path.sh
[3.390s] -- Up-to-date: /home/team/SoftwareDevelopment/ROS2/skinny/install/messages/share/messages/environment/library_path.dsv
[3.391s] -- Up-to-date: /home/team/SoftwareDevelopment/ROS2/skinny/install/messages/lib/libmessages__rosidl_generator_c.so
[3.392s] -- Up-to-date: /home/team/SoftwareDevelopment/ROS2/skinny/install/messages/lib/libmessages__rosidl_typesupport_c.so
[3.392s] -- Up-to-date: /home/team/SoftwareDevelopment/ROS2/skinny/install/messages/lib/libmessages__rosidl_typesupport_cpp.so
[3.393s] -- Up-to-date: /home/team/SoftwareDevelopment/ROS2/skinny/install/messages/include/messages
[3.393s] -- Up-to-date: /home/team/SoftwareDevelopment/ROS2/skinny/install/messages/include/messages/msg
[3.394s] -- Up-to-date: /home/team/SoftwareDevelopment/ROS2/skinny/install/messages/include/messages/msg/key_state__type_support.c
[3.394s] -- Up-to-date: /home/team/SoftwareDevelopment/ROS2/skinny/install/messages/include/messages/msg/victor_out__rosidl_typesupport_introspection_c.h
[3.395s] -- Up-to-date: /home/team/SoftwareDevelopment/ROS2/skinny/install/messages/include/messages/msg/power__type_support.c
[3.396s] -- Up-to-date: /home/team/SoftwareDevelopment/ROS2/skinny/install/messages/include/messages/msg/power__rosidl_typesupport_introspection_c.h
[3.396s] -- Up-to-date: /home/team/SoftwareDevelopment/ROS2/skinny/install/messages/include/messages/msg/axis_state__type_support.c
[3.396s] -- Up-to-date: /home/team/SoftwareDevelopment/ROS2/skinny/install/messages/include/messages/msg/button_state__rosidl_typesupport_introspection_c.h
[3.397s] -- Up-to-date: /home/team/SoftwareDevelopment/ROS2/skinny/install/messages/include/messages/msg/talon_out__type_support.c
[3.397s] -- Up-to-date: /home/team/SoftwareDevelopment/ROS2/skinny/install/messages/include/messages/msg/button_state__type_support.c
[3.398s] -- Up-to-date: /home/team/SoftwareDevelopment/ROS2/skinny/install/messages/include/messages/msg/victor_out__type_support.c
[3.399s] -- Up-to-date: /home/team/SoftwareDevelopment/ROS2/skinny/install/messages/include/messages/msg/camera__rosidl_typesupport_introspection_c.h
[3.399s] -- Up-to-date: /home/team/SoftwareDevelopment/ROS2/skinny/install/messages/include/messages/msg/talon_out__rosidl_typesupport_introspection_c.h
[3.400s] -- Up-to-date: /home/team/SoftwareDevelopment/ROS2/skinny/install/messages/include/messages/msg/hat_state__rosidl_typesupport_introspection_c.h
[3.400s] -- Up-to-date: /home/team/SoftwareDevelopment/ROS2/skinny/install/messages/include/messages/msg/camera__type_support.c
[3.401s] -- Up-to-date: /home/team/SoftwareDevelopment/ROS2/skinny/install/messages/include/messages/msg/rosidl_typesupport_introspection_c__visibility_control.h
[3.401s] -- Up-to-date: /home/team/SoftwareDevelopment/ROS2/skinny/install/messages/include/messages/msg/key_state__rosidl_typesupport_introspection_c.h
[3.402s] -- Up-to-date: /home/team/SoftwareDevelopment/ROS2/skinny/install/messages/include/messages/msg/joystick_command__rosidl_typesupport_introspection_c.h
[3.402s] -- Up-to-date: /home/team/SoftwareDevelopment/ROS2/skinny/install/messages/include/messages/msg/joystick_command__type_support.c
[3.403s] -- Up-to-date: /home/team/SoftwareDevelopment/ROS2/skinny/install/messages/include/messages/msg/axis_state__rosidl_typesupport_introspection_c.h
[3.403s] -- Up-to-date: /home/team/SoftwareDevelopment/ROS2/skinny/install/messages/include/messages/msg/hat_state__type_support.c
[3.404s] -- Up-to-date: /home/team/SoftwareDevelopment/ROS2/skinny/install/messages/lib/libmessages__rosidl_typesupport_introspection_c.so
[3.404s] -- Up-to-date: /home/team/SoftwareDevelopment/ROS2/skinny/install/messages/include/messages
[3.405s] -- Up-to-date: /home/team/SoftwareDevelopment/ROS2/skinny/install/messages/include/messages/msg
[3.405s] -- Up-to-date: /home/team/SoftwareDevelopment/ROS2/skinny/install/messages/include/messages/msg/talon_out__type_support.cpp
[3.406s] -- Up-to-date: /home/team/SoftwareDevelopment/ROS2/skinny/install/messages/include/messages/msg/joystick_command__type_support.cpp
[3.406s] -- Up-to-date: /home/team/SoftwareDevelopment/ROS2/skinny/install/messages/include/messages/msg/power__rosidl_typesupport_introspection_cpp.hpp
[3.407s] -- Up-to-date: /home/team/SoftwareDevelopment/ROS2/skinny/install/messages/include/messages/msg/victor_out__rosidl_typesupport_introspection_cpp.hpp
[3.407s] -- Up-to-date: /home/team/SoftwareDevelopment/ROS2/skinny/install/messages/include/messages/msg/axis_state__rosidl_typesupport_introspection_cpp.hpp
[3.408s] -- Up-to-date: /home/team/SoftwareDevelopment/ROS2/skinny/install/messages/include/messages/msg/camera__type_support.cpp
[3.408s] -- Up-to-date: /home/team/SoftwareDevelopment/ROS2/skinny/install/messages/include/messages/msg/hat_state__rosidl_typesupport_introspection_cpp.hpp
[3.409s] -- Up-to-date: /home/team/SoftwareDevelopment/ROS2/skinny/install/messages/include/messages/msg/button_state__rosidl_typesupport_introspection_cpp.hpp
[3.409s] -- Up-to-date: /home/team/SoftwareDevelopment/ROS2/skinny/install/messages/include/messages/msg/button_state__type_support.cpp
[3.410s] -- Up-to-date: /home/team/SoftwareDevelopment/ROS2/skinny/install/messages/include/messages/msg/axis_state__type_support.cpp
[3.410s] -- Up-to-date: /home/team/SoftwareDevelopment/ROS2/skinny/install/messages/include/messages/msg/victor_out__type_support.cpp
[3.411s] -- Up-to-date: /home/team/SoftwareDevelopment/ROS2/skinny/install/messages/include/messages/msg/talon_out__rosidl_typesupport_introspection_cpp.hpp
[3.411s] -- Up-to-date: /home/team/SoftwareDevelopment/ROS2/skinny/install/messages/include/messages/msg/key_state__type_support.cpp
[3.412s] -- Up-to-date: /home/team/SoftwareDevelopment/ROS2/skinny/install/messages/include/messages/msg/hat_state__type_support.cpp
[3.413s] -- Up-to-date: /home/team/SoftwareDevelopment/ROS2/skinny/install/messages/include/messages/msg/power__type_support.cpp
[3.413s] -- Up-to-date: /home/team/SoftwareDevelopment/ROS2/skinny/install/messages/include/messages/msg/key_state__rosidl_typesupport_introspection_cpp.hpp
[3.414s] -- Up-to-date: /home/team/SoftwareDevelopment/ROS2/skinny/install/messages/include/messages/msg/joystick_command__rosidl_typesupport_introspection_cpp.hpp
[3.414s] -- Up-to-date: /home/team/SoftwareDevelopment/ROS2/skinny/install/messages/include/messages/msg/camera__rosidl_typesupport_introspection_cpp.hpp
[3.416s] -- Up-to-date: /home/team/SoftwareDevelopment/ROS2/skinny/install/messages/lib/libmessages__rosidl_typesupport_introspection_cpp.so
[3.416s] -- Up-to-date: /home/team/SoftwareDevelopment/ROS2/skinny/install/messages/include/messages
[3.417s] -- Up-to-date: /home/team/SoftwareDevelopment/ROS2/skinny/install/messages/include/messages/msg
[3.417s] -- Up-to-date: /home/team/SoftwareDevelopment/ROS2/skinny/install/messages/include/messages/msg/talon_out__rosidl_typesupport_fastrtps_c.h
[3.418s] -- Up-to-date: /home/team/SoftwareDevelopment/ROS2/skinny/install/messages/include/messages/msg/hat_state__rosidl_typesupport_fastrtps_c.h
[3.418s] -- Up-to-date: /home/team/SoftwareDevelopment/ROS2/skinny/install/messages/include/messages/msg/joystick_command__rosidl_typesupport_fastrtps_c.h
[3.419s] -- Up-to-date: /home/team/SoftwareDevelopment/ROS2/skinny/install/messages/include/messages/msg/camera__rosidl_typesupport_fastrtps_c.h
[3.419s] -- Up-to-date: /home/team/SoftwareDevelopment/ROS2/skinny/install/messages/include/messages/msg/button_state__rosidl_typesupport_fastrtps_c.h
[3.420s] -- Up-to-date: /home/team/SoftwareDevelopment/ROS2/skinny/install/messages/include/messages/msg/rosidl_typesupport_fastrtps_c__visibility_control.h
[3.420s] -- Up-to-date: /home/team/SoftwareDevelopment/ROS2/skinny/install/messages/include/messages/msg/victor_out__rosidl_typesupport_fastrtps_c.h
[3.421s] -- Up-to-date: /home/team/SoftwareDevelopment/ROS2/skinny/install/messages/include/messages/msg/power__rosidl_typesupport_fastrtps_c.h
[3.421s] -- Up-to-date: /home/team/SoftwareDevelopment/ROS2/skinny/install/messages/include/messages/msg/axis_state__rosidl_typesupport_fastrtps_c.h
[3.422s] -- Up-to-date: /home/team/SoftwareDevelopment/ROS2/skinny/install/messages/include/messages/msg/key_state__rosidl_typesupport_fastrtps_c.h
[3.422s] -- Up-to-date: /home/team/SoftwareDevelopment/ROS2/skinny/install/messages/lib/libmessages__rosidl_typesupport_fastrtps_c.so
[3.423s] -- Up-to-date: /home/team/SoftwareDevelopment/ROS2/skinny/install/messages/include/messages
[3.424s] -- Up-to-date: /home/team/SoftwareDevelopment/ROS2/skinny/install/messages/include/messages/msg
[3.424s] -- Up-to-date: /home/team/SoftwareDevelopment/ROS2/skinny/install/messages/include/messages/msg/power__rosidl_typesupport_fastrtps_cpp.hpp
[3.425s] -- Up-to-date: /home/team/SoftwareDevelopment/ROS2/skinny/install/messages/include/messages/msg/hat_state__rosidl_typesupport_fastrtps_cpp.hpp
[3.425s] -- Up-to-date: /home/team/SoftwareDevelopment/ROS2/skinny/install/messages/include/messages/msg/button_state__rosidl_typesupport_fastrtps_cpp.hpp
[3.426s] -- Up-to-date: /home/team/SoftwareDevelopment/ROS2/skinny/install/messages/include/messages/msg/axis_state__rosidl_typesupport_fastrtps_cpp.hpp
[3.426s] -- Up-to-date: /home/team/SoftwareDevelopment/ROS2/skinny/install/messages/include/messages/msg/camera__rosidl_typesupport_fastrtps_cpp.hpp
[3.427s] -- Up-to-date: /home/team/SoftwareDevelopment/ROS2/skinny/install/messages/include/messages/msg/talon_out__rosidl_typesupport_fastrtps_cpp.hpp
[3.428s] -- Up-to-date: /home/team/SoftwareDevelopment/ROS2/skinny/install/messages/include/messages/msg/rosidl_typesupport_fastrtps_cpp__visibility_control.h
[3.428s] -- Up-to-date: /home/team/SoftwareDevelopment/ROS2/skinny/install/messages/include/messages/msg/joystick_command__rosidl_typesupport_fastrtps_cpp.hpp
[3.429s] -- Up-to-date: /home/team/SoftwareDevelopment/ROS2/skinny/install/messages/include/messages/msg/dds_fastrtps
[3.429s] -- Up-to-date: /home/team/SoftwareDevelopment/ROS2/skinny/install/messages/include/messages/msg/key_state__rosidl_typesupport_fastrtps_cpp.hpp
[3.430s] -- Up-to-date: /home/team/SoftwareDevelopment/ROS2/skinny/install/messages/include/messages/msg/victor_out__rosidl_typesupport_fastrtps_cpp.hpp
[3.430s] -- Up-to-date: /home/team/SoftwareDevelopment/ROS2/skinny/install/messages/lib/libmessages__rosidl_typesupport_fastrtps_cpp.so
[3.431s] -- Up-to-date: /home/team/SoftwareDevelopment/ROS2/skinny/install/messages/share/messages/environment/pythonpath.sh
[3.431s] -- Up-to-date: /home/team/SoftwareDevelopment/ROS2/skinny/install/messages/share/messages/environment/pythonpath.dsv
[3.432s] -- Up-to-date: /home/team/SoftwareDevelopment/ROS2/skinny/install/messages/lib/python3.6/site-packages/messages/__init__.py
[3.552s] -- Up-to-date: /home/team/SoftwareDevelopment/ROS2/skinny/install/messages/lib/python3.6/site-packages/messages/msg
[3.553s] -- Up-to-date: /home/team/SoftwareDevelopment/ROS2/skinny/install/messages/lib/python3.6/site-packages/messages/msg/_hat_state.py
[3.554s] -- Up-to-date: /home/team/SoftwareDevelopment/ROS2/skinny/install/messages/lib/python3.6/site-packages/messages/msg/_power_s.c
[3.555s] -- Up-to-date: /home/team/SoftwareDevelopment/ROS2/skinny/install/messages/lib/python3.6/site-packages/messages/msg/_camera_s.c
[3.556s] -- Up-to-date: /home/team/SoftwareDevelopment/ROS2/skinny/install/messages/lib/python3.6/site-packages/messages/msg/__init__.py
[3.560s] -- Up-to-date: /home/team/SoftwareDevelopment/ROS2/skinny/install/messages/lib/python3.6/site-packages/messages/msg/_camera.py
[3.562s] -- Up-to-date: /home/team/SoftwareDevelopment/ROS2/skinny/install/messages/lib/python3.6/site-packages/messages/msg/_power.py
[3.563s] -- Up-to-date: /home/team/SoftwareDevelopment/ROS2/skinny/install/messages/lib/python3.6/site-packages/messages/msg/_hat_state_s.c
[3.564s] -- Up-to-date: /home/team/SoftwareDevelopment/ROS2/skinny/install/messages/lib/python3.6/site-packages/messages/msg/_talon_out.py
[3.565s] -- Up-to-date: /home/team/SoftwareDevelopment/ROS2/skinny/install/messages/lib/python3.6/site-packages/messages/msg/_victor_out_s.c
[3.567s] -- Up-to-date: /home/team/SoftwareDevelopment/ROS2/skinny/install/messages/lib/python3.6/site-packages/messages/msg/_joystick_command_s.c
[3.568s] -- Up-to-date: /home/team/SoftwareDevelopment/ROS2/skinny/install/messages/lib/python3.6/site-packages/messages/msg/_axis_state.py
[3.569s] -- Up-to-date: /home/team/SoftwareDevelopment/ROS2/skinny/install/messages/lib/python3.6/site-packages/messages/msg/_axis_state_s.c
[3.569s] -- Up-to-date: /home/team/SoftwareDevelopment/ROS2/skinny/install/messages/lib/python3.6/site-packages/messages/msg/_button_state.py
[3.570s] -- Up-to-date: /home/team/SoftwareDevelopment/ROS2/skinny/install/messages/lib/python3.6/site-packages/messages/msg/_victor_out.py
[3.573s] -- Up-to-date: /home/team/SoftwareDevelopment/ROS2/skinny/install/messages/lib/python3.6/site-packages/messages/msg/_key_state_s.c
[3.574s] -- Up-to-date: /home/team/SoftwareDevelopment/ROS2/skinny/install/messages/lib/python3.6/site-packages/messages/msg/_key_state.py
[3.574s] -- Up-to-date: /home/team/SoftwareDevelopment/ROS2/skinny/install/messages/lib/python3.6/site-packages/messages/msg/_talon_out_s.c
[3.575s] -- Up-to-date: /home/team/SoftwareDevelopment/ROS2/skinny/install/messages/lib/python3.6/site-packages/messages/msg/_button_state_s.c
[3.576s] -- Up-to-date: /home/team/SoftwareDevelopment/ROS2/skinny/install/messages/lib/python3.6/site-packages/messages/msg/_joystick_command.py
[3.577s] -- Up-to-date: /home/team/SoftwareDevelopment/ROS2/skinny/install/messages/lib/python3.6/site-packages/messages/messages_s__rosidl_typesupport_c.cpython-36m-aarch64-linux-gnu.so
[3.577s] -- Up-to-date: /home/team/SoftwareDevelopment/ROS2/skinny/install/messages/lib/python3.6/site-packages/messages/messages_s__rosidl_typesupport_fastrtps_c.cpython-36m-aarch64-linux-gnu.so
[3.580s] -- Up-to-date: /home/team/SoftwareDevelopment/ROS2/skinny/install/messages/lib/libmessages__python.so
[3.581s] -- Up-to-date: /home/team/SoftwareDevelopment/ROS2/skinny/install/messages/share/messages/msg/AxisState.idl
[3.581s] -- Up-to-date: /home/team/SoftwareDevelopment/ROS2/skinny/install/messages/share/messages/msg/Camera.idl
[3.583s] -- Up-to-date: /home/team/SoftwareDevelopment/ROS2/skinny/install/messages/share/messages/msg/JoystickCommand.idl
[3.583s] -- Up-to-date: /home/team/SoftwareDevelopment/ROS2/skinny/install/messages/share/messages/msg/Power.idl
[3.584s] -- Up-to-date: /home/team/SoftwareDevelopment/ROS2/skinny/install/messages/share/messages/msg/VictorOut.idl
[3.585s] -- Up-to-date: /home/team/SoftwareDevelopment/ROS2/skinny/install/messages/share/messages/msg/ButtonState.idl
[3.588s] -- Up-to-date: /home/team/SoftwareDevelopment/ROS2/skinny/install/messages/share/messages/msg/HatState.idl
[3.589s] -- Up-to-date: /home/team/SoftwareDevelopment/ROS2/skinny/install/messages/share/messages/msg/KeyState.idl
[3.590s] -- Up-to-date: /home/team/SoftwareDevelopment/ROS2/skinny/install/messages/share/messages/msg/TalonOut.idl
[3.591s] -- Up-to-date: /home/team/SoftwareDevelopment/ROS2/skinny/install/messages/share/messages/msg/AxisState.msg
[3.593s] -- Up-to-date: /home/team/SoftwareDevelopment/ROS2/skinny/install/messages/share/messages/msg/Camera.msg
[3.594s] -- Up-to-date: /home/team/SoftwareDevelopment/ROS2/skinny/install/messages/share/messages/msg/JoystickCommand.msg
[3.598s] -- Up-to-date: /home/team/SoftwareDevelopment/ROS2/skinny/install/messages/share/messages/msg/Power.msg
[3.599s] -- Up-to-date: /home/team/SoftwareDevelopment/ROS2/skinny/install/messages/share/messages/msg/VictorOut.msg
[3.599s] -- Up-to-date: /home/team/SoftwareDevelopment/ROS2/skinny/install/messages/share/messages/msg/ButtonState.msg
[3.600s] -- Up-to-date: /home/team/SoftwareDevelopment/ROS2/skinny/install/messages/share/messages/msg/HatState.msg
[3.601s] -- Up-to-date: /home/team/SoftwareDevelopment/ROS2/skinny/install/messages/share/messages/msg/KeyState.msg
[3.601s] -- Up-to-date: /home/team/SoftwareDevelopment/ROS2/skinny/install/messages/share/messages/msg/TalonOut.msg
[3.602s] -- Up-to-date: /home/team/SoftwareDevelopment/ROS2/skinny/install/messages/share/ament_index/resource_index/package_run_dependencies/messages
[3.602s] -- Up-to-date: /home/team/SoftwareDevelopment/ROS2/skinny/install/messages/share/ament_index/resource_index/parent_prefix_path/messages
[3.603s] -- Up-to-date: /home/team/SoftwareDevelopment/ROS2/skinny/install/messages/share/messages/environment/ament_prefix_path.sh
[3.604s] -- Up-to-date: /home/team/SoftwareDevelopment/ROS2/skinny/install/messages/share/messages/environment/ament_prefix_path.dsv
[3.605s] -- Up-to-date: /home/team/SoftwareDevelopment/ROS2/skinny/install/messages/share/messages/environment/path.sh
[3.605s] -- Up-to-date: /home/team/SoftwareDevelopment/ROS2/skinny/install/messages/share/messages/environment/path.dsv
[3.606s] -- Up-to-date: /home/team/SoftwareDevelopment/ROS2/skinny/install/messages/share/messages/local_setup.bash
[3.606s] -- Up-to-date: /home/team/SoftwareDevelopment/ROS2/skinny/install/messages/share/messages/local_setup.sh
[3.607s] -- Up-to-date: /home/team/SoftwareDevelopment/ROS2/skinny/install/messages/share/messages/local_setup.zsh
[3.607s] -- Up-to-date: /home/team/SoftwareDevelopment/ROS2/skinny/install/messages/share/messages/local_setup.dsv
[3.608s] -- Installing: /home/team/SoftwareDevelopment/ROS2/skinny/install/messages/share/messages/package.dsv
[3.609s] -- Up-to-date: /home/team/SoftwareDevelopment/ROS2/skinny/install/messages/share/ament_index/resource_index/packages/messages
[3.609s] -- Up-to-date: /home/team/SoftwareDevelopment/ROS2/skinny/install/messages/share/messages/cmake/rosidl_cmake-extras.cmake
[3.610s] -- Up-to-date: /home/team/SoftwareDevelopment/ROS2/skinny/install/messages/share/messages/cmake/ament_cmake_export_dependencies-extras.cmake
[3.610s] -- Up-to-date: /home/team/SoftwareDevelopment/ROS2/skinny/install/messages/share/messages/cmake/ament_cmake_export_include_directories-extras.cmake
[3.611s] -- Up-to-date: /home/team/SoftwareDevelopment/ROS2/skinny/install/messages/share/messages/cmake/ament_cmake_export_libraries-extras.cmake
[3.611s] -- Up-to-date: /home/team/SoftwareDevelopment/ROS2/skinny/install/messages/share/messages/cmake/messagesConfig.cmake
[3.612s] -- Up-to-date: /home/team/SoftwareDevelopment/ROS2/skinny/install/messages/share/messages/cmake/messagesConfig-version.cmake
[3.612s] -- Up-to-date: /home/team/SoftwareDevelopment/ROS2/skinny/install/messages/share/messages/package.xml
[3.664s] Invoked command in '/home/team/SoftwareDevelopment/ROS2/skinny/build/messages' returned '0': CMAKE_PREFIX_PATH=/opt/ros/eloquent /usr/bin/cmake --build /home/team/SoftwareDevelopment/ROS2/skinny/build/messages --target install -- -j4 -l4
