[0.163s] Invoking command in '/home/team/SoftwareDevelopment/ROS2/skinny/src/build/talon': CMAKE_PREFIX_PATH=/home/team/SoftwareDevelopment/ROS2/skinny/src/install/messages:/home/team/SoftwareDevelopment/ROS2/skinny/src/install/zed_tracking:/home/team/SoftwareDevelopment/ROS2/skinny/src/install/talon:/home/team/SoftwareDevelopment/ROS2/skinny/src/install/power_distribution_panel:/home/team/SoftwareDevelopment/ROS2/skinny/src/install/logic:/home/team/SoftwareDevelopment/ROS2/skinny/src/install/communication:/home/team/SoftwareDevelopment/ROS2/skinny/src/install/autonomy:/home/team/SoftwareDevelopment/ROS2/skinny/src/install/excavation:/opt/ros/eloquent /usr/bin/cmake --build /home/team/SoftwareDevelopment/ROS2/skinny/src/build/talon -- -j4 -l4
[0.384s] [100%] Built target talon_node
[0.426s] Invoked command in '/home/team/SoftwareDevelopment/ROS2/skinny/src/build/talon' returned '0': CMAKE_PREFIX_PATH=/home/team/SoftwareDevelopment/ROS2/skinny/src/install/messages:/home/team/SoftwareDevelopment/ROS2/skinny/src/install/zed_tracking:/home/team/SoftwareDevelopment/ROS2/skinny/src/install/talon:/home/team/SoftwareDevelopment/ROS2/skinny/src/install/power_distribution_panel:/home/team/SoftwareDevelopment/ROS2/skinny/src/install/logic:/home/team/SoftwareDevelopment/ROS2/skinny/src/install/communication:/home/team/SoftwareDevelopment/ROS2/skinny/src/install/autonomy:/home/team/SoftwareDevelopment/ROS2/skinny/src/install/excavation:/opt/ros/eloquent /usr/bin/cmake --build /home/team/SoftwareDevelopment/ROS2/skinny/src/build/talon -- -j4 -l4
[0.527s] Invoking command in '/home/team/SoftwareDevelopment/ROS2/skinny/src/build/talon': CMAKE_PREFIX_PATH=/home/team/SoftwareDevelopment/ROS2/skinny/src/install/messages:/home/team/SoftwareDevelopment/ROS2/skinny/src/install/zed_tracking:/home/team/SoftwareDevelopment/ROS2/skinny/src/install/talon:/home/team/SoftwareDevelopment/ROS2/skinny/src/install/power_distribution_panel:/home/team/SoftwareDevelopment/ROS2/skinny/src/install/logic:/home/team/SoftwareDevelopment/ROS2/skinny/src/install/communication:/home/team/SoftwareDevelopment/ROS2/skinny/src/install/autonomy:/home/team/SoftwareDevelopment/ROS2/skinny/src/install/excavation:/opt/ros/eloquent /usr/bin/cmake --build /home/team/SoftwareDevelopment/ROS2/skinny/src/build/talon --target install -- -j4 -l4
[0.750s] [100%] Built target talon_node
[0.821s] [36mInstall the project...[0m
[0.855s] -- Install configuration: ""
[0.856s] -- Up-to-date: /home/team/SoftwareDevelopment/ROS2/skinny/src/install/talon/lib/talon/talon_node
[0.857s] -- Up-to-date: /home/team/SoftwareDevelopment/ROS2/skinny/src/install/talon/share/ament_index/resource_index/package_run_dependencies/talon
[0.858s] -- Up-to-date: /home/team/SoftwareDevelopment/ROS2/skinny/src/install/talon/share/ament_index/resource_index/parent_prefix_path/talon
[0.859s] -- Up-to-date: /home/team/SoftwareDevelopment/ROS2/skinny/src/install/talon/share/talon/environment/ament_prefix_path.sh
[0.860s] -- Up-to-date: /home/team/SoftwareDevelopment/ROS2/skinny/src/install/talon/share/talon/environment/ament_prefix_path.dsv
[0.860s] -- Up-to-date: /home/team/SoftwareDevelopment/ROS2/skinny/src/install/talon/share/talon/environment/path.sh
[0.862s] -- Up-to-date: /home/team/SoftwareDevelopment/ROS2/skinny/src/install/talon/share/talon/environment/path.dsv
[0.863s] -- Up-to-date: /home/team/SoftwareDevelopment/ROS2/skinny/src/install/talon/share/talon/local_setup.bash
[0.864s] -- Up-to-date: /home/team/SoftwareDevelopment/ROS2/skinny/src/install/talon/share/talon/local_setup.sh
[0.864s] -- Up-to-date: /home/team/SoftwareDevelopment/ROS2/skinny/src/install/talon/share/talon/local_setup.zsh
[0.865s] -- Up-to-date: /home/team/SoftwareDevelopment/ROS2/skinny/src/install/talon/share/talon/local_setup.dsv
[0.866s] -- Installing: /home/team/SoftwareDevelopment/ROS2/skinny/src/install/talon/share/talon/package.dsv
[0.866s] -- Up-to-date: /home/team/SoftwareDevelopment/ROS2/skinny/src/install/talon/share/ament_index/resource_index/packages/talon
[0.867s] -- Up-to-date: /home/team/SoftwareDevelopment/ROS2/skinny/src/install/talon/share/talon/cmake/talonConfig.cmake
[0.867s] -- Up-to-date: /home/team/SoftwareDevelopment/ROS2/skinny/src/install/talon/share/talon/cmake/talonConfig-version.cmake
[0.868s] -- Up-to-date: /home/team/SoftwareDevelopment/ROS2/skinny/src/install/talon/share/talon/package.xml
[0.879s] Invoked command in '/home/team/SoftwareDevelopment/ROS2/skinny/src/build/talon' returned '0': CMAKE_PREFIX_PATH=/home/team/SoftwareDevelopment/ROS2/skinny/src/install/messages:/home/team/SoftwareDevelopment/ROS2/skinny/src/install/zed_tracking:/home/team/SoftwareDevelopment/ROS2/skinny/src/install/talon:/home/team/SoftwareDevelopment/ROS2/skinny/src/install/power_distribution_panel:/home/team/SoftwareDevelopment/ROS2/skinny/src/install/logic:/home/team/SoftwareDevelopment/ROS2/skinny/src/install/communication:/home/team/SoftwareDevelopment/ROS2/skinny/src/install/autonomy:/home/team/SoftwareDevelopment/ROS2/skinny/src/install/excavation:/opt/ros/eloquent /usr/bin/cmake --build /home/team/SoftwareDevelopment/ROS2/skinny/src/build/talon --target install -- -j4 -l4
