[0.165s] Invoking command in '/home/team/SoftwareDevelopment/ROS2/skinny/build/communication': AMENT_PREFIX_PATH=/home/team/SoftwareDevelopment/ROS2/skinny/install/messages:${AMENT_PREFIX_PATH} CMAKE_PREFIX_PATH=/home/team/SoftwareDevelopment/ROS2/skinny/install/messages:/opt/ros/eloquent LD_LIBRARY_PATH=/home/team/SoftwareDevelopment/ROS2/skinny/install/messages/lib:${LD_LIBRARY_PATH} PYTHONPATH=/home/team/SoftwareDevelopment/ROS2/skinny/install/messages/lib/python3.6/site-packages:${PYTHONPATH} /usr/bin/cmake --build /home/team/SoftwareDevelopment/ROS2/skinny/build/communication -- -j4 -l4
[0.371s] -- Found ament_cmake: 0.8.3 (/opt/ros/eloquent/share/ament_cmake/cmake)
[0.453s] -- Using PYTHON_EXECUTABLE: /usr/bin/python3
[1.778s] -- Found rclcpp: 0.8.5 (/opt/ros/eloquent/share/rclcpp/cmake)
[1.827s] -- Found rosidl_adapter: 0.8.3 (/opt/ros/eloquent/share/rosidl_adapter/cmake)
[1.969s] -- Found rmw_implementation_cmake: 0.8.1 (/opt/ros/eloquent/share/rmw_implementation_cmake/cmake)
[1.975s] -- Using RMW implementation 'rmw_fastrtps_cpp' as default
[2.104s] -- Found std_msgs: 0.8.1 (/opt/ros/eloquent/share/std_msgs/cmake)
[2.121s] -- Found messages: 0.0.0 (/home/team/SoftwareDevelopment/ROS2/skinny/install/messages/share/messages/cmake)
[2.554s] -- Configuring done
[2.603s] -- Generating done
[2.610s] -- Build files have been written to: /home/team/SoftwareDevelopment/ROS2/skinny/build/communication
[2.769s] [100%] Built target communication_node
[2.813s] Invoked command in '/home/team/SoftwareDevelopment/ROS2/skinny/build/communication' returned '0': AMENT_PREFIX_PATH=/home/team/SoftwareDevelopment/ROS2/skinny/install/messages:${AMENT_PREFIX_PATH} CMAKE_PREFIX_PATH=/home/team/SoftwareDevelopment/ROS2/skinny/install/messages:/opt/ros/eloquent LD_LIBRARY_PATH=/home/team/SoftwareDevelopment/ROS2/skinny/install/messages/lib:${LD_LIBRARY_PATH} PYTHONPATH=/home/team/SoftwareDevelopment/ROS2/skinny/install/messages/lib/python3.6/site-packages:${PYTHONPATH} /usr/bin/cmake --build /home/team/SoftwareDevelopment/ROS2/skinny/build/communication -- -j4 -l4
[2.920s] Invoking command in '/home/team/SoftwareDevelopment/ROS2/skinny/build/communication': AMENT_PREFIX_PATH=/home/team/SoftwareDevelopment/ROS2/skinny/install/messages:${AMENT_PREFIX_PATH} CMAKE_PREFIX_PATH=/home/team/SoftwareDevelopment/ROS2/skinny/install/messages:/opt/ros/eloquent LD_LIBRARY_PATH=/home/team/SoftwareDevelopment/ROS2/skinny/install/messages/lib:${LD_LIBRARY_PATH} PYTHONPATH=/home/team/SoftwareDevelopment/ROS2/skinny/install/messages/lib/python3.6/site-packages:${PYTHONPATH} /usr/bin/cmake --build /home/team/SoftwareDevelopment/ROS2/skinny/build/communication --target install -- -j4 -l4
[3.165s] [100%] Built target communication_node
[3.243s] [36mInstall the project...[0m
[3.280s] -- Install configuration: ""
[3.281s] -- Up-to-date: /home/team/SoftwareDevelopment/ROS2/skinny/install/communication/lib/communication/communication_node
[3.281s] -- Up-to-date: /home/team/SoftwareDevelopment/ROS2/skinny/install/communication/share/ament_index/resource_index/package_run_dependencies/communication
[3.282s] -- Up-to-date: /home/team/SoftwareDevelopment/ROS2/skinny/install/communication/share/ament_index/resource_index/parent_prefix_path/communication
[3.283s] -- Up-to-date: /home/team/SoftwareDevelopment/ROS2/skinny/install/communication/share/communication/environment/ament_prefix_path.sh
[3.284s] -- Installing: /home/team/SoftwareDevelopment/ROS2/skinny/install/communication/share/communication/environment/ament_prefix_path.dsv
[3.285s] -- Up-to-date: /home/team/SoftwareDevelopment/ROS2/skinny/install/communication/share/communication/environment/path.sh
[3.286s] -- Installing: /home/team/SoftwareDevelopment/ROS2/skinny/install/communication/share/communication/environment/path.dsv
[3.286s] -- Up-to-date: /home/team/SoftwareDevelopment/ROS2/skinny/install/communication/share/communication/local_setup.bash
[3.287s] -- Up-to-date: /home/team/SoftwareDevelopment/ROS2/skinny/install/communication/share/communication/local_setup.sh
[3.288s] -- Up-to-date: /home/team/SoftwareDevelopment/ROS2/skinny/install/communication/share/communication/local_setup.zsh
[3.288s] -- Installing: /home/team/SoftwareDevelopment/ROS2/skinny/install/communication/share/communication/local_setup.dsv
[3.289s] -- Installing: /home/team/SoftwareDevelopment/ROS2/skinny/install/communication/share/communication/package.dsv
[3.290s] -- Up-to-date: /home/team/SoftwareDevelopment/ROS2/skinny/install/communication/share/ament_index/resource_index/packages/communication
[3.290s] -- Up-to-date: /home/team/SoftwareDevelopment/ROS2/skinny/install/communication/share/communication/cmake/communicationConfig.cmake
[3.291s] -- Up-to-date: /home/team/SoftwareDevelopment/ROS2/skinny/install/communication/share/communication/cmake/communicationConfig-version.cmake
[3.291s] -- Up-to-date: /home/team/SoftwareDevelopment/ROS2/skinny/install/communication/share/communication/package.xml
[3.307s] Invoked command in '/home/team/SoftwareDevelopment/ROS2/skinny/build/communication' returned '0': AMENT_PREFIX_PATH=/home/team/SoftwareDevelopment/ROS2/skinny/install/messages:${AMENT_PREFIX_PATH} CMAKE_PREFIX_PATH=/home/team/SoftwareDevelopment/ROS2/skinny/install/messages:/opt/ros/eloquent LD_LIBRARY_PATH=/home/team/SoftwareDevelopment/ROS2/skinny/install/messages/lib:${LD_LIBRARY_PATH} PYTHONPATH=/home/team/SoftwareDevelopment/ROS2/skinny/install/messages/lib/python3.6/site-packages:${PYTHONPATH} /usr/bin/cmake --build /home/team/SoftwareDevelopment/ROS2/skinny/build/communication --target install -- -j4 -l4
