[1.657s] Invoking command in '/home/team/SoftwareDevelopment/ROS2/skinny/src/excavation': PYTHONPATH=/home/team/SoftwareDevelopment/ROS2/skinny/install/excavation/lib/python3.6/site-packages:${PYTHONPATH} /usr/bin/python3 setup.py egg_info --egg-base ../../build/excavation build --build-base /home/team/SoftwareDevelopment/ROS2/skinny/build/excavation/build install --prefix /home/team/SoftwareDevelopment/ROS2/skinny/install/excavation --record /home/team/SoftwareDevelopment/ROS2/skinny/build/excavation/install.log --single-version-externally-managed
[3.191s] running egg_info
[3.195s] writing ../../build/excavation/excavation.egg-info/PKG-INFO
[3.196s] writing dependency_links to ../../build/excavation/excavation.egg-info/dependency_links.txt
[3.197s] writing entry points to ../../build/excavation/excavation.egg-info/entry_points.txt
[3.198s] writing requirements to ../../build/excavation/excavation.egg-info/requires.txt
[3.198s] writing top-level names to ../../build/excavation/excavation.egg-info/top_level.txt
[3.420s] reading manifest file '../../build/excavation/excavation.egg-info/SOURCES.txt'
[3.428s] writing manifest file '../../build/excavation/excavation.egg-info/SOURCES.txt'
[3.429s] running build
[3.429s] running build_py
[3.431s] running install
[3.433s] running install_lib
[3.440s] running install_data
[3.454s] running install_egg_info
[3.501s] removing '/home/team/SoftwareDevelopment/ROS2/skinny/install/excavation/lib/python3.6/site-packages/excavation-0.0.0-py3.6.egg-info' (and everything under it)
[3.502s] Copying ../../build/excavation/excavation.egg-info to /home/team/SoftwareDevelopment/ROS2/skinny/install/excavation/lib/python3.6/site-packages/excavation-0.0.0-py3.6.egg-info
[3.504s] running install_scripts
[3.567s] Installing excavation_node script to /home/team/SoftwareDevelopment/ROS2/skinny/install/excavation/lib/excavation
[3.569s] writing list of installed files to '/home/team/SoftwareDevelopment/ROS2/skinny/build/excavation/install.log'
[3.678s] Invoked command in '/home/team/SoftwareDevelopment/ROS2/skinny/src/excavation' returned '0': PYTHONPATH=/home/team/SoftwareDevelopment/ROS2/skinny/install/excavation/lib/python3.6/site-packages:${PYTHONPATH} /usr/bin/python3 setup.py egg_info --egg-base ../../build/excavation build --build-base /home/team/SoftwareDevelopment/ROS2/skinny/build/excavation/build install --prefix /home/team/SoftwareDevelopment/ROS2/skinny/install/excavation --record /home/team/SoftwareDevelopment/ROS2/skinny/build/excavation/install.log --single-version-externally-managed
