[0.135s] Invoking command in '/home/team/SoftwareDevelopment/ROS2/skinny/build/zed_tracking': CMAKE_PREFIX_PATH=/home/team/SoftwareDevelopment/ROS2/skinny/install/messages:/home/team/SoftwareDevelopment/ROS2/skinny/install/talon:/home/team/SoftwareDevelopment/ROS2/skinny/install/power_distribution_panel:/home/team/SoftwareDevelopment/ROS2/skinny/install/logic:/home/team/SoftwareDevelopment/ROS2/skinny/install/communication:/home/team/SoftwareDevelopment/ROS2/skinny/install/excavation:/opt/ros/eloquent /usr/bin/cmake --build /home/team/SoftwareDevelopment/ROS2/skinny/build/zed_tracking -- -j4 -l4
[0.304s] [35m[1mScanning dependencies of target zed_tracking_node[0m
[0.424s] [ 33%] [32mBuilding CXX object CMakeFiles/zed_tracking_node.dir/src/zed_tracking_node.cpp.o[0m
[0.822s] In file included from [01m[K/home/team/SoftwareDevelopment/ROS2/skinny/src/zed_tracking/src/zed_tracking_node.cpp:4:0[m[K:
[0.823s] [01m[K/usr/local/zed/include/sl/Camera.hpp:94:2:[m[K [01;35m[Kwarning: [m[K#warning ("'Debug' builds are not supported since this library was built in 'Release', 'RelWithDebInfo' should be preferred to avoid crashes and memory issues") [[01;35m[K-Wcpp[m[K]
[0.824s]  #[01;35m[Kwarning[m[K("'Debug' builds are not supported since this library was built in 'Release', 'RelWithDebInfo' should be preferred to avoid crashes and memory issues")
[0.824s]   [01;35m[K^~~~~~~[m[K
[8.758s] [01m[K/home/team/SoftwareDevelopment/ROS2/skinny/src/zed_tracking/src/zed_tracking_node.cpp:[m[K In function ‘[01m[Kint main(int, char**)[m[K’:
[8.758s] [01m[K/home/team/SoftwareDevelopment/ROS2/skinny/src/zed_tracking/src/zed_tracking_node.cpp:28:37:[m[K [01;31m[Kerror: [m[K‘[01m[KRESOLUTION[m[K’ has not been declared
[8.759s]      init_params.camera_resolution = [01;31m[KRESOLUTION[m[K::VGA;
[8.760s] 
[8.760s]                                      [01;31m[K^~~~~~~~~~[m[K
[8.761s] [01m[K/home/team/SoftwareDevelopment/ROS2/skinny/src/zed_tracking/src/zed_tracking_node.cpp:29:36:[m[K [01;31m[Kerror: [m[K‘[01m[KUNIT[m[K’ has not been declared
[8.761s]      init_params.coordinate_units = [01;31m[KUNIT[m[K::METER;
[8.762s] 
[8.763s]                                     [01;31m[K^~~~[m[K
[8.764s] [01m[K/home/team/SoftwareDevelopment/ROS2/skinny/src/zed_tracking/src/zed_tracking_node.cpp:30:37:[m[K [01;31m[Kerror: [m[K‘[01m[KCOORDINATE_SYSTEM[m[K’ has not been declared
[8.765s]      init_params.coordinate_system = [01;31m[KCOORDINATE_SYSTEM[m[K::RIGHT_HANDED_Y_UP;
[8.766s] 
[8.767s]                                      [01;31m[K^~~~~~~~~~~~~~~~~[m[K
[8.768s] [01m[K/home/team/SoftwareDevelopment/ROS2/skinny/src/zed_tracking/src/zed_tracking_node.cpp:41:5:[m[K [01;31m[Kerror: [m[K‘[01m[KERROR_CODE[m[K’ was not declared in this scope
[8.768s]      [01;31m[KERROR_CODE[m[K err = zed.open(init_params);
[8.769s] 
[8.769s]      [01;31m[K^~~~~~~~~~[m[K
[8.771s] [01m[K/home/team/SoftwareDevelopment/ROS2/skinny/src/zed_tracking/src/zed_tracking_node.cpp:41:5:[m[K [01;36m[Knote: [m[Ksuggested alternative:
[8.771s] In file included from [01m[K/home/team/SoftwareDevelopment/ROS2/skinny/src/zed_tracking/src/zed_tracking_node.cpp:4:0[m[K:
[8.772s] [01m[K/usr/local/zed/include/sl/Camera.hpp:365:16:[m[K [01;36m[Knote: [m[K  ‘[01m[Ksl::ERROR_CODE[m[K’
[8.773s]      enum class [01;36m[KERROR_CODE[m[K {
[8.773s]                 [01;36m[K^~~~~~~~~~[m[K
[8.774s] [01m[K/home/team/SoftwareDevelopment/ROS2/skinny/src/zed_tracking/src/zed_tracking_node.cpp:42:9:[m[K [01;31m[Kerror: [m[K‘[01m[Kerr[m[K’ was not declared in this scope
[8.775s]      if ([01;31m[Kerr[m[K != ERROR_CODE::SUCCESS) {
[8.775s] 
[8.776s]          [01;31m[K^~~[m[K
[8.777s] [01m[K/home/team/SoftwareDevelopment/ROS2/skinny/src/zed_tracking/src/zed_tracking_node.cpp:42:9:[m[K [01;36m[Knote: [m[Ksuggested alternative: ‘[01m[Kerf[m[K’
[8.778s]      if ([01;36m[Kerr[m[K != ERROR_CODE::SUCCESS) {
[8.778s] 
[8.779s]          [01;36m[K^~~[m[K
[8.780s]          [32m[Kerf[m[K
[8.781s] [01m[K/home/team/SoftwareDevelopment/ROS2/skinny/src/zed_tracking/src/zed_tracking_node.cpp:42:16:[m[K [01;31m[Kerror: [m[K‘[01m[KERROR_CODE[m[K’ is not a class, namespace, or enumeration
[8.781s]      if (err != [01;31m[KERROR_CODE[m[K::SUCCESS) {
[8.782s] 
[8.783s]                 [01;31m[K^~~~~~~~~~[m[K
[8.783s] [01m[K/home/team/SoftwareDevelopment/ROS2/skinny/src/zed_tracking/src/zed_tracking_node.cpp:43:9:[m[K [01;31m[Kerror: [m[K‘[01m[Kcout[m[K’ was not declared in this scope
[8.784s]          [01;31m[Kcout[m[K << "Error, unable to open ZED camera: " << err << "\n";
[8.785s] 
[8.785s]          [01;31m[K^~~~[m[K
[8.786s] [01m[K/home/team/SoftwareDevelopment/ROS2/skinny/src/zed_tracking/src/zed_tracking_node.cpp:43:9:[m[K [01;36m[Knote: [m[Ksuggested alternative:
[8.786s] In file included from [01m[K/opt/ros/eloquent/include/rclcpp/executor.hpp:22:0[m[K,
[8.789s]                  from [01m[K/opt/ros/eloquent/include/rclcpp/executors/multi_threaded_executor.hpp:25[m[K,
[8.791s]                  from [01m[K/opt/ros/eloquent/include/rclcpp/executors.hpp:21[m[K,
[8.792s]                  from [01m[K/opt/ros/eloquent/include/rclcpp/rclcpp.hpp:145[m[K,
[8.792s]                  from [01m[K/home/team/SoftwareDevelopment/ROS2/skinny/src/zed_tracking/src/zed_tracking_node.cpp:2[m[K:
[8.793s] [01m[K/usr/include/c++/7/iostream:61:18:[m[K [01;36m[Knote: [m[K  ‘[01m[Kstd::cout[m[K’
[8.793s]    extern ostream [01;36m[Kcout[m[K;  /// Linked to standard output
[8.794s]                   [01;36m[K^~~~[m[K
[8.794s] In file included from [01m[K/home/team/SoftwareDevelopment/ROS2/skinny/src/zed_tracking/src/zed_tracking_node.cpp:4:0[m[K:
[8.795s] [01m[K/usr/local/zed/include/sl/Camera.hpp:[m[K In destructor ‘[01m[Ksl::CameraInformation::~CameraInformation()[m[K’:
[8.795s] [01m[K/usr/local/zed/include/sl/Camera.hpp:3201:12:[m[K [01;35m[Kwarning: [m[K‘[01m[Ksl::CameraInformation::calibration_parameters[m[K’ is deprecated: Use camera_configuration.calibration_parameters instead [[01;35m[K-Wdeprecated-declarations[m[K]
[8.796s]      struct [01;35m[KCameraInformation[m[K {
[8.796s]             [01;35m[K^~~~~~~~~~~~~~~~~[m[K
[8.797s] [01m[K/usr/local/zed/include/sl/Camera.hpp:3209:104:[m[K [01;36m[Knote: [m[Kdeclared here
[8.797s]          SL_DEPRECATED("Use camera_configuration.calibration_parameters instead") CalibrationParameters [01;36m[Kcalibration_parameters[m[K; /**< \deprecated see CameraConfiguration::calibration_parameters, Intrinsic and Extrinsic stereo parameters for rectified/undistorded images (default).*/
[8.798s]                                                                                                         [01;36m[K^~~~~~~~~~~~~~~~~~~~~~[m[K
[8.798s] [01m[K/usr/local/zed/include/sl/Camera.hpp:3201:12:[m[K [01;35m[Kwarning: [m[K‘[01m[Ksl::CameraInformation::calibration_parameters[m[K’ is deprecated: Use camera_configuration.calibration_parameters instead [[01;35m[K-Wdeprecated-declarations[m[K]
[8.799s]      struct [01;35m[KCameraInformation[m[K {
[8.799s]             [01;35m[K^~~~~~~~~~~~~~~~~[m[K
[8.800s] [01m[K/usr/local/zed/include/sl/Camera.hpp:3209:104:[m[K [01;36m[Knote: [m[Kdeclared here
[8.800s]          SL_DEPRECATED("Use camera_configuration.calibration_parameters instead") CalibrationParameters [01;36m[Kcalibration_parameters[m[K; /**< \deprecated see CameraConfiguration::calibration_parameters, Intrinsic and Extrinsic stereo parameters for rectified/undistorded images (default).*/
[8.801s]                                                                                                         [01;36m[K^~~~~~~~~~~~~~~~~~~~~~[m[K
[8.801s] [01m[K/usr/local/zed/include/sl/Camera.hpp:3201:12:[m[K [01;35m[Kwarning: [m[K‘[01m[Ksl::CameraInformation::calibration_parameters_raw[m[K’ is deprecated: Use camera_configuration.calibration_parameters_raw instead [[01;35m[K-Wdeprecated-declarations[m[K]
[8.802s]      struct [01;35m[KCameraInformation[m[K {
[8.802s]             [01;35m[K^~~~~~~~~~~~~~~~~[m[K
[8.803s] [01m[K/usr/local/zed/include/sl/Camera.hpp:3210:108:[m[K [01;36m[Knote: [m[Kdeclared here
[8.805s]          SL_DEPRECATED("Use camera_configuration.calibration_parameters_raw instead") CalibrationParameters [01;36m[Kcalibration_parameters_raw[m[K; /**< \deprecated see CameraConfiguration::calibration_parameters_raw, Intrinsic and Extrinsic stereo parameters for original images (unrectified/distorded).*/
[8.806s]                                                                                                             [01;36m[K^~~~~~~~~~~~~~~~~~~~~~~~~~[m[K
[8.806s] [01m[K/usr/local/zed/include/sl/Camera.hpp:3201:12:[m[K [01;35m[Kwarning: [m[K‘[01m[Ksl::CameraInformation::calibration_parameters_raw[m[K’ is deprecated: Use camera_configuration.calibration_parameters_raw instead [[01;35m[K-Wdeprecated-declarations[m[K]
[8.808s]      struct [01;35m[KCameraInformation[m[K {
[8.808s]             [01;35m[K^~~~~~~~~~~~~~~~~[m[K
[8.809s] [01m[K/usr/local/zed/include/sl/Camera.hpp:3210:108:[m[K [01;36m[Knote: [m[Kdeclared here
[8.809s]          SL_DEPRECATED("Use camera_configuration.calibration_parameters_raw instead") CalibrationParameters [01;36m[Kcalibration_parameters_raw[m[K; /**< \deprecated see CameraConfiguration::calibration_parameters_raw, Intrinsic and Extrinsic stereo parameters for original images (unrectified/distorded).*/
[8.810s]                                                                                                             [01;36m[K^~~~~~~~~~~~~~~~~~~~~~~~~~[m[K
[8.810s] [01m[K/usr/local/zed/include/sl/Camera.hpp:3201:12:[m[K [01;35m[Kwarning: [m[K‘[01m[Ksl::CameraInformation::camera_imu_transform[m[K’ is deprecated: Use sensors_configuration.camera_imu_transform instead [[01;35m[K-Wdeprecated-declarations[m[K]
[8.811s]      struct [01;35m[KCameraInformation[m[K {
[8.812s]             [01;35m[K^~~~~~~~~~~~~~~~~[m[K
[8.812s] [01m[K/usr/local/zed/include/sl/Camera.hpp:3211:95:[m[K [01;36m[Knote: [m[Kdeclared here
[8.813s]          SL_DEPRECATED("Use sensors_configuration.camera_imu_transform instead") sl::Transform [01;36m[Kcamera_imu_transform[m[K; /**< \deprecated see SensorsConfiguration::camera_imu_transform, IMU to Left camera transform matrix, that contains rotation and translation between IMU frame and camera frame.*/
[8.814s]                                                                                                [01;36m[K^~~~~~~~~~~~~~~~~~~~[m[K
[8.815s] [01m[K/usr/local/zed/include/sl/Camera.hpp:3201:12:[m[K [01;35m[Kwarning: [m[K‘[01m[Ksl::CameraInformation::camera_imu_transform[m[K’ is deprecated: Use sensors_configuration.camera_imu_transform instead [[01;35m[K-Wdeprecated-declarations[m[K]
[8.815s]      struct [01;35m[KCameraInformation[m[K {
[8.816s]             [01;35m[K^~~~~~~~~~~~~~~~~[m[K
[8.816s] [01m[K/usr/local/zed/include/sl/Camera.hpp:3211:95:[m[K [01;36m[Knote: [m[Kdeclared here
[8.817s]          SL_DEPRECATED("Use sensors_configuration.camera_imu_transform instead") sl::Transform [01;36m[Kcamera_imu_transform[m[K; /**< \deprecated see SensorsConfiguration::camera_imu_transform, IMU to Left camera transform matrix, that contains rotation and translation between IMU frame and camera frame.*/
[8.817s]                                                                                                [01;36m[K^~~~~~~~~~~~~~~~~~~~[m[K
[8.818s] [01m[K/home/team/SoftwareDevelopment/ROS2/skinny/src/zed_tracking/src/zed_tracking_node.cpp:[m[K In function ‘[01m[Kint main(int, char**)[m[K’:
[8.819s] [01m[K/home/team/SoftwareDevelopment/ROS2/skinny/src/zed_tracking/src/zed_tracking_node.cpp:48:48:[m[K [01;36m[Knote: [m[Ksynthesized method ‘[01m[Ksl::CameraInformation::~CameraInformation()[m[K’ first required here 
[8.819s]      auto cameraInfo = zed.getCameraInformation([01;36m[K)[m[K;
[8.820s] 
[8.820s]                                                 [01;36m[K^[m[K
[8.821s] In file included from [01m[K/home/team/SoftwareDevelopment/ROS2/skinny/src/zed_tracking/src/zed_tracking_node.cpp:4:0[m[K:
[8.821s] [01m[K/usr/local/zed/include/sl/Camera.hpp:[m[K In constructor ‘[01m[Ksl::CalibrationParameters::CalibrationParameters(sl::CalibrationParameters&&)[m[K’:
[8.822s] [01m[K/usr/local/zed/include/sl/Camera.hpp:3121:59:[m[K [01;35m[Kwarning: [m[K‘[01m[Ksl::CalibrationParameters::R[m[K’ is deprecated: Use stereo_transform.getRotationMatrix instead [[01;35m[K-Wdeprecated-declarations[m[K]
[8.822s]      struct /*@cond SHOWHIDDEN*/SL_CORE_EXPORT/*@endcond*/ [01;35m[KCalibrationParameters[m[K {
[8.823s]                                                            [01;35m[K^~~~~~~~~~~~~~~~~~~~~[m[K
[8.823s] [01m[K/usr/local/zed/include/sl/Camera.hpp:3129:80:[m[K [01;36m[Knote: [m[Kdeclared here
[8.824s]          SL_DEPRECATED("Use stereo_transform.getRotationMatrix instead") float3 [01;36m[KR[m[K; /**< \deprecated see stereo_transform, Rotation on its own (using Rodrigues' transformation) of the right sensor. The left is considered as the reference. Defined as 'tilt', 'convergence' and 'roll'. Using a \ref Rotation, you can use \ref Rotation::setRotationVector(R) to convert into other representations.*/
[8.824s]                                                                                 [01;36m[K^[m[K
[8.825s] [01m[K/usr/local/zed/include/sl/Camera.hpp:3121:59:[m[K [01;35m[Kwarning: [m[K‘[01m[Ksl::CalibrationParameters::R[m[K’ is deprecated: Use stereo_transform.getRotationMatrix instead [[01;35m[K-Wdeprecated-declarations[m[K]
[8.825s]      struct /*@cond SHOWHIDDEN*/SL_CORE_EXPORT/*@endcond*/ [01;35m[KCalibrationParameters[m[K {
[8.826s]                                                            [01;35m[K^~~~~~~~~~~~~~~~~~~~~[m[K
[8.826s] [01m[K/usr/local/zed/include/sl/Camera.hpp:3129:80:[m[K [01;36m[Knote: [m[Kdeclared here
[8.827s]          SL_DEPRECATED("Use stereo_transform.getRotationMatrix instead") float3 [01;36m[KR[m[K; /**< \deprecated see stereo_transform, Rotation on its own (using Rodrigues' transformation) of the right sensor. The left is considered as the reference. Defined as 'tilt', 'convergence' and 'roll'. Using a \ref Rotation, you can use \ref Rotation::setRotationVector(R) to convert into other representations.*/
[8.827s]                                                                                 [01;36m[K^[m[K
[8.828s] [01m[K/usr/local/zed/include/sl/Camera.hpp:3121:59:[m[K [01;35m[Kwarning: [m[K‘[01m[Ksl::CalibrationParameters::T[m[K’ is deprecated: Use stereo_transform.getTranslation instead [[01;35m[K-Wdeprecated-declarations[m[K]
[8.829s]      struct /*@cond SHOWHIDDEN*/SL_CORE_EXPORT/*@endcond*/ [01;35m[KCalibrationParameters[m[K {
[8.829s]                                                            [01;35m[K^~~~~~~~~~~~~~~~~~~~~[m[K
[8.830s] [01m[K/usr/local/zed/include/sl/Camera.hpp:3130:77:[m[K [01;36m[Knote: [m[Kdeclared here
[8.831s]          SL_DEPRECATED("Use stereo_transform.getTranslation instead") float3 [01;36m[KT[m[K; /**< \deprecated see stereo_transform,  Translation between the two sensors. T.x is the distance between the two cameras (baseline) in the sl::UNIT chosen during sl::Camera::open (mm, cm, meters, inches...).*/
[8.831s]                                                                              [01;36m[K^[m[K
[8.832s] [01m[K/usr/local/zed/include/sl/Camera.hpp:3121:59:[m[K [01;35m[Kwarning: [m[K‘[01m[Ksl::CalibrationParameters::T[m[K’ is deprecated: Use stereo_transform.getTranslation instead [[01;35m[K-Wdeprecated-declarations[m[K]
[8.832s]      struct /*@cond SHOWHIDDEN*/SL_CORE_EXPORT/*@endcond*/ [01;35m[KCalibrationParameters[m[K {
[8.833s]                                                            [01;35m[K^~~~~~~~~~~~~~~~~~~~~[m[K
[8.833s] [01m[K/usr/local/zed/include/sl/Camera.hpp:3130:77:[m[K [01;36m[Knote: [m[Kdeclared here
[8.834s]          SL_DEPRECATED("Use stereo_transform.getTranslation instead") float3 [01;36m[KT[m[K; /**< \deprecated see stereo_transform,  Translation between the two sensors. T.x is the distance between the two cameras (baseline) in the sl::UNIT chosen during sl::Camera::open (mm, cm, meters, inches...).*/
[8.834s]                                                                              [01;36m[K^[m[K
[8.835s] [01m[K/usr/local/zed/include/sl/Camera.hpp:[m[K In constructor ‘[01m[Ksl::CameraConfiguration::CameraConfiguration(sl::CameraConfiguration&&)[m[K’:
[8.835s] [01m[K/usr/local/zed/include/sl/Camera.hpp:3184:12:[m[K [01;36m[Knote: [m[Ksynthesized method ‘[01m[Ksl::CalibrationParameters::CalibrationParameters(sl::CalibrationParameters&&)[m[K’ first required here 
[8.836s]      struct [01;36m[KCameraConfiguration[m[K {
[8.836s]             [01;36m[K^~~~~~~~~~~~~~~~~~~[m[K
[8.837s] [01m[K/usr/local/zed/include/sl/Camera.hpp:[m[K In constructor ‘[01m[Ksl::CameraInformation::CameraInformation(sl::CameraInformation&&)[m[K’:
[8.837s] [01m[K/usr/local/zed/include/sl/Camera.hpp:3201:12:[m[K [01;36m[Knote: [m[Ksynthesized method ‘[01m[Ksl::CameraConfiguration::CameraConfiguration(sl::CameraConfiguration&&)[m[K’ first required here 
[8.838s]      struct [01;36m[KCameraInformation[m[K {
[8.838s]             [01;36m[K^~~~~~~~~~~~~~~~~[m[K
[8.839s] [01m[K/usr/local/zed/include/sl/Camera.hpp:3201:12:[m[K [01;35m[Kwarning: [m[K‘[01m[Ksl::CameraInformation::calibration_parameters[m[K’ is deprecated: Use camera_configuration.calibration_parameters instead [[01;35m[K-Wdeprecated-declarations[m[K]
[8.839s] [01m[K/usr/local/zed/include/sl/Camera.hpp:3209:104:[m[K [01;36m[Knote: [m[Kdeclared here
[8.840s]          SL_DEPRECATED("Use camera_configuration.calibration_parameters instead") CalibrationParameters [01;36m[Kcalibration_parameters[m[K; /**< \deprecated see CameraConfiguration::calibration_parameters, Intrinsic and Extrinsic stereo parameters for rectified/undistorded images (default).*/
[8.840s]                                                                                                         [01;36m[K^~~~~~~~~~~~~~~~~~~~~~[m[K
[8.841s] [01m[K/usr/local/zed/include/sl/Camera.hpp:3201:12:[m[K [01;35m[Kwarning: [m[K‘[01m[Ksl::CameraInformation::calibration_parameters[m[K’ is deprecated: Use camera_configuration.calibration_parameters instead [[01;35m[K-Wdeprecated-declarations[m[K]
[8.841s]      struct [01;35m[KCameraInformation[m[K {
[8.842s]             [01;35m[K^~~~~~~~~~~~~~~~~[m[K
[8.842s] [01m[K/usr/local/zed/include/sl/Camera.hpp:3209:104:[m[K [01;36m[Knote: [m[Kdeclared here
[8.843s]          SL_DEPRECATED("Use camera_configuration.calibration_parameters instead") CalibrationParameters [01;36m[Kcalibration_parameters[m[K; /**< \deprecated see CameraConfiguration::calibration_parameters, Intrinsic and Extrinsic stereo parameters for rectified/undistorded images (default).*/
[8.843s]                                                                                                         [01;36m[K^~~~~~~~~~~~~~~~~~~~~~[m[K
[8.844s] [01m[K/usr/local/zed/include/sl/Camera.hpp:3201:12:[m[K [01;35m[Kwarning: [m[K‘[01m[Ksl::CameraInformation::calibration_parameters[m[K’ is deprecated: Use camera_configuration.calibration_parameters instead [[01;35m[K-Wdeprecated-declarations[m[K]
[8.844s]      struct [01;35m[KCameraInformation[m[K {
[8.845s]             [01;35m[K^~~~~~~~~~~~~~~~~[m[K
[8.845s] [01m[K/usr/local/zed/include/sl/Camera.hpp:3209:104:[m[K [01;36m[Knote: [m[Kdeclared here
[8.846s]          SL_DEPRECATED("Use camera_configuration.calibration_parameters instead") CalibrationParameters [01;36m[Kcalibration_parameters[m[K; /**< \deprecated see CameraConfiguration::calibration_parameters, Intrinsic and Extrinsic stereo parameters for rectified/undistorded images (default).*/
[8.846s]                                                                                                         [01;36m[K^~~~~~~~~~~~~~~~~~~~~~[m[K
[8.847s] [01m[K/usr/local/zed/include/sl/Camera.hpp:3201:12:[m[K [01;35m[Kwarning: [m[K‘[01m[Ksl::CameraInformation::calibration_parameters[m[K’ is deprecated: Use camera_configuration.calibration_parameters instead [[01;35m[K-Wdeprecated-declarations[m[K]
[8.847s]      struct [01;35m[KCameraInformation[m[K {
[8.848s]             [01;35m[K^~~~~~~~~~~~~~~~~[m[K
[8.848s] [01m[K/usr/local/zed/include/sl/Camera.hpp:3209:104:[m[K [01;36m[Knote: [m[Kdeclared here
[8.849s]          SL_DEPRECATED("Use camera_configuration.calibration_parameters instead") CalibrationParameters [01;36m[Kcalibration_parameters[m[K; /**< \deprecated see CameraConfiguration::calibration_parameters, Intrinsic and Extrinsic stereo parameters for rectified/undistorded images (default).*/
[8.851s]                                                                                                         [01;36m[K^~~~~~~~~~~~~~~~~~~~~~[m[K
[8.851s] [01m[K/usr/local/zed/include/sl/Camera.hpp:3201:12:[m[K [01;35m[Kwarning: [m[K‘[01m[Ksl::CameraInformation::calibration_parameters_raw[m[K’ is deprecated: Use camera_configuration.calibration_parameters_raw instead [[01;35m[K-Wdeprecated-declarations[m[K]
[8.852s]      struct [01;35m[KCameraInformation[m[K {
[8.852s]             [01;35m[K^~~~~~~~~~~~~~~~~[m[K
[8.853s] [01m[K/usr/local/zed/include/sl/Camera.hpp:3210:108:[m[K [01;36m[Knote: [m[Kdeclared here
[8.853s]          SL_DEPRECATED("Use camera_configuration.calibration_parameters_raw instead") CalibrationParameters [01;36m[Kcalibration_parameters_raw[m[K; /**< \deprecated see CameraConfiguration::calibration_parameters_raw, Intrinsic and Extrinsic stereo parameters for original images (unrectified/distorded).*/
[8.854s]                                                                                                             [01;36m[K^~~~~~~~~~~~~~~~~~~~~~~~~~[m[K
[8.854s] [01m[K/usr/local/zed/include/sl/Camera.hpp:3201:12:[m[K [01;35m[Kwarning: [m[K‘[01m[Ksl::CameraInformation::calibration_parameters_raw[m[K’ is deprecated: Use camera_configuration.calibration_parameters_raw instead [[01;35m[K-Wdeprecated-declarations[m[K]
[8.855s]      struct [01;35m[KCameraInformation[m[K {
[8.855s]             [01;35m[K^~~~~~~~~~~~~~~~~[m[K
[8.856s] [01m[K/usr/local/zed/include/sl/Camera.hpp:3210:108:[m[K [01;36m[Knote: [m[Kdeclared here
[8.856s]          SL_DEPRECATED("Use camera_configuration.calibration_parameters_raw instead") CalibrationParameters [01;36m[Kcalibration_parameters_raw[m[K; /**< \deprecated see CameraConfiguration::calibration_parameters_raw, Intrinsic and Extrinsic stereo parameters for original images (unrectified/distorded).*/
[8.857s]                                                                                                             [01;36m[K^~~~~~~~~~~~~~~~~~~~~~~~~~[m[K
[8.857s] [01m[K/usr/local/zed/include/sl/Camera.hpp:3201:12:[m[K [01;35m[Kwarning: [m[K‘[01m[Ksl::CameraInformation::calibration_parameters_raw[m[K’ is deprecated: Use camera_configuration.calibration_parameters_raw instead [[01;35m[K-Wdeprecated-declarations[m[K]
[8.858s]      struct [01;35m[KCameraInformation[m[K {
[8.858s]             [01;35m[K^~~~~~~~~~~~~~~~~[m[K
[8.859s] [01m[K/usr/local/zed/include/sl/Camera.hpp:3210:108:[m[K [01;36m[Knote: [m[Kdeclared here
[8.859s]          SL_DEPRECATED("Use camera_configuration.calibration_parameters_raw instead") CalibrationParameters [01;36m[Kcalibration_parameters_raw[m[K; /**< \deprecated see CameraConfiguration::calibration_parameters_raw, Intrinsic and Extrinsic stereo parameters for original images (unrectified/distorded).*/
[8.860s]                                                                                                             [01;36m[K^~~~~~~~~~~~~~~~~~~~~~~~~~[m[K
[8.860s] [01m[K/usr/local/zed/include/sl/Camera.hpp:3201:12:[m[K [01;35m[Kwarning: [m[K‘[01m[Ksl::CameraInformation::calibration_parameters_raw[m[K’ is deprecated: Use camera_configuration.calibration_parameters_raw instead [[01;35m[K-Wdeprecated-declarations[m[K]
[8.861s]      struct [01;35m[KCameraInformation[m[K {
[8.861s]             [01;35m[K^~~~~~~~~~~~~~~~~[m[K
[8.861s] [01m[K/usr/local/zed/include/sl/Camera.hpp:3210:108:[m[K [01;36m[Knote: [m[Kdeclared here
[8.862s]          SL_DEPRECATED("Use camera_configuration.calibration_parameters_raw instead") CalibrationParameters [01;36m[Kcalibration_parameters_raw[m[K; /**< \deprecated see CameraConfiguration::calibration_parameters_raw, Intrinsic and Extrinsic stereo parameters for original images (unrectified/distorded).*/
[8.862s]                                                                                                             [01;36m[K^~~~~~~~~~~~~~~~~~~~~~~~~~[m[K
[8.863s] [01m[K/usr/local/zed/include/sl/Camera.hpp:3201:12:[m[K [01;35m[Kwarning: [m[K‘[01m[Ksl::CameraInformation::camera_imu_transform[m[K’ is deprecated: Use sensors_configuration.camera_imu_transform instead [[01;35m[K-Wdeprecated-declarations[m[K]
[8.864s]      struct [01;35m[KCameraInformation[m[K {
[8.864s]             [01;35m[K^~~~~~~~~~~~~~~~~[m[K
[8.864s] [01m[K/usr/local/zed/include/sl/Camera.hpp:3211:95:[m[K [01;36m[Knote: [m[Kdeclared here
[8.865s]          SL_DEPRECATED("Use sensors_configuration.camera_imu_transform instead") sl::Transform [01;36m[Kcamera_imu_transform[m[K; /**< \deprecated see SensorsConfiguration::camera_imu_transform, IMU to Left camera transform matrix, that contains rotation and translation between IMU frame and camera frame.*/
[8.865s]                                                                                                [01;36m[K^~~~~~~~~~~~~~~~~~~~[m[K
[8.866s] [01m[K/usr/local/zed/include/sl/Camera.hpp:3201:12:[m[K [01;35m[Kwarning: [m[K‘[01m[Ksl::CameraInformation::camera_imu_transform[m[K’ is deprecated: Use sensors_configuration.camera_imu_transform instead [[01;35m[K-Wdeprecated-declarations[m[K]
[8.866s]      struct [01;35m[KCameraInformation[m[K {
[8.867s]             [01;35m[K^~~~~~~~~~~~~~~~~[m[K
[8.868s] [01m[K/usr/local/zed/include/sl/Camera.hpp:3211:95:[m[K [01;36m[Knote: [m[Kdeclared here
[8.868s]          SL_DEPRECATED("Use sensors_configuration.camera_imu_transform instead") sl::Transform [01;36m[Kcamera_imu_transform[m[K; /**< \deprecated see SensorsConfiguration::camera_imu_transform, IMU to Left camera transform matrix, that contains rotation and translation between IMU frame and camera frame.*/
[8.868s]                                                                                                [01;36m[K^~~~~~~~~~~~~~~~~~~~[m[K
[8.869s] [01m[K/usr/local/zed/include/sl/Camera.hpp:3201:12:[m[K [01;35m[Kwarning: [m[K‘[01m[Ksl::CameraInformation::camera_imu_transform[m[K’ is deprecated: Use sensors_configuration.camera_imu_transform instead [[01;35m[K-Wdeprecated-declarations[m[K]
[8.869s]      struct [01;35m[KCameraInformation[m[K {
[8.870s]             [01;35m[K^~~~~~~~~~~~~~~~~[m[K
[8.870s] [01m[K/usr/local/zed/include/sl/Camera.hpp:3211:95:[m[K [01;36m[Knote: [m[Kdeclared here
[8.871s]          SL_DEPRECATED("Use sensors_configuration.camera_imu_transform instead") sl::Transform [01;36m[Kcamera_imu_transform[m[K; /**< \deprecated see SensorsConfiguration::camera_imu_transform, IMU to Left camera transform matrix, that contains rotation and translation between IMU frame and camera frame.*/
[8.871s]                                                                                                [01;36m[K^~~~~~~~~~~~~~~~~~~~[m[K
[8.872s] [01m[K/usr/local/zed/include/sl/Camera.hpp:3201:12:[m[K [01;35m[Kwarning: [m[K‘[01m[Ksl::CameraInformation::camera_imu_transform[m[K’ is deprecated: Use sensors_configuration.camera_imu_transform instead [[01;35m[K-Wdeprecated-declarations[m[K]
[8.872s]      struct [01;35m[KCameraInformation[m[K {
[8.873s]             [01;35m[K^~~~~~~~~~~~~~~~~[m[K
[8.874s] [01m[K/usr/local/zed/include/sl/Camera.hpp:3211:95:[m[K [01;36m[Knote: [m[Kdeclared here
[8.875s]          SL_DEPRECATED("Use sensors_configuration.camera_imu_transform instead") sl::Transform [01;36m[Kcamera_imu_transform[m[K; /**< \deprecated see SensorsConfiguration::camera_imu_transform, IMU to Left camera transform matrix, that contains rotation and translation between IMU frame and camera frame.*/
[8.875s]                                                                                                [01;36m[K^~~~~~~~~~~~~~~~~~~~[m[K
[8.876s] [01m[K/usr/local/zed/include/sl/Camera.hpp:3201:12:[m[K [01;35m[Kwarning: [m[K‘[01m[Ksl::CameraInformation::camera_firmware_version[m[K’ is deprecated: Use camera_configuration.firmware_version instead [[01;35m[K-Wdeprecated-declarations[m[K]
[8.876s]      struct [01;35m[KCameraInformation[m[K {
[8.876s]             [01;35m[K^~~~~~~~~~~~~~~~~[m[K
[8.877s] [01m[K/usr/local/zed/include/sl/Camera.hpp:3212:115:[m[K [01;36m[Knote: [m[Kdeclared here
[8.877s]          SL_DEPRECATED("Use camera_configuration.firmware_version instead") unsigned int camera_firmware_version = [01;36m[K0[m[K; /**< \deprecated CameraConfiguration::firmware_version, Firmware version of the camera.*/
[8.878s]                                                                                                                    [01;36m[K^[m[K
[8.878s] [01m[K/usr/local/zed/include/sl/Camera.hpp:3201:12:[m[K [01;35m[Kwarning: [m[K‘[01m[Ksl::CameraInformation::camera_firmware_version[m[K’ is deprecated: Use camera_configuration.firmware_version instead [[01;35m[K-Wdeprecated-declarations[m[K]
[8.879s]      struct [01;35m[KCameraInformation[m[K {
[8.879s]             [01;35m[K^~~~~~~~~~~~~~~~~[m[K
[8.880s] [01m[K/usr/local/zed/include/sl/Camera.hpp:3212:115:[m[K [01;36m[Knote: [m[Kdeclared here
[8.880s]          SL_DEPRECATED("Use camera_configuration.firmware_version instead") unsigned int camera_firmware_version = [01;36m[K0[m[K; /**< \deprecated CameraConfiguration::firmware_version, Firmware version of the camera.*/
[8.881s]                                                                                                                    [01;36m[K^[m[K
[8.881s] [01m[K/usr/local/zed/include/sl/Camera.hpp:3201:12:[m[K [01;35m[Kwarning: [m[K‘[01m[Ksl::CameraInformation::sensors_firmware_version[m[K’ is deprecated: Use sensors_configuration.firmware_version instead [[01;35m[K-Wdeprecated-declarations[m[K]
[8.882s]      struct [01;35m[KCameraInformation[m[K {
[8.882s]             [01;35m[K^~~~~~~~~~~~~~~~~[m[K
[8.883s] [01m[K/usr/local/zed/include/sl/Camera.hpp:3213:117:[m[K [01;36m[Knote: [m[Kdeclared here
[8.883s]          SL_DEPRECATED("Use sensors_configuration.firmware_version instead") unsigned int sensors_firmware_version = [01;36m[K0[m[K; /**< \deprecated see SensorsConfiguration::firmware_version, Firmware version of the sensors of ZED-M or ZED2.*/
[8.884s]                                                                                                                      [01;36m[K^[m[K
[8.884s] [01m[K/usr/local/zed/include/sl/Camera.hpp:3201:12:[m[K [01;35m[Kwarning: [m[K‘[01m[Ksl::CameraInformation::sensors_firmware_version[m[K’ is deprecated: Use sensors_configuration.firmware_version instead [[01;35m[K-Wdeprecated-declarations[m[K]
[8.885s]      struct [01;35m[KCameraInformation[m[K {
[8.885s]             [01;35m[K^~~~~~~~~~~~~~~~~[m[K
[8.886s] [01m[K/usr/local/zed/include/sl/Camera.hpp:3213:117:[m[K [01;36m[Knote: [m[Kdeclared here
[8.886s]          SL_DEPRECATED("Use sensors_configuration.firmware_version instead") unsigned int sensors_firmware_version = [01;36m[K0[m[K; /**< \deprecated see SensorsConfiguration::firmware_version, Firmware version of the sensors of ZED-M or ZED2.*/
[8.887s]                                                                                                                      [01;36m[K^[m[K
[8.887s] [01m[K/usr/local/zed/include/sl/Camera.hpp:3201:12:[m[K [01;35m[Kwarning: [m[K‘[01m[Ksl::CameraInformation::camera_fps[m[K’ is deprecated: Use camera_configuration.fps instead [[01;35m[K-Wdeprecated-declarations[m[K]
[8.888s]      struct [01;35m[KCameraInformation[m[K {
[8.888s]             [01;35m[K^~~~~~~~~~~~~~~~~[m[K
[8.889s] [01m[K/usr/local/zed/include/sl/Camera.hpp:3214:82:[m[K [01;36m[Knote: [m[Kdeclared here
[8.889s]          SL_DEPRECATED("Use camera_configuration.fps instead") float camera_fps = [01;36m[K0[m[K; /**< \deprecated see CameraConfiguration::fps, camera frame rate. */
[8.890s]                                                                                   [01;36m[K^[m[K
[8.890s] [01m[K/usr/local/zed/include/sl/Camera.hpp:3201:12:[m[K [01;35m[Kwarning: [m[K‘[01m[Ksl::CameraInformation::camera_fps[m[K’ is deprecated: Use camera_configuration.fps instead [[01;35m[K-Wdeprecated-declarations[m[K]
[8.891s]      struct [01;35m[KCameraInformation[m[K {
[8.891s]             [01;35m[K^~~~~~~~~~~~~~~~~[m[K
[8.892s] [01m[K/usr/local/zed/include/sl/Camera.hpp:3214:82:[m[K [01;36m[Knote: [m[Kdeclared here
[8.893s]          SL_DEPRECATED("Use camera_configuration.fps instead") float camera_fps = [01;36m[K0[m[K; /**< \deprecated see CameraConfiguration::fps, camera frame rate. */
[8.893s]                                                                                   [01;36m[K^[m[K
[8.894s] [01m[K/usr/local/zed/include/sl/Camera.hpp:3201:12:[m[K [01;35m[Kwarning: [m[K‘[01m[Ksl::CameraInformation::camera_resolution[m[K’ is deprecated: Use camera_configuration.resolution instead [[01;35m[K-Wdeprecated-declarations[m[K]
[8.894s]      struct [01;35m[KCameraInformation[m[K {
[8.895s]             [01;35m[K^~~~~~~~~~~~~~~~~[m[K
[8.895s] [01m[K/usr/local/zed/include/sl/Camera.hpp:3215:81:[m[K [01;36m[Knote: [m[Kdeclared here
[8.896s]          SL_DEPRECATED("Use camera_configuration.resolution instead") Resolution [01;36m[Kcamera_resolution[m[K; /**< \deprecated see CameraConfiguration::resolution, camera resolution. */
[8.896s]                                                                                  [01;36m[K^~~~~~~~~~~~~~~~~[m[K
[8.897s] [01m[K/usr/local/zed/include/sl/Camera.hpp:3201:12:[m[K [01;35m[Kwarning: [m[K‘[01m[Ksl::CameraInformation::camera_resolution[m[K’ is deprecated: Use camera_configuration.resolution instead [[01;35m[K-Wdeprecated-declarations[m[K]
[8.897s]      struct [01;35m[KCameraInformation[m[K {
[8.898s]             [01;35m[K^~~~~~~~~~~~~~~~~[m[K
[8.898s] [01m[K/usr/local/zed/include/sl/Camera.hpp:3215:81:[m[K [01;36m[Knote: [m[Kdeclared here
[8.898s]          SL_DEPRECATED("Use camera_configuration.resolution instead") Resolution [01;36m[Kcamera_resolution[m[K; /**< \deprecated see CameraConfiguration::resolution, camera resolution. */
[8.899s]                                                                                  [01;36m[K^~~~~~~~~~~~~~~~~[m[K
[8.899s] [01m[K/home/team/SoftwareDevelopment/ROS2/skinny/src/zed_tracking/src/zed_tracking_node.cpp:[m[K In function ‘[01m[Kint main(int, char**)[m[K’:
[8.900s] [01m[K/home/team/SoftwareDevelopment/ROS2/skinny/src/zed_tracking/src/zed_tracking_node.cpp:48:48:[m[K [01;36m[Knote: [m[Ksynthesized method ‘[01m[Ksl::CameraInformation::CameraInformation(sl::CameraInformation&&)[m[K’ first required here 
[8.900s]      auto cameraInfo = zed.getCameraInformation([01;36m[K)[m[K;
[8.901s] 
[8.901s]                                                 [01;36m[K^[m[K
[8.902s] [01m[K/home/team/SoftwareDevelopment/ROS2/skinny/src/zed_tracking/src/zed_tracking_node.cpp:49:44:[m[K [01;35m[Kwarning: [m[K‘[01m[Ksl::CameraInformation::camera_resolution[m[K’ is deprecated: Use camera_configuration.resolution instead [[01;35m[K-Wdeprecated-declarations[m[K]
[8.902s]      sl::Resolution image_size = cameraInfo.[01;35m[Kcamera_resolution[m[K;
[8.903s] 
[8.903s]                                             [01;35m[K^~~~~~~~~~~~~~~~~[m[K
[8.904s] In file included from [01m[K/home/team/SoftwareDevelopment/ROS2/skinny/src/zed_tracking/src/zed_tracking_node.cpp:4:0[m[K:
[8.904s] [01m[K/usr/local/zed/include/sl/Camera.hpp:3215:81:[m[K [01;36m[Knote: [m[Kdeclared here
[8.905s]          SL_DEPRECATED("Use camera_configuration.resolution instead") Resolution [01;36m[Kcamera_resolution[m[K; /**< \deprecated see CameraConfiguration::resolution, camera resolution. */
[8.905s]                                                                                  [01;36m[K^~~~~~~~~~~~~~~~~[m[K
[8.906s] [01m[K/home/team/SoftwareDevelopment/ROS2/skinny/src/zed_tracking/src/zed_tracking_node.cpp:49:44:[m[K [01;35m[Kwarning: [m[K‘[01m[Ksl::CameraInformation::camera_resolution[m[K’ is deprecated: Use camera_configuration.resolution instead [[01;35m[K-Wdeprecated-declarations[m[K]
[8.906s]      sl::Resolution image_size = cameraInfo.[01;35m[Kcamera_resolution[m[K;
[8.907s] 
[8.907s]                                             [01;35m[K^~~~~~~~~~~~~~~~~[m[K
[8.908s] In file included from [01m[K/home/team/SoftwareDevelopment/ROS2/skinny/src/zed_tracking/src/zed_tracking_node.cpp:4:0[m[K:
[8.908s] [01m[K/usr/local/zed/include/sl/Camera.hpp:3215:81:[m[K [01;36m[Knote: [m[Kdeclared here
[8.909s]          SL_DEPRECATED("Use camera_configuration.resolution instead") Resolution [01;36m[Kcamera_resolution[m[K; /**< \deprecated see CameraConfiguration::resolution, camera resolution. */
[8.909s]                                                                                  [01;36m[K^~~~~~~~~~~~~~~~~[m[K
[8.910s] [01m[K/home/team/SoftwareDevelopment/ROS2/skinny/src/zed_tracking/src/zed_tracking_node.cpp:49:44:[m[K [01;35m[Kwarning: [m[K‘[01m[Ksl::CameraInformation::camera_resolution[m[K’ is deprecated: Use camera_configuration.resolution instead [[01;35m[K-Wdeprecated-declarations[m[K]
[8.910s]      sl::Resolution image_size = cameraInfo.[01;35m[Kcamera_resolution[m[K;
[8.911s] 
[8.911s]                                             [01;35m[K^~~~~~~~~~~~~~~~~[m[K
[8.912s] In file included from [01m[K/home/team/SoftwareDevelopment/ROS2/skinny/src/zed_tracking/src/zed_tracking_node.cpp:4:0[m[K:
[8.912s] [01m[K/usr/local/zed/include/sl/Camera.hpp:3215:81:[m[K [01;36m[Knote: [m[Kdeclared here
[8.913s]          SL_DEPRECATED("Use camera_configuration.resolution instead") Resolution [01;36m[Kcamera_resolution[m[K; /**< \deprecated see CameraConfiguration::resolution, camera resolution. */
[8.914s]                                                                                  [01;36m[K^~~~~~~~~~~~~~~~~[m[K
[8.914s] [01m[K/home/team/SoftwareDevelopment/ROS2/skinny/src/zed_tracking/src/zed_tracking_node.cpp:50:35:[m[K [01;31m[Kerror: [m[K‘[01m[KMAT_TYPE[m[K’ has not been declared
[8.915s]      cv::Mat image_zed(image_size, [01;31m[KMAT_TYPE[m[K::U8_C4);
[8.916s] 
[8.916s]                                    [01;31m[K^~~~~~~~[m[K
[8.917s] [01m[K/home/team/SoftwareDevelopment/ROS2/skinny/src/zed_tracking/src/zed_tracking_node.cpp:51:43:[m[K [01;31m[Kerror: [m[K‘[01m[Kclass cv::Mat[m[K’ has no member named ‘[01m[KgetHeight[m[K’
[8.917s]      cv::Mat image_ocv = cv::Mat(image_zed.[01;31m[KgetHeight[m[K(), image_zed.getWidth(), CV_8UC4, image_zed.getPtr<sl::uchar1>(MEM::CPU));
[8.918s] 
[8.918s]                                            [01;31m[K^~~~~~~~~[m[K
[8.919s] [01m[K/home/team/SoftwareDevelopment/ROS2/skinny/src/zed_tracking/src/zed_tracking_node.cpp:51:66:[m[K [01;31m[Kerror: [m[K‘[01m[Kclass cv::Mat[m[K’ has no member named ‘[01m[KgetWidth[m[K’; did you mean ‘[01m[KgetUMat[m[K’?
[8.919s]      cv::Mat image_ocv = cv::Mat(image_zed.getHeight(), image_zed.[01;31m[KgetWidth[m[K(), CV_8UC4, image_zed.getPtr<sl::uchar1>(MEM::CPU));
[8.920s] 
[8.920s]                                                                   [01;31m[K^~~~~~~~[m[K
[8.921s]                                                                   [32m[KgetUMat[m[K
[8.921s] [01m[K/home/team/SoftwareDevelopment/ROS2/skinny/src/zed_tracking/src/zed_tracking_node.cpp:51:97:[m[K [01;31m[Kerror: [m[K‘[01m[Kclass cv::Mat[m[K’ has no member named ‘[01m[KgetPtr[m[K’
[8.922s]      cv::Mat image_ocv = cv::Mat(image_zed.getHeight(), image_zed.getWidth(), CV_8UC4, image_zed.[01;31m[KgetPtr[m[K<sl::uchar1>(MEM::CPU));
[8.922s] 
[8.922s]                                                                                                  [01;31m[K^~~~~~[m[K
[8.923s] [01m[K/home/team/SoftwareDevelopment/ROS2/skinny/src/zed_tracking/src/zed_tracking_node.cpp:51:116:[m[K [01;31m[Kerror: [m[K‘[01m[KMEM[m[K’ was not declared in this scope
[8.923s]      cv::Mat image_ocv = cv::Mat(image_zed.getHeight(), image_zed.getWidth(), CV_8UC4, image_zed.getPtr<sl::uchar1>([01;31m[KMEM[m[K::CPU));
[8.924s] 
[8.924s]                                                                                                                     [01;31m[K^~~[m[K
[8.925s] [01m[K/home/team/SoftwareDevelopment/ROS2/skinny/src/zed_tracking/src/zed_tracking_node.cpp:51:116:[m[K [01;36m[Knote: [m[Ksuggested alternative:
[8.925s] In file included from [01m[K/home/team/SoftwareDevelopment/ROS2/skinny/src/zed_tracking/src/zed_tracking_node.cpp:4:0[m[K:
[8.926s] [01m[K/usr/local/zed/include/sl/Camera.hpp:2139:16:[m[K [01;36m[Knote: [m[K  ‘[01m[Ksl::MEM[m[K’
[8.926s]      enum class [01;36m[KMEM[m[K {
[8.927s]                 [01;36m[K^~~[m[K
[8.927s] [01m[K/home/team/SoftwareDevelopment/ROS2/skinny/src/zed_tracking/src/zed_tracking_node.cpp:51:32:[m[K [01;31m[Kerror: [m[Kexpected primary-expression before ‘[01m[K([m[K’ token
[8.928s]      cv::Mat image_ocv = cv::Mat[01;31m[K([m[Kimage_zed.getHeight(), image_zed.getWidth(), CV_8UC4, image_zed.getPtr<sl::uchar1>(MEM::CPU));
[8.928s] 
[8.928s]                                 [01;31m[K^[m[K
[8.929s] [01m[K/home/team/SoftwareDevelopment/ROS2/skinny/src/zed_tracking/src/zed_tracking_node.cpp:51:43:[m[K [01;31m[Kerror: [m[K‘[01m[Kclass cv::Mat[m[K’ has no member named ‘[01m[KgetHeight[m[K’
[8.929s]      cv::Mat image_ocv = cv::Mat(image_zed.[01;31m[KgetHeight[m[K(), image_zed.getWidth(), CV_8UC4, image_zed.getPtr<sl::uchar1>(MEM::CPU));
[8.930s] 
[8.930s]                                            [01;31m[K^~~~~~~~~[m[K
[8.931s] [01m[K/home/team/SoftwareDevelopment/ROS2/skinny/src/zed_tracking/src/zed_tracking_node.cpp:51:66:[m[K [01;31m[Kerror: [m[K‘[01m[Kclass cv::Mat[m[K’ has no member named ‘[01m[KgetWidth[m[K’; did you mean ‘[01m[KgetUMat[m[K’?
[8.931s]      cv::Mat image_ocv = cv::Mat(image_zed.getHeight(), image_zed.[01;31m[KgetWidth[m[K(), CV_8UC4, image_zed.getPtr<sl::uchar1>(MEM::CPU));
[8.932s] 
[8.932s]                                                                   [01;31m[K^~~~~~~~[m[K
[8.933s]                                                                   [32m[KgetUMat[m[K
[8.933s] [01m[K/home/team/SoftwareDevelopment/ROS2/skinny/src/zed_tracking/src/zed_tracking_node.cpp:51:97:[m[K [01;31m[Kerror: [m[K‘[01m[Kclass cv::Mat[m[K’ has no member named ‘[01m[KgetPtr[m[K’
[8.934s]      cv::Mat image_ocv = cv::Mat(image_zed.getHeight(), image_zed.getWidth(), CV_8UC4, image_zed.[01;31m[KgetPtr[m[K<sl::uchar1>(MEM::CPU));
[8.934s] 
[8.935s]                                                                                                  [01;31m[K^~~~~~[m[K
[8.935s] [01m[K/home/team/SoftwareDevelopment/ROS2/skinny/src/zed_tracking/src/zed_tracking_node.cpp:51:114:[m[K [01;31m[Kerror: [m[Kexpected primary-expression before ‘[01m[K>[m[K’ token
[8.936s]      cv::Mat image_ocv = cv::Mat(image_zed.getHeight(), image_zed.getWidth(), CV_8UC4, image_zed.getPtr<sl::uchar1[01;31m[K>[m[K(MEM::CPU));
[8.936s] 
[8.937s]                                                                                                                   [01;31m[K^[m[K
[8.937s] [01m[K/home/team/SoftwareDevelopment/ROS2/skinny/src/zed_tracking/src/zed_tracking_node.cpp:51:116:[m[K [01;31m[Kerror: [m[K‘[01m[KMEM[m[K’ is not a class, namespace, or enumeration
[8.938s]      cv::Mat image_ocv = cv::Mat(image_zed.getHeight(), image_zed.getWidth(), CV_8UC4, image_zed.getPtr<sl::uchar1>([01;31m[KMEM[m[K::CPU));
[8.938s] 
[8.939s]                                                                                                                     [01;31m[K^~~[m[K
[8.939s] [01m[K/home/team/SoftwareDevelopment/ROS2/skinny/src/zed_tracking/src/zed_tracking_node.cpp:54:33:[m[K [01;35m[Kwarning: [m[K‘[01m[Ksl::CameraInformation::calibration_parameters[m[K’ is deprecated: Use camera_configuration.calibration_parameters instead [[01;35m[K-Wdeprecated-declarations[m[K]
[8.940s]      auto calibInfo = cameraInfo.[01;35m[Kcalibration_parameters[m[K.left_cam;
[8.940s] 
[8.941s]                                  [01;35m[K^~~~~~~~~~~~~~~~~~~~~~[m[K
[8.941s] In file included from [01m[K/home/team/SoftwareDevelopment/ROS2/skinny/src/zed_tracking/src/zed_tracking_node.cpp:4:0[m[K:
[8.941s] [01m[K/usr/local/zed/include/sl/Camera.hpp:3209:104:[m[K [01;36m[Knote: [m[Kdeclared here
[8.942s]          SL_DEPRECATED("Use camera_configuration.calibration_parameters instead") CalibrationParameters [01;36m[Kcalibration_parameters[m[K; /**< \deprecated see CameraConfiguration::calibration_parameters, Intrinsic and Extrinsic stereo parameters for rectified/undistorded images (default).*/
[8.943s]                                                                                                         [01;36m[K^~~~~~~~~~~~~~~~~~~~~~[m[K
[8.943s] [01m[K/home/team/SoftwareDevelopment/ROS2/skinny/src/zed_tracking/src/zed_tracking_node.cpp:54:33:[m[K [01;35m[Kwarning: [m[K‘[01m[Ksl::CameraInformation::calibration_parameters[m[K’ is deprecated: Use camera_configuration.calibration_parameters instead [[01;35m[K-Wdeprecated-declarations[m[K]
[8.945s]      auto calibInfo = cameraInfo.[01;35m[Kcalibration_parameters[m[K.left_cam;
[8.945s] 
[8.946s]                                  [01;35m[K^~~~~~~~~~~~~~~~~~~~~~[m[K
[8.946s] In file included from [01m[K/home/team/SoftwareDevelopment/ROS2/skinny/src/zed_tracking/src/zed_tracking_node.cpp:4:0[m[K:
[8.947s] [01m[K/usr/local/zed/include/sl/Camera.hpp:3209:104:[m[K [01;36m[Knote: [m[Kdeclared here
[8.947s]          SL_DEPRECATED("Use camera_configuration.calibration_parameters instead") CalibrationParameters [01;36m[Kcalibration_parameters[m[K; /**< \deprecated see CameraConfiguration::calibration_parameters, Intrinsic and Extrinsic stereo parameters for rectified/undistorded images (default).*/
[8.948s]                                                                                                         [01;36m[K^~~~~~~~~~~~~~~~~~~~~~[m[K
[8.948s] [01m[K/home/team/SoftwareDevelopment/ROS2/skinny/src/zed_tracking/src/zed_tracking_node.cpp:54:33:[m[K [01;35m[Kwarning: [m[K‘[01m[Ksl::CameraInformation::calibration_parameters[m[K’ is deprecated: Use camera_configuration.calibration_parameters instead [[01;35m[K-Wdeprecated-declarations[m[K]
[8.949s]      auto calibInfo = cameraInfo.[01;35m[Kcalibration_parameters[m[K.left_cam;
[8.949s] 
[8.950s]                                  [01;35m[K^~~~~~~~~~~~~~~~~~~~~~[m[K
[8.950s] In file included from [01m[K/home/team/SoftwareDevelopment/ROS2/skinny/src/zed_tracking/src/zed_tracking_node.cpp:4:0[m[K:
[8.951s] [01m[K/usr/local/zed/include/sl/Camera.hpp:3209:104:[m[K [01;36m[Knote: [m[Kdeclared here
[8.951s]          SL_DEPRECATED("Use camera_configuration.calibration_parameters instead") CalibrationParameters [01;36m[Kcalibration_parameters[m[K; /**< \deprecated see CameraConfiguration::calibration_parameters, Intrinsic and Extrinsic stereo parameters for rectified/undistorded images (default).*/
[8.951s]                                                                                                         [01;36m[K^~~~~~~~~~~~~~~~~~~~~~[m[K
[8.952s] [01m[K/home/team/SoftwareDevelopment/ROS2/skinny/src/zed_tracking/src/zed_tracking_node.cpp:72:17:[m[K [01;31m[Kerror: [m[K‘[01m[Kvector[m[K’ was not declared in this scope
[8.952s]      std::vector<[01;31m[Kvector[m[K<cv::Point2f> > corners;
[8.953s] 
[8.953s]                  [01;31m[K^~~~~~[m[K
[8.954s] [01m[K/home/team/SoftwareDevelopment/ROS2/skinny/src/zed_tracking/src/zed_tracking_node.cpp:72:17:[m[K [01;36m[Knote: [m[Ksuggested alternative:
[8.954s] In file included from [01m[K/usr/include/c++/7/vector:64:0[m[K,
[8.955s]                  from [01m[K/opt/ros/eloquent/include/rclcpp/executor.hpp:27[m[K,
[8.955s]                  from [01m[K/opt/ros/eloquent/include/rclcpp/executors/multi_threaded_executor.hpp:25[m[K,
[8.956s]                  from [01m[K/opt/ros/eloquent/include/rclcpp/executors.hpp:21[m[K,
[8.956s]                  from [01m[K/opt/ros/eloquent/include/rclcpp/rclcpp.hpp:145[m[K,
[8.956s]                  from [01m[K/home/team/SoftwareDevelopment/ROS2/skinny/src/zed_tracking/src/zed_tracking_node.cpp:2[m[K:
[8.957s] [01m[K/usr/include/c++/7/bits/stl_vector.h:216:11:[m[K [01;36m[Knote: [m[K  ‘[01m[Kstd::vector[m[K’
[8.957s]      class [01;36m[Kvector[m[K : protected _Vector_base<_Tp, _Alloc>
[8.958s]            [01;36m[K^~~~~~[m[K
[8.958s] [01m[K/home/team/SoftwareDevelopment/ROS2/skinny/src/zed_tracking/src/zed_tracking_node.cpp:72:35:[m[K [01;31m[Kerror: [m[Ktemplate argument 1 is invalid
[8.959s]      std::vector<vector<cv::Point2f[01;31m[K>[m[K > corners;
[8.959s] 
[8.960s]                                    [01;31m[K^[m[K
[8.960s] [01m[K/home/team/SoftwareDevelopment/ROS2/skinny/src/zed_tracking/src/zed_tracking_node.cpp:72:35:[m[K [01;31m[Kerror: [m[Ktemplate argument 2 is invalid
[8.961s] [01m[K/home/team/SoftwareDevelopment/ROS2/skinny/src/zed_tracking/src/zed_tracking_node.cpp:72:37:[m[K [01;31m[Kerror: [m[Kexpected unqualified-id before ‘[01m[K>[m[K’ token
[8.961s]      std::vector<vector<cv::Point2f> [01;31m[K>[m[K corners;
[8.962s] 
[8.962s]                                      [01;31m[K^[m[K
[8.963s] [01m[K/home/team/SoftwareDevelopment/ROS2/skinny/src/zed_tracking/src/zed_tracking_node.cpp:73:5:[m[K [01;31m[Kerror: [m[K‘[01m[Kstring[m[K’ was not declared in this scope
[8.963s]      [01;31m[Kstring[m[K zed_position_txt;
[8.964s] 
[8.964s]      [01;31m[K^~~~~~[m[K
[8.965s] [01m[K/home/team/SoftwareDevelopment/ROS2/skinny/src/zed_tracking/src/zed_tracking_node.cpp:73:5:[m[K [01;36m[Knote: [m[Ksuggested alternatives:
[8.965s] In file included from [01m[K/usr/include/c++/7/iosfwd:39:0[m[K,
[8.966s]                  from [01m[K/usr/include/c++/7/memory:72[m[K,
[8.966s]                  from [01m[K/opt/ros/eloquent/include/rclcpp/rclcpp.hpp:143[m[K,
[8.967s]                  from [01m[K/home/team/SoftwareDevelopment/ROS2/skinny/src/zed_tracking/src/zed_tracking_node.cpp:2[m[K:
[8.967s] [01m[K/usr/include/c++/7/bits/stringfwd.h:74:33:[m[K [01;36m[Knote: [m[K  ‘[01m[Kstd::__cxx11::string[m[K’
[8.968s]    typedef basic_string<char>    [01;36m[Kstring[m[K;
[8.968s]                                  [01;36m[K^~~~~~[m[K
[8.969s] [01m[K/usr/include/c++/7/bits/stringfwd.h:74:33:[m[K [01;36m[Knote: [m[K  ‘[01m[Kstd::__cxx11::string[m[K’
[8.969s] [01m[K/home/team/SoftwareDevelopment/ROS2/skinny/src/zed_tracking/src/zed_tracking_node.cpp:74:12:[m[K [01;31m[Kerror: [m[Kexpected ‘[01m[K;[m[K’ before ‘[01m[Kzed_rotation_txt[m[K’
[8.970s]      string [01;31m[Kzed_rotation_txt[m[K;
[8.970s] 
[8.971s]             [01;31m[K^~~~~~~~~~~~~~~~[m[K
[8.971s] [01m[K/home/team/SoftwareDevelopment/ROS2/skinny/src/zed_tracking/src/zed_tracking_node.cpp:75:12:[m[K [01;31m[Kerror: [m[Kexpected ‘[01m[K;[m[K’ before ‘[01m[Karuco_position_txt[m[K’
[8.972s]      string [01;31m[Karuco_position_txt[m[K;
[8.972s] 
[8.973s]             [01;31m[K^~~~~~~~~~~~~~~~~~[m[K
[8.974s] [01m[K/home/team/SoftwareDevelopment/ROS2/skinny/src/zed_tracking/src/zed_tracking_node.cpp:83:27:[m[K [01;31m[Kerror: [m[K‘[01m[KERROR_CODE[m[K’ is not a class, namespace, or enumeration
[8.974s]      if (returned_state != [01;31m[KERROR_CODE[m[K::SUCCESS) {
[8.975s] 
[8.975s]                            [01;31m[K^~~~~~~~~~[m[K
[8.976s] [01m[K/home/team/SoftwareDevelopment/ROS2/skinny/src/zed_tracking/src/zed_tracking_node.cpp:87:5:[m[K [01;31m[Kerror: [m[K‘[01m[KPOSITIONAL_TRACKING_STATE[m[K’ was not declared in this scope
[8.976s]      [01;31m[KPOSITIONAL_TRACKING_STATE[m[K tracking_state;
[8.977s] 
[8.977s]      [01;31m[K^~~~~~~~~~~~~~~~~~~~~~~~~[m[K
[8.977s] [01m[K/home/team/SoftwareDevelopment/ROS2/skinny/src/zed_tracking/src/zed_tracking_node.cpp:87:5:[m[K [01;36m[Knote: [m[Ksuggested alternative:
[8.978s] In file included from [01m[K/home/team/SoftwareDevelopment/ROS2/skinny/src/zed_tracking/src/zed_tracking_node.cpp:4:0[m[K:
[8.978s] [01m[K/usr/local/zed/include/sl/Camera.hpp:5188:16:[m[K [01;36m[Knote: [m[K  ‘[01m[Ksl::POSITIONAL_TRACKING_STATE[m[K’
[8.979s]      enum class [01;36m[KPOSITIONAL_TRACKING_STATE[m[K {
[8.979s]                 [01;36m[K^~~~~~~~~~~~~~~~~~~~~~~~~[m[K
[8.980s] [01m[K/home/team/SoftwareDevelopment/ROS2/skinny/src/zed_tracking/src/zed_tracking_node.cpp:91:27:[m[K [01;31m[Kerror: [m[K‘[01m[KERROR_CODE[m[K’ is not a class, namespace, or enumeration
[8.980s]          if (zed.grab() == [01;31m[KERROR_CODE[m[K::SUCCESS) {
[8.981s] 
[8.981s]                            [01;31m[K^~~~~~~~~~[m[K
[8.982s] [01m[K/home/team/SoftwareDevelopment/ROS2/skinny/src/zed_tracking/src/zed_tracking_node.cpp:93:42:[m[K [01;31m[Kerror: [m[K‘[01m[KVIEW[m[K’ has not been declared
[8.982s]              zed.retrieveImage(image_zed, [01;31m[KVIEW[m[K::LEFT, MEM::CPU, image_size);
[8.983s] 
[8.983s]                                           [01;31m[K^~~~[m[K
[8.984s] [01m[K/home/team/SoftwareDevelopment/ROS2/skinny/src/zed_tracking/src/zed_tracking_node.cpp:93:54:[m[K [01;31m[Kerror: [m[K‘[01m[KMEM[m[K’ is not a class, namespace, or enumeration
[8.984s]              zed.retrieveImage(image_zed, VIEW::LEFT, [01;31m[KMEM[m[K::CPU, image_size);
[8.985s] 
[8.985s]                                                       [01;31m[K^~~[m[K
[8.986s] [01m[K/home/team/SoftwareDevelopment/ROS2/skinny/src/zed_tracking/src/zed_tracking_node.cpp:98:65:[m[K [01;31m[Kerror: [m[K‘[01m[Kcorners[m[K’ was not declared in this scope
[8.986s]              cv::aruco::detectMarkers(image_ocv_rgb, dictionary, [01;31m[Kcorners[m[K, ids);
[8.987s] 
[8.987s]                                                                  [01;31m[K^~~~~~~[m[K
[8.988s] [01m[K/home/team/SoftwareDevelopment/ROS2/skinny/src/zed_tracking/src/zed_tracking_node.cpp:101:13:[m[K [01;31m[Kerror: [m[K‘[01m[Ktracking_state[m[K’ was not declared in this scope
[8.988s]              [01;31m[Ktracking_state[m[K = zed.getPosition(zed_pose, REFERENCE_FRAME::WORLD);
[8.989s] 
[8.989s]              [01;31m[K^~~~~~~~~~~~~~[m[K
[8.990s] [01m[K/home/team/SoftwareDevelopment/ROS2/skinny/src/zed_tracking/src/zed_tracking_node.cpp:101:13:[m[K [01;36m[Knote: [m[Ksuggested alternative: ‘[01m[Ktracking_params[m[K’
[8.990s]              [01;36m[Ktracking_state[m[K = zed.getPosition(zed_pose, REFERENCE_FRAME::WORLD);
[8.991s] 
[8.991s]              [01;36m[K^~~~~~~~~~~~~~[m[K
[8.992s]              [32m[Ktracking_params[m[K
[8.992s] [01m[K/home/team/SoftwareDevelopment/ROS2/skinny/src/zed_tracking/src/zed_tracking_node.cpp:101:56:[m[K [01;31m[Kerror: [m[K‘[01m[KREFERENCE_FRAME[m[K’ has not been declared
[8.993s]              tracking_state = zed.getPosition(zed_pose, [01;31m[KREFERENCE_FRAME[m[K::WORLD);
[8.993s] 
[8.994s]                                                         [01;31m[K^~~~~~~~~~~~~~~[m[K
[8.994s] [01m[K/home/team/SoftwareDevelopment/ROS2/skinny/src/zed_tracking/src/zed_tracking_node.cpp:102:28:[m[K [01;31m[Kerror: [m[K‘[01m[KPOSITIONAL_TRACKING_STATE[m[K’ is not a class, namespace, or enumeration
[8.995s]       if (tracking_state == [01;31m[KPOSITIONAL_TRACKING_STATE[m[K::OK) {
[8.995s] 
[8.996s]                             [01;31m[K^~~~~~~~~~~~~~~~~~~~~~~~~[m[K
[8.996s] [01m[K/home/team/SoftwareDevelopment/ROS2/skinny/src/zed_tracking/src/zed_tracking_node.cpp:107:17:[m[K [01;31m[Kerror: [m[K‘[01m[Kzed_position_txt[m[K’ was not declared in this scope
[8.997s]                  [01;31m[Kzed_position_txt[m[K = "ZED  x: " + to_string(zed_pose.pose_data.tx) + "; y: " + to_string(zed_pose.pose_data.ty) + "; z: " + to_string(zed_pose.pose_data.tz);
[8.997s] 
[8.998s]                  [01;31m[K^~~~~~~~~~~~~~~~[m[K
[8.998s] [01m[K/home/team/SoftwareDevelopment/ROS2/skinny/src/zed_tracking/src/zed_tracking_node.cpp:107:17:[m[K [01;36m[Knote: [m[Ksuggested alternative: ‘[01m[KzedPosition[m[K’
[8.999s]                  [01;36m[Kzed_position_txt[m[K = "ZED  x: " + to_string(zed_pose.pose_data.tx) + "; y: " + to_string(zed_pose.pose_data.ty) + "; z: " + to_string(zed_pose.pose_data.tz);
[8.999s] 
[9.000s]                  [01;36m[K^~~~~~~~~~~~~~~~[m[K
[9.000s]                  [32m[KzedPosition[m[K
[9.001s] [01m[K/home/team/SoftwareDevelopment/ROS2/skinny/src/zed_tracking/src/zed_tracking_node.cpp:107:49:[m[K [01;31m[Kerror: [m[K‘[01m[Kto_string[m[K’ was not declared in this scope
[9.001s]                  zed_position_txt = "ZED  x: " + [01;31m[Kto_string[m[K(zed_pose.pose_data.tx) + "; y: " + to_string(zed_pose.pose_data.ty) + "; z: " + to_string(zed_pose.pose_data.tz);
[9.001s] 
[9.002s]                                                  [01;31m[K^~~~~~~~~[m[K
[9.002s] [01m[K/home/team/SoftwareDevelopment/ROS2/skinny/src/zed_tracking/src/zed_tracking_node.cpp:107:49:[m[K [01;36m[Knote: [m[Ksuggested alternatives:
[9.003s] In file included from [01m[K/usr/include/c++/7/string:52:0[m[K,
[9.003s]                  from [01m[K/usr/include/c++/7/stdexcept:39[m[K,
[9.004s]                  from [01m[K/usr/include/c++/7/array:39[m[K,
[9.004s]                  from [01m[K/usr/include/c++/7/tuple:39[m[K,
[9.005s]                  from [01m[K/usr/include/c++/7/bits/unique_ptr.h:37[m[K,
[9.005s]                  from [01m[K/usr/include/c++/7/memory:80[m[K,
[9.006s]                  from [01m[K/opt/ros/eloquent/include/rclcpp/rclcpp.hpp:143[m[K,
[9.006s]                  from [01m[K/home/team/SoftwareDevelopment/ROS2/skinny/src/zed_tracking/src/zed_tracking_node.cpp:2[m[K:
[9.007s] [01m[K/usr/include/c++/7/bits/basic_string.h:6414:3:[m[K [01;36m[Knote: [m[K  ‘[01m[Kstd::__cxx11::to_string[m[K’
[9.007s]    [01;36m[Kto_string[m[K(int __val)
[9.008s]    [01;36m[K^~~~~~~~~[m[K
[9.008s] [01m[K/usr/include/c++/7/bits/basic_string.h:6466:3:[m[K [01;36m[Knote: [m[K  ‘[01m[Kstd::__cxx11::to_string[m[K’
[9.009s]    [01;36m[Kto_string[m[K(long double __val)
[9.009s]    [01;36m[K^~~~~~~~~[m[K
[9.010s] In file included from [01m[K/opt/ros/eloquent/include/rclcpp/parameter.hpp:25:0[m[K,
[9.010s]                  from [01m[K/opt/ros/eloquent/include/rclcpp/node_interfaces/node_parameters_interface.hpp:28[m[K,
[9.011s]                  from [01m[K/opt/ros/eloquent/include/rclcpp/node.hpp:51[m[K,
[9.011s]                  from [01m[K/opt/ros/eloquent/include/rclcpp/executors/single_threaded_executor.hpp:28[m[K,
[9.012s]                  from [01m[K/opt/ros/eloquent/include/rclcpp/executors.hpp:22[m[K,
[9.012s]                  from [01m[K/opt/ros/eloquent/include/rclcpp/rclcpp.hpp:145[m[K,
[9.013s]                  from [01m[K/home/team/SoftwareDevelopment/ROS2/skinny/src/zed_tracking/src/zed_tracking_node.cpp:2[m[K:
[9.014s] [01m[K/opt/ros/eloquent/include/rclcpp/parameter_value.hpp:341:1:[m[K [01;36m[Knote: [m[K  ‘[01m[Krclcpp::to_string[m[K’
[9.014s]  [01;36m[Kto_string[m[K(const ParameterValue & type);
[9.015s]  [01;36m[K^~~~~~~~~[m[K
[9.016s] In file included from [01m[K/opt/ros/eloquent/include/rclcpp/executors/multi_threaded_executor.hpp:25:0[m[K,
[9.016s]                  from [01m[K/opt/ros/eloquent/include/rclcpp/executors.hpp:21[m[K,
[9.017s]                  from [01m[K/opt/ros/eloquent/include/rclcpp/rclcpp.hpp:145[m[K,
[9.017s]                  from [01m[K/home/team/SoftwareDevelopment/ROS2/skinny/src/zed_tracking/src/zed_tracking_node.cpp:2[m[K:
[9.017s] [01m[K/opt/ros/eloquent/include/rclcpp/executor.hpp:64:1:[m[K [01;36m[Knote: [m[K  ‘[01m[Krclcpp::executor::to_string[m[K’
[9.018s]  [01;36m[Kto_string[m[K(const FutureReturnCode & future_return_code);
[9.018s]  [01;36m[K^~~~~~~~~[m[K
[9.019s] [01m[K/home/team/SoftwareDevelopment/ROS2/skinny/src/zed_tracking/src/zed_tracking_node.cpp:108:17:[m[K [01;31m[Kerror: [m[K‘[01m[Kzed_rotation_txt[m[K’ was not declared in this scope
[9.019s]                  [01;31m[Kzed_rotation_txt[m[K = "ZED  a: " + to_string(zed_pose.getOrientation().ox) + "; b: " + to_string(zed_pose.getOrientation().oy) + "; c: " + to_string(zed_pose.getOrientation().oz);
[9.020s] 
[9.020s]                  [01;31m[K^~~~~~~~~~~~~~~~[m[K
[9.021s] [01m[K/home/team/SoftwareDevelopment/ROS2/skinny/src/zed_tracking/src/zed_tracking_node.cpp:108:17:[m[K [01;36m[Knote: [m[Ksuggested alternative: ‘[01m[KzedPosition[m[K’
[9.021s]                  [01;36m[Kzed_rotation_txt[m[K = "ZED  a: " + to_string(zed_pose.getOrientation().ox) + "; b: " + to_string(zed_pose.getOrientation().oy) + "; c: " + to_string(zed_pose.getOrientation().oz);
[9.022s] 
[9.022s]                  [01;36m[K^~~~~~~~~~~~~~~~[m[K
[9.023s]                  [32m[KzedPosition[m[K
[9.023s] [01m[K/home/team/SoftwareDevelopment/ROS2/skinny/src/zed_tracking/src/zed_tracking_node.cpp:110:4:[m[K [01;31m[Kerror: [m[K‘[01m[Kzed_position_txt[m[K’ was not declared in this scope
[9.023s]     [01;31m[Kzed_position_txt[m[K = "";
[9.024s] 
[9.024s]     [01;31m[K^~~~~~~~~~~~~~~~[m[K
[9.025s] [01m[K/home/team/SoftwareDevelopment/ROS2/skinny/src/zed_tracking/src/zed_tracking_node.cpp:110:4:[m[K [01;36m[Knote: [m[Ksuggested alternative: ‘[01m[KzedPosition[m[K’
[9.025s]     [01;36m[Kzed_position_txt[m[K = "";
[9.026s] 
[9.026s]     [01;36m[K^~~~~~~~~~~~~~~~[m[K
[9.027s]     [32m[KzedPosition[m[K
[9.027s] [01m[K/home/team/SoftwareDevelopment/ROS2/skinny/src/zed_tracking/src/zed_tracking_node.cpp:111:4:[m[K [01;31m[Kerror: [m[K‘[01m[Kzed_rotation_txt[m[K’ was not declared in this scope
[9.028s]     [01;31m[Kzed_rotation_txt[m[K = "";
[9.028s] 
[9.029s]     [01;31m[K^~~~~~~~~~~~~~~~[m[K
[9.029s] [01m[K/home/team/SoftwareDevelopment/ROS2/skinny/src/zed_tracking/src/zed_tracking_node.cpp:111:4:[m[K [01;36m[Knote: [m[Ksuggested alternative: ‘[01m[KzedPosition[m[K’
[9.030s]     [01;36m[Kzed_rotation_txt[m[K = "";
[9.030s] 
[9.031s]     [01;36m[K^~~~~~~~~~~~~~~~[m[K
[9.031s]     [32m[KzedPosition[m[K
[9.031s] [01m[K/home/team/SoftwareDevelopment/ROS2/skinny/src/zed_tracking/src/zed_tracking_node.cpp:126:17:[m[K [01;31m[Kerror: [m[K‘[01m[Karuco_position_txt[m[K’ was not declared in this scope
[9.032s]                  [01;31m[Karuco_position_txt[m[K = "Aruco x: " + to_string(pose.tx) + "; y: " + to_string(pose.ty) + "; z: " + to_string(pose.tz);
[9.032s] 
[9.033s]                  [01;31m[K^~~~~~~~~~~~~~~~~~[m[K
[9.033s] [01m[K/home/team/SoftwareDevelopment/ROS2/skinny/src/zed_tracking/src/zed_tracking_node.cpp:126:17:[m[K [01;36m[Knote: [m[Ksuggested alternative: ‘[01m[Krcl_duration_t[m[K’
[9.034s]                  [01;36m[Karuco_position_txt[m[K = "Aruco x: " + to_string(pose.tx) + "; y: " + to_string(pose.ty) + "; z: " + to_string(pose.tz);
[9.034s] 
[9.035s]                  [01;36m[K^~~~~~~~~~~~~~~~~~[m[K
[9.035s]                  [32m[Krcl_duration_t[m[K
[9.036s] [01m[K/home/team/SoftwareDevelopment/ROS2/skinny/src/zed_tracking/src/zed_tracking_node.cpp:126:52:[m[K [01;31m[Kerror: [m[K‘[01m[Kto_string[m[K’ was not declared in this scope
[9.036s]                  aruco_position_txt = "Aruco x: " + [01;31m[Kto_string[m[K(pose.tx) + "; y: " + to_string(pose.ty) + "; z: " + to_string(pose.tz);
[9.037s] 
[9.037s]                                                     [01;31m[K^~~~~~~~~[m[K
[9.038s] [01m[K/home/team/SoftwareDevelopment/ROS2/skinny/src/zed_tracking/src/zed_tracking_node.cpp:126:52:[m[K [01;36m[Knote: [m[Ksuggested alternatives:
[9.038s] In file included from [01m[K/usr/include/c++/7/string:52:0[m[K,
[9.039s]                  from [01m[K/usr/include/c++/7/stdexcept:39[m[K,
[9.039s]                  from [01m[K/usr/include/c++/7/array:39[m[K,
[9.040s]                  from [01m[K/usr/include/c++/7/tuple:39[m[K,
[9.040s]                  from [01m[K/usr/include/c++/7/bits/unique_ptr.h:37[m[K,
[9.041s]                  from [01m[K/usr/include/c++/7/memory:80[m[K,
[9.041s]                  from [01m[K/opt/ros/eloquent/include/rclcpp/rclcpp.hpp:143[m[K,
[9.042s]                  from [01m[K/home/team/SoftwareDevelopment/ROS2/skinny/src/zed_tracking/src/zed_tracking_node.cpp:2[m[K:
[9.043s] [01m[K/usr/include/c++/7/bits/basic_string.h:6414:3:[m[K [01;36m[Knote: [m[K  ‘[01m[Kstd::__cxx11::to_string[m[K’
[9.043s]    [01;36m[Kto_string[m[K(int __val)
[9.044s]    [01;36m[K^~~~~~~~~[m[K
[9.044s] [01m[K/usr/include/c++/7/bits/basic_string.h:6466:3:[m[K [01;36m[Knote: [m[K  ‘[01m[Kstd::__cxx11::to_string[m[K’
[9.045s]    [01;36m[Kto_string[m[K(long double __val)
[9.045s]    [01;36m[K^~~~~~~~~[m[K
[9.046s] In file included from [01m[K/opt/ros/eloquent/include/rclcpp/parameter.hpp:25:0[m[K,
[9.047s]                  from [01m[K/opt/ros/eloquent/include/rclcpp/node_interfaces/node_parameters_interface.hpp:28[m[K,
[9.047s]                  from [01m[K/opt/ros/eloquent/include/rclcpp/node.hpp:51[m[K,
[9.048s]                  from [01m[K/opt/ros/eloquent/include/rclcpp/executors/single_threaded_executor.hpp:28[m[K,
[9.048s]                  from [01m[K/opt/ros/eloquent/include/rclcpp/executors.hpp:22[m[K,
[9.049s]                  from [01m[K/opt/ros/eloquent/include/rclcpp/rclcpp.hpp:145[m[K,
[9.049s]                  from [01m[K/home/team/SoftwareDevelopment/ROS2/skinny/src/zed_tracking/src/zed_tracking_node.cpp:2[m[K:
[9.050s] [01m[K/opt/ros/eloquent/include/rclcpp/parameter_value.hpp:341:1:[m[K [01;36m[Knote: [m[K  ‘[01m[Krclcpp::to_string[m[K’
[9.050s]  [01;36m[Kto_string[m[K(const ParameterValue & type);
[9.051s]  [01;36m[K^~~~~~~~~[m[K
[9.051s] In file included from [01m[K/opt/ros/eloquent/include/rclcpp/executors/multi_threaded_executor.hpp:25:0[m[K,
[9.052s]                  from [01m[K/opt/ros/eloquent/include/rclcpp/executors.hpp:21[m[K,
[9.052s]                  from [01m[K/opt/ros/eloquent/include/rclcpp/rclcpp.hpp:145[m[K,
[9.053s]                  from [01m[K/home/team/SoftwareDevelopment/ROS2/skinny/src/zed_tracking/src/zed_tracking_node.cpp:2[m[K:
[9.053s] [01m[K/opt/ros/eloquent/include/rclcpp/executor.hpp:64:1:[m[K [01;36m[Knote: [m[K  ‘[01m[Krclcpp::executor::to_string[m[K’
[9.053s]  [01;36m[Kto_string[m[K(const FutureReturnCode & future_return_code);
[9.054s]  [01;36m[K^~~~~~~~~[m[K
[9.054s] [01m[K/home/team/SoftwareDevelopment/ROS2/skinny/src/zed_tracking/src/zed_tracking_node.cpp:129:3:[m[K [01;31m[Kerror: [m[K‘[01m[Karuco_position_txt[m[K’ was not declared in this scope
[9.055s]    [01;31m[Karuco_position_txt[m[K = "";    
[9.055s] 
[9.056s]    [01;31m[K^~~~~~~~~~~~~~~~~~[m[K
[9.056s] [01m[K/home/team/SoftwareDevelopment/ROS2/skinny/src/zed_tracking/src/zed_tracking_node.cpp:129:3:[m[K [01;36m[Knote: [m[Ksuggested alternative: ‘[01m[Krcl_duration_t[m[K’
[9.057s]    [01;36m[Karuco_position_txt[m[K = "";    
[9.057s] 
[9.058s]    [01;36m[K^~~~~~~~~~~~~~~~~~[m[K
[9.058s]    [32m[Krcl_duration_t[m[K
[9.059s] [01m[K/home/team/SoftwareDevelopment/ROS2/skinny/src/zed_tracking/src/zed_tracking_node.cpp:143:84:[m[K [01;31m[Kerror: [m[K‘[01m[Karuco_position_txt[m[K’ was not declared in this scope
[9.059s]       std::cout << "ZED: x:" << zedX << " y: " << zedY << " z:" << zedZ << "   " << [01;31m[Karuco_position_txt[m[K << std::endl;
[9.060s] 
[9.060s]                                                                                     [01;31m[K^~~~~~~~~~~~~~~~~~[m[K
[9.061s] [01m[K/home/team/SoftwareDevelopment/ROS2/skinny/src/zed_tracking/src/zed_tracking_node.cpp:143:84:[m[K [01;36m[Knote: [m[Ksuggested alternative: ‘[01m[Krcl_duration_t[m[K’
[9.061s]       std::cout << "ZED: x:" << zedX << " y: " << zedY << " z:" << zedZ << "   " << [01;36m[Karuco_position_txt[m[K << std::endl;
[9.062s] 
[9.062s]                                                                                     [01;36m[K^~~~~~~~~~~~~~~~~~[m[K
[9.063s]                                                                                     [32m[Krcl_duration_t[m[K
[12.872s] make[2]: *** [CMakeFiles/zed_tracking_node.dir/src/zed_tracking_node.cpp.o] Error 1
[12.873s] CMakeFiles/zed_tracking_node.dir/build.make:86: recipe for target 'CMakeFiles/zed_tracking_node.dir/src/zed_tracking_node.cpp.o' failed
[12.873s] make[1]: *** [CMakeFiles/zed_tracking_node.dir/all] Error 2
[12.874s] CMakeFiles/Makefile2:131: recipe for target 'CMakeFiles/zed_tracking_node.dir/all' failed
[12.874s] make: *** [all] Error 2
[12.875s] Makefile:140: recipe for target 'all' failed
[12.885s] Invoked command in '/home/team/SoftwareDevelopment/ROS2/skinny/build/zed_tracking' returned '2': CMAKE_PREFIX_PATH=/home/team/SoftwareDevelopment/ROS2/skinny/install/messages:/home/team/SoftwareDevelopment/ROS2/skinny/install/talon:/home/team/SoftwareDevelopment/ROS2/skinny/install/power_distribution_panel:/home/team/SoftwareDevelopment/ROS2/skinny/install/logic:/home/team/SoftwareDevelopment/ROS2/skinny/install/communication:/home/team/SoftwareDevelopment/ROS2/skinny/install/excavation:/opt/ros/eloquent /usr/bin/cmake --build /home/team/SoftwareDevelopment/ROS2/skinny/build/zed_tracking -- -j4 -l4
