[0.134s] Invoking command in '/home/team/SoftwareDevelopment/ROS2/skinny/build/logic': CMAKE_PREFIX_PATH=/home/team/SoftwareDevelopment/ROS2/skinny/install/messages:/home/team/SoftwareDevelopment/ROS2/skinny/install/zed_tracking:/home/team/SoftwareDevelopment/ROS2/skinny/install/talon:/home/team/SoftwareDevelopment/ROS2/skinny/install/power_distribution_panel:/home/team/SoftwareDevelopment/ROS2/skinny/install/logic:/home/team/SoftwareDevelopment/ROS2/skinny/install/communication:/home/team/SoftwareDevelopment/ROS2/skinny/install/autonomy:/home/team/SoftwareDevelopment/ROS2/skinny/src/install/zed_tracking:/home/team/SoftwareDevelopment/ROS2/skinny/src/install/talon:/home/team/SoftwareDevelopment/ROS2/skinny/src/install/power_distribution_panel:/home/team/SoftwareDevelopment/ROS2/skinny/src/install/logic:/home/team/SoftwareDevelopment/ROS2/skinny/src/install/communication:/home/team/SoftwareDevelopment/ROS2/skinny/src/install/autonomy:/home/team/SoftwareDevelopment/ROS2/skinny/src/install/messages:/home/team/SoftwareDevelopment/ROS2/skinny/install/excavation:/home/team/SoftwareDevelopment/ROS2/skinny/src/install/excavation:/opt/ros/eloquent /usr/bin/cmake --build /home/team/SoftwareDevelopment/ROS2/skinny/build/logic -- -j4 -l4
[0.407s] [100%] Built target logic_node
[0.453s] Invoked command in '/home/team/SoftwareDevelopment/ROS2/skinny/build/logic' returned '0': CMAKE_PREFIX_PATH=/home/team/SoftwareDevelopment/ROS2/skinny/install/messages:/home/team/SoftwareDevelopment/ROS2/skinny/install/zed_tracking:/home/team/SoftwareDevelopment/ROS2/skinny/install/talon:/home/team/SoftwareDevelopment/ROS2/skinny/install/power_distribution_panel:/home/team/SoftwareDevelopment/ROS2/skinny/install/logic:/home/team/SoftwareDevelopment/ROS2/skinny/install/communication:/home/team/SoftwareDevelopment/ROS2/skinny/install/autonomy:/home/team/SoftwareDevelopment/ROS2/skinny/src/install/zed_tracking:/home/team/SoftwareDevelopment/ROS2/skinny/src/install/talon:/home/team/SoftwareDevelopment/ROS2/skinny/src/install/power_distribution_panel:/home/team/SoftwareDevelopment/ROS2/skinny/src/install/logic:/home/team/SoftwareDevelopment/ROS2/skinny/src/install/communication:/home/team/SoftwareDevelopment/ROS2/skinny/src/install/autonomy:/home/team/SoftwareDevelopment/ROS2/skinny/src/install/messages:/home/team/SoftwareDevelopment/ROS2/skinny/install/excavation:/home/team/SoftwareDevelopment/ROS2/skinny/src/install/excavation:/opt/ros/eloquent /usr/bin/cmake --build /home/team/SoftwareDevelopment/ROS2/skinny/build/logic -- -j4 -l4
[0.587s] Invoking command in '/home/team/SoftwareDevelopment/ROS2/skinny/build/logic': CMAKE_PREFIX_PATH=/home/team/SoftwareDevelopment/ROS2/skinny/install/messages:/home/team/SoftwareDevelopment/ROS2/skinny/install/zed_tracking:/home/team/SoftwareDevelopment/ROS2/skinny/install/talon:/home/team/SoftwareDevelopment/ROS2/skinny/install/power_distribution_panel:/home/team/SoftwareDevelopment/ROS2/skinny/install/logic:/home/team/SoftwareDevelopment/ROS2/skinny/install/communication:/home/team/SoftwareDevelopment/ROS2/skinny/install/autonomy:/home/team/SoftwareDevelopment/ROS2/skinny/src/install/zed_tracking:/home/team/SoftwareDevelopment/ROS2/skinny/src/install/talon:/home/team/SoftwareDevelopment/ROS2/skinny/src/install/power_distribution_panel:/home/team/SoftwareDevelopment/ROS2/skinny/src/install/logic:/home/team/SoftwareDevelopment/ROS2/skinny/src/install/communication:/home/team/SoftwareDevelopment/ROS2/skinny/src/install/autonomy:/home/team/SoftwareDevelopment/ROS2/skinny/src/install/messages:/home/team/SoftwareDevelopment/ROS2/skinny/install/excavation:/home/team/SoftwareDevelopment/ROS2/skinny/src/install/excavation:/opt/ros/eloquent /usr/bin/cmake --build /home/team/SoftwareDevelopment/ROS2/skinny/build/logic --target install -- -j4 -l4
[0.836s] [100%] Built target logic_node
[0.913s] [36mInstall the project...[0m
[0.951s] -- Install configuration: ""
[0.953s] -- Up-to-date: /home/team/SoftwareDevelopment/ROS2/skinny/install/logic/lib/logic/logic_node
[0.954s] -- Up-to-date: /home/team/SoftwareDevelopment/ROS2/skinny/install/logic/share/ament_index/resource_index/package_run_dependencies/logic
[0.955s] -- Up-to-date: /home/team/SoftwareDevelopment/ROS2/skinny/install/logic/share/ament_index/resource_index/parent_prefix_path/logic
[0.956s] -- Up-to-date: /home/team/SoftwareDevelopment/ROS2/skinny/install/logic/share/logic/environment/ament_prefix_path.sh
[0.956s] -- Up-to-date: /home/team/SoftwareDevelopment/ROS2/skinny/install/logic/share/logic/environment/ament_prefix_path.dsv
[0.958s] -- Up-to-date: /home/team/SoftwareDevelopment/ROS2/skinny/install/logic/share/logic/environment/path.sh
[0.959s] -- Up-to-date: /home/team/SoftwareDevelopment/ROS2/skinny/install/logic/share/logic/environment/path.dsv
[0.960s] -- Up-to-date: /home/team/SoftwareDevelopment/ROS2/skinny/install/logic/share/logic/local_setup.bash
[0.963s] -- Up-to-date: /home/team/SoftwareDevelopment/ROS2/skinny/install/logic/share/logic/local_setup.sh
[0.966s] -- Up-to-date: /home/team/SoftwareDevelopment/ROS2/skinny/install/logic/share/logic/local_setup.zsh
[0.967s] -- Up-to-date: /home/team/SoftwareDevelopment/ROS2/skinny/install/logic/share/logic/local_setup.dsv
[0.968s] -- Installing: /home/team/SoftwareDevelopment/ROS2/skinny/install/logic/share/logic/package.dsv
[0.969s] -- Up-to-date: /home/team/SoftwareDevelopment/ROS2/skinny/install/logic/share/ament_index/resource_index/packages/logic
[0.970s] -- Up-to-date: /home/team/SoftwareDevelopment/ROS2/skinny/install/logic/share/logic/cmake/logicConfig.cmake
[0.983s] -- Up-to-date: /home/team/SoftwareDevelopment/ROS2/skinny/install/logic/share/logic/cmake/logicConfig-version.cmake
[0.985s] -- Up-to-date: /home/team/SoftwareDevelopment/ROS2/skinny/install/logic/share/logic/package.xml
[1.010s] Invoked command in '/home/team/SoftwareDevelopment/ROS2/skinny/build/logic' returned '0': CMAKE_PREFIX_PATH=/home/team/SoftwareDevelopment/ROS2/skinny/install/messages:/home/team/SoftwareDevelopment/ROS2/skinny/install/zed_tracking:/home/team/SoftwareDevelopment/ROS2/skinny/install/talon:/home/team/SoftwareDevelopment/ROS2/skinny/install/power_distribution_panel:/home/team/SoftwareDevelopment/ROS2/skinny/install/logic:/home/team/SoftwareDevelopment/ROS2/skinny/install/communication:/home/team/SoftwareDevelopment/ROS2/skinny/install/autonomy:/home/team/SoftwareDevelopment/ROS2/skinny/src/install/zed_tracking:/home/team/SoftwareDevelopment/ROS2/skinny/src/install/talon:/home/team/SoftwareDevelopment/ROS2/skinny/src/install/power_distribution_panel:/home/team/SoftwareDevelopment/ROS2/skinny/src/install/logic:/home/team/SoftwareDevelopment/ROS2/skinny/src/install/communication:/home/team/SoftwareDevelopment/ROS2/skinny/src/install/autonomy:/home/team/SoftwareDevelopment/ROS2/skinny/src/install/messages:/home/team/SoftwareDevelopment/ROS2/skinny/install/excavation:/home/team/SoftwareDevelopment/ROS2/skinny/src/install/excavation:/opt/ros/eloquent /usr/bin/cmake --build /home/team/SoftwareDevelopment/ROS2/skinny/build/logic --target install -- -j4 -l4
