[0.153s] Invoking command in '/home/team/SoftwareDevelopment/ROS2/skinny/build/autonomy': CMAKE_PREFIX_PATH=/home/team/SoftwareDevelopment/ROS2/skinny/install/messages:/home/team/SoftwareDevelopment/ROS2/skinny/install/zed_tracking:/home/team/SoftwareDevelopment/ROS2/skinny/install/talon:/home/team/SoftwareDevelopment/ROS2/skinny/install/power_distribution_panel:/home/team/SoftwareDevelopment/ROS2/skinny/install/logic:/home/team/SoftwareDevelopment/ROS2/skinny/install/communication:/home/team/SoftwareDevelopment/ROS2/skinny/install/autonomy:/home/team/SoftwareDevelopment/ROS2/skinny/install/excavation:/opt/ros/eloquent /usr/bin/cmake --build /home/team/SoftwareDevelopment/ROS2/skinny/build/autonomy -- -j4 -l4
[0.396s] [100%] Built target autonomy_node
[0.446s] Invoked command in '/home/team/SoftwareDevelopment/ROS2/skinny/build/autonomy' returned '0': CMAKE_PREFIX_PATH=/home/team/SoftwareDevelopment/ROS2/skinny/install/messages:/home/team/SoftwareDevelopment/ROS2/skinny/install/zed_tracking:/home/team/SoftwareDevelopment/ROS2/skinny/install/talon:/home/team/SoftwareDevelopment/ROS2/skinny/install/power_distribution_panel:/home/team/SoftwareDevelopment/ROS2/skinny/install/logic:/home/team/SoftwareDevelopment/ROS2/skinny/install/communication:/home/team/SoftwareDevelopment/ROS2/skinny/install/autonomy:/home/team/SoftwareDevelopment/ROS2/skinny/install/excavation:/opt/ros/eloquent /usr/bin/cmake --build /home/team/SoftwareDevelopment/ROS2/skinny/build/autonomy -- -j4 -l4
[0.586s] Invoking command in '/home/team/SoftwareDevelopment/ROS2/skinny/build/autonomy': CMAKE_PREFIX_PATH=/home/team/SoftwareDevelopment/ROS2/skinny/install/messages:/home/team/SoftwareDevelopment/ROS2/skinny/install/zed_tracking:/home/team/SoftwareDevelopment/ROS2/skinny/install/talon:/home/team/SoftwareDevelopment/ROS2/skinny/install/power_distribution_panel:/home/team/SoftwareDevelopment/ROS2/skinny/install/logic:/home/team/SoftwareDevelopment/ROS2/skinny/install/communication:/home/team/SoftwareDevelopment/ROS2/skinny/install/autonomy:/home/team/SoftwareDevelopment/ROS2/skinny/install/excavation:/opt/ros/eloquent /usr/bin/cmake --build /home/team/SoftwareDevelopment/ROS2/skinny/build/autonomy --target install -- -j4 -l4
[0.845s] [100%] Built target autonomy_node
[0.923s] [36mInstall the project...[0m
[0.958s] -- Install configuration: ""
[0.959s] -- Up-to-date: /home/team/SoftwareDevelopment/ROS2/skinny/install/autonomy/lib/autonomy/autonomy_node
[0.962s] -- Up-to-date: /home/team/SoftwareDevelopment/ROS2/skinny/install/autonomy/share/ament_index/resource_index/package_run_dependencies/autonomy
[0.963s] -- Up-to-date: /home/team/SoftwareDevelopment/ROS2/skinny/install/autonomy/share/ament_index/resource_index/parent_prefix_path/autonomy
[0.964s] -- Up-to-date: /home/team/SoftwareDevelopment/ROS2/skinny/install/autonomy/share/autonomy/environment/ament_prefix_path.sh
[0.964s] -- Up-to-date: /home/team/SoftwareDevelopment/ROS2/skinny/install/autonomy/share/autonomy/environment/ament_prefix_path.dsv
[0.966s] -- Up-to-date: /home/team/SoftwareDevelopment/ROS2/skinny/install/autonomy/share/autonomy/environment/path.sh
[0.966s] -- Up-to-date: /home/team/SoftwareDevelopment/ROS2/skinny/install/autonomy/share/autonomy/environment/path.dsv
[0.967s] -- Up-to-date: /home/team/SoftwareDevelopment/ROS2/skinny/install/autonomy/share/autonomy/local_setup.bash
[0.968s] -- Up-to-date: /home/team/SoftwareDevelopment/ROS2/skinny/install/autonomy/share/autonomy/local_setup.sh
[0.968s] -- Up-to-date: /home/team/SoftwareDevelopment/ROS2/skinny/install/autonomy/share/autonomy/local_setup.zsh
[0.969s] -- Up-to-date: /home/team/SoftwareDevelopment/ROS2/skinny/install/autonomy/share/autonomy/local_setup.dsv
[0.970s] -- Installing: /home/team/SoftwareDevelopment/ROS2/skinny/install/autonomy/share/autonomy/package.dsv
[0.971s] -- Up-to-date: /home/team/SoftwareDevelopment/ROS2/skinny/install/autonomy/share/ament_index/resource_index/packages/autonomy
[0.971s] -- Up-to-date: /home/team/SoftwareDevelopment/ROS2/skinny/install/autonomy/share/autonomy/cmake/autonomyConfig.cmake
[0.972s] -- Up-to-date: /home/team/SoftwareDevelopment/ROS2/skinny/install/autonomy/share/autonomy/cmake/autonomyConfig-version.cmake
[0.973s] -- Up-to-date: /home/team/SoftwareDevelopment/ROS2/skinny/install/autonomy/share/autonomy/package.xml
[0.987s] Invoked command in '/home/team/SoftwareDevelopment/ROS2/skinny/build/autonomy' returned '0': CMAKE_PREFIX_PATH=/home/team/SoftwareDevelopment/ROS2/skinny/install/messages:/home/team/SoftwareDevelopment/ROS2/skinny/install/zed_tracking:/home/team/SoftwareDevelopment/ROS2/skinny/install/talon:/home/team/SoftwareDevelopment/ROS2/skinny/install/power_distribution_panel:/home/team/SoftwareDevelopment/ROS2/skinny/install/logic:/home/team/SoftwareDevelopment/ROS2/skinny/install/communication:/home/team/SoftwareDevelopment/ROS2/skinny/install/autonomy:/home/team/SoftwareDevelopment/ROS2/skinny/install/excavation:/opt/ros/eloquent /usr/bin/cmake --build /home/team/SoftwareDevelopment/ROS2/skinny/build/autonomy --target install -- -j4 -l4
