[0.117s] Invoking command in '/home/team/SoftwareDevelopment/ROS2/skinny/build/logic': AMENT_PREFIX_PATH=/home/team/SoftwareDevelopment/ROS2/skinny/install/messages:${AMENT_PREFIX_PATH} CMAKE_PREFIX_PATH=/home/team/SoftwareDevelopment/ROS2/skinny/install/messages:/opt/ros/eloquent LD_LIBRARY_PATH=/home/team/SoftwareDevelopment/ROS2/skinny/install/messages/lib:${LD_LIBRARY_PATH} PYTHONPATH=/home/team/SoftwareDevelopment/ROS2/skinny/install/messages/lib/python3.6/site-packages:${PYTHONPATH} /usr/bin/cmake --build /home/team/SoftwareDevelopment/ROS2/skinny/build/logic -- -j4 -l4
[0.327s] [35m[1mScanning dependencies of target logic_node[0m
[0.449s] [ 50%] [32mBuilding CXX object CMakeFiles/logic_node.dir/src/logic_node.cpp.o[0m
[4.797s] [01m[K/home/team/SoftwareDevelopment/ROS2/skinny/src/logic/src/logic_node.cpp:174:10:[m[K [01;31m[Kerror: [m[Kredeclaration of ‘[01m[KPosition Automation1::position[m[K’
[4.798s]  Position [01;31m[Kposition[m[K;
[4.798s]           [01;31m[K^~~~~~~~[m[K
[4.799s] In file included from [01m[K/home/team/SoftwareDevelopment/ROS2/skinny/src/logic/src/logic_node.cpp:17:0[m[K:
[4.799s] [01m[K/home/team/SoftwareDevelopment/ROS2/skinny/src/logic/include/logic/Automation1.hpp:11:14:[m[K [01;36m[Knote: [m[Kprevious declaration ‘[01m[KPosition Automation1::position[m[K’
[4.800s]      Position [01;36m[Kposition[m[K;
[4.800s]               [01;36m[K^~~~~~~~[m[K
[4.801s] [01m[K/home/team/SoftwareDevelopment/ROS2/skinny/src/logic/src/logic_node.cpp:187:24:[m[K [01;31m[Kerror: [m[Kredeclaration of ‘[01m[Kfloat Automation1::currentLeftSpeed[m[K’
[4.801s]  float currentLeftSpeed=[01;31m[K0[m[K;
[4.802s]                         [01;31m[K^[m[K
[4.802s] In file included from [01m[K/home/team/SoftwareDevelopment/ROS2/skinny/src/logic/src/logic_node.cpp:17:0[m[K:
[4.803s] [01m[K/home/team/SoftwareDevelopment/ROS2/skinny/src/logic/include/logic/Automation1.hpp:7:28:[m[K [01;36m[Knote: [m[Kprevious declaration ‘[01m[Kfloat Automation1::currentLeftSpeed[m[K’
[4.803s]      float currentLeftSpeed=[01;36m[K0[m[K;
[4.804s]                             [01;36m[K^[m[K
[4.804s] [01m[K/home/team/SoftwareDevelopment/ROS2/skinny/src/logic/src/logic_node.cpp:188:25:[m[K [01;31m[Kerror: [m[Kredeclaration of ‘[01m[Kfloat Automation1::currentRightSpeed[m[K’
[4.805s]  float currentRightSpeed=[01;31m[K0[m[K;
[4.805s]                          [01;31m[K^[m[K
[4.806s] In file included from [01m[K/home/team/SoftwareDevelopment/ROS2/skinny/src/logic/src/logic_node.cpp:17:0[m[K:
[4.806s] [01m[K/home/team/SoftwareDevelopment/ROS2/skinny/src/logic/include/logic/Automation1.hpp:8:29:[m[K [01;36m[Knote: [m[Kprevious declaration ‘[01m[Kfloat Automation1::currentRightSpeed[m[K’
[4.807s]      float currentRightSpeed=[01;36m[K0[m[K;
[4.807s]                              [01;36m[K^[m[K
[4.808s] [01m[K/home/team/SoftwareDevelopment/ROS2/skinny/src/logic/src/logic_node.cpp:189:6:[m[K [01;31m[Kerror: [m[K‘[01m[Kvoid Automation1::changeSpeed(float, float)[m[K’ cannot be overloaded
[4.809s]  void [01;31m[KchangeSpeed[m[K(float left, float right){
[4.809s]       [01;31m[K^~~~~~~~~~~[m[K
[4.809s] In file included from [01m[K/home/team/SoftwareDevelopment/ROS2/skinny/src/logic/src/logic_node.cpp:17:0[m[K:
[4.810s] [01m[K/home/team/SoftwareDevelopment/ROS2/skinny/src/logic/include/logic/Automation1.hpp:19:10:[m[K [01;31m[Kerror: [m[Kwith ‘[01m[Kvoid Automation1::changeSpeed(float, float)[m[K’
[4.810s]      void [01;31m[KchangeSpeed[m[K(float left, float right){
[4.811s]           [01;31m[K^~~~~~~~~~~[m[K
[4.811s] [01m[K/home/team/SoftwareDevelopment/ROS2/skinny/src/logic/src/logic_node.cpp:201:8:[m[K [01;31m[Kerror: [m[Kdeclaration of ‘[01m[Kstruct Automation1::Location[m[K’ [[01;31m[K-fpermissive[m[K]
[4.812s]  struct [01;31m[KLocation[m[K{
[4.812s]         [01;31m[K^~~~~~~~[m[K
[4.813s] In file included from [01m[K/home/team/SoftwareDevelopment/ROS2/skinny/src/logic/include/logic/Automation.hpp:1:0[m[K,
[4.813s]                  from [01m[K/home/team/SoftwareDevelopment/ROS2/skinny/src/logic/include/logic/Automation1.hpp:1[m[K,
[4.814s]                  from [01m[K/home/team/SoftwareDevelopment/ROS2/skinny/src/logic/src/logic_node.cpp:17[m[K:
[4.814s] [01m[K/home/team/SoftwareDevelopment/ROS2/skinny/src/logic/include/logic/AutomationTypes.hpp:7:8:[m[K [01;31m[Kerror: [m[Kchanges meaning of ‘[01m[KLocation[m[K’ from ‘[01m[Kstruct Location[m[K’ [[01;31m[K-fpermissive[m[K]
[4.815s]  struct [01;31m[KLocation[m[K{
[4.815s]         [01;31m[K^~~~~~~~[m[K
[4.816s] [01m[K/home/team/SoftwareDevelopment/ROS2/skinny/src/logic/src/logic_node.cpp:209:8:[m[K [01;31m[Kerror: [m[Kdeclaration of ‘[01m[Kstruct Automation1::EulerAngles[m[K’ [[01;31m[K-fpermissive[m[K]
[4.816s]  struct [01;31m[KEulerAngles[m[K {
[4.817s]         [01;31m[K^~~~~~~~~~~[m[K
[4.817s] In file included from [01m[K/home/team/SoftwareDevelopment/ROS2/skinny/src/logic/include/logic/Automation.hpp:1:0[m[K,
[4.818s]                  from [01m[K/home/team/SoftwareDevelopment/ROS2/skinny/src/logic/include/logic/Automation1.hpp:1[m[K,
[4.819s]                  from [01m[K/home/team/SoftwareDevelopment/ROS2/skinny/src/logic/src/logic_node.cpp:17[m[K:
[4.819s] [01m[K/home/team/SoftwareDevelopment/ROS2/skinny/src/logic/include/logic/AutomationTypes.hpp:15:8:[m[K [01;31m[Kerror: [m[Kchanges meaning of ‘[01m[KEulerAngles[m[K’ from ‘[01m[Kstruct EulerAngles[m[K’ [[01;31m[K-fpermissive[m[K]
[4.820s]  struct [01;31m[KEulerAngles[m[K {
[4.820s]         [01;31m[K^~~~~~~~~~~[m[K
[4.821s] [01m[K/home/team/SoftwareDevelopment/ROS2/skinny/src/logic/src/logic_node.cpp:237:6:[m[K [01;31m[Kerror: [m[Kmultiple definition of ‘[01m[Kenum Automation1::RobotState[m[K’
[4.821s]  enum [01;31m[KRobotState[m[K{LOCATE,GO_TO_DIG_SITE,DIG,HOME,DOCK,DUMP};
[4.822s]       [01;31m[K^~~~~~~~~~[m[K
[4.822s] In file included from [01m[K/home/team/SoftwareDevelopment/ROS2/skinny/src/logic/src/logic_node.cpp:17:0[m[K:
[4.823s] [01m[K/home/team/SoftwareDevelopment/ROS2/skinny/src/logic/include/logic/Automation1.hpp:5:10:[m[K [01;36m[Knote: [m[Kprevious definition here
[4.823s]      enum [01;36m[KRobotState[m[K{LOCATE,GO_TO_DIG_SITE,DIG,HOME,DOCK,DUMP};
[4.824s]           [01;36m[K^~~~~~~~~~[m[K
[4.824s] [01m[K/home/team/SoftwareDevelopment/ROS2/skinny/src/logic/src/logic_node.cpp:238:23:[m[K [01;31m[Kerror: [m[Kredeclaration of ‘[01m[KAutomation1::RobotState Automation1::robotState[m[K’
[4.825s]  RobotState robotState=[01;31m[KGO_TO_DIG_SITE[m[K;
[4.825s]                        [01;31m[K^~~~~~~~~~~~~~[m[K
[4.826s] In file included from [01m[K/home/team/SoftwareDevelopment/ROS2/skinny/src/logic/src/logic_node.cpp:17:0[m[K:
[4.826s] [01m[K/home/team/SoftwareDevelopment/ROS2/skinny/src/logic/include/logic/Automation1.hpp:9:27:[m[K [01;36m[Knote: [m[Kprevious declaration ‘[01m[KAutomation1::RobotState Automation1::robotState[m[K’
[4.827s]      RobotState robotState=[01;36m[KGO_TO_DIG_SITE[m[K;
[4.827s]                            [01;36m[K^~~~~~~~~~~~~~[m[K
[4.828s] [01m[K/home/team/SoftwareDevelopment/ROS2/skinny/src/logic/src/logic_node.cpp:239:10:[m[K [01;31m[Kerror: [m[Kredeclaration of ‘[01m[KAutomation1::Location Automation1::destination[m[K’
[4.828s]  Location [01;31m[Kdestination[m[K;
[4.829s]           [01;31m[K^~~~~~~~~~~[m[K
[4.829s] In file included from [01m[K/home/team/SoftwareDevelopment/ROS2/skinny/src/logic/src/logic_node.cpp:17:0[m[K:
[4.830s] [01m[K/home/team/SoftwareDevelopment/ROS2/skinny/src/logic/include/logic/Automation1.hpp:10:14:[m[K [01;36m[Knote: [m[Kprevious declaration ‘[01m[KLocation Automation1::destination[m[K’
[4.830s]      Location [01;36m[Kdestination[m[K;
[4.831s]               [01;36m[K^~~~~~~~~~~[m[K
[4.831s] [01m[K/home/team/SoftwareDevelopment/ROS2/skinny/src/logic/src/logic_node.cpp:240:6:[m[K [01;31m[Kerror: [m[K‘[01m[Kvoid Automation1::automate()[m[K’ cannot be overloaded
[4.832s]  void [01;31m[Kautomate[m[K(){
[4.832s]       [01;31m[K^~~~~~~~[m[K
[4.833s] In file included from [01m[K/home/team/SoftwareDevelopment/ROS2/skinny/src/logic/src/logic_node.cpp:17:0[m[K:
[4.833s] [01m[K/home/team/SoftwareDevelopment/ROS2/skinny/src/logic/include/logic/Automation1.hpp:56:10:[m[K [01;31m[Kerror: [m[Kwith ‘[01m[Kvoid Automation1::automate()[m[K’
[4.833s]      void [01;31m[Kautomate[m[K(){
[4.834s]           [01;31m[K^~~~~~~~[m[K
[4.834s] [01m[K/home/team/SoftwareDevelopment/ROS2/skinny/src/logic/src/logic_node.cpp:317:1:[m[K [01;31m[Kerror: [m[Kexpected ‘[01m[K}[m[K’ at end of input
[4.835s]  [01;31m[K}[m[K
[4.835s]  [01;31m[K^[m[K
[4.836s] [01m[K/home/team/SoftwareDevelopment/ROS2/skinny/src/logic/src/logic_node.cpp:33:40:[m[K [01;31m[Kerror: [m[Kconstructor required before non-static data member for ‘[01m[KAutomation1::automation[m[K’ has been parsed
[4.836s]  Automation* automation=new Automation1([01;31m[K)[m[K;
[4.837s]                                         [01;31m[K^[m[K
[4.863s] In file included from [01m[K/home/team/SoftwareDevelopment/ROS2/skinny/src/logic/src/logic_node.cpp:17:0[m[K:
[4.864s] [01m[K/home/team/SoftwareDevelopment/ROS2/skinny/src/logic/include/logic/Automation1.hpp:[m[K In member function ‘[01m[KEulerAngles Automation1::ToEulerAngles(Quaternion)[m[K’:
[4.864s] [01m[K/home/team/SoftwareDevelopment/ROS2/skinny/src/logic/include/logic/Automation1.hpp:52:16:[m[K [01;31m[Kerror: [m[Kcould not convert ‘[01m[Kangles[m[K’ from ‘[01m[KAutomation1::EulerAngles[m[K’ to ‘[01m[KEulerAngles[m[K’
[4.865s]          return [01;31m[Kangles[m[K;
[4.865s]                 [01;31m[K^~~~~~[m[K
[4.964s] [01m[K/home/team/SoftwareDevelopment/ROS2/skinny/src/logic/src/logic_node.cpp:[m[K In member function ‘[01m[Kint Automation1::main(int, char**)[m[K’:
[4.965s] [01m[K/home/team/SoftwareDevelopment/ROS2/skinny/src/logic/src/logic_node.cpp:295:130:[m[K [01;31m[Kerror: [m[Kinvalid use of non-static member function ‘[01m[Kvoid Automation1::joystickAxisCallback(messages::msg::AxisState_<std::allocator<void> >::SharedPtr)[m[K’
[4.965s]  stickAxisSubscriber= nodeHandle->create_subscription<messages::msg::AxisState>("joystick_axis",1,joystickAxisCallback[01;31m[K)[m[K;
[4.966s]                                                                                                                       [01;31m[K^[m[K
[4.966s] [01m[K/home/team/SoftwareDevelopment/ROS2/skinny/src/logic/src/logic_node.cpp:63:6:[m[K [01;36m[Knote: [m[Kdeclared here
[4.967s]  void [01;36m[KjoystickAxisCallback[m[K(const messages::msg::AxisState::SharedPtr axisState){
[4.967s]       [01;36m[K^~~~~~~~~~~~~~~~~~~~[m[K
[4.968s] [01m[K/home/team/SoftwareDevelopment/ROS2/skinny/src/logic/src/logic_node.cpp:296:138:[m[K [01;31m[Kerror: [m[Kinvalid use of non-static member function ‘[01m[Kvoid Automation1::joystickButtonCallback(messages::msg::ButtonState_<std::allocator<void> >::SharedPtr)[m[K’
[4.968s]  tonSubscriber= nodeHandle->create_subscription<messages::msg::ButtonState>("joystick_button",1,joystickButtonCallback[01;31m[K)[m[K;
[4.969s]                                                                                                                       [01;31m[K^[m[K
[4.969s] [01m[K/home/team/SoftwareDevelopment/ROS2/skinny/src/logic/src/logic_node.cpp:86:6:[m[K [01;36m[Knote: [m[Kdeclared here
[4.970s]  void [01;36m[KjoystickButtonCallback[m[K(const messages::msg::ButtonState::SharedPtr buttonState){
[4.970s]       [01;36m[K^~~~~~~~~~~~~~~~~~~~~~[m[K
[4.971s] [01m[K/home/team/SoftwareDevelopment/ROS2/skinny/src/logic/src/logic_node.cpp:297:126:[m[K [01;31m[Kerror: [m[Kinvalid use of non-static member function ‘[01m[Kvoid Automation1::joystickHatCallback(messages::msg::HatState_<std::allocator<void> >::SharedPtr)[m[K’
[4.971s]   joystickHatSubscriber= nodeHandle->create_subscription<messages::msg::HatState>("joystick_hat",1,joystickHatCallback[01;31m[K)[m[K;
[4.972s]                                                                                                                       [01;31m[K^[m[K
[4.972s] [01m[K/home/team/SoftwareDevelopment/ROS2/skinny/src/logic/src/logic_node.cpp:159:6:[m[K [01;36m[Knote: [m[Kdeclared here
[4.973s]  void [01;36m[KjoystickHatCallback[m[K(const messages::msg::HatState::SharedPtr hatState){
[4.973s]       [01;36m[K^~~~~~~~~~~~~~~~~~~[m[K
[4.974s] [01m[K/home/team/SoftwareDevelopment/ROS2/skinny/src/logic/src/logic_node.cpp:298:101:[m[K [01;31m[Kerror: [m[Kinvalid use of non-static member function ‘[01m[Kvoid Automation1::keyCallback(messages::msg::KeyState_<std::allocator<void> >::SharedPtr)[m[K’
[4.974s]      auto keySubscriber= nodeHandle->create_subscription<messages::msg::KeyState>("key",1,keyCallback[01;31m[K)[m[K;
[4.975s]                                                                                                      [01;31m[K^[m[K
[4.975s] [01m[K/home/team/SoftwareDevelopment/ROS2/skinny/src/logic/src/logic_node.cpp:163:6:[m[K [01;36m[Knote: [m[Kdeclared here
[4.976s]  void [01;36m[KkeyCallback[m[K(const messages::msg::KeyState::SharedPtr keyState){
[4.976s]       [01;36m[K^~~~~~~~~~~[m[K
[4.977s] [01m[K/home/team/SoftwareDevelopment/ROS2/skinny/src/logic/src/logic_node.cpp:299:129:[m[K [01;31m[Kerror: [m[Kinvalid use of non-static member function ‘[01m[Kvoid Automation1::zedPositionCallback(messages::msg::ZedPosition_<std::allocator<void> >::SharedPtr)[m[K’
[4.977s]  dPositionSubscriber= nodeHandle->create_subscription<messages::msg::ZedPosition>("zed_position",1,zedPositionCallback[01;31m[K)[m[K;
[4.978s]                                                                                                                       [01;31m[K^[m[K
[4.978s] [01m[K/home/team/SoftwareDevelopment/ROS2/skinny/src/logic/src/logic_node.cpp:175:6:[m[K [01;36m[Knote: [m[Kdeclared here
[4.979s]  void [01;36m[KzedPositionCallback[m[K(const messages::msg::ZedPosition::SharedPtr zedPosition){
[4.979s]       [01;36m[K^~~~~~~~~~~~~~~~~~~[m[K
[4.986s] [01m[K/home/team/SoftwareDevelopment/ROS2/skinny/src/logic/src/logic_node.cpp:317:1:[m[K [01;35m[Kwarning: [m[Kno return statement in function returning non-void [[01;35m[K-Wreturn-type[m[K]
[4.987s]  [01;35m[K}[m[K
[4.988s]  [01;35m[K^[m[K
[4.988s] [01m[K/home/team/SoftwareDevelopment/ROS2/skinny/src/logic/src/logic_node.cpp:[m[K At global scope:
[4.989s] [01m[K/home/team/SoftwareDevelopment/ROS2/skinny/src/logic/src/logic_node.cpp:317:1:[m[K [01;31m[Kerror: [m[Kexpected unqualified-id at end of input
[7.545s] CMakeFiles/logic_node.dir/build.make:62: recipe for target 'CMakeFiles/logic_node.dir/src/logic_node.cpp.o' failed
[7.546s] make[2]: *** [CMakeFiles/logic_node.dir/src/logic_node.cpp.o] Error 1
[7.547s] make[1]: *** [CMakeFiles/logic_node.dir/all] Error 2
[7.548s] CMakeFiles/Makefile2:131: recipe for target 'CMakeFiles/logic_node.dir/all' failed
[7.549s] make: *** [all] Error 2
[7.549s] Makefile:140: recipe for target 'all' failed
[7.560s] Invoked command in '/home/team/SoftwareDevelopment/ROS2/skinny/build/logic' returned '2': AMENT_PREFIX_PATH=/home/team/SoftwareDevelopment/ROS2/skinny/install/messages:${AMENT_PREFIX_PATH} CMAKE_PREFIX_PATH=/home/team/SoftwareDevelopment/ROS2/skinny/install/messages:/opt/ros/eloquent LD_LIBRARY_PATH=/home/team/SoftwareDevelopment/ROS2/skinny/install/messages/lib:${LD_LIBRARY_PATH} PYTHONPATH=/home/team/SoftwareDevelopment/ROS2/skinny/install/messages/lib/python3.6/site-packages:${PYTHONPATH} /usr/bin/cmake --build /home/team/SoftwareDevelopment/ROS2/skinny/build/logic -- -j4 -l4
