[0.160s] Invoking command in '/home/team/SoftwareDevelopment/ROS2/skinny/build/logic': CMAKE_PREFIX_PATH=/home/team/SoftwareDevelopment/ROS2/skinny/install/messages:/home/team/SoftwareDevelopment/ROS2/skinny/install/talon:/home/team/SoftwareDevelopment/ROS2/skinny/install/power_distribution_panel:/home/team/SoftwareDevelopment/ROS2/skinny/install/logic:/home/team/SoftwareDevelopment/ROS2/skinny/install/communication:/home/team/SoftwareDevelopment/ROS2/skinny/install/excavation:/opt/ros/eloquent /usr/bin/cmake --build /home/team/SoftwareDevelopment/ROS2/skinny/build/logic -- -j4 -l4
[1.159s] [100%] Built target logic_node
[1.179s] Invoked command in '/home/team/SoftwareDevelopment/ROS2/skinny/build/logic' returned '0': CMAKE_PREFIX_PATH=/home/team/SoftwareDevelopment/ROS2/skinny/install/messages:/home/team/SoftwareDevelopment/ROS2/skinny/install/talon:/home/team/SoftwareDevelopment/ROS2/skinny/install/power_distribution_panel:/home/team/SoftwareDevelopment/ROS2/skinny/install/logic:/home/team/SoftwareDevelopment/ROS2/skinny/install/communication:/home/team/SoftwareDevelopment/ROS2/skinny/install/excavation:/opt/ros/eloquent /usr/bin/cmake --build /home/team/SoftwareDevelopment/ROS2/skinny/build/logic -- -j4 -l4
[1.315s] Invoking command in '/home/team/SoftwareDevelopment/ROS2/skinny/build/logic': CMAKE_PREFIX_PATH=/home/team/SoftwareDevelopment/ROS2/skinny/install/messages:/home/team/SoftwareDevelopment/ROS2/skinny/install/talon:/home/team/SoftwareDevelopment/ROS2/skinny/install/power_distribution_panel:/home/team/SoftwareDevelopment/ROS2/skinny/install/logic:/home/team/SoftwareDevelopment/ROS2/skinny/install/communication:/home/team/SoftwareDevelopment/ROS2/skinny/install/excavation:/opt/ros/eloquent /usr/bin/cmake --build /home/team/SoftwareDevelopment/ROS2/skinny/build/logic --target install -- -j4 -l4
[1.622s] [100%] Built target logic_node
[1.703s] [36mInstall the project...[0m
[1.744s] -- Install configuration: ""
[1.747s] -- Up-to-date: /home/team/SoftwareDevelopment/ROS2/skinny/install/logic/lib/logic/logic_node
[1.748s] -- Up-to-date: /home/team/SoftwareDevelopment/ROS2/skinny/install/logic/share/ament_index/resource_index/package_run_dependencies/logic
[1.749s] -- Up-to-date: /home/team/SoftwareDevelopment/ROS2/skinny/install/logic/share/ament_index/resource_index/parent_prefix_path/logic
[1.749s] -- Up-to-date: /home/team/SoftwareDevelopment/ROS2/skinny/install/logic/share/logic/environment/ament_prefix_path.sh
[1.750s] -- Up-to-date: /home/team/SoftwareDevelopment/ROS2/skinny/install/logic/share/logic/environment/ament_prefix_path.dsv
[1.751s] -- Up-to-date: /home/team/SoftwareDevelopment/ROS2/skinny/install/logic/share/logic/environment/path.sh
[1.752s] -- Up-to-date: /home/team/SoftwareDevelopment/ROS2/skinny/install/logic/share/logic/environment/path.dsv
[1.753s] -- Up-to-date: /home/team/SoftwareDevelopment/ROS2/skinny/install/logic/share/logic/local_setup.bash
[1.754s] -- Up-to-date: /home/team/SoftwareDevelopment/ROS2/skinny/install/logic/share/logic/local_setup.sh
[1.755s] -- Up-to-date: /home/team/SoftwareDevelopment/ROS2/skinny/install/logic/share/logic/local_setup.zsh
[1.756s] -- Up-to-date: /home/team/SoftwareDevelopment/ROS2/skinny/install/logic/share/logic/local_setup.dsv
[1.757s] -- Installing: /home/team/SoftwareDevelopment/ROS2/skinny/install/logic/share/logic/package.dsv
[1.757s] -- Up-to-date: /home/team/SoftwareDevelopment/ROS2/skinny/install/logic/share/ament_index/resource_index/packages/logic
[1.758s] -- Up-to-date: /home/team/SoftwareDevelopment/ROS2/skinny/install/logic/share/logic/cmake/logicConfig.cmake
[1.759s] -- Up-to-date: /home/team/SoftwareDevelopment/ROS2/skinny/install/logic/share/logic/cmake/logicConfig-version.cmake
[1.759s] -- Up-to-date: /home/team/SoftwareDevelopment/ROS2/skinny/install/logic/share/logic/package.xml
[1.774s] Invoked command in '/home/team/SoftwareDevelopment/ROS2/skinny/build/logic' returned '0': CMAKE_PREFIX_PATH=/home/team/SoftwareDevelopment/ROS2/skinny/install/messages:/home/team/SoftwareDevelopment/ROS2/skinny/install/talon:/home/team/SoftwareDevelopment/ROS2/skinny/install/power_distribution_panel:/home/team/SoftwareDevelopment/ROS2/skinny/install/logic:/home/team/SoftwareDevelopment/ROS2/skinny/install/communication:/home/team/SoftwareDevelopment/ROS2/skinny/install/excavation:/opt/ros/eloquent /usr/bin/cmake --build /home/team/SoftwareDevelopment/ROS2/skinny/build/logic --target install -- -j4 -l4
