[0.112s] Invoking command in '/home/team/SoftwareDevelopment/ROS2/skinny/build/logic': AMENT_PREFIX_PATH=/home/team/SoftwareDevelopment/ROS2/skinny/install/messages:${AMENT_PREFIX_PATH} CMAKE_PREFIX_PATH=/home/team/SoftwareDevelopment/ROS2/skinny/install/messages:/opt/ros/eloquent LD_LIBRARY_PATH=/home/team/SoftwareDevelopment/ROS2/skinny/install/messages/lib:${LD_LIBRARY_PATH} PYTHONPATH=/home/team/SoftwareDevelopment/ROS2/skinny/install/messages/lib/python3.6/site-packages:${PYTHONPATH} /usr/bin/cmake --build /home/team/SoftwareDevelopment/ROS2/skinny/build/logic -- -j4 -l4
[0.378s] [100%] Built target logic_node
[0.436s] Invoked command in '/home/team/SoftwareDevelopment/ROS2/skinny/build/logic' returned '0': AMENT_PREFIX_PATH=/home/team/SoftwareDevelopment/ROS2/skinny/install/messages:${AMENT_PREFIX_PATH} CMAKE_PREFIX_PATH=/home/team/SoftwareDevelopment/ROS2/skinny/install/messages:/opt/ros/eloquent LD_LIBRARY_PATH=/home/team/SoftwareDevelopment/ROS2/skinny/install/messages/lib:${LD_LIBRARY_PATH} PYTHONPATH=/home/team/SoftwareDevelopment/ROS2/skinny/install/messages/lib/python3.6/site-packages:${PYTHONPATH} /usr/bin/cmake --build /home/team/SoftwareDevelopment/ROS2/skinny/build/logic -- -j4 -l4
[0.562s] Invoking command in '/home/team/SoftwareDevelopment/ROS2/skinny/build/logic': AMENT_PREFIX_PATH=/home/team/SoftwareDevelopment/ROS2/skinny/install/messages:${AMENT_PREFIX_PATH} CMAKE_PREFIX_PATH=/home/team/SoftwareDevelopment/ROS2/skinny/install/messages:/opt/ros/eloquent LD_LIBRARY_PATH=/home/team/SoftwareDevelopment/ROS2/skinny/install/messages/lib:${LD_LIBRARY_PATH} PYTHONPATH=/home/team/SoftwareDevelopment/ROS2/skinny/install/messages/lib/python3.6/site-packages:${PYTHONPATH} /usr/bin/cmake --build /home/team/SoftwareDevelopment/ROS2/skinny/build/logic --target install -- -j4 -l4
[0.820s] [100%] Built target logic_node
[0.896s] [36mInstall the project...[0m
[0.932s] -- Install configuration: ""
[0.934s] -- Up-to-date: /home/team/SoftwareDevelopment/ROS2/skinny/install/logic/lib/logic/logic_node
[0.935s] -- Up-to-date: /home/team/SoftwareDevelopment/ROS2/skinny/install/logic/share/ament_index/resource_index/package_run_dependencies/logic
[0.937s] -- Up-to-date: /home/team/SoftwareDevelopment/ROS2/skinny/install/logic/share/ament_index/resource_index/parent_prefix_path/logic
[0.939s] -- Up-to-date: /home/team/SoftwareDevelopment/ROS2/skinny/install/logic/share/logic/environment/ament_prefix_path.sh
[0.940s] -- Up-to-date: /home/team/SoftwareDevelopment/ROS2/skinny/install/logic/share/logic/environment/ament_prefix_path.dsv
[0.941s] -- Up-to-date: /home/team/SoftwareDevelopment/ROS2/skinny/install/logic/share/logic/environment/path.sh
[0.942s] -- Up-to-date: /home/team/SoftwareDevelopment/ROS2/skinny/install/logic/share/logic/environment/path.dsv
[0.942s] -- Up-to-date: /home/team/SoftwareDevelopment/ROS2/skinny/install/logic/share/logic/local_setup.bash
[0.957s] -- Up-to-date: /home/team/SoftwareDevelopment/ROS2/skinny/install/logic/share/logic/local_setup.sh
[0.958s] -- Up-to-date: /home/team/SoftwareDevelopment/ROS2/skinny/install/logic/share/logic/local_setup.zsh
[0.958s] -- Up-to-date: /home/team/SoftwareDevelopment/ROS2/skinny/install/logic/share/logic/local_setup.dsv
[0.959s] -- Installing: /home/team/SoftwareDevelopment/ROS2/skinny/install/logic/share/logic/package.dsv
[0.960s] -- Up-to-date: /home/team/SoftwareDevelopment/ROS2/skinny/install/logic/share/ament_index/resource_index/packages/logic
[0.961s] -- Up-to-date: /home/team/SoftwareDevelopment/ROS2/skinny/install/logic/share/logic/cmake/logicConfig.cmake
[0.962s] -- Up-to-date: /home/team/SoftwareDevelopment/ROS2/skinny/install/logic/share/logic/cmake/logicConfig-version.cmake
[0.962s] -- Up-to-date: /home/team/SoftwareDevelopment/ROS2/skinny/install/logic/share/logic/package.xml
[1.098s] Invoked command in '/home/team/SoftwareDevelopment/ROS2/skinny/build/logic' returned '0': AMENT_PREFIX_PATH=/home/team/SoftwareDevelopment/ROS2/skinny/install/messages:${AMENT_PREFIX_PATH} CMAKE_PREFIX_PATH=/home/team/SoftwareDevelopment/ROS2/skinny/install/messages:/opt/ros/eloquent LD_LIBRARY_PATH=/home/team/SoftwareDevelopment/ROS2/skinny/install/messages/lib:${LD_LIBRARY_PATH} PYTHONPATH=/home/team/SoftwareDevelopment/ROS2/skinny/install/messages/lib/python3.6/site-packages:${PYTHONPATH} /usr/bin/cmake --build /home/team/SoftwareDevelopment/ROS2/skinny/build/logic --target install -- -j4 -l4
