[0.123s] Invoking command in '/home/team/SoftwareDevelopment/ROS2/skinny/build/autonomy': AMENT_PREFIX_PATH=/home/team/SoftwareDevelopment/ROS2/skinny/install/messages:${AMENT_PREFIX_PATH} CMAKE_PREFIX_PATH=/home/team/SoftwareDevelopment/ROS2/skinny/install/messages:/opt/ros/eloquent LD_LIBRARY_PATH=/home/team/SoftwareDevelopment/ROS2/skinny/install/messages/lib:${LD_LIBRARY_PATH} PYTHONPATH=/home/team/SoftwareDevelopment/ROS2/skinny/install/messages/lib/python3.6/site-packages:${PYTHONPATH} /usr/bin/cmake --build /home/team/SoftwareDevelopment/ROS2/skinny/build/autonomy -- -j4 -l4
[0.379s] [100%] Built target autonomy_node
[0.437s] Invoked command in '/home/team/SoftwareDevelopment/ROS2/skinny/build/autonomy' returned '0': AMENT_PREFIX_PATH=/home/team/SoftwareDevelopment/ROS2/skinny/install/messages:${AMENT_PREFIX_PATH} CMAKE_PREFIX_PATH=/home/team/SoftwareDevelopment/ROS2/skinny/install/messages:/opt/ros/eloquent LD_LIBRARY_PATH=/home/team/SoftwareDevelopment/ROS2/skinny/install/messages/lib:${LD_LIBRARY_PATH} PYTHONPATH=/home/team/SoftwareDevelopment/ROS2/skinny/install/messages/lib/python3.6/site-packages:${PYTHONPATH} /usr/bin/cmake --build /home/team/SoftwareDevelopment/ROS2/skinny/build/autonomy -- -j4 -l4
[0.537s] Invoking command in '/home/team/SoftwareDevelopment/ROS2/skinny/build/autonomy': AMENT_PREFIX_PATH=/home/team/SoftwareDevelopment/ROS2/skinny/install/messages:${AMENT_PREFIX_PATH} CMAKE_PREFIX_PATH=/home/team/SoftwareDevelopment/ROS2/skinny/install/messages:/opt/ros/eloquent LD_LIBRARY_PATH=/home/team/SoftwareDevelopment/ROS2/skinny/install/messages/lib:${LD_LIBRARY_PATH} PYTHONPATH=/home/team/SoftwareDevelopment/ROS2/skinny/install/messages/lib/python3.6/site-packages:${PYTHONPATH} /usr/bin/cmake --build /home/team/SoftwareDevelopment/ROS2/skinny/build/autonomy --target install -- -j4 -l4
[0.792s] [100%] Built target autonomy_node
[0.879s] [36mInstall the project...[0m
[0.919s] -- Install configuration: ""
[0.920s] -- Up-to-date: /home/team/SoftwareDevelopment/ROS2/skinny/install/autonomy/lib/autonomy/autonomy_node
[0.922s] -- Up-to-date: /home/team/SoftwareDevelopment/ROS2/skinny/install/autonomy/share/ament_index/resource_index/package_run_dependencies/autonomy
[0.923s] -- Up-to-date: /home/team/SoftwareDevelopment/ROS2/skinny/install/autonomy/share/ament_index/resource_index/parent_prefix_path/autonomy
[0.924s] -- Up-to-date: /home/team/SoftwareDevelopment/ROS2/skinny/install/autonomy/share/autonomy/environment/ament_prefix_path.sh
[0.926s] -- Up-to-date: /home/team/SoftwareDevelopment/ROS2/skinny/install/autonomy/share/autonomy/environment/ament_prefix_path.dsv
[0.926s] -- Up-to-date: /home/team/SoftwareDevelopment/ROS2/skinny/install/autonomy/share/autonomy/environment/path.sh
[0.927s] -- Up-to-date: /home/team/SoftwareDevelopment/ROS2/skinny/install/autonomy/share/autonomy/environment/path.dsv
[0.928s] -- Up-to-date: /home/team/SoftwareDevelopment/ROS2/skinny/install/autonomy/share/autonomy/local_setup.bash
[0.928s] -- Up-to-date: /home/team/SoftwareDevelopment/ROS2/skinny/install/autonomy/share/autonomy/local_setup.sh
[0.929s] -- Up-to-date: /home/team/SoftwareDevelopment/ROS2/skinny/install/autonomy/share/autonomy/local_setup.zsh
[0.930s] -- Up-to-date: /home/team/SoftwareDevelopment/ROS2/skinny/install/autonomy/share/autonomy/local_setup.dsv
[0.930s] -- Installing: /home/team/SoftwareDevelopment/ROS2/skinny/install/autonomy/share/autonomy/package.dsv
[0.931s] -- Up-to-date: /home/team/SoftwareDevelopment/ROS2/skinny/install/autonomy/share/ament_index/resource_index/packages/autonomy
[0.932s] -- Up-to-date: /home/team/SoftwareDevelopment/ROS2/skinny/install/autonomy/share/autonomy/cmake/autonomyConfig.cmake
[0.949s] -- Up-to-date: /home/team/SoftwareDevelopment/ROS2/skinny/install/autonomy/share/autonomy/cmake/autonomyConfig-version.cmake
[0.950s] -- Up-to-date: /home/team/SoftwareDevelopment/ROS2/skinny/install/autonomy/share/autonomy/package.xml
[0.951s] Invoked command in '/home/team/SoftwareDevelopment/ROS2/skinny/build/autonomy' returned '0': AMENT_PREFIX_PATH=/home/team/SoftwareDevelopment/ROS2/skinny/install/messages:${AMENT_PREFIX_PATH} CMAKE_PREFIX_PATH=/home/team/SoftwareDevelopment/ROS2/skinny/install/messages:/opt/ros/eloquent LD_LIBRARY_PATH=/home/team/SoftwareDevelopment/ROS2/skinny/install/messages/lib:${LD_LIBRARY_PATH} PYTHONPATH=/home/team/SoftwareDevelopment/ROS2/skinny/install/messages/lib/python3.6/site-packages:${PYTHONPATH} /usr/bin/cmake --build /home/team/SoftwareDevelopment/ROS2/skinny/build/autonomy --target install -- -j4 -l4
