[35m[1mScanning dependencies of target logic_node[0m
[ 50%] [32mBuilding CXX object CMakeFiles/logic_node.dir/src/logic_node.cpp.o[0m
In file included from [01m[K/home/team/SoftwareDevelopment/ROS2/skinny/src/logic/include/logic/Automation1.hpp:1:0[m[K,
                 from [01m[K/home/team/SoftwareDevelopment/ROS2/skinny/src/logic/src/logic_node.cpp:17[m[K:
[01m[K/home/team/SoftwareDevelopment/ROS2/skinny/src/logic/include/logic/Automation.hpp:17:30:[m[K [01;31m[Kerror: [m[KISO C++ forbids declaration of ‘[01m[KsetNode[m[K’ with no type [[01;31m[K-fpermissive[m[K]
     setNode(rclcpp::Node node[01;31m[K)[m[K{
                              [01;31m[K^[m[K
[01m[K/home/team/SoftwareDevelopment/ROS2/skinny/src/logic/include/logic/Automation.hpp:[m[K In member function ‘[01m[Kint Automation::setNode(rclcpp::Node)[m[K’:
[01m[K/home/team/SoftwareDevelopment/ROS2/skinny/src/logic/include/logic/Automation.hpp:18:20:[m[K [01;31m[Kerror: [m[K‘[01m[Krclcpp::Node& rclcpp::Node::operator=(const rclcpp::Node&)[m[K’ is private within this context
         this->node=[01;31m[Knode[m[K;
                    [01;31m[K^~~~[m[K
In file included from [01m[K/opt/ros/eloquent/include/rclcpp/context.hpp:33:0[m[K,
                 from [01m[K/opt/ros/eloquent/include/rclcpp/contexts/default_context.hpp:18[m[K,
                 from [01m[K/opt/ros/eloquent/include/rclcpp/executor.hpp:32[m[K,
                 from [01m[K/opt/ros/eloquent/include/rclcpp/executors/multi_threaded_executor.hpp:25[m[K,
                 from [01m[K/opt/ros/eloquent/include/rclcpp/executors.hpp:21[m[K,
                 from [01m[K/opt/ros/eloquent/include/rclcpp/rclcpp.hpp:145[m[K,
                 from [01m[K/home/team/SoftwareDevelopment/ROS2/skinny/src/logic/src/logic_node.cpp:4[m[K:
[01m[K/opt/ros/eloquent/include/rclcpp/macros.hpp:28:17:[m[K [01;36m[Knote: [m[Kdeclared private here
   __VA_ARGS__ & [01;36m[Ko[m[Kperator=(const __VA_ARGS__ &) = delete;
                 [01;36m[K^[m[K
[01m[K/opt/ros/eloquent/include/rclcpp/node.hpp:1088:3:[m[K [01;36m[Knote: [m[Kin expansion of macro ‘[01m[KRCLCPP_DISABLE_COPY[m[K’
   [01;36m[KRCLCPP_DISABLE_COPY[m[K(Node)
   [01;36m[K^~~~~~~~~~~~~~~~~~~[m[K
In file included from [01m[K/home/team/SoftwareDevelopment/ROS2/skinny/src/logic/include/logic/Automation1.hpp:1:0[m[K,
                 from [01m[K/home/team/SoftwareDevelopment/ROS2/skinny/src/logic/src/logic_node.cpp:17[m[K:
[01m[K/home/team/SoftwareDevelopment/ROS2/skinny/src/logic/include/logic/Automation.hpp:18:20:[m[K [01;31m[Kerror: [m[Kuse of deleted function ‘[01m[Krclcpp::Node& rclcpp::Node::operator=(const rclcpp::Node&)[m[K’
         this->node=[01;31m[Knode[m[K;
                    [01;31m[K^~~~[m[K
In file included from [01m[K/opt/ros/eloquent/include/rclcpp/context.hpp:33:0[m[K,
                 from [01m[K/opt/ros/eloquent/include/rclcpp/contexts/default_context.hpp:18[m[K,
                 from [01m[K/opt/ros/eloquent/include/rclcpp/executor.hpp:32[m[K,
                 from [01m[K/opt/ros/eloquent/include/rclcpp/executors/multi_threaded_executor.hpp:25[m[K,
                 from [01m[K/opt/ros/eloquent/include/rclcpp/executors.hpp:21[m[K,
                 from [01m[K/opt/ros/eloquent/include/rclcpp/rclcpp.hpp:145[m[K,
                 from [01m[K/home/team/SoftwareDevelopment/ROS2/skinny/src/logic/src/logic_node.cpp:4[m[K:
[01m[K/opt/ros/eloquent/include/rclcpp/macros.hpp:28:17:[m[K [01;36m[Knote: [m[Kdeclared here
   __VA_ARGS__ & [01;36m[Ko[m[Kperator=(const __VA_ARGS__ &) = delete;
                 [01;36m[K^[m[K
[01m[K/opt/ros/eloquent/include/rclcpp/node.hpp:1088:3:[m[K [01;36m[Knote: [m[Kin expansion of macro ‘[01m[KRCLCPP_DISABLE_COPY[m[K’
   [01;36m[KRCLCPP_DISABLE_COPY[m[K(Node)
   [01;36m[K^~~~~~~~~~~~~~~~~~~[m[K
In file included from [01m[K/home/team/SoftwareDevelopment/ROS2/skinny/src/logic/include/logic/Automation1.hpp:1:0[m[K,
                 from [01m[K/home/team/SoftwareDevelopment/ROS2/skinny/src/logic/src/logic_node.cpp:17[m[K:
[01m[K/home/team/SoftwareDevelopment/ROS2/skinny/src/logic/include/logic/Automation.hpp:19:34:[m[K [01;31m[Kerror: [m[K‘[01m[KnodeHandle[m[K’ was not declared in this scope
         driveLeftSpeedPublisher= [01;31m[KnodeHandle[m[K->create_publisher<std_msgs::msg::Float32>("drive_left_speed",1);
                                  [01;31m[K^~~~~~~~~~[m[K
[01m[K/home/team/SoftwareDevelopment/ROS2/skinny/src/logic/include/logic/Automation.hpp:19:85:[m[K [01;31m[Kerror: [m[Kexpected primary-expression before ‘[01m[K>[m[K’ token
         driveLeftSpeedPublisher= nodeHandle->create_publisher<std_msgs::msg::Float32[01;31m[K>[m[K("drive_left_speed",1);
                                                                                     [01;31m[K^[m[K
[01m[K/home/team/SoftwareDevelopment/ROS2/skinny/src/logic/include/logic/Automation.hpp:19:106:[m[K [01;35m[Kwarning: [m[Kleft operand of comma operator has no effect [[01;35m[K-Wunused-value[m[K]
         driveLeftSpeedPublisher= nodeHandle->create_publisher<std_msgs::msg::Float32>("drive_left_speed",[01;35m[K1[m[K);
                                                                                                          [01;35m[K^[m[K
[01m[K/home/team/SoftwareDevelopment/ROS2/skinny/src/logic/include/logic/Automation.hpp:20:86:[m[K [01;31m[Kerror: [m[Kexpected primary-expression before ‘[01m[K>[m[K’ token
         driveRightSpeedPublisher= nodeHandle->create_publisher<std_msgs::msg::Float32[01;31m[K>[m[K("drive_right_speed",1);
                                                                                      [01;31m[K^[m[K
[01m[K/home/team/SoftwareDevelopment/ROS2/skinny/src/logic/include/logic/Automation.hpp:20:108:[m[K [01;35m[Kwarning: [m[Kleft operand of comma operator has no effect [[01;35m[K-Wunused-value[m[K]
         driveRightSpeedPublisher= nodeHandle->create_publisher<std_msgs::msg::Float32>("drive_right_speed",[01;35m[K1[m[K);
                                                                                                            [01;35m[K^[m[K
[01m[K/home/team/SoftwareDevelopment/ROS2/skinny/src/logic/include/logic/Automation.hpp:21:5:[m[K [01;35m[Kwarning: [m[Kno return statement in function returning non-void [[01;35m[K-Wreturn-type[m[K]
     [01;35m[K}[m[K
     [01;35m[K^[m[K
In file included from [01m[K/home/team/SoftwareDevelopment/ROS2/skinny/src/logic/src/logic_node.cpp:17:0[m[K:
[01m[K/home/team/SoftwareDevelopment/ROS2/skinny/src/logic/include/logic/Automation1.hpp:[m[K In member function ‘[01m[Kvirtual void Automation1::automate()[m[K’:
[01m[K/home/team/SoftwareDevelopment/ROS2/skinny/src/logic/include/logic/Automation1.hpp:15:16:[m[K [01;31m[Kerror: [m[K‘[01m[KPosition Automation::position[m[K’ is private within this context
             if([01;31m[Kposition[m[K.arucoVisible==true){
                [01;31m[K^~~~~~~~[m[K
In file included from [01m[K/home/team/SoftwareDevelopment/ROS2/skinny/src/logic/include/logic/Automation1.hpp:1:0[m[K,
                 from [01m[K/home/team/SoftwareDevelopment/ROS2/skinny/src/logic/src/logic_node.cpp:17[m[K:
[01m[K/home/team/SoftwareDevelopment/ROS2/skinny/src/logic/include/logic/Automation.hpp:10:14:[m[K [01;36m[Knote: [m[Kdeclared private here
     Position [01;36m[Kposition[m[K;
              [01;36m[K^~~~~~~~[m[K
In file included from [01m[K/home/team/SoftwareDevelopment/ROS2/skinny/src/logic/src/logic_node.cpp:17:0[m[K:
[01m[K/home/team/SoftwareDevelopment/ROS2/skinny/src/logic/include/logic/Automation1.hpp:24:26:[m[K [01;31m[Kerror: [m[K‘[01m[KPosition Automation::position[m[K’ is private within this context
             quaternion.x=[01;31m[Kposition[m[K.ox;
                          [01;31m[K^~~~~~~~[m[K
In file included from [01m[K/home/team/SoftwareDevelopment/ROS2/skinny/src/logic/include/logic/Automation1.hpp:1:0[m[K,
                 from [01m[K/home/team/SoftwareDevelopment/ROS2/skinny/src/logic/src/logic_node.cpp:17[m[K:
[01m[K/home/team/SoftwareDevelopment/ROS2/skinny/src/logic/include/logic/Automation.hpp:10:14:[m[K [01;36m[Knote: [m[Kdeclared private here
     Position [01;36m[Kposition[m[K;
              [01;36m[K^~~~~~~~[m[K
In file included from [01m[K/home/team/SoftwareDevelopment/ROS2/skinny/src/logic/src/logic_node.cpp:17:0[m[K:
[01m[K/home/team/SoftwareDevelopment/ROS2/skinny/src/logic/include/logic/Automation1.hpp:25:26:[m[K [01;31m[Kerror: [m[K‘[01m[KPosition Automation::position[m[K’ is private within this context
             quaternion.y=[01;31m[Kposition[m[K.oy;
                          [01;31m[K^~~~~~~~[m[K
In file included from [01m[K/home/team/SoftwareDevelopment/ROS2/skinny/src/logic/include/logic/Automation1.hpp:1:0[m[K,
                 from [01m[K/home/team/SoftwareDevelopment/ROS2/skinny/src/logic/src/logic_node.cpp:17[m[K:
[01m[K/home/team/SoftwareDevelopment/ROS2/skinny/src/logic/include/logic/Automation.hpp:10:14:[m[K [01;36m[Knote: [m[Kdeclared private here
     Position [01;36m[Kposition[m[K;
              [01;36m[K^~~~~~~~[m[K
In file included from [01m[K/home/team/SoftwareDevelopment/ROS2/skinny/src/logic/src/logic_node.cpp:17:0[m[K:
[01m[K/home/team/SoftwareDevelopment/ROS2/skinny/src/logic/include/logic/Automation1.hpp:26:26:[m[K [01;31m[Kerror: [m[K‘[01m[KPosition Automation::position[m[K’ is private within this context
             quaternion.z=[01;31m[Kposition[m[K.oz;
                          [01;31m[K^~~~~~~~[m[K
In file included from [01m[K/home/team/SoftwareDevelopment/ROS2/skinny/src/logic/include/logic/Automation1.hpp:1:0[m[K,
                 from [01m[K/home/team/SoftwareDevelopment/ROS2/skinny/src/logic/src/logic_node.cpp:17[m[K:
[01m[K/home/team/SoftwareDevelopment/ROS2/skinny/src/logic/include/logic/Automation.hpp:10:14:[m[K [01;36m[Knote: [m[Kdeclared private here
     Position [01;36m[Kposition[m[K;
              [01;36m[K^~~~~~~~[m[K
In file included from [01m[K/home/team/SoftwareDevelopment/ROS2/skinny/src/logic/src/logic_node.cpp:17:0[m[K:
[01m[K/home/team/SoftwareDevelopment/ROS2/skinny/src/logic/include/logic/Automation1.hpp:27:26:[m[K [01;31m[Kerror: [m[K‘[01m[KPosition Automation::position[m[K’ is private within this context
             quaternion.w=[01;31m[Kposition[m[K.ow;
                          [01;31m[K^~~~~~~~[m[K
In file included from [01m[K/home/team/SoftwareDevelopment/ROS2/skinny/src/logic/include/logic/Automation1.hpp:1:0[m[K,
                 from [01m[K/home/team/SoftwareDevelopment/ROS2/skinny/src/logic/src/logic_node.cpp:17[m[K:
[01m[K/home/team/SoftwareDevelopment/ROS2/skinny/src/logic/include/logic/Automation.hpp:10:14:[m[K [01;36m[Knote: [m[Kdeclared private here
     Position [01;36m[Kposition[m[K;
              [01;36m[K^~~~~~~~[m[K
In file included from [01m[K/home/team/SoftwareDevelopment/ROS2/skinny/src/logic/src/logic_node.cpp:17:0[m[K:
[01m[K/home/team/SoftwareDevelopment/ROS2/skinny/src/logic/include/logic/Automation1.hpp:34:45:[m[K [01;31m[Kerror: [m[K‘[01m[KPosition Automation::position[m[K’ is private within this context
             double directionX=destination.x-[01;31m[Kposition[m[K.x;
                                             [01;31m[K^~~~~~~~[m[K
In file included from [01m[K/home/team/SoftwareDevelopment/ROS2/skinny/src/logic/include/logic/Automation1.hpp:1:0[m[K,
                 from [01m[K/home/team/SoftwareDevelopment/ROS2/skinny/src/logic/src/logic_node.cpp:17[m[K:
[01m[K/home/team/SoftwareDevelopment/ROS2/skinny/src/logic/include/logic/Automation.hpp:10:14:[m[K [01;36m[Knote: [m[Kdeclared private here
     Position [01;36m[Kposition[m[K;
              [01;36m[K^~~~~~~~[m[K
In file included from [01m[K/home/team/SoftwareDevelopment/ROS2/skinny/src/logic/src/logic_node.cpp:17:0[m[K:
[01m[K/home/team/SoftwareDevelopment/ROS2/skinny/src/logic/include/logic/Automation1.hpp:35:45:[m[K [01;31m[Kerror: [m[K‘[01m[KPosition Automation::position[m[K’ is private within this context
             double directionZ=destination.z-[01;31m[Kposition[m[K.z;
                                             [01;31m[K^~~~~~~~[m[K
In file included from [01m[K/home/team/SoftwareDevelopment/ROS2/skinny/src/logic/include/logic/Automation1.hpp:1:0[m[K,
                 from [01m[K/home/team/SoftwareDevelopment/ROS2/skinny/src/logic/src/logic_node.cpp:17[m[K:
[01m[K/home/team/SoftwareDevelopment/ROS2/skinny/src/logic/include/logic/Automation.hpp:10:14:[m[K [01;36m[Knote: [m[Kdeclared private here
     Position [01;36m[Kposition[m[K;
              [01;36m[K^~~~~~~~[m[K
In file included from [01m[K/home/team/SoftwareDevelopment/ROS2/skinny/src/logic/src/logic_node.cpp:17:0[m[K:
[01m[K/home/team/SoftwareDevelopment/ROS2/skinny/src/logic/include/logic/Automation1.hpp:49:33:[m[K [01;31m[Kerror: [m[K‘[01m[KPosition Automation::position[m[K’ is private within this context
                   << "   \t" << [01;31m[Kposition[m[K.x << "  " << position.y << "  " << position.z
                                 [01;31m[K^~~~~~~~[m[K
In file included from [01m[K/home/team/SoftwareDevelopment/ROS2/skinny/src/logic/include/logic/Automation1.hpp:1:0[m[K,
                 from [01m[K/home/team/SoftwareDevelopment/ROS2/skinny/src/logic/src/logic_node.cpp:17[m[K:
[01m[K/home/team/SoftwareDevelopment/ROS2/skinny/src/logic/include/logic/Automation.hpp:10:14:[m[K [01;36m[Knote: [m[Kdeclared private here
     Position [01;36m[Kposition[m[K;
              [01;36m[K^~~~~~~~[m[K
In file included from [01m[K/home/team/SoftwareDevelopment/ROS2/skinny/src/logic/src/logic_node.cpp:17:0[m[K:
[01m[K/home/team/SoftwareDevelopment/ROS2/skinny/src/logic/include/logic/Automation1.hpp:49:55:[m[K [01;31m[Kerror: [m[K‘[01m[KPosition Automation::position[m[K’ is private within this context
                   << "   \t" << position.x << "  " << [01;31m[Kposition[m[K.y << "  " << position.z
                                                       [01;31m[K^~~~~~~~[m[K
In file included from [01m[K/home/team/SoftwareDevelopment/ROS2/skinny/src/logic/include/logic/Automation1.hpp:1:0[m[K,
                 from [01m[K/home/team/SoftwareDevelopment/ROS2/skinny/src/logic/src/logic_node.cpp:17[m[K:
[01m[K/home/team/SoftwareDevelopment/ROS2/skinny/src/logic/include/logic/Automation.hpp:10:14:[m[K [01;36m[Knote: [m[Kdeclared private here
     Position [01;36m[Kposition[m[K;
              [01;36m[K^~~~~~~~[m[K
In file included from [01m[K/home/team/SoftwareDevelopment/ROS2/skinny/src/logic/src/logic_node.cpp:17:0[m[K:
[01m[K/home/team/SoftwareDevelopment/ROS2/skinny/src/logic/include/logic/Automation1.hpp:49:77:[m[K [01;31m[Kerror: [m[K‘[01m[KPosition Automation::position[m[K’ is private within this context
                   << "   \t" << position.x << "  " << position.y << "  " << [01;31m[Kposition[m[K.z
                                                                             [01;31m[K^~~~~~~~[m[K
In file included from [01m[K/home/team/SoftwareDevelopment/ROS2/skinny/src/logic/include/logic/Automation1.hpp:1:0[m[K,
                 from [01m[K/home/team/SoftwareDevelopment/ROS2/skinny/src/logic/src/logic_node.cpp:17[m[K:
[01m[K/home/team/SoftwareDevelopment/ROS2/skinny/src/logic/include/logic/Automation.hpp:10:14:[m[K [01;36m[Knote: [m[Kdeclared private here
     Position [01;36m[Kposition[m[K;
              [01;36m[K^~~~~~~~[m[K
In file included from [01m[K/home/team/SoftwareDevelopment/ROS2/skinny/src/logic/src/logic_node.cpp:17:0[m[K:
[01m[K/home/team/SoftwareDevelopment/ROS2/skinny/src/logic/include/logic/Automation1.hpp:50:33:[m[K [01;31m[Kerror: [m[K‘[01m[KPosition Automation::position[m[K’ is private within this context
                   << "   \t" << [01;31m[Kposition[m[K.ox << "  " << position.oy << "  " << position.oz << "  " << position.ow
                                 [01;31m[K^~~~~~~~[m[K
In file included from [01m[K/home/team/SoftwareDevelopment/ROS2/skinny/src/logic/include/logic/Automation1.hpp:1:0[m[K,
                 from [01m[K/home/team/SoftwareDevelopment/ROS2/skinny/src/logic/src/logic_node.cpp:17[m[K:
[01m[K/home/team/SoftwareDevelopment/ROS2/skinny/src/logic/include/logic/Automation.hpp:10:14:[m[K [01;36m[Knote: [m[Kdeclared private here
     Position [01;36m[Kposition[m[K;
              [01;36m[K^~~~~~~~[m[K
In file included from [01m[K/home/team/SoftwareDevelopment/ROS2/skinny/src/logic/src/logic_node.cpp:17:0[m[K:
[01m[K/home/team/SoftwareDevelopment/ROS2/skinny/src/logic/include/logic/Automation1.hpp:50:56:[m[K [01;31m[Kerror: [m[K‘[01m[KPosition Automation::position[m[K’ is private within this context
                   << "   \t" << position.ox << "  " << [01;31m[Kposition[m[K.oy << "  " << position.oz << "  " << position.ow
                                                        [01;31m[K^~~~~~~~[m[K
In file included from [01m[K/home/team/SoftwareDevelopment/ROS2/skinny/src/logic/include/logic/Automation1.hpp:1:0[m[K,
                 from [01m[K/home/team/SoftwareDevelopment/ROS2/skinny/src/logic/src/logic_node.cpp:17[m[K:
[01m[K/home/team/SoftwareDevelopment/ROS2/skinny/src/logic/include/logic/Automation.hpp:10:14:[m[K [01;36m[Knote: [m[Kdeclared private here
     Position [01;36m[Kposition[m[K;
              [01;36m[K^~~~~~~~[m[K
In file included from [01m[K/home/team/SoftwareDevelopment/ROS2/skinny/src/logic/src/logic_node.cpp:17:0[m[K:
[01m[K/home/team/SoftwareDevelopment/ROS2/skinny/src/logic/include/logic/Automation1.hpp:50:79:[m[K [01;31m[Kerror: [m[K‘[01m[KPosition Automation::position[m[K’ is private within this context
                   << "   \t" << position.ox << "  " << position.oy << "  " << [01;31m[Kposition[m[K.oz << "  " << position.ow
                                                                               [01;31m[K^~~~~~~~[m[K
In file included from [01m[K/home/team/SoftwareDevelopment/ROS2/skinny/src/logic/include/logic/Automation1.hpp:1:0[m[K,
                 from [01m[K/home/team/SoftwareDevelopment/ROS2/skinny/src/logic/src/logic_node.cpp:17[m[K:
[01m[K/home/team/SoftwareDevelopment/ROS2/skinny/src/logic/include/logic/Automation.hpp:10:14:[m[K [01;36m[Knote: [m[Kdeclared private here
     Position [01;36m[Kposition[m[K;
              [01;36m[K^~~~~~~~[m[K
In file included from [01m[K/home/team/SoftwareDevelopment/ROS2/skinny/src/logic/src/logic_node.cpp:17:0[m[K:
[01m[K/home/team/SoftwareDevelopment/ROS2/skinny/src/logic/include/logic/Automation1.hpp:50:102:[m[K [01;31m[Kerror: [m[K‘[01m[KPosition Automation::position[m[K’ is private within this context
                   << "   \t" << position.ox << "  " << position.oy << "  " << position.oz << "  " << [01;31m[Kposition[m[K.ow
                                                                                                      [01;31m[K^~~~~~~~[m[K
In file included from [01m[K/home/team/SoftwareDevelopment/ROS2/skinny/src/logic/include/logic/Automation1.hpp:1:0[m[K,
                 from [01m[K/home/team/SoftwareDevelopment/ROS2/skinny/src/logic/src/logic_node.cpp:17[m[K:
[01m[K/home/team/SoftwareDevelopment/ROS2/skinny/src/logic/include/logic/Automation.hpp:10:14:[m[K [01;36m[Knote: [m[Kdeclared private here
     Position [01;36m[Kposition[m[K;
              [01;36m[K^~~~~~~~[m[K
In file included from [01m[K/home/team/SoftwareDevelopment/ROS2/skinny/src/logic/src/logic_node.cpp:17:0[m[K:
[01m[K/home/team/SoftwareDevelopment/ROS2/skinny/src/logic/include/logic/Automation1.hpp:52:33:[m[K [01;31m[Kerror: [m[K‘[01m[KPosition Automation::position[m[K’ is private within this context
                   << "   \t" << [01;31m[Kposition[m[K.arucoVisible << std::endl;
                                 [01;31m[K^~~~~~~~[m[K
In file included from [01m[K/home/team/SoftwareDevelopment/ROS2/skinny/src/logic/include/logic/Automation1.hpp:1:0[m[K,
                 from [01m[K/home/team/SoftwareDevelopment/ROS2/skinny/src/logic/src/logic_node.cpp:17[m[K:
[01m[K/home/team/SoftwareDevelopment/ROS2/skinny/src/logic/include/logic/Automation.hpp:10:14:[m[K [01;36m[Knote: [m[Kdeclared private here
     Position [01;36m[Kposition[m[K;
              [01;36m[K^~~~~~~~[m[K
[01m[K/home/team/SoftwareDevelopment/ROS2/skinny/src/logic/src/logic_node.cpp:[m[K At global scope:
[01m[K/home/team/SoftwareDevelopment/ROS2/skinny/src/logic/src/logic_node.cpp:33:40:[m[K [01;31m[Kerror: [m[Kuse of deleted function ‘[01m[KAutomation1::Automation1()[m[K’
 Automation* automation=new Automation1([01;31m[K)[m[K;
                                        [01;31m[K^[m[K
In file included from [01m[K/home/team/SoftwareDevelopment/ROS2/skinny/src/logic/src/logic_node.cpp:17:0[m[K:
[01m[K/home/team/SoftwareDevelopment/ROS2/skinny/src/logic/include/logic/Automation1.hpp:3:7:[m[K [01;36m[Knote: [m[K‘[01m[KAutomation1::Automation1()[m[K’ is implicitly deleted because the default definition would be ill-formed:
 class [01;36m[KAutomation1[m[K : public Automation{
       [01;36m[K^~~~~~~~~~~[m[K
[01m[K/home/team/SoftwareDevelopment/ROS2/skinny/src/logic/include/logic/Automation1.hpp:3:7:[m[K [01;31m[Kerror: [m[Kuse of deleted function ‘[01m[KAutomation::Automation()[m[K’
In file included from [01m[K/home/team/SoftwareDevelopment/ROS2/skinny/src/logic/include/logic/Automation1.hpp:1:0[m[K,
                 from [01m[K/home/team/SoftwareDevelopment/ROS2/skinny/src/logic/src/logic_node.cpp:17[m[K:
[01m[K/home/team/SoftwareDevelopment/ROS2/skinny/src/logic/include/logic/Automation.hpp:4:7:[m[K [01;36m[Knote: [m[K‘[01m[KAutomation::Automation()[m[K’ is implicitly deleted because the default definition would be ill-formed:
 class [01;36m[KAutomation[m[K{
       [01;36m[K^~~~~~~~~~[m[K
[01m[K/home/team/SoftwareDevelopment/ROS2/skinny/src/logic/include/logic/Automation.hpp:4:7:[m[K [01;31m[Kerror: [m[Kno matching function for call to ‘[01m[Krclcpp::Node::Node()[m[K’
In file included from [01m[K/opt/ros/eloquent/include/rclcpp/executors/single_threaded_executor.hpp:28:0[m[K,
                 from [01m[K/opt/ros/eloquent/include/rclcpp/executors.hpp:22[m[K,
                 from [01m[K/opt/ros/eloquent/include/rclcpp/rclcpp.hpp:145[m[K,
                 from [01m[K/home/team/SoftwareDevelopment/ROS2/skinny/src/logic/src/logic_node.cpp:4[m[K:
[01m[K/opt/ros/eloquent/include/rclcpp/node.hpp:1083:3:[m[K [01;36m[Knote: [m[Kcandidate: rclcpp::Node::Node(const rclcpp::Node&, const string&)
   [01;36m[KNode[m[K(
   [01;36m[K^~~~[m[K
[01m[K/opt/ros/eloquent/include/rclcpp/node.hpp:1083:3:[m[K [01;36m[Knote: [m[K  candidate expects 2 arguments, 0 provided
[01m[K/opt/ros/eloquent/include/rclcpp/node.hpp:96:12:[m[K [01;36m[Knote: [m[Kcandidate: rclcpp::Node::Node(const string&, const string&, const rclcpp::NodeOptions&)
   explicit [01;36m[KNode[m[K(
            [01;36m[K^~~~[m[K
[01m[K/opt/ros/eloquent/include/rclcpp/node.hpp:96:12:[m[K [01;36m[Knote: [m[K  candidate expects 3 arguments, 0 provided
[01m[K/opt/ros/eloquent/include/rclcpp/node.hpp:85:12:[m[K [01;36m[Knote: [m[Kcandidate: rclcpp::Node::Node(const string&, const rclcpp::NodeOptions&)
   explicit [01;36m[KNode[m[K(
            [01;36m[K^~~~[m[K
[01m[K/opt/ros/eloquent/include/rclcpp/node.hpp:85:12:[m[K [01;36m[Knote: [m[K  candidate expects 2 arguments, 0 provided
[01m[K/home/team/SoftwareDevelopment/ROS2/skinny/src/logic/src/logic_node.cpp:[m[K In function ‘[01m[Kint main(int, char**)[m[K’:
[01m[K/home/team/SoftwareDevelopment/ROS2/skinny/src/logic/src/logic_node.cpp:308:35:[m[K [01;31m[Kerror: [m[Kno matching function for call to ‘[01m[KAutomation::setNode(rclcpp::Node::SharedPtr&)[m[K’
     automation->setNode(nodeHandle[01;31m[K)[m[K;
                                   [01;31m[K^[m[K
In file included from [01m[K/home/team/SoftwareDevelopment/ROS2/skinny/src/logic/include/logic/Automation1.hpp:1:0[m[K,
                 from [01m[K/home/team/SoftwareDevelopment/ROS2/skinny/src/logic/src/logic_node.cpp:17[m[K:
[01m[K/home/team/SoftwareDevelopment/ROS2/skinny/src/logic/include/logic/Automation.hpp:17:5:[m[K [01;36m[Knote: [m[Kcandidate: int Automation::setNode(rclcpp::Node)
     [01;36m[KsetNode[m[K(rclcpp::Node node){
     [01;36m[K^~~~~~~[m[K
[01m[K/home/team/SoftwareDevelopment/ROS2/skinny/src/logic/include/logic/Automation.hpp:17:5:[m[K [01;36m[Knote: [m[K  no known conversion for argument 1 from ‘[01m[Krclcpp::Node::SharedPtr {aka std::shared_ptr<rclcpp::Node>}[m[K’ to ‘[01m[Krclcpp::Node[m[K’
make[2]: *** [CMakeFiles/logic_node.dir/src/logic_node.cpp.o] Error 1
CMakeFiles/logic_node.dir/build.make:62: recipe for target 'CMakeFiles/logic_node.dir/src/logic_node.cpp.o' failed
CMakeFiles/Makefile2:131: recipe for target 'CMakeFiles/logic_node.dir/all' failed
make[1]: *** [CMakeFiles/logic_node.dir/all] Error 2
Makefile:140: recipe for target 'all' failed
make: *** [all] Error 2
