[0.178s] Invoking command in '/home/team/SoftwareDevelopment/ROS2/skinny/build/messages': CMAKE_PREFIX_PATH=/opt/ros/eloquent /usr/bin/cmake --build /home/team/SoftwareDevelopment/ROS2/skinny/build/messages -- -j4 -l4
[0.543s] [  1%] Built target messages__cpp
[0.561s] [ 12%] Built target messages__rosidl_generator_c
[0.677s] [ 36%] Built target messages__rosidl_typesupport_introspection_c
[0.678s] [ 36%] Built target messages__rosidl_typesupport_introspection_cpp
[0.714s] [ 48%] Built target messages__rosidl_typesupport_fastrtps_cpp
[0.855s] [ 60%] Built target messages__rosidl_typesupport_cpp
[0.856s] [ 72%] Built target messages__rosidl_typesupport_fastrtps_c
[1.029s] [ 83%] Built target messages__rosidl_typesupport_c
[1.116s] [ 83%] Built target messages
[1.208s] [ 84%] Built target messages__py
[1.370s] [ 95%] Built target messages__python
[1.501s] [100%] Built target messages__rosidl_typesupport_fastrtps_c__pyext
[1.502s] [100%] Built target messages__rosidl_typesupport_c__pyext
[1.788s] Invoked command in '/home/team/SoftwareDevelopment/ROS2/skinny/build/messages' returned '0': CMAKE_PREFIX_PATH=/opt/ros/eloquent /usr/bin/cmake --build /home/team/SoftwareDevelopment/ROS2/skinny/build/messages -- -j4 -l4
[2.615s] Invoking command in '/home/team/SoftwareDevelopment/ROS2/skinny/build/messages': CMAKE_PREFIX_PATH=/opt/ros/eloquent /usr/bin/cmake --build /home/team/SoftwareDevelopment/ROS2/skinny/build/messages --target install -- -j4 -l4
[2.835s] [  1%] Built target messages__cpp
[2.845s] [ 12%] Built target messages__rosidl_generator_c
[2.948s] [ 24%] Built target messages__rosidl_typesupport_introspection_cpp
[2.961s] [ 36%] Built target messages__rosidl_typesupport_introspection_c
[2.985s] [ 48%] Built target messages__rosidl_typesupport_fastrtps_cpp
[3.116s] [ 72%] Built target messages__rosidl_typesupport_cpp
[3.117s] [ 72%] Built target messages__rosidl_typesupport_fastrtps_c
[3.240s] [ 83%] Built target messages__rosidl_typesupport_c
[3.324s] [ 83%] Built target messages
[3.413s] [ 84%] Built target messages__py
[3.558s] [ 95%] Built target messages__python
[3.687s] [ 97%] Built target messages__rosidl_typesupport_c__pyext
[3.690s] [100%] Built target messages__rosidl_typesupport_fastrtps_c__pyext
[3.777s] [36mInstall the project...[0m
[3.818s] -- Install configuration: ""
[3.820s] -- Up-to-date: /home/team/SoftwareDevelopment/ROS2/skinny/install/messages/share/ament_index/resource_index/rosidl_interfaces/messages
[3.821s] -- Up-to-date: /home/team/SoftwareDevelopment/ROS2/skinny/install/messages/include/messages
[3.822s] -- Up-to-date: /home/team/SoftwareDevelopment/ROS2/skinny/install/messages/include/messages/msg
[3.825s] -- Up-to-date: /home/team/SoftwareDevelopment/ROS2/skinny/install/messages/include/messages/msg/victor_out__traits.hpp
[3.826s] -- Up-to-date: /home/team/SoftwareDevelopment/ROS2/skinny/install/messages/include/messages/msg/power__traits.hpp
[3.827s] -- Up-to-date: /home/team/SoftwareDevelopment/ROS2/skinny/install/messages/include/messages/msg/hat_state__struct.hpp
[3.828s] -- Up-to-date: /home/team/SoftwareDevelopment/ROS2/skinny/install/messages/include/messages/msg/power.hpp
[3.829s] -- Up-to-date: /home/team/SoftwareDevelopment/ROS2/skinny/install/messages/include/messages/msg/key_state.hpp
[3.830s] -- Up-to-date: /home/team/SoftwareDevelopment/ROS2/skinny/install/messages/include/messages/msg/talon_out.hpp
[3.831s] -- Up-to-date: /home/team/SoftwareDevelopment/ROS2/skinny/install/messages/include/messages/msg/key_state__traits.hpp
[3.832s] -- Up-to-date: /home/team/SoftwareDevelopment/ROS2/skinny/install/messages/include/messages/msg/camera.hpp
[3.833s] -- Up-to-date: /home/team/SoftwareDevelopment/ROS2/skinny/install/messages/include/messages/msg/camera__struct.hpp
[3.834s] -- Up-to-date: /home/team/SoftwareDevelopment/ROS2/skinny/install/messages/include/messages/msg/button_state__traits.hpp
[3.835s] -- Up-to-date: /home/team/SoftwareDevelopment/ROS2/skinny/install/messages/include/messages/msg/victor_out.hpp
[3.836s] -- Up-to-date: /home/team/SoftwareDevelopment/ROS2/skinny/install/messages/include/messages/msg/talon_out__struct.hpp
[3.837s] -- Up-to-date: /home/team/SoftwareDevelopment/ROS2/skinny/install/messages/include/messages/msg/power__struct.hpp
[3.842s] -- Up-to-date: /home/team/SoftwareDevelopment/ROS2/skinny/install/messages/include/messages/msg/hat_state__traits.hpp
[3.843s] -- Up-to-date: /home/team/SoftwareDevelopment/ROS2/skinny/install/messages/include/messages/msg/camera__traits.hpp
[3.844s] -- Up-to-date: /home/team/SoftwareDevelopment/ROS2/skinny/install/messages/include/messages/msg/talon_out__traits.hpp
[3.846s] -- Up-to-date: /home/team/SoftwareDevelopment/ROS2/skinny/install/messages/include/messages/msg/hat_state.hpp
[3.846s] -- Up-to-date: /home/team/SoftwareDevelopment/ROS2/skinny/install/messages/include/messages/msg/axis_state.hpp
[3.847s] -- Up-to-date: /home/team/SoftwareDevelopment/ROS2/skinny/install/messages/include/messages/msg/axis_state__traits.hpp
[3.847s] -- Up-to-date: /home/team/SoftwareDevelopment/ROS2/skinny/install/messages/include/messages/msg/axis_state__struct.hpp
[3.848s] -- Up-to-date: /home/team/SoftwareDevelopment/ROS2/skinny/install/messages/include/messages/msg/joystick_command__traits.hpp
[3.849s] -- Up-to-date: /home/team/SoftwareDevelopment/ROS2/skinny/install/messages/include/messages/msg/button_state__struct.hpp
[3.850s] -- Up-to-date: /home/team/SoftwareDevelopment/ROS2/skinny/install/messages/include/messages/msg/joystick_command.hpp
[3.852s] -- Up-to-date: /home/team/SoftwareDevelopment/ROS2/skinny/install/messages/include/messages/msg/joystick_command__struct.hpp
[3.853s] -- Up-to-date: /home/team/SoftwareDevelopment/ROS2/skinny/install/messages/include/messages/msg/button_state.hpp
[3.853s] -- Up-to-date: /home/team/SoftwareDevelopment/ROS2/skinny/install/messages/include/messages/msg/key_state__struct.hpp
[3.854s] -- Up-to-date: /home/team/SoftwareDevelopment/ROS2/skinny/install/messages/include/messages/msg/victor_out__struct.hpp
[3.855s] -- Up-to-date: /home/team/SoftwareDevelopment/ROS2/skinny/install/messages/include/messages
[3.857s] -- Up-to-date: /home/team/SoftwareDevelopment/ROS2/skinny/install/messages/include/messages/msg
[3.860s] -- Up-to-date: /home/team/SoftwareDevelopment/ROS2/skinny/install/messages/include/messages/msg/camera.h
[3.861s] -- Up-to-date: /home/team/SoftwareDevelopment/ROS2/skinny/install/messages/include/messages/msg/talon_out.h
[3.862s] -- Up-to-date: /home/team/SoftwareDevelopment/ROS2/skinny/install/messages/include/messages/msg/key_state__struct.h
[3.864s] -- Up-to-date: /home/team/SoftwareDevelopment/ROS2/skinny/install/messages/include/messages/msg/joystick_command.h
[3.864s] -- Up-to-date: /home/team/SoftwareDevelopment/ROS2/skinny/install/messages/include/messages/msg/hat_state__struct.h
[3.865s] -- Up-to-date: /home/team/SoftwareDevelopment/ROS2/skinny/install/messages/include/messages/msg/hat_state.h
[3.866s] -- Up-to-date: /home/team/SoftwareDevelopment/ROS2/skinny/install/messages/include/messages/msg/key_state.h
[3.866s] -- Up-to-date: /home/team/SoftwareDevelopment/ROS2/skinny/install/messages/include/messages/msg/button_state__type_support.h
[3.867s] -- Up-to-date: /home/team/SoftwareDevelopment/ROS2/skinny/install/messages/include/messages/msg/victor_out.h
[3.868s] -- Up-to-date: /home/team/SoftwareDevelopment/ROS2/skinny/install/messages/include/messages/msg/key_state__type_support.h
[3.869s] -- Up-to-date: /home/team/SoftwareDevelopment/ROS2/skinny/install/messages/include/messages/msg/talon_out__type_support.h
[3.870s] -- Up-to-date: /home/team/SoftwareDevelopment/ROS2/skinny/install/messages/include/messages/msg/power__struct.h
[3.870s] -- Up-to-date: /home/team/SoftwareDevelopment/ROS2/skinny/install/messages/include/messages/msg/rosidl_generator_c__visibility_control.h
[3.871s] -- Up-to-date: /home/team/SoftwareDevelopment/ROS2/skinny/install/messages/include/messages/msg/talon_out__struct.h
[3.873s] -- Up-to-date: /home/team/SoftwareDevelopment/ROS2/skinny/install/messages/include/messages/msg/talon_out__functions.c
[3.873s] -- Up-to-date: /home/team/SoftwareDevelopment/ROS2/skinny/install/messages/include/messages/msg/power__type_support.h
[3.874s] -- Up-to-date: /home/team/SoftwareDevelopment/ROS2/skinny/install/messages/include/messages/msg/hat_state__functions.h
[3.876s] -- Up-to-date: /home/team/SoftwareDevelopment/ROS2/skinny/install/messages/include/messages/msg/power__functions.c
[3.877s] -- Up-to-date: /home/team/SoftwareDevelopment/ROS2/skinny/install/messages/include/messages/msg/key_state__functions.c
[3.880s] -- Up-to-date: /home/team/SoftwareDevelopment/ROS2/skinny/install/messages/include/messages/msg/button_state__struct.h
[3.881s] -- Up-to-date: /home/team/SoftwareDevelopment/ROS2/skinny/install/messages/include/messages/msg/camera__functions.h
[3.882s] -- Up-to-date: /home/team/SoftwareDevelopment/ROS2/skinny/install/messages/include/messages/msg/victor_out__functions.h
[3.883s] -- Up-to-date: /home/team/SoftwareDevelopment/ROS2/skinny/install/messages/include/messages/msg/power__functions.h
[3.884s] -- Up-to-date: /home/team/SoftwareDevelopment/ROS2/skinny/install/messages/include/messages/msg/key_state__functions.h
[3.884s] -- Up-to-date: /home/team/SoftwareDevelopment/ROS2/skinny/install/messages/include/messages/msg/camera__struct.h
[3.885s] -- Up-to-date: /home/team/SoftwareDevelopment/ROS2/skinny/install/messages/include/messages/msg/camera__type_support.h
[3.888s] -- Up-to-date: /home/team/SoftwareDevelopment/ROS2/skinny/install/messages/include/messages/msg/axis_state__struct.h
[3.889s] -- Up-to-date: /home/team/SoftwareDevelopment/ROS2/skinny/install/messages/include/messages/msg/camera__functions.c
[3.892s] -- Up-to-date: /home/team/SoftwareDevelopment/ROS2/skinny/install/messages/include/messages/msg/victor_out__functions.c
[3.895s] -- Up-to-date: /home/team/SoftwareDevelopment/ROS2/skinny/install/messages/include/messages/msg/joystick_command__functions.c
[3.895s] -- Up-to-date: /home/team/SoftwareDevelopment/ROS2/skinny/install/messages/include/messages/msg/axis_state__functions.h
[3.896s] -- Up-to-date: /home/team/SoftwareDevelopment/ROS2/skinny/install/messages/include/messages/msg/hat_state__type_support.h
[3.897s] -- Up-to-date: /home/team/SoftwareDevelopment/ROS2/skinny/install/messages/include/messages/msg/victor_out__type_support.h
[3.897s] -- Up-to-date: /home/team/SoftwareDevelopment/ROS2/skinny/install/messages/include/messages/msg/talon_out__functions.h
[3.898s] -- Up-to-date: /home/team/SoftwareDevelopment/ROS2/skinny/install/messages/include/messages/msg/button_state.h
[3.898s] -- Up-to-date: /home/team/SoftwareDevelopment/ROS2/skinny/install/messages/include/messages/msg/axis_state__type_support.h
[3.900s] -- Up-to-date: /home/team/SoftwareDevelopment/ROS2/skinny/install/messages/include/messages/msg/hat_state__functions.c
[3.900s] -- Up-to-date: /home/team/SoftwareDevelopment/ROS2/skinny/install/messages/include/messages/msg/victor_out__struct.h
[3.901s] -- Up-to-date: /home/team/SoftwareDevelopment/ROS2/skinny/install/messages/include/messages/msg/joystick_command__struct.h
[3.902s] -- Up-to-date: /home/team/SoftwareDevelopment/ROS2/skinny/install/messages/include/messages/msg/button_state__functions.h
[3.902s] -- Up-to-date: /home/team/SoftwareDevelopment/ROS2/skinny/install/messages/include/messages/msg/joystick_command__type_support.h
[3.903s] -- Up-to-date: /home/team/SoftwareDevelopment/ROS2/skinny/install/messages/include/messages/msg/button_state__functions.c
[3.903s] -- Up-to-date: /home/team/SoftwareDevelopment/ROS2/skinny/install/messages/include/messages/msg/axis_state__functions.c
[3.904s] -- Up-to-date: /home/team/SoftwareDevelopment/ROS2/skinny/install/messages/include/messages/msg/axis_state.h
[3.905s] -- Up-to-date: /home/team/SoftwareDevelopment/ROS2/skinny/install/messages/include/messages/msg/joystick_command__functions.h
[3.905s] -- Up-to-date: /home/team/SoftwareDevelopment/ROS2/skinny/install/messages/include/messages/msg/power.h
[3.906s] -- Up-to-date: /home/team/SoftwareDevelopment/ROS2/skinny/install/messages/share/messages/environment/library_path.sh
[3.906s] -- Up-to-date: /home/team/SoftwareDevelopment/ROS2/skinny/install/messages/share/messages/environment/library_path.dsv
[3.907s] -- Up-to-date: /home/team/SoftwareDevelopment/ROS2/skinny/install/messages/lib/libmessages__rosidl_generator_c.so
[3.910s] -- Up-to-date: /home/team/SoftwareDevelopment/ROS2/skinny/install/messages/lib/libmessages__rosidl_typesupport_c.so
[3.913s] -- Up-to-date: /home/team/SoftwareDevelopment/ROS2/skinny/install/messages/lib/libmessages__rosidl_typesupport_cpp.so
[3.915s] -- Up-to-date: /home/team/SoftwareDevelopment/ROS2/skinny/install/messages/include/messages
[3.916s] -- Up-to-date: /home/team/SoftwareDevelopment/ROS2/skinny/install/messages/include/messages/msg
[3.917s] -- Up-to-date: /home/team/SoftwareDevelopment/ROS2/skinny/install/messages/include/messages/msg/key_state__type_support.c
[3.923s] -- Up-to-date: /home/team/SoftwareDevelopment/ROS2/skinny/install/messages/include/messages/msg/victor_out__rosidl_typesupport_introspection_c.h
[3.925s] -- Up-to-date: /home/team/SoftwareDevelopment/ROS2/skinny/install/messages/include/messages/msg/power__type_support.c
[3.926s] -- Up-to-date: /home/team/SoftwareDevelopment/ROS2/skinny/install/messages/include/messages/msg/power__rosidl_typesupport_introspection_c.h
[3.926s] -- Up-to-date: /home/team/SoftwareDevelopment/ROS2/skinny/install/messages/include/messages/msg/axis_state__type_support.c
[3.928s] -- Up-to-date: /home/team/SoftwareDevelopment/ROS2/skinny/install/messages/include/messages/msg/button_state__rosidl_typesupport_introspection_c.h
[3.929s] -- Up-to-date: /home/team/SoftwareDevelopment/ROS2/skinny/install/messages/include/messages/msg/talon_out__type_support.c
[3.930s] -- Up-to-date: /home/team/SoftwareDevelopment/ROS2/skinny/install/messages/include/messages/msg/button_state__type_support.c
[3.931s] -- Up-to-date: /home/team/SoftwareDevelopment/ROS2/skinny/install/messages/include/messages/msg/victor_out__type_support.c
[3.932s] -- Up-to-date: /home/team/SoftwareDevelopment/ROS2/skinny/install/messages/include/messages/msg/camera__rosidl_typesupport_introspection_c.h
[3.933s] -- Up-to-date: /home/team/SoftwareDevelopment/ROS2/skinny/install/messages/include/messages/msg/talon_out__rosidl_typesupport_introspection_c.h
[3.940s] -- Up-to-date: /home/team/SoftwareDevelopment/ROS2/skinny/install/messages/include/messages/msg/hat_state__rosidl_typesupport_introspection_c.h
[3.941s] -- Up-to-date: /home/team/SoftwareDevelopment/ROS2/skinny/install/messages/include/messages/msg/camera__type_support.c
[3.941s] -- Up-to-date: /home/team/SoftwareDevelopment/ROS2/skinny/install/messages/include/messages/msg/rosidl_typesupport_introspection_c__visibility_control.h
[3.942s] -- Up-to-date: /home/team/SoftwareDevelopment/ROS2/skinny/install/messages/include/messages/msg/key_state__rosidl_typesupport_introspection_c.h
[3.942s] -- Up-to-date: /home/team/SoftwareDevelopment/ROS2/skinny/install/messages/include/messages/msg/joystick_command__rosidl_typesupport_introspection_c.h
[3.947s] -- Up-to-date: /home/team/SoftwareDevelopment/ROS2/skinny/install/messages/include/messages/msg/joystick_command__type_support.c
[3.948s] -- Up-to-date: /home/team/SoftwareDevelopment/ROS2/skinny/install/messages/include/messages/msg/axis_state__rosidl_typesupport_introspection_c.h
[3.949s] -- Up-to-date: /home/team/SoftwareDevelopment/ROS2/skinny/install/messages/include/messages/msg/hat_state__type_support.c
[3.950s] -- Up-to-date: /home/team/SoftwareDevelopment/ROS2/skinny/install/messages/lib/libmessages__rosidl_typesupport_introspection_c.so
[3.953s] -- Up-to-date: /home/team/SoftwareDevelopment/ROS2/skinny/install/messages/include/messages
[3.954s] -- Up-to-date: /home/team/SoftwareDevelopment/ROS2/skinny/install/messages/include/messages/msg
[3.955s] -- Up-to-date: /home/team/SoftwareDevelopment/ROS2/skinny/install/messages/include/messages/msg/talon_out__type_support.cpp
[3.957s] -- Up-to-date: /home/team/SoftwareDevelopment/ROS2/skinny/install/messages/include/messages/msg/joystick_command__type_support.cpp
[3.961s] -- Up-to-date: /home/team/SoftwareDevelopment/ROS2/skinny/install/messages/include/messages/msg/power__rosidl_typesupport_introspection_cpp.hpp
[3.962s] -- Up-to-date: /home/team/SoftwareDevelopment/ROS2/skinny/install/messages/include/messages/msg/victor_out__rosidl_typesupport_introspection_cpp.hpp
[3.963s] -- Up-to-date: /home/team/SoftwareDevelopment/ROS2/skinny/install/messages/include/messages/msg/axis_state__rosidl_typesupport_introspection_cpp.hpp
[3.964s] -- Up-to-date: /home/team/SoftwareDevelopment/ROS2/skinny/install/messages/include/messages/msg/camera__type_support.cpp
[3.965s] -- Up-to-date: /home/team/SoftwareDevelopment/ROS2/skinny/install/messages/include/messages/msg/hat_state__rosidl_typesupport_introspection_cpp.hpp
[3.970s] -- Up-to-date: /home/team/SoftwareDevelopment/ROS2/skinny/install/messages/include/messages/msg/button_state__rosidl_typesupport_introspection_cpp.hpp
[3.971s] -- Up-to-date: /home/team/SoftwareDevelopment/ROS2/skinny/install/messages/include/messages/msg/button_state__type_support.cpp
[3.972s] -- Up-to-date: /home/team/SoftwareDevelopment/ROS2/skinny/install/messages/include/messages/msg/axis_state__type_support.cpp
[3.973s] -- Up-to-date: /home/team/SoftwareDevelopment/ROS2/skinny/install/messages/include/messages/msg/victor_out__type_support.cpp
[3.974s] -- Up-to-date: /home/team/SoftwareDevelopment/ROS2/skinny/install/messages/include/messages/msg/talon_out__rosidl_typesupport_introspection_cpp.hpp
[3.978s] -- Up-to-date: /home/team/SoftwareDevelopment/ROS2/skinny/install/messages/include/messages/msg/key_state__type_support.cpp
[3.978s] -- Up-to-date: /home/team/SoftwareDevelopment/ROS2/skinny/install/messages/include/messages/msg/hat_state__type_support.cpp
[3.979s] -- Up-to-date: /home/team/SoftwareDevelopment/ROS2/skinny/install/messages/include/messages/msg/power__type_support.cpp
[3.980s] -- Up-to-date: /home/team/SoftwareDevelopment/ROS2/skinny/install/messages/include/messages/msg/key_state__rosidl_typesupport_introspection_cpp.hpp
[3.981s] -- Up-to-date: /home/team/SoftwareDevelopment/ROS2/skinny/install/messages/include/messages/msg/joystick_command__rosidl_typesupport_introspection_cpp.hpp
[3.983s] -- Up-to-date: /home/team/SoftwareDevelopment/ROS2/skinny/install/messages/include/messages/msg/camera__rosidl_typesupport_introspection_cpp.hpp
[3.983s] -- Up-to-date: /home/team/SoftwareDevelopment/ROS2/skinny/install/messages/lib/libmessages__rosidl_typesupport_introspection_cpp.so
[3.984s] -- Up-to-date: /home/team/SoftwareDevelopment/ROS2/skinny/install/messages/include/messages
[3.984s] -- Up-to-date: /home/team/SoftwareDevelopment/ROS2/skinny/install/messages/include/messages/msg
[3.985s] -- Up-to-date: /home/team/SoftwareDevelopment/ROS2/skinny/install/messages/include/messages/msg/talon_out__rosidl_typesupport_fastrtps_c.h
[3.985s] -- Up-to-date: /home/team/SoftwareDevelopment/ROS2/skinny/install/messages/include/messages/msg/hat_state__rosidl_typesupport_fastrtps_c.h
[3.986s] -- Up-to-date: /home/team/SoftwareDevelopment/ROS2/skinny/install/messages/include/messages/msg/joystick_command__rosidl_typesupport_fastrtps_c.h
[3.986s] -- Up-to-date: /home/team/SoftwareDevelopment/ROS2/skinny/install/messages/include/messages/msg/camera__rosidl_typesupport_fastrtps_c.h
[3.987s] -- Up-to-date: /home/team/SoftwareDevelopment/ROS2/skinny/install/messages/include/messages/msg/button_state__rosidl_typesupport_fastrtps_c.h
[3.987s] -- Up-to-date: /home/team/SoftwareDevelopment/ROS2/skinny/install/messages/include/messages/msg/rosidl_typesupport_fastrtps_c__visibility_control.h
[3.988s] -- Up-to-date: /home/team/SoftwareDevelopment/ROS2/skinny/install/messages/include/messages/msg/victor_out__rosidl_typesupport_fastrtps_c.h
[3.988s] -- Up-to-date: /home/team/SoftwareDevelopment/ROS2/skinny/install/messages/include/messages/msg/power__rosidl_typesupport_fastrtps_c.h
[3.989s] -- Up-to-date: /home/team/SoftwareDevelopment/ROS2/skinny/install/messages/include/messages/msg/axis_state__rosidl_typesupport_fastrtps_c.h
[3.989s] -- Up-to-date: /home/team/SoftwareDevelopment/ROS2/skinny/install/messages/include/messages/msg/key_state__rosidl_typesupport_fastrtps_c.h
[3.989s] -- Up-to-date: /home/team/SoftwareDevelopment/ROS2/skinny/install/messages/lib/libmessages__rosidl_typesupport_fastrtps_c.so
[3.990s] -- Up-to-date: /home/team/SoftwareDevelopment/ROS2/skinny/install/messages/include/messages
[3.990s] -- Up-to-date: /home/team/SoftwareDevelopment/ROS2/skinny/install/messages/include/messages/msg
[3.991s] -- Up-to-date: /home/team/SoftwareDevelopment/ROS2/skinny/install/messages/include/messages/msg/power__rosidl_typesupport_fastrtps_cpp.hpp
[3.991s] -- Up-to-date: /home/team/SoftwareDevelopment/ROS2/skinny/install/messages/include/messages/msg/hat_state__rosidl_typesupport_fastrtps_cpp.hpp
[3.992s] -- Up-to-date: /home/team/SoftwareDevelopment/ROS2/skinny/install/messages/include/messages/msg/button_state__rosidl_typesupport_fastrtps_cpp.hpp
[3.992s] -- Up-to-date: /home/team/SoftwareDevelopment/ROS2/skinny/install/messages/include/messages/msg/axis_state__rosidl_typesupport_fastrtps_cpp.hpp
[3.993s] -- Up-to-date: /home/team/SoftwareDevelopment/ROS2/skinny/install/messages/include/messages/msg/camera__rosidl_typesupport_fastrtps_cpp.hpp
[3.993s] -- Up-to-date: /home/team/SoftwareDevelopment/ROS2/skinny/install/messages/include/messages/msg/talon_out__rosidl_typesupport_fastrtps_cpp.hpp
[3.994s] -- Up-to-date: /home/team/SoftwareDevelopment/ROS2/skinny/install/messages/include/messages/msg/rosidl_typesupport_fastrtps_cpp__visibility_control.h
[3.994s] -- Up-to-date: /home/team/SoftwareDevelopment/ROS2/skinny/install/messages/include/messages/msg/joystick_command__rosidl_typesupport_fastrtps_cpp.hpp
[3.995s] -- Up-to-date: /home/team/SoftwareDevelopment/ROS2/skinny/install/messages/include/messages/msg/dds_fastrtps
[3.995s] -- Up-to-date: /home/team/SoftwareDevelopment/ROS2/skinny/install/messages/include/messages/msg/key_state__rosidl_typesupport_fastrtps_cpp.hpp
[3.996s] -- Up-to-date: /home/team/SoftwareDevelopment/ROS2/skinny/install/messages/include/messages/msg/victor_out__rosidl_typesupport_fastrtps_cpp.hpp
[3.996s] -- Up-to-date: /home/team/SoftwareDevelopment/ROS2/skinny/install/messages/lib/libmessages__rosidl_typesupport_fastrtps_cpp.so
[3.997s] -- Up-to-date: /home/team/SoftwareDevelopment/ROS2/skinny/install/messages/share/messages/environment/pythonpath.sh
[3.997s] -- Up-to-date: /home/team/SoftwareDevelopment/ROS2/skinny/install/messages/share/messages/environment/pythonpath.dsv
[3.998s] -- Up-to-date: /home/team/SoftwareDevelopment/ROS2/skinny/install/messages/lib/python3.6/site-packages/messages/__init__.py
[4.059s] -- Up-to-date: /home/team/SoftwareDevelopment/ROS2/skinny/install/messages/lib/python3.6/site-packages/messages/msg
[4.061s] -- Up-to-date: /home/team/SoftwareDevelopment/ROS2/skinny/install/messages/lib/python3.6/site-packages/messages/msg/_hat_state.py
[4.062s] -- Up-to-date: /home/team/SoftwareDevelopment/ROS2/skinny/install/messages/lib/python3.6/site-packages/messages/msg/_power_s.c
[4.062s] -- Up-to-date: /home/team/SoftwareDevelopment/ROS2/skinny/install/messages/lib/python3.6/site-packages/messages/msg/_camera_s.c
[4.063s] -- Up-to-date: /home/team/SoftwareDevelopment/ROS2/skinny/install/messages/lib/python3.6/site-packages/messages/msg/__init__.py
[4.064s] -- Up-to-date: /home/team/SoftwareDevelopment/ROS2/skinny/install/messages/lib/python3.6/site-packages/messages/msg/_camera.py
[4.064s] -- Up-to-date: /home/team/SoftwareDevelopment/ROS2/skinny/install/messages/lib/python3.6/site-packages/messages/msg/_power.py
[4.065s] -- Up-to-date: /home/team/SoftwareDevelopment/ROS2/skinny/install/messages/lib/python3.6/site-packages/messages/msg/_hat_state_s.c
[4.065s] -- Up-to-date: /home/team/SoftwareDevelopment/ROS2/skinny/install/messages/lib/python3.6/site-packages/messages/msg/_talon_out.py
[4.066s] -- Up-to-date: /home/team/SoftwareDevelopment/ROS2/skinny/install/messages/lib/python3.6/site-packages/messages/msg/_victor_out_s.c
[4.066s] -- Up-to-date: /home/team/SoftwareDevelopment/ROS2/skinny/install/messages/lib/python3.6/site-packages/messages/msg/_joystick_command_s.c
[4.067s] -- Up-to-date: /home/team/SoftwareDevelopment/ROS2/skinny/install/messages/lib/python3.6/site-packages/messages/msg/_axis_state.py
[4.067s] -- Up-to-date: /home/team/SoftwareDevelopment/ROS2/skinny/install/messages/lib/python3.6/site-packages/messages/msg/_axis_state_s.c
[4.068s] -- Up-to-date: /home/team/SoftwareDevelopment/ROS2/skinny/install/messages/lib/python3.6/site-packages/messages/msg/_button_state.py
[4.069s] -- Up-to-date: /home/team/SoftwareDevelopment/ROS2/skinny/install/messages/lib/python3.6/site-packages/messages/msg/_victor_out.py
[4.069s] -- Up-to-date: /home/team/SoftwareDevelopment/ROS2/skinny/install/messages/lib/python3.6/site-packages/messages/msg/_key_state_s.c
[4.070s] -- Up-to-date: /home/team/SoftwareDevelopment/ROS2/skinny/install/messages/lib/python3.6/site-packages/messages/msg/_key_state.py
[4.071s] -- Up-to-date: /home/team/SoftwareDevelopment/ROS2/skinny/install/messages/lib/python3.6/site-packages/messages/msg/_talon_out_s.c
[4.072s] -- Up-to-date: /home/team/SoftwareDevelopment/ROS2/skinny/install/messages/lib/python3.6/site-packages/messages/msg/_button_state_s.c
[4.074s] -- Up-to-date: /home/team/SoftwareDevelopment/ROS2/skinny/install/messages/lib/python3.6/site-packages/messages/msg/_joystick_command.py
[4.075s] -- Up-to-date: /home/team/SoftwareDevelopment/ROS2/skinny/install/messages/lib/python3.6/site-packages/messages/messages_s__rosidl_typesupport_c.cpython-36m-aarch64-linux-gnu.so
[4.076s] -- Up-to-date: /home/team/SoftwareDevelopment/ROS2/skinny/install/messages/lib/python3.6/site-packages/messages/messages_s__rosidl_typesupport_fastrtps_c.cpython-36m-aarch64-linux-gnu.so
[4.077s] -- Up-to-date: /home/team/SoftwareDevelopment/ROS2/skinny/install/messages/lib/libmessages__python.so
[4.078s] -- Up-to-date: /home/team/SoftwareDevelopment/ROS2/skinny/install/messages/share/messages/msg/AxisState.idl
[4.079s] -- Up-to-date: /home/team/SoftwareDevelopment/ROS2/skinny/install/messages/share/messages/msg/Camera.idl
[4.080s] -- Up-to-date: /home/team/SoftwareDevelopment/ROS2/skinny/install/messages/share/messages/msg/JoystickCommand.idl
[4.081s] -- Up-to-date: /home/team/SoftwareDevelopment/ROS2/skinny/install/messages/share/messages/msg/Power.idl
[4.082s] -- Up-to-date: /home/team/SoftwareDevelopment/ROS2/skinny/install/messages/share/messages/msg/VictorOut.idl
[4.083s] -- Up-to-date: /home/team/SoftwareDevelopment/ROS2/skinny/install/messages/share/messages/msg/ButtonState.idl
[4.084s] -- Up-to-date: /home/team/SoftwareDevelopment/ROS2/skinny/install/messages/share/messages/msg/HatState.idl
[4.084s] -- Up-to-date: /home/team/SoftwareDevelopment/ROS2/skinny/install/messages/share/messages/msg/KeyState.idl
[4.085s] -- Up-to-date: /home/team/SoftwareDevelopment/ROS2/skinny/install/messages/share/messages/msg/TalonOut.idl
[4.086s] -- Up-to-date: /home/team/SoftwareDevelopment/ROS2/skinny/install/messages/share/messages/msg/AxisState.msg
[4.086s] -- Up-to-date: /home/team/SoftwareDevelopment/ROS2/skinny/install/messages/share/messages/msg/Camera.msg
[4.087s] -- Up-to-date: /home/team/SoftwareDevelopment/ROS2/skinny/install/messages/share/messages/msg/JoystickCommand.msg
[4.088s] -- Up-to-date: /home/team/SoftwareDevelopment/ROS2/skinny/install/messages/share/messages/msg/Power.msg
[4.088s] -- Up-to-date: /home/team/SoftwareDevelopment/ROS2/skinny/install/messages/share/messages/msg/VictorOut.msg
[4.090s] -- Up-to-date: /home/team/SoftwareDevelopment/ROS2/skinny/install/messages/share/messages/msg/ButtonState.msg
[4.090s] -- Up-to-date: /home/team/SoftwareDevelopment/ROS2/skinny/install/messages/share/messages/msg/HatState.msg
[4.091s] -- Up-to-date: /home/team/SoftwareDevelopment/ROS2/skinny/install/messages/share/messages/msg/KeyState.msg
[4.091s] -- Up-to-date: /home/team/SoftwareDevelopment/ROS2/skinny/install/messages/share/messages/msg/TalonOut.msg
[4.092s] -- Up-to-date: /home/team/SoftwareDevelopment/ROS2/skinny/install/messages/share/ament_index/resource_index/package_run_dependencies/messages
[4.093s] -- Up-to-date: /home/team/SoftwareDevelopment/ROS2/skinny/install/messages/share/ament_index/resource_index/parent_prefix_path/messages
[4.093s] -- Up-to-date: /home/team/SoftwareDevelopment/ROS2/skinny/install/messages/share/messages/environment/ament_prefix_path.sh
[4.094s] -- Up-to-date: /home/team/SoftwareDevelopment/ROS2/skinny/install/messages/share/messages/environment/ament_prefix_path.dsv
[4.095s] -- Up-to-date: /home/team/SoftwareDevelopment/ROS2/skinny/install/messages/share/messages/environment/path.sh
[4.096s] -- Up-to-date: /home/team/SoftwareDevelopment/ROS2/skinny/install/messages/share/messages/environment/path.dsv
[4.096s] -- Up-to-date: /home/team/SoftwareDevelopment/ROS2/skinny/install/messages/share/messages/local_setup.bash
[4.097s] -- Up-to-date: /home/team/SoftwareDevelopment/ROS2/skinny/install/messages/share/messages/local_setup.sh
[4.098s] -- Up-to-date: /home/team/SoftwareDevelopment/ROS2/skinny/install/messages/share/messages/local_setup.zsh
[4.098s] -- Up-to-date: /home/team/SoftwareDevelopment/ROS2/skinny/install/messages/share/messages/local_setup.dsv
[4.099s] -- Installing: /home/team/SoftwareDevelopment/ROS2/skinny/install/messages/share/messages/package.dsv
[4.100s] -- Up-to-date: /home/team/SoftwareDevelopment/ROS2/skinny/install/messages/share/ament_index/resource_index/packages/messages
[4.101s] -- Up-to-date: /home/team/SoftwareDevelopment/ROS2/skinny/install/messages/share/messages/cmake/rosidl_cmake-extras.cmake
[4.108s] -- Up-to-date: /home/team/SoftwareDevelopment/ROS2/skinny/install/messages/share/messages/cmake/ament_cmake_export_dependencies-extras.cmake
[4.111s] -- Up-to-date: /home/team/SoftwareDevelopment/ROS2/skinny/install/messages/share/messages/cmake/ament_cmake_export_include_directories-extras.cmake
[4.111s] -- Up-to-date: /home/team/SoftwareDevelopment/ROS2/skinny/install/messages/share/messages/cmake/ament_cmake_export_libraries-extras.cmake
[4.112s] -- Up-to-date: /home/team/SoftwareDevelopment/ROS2/skinny/install/messages/share/messages/cmake/messagesConfig.cmake
[4.113s] -- Up-to-date: /home/team/SoftwareDevelopment/ROS2/skinny/install/messages/share/messages/cmake/messagesConfig-version.cmake
[4.113s] -- Up-to-date: /home/team/SoftwareDevelopment/ROS2/skinny/install/messages/share/messages/package.xml
[4.115s] Invoked command in '/home/team/SoftwareDevelopment/ROS2/skinny/build/messages' returned '0': CMAKE_PREFIX_PATH=/opt/ros/eloquent /usr/bin/cmake --build /home/team/SoftwareDevelopment/ROS2/skinny/build/messages --target install -- -j4 -l4
